000 (62949.000.000) 07/12 19:13:11 Job submitted from host: <155.230.20.251:9618?addrs=155.230.20.251-9618&noUDP&sock=3762_ff60_3>
...
001 (62949.000.000) 07/12 19:13:31 Job executing on host: <155.230.21.38:9618?addrs=155.230.21.38-9618+[2407-c000-c024-0-226-18ff-fe94-3c0b]-9618&noUDP&sock=1300_4535_3>
...
006 (62949.000.000) 07/12 19:13:32 Image size of job updated: 162552
	1  -  MemoryUsage of job (MB)
	492  -  ResidentSetSize of job (KB)
...
004 (62949.000.000) 07/12 19:13:32 Job was evicted.
	(0) Job was not checkpointed.
		Usr 0 00:00:00, Sys 0 00:00:00  -  Run Remote Usage
		Usr 0 00:00:00, Sys 0 00:00:00  -  Run Local Usage
	0  -  Run Bytes Sent By Job
	10491  -  Run Bytes Received By Job
	Partitionable Resources :    Usage  Request Allocated 
	   Cpus                 :        0        1         1 
	   Disk (KB)            :       28  2048000   3811337 
	   Memory (MB)          :        1     2000      2000 
...
009 (62949.000.000) 07/12 19:13:32 Job was aborted by the user.
	via condor_rm (by user choij)
...
000 (62987.000.000) 07/12 19:14:05 Job submitted from host: <155.230.20.251:9618?addrs=155.230.20.251-9618&noUDP&sock=3762_ff60_3>
...
001 (62987.000.000) 07/12 19:14:20 Job executing on host: <155.230.21.93:9618?addrs=155.230.21.93-9618+[2407-c000-c024-0-f66d-4ff-fe50-ce46]-9618&noUDP&sock=1541_9388_3>
...
006 (62987.000.000) 07/12 19:14:29 Image size of job updated: 298260
	218  -  MemoryUsage of job (MB)
	222648  -  ResidentSetSize of job (KB)
...
006 (62987.000.000) 07/12 19:19:30 Image size of job updated: 904356
	244  -  MemoryUsage of job (MB)
	249296  -  ResidentSetSize of job (KB)
...
006 (62987.000.000) 07/12 19:24:31 Image size of job updated: 904356
	247  -  MemoryUsage of job (MB)
	252576  -  ResidentSetSize of job (KB)
...
006 (62987.000.000) 07/12 19:29:31 Image size of job updated: 904356
	247  -  MemoryUsage of job (MB)
	252716  -  ResidentSetSize of job (KB)
...
006 (62987.000.000) 07/12 19:34:31 Image size of job updated: 904356
	248  -  MemoryUsage of job (MB)
	252936  -  ResidentSetSize of job (KB)
...
006 (62987.000.000) 07/12 19:39:28 Image size of job updated: 920092
	248  -  MemoryUsage of job (MB)
	252936  -  ResidentSetSize of job (KB)
...
005 (62987.000.000) 07/12 19:39:28 Job terminated.
	(1) Normal termination (return value 0)
		Usr 0 00:00:52, Sys 0 00:00:01  -  Run Remote Usage
		Usr 0 00:00:00, Sys 0 00:00:00  -  Run Local Usage
		Usr 0 00:00:52, Sys 0 00:00:01  -  Total Remote Usage
		Usr 0 00:00:00, Sys 0 00:00:00  -  Total Local Usage
	784  -  Run Bytes Sent By Job
	10485  -  Run Bytes Received By Job
	784  -  Total Bytes Sent By Job
	10485  -  Total Bytes Received By Job
	Partitionable Resources :    Usage  Request Allocated 
	   Cpus                 :     0.03        1         1 
	   Disk (KB)            :    29     2048000   3791504 
	   Memory (MB)          :   248        2000      2000 
...
