000 (62946.000.000) 07/12 19:13:09 Job submitted from host: <155.230.20.251:9618?addrs=155.230.20.251-9618&noUDP&sock=3762_ff60_3>
...
001 (62946.000.000) 07/12 19:13:30 Job executing on host: <155.230.21.42:9618?addrs=155.230.21.42-9618+[2407-c000-c024-0-226-18ff-fe94-3c2f]-9618&noUDP&sock=1364_2b45_3>
...
006 (62946.000.000) 07/12 19:13:34 Image size of job updated: 275516
	39  -  MemoryUsage of job (MB)
	39192  -  ResidentSetSize of job (KB)
...
004 (62946.000.000) 07/12 19:13:34 Job was evicted.
	(0) Job was not checkpointed.
		Usr 0 00:00:00, Sys 0 00:00:00  -  Run Remote Usage
		Usr 0 00:00:00, Sys 0 00:00:00  -  Run Local Usage
	0  -  Run Bytes Sent By Job
	10493  -  Run Bytes Received By Job
	Partitionable Resources :    Usage  Request Allocated 
	   Cpus                 :        0        1         1 
	   Disk (KB)            :       28  2048000   3792258 
	   Memory (MB)          :       39     2000      2000 
...
009 (62946.000.000) 07/12 19:13:34 Job was aborted by the user.
	via condor_rm (by user choij)
...
000 (62984.000.000) 07/12 19:14:03 Job submitted from host: <155.230.20.251:9618?addrs=155.230.20.251-9618&noUDP&sock=3762_ff60_3>
...
001 (62984.000.000) 07/12 19:14:19 Job executing on host: <155.230.21.112:9618?addrs=155.230.21.112-9618+[2407-c000-c024-0-a60-6eff-fe15-e9ae]-9618&noUDP&sock=1560_9bd5_3>
...
006 (62984.000.000) 07/12 19:14:28 Image size of job updated: 296156
	216  -  MemoryUsage of job (MB)
	220624  -  ResidentSetSize of job (KB)
...
006 (62984.000.000) 07/12 19:19:29 Image size of job updated: 906976
	246  -  MemoryUsage of job (MB)
	251016  -  ResidentSetSize of job (KB)
...
006 (62984.000.000) 07/12 19:24:30 Image size of job updated: 906976
	247  -  MemoryUsage of job (MB)
	252360  -  ResidentSetSize of job (KB)
...
006 (62984.000.000) 07/12 19:49:33 Image size of job updated: 906976
	249  -  MemoryUsage of job (MB)
	254548  -  ResidentSetSize of job (KB)
...
006 (62984.000.000) 07/12 19:50:11 Image size of job updated: 922628
	249  -  MemoryUsage of job (MB)
	254548  -  ResidentSetSize of job (KB)
...
005 (62984.000.000) 07/12 19:50:11 Job terminated.
	(1) Normal termination (return value 0)
		Usr 0 00:00:58, Sys 0 00:00:01  -  Run Remote Usage
		Usr 0 00:00:00, Sys 0 00:00:00  -  Run Local Usage
		Usr 0 00:00:58, Sys 0 00:00:01  -  Total Remote Usage
		Usr 0 00:00:00, Sys 0 00:00:00  -  Total Local Usage
	785  -  Run Bytes Sent By Job
	10487  -  Run Bytes Received By Job
	785  -  Total Bytes Sent By Job
	10487  -  Total Bytes Received By Job
	Partitionable Resources :    Usage  Request Allocated 
	   Cpus                 :     0.03        1         1 
	   Disk (KB)            :    29     2048000   3781523 
	   Memory (MB)          :   249        2000      2000 
...
