000 (56071.001.000) 05/03 14:18:10 Job submitted from host: <155.230.20.251:9618?addrs=155.230.20.251-9618+[2407-c000-c024-0-22cb-b653-2fd3-3109]-9618&noUDP&sock=1441242_b68e_19>
...
001 (56071.001.000) 05/03 14:27:12 Job executing on host: <155.230.21.120:9618?addrs=155.230.21.120-9618+[2407-c000-c024-0-beee-7bff-fe2f-e091]-9618&noUDP&sock=29657_d04f_3>
...
006 (56071.001.000) 05/03 14:27:21 Image size of job updated: 116104
	66  -  MemoryUsage of job (MB)
	66940  -  ResidentSetSize of job (KB)
...
006 (56071.001.000) 05/03 14:29:14 Image size of job updated: 604652
	66  -  MemoryUsage of job (MB)
	66940  -  ResidentSetSize of job (KB)
...
005 (56071.001.000) 05/03 14:29:14 Job terminated.
	(1) Normal termination (return value 0)
		Usr 0 00:01:41, Sys 0 00:00:07  -  Run Remote Usage
		Usr 0 00:00:00, Sys 0 00:00:00  -  Run Local Usage
		Usr 0 00:01:41, Sys 0 00:00:07  -  Total Remote Usage
		Usr 0 00:00:00, Sys 0 00:00:00  -  Total Local Usage
	758  -  Run Bytes Sent By Job
	10539  -  Run Bytes Received By Job
	758  -  Total Bytes Sent By Job
	10539  -  Total Bytes Received By Job
	Partitionable Resources :    Usage  Request Allocated 
	   Cpus                 :     0.95        1         1 
	   Disk (KB)            :    29     2048000   3835052 
	   Memory (MB)          :    66        2000      2000 
...
