000 (56071.009.000) 05/03 14:18:10 Job submitted from host: <155.230.20.251:9618?addrs=155.230.20.251-9618+[2407-c000-c024-0-22cb-b653-2fd3-3109]-9618&noUDP&sock=1441242_b68e_19>
...
001 (56071.009.000) 05/03 14:27:32 Job executing on host: <155.230.21.94:9618?addrs=155.230.21.94-9618+[2407-c000-c024-0-f66d-4ff-fe50-cea0]-9618&noUDP&sock=16970_9643_3>
...
006 (56071.009.000) 05/03 14:27:41 Image size of job updated: 246052
	235  -  MemoryUsage of job (MB)
	239624  -  ResidentSetSize of job (KB)
...
005 (56071.009.000) 05/03 14:28:55 Job terminated.
	(1) Normal termination (return value 0)
		Usr 0 00:01:12, Sys 0 00:00:06  -  Run Remote Usage
		Usr 0 00:00:00, Sys 0 00:00:00  -  Run Local Usage
		Usr 0 00:01:12, Sys 0 00:00:06  -  Total Remote Usage
		Usr 0 00:00:00, Sys 0 00:00:00  -  Total Local Usage
	759  -  Run Bytes Sent By Job
	10539  -  Run Bytes Received By Job
	759  -  Total Bytes Sent By Job
	10539  -  Total Bytes Received By Job
	Partitionable Resources :    Usage  Request Allocated 
	   Cpus                 :     1.00        1         1 
	   Disk (KB)            :    29     2048000   3826033 
	   Memory (MB)          :   235        2000      2000 
...
