000 (47440.274.000) 12/19 19:07:28 Job submitted from host: <155.230.20.251:9618?addrs=155.230.20.251-9618&noUDP&sock=930313_ea96_3>
...
001 (47440.274.000) 12/19 19:59:25 Job executing on host: <155.230.21.82:9618?addrs=155.230.21.82-9618&noUDP&sock=1520_2c0b_3>
...
006 (47440.274.000) 12/19 19:59:33 Image size of job updated: 286588
	209  -  MemoryUsage of job (MB)
	213596  -  ResidentSetSize of job (KB)
...
006 (47440.274.000) 12/19 19:59:39 Image size of job updated: 312576
	209  -  MemoryUsage of job (MB)
	213600  -  ResidentSetSize of job (KB)
...
005 (47440.274.000) 12/19 19:59:39 Job terminated.
	(1) Normal termination (return value 0)
		Usr 0 00:00:09, Sys 0 00:00:00  -  Run Remote Usage
		Usr 0 00:00:00, Sys 0 00:00:00  -  Run Local Usage
		Usr 0 00:00:09, Sys 0 00:00:00  -  Total Remote Usage
		Usr 0 00:00:00, Sys 0 00:00:00  -  Total Local Usage
	554  -  Run Bytes Sent By Job
	10413  -  Run Bytes Received By Job
	554  -  Total Bytes Sent By Job
	10413  -  Total Bytes Received By Job
	Partitionable Resources :    Usage  Request Allocated 
	   Cpus                 :     0.60        1         1 
	   Disk (KB)            :    28     2048000   3711920 
	   Memory (MB)          :   209        2000      2000 
...
