000 (47440.039.000) 12/19 19:07:28 Job submitted from host: <155.230.20.251:9618?addrs=155.230.20.251-9618&noUDP&sock=930313_ea96_3>
...
001 (47440.039.000) 12/19 19:54:21 Job executing on host: <155.230.21.96:9618?addrs=155.230.21.96-9618&noUDP&sock=24703_c822_3>
...
006 (47440.039.000) 12/19 19:54:29 Image size of job updated: 273976
	198  -  MemoryUsage of job (MB)
	201756  -  ResidentSetSize of job (KB)
...
006 (47440.039.000) 12/19 19:54:37 Image size of job updated: 325984
	198  -  MemoryUsage of job (MB)
	201756  -  ResidentSetSize of job (KB)
...
005 (47440.039.000) 12/19 19:54:37 Job terminated.
	(1) Normal termination (return value 0)
		Usr 0 00:00:13, Sys 0 00:00:01  -  Run Remote Usage
		Usr 0 00:00:00, Sys 0 00:00:00  -  Run Local Usage
		Usr 0 00:00:13, Sys 0 00:00:01  -  Total Remote Usage
		Usr 0 00:00:00, Sys 0 00:00:00  -  Total Local Usage
	554  -  Run Bytes Sent By Job
	10413  -  Run Bytes Received By Job
	554  -  Total Bytes Sent By Job
	10413  -  Total Bytes Received By Job
	Partitionable Resources :    Usage  Request Allocated 
	   Cpus                 :        0        1         1 
	   Disk (KB)            :       28  2048000   3533127 
	   Memory (MB)          :      198     2000      2000 
...
000 (336703.039.000) 01/28 15:25:46 Job submitted from host: <155.230.23.72:9618?addrs=155.230.23.72-9618&noUDP&sock=882541_4c40_3>
...
001 (336703.039.000) 01/28 15:26:00 Job executing on host: <155.230.21.106:9618?addrs=155.230.21.106-9618&noUDP&sock=23306_8e53_48>
...
006 (336703.039.000) 01/28 15:26:09 Image size of job updated: 88548
	45  -  MemoryUsage of job (MB)
	45652  -  ResidentSetSize of job (KB)
...
006 (336703.039.000) 01/28 15:29:17 Image size of job updated: 1535636
	45  -  MemoryUsage of job (MB)
	45652  -  ResidentSetSize of job (KB)
...
005 (336703.039.000) 01/28 15:29:17 Job terminated.
	(1) Normal termination (return value 0)
		Usr 0 00:02:48, Sys 0 00:00:12  -  Run Remote Usage
		Usr 0 00:00:00, Sys 0 00:00:00  -  Run Local Usage
		Usr 0 00:02:48, Sys 0 00:00:12  -  Total Remote Usage
		Usr 0 00:00:00, Sys 0 00:00:00  -  Total Local Usage
	747  -  Run Bytes Sent By Job
	10577  -  Run Bytes Received By Job
	747  -  Total Bytes Sent By Job
	10577  -  Total Bytes Received By Job
	Partitionable Resources :    Usage  Request Allocated 
	   Cpus                 :     0.99        1         1 
	   Disk (KB)            :    28     2048000   3783113 
	   Memory (MB)          :    45        2000      2000 
...
000 (339712.039.000) 01/29 14:36:17 Job submitted from host: <155.230.23.72:9618?addrs=155.230.23.72-9618&noUDP&sock=882541_4c40_3>
...
001 (339712.039.000) 01/29 14:36:46 Job executing on host: <155.230.21.122:9618?addrs=155.230.21.122-9618&noUDP&sock=8358_78a6_48>
...
006 (339712.039.000) 01/29 14:36:55 Image size of job updated: 226364
	155  -  MemoryUsage of job (MB)
	158432  -  ResidentSetSize of job (KB)
...
006 (339712.039.000) 01/29 14:40:34 Image size of job updated: 349964
	155  -  MemoryUsage of job (MB)
	158472  -  ResidentSetSize of job (KB)
...
005 (339712.039.000) 01/29 14:40:34 Job terminated.
	(1) Normal termination (return value 0)
		Usr 0 00:03:29, Sys 0 00:00:13  -  Run Remote Usage
		Usr 0 00:00:00, Sys 0 00:00:00  -  Run Local Usage
		Usr 0 00:03:29, Sys 0 00:00:13  -  Total Remote Usage
		Usr 0 00:00:00, Sys 0 00:00:00  -  Total Local Usage
	747  -  Run Bytes Sent By Job
	10553  -  Run Bytes Received By Job
	747  -  Total Bytes Sent By Job
	10553  -  Total Bytes Received By Job
	Partitionable Resources :    Usage  Request Allocated 
	   Cpus                 :     0.99        1         1 
	   Disk (KB)            :    28     2048000   3788983 
	   Memory (MB)          :   155        2000      2000 
...
000 (339716.039.000) 01/29 15:15:50 Job submitted from host: <155.230.23.72:9618?addrs=155.230.23.72-9618&noUDP&sock=882541_4c40_3>
...
001 (339716.039.000) 01/29 15:16:22 Job executing on host: <155.230.21.115:9618?addrs=155.230.21.115-9618+[2407-c000-c024-0-beee-7bff-fe2f-e035]-9618&noUDP&sock=1549_104a_3>
...
006 (339716.039.000) 01/29 15:16:30 Image size of job updated: 216764
	146  -  MemoryUsage of job (MB)
	149240  -  ResidentSetSize of job (KB)
...
006 (339716.039.000) 01/29 15:19:45 Image size of job updated: 352096
	146  -  MemoryUsage of job (MB)
	149240  -  ResidentSetSize of job (KB)
...
005 (339716.039.000) 01/29 15:19:45 Job terminated.
	(1) Normal termination (return value 0)
		Usr 0 00:03:04, Sys 0 00:00:12  -  Run Remote Usage
		Usr 0 00:00:00, Sys 0 00:00:00  -  Run Local Usage
		Usr 0 00:03:04, Sys 0 00:00:12  -  Total Remote Usage
		Usr 0 00:00:00, Sys 0 00:00:00  -  Total Local Usage
	747  -  Run Bytes Sent By Job
	10553  -  Run Bytes Received By Job
	747  -  Total Bytes Sent By Job
	10553  -  Total Bytes Received By Job
	Partitionable Resources :    Usage  Request Allocated 
	   Cpus                 :     0.99        1         1 
	   Disk (KB)            :    29     2048000   3798708 
	   Memory (MB)          :   146        2000      2000 
...
000 (339717.039.000) 01/29 15:38:00 Job submitted from host: <155.230.23.72:9618?addrs=155.230.23.72-9618&noUDP&sock=882541_4c40_3>
...
001 (339717.039.000) 01/29 15:38:14 Job executing on host: <155.230.21.106:9618?addrs=155.230.21.106-9618&noUDP&sock=23306_8e53_48>
...
006 (339717.039.000) 01/29 15:38:22 Image size of job updated: 204556
	134  -  MemoryUsage of job (MB)
	137128  -  ResidentSetSize of job (KB)
...
006 (339717.039.000) 01/29 15:38:25 Image size of job updated: 241700
	134  -  MemoryUsage of job (MB)
	137184  -  ResidentSetSize of job (KB)
...
005 (339717.039.000) 01/29 15:38:25 Job terminated.
	(1) Normal termination (return value 1)
		Usr 0 00:00:06, Sys 0 00:00:01  -  Run Remote Usage
		Usr 0 00:00:00, Sys 0 00:00:00  -  Run Local Usage
		Usr 0 00:00:06, Sys 0 00:00:01  -  Total Remote Usage
		Usr 0 00:00:00, Sys 0 00:00:00  -  Total Local Usage
	1478  -  Run Bytes Sent By Job
	10651  -  Run Bytes Received By Job
	1478  -  Total Bytes Sent By Job
	10651  -  Total Bytes Received By Job
	Partitionable Resources :    Usage  Request Allocated 
	   Cpus                 :        0        1         1 
	   Disk (KB)            :       29  2048000   3783113 
	   Memory (MB)          :      134     2000      2000 
...
009 (339717.039.000) 01/29 15:38:25 Job was aborted by the user.
	via condor_rm (by user choij)
...
000 (339718.039.000) 01/29 15:39:25 Job submitted from host: <155.230.23.72:9618?addrs=155.230.23.72-9618&noUDP&sock=882541_4c40_3>
...
001 (339718.039.000) 01/29 15:39:40 Job executing on host: <155.230.21.106:9618?addrs=155.230.21.106-9618&noUDP&sock=23306_8e53_48>
...
006 (339718.039.000) 01/29 15:39:48 Image size of job updated: 277116
	200  -  MemoryUsage of job (MB)
	204432  -  ResidentSetSize of job (KB)
...
006 (339718.039.000) 01/29 15:39:49 Image size of job updated: 288292
	200  -  MemoryUsage of job (MB)
	204432  -  ResidentSetSize of job (KB)
...
005 (339718.039.000) 01/29 15:39:49 Job terminated.
	(1) Normal termination (return value 1)
		Usr 0 00:00:06, Sys 0 00:00:01  -  Run Remote Usage
		Usr 0 00:00:00, Sys 0 00:00:00  -  Run Local Usage
		Usr 0 00:00:06, Sys 0 00:00:01  -  Total Remote Usage
		Usr 0 00:00:00, Sys 0 00:00:00  -  Total Local Usage
	1689  -  Run Bytes Sent By Job
	10651  -  Run Bytes Received By Job
	1689  -  Total Bytes Sent By Job
	10651  -  Total Bytes Received By Job
	Partitionable Resources :    Usage  Request Allocated 
	   Cpus                 :     0.02        1         1 
	   Disk (KB)            :    30     2048000   3783113 
	   Memory (MB)          :   200        2000      2000 
...
000 (339719.039.000) 01/29 15:52:31 Job submitted from host: <155.230.23.72:9618?addrs=155.230.23.72-9618&noUDP&sock=882541_4c40_3>
...
001 (339719.039.000) 01/29 15:52:48 Job executing on host: <155.230.21.106:9618?addrs=155.230.21.106-9618&noUDP&sock=23306_8e53_48>
...
006 (339719.039.000) 01/29 15:52:56 Image size of job updated: 290312
	212  -  MemoryUsage of job (MB)
	216184  -  ResidentSetSize of job (KB)
...
006 (339719.039.000) 01/29 15:52:58 Image size of job updated: 293392
	212  -  MemoryUsage of job (MB)
	216184  -  ResidentSetSize of job (KB)
...
005 (339719.039.000) 01/29 15:52:58 Job terminated.
	(1) Normal termination (return value 0)
		Usr 0 00:00:06, Sys 0 00:00:01  -  Run Remote Usage
		Usr 0 00:00:00, Sys 0 00:00:00  -  Run Local Usage
		Usr 0 00:00:06, Sys 0 00:00:01  -  Total Remote Usage
		Usr 0 00:00:00, Sys 0 00:00:00  -  Total Local Usage
	785  -  Run Bytes Sent By Job
	10707  -  Run Bytes Received By Job
	785  -  Total Bytes Sent By Job
	10707  -  Total Bytes Received By Job
	Partitionable Resources :    Usage  Request Allocated 
	   Cpus                 :     0.03        1         1 
	   Disk (KB)            :    29     2048000   3783113 
	   Memory (MB)          :   212        2000      2000 
...
000 (339720.039.000) 01/29 15:56:41 Job submitted from host: <155.230.23.72:9618?addrs=155.230.23.72-9618&noUDP&sock=882541_4c40_3>
...
001 (339720.039.000) 01/29 15:56:58 Job executing on host: <155.230.21.106:9618?addrs=155.230.21.106-9618&noUDP&sock=23306_8e53_48>
...
006 (339720.039.000) 01/29 15:57:07 Image size of job updated: 290508
	212  -  MemoryUsage of job (MB)
	216380  -  ResidentSetSize of job (KB)
...
006 (339720.039.000) 01/29 15:57:18 Image size of job updated: 309332
	212  -  MemoryUsage of job (MB)
	216380  -  ResidentSetSize of job (KB)
...
005 (339720.039.000) 01/29 15:57:18 Job terminated.
	(1) Normal termination (return value 0)
		Usr 0 00:00:11, Sys 0 00:00:02  -  Run Remote Usage
		Usr 0 00:00:00, Sys 0 00:00:00  -  Run Local Usage
		Usr 0 00:00:11, Sys 0 00:00:02  -  Total Remote Usage
		Usr 0 00:00:00, Sys 0 00:00:00  -  Total Local Usage
	726  -  Run Bytes Sent By Job
	10696  -  Run Bytes Received By Job
	726  -  Total Bytes Sent By Job
	10696  -  Total Bytes Received By Job
	Partitionable Resources :    Usage  Request Allocated 
	   Cpus                 :        0        1         1 
	   Disk (KB)            :       28  2048000   3783113 
	   Memory (MB)          :      212     2000      2000 
...
