000 (47440.150.000) 12/19 19:07:28 Job submitted from host: <155.230.20.251:9618?addrs=155.230.20.251-9618&noUDP&sock=930313_ea96_3>
...
001 (47440.150.000) 12/19 19:56:29 Job executing on host: <155.230.21.93:9618?addrs=155.230.21.93-9618&noUDP&sock=5106_dea9_3>
...
006 (47440.150.000) 12/19 19:56:37 Image size of job updated: 310880
	230  -  MemoryUsage of job (MB)
	234648  -  ResidentSetSize of job (KB)
...
006 (47440.150.000) 12/19 19:56:40 Image size of job updated: 338084
	230  -  MemoryUsage of job (MB)
	234648  -  ResidentSetSize of job (KB)
...
005 (47440.150.000) 12/19 19:56:40 Job terminated.
	(1) Normal termination (return value 0)
		Usr 0 00:00:09, Sys 0 00:00:00  -  Run Remote Usage
		Usr 0 00:00:00, Sys 0 00:00:00  -  Run Local Usage
		Usr 0 00:00:09, Sys 0 00:00:00  -  Total Remote Usage
		Usr 0 00:00:00, Sys 0 00:00:00  -  Total Local Usage
	554  -  Run Bytes Sent By Job
	10413  -  Run Bytes Received By Job
	554  -  Total Bytes Sent By Job
	10413  -  Total Bytes Received By Job
	Partitionable Resources :    Usage  Request Allocated 
	   Cpus                 :        0        1         1 
	   Disk (KB)            :       28  2048000   3667554 
	   Memory (MB)          :      230     2000      2000 
...
000 (339717.150.000) 01/29 15:38:01 Job submitted from host: <155.230.23.72:9618?addrs=155.230.23.72-9618&noUDP&sock=882541_4c40_3>
...
009 (339717.150.000) 01/29 15:38:25 Job was aborted by the user.
	via condor_rm (by user choij)
...
000 (339718.150.000) 01/29 15:39:25 Job submitted from host: <155.230.23.72:9618?addrs=155.230.23.72-9618&noUDP&sock=882541_4c40_3>
...
001 (339718.150.000) 01/29 15:41:03 Job executing on host: <155.230.21.118:9618?addrs=155.230.21.118-9618&noUDP&sock=12615_6b51_47>
...
006 (339718.150.000) 01/29 15:41:11 Image size of job updated: 262848
	188  -  MemoryUsage of job (MB)
	191608  -  ResidentSetSize of job (KB)
...
006 (339718.150.000) 01/29 15:41:13 Image size of job updated: 263008
	188  -  MemoryUsage of job (MB)
	191688  -  ResidentSetSize of job (KB)
...
005 (339718.150.000) 01/29 15:41:13 Job terminated.
	(1) Normal termination (return value 1)
		Usr 0 00:00:07, Sys 0 00:00:01  -  Run Remote Usage
		Usr 0 00:00:00, Sys 0 00:00:00  -  Run Local Usage
		Usr 0 00:00:07, Sys 0 00:00:01  -  Total Remote Usage
		Usr 0 00:00:00, Sys 0 00:00:00  -  Total Local Usage
	1691  -  Run Bytes Sent By Job
	10651  -  Run Bytes Received By Job
	1691  -  Total Bytes Sent By Job
	10651  -  Total Bytes Received By Job
	Partitionable Resources :    Usage  Request Allocated 
	   Cpus                 :     0.03        1         1 
	   Disk (KB)            :    29     2048000   3791537 
	   Memory (MB)          :   188        2000      2000 
...
000 (339719.150.000) 01/29 15:52:31 Job submitted from host: <155.230.23.72:9618?addrs=155.230.23.72-9618&noUDP&sock=882541_4c40_3>
...
001 (339719.150.000) 01/29 15:54:11 Job executing on host: <155.230.21.118:9618?addrs=155.230.21.118-9618&noUDP&sock=12615_6b51_47>
...
006 (339719.150.000) 01/29 15:54:19 Image size of job updated: 265500
	190  -  MemoryUsage of job (MB)
	194224  -  ResidentSetSize of job (KB)
...
006 (339719.150.000) 01/29 15:54:22 Image size of job updated: 265608
	190  -  MemoryUsage of job (MB)
	194288  -  ResidentSetSize of job (KB)
...
005 (339719.150.000) 01/29 15:54:22 Job terminated.
	(1) Normal termination (return value 0)
		Usr 0 00:00:08, Sys 0 00:00:01  -  Run Remote Usage
		Usr 0 00:00:00, Sys 0 00:00:00  -  Run Local Usage
		Usr 0 00:00:08, Sys 0 00:00:01  -  Total Remote Usage
		Usr 0 00:00:00, Sys 0 00:00:00  -  Total Local Usage
	789  -  Run Bytes Sent By Job
	10707  -  Run Bytes Received By Job
	789  -  Total Bytes Sent By Job
	10707  -  Total Bytes Received By Job
	Partitionable Resources :    Usage  Request Allocated 
	   Cpus                 :        0        1         1 
	   Disk (KB)            :       28  2048000   3791537 
	   Memory (MB)          :      190     2000      2000 
...
000 (339720.150.000) 01/29 15:56:41 Job submitted from host: <155.230.23.72:9618?addrs=155.230.23.72-9618&noUDP&sock=882541_4c40_3>
...
001 (339720.150.000) 01/29 15:58:33 Job executing on host: <155.230.21.106:9618?addrs=155.230.21.106-9618&noUDP&sock=23306_8e53_48>
...
006 (339720.150.000) 01/29 15:58:42 Image size of job updated: 318920
	237  -  MemoryUsage of job (MB)
	242392  -  ResidentSetSize of job (KB)
...
006 (339720.150.000) 01/29 15:58:48 Image size of job updated: 599280
	237  -  MemoryUsage of job (MB)
	242392  -  ResidentSetSize of job (KB)
...
005 (339720.150.000) 01/29 15:58:48 Job terminated.
	(1) Normal termination (return value 0)
		Usr 0 00:00:11, Sys 0 00:00:02  -  Run Remote Usage
		Usr 0 00:00:00, Sys 0 00:00:00  -  Run Local Usage
		Usr 0 00:00:11, Sys 0 00:00:02  -  Total Remote Usage
		Usr 0 00:00:00, Sys 0 00:00:00  -  Total Local Usage
	994  -  Run Bytes Sent By Job
	10696  -  Run Bytes Received By Job
	994  -  Total Bytes Sent By Job
	10696  -  Total Bytes Received By Job
	Partitionable Resources :    Usage  Request Allocated 
	   Cpus                 :     0.03        1         1 
	   Disk (KB)            :    29     2048000   3783113 
	   Memory (MB)          :   237        2000      2000 
...
