000 (47440.280.000) 12/19 19:07:28 Job submitted from host: <155.230.20.251:9618?addrs=155.230.20.251-9618&noUDP&sock=930313_ea96_3>
...
001 (47440.280.000) 12/19 19:59:26 Job executing on host: <155.230.21.80:9618?addrs=155.230.21.80-9618+[--1]-9618&noUDP&sock=7725_4933_3>
...
006 (47440.280.000) 12/19 19:59:35 Image size of job updated: 312944
	232  -  MemoryUsage of job (MB)
	236712  -  ResidentSetSize of job (KB)
...
005 (47440.280.000) 12/19 19:59:38 Job terminated.
	(1) Normal termination (return value 0)
		Usr 0 00:00:09, Sys 0 00:00:00  -  Run Remote Usage
		Usr 0 00:00:00, Sys 0 00:00:00  -  Run Local Usage
		Usr 0 00:00:09, Sys 0 00:00:00  -  Total Remote Usage
		Usr 0 00:00:00, Sys 0 00:00:00  -  Total Local Usage
	554  -  Run Bytes Sent By Job
	10413  -  Run Bytes Received By Job
	554  -  Total Bytes Sent By Job
	10413  -  Total Bytes Received By Job
	Partitionable Resources :    Usage  Request Allocated 
	   Cpus                 :                 1         1 
	   Disk (KB)            :       22  2048000  18302493 
	   Memory (MB)          :      232     2000      2000 
...
000 (339717.280.000) 01/29 15:38:01 Job submitted from host: <155.230.23.72:9618?addrs=155.230.23.72-9618&noUDP&sock=882541_4c40_3>
...
009 (339717.280.000) 01/29 15:38:25 Job was aborted by the user.
	via condor_rm (by user choij)
...
000 (339718.280.000) 01/29 15:39:26 Job submitted from host: <155.230.23.72:9618?addrs=155.230.23.72-9618&noUDP&sock=882541_4c40_3>
...
001 (339718.280.000) 01/29 15:43:55 Job executing on host: <155.230.21.97:9618?addrs=155.230.21.97-9618&noUDP&sock=19004_bde6_47>
...
006 (339718.280.000) 01/29 15:44:04 Image size of job updated: 276144
	199  -  MemoryUsage of job (MB)
	203460  -  ResidentSetSize of job (KB)
...
006 (339718.280.000) 01/29 15:44:05 Image size of job updated: 276168
	199  -  MemoryUsage of job (MB)
	203484  -  ResidentSetSize of job (KB)
...
005 (339718.280.000) 01/29 15:44:05 Job terminated.
	(1) Normal termination (return value 1)
		Usr 0 00:00:08, Sys 0 00:00:01  -  Run Remote Usage
		Usr 0 00:00:00, Sys 0 00:00:00  -  Run Local Usage
		Usr 0 00:00:08, Sys 0 00:00:01  -  Total Remote Usage
		Usr 0 00:00:00, Sys 0 00:00:00  -  Total Local Usage
	1691  -  Run Bytes Sent By Job
	10651  -  Run Bytes Received By Job
	1691  -  Total Bytes Sent By Job
	10651  -  Total Bytes Received By Job
	Partitionable Resources :    Usage  Request Allocated 
	   Cpus                 :        0        1         1 
	   Disk (KB)            :       29  2048000   3784333 
	   Memory (MB)          :      199     2000      2000 
...
000 (339719.280.000) 01/29 15:52:31 Job submitted from host: <155.230.23.72:9618?addrs=155.230.23.72-9618&noUDP&sock=882541_4c40_3>
...
009 (339719.280.000) 01/29 15:54:51 Job was aborted by the user.
	via condor_rm (by user choij)
...
000 (339720.280.000) 01/29 15:56:41 Job submitted from host: <155.230.23.72:9618?addrs=155.230.23.72-9618&noUDP&sock=882541_4c40_3>
...
001 (339720.280.000) 01/29 16:00:51 Job executing on host: <155.230.21.99:9618?addrs=155.230.21.99-9618+[2407-c000-c024-0-e2cb-4eff-fe53-cf0f]-9618&noUDP&sock=8708_8acc_3>
...
006 (339720.280.000) 01/29 16:00:59 Image size of job updated: 254188
	181  -  MemoryUsage of job (MB)
	184860  -  ResidentSetSize of job (KB)
...
006 (339720.280.000) 01/29 16:01:14 Image size of job updated: 1539668
	181  -  MemoryUsage of job (MB)
	184904  -  ResidentSetSize of job (KB)
...
005 (339720.280.000) 01/29 16:01:14 Job terminated.
	(1) Normal termination (return value 0)
		Usr 0 00:00:15, Sys 0 00:00:03  -  Run Remote Usage
		Usr 0 00:00:00, Sys 0 00:00:00  -  Run Local Usage
		Usr 0 00:00:15, Sys 0 00:00:03  -  Total Remote Usage
		Usr 0 00:00:00, Sys 0 00:00:00  -  Total Local Usage
	994  -  Run Bytes Sent By Job
	10696  -  Run Bytes Received By Job
	994  -  Total Bytes Sent By Job
	10696  -  Total Bytes Received By Job
	Partitionable Resources :    Usage  Request Allocated 
	   Cpus                 :     0.03        1         1 
	   Disk (KB)            :    29     2048000   3786677 
	   Memory (MB)          :   181        2000      2000 
...
