000 (47440.299.000) 12/19 19:07:29 Job submitted from host: <155.230.20.251:9618?addrs=155.230.20.251-9618&noUDP&sock=930313_ea96_3>
...
001 (47440.299.000) 12/19 19:59:34 Job executing on host: <155.230.21.126:9618?addrs=155.230.21.126-9618&noUDP&sock=27949_448d_3>
...
006 (47440.299.000) 12/19 19:59:43 Image size of job updated: 326032
	244  -  MemoryUsage of job (MB)
	249796  -  ResidentSetSize of job (KB)
...
006 (47440.299.000) 12/19 19:59:46 Image size of job updated: 589832
	244  -  MemoryUsage of job (MB)
	249796  -  ResidentSetSize of job (KB)
...
005 (47440.299.000) 12/19 19:59:46 Job terminated.
	(1) Normal termination (return value 0)
		Usr 0 00:00:09, Sys 0 00:00:00  -  Run Remote Usage
		Usr 0 00:00:00, Sys 0 00:00:00  -  Run Local Usage
		Usr 0 00:00:09, Sys 0 00:00:00  -  Total Remote Usage
		Usr 0 00:00:00, Sys 0 00:00:00  -  Total Local Usage
	554  -  Run Bytes Sent By Job
	10413  -  Run Bytes Received By Job
	554  -  Total Bytes Sent By Job
	10413  -  Total Bytes Received By Job
	Partitionable Resources :    Usage  Request Allocated 
	   Cpus                 :        0        1         1 
	   Disk (KB)            :       28  2048000   3652507 
	   Memory (MB)          :      244     2000      2000 
...
000 (339717.299.000) 01/29 15:38:01 Job submitted from host: <155.230.23.72:9618?addrs=155.230.23.72-9618&noUDP&sock=882541_4c40_3>
...
009 (339717.299.000) 01/29 15:38:25 Job was aborted by the user.
	via condor_rm (by user choij)
...
000 (339718.299.000) 01/29 15:39:26 Job submitted from host: <155.230.23.72:9618?addrs=155.230.23.72-9618&noUDP&sock=882541_4c40_3>
...
001 (339718.299.000) 01/29 15:44:00 Job executing on host: <155.230.21.93:9618?addrs=155.230.21.93-9618&noUDP&sock=5106_dea9_47>
...
006 (339718.299.000) 01/29 15:44:07 Image size of job updated: 199072
	0  -  MemoryUsage of job (MB)
	0  -  ResidentSetSize of job (KB)
...
005 (339718.299.000) 01/29 15:44:07 Job terminated.
	(1) Normal termination (return value 1)
		Usr 0 00:00:05, Sys 0 00:00:00  -  Run Remote Usage
		Usr 0 00:00:00, Sys 0 00:00:00  -  Run Local Usage
		Usr 0 00:00:05, Sys 0 00:00:00  -  Total Remote Usage
		Usr 0 00:00:00, Sys 0 00:00:00  -  Total Local Usage
	1691  -  Run Bytes Sent By Job
	10651  -  Run Bytes Received By Job
	1691  -  Total Bytes Sent By Job
	10651  -  Total Bytes Received By Job
	Partitionable Resources :    Usage  Request Allocated 
	   Cpus                 :        0        1         1 
	   Disk (KB)            :       29  2048000   3786786 
	   Memory (MB)          :        0     2000      2000 
...
000 (339719.299.000) 01/29 15:52:31 Job submitted from host: <155.230.23.72:9618?addrs=155.230.23.72-9618&noUDP&sock=882541_4c40_3>
...
009 (339719.299.000) 01/29 15:54:51 Job was aborted by the user.
	via condor_rm (by user choij)
...
000 (339720.299.000) 01/29 15:56:41 Job submitted from host: <155.230.23.72:9618?addrs=155.230.23.72-9618&noUDP&sock=882541_4c40_3>
...
001 (339720.299.000) 01/29 16:00:57 Job executing on host: <155.230.21.82:9618?addrs=155.230.21.82-9618&noUDP&sock=1520_2c0b_36>
...
006 (339720.299.000) 01/29 16:01:05 Image size of job updated: 300144
	219  -  MemoryUsage of job (MB)
	223636  -  ResidentSetSize of job (KB)
...
006 (339720.299.000) 01/29 16:01:11 Image size of job updated: 309520
	219  -  MemoryUsage of job (MB)
	223716  -  ResidentSetSize of job (KB)
...
005 (339720.299.000) 01/29 16:01:11 Job terminated.
	(1) Normal termination (return value 0)
		Usr 0 00:00:10, Sys 0 00:00:02  -  Run Remote Usage
		Usr 0 00:00:00, Sys 0 00:00:00  -  Run Local Usage
		Usr 0 00:00:10, Sys 0 00:00:02  -  Total Remote Usage
		Usr 0 00:00:00, Sys 0 00:00:00  -  Total Local Usage
	994  -  Run Bytes Sent By Job
	10696  -  Run Bytes Received By Job
	994  -  Total Bytes Sent By Job
	10696  -  Total Bytes Received By Job
	Partitionable Resources :    Usage  Request Allocated 
	   Cpus                 :        0        1         1 
	   Disk (KB)            :       29  2048000   3786225 
	   Memory (MB)          :      219     2000      2000 
...
