000 (47440.221.000) 12/19 19:07:28 Job submitted from host: <155.230.20.251:9618?addrs=155.230.20.251-9618&noUDP&sock=930313_ea96_3>
...
001 (47440.221.000) 12/19 19:58:21 Job executing on host: <155.230.21.98:9618?addrs=155.230.21.98-9618&noUDP&sock=16526_0a37_3>
...
006 (47440.221.000) 12/19 19:58:29 Image size of job updated: 287944
	210  -  MemoryUsage of job (MB)
	214988  -  ResidentSetSize of job (KB)
...
006 (47440.221.000) 12/19 19:58:37 Image size of job updated: 601300
	210  -  MemoryUsage of job (MB)
	214988  -  ResidentSetSize of job (KB)
...
005 (47440.221.000) 12/19 19:58:37 Job terminated.
	(1) Normal termination (return value 0)
		Usr 0 00:00:13, Sys 0 00:00:01  -  Run Remote Usage
		Usr 0 00:00:00, Sys 0 00:00:00  -  Run Local Usage
		Usr 0 00:00:13, Sys 0 00:00:01  -  Total Remote Usage
		Usr 0 00:00:00, Sys 0 00:00:00  -  Total Local Usage
	554  -  Run Bytes Sent By Job
	10413  -  Run Bytes Received By Job
	554  -  Total Bytes Sent By Job
	10413  -  Total Bytes Received By Job
	Partitionable Resources :    Usage  Request Allocated 
	   Cpus                 :        0        1         1 
	   Disk (KB)            :       28  2048000   3676021 
	   Memory (MB)          :      210     2000      2000 
...
000 (339717.221.000) 01/29 15:38:01 Job submitted from host: <155.230.23.72:9618?addrs=155.230.23.72-9618&noUDP&sock=882541_4c40_3>
...
009 (339717.221.000) 01/29 15:38:25 Job was aborted by the user.
	via condor_rm (by user choij)
...
000 (339718.221.000) 01/29 15:39:25 Job submitted from host: <155.230.23.72:9618?addrs=155.230.23.72-9618&noUDP&sock=882541_4c40_3>
...
001 (339718.221.000) 01/29 15:42:52 Job executing on host: <155.230.21.38:9618?addrs=155.230.21.38-9618&noUDP&sock=22636_fddf_3>
...
006 (339718.221.000) 01/29 15:43:00 Image size of job updated: 117112
	66  -  MemoryUsage of job (MB)
	66956  -  ResidentSetSize of job (KB)
...
006 (339718.221.000) 01/29 15:43:13 Image size of job updated: 287492
	66  -  MemoryUsage of job (MB)
	66956  -  ResidentSetSize of job (KB)
...
005 (339718.221.000) 01/29 15:43:13 Job terminated.
	(1) Normal termination (return value 1)
		Usr 0 00:00:10, Sys 0 00:00:01  -  Run Remote Usage
		Usr 0 00:00:00, Sys 0 00:00:00  -  Run Local Usage
		Usr 0 00:00:10, Sys 0 00:00:01  -  Total Remote Usage
		Usr 0 00:00:00, Sys 0 00:00:00  -  Total Local Usage
	1691  -  Run Bytes Sent By Job
	10651  -  Run Bytes Received By Job
	1691  -  Total Bytes Sent By Job
	10651  -  Total Bytes Received By Job
	Partitionable Resources :    Usage  Request Allocated 
	   Cpus                 :                 1         1 
	   Disk (KB)            :       23  2048000   3666180 
	   Memory (MB)          :       66     2000      2000 
...
000 (339719.221.000) 01/29 15:52:31 Job submitted from host: <155.230.23.72:9618?addrs=155.230.23.72-9618&noUDP&sock=882541_4c40_3>
...
009 (339719.221.000) 01/29 15:54:51 Job was aborted by the user.
	via condor_rm (by user choij)
...
000 (339720.221.000) 01/29 15:56:41 Job submitted from host: <155.230.23.72:9618?addrs=155.230.23.72-9618&noUDP&sock=882541_4c40_3>
...
001 (339720.221.000) 01/29 15:59:49 Job executing on host: <155.230.21.73:9618?addrs=155.230.21.73-9618&noUDP&sock=15554_5428_3>
...
006 (339720.221.000) 01/29 15:59:58 Image size of job updated: 116324
	66  -  MemoryUsage of job (MB)
	66944  -  ResidentSetSize of job (KB)
...
006 (339720.221.000) 01/29 16:00:34 Image size of job updated: 307572
	66  -  MemoryUsage of job (MB)
	66944  -  ResidentSetSize of job (KB)
...
005 (339720.221.000) 01/29 16:00:34 Job terminated.
	(1) Normal termination (return value 0)
		Usr 0 00:00:18, Sys 0 00:00:02  -  Run Remote Usage
		Usr 0 00:00:00, Sys 0 00:00:00  -  Run Local Usage
		Usr 0 00:00:18, Sys 0 00:00:02  -  Total Remote Usage
		Usr 0 00:00:00, Sys 0 00:00:00  -  Total Local Usage
	994  -  Run Bytes Sent By Job
	10696  -  Run Bytes Received By Job
	994  -  Total Bytes Sent By Job
	10696  -  Total Bytes Received By Job
	Partitionable Resources :    Usage  Request Allocated 
	   Cpus                 :     0.04        1         1 
	   Disk (KB)            :    29     2048000   3656096 
	   Memory (MB)          :    66        2000      2000 
...
