000 (47440.375.000) 12/19 19:07:30 Job submitted from host: <155.230.20.251:9618?addrs=155.230.20.251-9618&noUDP&sock=930313_ea96_3>
...
001 (47440.375.000) 12/19 20:01:31 Job executing on host: <155.230.21.93:9618?addrs=155.230.21.93-9618&noUDP&sock=5106_dea9_3>
...
006 (47440.375.000) 12/19 20:01:40 Image size of job updated: 337452
	256  -  MemoryUsage of job (MB)
	261220  -  ResidentSetSize of job (KB)
...
006 (47440.375.000) 12/19 20:01:42 Image size of job updated: 337552
	256  -  MemoryUsage of job (MB)
	261320  -  ResidentSetSize of job (KB)
...
005 (47440.375.000) 12/19 20:01:42 Job terminated.
	(1) Normal termination (return value 0)
		Usr 0 00:00:09, Sys 0 00:00:00  -  Run Remote Usage
		Usr 0 00:00:00, Sys 0 00:00:00  -  Run Local Usage
		Usr 0 00:00:09, Sys 0 00:00:00  -  Total Remote Usage
		Usr 0 00:00:00, Sys 0 00:00:00  -  Total Local Usage
	554  -  Run Bytes Sent By Job
	10413  -  Run Bytes Received By Job
	554  -  Total Bytes Sent By Job
	10413  -  Total Bytes Received By Job
	Partitionable Resources :    Usage  Request Allocated 
	   Cpus                 :        0        1         1 
	   Disk (KB)            :       28  2048000   3667554 
	   Memory (MB)          :      256     2000      2000 
...
000 (339717.375.000) 01/29 15:38:01 Job submitted from host: <155.230.23.72:9618?addrs=155.230.23.72-9618&noUDP&sock=882541_4c40_3>
...
009 (339717.375.000) 01/29 15:38:25 Job was aborted by the user.
	via condor_rm (by user choij)
...
000 (339718.375.000) 01/29 15:39:26 Job submitted from host: <155.230.23.72:9618?addrs=155.230.23.72-9618&noUDP&sock=882541_4c40_3>
...
001 (339718.375.000) 01/29 15:45:51 Job executing on host: <155.230.21.74:9618?addrs=155.230.21.74-9618&noUDP&sock=27134_3edd_3>
...
006 (339718.375.000) 01/29 15:45:59 Image size of job updated: 120124
	68  -  MemoryUsage of job (MB)
	68852  -  ResidentSetSize of job (KB)
...
006 (339718.375.000) 01/29 15:46:12 Image size of job updated: 275936
	68  -  MemoryUsage of job (MB)
	68864  -  ResidentSetSize of job (KB)
...
005 (339718.375.000) 01/29 15:46:12 Job terminated.
	(1) Normal termination (return value 1)
		Usr 0 00:00:10, Sys 0 00:00:01  -  Run Remote Usage
		Usr 0 00:00:00, Sys 0 00:00:00  -  Run Local Usage
		Usr 0 00:00:10, Sys 0 00:00:01  -  Total Remote Usage
		Usr 0 00:00:00, Sys 0 00:00:00  -  Total Local Usage
	1691  -  Run Bytes Sent By Job
	10651  -  Run Bytes Received By Job
	1691  -  Total Bytes Sent By Job
	10651  -  Total Bytes Received By Job
	Partitionable Resources :    Usage  Request Allocated 
	   Cpus                 :     0.49        1         1 
	   Disk (KB)            :    29     2048000   3665303 
	   Memory (MB)          :    68        2000      2000 
...
000 (339719.375.000) 01/29 15:52:32 Job submitted from host: <155.230.23.72:9618?addrs=155.230.23.72-9618&noUDP&sock=882541_4c40_3>
...
009 (339719.375.000) 01/29 15:54:51 Job was aborted by the user.
	via condor_rm (by user choij)
...
000 (339720.375.000) 01/29 15:56:41 Job submitted from host: <155.230.23.72:9618?addrs=155.230.23.72-9618&noUDP&sock=882541_4c40_3>
...
001 (339720.375.000) 01/29 16:02:47 Job executing on host: <155.230.21.35:9618?addrs=155.230.21.35-9618&noUDP&sock=11940_6ce3_3>
...
006 (339720.375.000) 01/29 16:02:55 Image size of job updated: 153848
	92  -  MemoryUsage of job (MB)
	93368  -  ResidentSetSize of job (KB)
...
006 (339720.375.000) 01/29 16:03:22 Image size of job updated: 1540208
	92  -  MemoryUsage of job (MB)
	93508  -  ResidentSetSize of job (KB)
...
005 (339720.375.000) 01/29 16:03:22 Job terminated.
	(1) Normal termination (return value 0)
		Usr 0 00:00:18, Sys 0 00:00:02  -  Run Remote Usage
		Usr 0 00:00:00, Sys 0 00:00:00  -  Run Local Usage
		Usr 0 00:00:18, Sys 0 00:00:02  -  Total Remote Usage
		Usr 0 00:00:00, Sys 0 00:00:00  -  Total Local Usage
	994  -  Run Bytes Sent By Job
	10696  -  Run Bytes Received By Job
	994  -  Total Bytes Sent By Job
	10696  -  Total Bytes Received By Job
	Partitionable Resources :    Usage  Request Allocated 
	   Cpus                 :     0.79        1         1 
	   Disk (KB)            :    29     2048000   3689027 
	   Memory (MB)          :    92        2000      2000 
...
