000 (47440.090.000) 12/19 19:07:28 Job submitted from host: <155.230.20.251:9618?addrs=155.230.20.251-9618&noUDP&sock=930313_ea96_3>
...
001 (47440.090.000) 12/19 19:55:25 Job executing on host: <155.230.21.109:9618?addrs=155.230.21.109-9618&noUDP&sock=26104_c051_3>
...
006 (47440.090.000) 12/19 19:55:33 Image size of job updated: 291136
	213  -  MemoryUsage of job (MB)
	217408  -  ResidentSetSize of job (KB)
...
006 (47440.090.000) 12/19 19:55:38 Image size of job updated: 314112
	213  -  MemoryUsage of job (MB)
	217416  -  ResidentSetSize of job (KB)
...
005 (47440.090.000) 12/19 19:55:39 Job terminated.
	(1) Normal termination (return value 0)
		Usr 0 00:00:11, Sys 0 00:00:01  -  Run Remote Usage
		Usr 0 00:00:00, Sys 0 00:00:00  -  Run Local Usage
		Usr 0 00:00:11, Sys 0 00:00:01  -  Total Remote Usage
		Usr 0 00:00:00, Sys 0 00:00:00  -  Total Local Usage
	554  -  Run Bytes Sent By Job
	10413  -  Run Bytes Received By Job
	554  -  Total Bytes Sent By Job
	10413  -  Total Bytes Received By Job
	Partitionable Resources :    Usage  Request Allocated 
	   Cpus                 :        0        1         1 
	   Disk (KB)            :       28  2048000   3710353 
	   Memory (MB)          :      213     2000      2000 
...
000 (339717.090.000) 01/29 15:38:00 Job submitted from host: <155.230.23.72:9618?addrs=155.230.23.72-9618&noUDP&sock=882541_4c40_3>
...
009 (339717.090.000) 01/29 15:38:24 Job was aborted by the user.
	via condor_rm (by user choij)
...
000 (339718.090.000) 01/29 15:39:25 Job submitted from host: <155.230.23.72:9618?addrs=155.230.23.72-9618&noUDP&sock=882541_4c40_3>
...
001 (339718.090.000) 01/29 15:39:59 Job executing on host: <155.230.21.82:9618?addrs=155.230.21.82-9618&noUDP&sock=1520_2c0b_36>
...
006 (339718.090.000) 01/29 15:40:06 Image size of job updated: 194480
	0  -  MemoryUsage of job (MB)
	0  -  ResidentSetSize of job (KB)
...
005 (339718.090.000) 01/29 15:40:06 Job terminated.
	(1) Normal termination (return value 1)
		Usr 0 00:00:05, Sys 0 00:00:00  -  Run Remote Usage
		Usr 0 00:00:00, Sys 0 00:00:00  -  Run Local Usage
		Usr 0 00:00:05, Sys 0 00:00:00  -  Total Remote Usage
		Usr 0 00:00:00, Sys 0 00:00:00  -  Total Local Usage
	1689  -  Run Bytes Sent By Job
	10651  -  Run Bytes Received By Job
	1689  -  Total Bytes Sent By Job
	10651  -  Total Bytes Received By Job
	Partitionable Resources :    Usage  Request Allocated 
	   Cpus                 :        0        1         1 
	   Disk (KB)            :       29  2048000   3786225 
	   Memory (MB)          :        0     2000      2000 
...
000 (339719.090.000) 01/29 15:52:31 Job submitted from host: <155.230.23.72:9618?addrs=155.230.23.72-9618&noUDP&sock=882541_4c40_3>
...
001 (339719.090.000) 01/29 15:53:09 Job executing on host: <155.230.21.81:9618?addrs=155.230.21.81-9618&noUDP&sock=1515_be12_36>
...
006 (339719.090.000) 01/29 15:53:18 Image size of job updated: 246112
	174  -  MemoryUsage of job (MB)
	177872  -  ResidentSetSize of job (KB)
...
006 (339719.090.000) 01/29 15:53:21 Image size of job updated: 246180
	174  -  MemoryUsage of job (MB)
	177940  -  ResidentSetSize of job (KB)
...
005 (339719.090.000) 01/29 15:53:21 Job terminated.
	(1) Normal termination (return value 0)
		Usr 0 00:00:05, Sys 0 00:00:01  -  Run Remote Usage
		Usr 0 00:00:00, Sys 0 00:00:00  -  Run Local Usage
		Usr 0 00:00:05, Sys 0 00:00:01  -  Total Remote Usage
		Usr 0 00:00:00, Sys 0 00:00:00  -  Total Local Usage
	788  -  Run Bytes Sent By Job
	10707  -  Run Bytes Received By Job
	788  -  Total Bytes Sent By Job
	10707  -  Total Bytes Received By Job
	Partitionable Resources :    Usage  Request Allocated 
	   Cpus                 :        0        1         1 
	   Disk (KB)            :       28  2048000   3790577 
	   Memory (MB)          :      174     2000      2000 
...
000 (339720.090.000) 01/29 15:56:41 Job submitted from host: <155.230.23.72:9618?addrs=155.230.23.72-9618&noUDP&sock=882541_4c40_3>
...
001 (339720.090.000) 01/29 15:57:55 Job executing on host: <155.230.21.85:9618?addrs=155.230.21.85-9618&noUDP&sock=1521_dba3_36>
...
006 (339720.090.000) 01/29 15:58:04 Image size of job updated: 301052
	220  -  MemoryUsage of job (MB)
	224524  -  ResidentSetSize of job (KB)
...
005 (339720.090.000) 01/29 15:58:08 Job terminated.
	(1) Normal termination (return value 0)
		Usr 0 00:00:09, Sys 0 00:00:01  -  Run Remote Usage
		Usr 0 00:00:00, Sys 0 00:00:00  -  Run Local Usage
		Usr 0 00:00:09, Sys 0 00:00:01  -  Total Remote Usage
		Usr 0 00:00:00, Sys 0 00:00:00  -  Total Local Usage
	989  -  Run Bytes Sent By Job
	10696  -  Run Bytes Received By Job
	989  -  Total Bytes Sent By Job
	10696  -  Total Bytes Received By Job
	Partitionable Resources :    Usage  Request Allocated 
	   Cpus                 :        0        1         1 
	   Disk (KB)            :       29  2048000   3784116 
	   Memory (MB)          :      220     2000      2000 
...
