000 (47440.236.000) 12/19 19:07:28 Job submitted from host: <155.230.20.251:9618?addrs=155.230.20.251-9618&noUDP&sock=930313_ea96_3>
...
001 (47440.236.000) 12/19 19:58:27 Job executing on host: <155.230.21.91:9618?addrs=155.230.21.91-9618&noUDP&sock=17349_8ca8_3>
...
006 (47440.236.000) 12/19 19:58:36 Image size of job updated: 342700
	261  -  MemoryUsage of job (MB)
	266492  -  ResidentSetSize of job (KB)
...
005 (47440.236.000) 12/19 19:58:38 Job terminated.
	(1) Normal termination (return value 0)
		Usr 0 00:00:09, Sys 0 00:00:00  -  Run Remote Usage
		Usr 0 00:00:00, Sys 0 00:00:00  -  Run Local Usage
		Usr 0 00:00:09, Sys 0 00:00:00  -  Total Remote Usage
		Usr 0 00:00:00, Sys 0 00:00:00  -  Total Local Usage
	554  -  Run Bytes Sent By Job
	10413  -  Run Bytes Received By Job
	554  -  Total Bytes Sent By Job
	10413  -  Total Bytes Received By Job
	Partitionable Resources :    Usage  Request Allocated 
	   Cpus                 :        0        1         1 
	   Disk (KB)            :       28  2048000   3710322 
	   Memory (MB)          :      261     2000      2000 
...
000 (339717.236.000) 01/29 15:38:01 Job submitted from host: <155.230.23.72:9618?addrs=155.230.23.72-9618&noUDP&sock=882541_4c40_3>
...
009 (339717.236.000) 01/29 15:38:25 Job was aborted by the user.
	via condor_rm (by user choij)
...
000 (339718.236.000) 01/29 15:39:25 Job submitted from host: <155.230.23.72:9618?addrs=155.230.23.72-9618&noUDP&sock=882541_4c40_3>
...
001 (339718.236.000) 01/29 15:42:57 Job executing on host: <155.230.21.108:9618?addrs=155.230.21.108-9618&noUDP&sock=779_e85d_48>
...
006 (339718.236.000) 01/29 15:43:05 Image size of job updated: 286504
	208  -  MemoryUsage of job (MB)
	212376  -  ResidentSetSize of job (KB)
...
005 (339718.236.000) 01/29 15:43:05 Job terminated.
	(1) Normal termination (return value 1)
		Usr 0 00:00:06, Sys 0 00:00:01  -  Run Remote Usage
		Usr 0 00:00:00, Sys 0 00:00:00  -  Run Local Usage
		Usr 0 00:00:06, Sys 0 00:00:01  -  Total Remote Usage
		Usr 0 00:00:00, Sys 0 00:00:00  -  Total Local Usage
	1691  -  Run Bytes Sent By Job
	10651  -  Run Bytes Received By Job
	1691  -  Total Bytes Sent By Job
	10651  -  Total Bytes Received By Job
	Partitionable Resources :    Usage  Request Allocated 
	   Cpus                 :        0        1         1 
	   Disk (KB)            :       29  2048000   3842793 
	   Memory (MB)          :      208     2000      2000 
...
000 (339719.236.000) 01/29 15:52:31 Job submitted from host: <155.230.23.72:9618?addrs=155.230.23.72-9618&noUDP&sock=882541_4c40_3>
...
009 (339719.236.000) 01/29 15:54:51 Job was aborted by the user.
	via condor_rm (by user choij)
...
000 (339720.236.000) 01/29 15:56:41 Job submitted from host: <155.230.23.72:9618?addrs=155.230.23.72-9618&noUDP&sock=882541_4c40_3>
...
001 (339720.236.000) 01/29 15:59:54 Job executing on host: <155.230.21.109:9618?addrs=155.230.21.109-9618&noUDP&sock=26104_c051_50>
...
006 (339720.236.000) 01/29 16:00:02 Image size of job updated: 293944
	215  -  MemoryUsage of job (MB)
	219816  -  ResidentSetSize of job (KB)
...
006 (339720.236.000) 01/29 16:00:09 Image size of job updated: 340536
	215  -  MemoryUsage of job (MB)
	219816  -  ResidentSetSize of job (KB)
...
005 (339720.236.000) 01/29 16:00:09 Job terminated.
	(1) Normal termination (return value 0)
		Usr 0 00:00:11, Sys 0 00:00:01  -  Run Remote Usage
		Usr 0 00:00:00, Sys 0 00:00:00  -  Run Local Usage
		Usr 0 00:00:11, Sys 0 00:00:01  -  Total Remote Usage
		Usr 0 00:00:00, Sys 0 00:00:00  -  Total Local Usage
	994  -  Run Bytes Sent By Job
	10696  -  Run Bytes Received By Job
	994  -  Total Bytes Sent By Job
	10696  -  Total Bytes Received By Job
	Partitionable Resources :    Usage  Request Allocated 
	   Cpus                 :        0        1         1 
	   Disk (KB)            :       29  2048000   3842254 
	   Memory (MB)          :      215     2000      2000 
...
