000 (47440.460.000) 12/19 19:07:30 Job submitted from host: <155.230.20.251:9618?addrs=155.230.20.251-9618&noUDP&sock=930313_ea96_3>
...
001 (47440.460.000) 12/19 20:03:30 Job executing on host: <155.230.21.80:9618?addrs=155.230.21.80-9618+[--1]-9618&noUDP&sock=7725_4933_3>
...
006 (47440.460.000) 12/19 20:03:39 Image size of job updated: 312744
	231  -  MemoryUsage of job (MB)
	236512  -  ResidentSetSize of job (KB)
...
005 (47440.460.000) 12/19 20:03:43 Job terminated.
	(1) Normal termination (return value 0)
		Usr 0 00:00:09, Sys 0 00:00:00  -  Run Remote Usage
		Usr 0 00:00:00, Sys 0 00:00:00  -  Run Local Usage
		Usr 0 00:00:09, Sys 0 00:00:00  -  Total Remote Usage
		Usr 0 00:00:00, Sys 0 00:00:00  -  Total Local Usage
	554  -  Run Bytes Sent By Job
	10413  -  Run Bytes Received By Job
	554  -  Total Bytes Sent By Job
	10413  -  Total Bytes Received By Job
	Partitionable Resources :    Usage  Request Allocated 
	   Cpus                 :                 1         1 
	   Disk (KB)            :       22  2048000  18302493 
	   Memory (MB)          :      231     2000      2000 
...
000 (339717.460.000) 01/29 15:38:01 Job submitted from host: <155.230.23.72:9618?addrs=155.230.23.72-9618&noUDP&sock=882541_4c40_3>
...
009 (339717.460.000) 01/29 15:38:25 Job was aborted by the user.
	via condor_rm (by user choij)
...
000 (339718.460.000) 01/29 15:39:26 Job submitted from host: <155.230.23.72:9618?addrs=155.230.23.72-9618&noUDP&sock=882541_4c40_3>
...
001 (339718.460.000) 01/29 15:47:02 Job executing on host: <155.230.21.85:9618?addrs=155.230.21.85-9618&noUDP&sock=1521_dba3_36>
...
006 (339718.460.000) 01/29 15:47:09 Image size of job updated: 200996
	0  -  MemoryUsage of job (MB)
	0  -  ResidentSetSize of job (KB)
...
005 (339718.460.000) 01/29 15:47:09 Job terminated.
	(1) Normal termination (return value 1)
		Usr 0 00:00:05, Sys 0 00:00:00  -  Run Remote Usage
		Usr 0 00:00:00, Sys 0 00:00:00  -  Run Local Usage
		Usr 0 00:00:05, Sys 0 00:00:00  -  Total Remote Usage
		Usr 0 00:00:00, Sys 0 00:00:00  -  Total Local Usage
	1691  -  Run Bytes Sent By Job
	10651  -  Run Bytes Received By Job
	1691  -  Total Bytes Sent By Job
	10651  -  Total Bytes Received By Job
	Partitionable Resources :    Usage  Request Allocated 
	   Cpus                 :        0        1         1 
	   Disk (KB)            :       29  2048000   3784116 
	   Memory (MB)          :        0     2000      2000 
...
000 (339719.460.000) 01/29 15:52:32 Job submitted from host: <155.230.23.72:9618?addrs=155.230.23.72-9618&noUDP&sock=882541_4c40_3>
...
009 (339719.460.000) 01/29 15:54:51 Job was aborted by the user.
	via condor_rm (by user choij)
...
000 (339720.460.000) 01/29 15:56:41 Job submitted from host: <155.230.23.72:9618?addrs=155.230.23.72-9618&noUDP&sock=882541_4c40_3>
...
001 (339720.460.000) 01/29 16:03:26 Job executing on host: <155.230.21.94:9618?addrs=155.230.21.94-9618&noUDP&sock=10639_0c2d_48>
...
006 (339720.460.000) 01/29 16:03:34 Image size of job updated: 291216
	212  -  MemoryUsage of job (MB)
	216388  -  ResidentSetSize of job (KB)
...
006 (339720.460.000) 01/29 16:03:42 Image size of job updated: 309180
	212  -  MemoryUsage of job (MB)
	216388  -  ResidentSetSize of job (KB)
...
005 (339720.460.000) 01/29 16:03:42 Job terminated.
	(1) Normal termination (return value 0)
		Usr 0 00:00:10, Sys 0 00:00:01  -  Run Remote Usage
		Usr 0 00:00:00, Sys 0 00:00:00  -  Run Local Usage
		Usr 0 00:00:10, Sys 0 00:00:01  -  Total Remote Usage
		Usr 0 00:00:00, Sys 0 00:00:00  -  Total Local Usage
	994  -  Run Bytes Sent By Job
	10696  -  Run Bytes Received By Job
	994  -  Total Bytes Sent By Job
	10696  -  Total Bytes Received By Job
	Partitionable Resources :    Usage  Request Allocated 
	   Cpus                 :     0.17        1         1 
	   Disk (KB)            :    29     2048000   3782837 
	   Memory (MB)          :   212        2000      2000 
...
