000 (47440.043.000) 12/19 19:07:28 Job submitted from host: <155.230.20.251:9618?addrs=155.230.20.251-9618&noUDP&sock=930313_ea96_3>
...
001 (47440.043.000) 12/19 19:54:23 Job executing on host: <155.230.21.94:9618?addrs=155.230.21.94-9618&noUDP&sock=10639_0c2d_3>
...
006 (47440.043.000) 12/19 19:54:31 Image size of job updated: 309644
	228  -  MemoryUsage of job (MB)
	233412  -  ResidentSetSize of job (KB)
...
006 (47440.043.000) 12/19 19:54:34 Image size of job updated: 601300
	228  -  MemoryUsage of job (MB)
	233412  -  ResidentSetSize of job (KB)
...
005 (47440.043.000) 12/19 19:54:34 Job terminated.
	(1) Normal termination (return value 0)
		Usr 0 00:00:09, Sys 0 00:00:00  -  Run Remote Usage
		Usr 0 00:00:00, Sys 0 00:00:00  -  Run Local Usage
		Usr 0 00:00:09, Sys 0 00:00:00  -  Total Remote Usage
		Usr 0 00:00:00, Sys 0 00:00:00  -  Total Local Usage
	554  -  Run Bytes Sent By Job
	10413  -  Run Bytes Received By Job
	554  -  Total Bytes Sent By Job
	10413  -  Total Bytes Received By Job
	Partitionable Resources :    Usage  Request Allocated 
	   Cpus                 :     0.02        1         1 
	   Disk (KB)            :    28     2048000   3709486 
	   Memory (MB)          :   228        2000      2000 
...
000 (336703.043.000) 01/28 15:25:46 Job submitted from host: <155.230.23.72:9618?addrs=155.230.23.72-9618&noUDP&sock=882541_4c40_3>
...
001 (336703.043.000) 01/28 15:26:01 Job executing on host: <155.230.21.119:9618?addrs=155.230.21.119-9618&noUDP&sock=7399_ad53_47>
...
006 (336703.043.000) 01/28 15:26:09 Image size of job updated: 214492
	143  -  MemoryUsage of job (MB)
	146420  -  ResidentSetSize of job (KB)
...
006 (336703.043.000) 01/28 15:29:47 Image size of job updated: 347208
	144  -  MemoryUsage of job (MB)
	146456  -  ResidentSetSize of job (KB)
...
005 (336703.043.000) 01/28 15:29:47 Job terminated.
	(1) Normal termination (return value 0)
		Usr 0 00:03:28, Sys 0 00:00:13  -  Run Remote Usage
		Usr 0 00:00:00, Sys 0 00:00:00  -  Run Local Usage
		Usr 0 00:03:28, Sys 0 00:00:13  -  Total Remote Usage
		Usr 0 00:00:00, Sys 0 00:00:00  -  Total Local Usage
	747  -  Run Bytes Sent By Job
	10577  -  Run Bytes Received By Job
	747  -  Total Bytes Sent By Job
	10577  -  Total Bytes Received By Job
	Partitionable Resources :    Usage  Request Allocated 
	   Cpus                 :     1.00        1         1 
	   Disk (KB)            :    28     2048000   3788489 
	   Memory (MB)          :   144        2000      2000 
...
000 (339712.043.000) 01/29 14:36:17 Job submitted from host: <155.230.23.72:9618?addrs=155.230.23.72-9618&noUDP&sock=882541_4c40_3>
...
001 (339712.043.000) 01/29 14:36:49 Job executing on host: <155.230.21.117:9618?addrs=155.230.21.117-9618&noUDP&sock=8728_42b0_47>
...
006 (339712.043.000) 01/29 14:36:58 Image size of job updated: 288500
	209  -  MemoryUsage of job (MB)
	213988  -  ResidentSetSize of job (KB)
...
006 (339712.043.000) 01/29 14:39:50 Image size of job updated: 352556
	209  -  MemoryUsage of job (MB)
	213988  -  ResidentSetSize of job (KB)
...
005 (339712.043.000) 01/29 14:39:51 Job terminated.
	(1) Normal termination (return value 0)
		Usr 0 00:02:46, Sys 0 00:00:12  -  Run Remote Usage
		Usr 0 00:00:00, Sys 0 00:00:00  -  Run Local Usage
		Usr 0 00:02:46, Sys 0 00:00:12  -  Total Remote Usage
		Usr 0 00:00:00, Sys 0 00:00:00  -  Total Local Usage
	747  -  Run Bytes Sent By Job
	10553  -  Run Bytes Received By Job
	747  -  Total Bytes Sent By Job
	10553  -  Total Bytes Received By Job
	Partitionable Resources :    Usage  Request Allocated 
	   Cpus                 :        0        1         1 
	   Disk (KB)            :       28  2048000   3791002 
	   Memory (MB)          :      209     2000      2000 
...
000 (339716.043.000) 01/29 15:15:50 Job submitted from host: <155.230.23.72:9618?addrs=155.230.23.72-9618&noUDP&sock=882541_4c40_3>
...
001 (339716.043.000) 01/29 15:17:04 Job executing on host: <155.230.21.72:9618?addrs=155.230.21.72-9618&noUDP&sock=23623_fdd9_3>
...
006 (339716.043.000) 01/29 15:17:12 Image size of job updated: 116956
	66  -  MemoryUsage of job (MB)
	66944  -  ResidentSetSize of job (KB)
...
006 (339716.043.000) 01/29 15:22:12 Image size of job updated: 332772
	252  -  MemoryUsage of job (MB)
	257308  -  ResidentSetSize of job (KB)
...
006 (339716.043.000) 01/29 15:23:37 Image size of job updated: 332772
	254  -  MemoryUsage of job (MB)
	259992  -  ResidentSetSize of job (KB)
...
005 (339716.043.000) 01/29 15:23:37 Job terminated.
	(1) Normal termination (return value 0)
		Usr 0 00:04:39, Sys 0 00:00:15  -  Run Remote Usage
		Usr 0 00:00:00, Sys 0 00:00:00  -  Run Local Usage
		Usr 0 00:04:39, Sys 0 00:00:15  -  Total Remote Usage
		Usr 0 00:00:00, Sys 0 00:00:00  -  Total Local Usage
	747  -  Run Bytes Sent By Job
	10553  -  Run Bytes Received By Job
	747  -  Total Bytes Sent By Job
	10553  -  Total Bytes Received By Job
	Partitionable Resources :    Usage  Request Allocated 
	   Cpus                 :     0.85        1         1 
	   Disk (KB)            :    28     2048000   3695198 
	   Memory (MB)          :   254        2000      2000 
...
000 (339717.043.000) 01/29 15:38:00 Job submitted from host: <155.230.23.72:9618?addrs=155.230.23.72-9618&noUDP&sock=882541_4c40_3>
...
001 (339717.043.000) 01/29 15:38:17 Job executing on host: <155.230.21.119:9618?addrs=155.230.21.119-9618&noUDP&sock=7399_ad53_47>
...
006 (339717.043.000) 01/29 15:38:25 Image size of job updated: 204652
	134  -  MemoryUsage of job (MB)
	136896  -  ResidentSetSize of job (KB)
...
006 (339717.043.000) 01/29 15:38:27 Image size of job updated: 252368
	179  -  MemoryUsage of job (MB)
	182976  -  ResidentSetSize of job (KB)
...
004 (339717.043.000) 01/29 15:38:27 Job was evicted.
	(0) Job was not checkpointed.
		Usr 0 00:00:05, Sys 0 00:00:01  -  Run Remote Usage
		Usr 0 00:00:00, Sys 0 00:00:00  -  Run Local Usage
	359  -  Run Bytes Sent By Job
	10651  -  Run Bytes Received By Job
	Partitionable Resources :    Usage  Request Allocated 
	   Cpus                 :        0        1         1 
	   Disk (KB)            :       28  2048000   3788489 
	   Memory (MB)          :      179     2000      2000 
...
009 (339717.043.000) 01/29 15:38:27 Job was aborted by the user.
	via condor_rm (by user choij)
...
000 (339718.043.000) 01/29 15:39:25 Job submitted from host: <155.230.23.72:9618?addrs=155.230.23.72-9618&noUDP&sock=882541_4c40_3>
...
001 (339718.043.000) 01/29 15:39:40 Job executing on host: <155.230.21.119:9618?addrs=155.230.21.119-9618&noUDP&sock=7399_ad53_47>
...
006 (339718.043.000) 01/29 15:39:48 Image size of job updated: 262532
	188  -  MemoryUsage of job (MB)
	192092  -  ResidentSetSize of job (KB)
...
006 (339718.043.000) 01/29 15:39:50 Image size of job updated: 274884
	188  -  MemoryUsage of job (MB)
	192092  -  ResidentSetSize of job (KB)
...
005 (339718.043.000) 01/29 15:39:50 Job terminated.
	(1) Normal termination (return value 1)
		Usr 0 00:00:07, Sys 0 00:00:01  -  Run Remote Usage
		Usr 0 00:00:00, Sys 0 00:00:00  -  Run Local Usage
		Usr 0 00:00:07, Sys 0 00:00:01  -  Total Remote Usage
		Usr 0 00:00:00, Sys 0 00:00:00  -  Total Local Usage
	1689  -  Run Bytes Sent By Job
	10651  -  Run Bytes Received By Job
	1689  -  Total Bytes Sent By Job
	10651  -  Total Bytes Received By Job
	Partitionable Resources :    Usage  Request Allocated 
	   Cpus                 :     0.04        1         1 
	   Disk (KB)            :    30     2048000   3788489 
	   Memory (MB)          :   188        2000      2000 
...
000 (339719.043.000) 01/29 15:52:31 Job submitted from host: <155.230.23.72:9618?addrs=155.230.23.72-9618&noUDP&sock=882541_4c40_3>
...
001 (339719.043.000) 01/29 15:52:49 Job executing on host: <155.230.21.119:9618?addrs=155.230.21.119-9618&noUDP&sock=7399_ad53_47>
...
006 (339719.043.000) 01/29 15:52:57 Image size of job updated: 261724
	187  -  MemoryUsage of job (MB)
	191272  -  ResidentSetSize of job (KB)
...
006 (339719.043.000) 01/29 15:53:01 Image size of job updated: 284648
	187  -  MemoryUsage of job (MB)
	191272  -  ResidentSetSize of job (KB)
...
005 (339719.043.000) 01/29 15:53:01 Job terminated.
	(1) Normal termination (return value 0)
		Usr 0 00:00:08, Sys 0 00:00:02  -  Run Remote Usage
		Usr 0 00:00:00, Sys 0 00:00:00  -  Run Local Usage
		Usr 0 00:00:08, Sys 0 00:00:02  -  Total Remote Usage
		Usr 0 00:00:00, Sys 0 00:00:00  -  Total Local Usage
	785  -  Run Bytes Sent By Job
	10707  -  Run Bytes Received By Job
	785  -  Total Bytes Sent By Job
	10707  -  Total Bytes Received By Job
	Partitionable Resources :    Usage  Request Allocated 
	   Cpus                 :     0.03        1         1 
	   Disk (KB)            :    29     2048000   3788489 
	   Memory (MB)          :   187        2000      2000 
...
000 (339720.043.000) 01/29 15:56:41 Job submitted from host: <155.230.23.72:9618?addrs=155.230.23.72-9618&noUDP&sock=882541_4c40_3>
...
001 (339720.043.000) 01/29 15:57:00 Job executing on host: <155.230.21.119:9618?addrs=155.230.21.119-9618&noUDP&sock=7399_ad53_47>
...
006 (339720.043.000) 01/29 15:57:09 Image size of job updated: 285948
	209  -  MemoryUsage of job (MB)
	213216  -  ResidentSetSize of job (KB)
...
006 (339720.043.000) 01/29 15:57:18 Image size of job updated: 338876
	209  -  MemoryUsage of job (MB)
	213232  -  ResidentSetSize of job (KB)
...
005 (339720.043.000) 01/29 15:57:18 Job terminated.
	(1) Normal termination (return value 0)
		Usr 0 00:00:13, Sys 0 00:00:02  -  Run Remote Usage
		Usr 0 00:00:00, Sys 0 00:00:00  -  Run Local Usage
		Usr 0 00:00:13, Sys 0 00:00:02  -  Total Remote Usage
		Usr 0 00:00:00, Sys 0 00:00:00  -  Total Local Usage
	989  -  Run Bytes Sent By Job
	10696  -  Run Bytes Received By Job
	989  -  Total Bytes Sent By Job
	10696  -  Total Bytes Received By Job
	Partitionable Resources :    Usage  Request Allocated 
	   Cpus                 :        0        1         1 
	   Disk (KB)            :       29  2048000   3788489 
	   Memory (MB)          :      209     2000      2000 
...
