000 (47440.979.000) 12/19 19:07:31 Job submitted from host: <155.230.20.251:9618?addrs=155.230.20.251-9618&noUDP&sock=930313_ea96_3>
...
001 (47440.979.000) 12/19 20:15:21 Job executing on host: <155.230.21.42:9618?addrs=155.230.21.42-9618&noUDP&sock=2987_697a_3>
...
006 (47440.979.000) 12/19 20:15:29 Image size of job updated: 69624
	32  -  MemoryUsage of job (MB)
	32432  -  ResidentSetSize of job (KB)
...
006 (47440.979.000) 12/19 20:16:01 Image size of job updated: 328076
	32  -  MemoryUsage of job (MB)
	32580  -  ResidentSetSize of job (KB)
...
005 (47440.979.000) 12/19 20:16:01 Job terminated.
	(1) Normal termination (return value 0)
		Usr 0 00:00:17, Sys 0 00:00:01  -  Run Remote Usage
		Usr 0 00:00:00, Sys 0 00:00:00  -  Run Local Usage
		Usr 0 00:00:17, Sys 0 00:00:01  -  Total Remote Usage
		Usr 0 00:00:00, Sys 0 00:00:00  -  Total Local Usage
	554  -  Run Bytes Sent By Job
	10413  -  Run Bytes Received By Job
	554  -  Total Bytes Sent By Job
	10413  -  Total Bytes Received By Job
	Partitionable Resources :    Usage  Request Allocated 
	   Cpus                 :        0        1         1 
	   Disk (KB)            :       28  2048000   3669141 
	   Memory (MB)          :       32     2000      2000 
...
