000 (47440.714.000) 12/19 19:07:31 Job submitted from host: <155.230.20.251:9618?addrs=155.230.20.251-9618&noUDP&sock=930313_ea96_3>
...
001 (47440.714.000) 12/19 20:09:23 Job executing on host: <155.230.21.96:9618?addrs=155.230.21.96-9618&noUDP&sock=24703_c822_3>
...
006 (47440.714.000) 12/19 20:09:31 Image size of job updated: 178300
	113  -  MemoryUsage of job (MB)
	115552  -  ResidentSetSize of job (KB)
...
006 (47440.714.000) 12/19 20:09:44 Image size of job updated: 197620
	113  -  MemoryUsage of job (MB)
	115552  -  ResidentSetSize of job (KB)
...
005 (47440.714.000) 12/19 20:09:44 Job terminated.
	(1) Normal termination (return value 0)
		Usr 0 00:00:13, Sys 0 00:00:00  -  Run Remote Usage
		Usr 0 00:00:00, Sys 0 00:00:00  -  Run Local Usage
		Usr 0 00:00:13, Sys 0 00:00:00  -  Total Remote Usage
		Usr 0 00:00:00, Sys 0 00:00:00  -  Total Local Usage
	554  -  Run Bytes Sent By Job
	10413  -  Run Bytes Received By Job
	554  -  Total Bytes Sent By Job
	10413  -  Total Bytes Received By Job
	Partitionable Resources :    Usage  Request Allocated 
	   Cpus                 :     0.03        1         1 
	   Disk (KB)            :    28     2048000   3533127 
	   Memory (MB)          :   113        2000      2000 
...
