000 (47440.122.000) 12/19 19:07:28 Job submitted from host: <155.230.20.251:9618?addrs=155.230.20.251-9618&noUDP&sock=930313_ea96_3>
...
001 (47440.122.000) 12/19 19:56:19 Job executing on host: <155.230.21.38:9618?addrs=155.230.21.38-9618&noUDP&sock=22636_fddf_3>
...
006 (47440.122.000) 12/19 19:56:27 Image size of job updated: 54756
	22  -  MemoryUsage of job (MB)
	22116  -  ResidentSetSize of job (KB)
...
006 (47440.122.000) 12/19 19:57:01 Image size of job updated: 304952
	22  -  MemoryUsage of job (MB)
	22180  -  ResidentSetSize of job (KB)
...
005 (47440.122.000) 12/19 19:57:03 Job terminated.
	(1) Normal termination (return value 0)
		Usr 0 00:00:18, Sys 0 00:00:01  -  Run Remote Usage
		Usr 0 00:00:00, Sys 0 00:00:00  -  Run Local Usage
		Usr 0 00:00:18, Sys 0 00:00:01  -  Total Remote Usage
		Usr 0 00:00:00, Sys 0 00:00:00  -  Total Local Usage
	554  -  Run Bytes Sent By Job
	10413  -  Run Bytes Received By Job
	554  -  Total Bytes Sent By Job
	10413  -  Total Bytes Received By Job
	Partitionable Resources :    Usage  Request Allocated 
	   Cpus                 :        0        1         1 
	   Disk (KB)            :       28  2048000   3666180 
	   Memory (MB)          :       22     2000      2000 
...
000 (339717.122.000) 01/29 15:38:01 Job submitted from host: <155.230.23.72:9618?addrs=155.230.23.72-9618&noUDP&sock=882541_4c40_3>
...
009 (339717.122.000) 01/29 15:38:25 Job was aborted by the user.
	via condor_rm (by user choij)
...
000 (339718.122.000) 01/29 15:39:25 Job submitted from host: <155.230.23.72:9618?addrs=155.230.23.72-9618&noUDP&sock=882541_4c40_3>
...
001 (339718.122.000) 01/29 15:41:05 Job executing on host: <155.230.21.96:9618?addrs=155.230.21.96-9618&noUDP&sock=24703_c822_48>
...
006 (339718.122.000) 01/29 15:41:13 Image size of job updated: 238704
	167  -  MemoryUsage of job (MB)
	170916  -  ResidentSetSize of job (KB)
...
006 (339718.122.000) 01/29 15:41:16 Image size of job updated: 292176
	167  -  MemoryUsage of job (MB)
	170988  -  ResidentSetSize of job (KB)
...
005 (339718.122.000) 01/29 15:41:16 Job terminated.
	(1) Normal termination (return value 1)
		Usr 0 00:00:08, Sys 0 00:00:01  -  Run Remote Usage
		Usr 0 00:00:00, Sys 0 00:00:00  -  Run Local Usage
		Usr 0 00:00:08, Sys 0 00:00:01  -  Total Remote Usage
		Usr 0 00:00:00, Sys 0 00:00:00  -  Total Local Usage
	1691  -  Run Bytes Sent By Job
	10651  -  Run Bytes Received By Job
	1691  -  Total Bytes Sent By Job
	10651  -  Total Bytes Received By Job
	Partitionable Resources :    Usage  Request Allocated 
	   Cpus                 :     0.03        1         1 
	   Disk (KB)            :    29     2048000   3782840 
	   Memory (MB)          :   167        2000      2000 
...
000 (339719.122.000) 01/29 15:52:31 Job submitted from host: <155.230.23.72:9618?addrs=155.230.23.72-9618&noUDP&sock=882541_4c40_3>
...
001 (339719.122.000) 01/29 15:54:00 Job executing on host: <155.230.21.96:9618?addrs=155.230.21.96-9618&noUDP&sock=24703_c822_48>
...
006 (339719.122.000) 01/29 15:54:09 Image size of job updated: 276420
	199  -  MemoryUsage of job (MB)
	203776  -  ResidentSetSize of job (KB)
...
006 (339719.122.000) 01/29 15:54:12 Image size of job updated: 276452
	199  -  MemoryUsage of job (MB)
	203776  -  ResidentSetSize of job (KB)
...
005 (339719.122.000) 01/29 15:54:12 Job terminated.
	(1) Normal termination (return value 0)
		Usr 0 00:00:08, Sys 0 00:00:01  -  Run Remote Usage
		Usr 0 00:00:00, Sys 0 00:00:00  -  Run Local Usage
		Usr 0 00:00:08, Sys 0 00:00:01  -  Total Remote Usage
		Usr 0 00:00:00, Sys 0 00:00:00  -  Total Local Usage
	789  -  Run Bytes Sent By Job
	10707  -  Run Bytes Received By Job
	789  -  Total Bytes Sent By Job
	10707  -  Total Bytes Received By Job
	Partitionable Resources :    Usage  Request Allocated 
	   Cpus                 :        0        1         1 
	   Disk (KB)            :       28  2048000   3782840 
	   Memory (MB)          :      199     2000      2000 
...
000 (339720.122.000) 01/29 15:56:41 Job submitted from host: <155.230.23.72:9618?addrs=155.230.23.72-9618&noUDP&sock=882541_4c40_3>
...
001 (339720.122.000) 01/29 15:58:25 Job executing on host: <155.230.21.97:9618?addrs=155.230.21.97-9618&noUDP&sock=19004_bde6_47>
...
006 (339720.122.000) 01/29 15:58:33 Image size of job updated: 249964
	178  -  MemoryUsage of job (MB)
	181708  -  ResidentSetSize of job (KB)
...
006 (339720.122.000) 01/29 15:58:47 Image size of job updated: 351544
	178  -  MemoryUsage of job (MB)
	181728  -  ResidentSetSize of job (KB)
...
005 (339720.122.000) 01/29 15:58:47 Job terminated.
	(1) Normal termination (return value 0)
		Usr 0 00:00:14, Sys 0 00:00:02  -  Run Remote Usage
		Usr 0 00:00:00, Sys 0 00:00:00  -  Run Local Usage
		Usr 0 00:00:14, Sys 0 00:00:02  -  Total Remote Usage
		Usr 0 00:00:00, Sys 0 00:00:00  -  Total Local Usage
	994  -  Run Bytes Sent By Job
	10696  -  Run Bytes Received By Job
	994  -  Total Bytes Sent By Job
	10696  -  Total Bytes Received By Job
	Partitionable Resources :    Usage  Request Allocated 
	   Cpus                 :        0        1         1 
	   Disk (KB)            :       29  2048000   3784333 
	   Memory (MB)          :      178     2000      2000 
...
