000 (47440.007.000) 12/19 19:07:28 Job submitted from host: <155.230.20.251:9618?addrs=155.230.20.251-9618&noUDP&sock=930313_ea96_3>
...
001 (47440.007.000) 12/19 19:53:26 Job executing on host: <155.230.21.85:9618?addrs=155.230.21.85-9618&noUDP&sock=1521_dba3_3>
...
006 (47440.007.000) 12/19 19:53:34 Image size of job updated: 304784
	224  -  MemoryUsage of job (MB)
	228552  -  ResidentSetSize of job (KB)
...
006 (47440.007.000) 12/19 19:53:38 Image size of job updated: 307928
	224  -  MemoryUsage of job (MB)
	228552  -  ResidentSetSize of job (KB)
...
005 (47440.007.000) 12/19 19:53:38 Job terminated.
	(1) Normal termination (return value 0)
		Usr 0 00:00:09, Sys 0 00:00:00  -  Run Remote Usage
		Usr 0 00:00:00, Sys 0 00:00:00  -  Run Local Usage
		Usr 0 00:00:09, Sys 0 00:00:00  -  Total Remote Usage
		Usr 0 00:00:00, Sys 0 00:00:00  -  Total Local Usage
	554  -  Run Bytes Sent By Job
	10413  -  Run Bytes Received By Job
	554  -  Total Bytes Sent By Job
	10413  -  Total Bytes Received By Job
	Partitionable Resources :    Usage  Request Allocated 
	   Cpus                 :     0.16        1         1 
	   Disk (KB)            :    28     2048000   3711575 
	   Memory (MB)          :   224        2000      2000 
...
000 (336703.007.000) 01/28 15:25:45 Job submitted from host: <155.230.23.72:9618?addrs=155.230.23.72-9618&noUDP&sock=882541_4c40_3>
...
001 (336703.007.000) 01/28 15:25:47 Job executing on host: <155.230.21.71:9618?addrs=155.230.21.71-9618&noUDP&sock=12890_0bdc_52>
...
006 (336703.007.000) 01/28 15:25:56 Image size of job updated: 5292
	4  -  MemoryUsage of job (MB)
	3968  -  ResidentSetSize of job (KB)
...
006 (336703.007.000) 01/28 15:30:58 Image size of job updated: 337820
	255  -  MemoryUsage of job (MB)
	260440  -  ResidentSetSize of job (KB)
...
005 (336703.007.000) 01/28 15:31:42 Job terminated.
	(1) Normal termination (return value 0)
		Usr 0 00:04:32, Sys 0 00:00:14  -  Run Remote Usage
		Usr 0 00:00:00, Sys 0 00:00:00  -  Run Local Usage
		Usr 0 00:04:32, Sys 0 00:00:14  -  Total Remote Usage
		Usr 0 00:00:00, Sys 0 00:00:00  -  Total Local Usage
	745  -  Run Bytes Sent By Job
	10577  -  Run Bytes Received By Job
	745  -  Total Bytes Sent By Job
	10577  -  Total Bytes Received By Job
	Partitionable Resources :    Usage  Request Allocated 
	   Cpus                 :     0.97        1         1 
	   Disk (KB)            :    28     2048000   3824701 
	   Memory (MB)          :   255        2000      2000 
...
000 (339712.007.000) 01/29 14:36:17 Job submitted from host: <155.230.23.72:9618?addrs=155.230.23.72-9618&noUDP&sock=882541_4c40_3>
...
001 (339712.007.000) 01/29 14:36:33 Job executing on host: <155.230.21.43:9618?addrs=155.230.21.43-9618+[2407-c000-c024-0-226-18ff-fe94-3c21]-9618&noUDP&sock=1286_aae2_3>
...
006 (339712.007.000) 01/29 14:36:42 Image size of job updated: 58064
	25  -  MemoryUsage of job (MB)
	25396  -  ResidentSetSize of job (KB)
...
006 (339712.007.000) 01/29 14:41:44 Image size of job updated: 350284
	267  -  MemoryUsage of job (MB)
	272908  -  ResidentSetSize of job (KB)
...
005 (339712.007.000) 01/29 14:43:32 Job terminated.
	(1) Normal termination (return value 0)
		Usr 0 00:04:31, Sys 0 00:00:13  -  Run Remote Usage
		Usr 0 00:00:00, Sys 0 00:00:00  -  Run Local Usage
		Usr 0 00:04:31, Sys 0 00:00:13  -  Total Remote Usage
		Usr 0 00:00:00, Sys 0 00:00:00  -  Total Local Usage
	745  -  Run Bytes Sent By Job
	10553  -  Run Bytes Received By Job
	745  -  Total Bytes Sent By Job
	10553  -  Total Bytes Received By Job
	Partitionable Resources :    Usage  Request Allocated 
	   Cpus                 :     0.83        1         1 
	   Disk (KB)            :    29     2048000   3905052 
	   Memory (MB)          :   267        2000      2000 
...
000 (339716.007.000) 01/29 15:15:50 Job submitted from host: <155.230.23.72:9618?addrs=155.230.23.72-9618&noUDP&sock=882541_4c40_3>
...
001 (339716.007.000) 01/29 15:16:11 Job executing on host: <155.230.21.100:9618?addrs=155.230.21.100-9618&noUDP&sock=9525_efac_48>
...
006 (339716.007.000) 01/29 15:16:19 Image size of job updated: 5852
	5  -  MemoryUsage of job (MB)
	4280  -  ResidentSetSize of job (KB)
...
006 (339716.007.000) 01/29 15:21:03 Image size of job updated: 345896
	5  -  MemoryUsage of job (MB)
	4280  -  ResidentSetSize of job (KB)
...
005 (339716.007.000) 01/29 15:21:03 Job terminated.
	(1) Normal termination (return value 0)
		Usr 0 00:03:45, Sys 0 00:00:13  -  Run Remote Usage
		Usr 0 00:00:00, Sys 0 00:00:00  -  Run Local Usage
		Usr 0 00:03:45, Sys 0 00:00:13  -  Total Remote Usage
		Usr 0 00:00:00, Sys 0 00:00:00  -  Total Local Usage
	745  -  Run Bytes Sent By Job
	10553  -  Run Bytes Received By Job
	745  -  Total Bytes Sent By Job
	10553  -  Total Bytes Received By Job
	Partitionable Resources :    Usage  Request Allocated 
	   Cpus                 :     1.00        1         1 
	   Disk (KB)            :    28     2048000   3785181 
	   Memory (MB)          :     5        2000      2000 
...
000 (339717.007.000) 01/29 15:38:00 Job submitted from host: <155.230.23.72:9618?addrs=155.230.23.72-9618&noUDP&sock=882541_4c40_3>
...
001 (339717.007.000) 01/29 15:38:19 Job executing on host: <155.230.21.99:9618?addrs=155.230.21.99-9618+[2407-c000-c024-0-e2cb-4eff-fe53-cf0f]-9618&noUDP&sock=8708_8acc_3>
...
006 (339717.007.000) 01/29 15:38:25 Image size of job updated: 112120
	61  -  MemoryUsage of job (MB)
	61804  -  ResidentSetSize of job (KB)
...
004 (339717.007.000) 01/29 15:38:25 Job was evicted.
	(0) Job was not checkpointed.
		Usr 0 00:00:02, Sys 0 00:00:01  -  Run Remote Usage
		Usr 0 00:00:00, Sys 0 00:00:00  -  Run Local Usage
	203  -  Run Bytes Sent By Job
	10651  -  Run Bytes Received By Job
	Partitionable Resources :    Usage  Request Allocated 
	   Cpus                 :        0        1         1 
	   Disk (KB)            :       28  2048000   3786677 
	   Memory (MB)          :       61     2000      2000 
...
009 (339717.007.000) 01/29 15:38:25 Job was aborted by the user.
	via condor_rm (by user choij)
...
000 (339718.007.000) 01/29 15:39:25 Job submitted from host: <155.230.23.72:9618?addrs=155.230.23.72-9618&noUDP&sock=882541_4c40_3>
...
001 (339718.007.000) 01/29 15:39:29 Job executing on host: <155.230.21.38:9618?addrs=155.230.21.38-9618&noUDP&sock=22636_fddf_3>
...
006 (339718.007.000) 01/29 15:39:37 Image size of job updated: 82520
	41  -  MemoryUsage of job (MB)
	41268  -  ResidentSetSize of job (KB)
...
006 (339718.007.000) 01/29 15:40:07 Image size of job updated: 82520
	41  -  MemoryUsage of job (MB)
	41280  -  ResidentSetSize of job (KB)
...
005 (339718.007.000) 01/29 15:40:07 Job terminated.
	(1) Normal termination (return value 1)
		Usr 0 00:00:10, Sys 0 00:00:01  -  Run Remote Usage
		Usr 0 00:00:00, Sys 0 00:00:00  -  Run Local Usage
		Usr 0 00:00:10, Sys 0 00:00:01  -  Total Remote Usage
		Usr 0 00:00:00, Sys 0 00:00:00  -  Total Local Usage
	1687  -  Run Bytes Sent By Job
	10651  -  Run Bytes Received By Job
	1687  -  Total Bytes Sent By Job
	10651  -  Total Bytes Received By Job
	Partitionable Resources :    Usage  Request Allocated 
	   Cpus                 :     0.16        1         1 
	   Disk (KB)            :    29     2048000   3666180 
	   Memory (MB)          :    41        2000      2000 
...
000 (339719.007.000) 01/29 15:52:31 Job submitted from host: <155.230.23.72:9618?addrs=155.230.23.72-9618&noUDP&sock=882541_4c40_3>
...
001 (339719.007.000) 01/29 15:52:37 Job executing on host: <155.230.21.73:9618?addrs=155.230.21.73-9618&noUDP&sock=15554_5428_3>
...
006 (339719.007.000) 01/29 15:52:46 Image size of job updated: 91640
	48  -  MemoryUsage of job (MB)
	48408  -  ResidentSetSize of job (KB)
...
006 (339719.007.000) 01/29 15:53:50 Image size of job updated: 230100
	48  -  MemoryUsage of job (MB)
	48408  -  ResidentSetSize of job (KB)
...
005 (339719.007.000) 01/29 15:53:50 Job terminated.
	(1) Normal termination (return value 0)
		Usr 0 00:00:11, Sys 0 00:00:03  -  Run Remote Usage
		Usr 0 00:00:00, Sys 0 00:00:00  -  Run Local Usage
		Usr 0 00:00:11, Sys 0 00:00:03  -  Total Remote Usage
		Usr 0 00:00:00, Sys 0 00:00:00  -  Total Local Usage
	521  -  Run Bytes Sent By Job
	10707  -  Run Bytes Received By Job
	521  -  Total Bytes Sent By Job
	10707  -  Total Bytes Received By Job
	Partitionable Resources :    Usage  Request Allocated 
	   Cpus                 :     0.20        1         1 
	   Disk (KB)            :    28     2048000   3656096 
	   Memory (MB)          :    48        2000      2000 
...
000 (339720.007.000) 01/29 15:56:41 Job submitted from host: <155.230.23.72:9618?addrs=155.230.23.72-9618&noUDP&sock=882541_4c40_3>
...
001 (339720.007.000) 01/29 15:56:47 Job executing on host: <155.230.21.73:9618?addrs=155.230.21.73-9618&noUDP&sock=15554_5428_3>
...
006 (339720.007.000) 01/29 15:56:55 Image size of job updated: 119980
	68  -  MemoryUsage of job (MB)
	68728  -  ResidentSetSize of job (KB)
...
006 (339720.007.000) 01/29 15:57:59 Image size of job updated: 239012
	68  -  MemoryUsage of job (MB)
	68728  -  ResidentSetSize of job (KB)
...
005 (339720.007.000) 01/29 15:57:59 Job terminated.
	(1) Normal termination (return value 0)
		Usr 0 00:00:18, Sys 0 00:00:04  -  Run Remote Usage
		Usr 0 00:00:00, Sys 0 00:00:00  -  Run Local Usage
		Usr 0 00:00:18, Sys 0 00:00:04  -  Total Remote Usage
		Usr 0 00:00:00, Sys 0 00:00:00  -  Total Local Usage
	897  -  Run Bytes Sent By Job
	10696  -  Run Bytes Received By Job
	897  -  Total Bytes Sent By Job
	10696  -  Total Bytes Received By Job
	Partitionable Resources :    Usage  Request Allocated 
	   Cpus                 :     0.39        1         1 
	   Disk (KB)            :    29     2048000   3656096 
	   Memory (MB)          :    68        2000      2000 
...
