000 (47440.032.000) 12/19 19:07:28 Job submitted from host: <155.230.20.251:9618?addrs=155.230.20.251-9618&noUDP&sock=930313_ea96_3>
...
001 (47440.032.000) 12/19 19:54:19 Job executing on host: <155.230.21.38:9618?addrs=155.230.21.38-9618&noUDP&sock=22636_fddf_3>
...
006 (47440.032.000) 12/19 19:54:27 Image size of job updated: 137760
	74  -  MemoryUsage of job (MB)
	75132  -  ResidentSetSize of job (KB)
...
006 (47440.032.000) 12/19 19:54:49 Image size of job updated: 305716
	74  -  MemoryUsage of job (MB)
	75140  -  ResidentSetSize of job (KB)
...
005 (47440.032.000) 12/19 19:54:50 Job terminated.
	(1) Normal termination (return value 0)
		Usr 0 00:00:17, Sys 0 00:00:01  -  Run Remote Usage
		Usr 0 00:00:00, Sys 0 00:00:00  -  Run Local Usage
		Usr 0 00:00:17, Sys 0 00:00:01  -  Total Remote Usage
		Usr 0 00:00:00, Sys 0 00:00:00  -  Total Local Usage
	554  -  Run Bytes Sent By Job
	10413  -  Run Bytes Received By Job
	554  -  Total Bytes Sent By Job
	10413  -  Total Bytes Received By Job
	Partitionable Resources :    Usage  Request Allocated 
	   Cpus                 :     0.62        1         1 
	   Disk (KB)            :    28     2048000   3666180 
	   Memory (MB)          :    74        2000      2000 
...
000 (336703.032.000) 01/28 15:25:46 Job submitted from host: <155.230.23.72:9618?addrs=155.230.23.72-9618&noUDP&sock=882541_4c40_3>
...
001 (336703.032.000) 01/28 15:25:58 Job executing on host: <155.230.21.87:9618?addrs=155.230.21.87-9618&noUDP&sock=1550_bfe2_36>
...
006 (336703.032.000) 01/28 15:26:07 Image size of job updated: 123316
	68  -  MemoryUsage of job (MB)
	69628  -  ResidentSetSize of job (KB)
...
006 (336703.032.000) 01/28 15:28:55 Image size of job updated: 354136
	68  -  MemoryUsage of job (MB)
	69628  -  ResidentSetSize of job (KB)
...
005 (336703.032.000) 01/28 15:28:55 Job terminated.
	(1) Normal termination (return value 0)
		Usr 0 00:02:30, Sys 0 00:00:11  -  Run Remote Usage
		Usr 0 00:00:00, Sys 0 00:00:00  -  Run Local Usage
		Usr 0 00:02:30, Sys 0 00:00:11  -  Total Remote Usage
		Usr 0 00:00:00, Sys 0 00:00:00  -  Total Local Usage
	747  -  Run Bytes Sent By Job
	10577  -  Run Bytes Received By Job
	747  -  Total Bytes Sent By Job
	10577  -  Total Bytes Received By Job
	Partitionable Resources :    Usage  Request Allocated 
	   Cpus                 :     1.00        1         1 
	   Disk (KB)            :    28     2048000   3787234 
	   Memory (MB)          :    68        2000      2000 
...
000 (339712.032.000) 01/29 14:36:17 Job submitted from host: <155.230.23.72:9618?addrs=155.230.23.72-9618&noUDP&sock=882541_4c40_3>
...
001 (339712.032.000) 01/29 14:36:44 Job executing on host: <155.230.21.85:9618?addrs=155.230.21.85-9618&noUDP&sock=1521_dba3_36>
...
006 (339712.032.000) 01/29 14:36:53 Image size of job updated: 205084
	135  -  MemoryUsage of job (MB)
	137304  -  ResidentSetSize of job (KB)
...
006 (339712.032.000) 01/29 14:39:37 Image size of job updated: 335608
	135  -  MemoryUsage of job (MB)
	137404  -  ResidentSetSize of job (KB)
...
005 (339712.032.000) 01/29 14:39:37 Job terminated.
	(1) Normal termination (return value 0)
		Usr 0 00:02:31, Sys 0 00:00:12  -  Run Remote Usage
		Usr 0 00:00:00, Sys 0 00:00:00  -  Run Local Usage
		Usr 0 00:02:31, Sys 0 00:00:12  -  Total Remote Usage
		Usr 0 00:00:00, Sys 0 00:00:00  -  Total Local Usage
	747  -  Run Bytes Sent By Job
	10553  -  Run Bytes Received By Job
	747  -  Total Bytes Sent By Job
	10553  -  Total Bytes Received By Job
	Partitionable Resources :    Usage  Request Allocated 
	   Cpus                 :        0        1         1 
	   Disk (KB)            :       28  2048000   3784116 
	   Memory (MB)          :      135     2000      2000 
...
000 (339716.032.000) 01/29 15:15:50 Job submitted from host: <155.230.23.72:9618?addrs=155.230.23.72-9618&noUDP&sock=882541_4c40_3>
...
001 (339716.032.000) 01/29 15:16:20 Job executing on host: <155.230.21.120:9618?addrs=155.230.21.120-9618&noUDP&sock=13477_adf4_48>
...
006 (339716.032.000) 01/29 15:16:28 Image size of job updated: 190984
	124  -  MemoryUsage of job (MB)
	126148  -  ResidentSetSize of job (KB)
...
006 (339716.032.000) 01/29 15:20:11 Image size of job updated: 307112
	124  -  MemoryUsage of job (MB)
	126152  -  ResidentSetSize of job (KB)
...
005 (339716.032.000) 01/29 15:20:11 Job terminated.
	(1) Normal termination (return value 0)
		Usr 0 00:03:29, Sys 0 00:00:12  -  Run Remote Usage
		Usr 0 00:00:00, Sys 0 00:00:00  -  Run Local Usage
		Usr 0 00:03:29, Sys 0 00:00:12  -  Total Remote Usage
		Usr 0 00:00:00, Sys 0 00:00:00  -  Total Local Usage
	747  -  Run Bytes Sent By Job
	10553  -  Run Bytes Received By Job
	747  -  Total Bytes Sent By Job
	10553  -  Total Bytes Received By Job
	Partitionable Resources :    Usage  Request Allocated 
	   Cpus                 :        0        1         1 
	   Disk (KB)            :       28  2048000   3791748 
	   Memory (MB)          :      124     2000      2000 
...
000 (339717.032.000) 01/29 15:38:00 Job submitted from host: <155.230.23.72:9618?addrs=155.230.23.72-9618&noUDP&sock=882541_4c40_3>
...
001 (339717.032.000) 01/29 15:38:11 Job executing on host: <155.230.21.87:9618?addrs=155.230.21.87-9618&noUDP&sock=1550_bfe2_36>
...
006 (339717.032.000) 01/29 15:38:19 Image size of job updated: 32596
	14  -  MemoryUsage of job (MB)
	13572  -  ResidentSetSize of job (KB)
...
006 (339717.032.000) 01/29 15:38:27 Image size of job updated: 228464
	157  -  MemoryUsage of job (MB)
	160728  -  ResidentSetSize of job (KB)
...
004 (339717.032.000) 01/29 15:38:27 Job was evicted.
	(0) Job was not checkpointed.
		Usr 0 00:00:03, Sys 0 00:00:00  -  Run Remote Usage
		Usr 0 00:00:00, Sys 0 00:00:00  -  Run Local Usage
	359  -  Run Bytes Sent By Job
	10651  -  Run Bytes Received By Job
	Partitionable Resources :    Usage  Request Allocated 
	   Cpus                 :        0        1         1 
	   Disk (KB)            :       28  2048000   3787234 
	   Memory (MB)          :      157     2000      2000 
...
009 (339717.032.000) 01/29 15:38:27 Job was aborted by the user.
	via condor_rm (by user choij)
...
000 (339718.032.000) 01/29 15:39:25 Job submitted from host: <155.230.23.72:9618?addrs=155.230.23.72-9618&noUDP&sock=882541_4c40_3>
...
001 (339718.032.000) 01/29 15:39:37 Job executing on host: <155.230.21.87:9618?addrs=155.230.21.87-9618&noUDP&sock=1550_bfe2_36>
...
006 (339718.032.000) 01/29 15:39:45 Image size of job updated: 274308
	0  -  MemoryUsage of job (MB)
	0  -  ResidentSetSize of job (KB)
...
005 (339718.032.000) 01/29 15:39:45 Job terminated.
	(1) Normal termination (return value 1)
		Usr 0 00:00:05, Sys 0 00:00:01  -  Run Remote Usage
		Usr 0 00:00:00, Sys 0 00:00:00  -  Run Local Usage
		Usr 0 00:00:05, Sys 0 00:00:01  -  Total Remote Usage
		Usr 0 00:00:00, Sys 0 00:00:00  -  Total Local Usage
	1689  -  Run Bytes Sent By Job
	10651  -  Run Bytes Received By Job
	1689  -  Total Bytes Sent By Job
	10651  -  Total Bytes Received By Job
	Partitionable Resources :    Usage  Request Allocated 
	   Cpus                 :     0.02        1         1 
	   Disk (KB)            :    29     2048000   3787234 
	   Memory (MB)          :     0        2000      2000 
...
000 (339719.032.000) 01/29 15:52:31 Job submitted from host: <155.230.23.72:9618?addrs=155.230.23.72-9618&noUDP&sock=882541_4c40_3>
...
001 (339719.032.000) 01/29 15:52:45 Job executing on host: <155.230.21.87:9618?addrs=155.230.21.87-9618&noUDP&sock=1550_bfe2_36>
...
006 (339719.032.000) 01/29 15:52:53 Image size of job updated: 292532
	213  -  MemoryUsage of job (MB)
	217480  -  ResidentSetSize of job (KB)
...
006 (339719.032.000) 01/29 15:52:55 Image size of job updated: 293740
	213  -  MemoryUsage of job (MB)
	217480  -  ResidentSetSize of job (KB)
...
005 (339719.032.000) 01/29 15:52:55 Job terminated.
	(1) Normal termination (return value 0)
		Usr 0 00:00:05, Sys 0 00:00:01  -  Run Remote Usage
		Usr 0 00:00:00, Sys 0 00:00:00  -  Run Local Usage
		Usr 0 00:00:05, Sys 0 00:00:01  -  Total Remote Usage
		Usr 0 00:00:00, Sys 0 00:00:00  -  Total Local Usage
	785  -  Run Bytes Sent By Job
	10707  -  Run Bytes Received By Job
	785  -  Total Bytes Sent By Job
	10707  -  Total Bytes Received By Job
	Partitionable Resources :    Usage  Request Allocated 
	   Cpus                 :     0.02        1         1 
	   Disk (KB)            :    29     2048000   3787234 
	   Memory (MB)          :   213        2000      2000 
...
000 (339720.032.000) 01/29 15:56:41 Job submitted from host: <155.230.23.72:9618?addrs=155.230.23.72-9618&noUDP&sock=882541_4c40_3>
...
001 (339720.032.000) 01/29 15:56:56 Job executing on host: <155.230.21.87:9618?addrs=155.230.21.87-9618&noUDP&sock=1550_bfe2_36>
...
006 (339720.032.000) 01/29 15:57:04 Image size of job updated: 291332
	212  -  MemoryUsage of job (MB)
	216276  -  ResidentSetSize of job (KB)
...
006 (339720.032.000) 01/29 15:57:12 Image size of job updated: 307520
	212  -  MemoryUsage of job (MB)
	216276  -  ResidentSetSize of job (KB)
...
005 (339720.032.000) 01/29 15:57:12 Job terminated.
	(1) Normal termination (return value 0)
		Usr 0 00:00:09, Sys 0 00:00:02  -  Run Remote Usage
		Usr 0 00:00:00, Sys 0 00:00:00  -  Run Local Usage
		Usr 0 00:00:09, Sys 0 00:00:02  -  Total Remote Usage
		Usr 0 00:00:00, Sys 0 00:00:00  -  Total Local Usage
	989  -  Run Bytes Sent By Job
	10696  -  Run Bytes Received By Job
	989  -  Total Bytes Sent By Job
	10696  -  Total Bytes Received By Job
	Partitionable Resources :    Usage  Request Allocated 
	   Cpus                 :        0        1         1 
	   Disk (KB)            :       29  2048000   3787234 
	   Memory (MB)          :      212     2000      2000 
...
