000 (47440.017.000) 12/19 19:07:28 Job submitted from host: <155.230.20.251:9618?addrs=155.230.20.251-9618&noUDP&sock=930313_ea96_3>
...
001 (47440.017.000) 12/19 19:53:31 Job executing on host: <155.230.21.120:9618?addrs=155.230.21.120-9618&noUDP&sock=13477_adf4_3>
...
006 (47440.017.000) 12/19 19:53:40 Image size of job updated: 297060
	217  -  MemoryUsage of job (MB)
	221728  -  ResidentSetSize of job (KB)
...
006 (47440.017.000) 12/19 19:53:46 Image size of job updated: 590064
	217  -  MemoryUsage of job (MB)
	221804  -  ResidentSetSize of job (KB)
...
005 (47440.017.000) 12/19 19:53:46 Job terminated.
	(1) Normal termination (return value 0)
		Usr 0 00:00:12, Sys 0 00:00:00  -  Run Remote Usage
		Usr 0 00:00:00, Sys 0 00:00:00  -  Run Local Usage
		Usr 0 00:00:12, Sys 0 00:00:00  -  Total Remote Usage
		Usr 0 00:00:00, Sys 0 00:00:00  -  Total Local Usage
	554  -  Run Bytes Sent By Job
	10413  -  Run Bytes Received By Job
	554  -  Total Bytes Sent By Job
	10413  -  Total Bytes Received By Job
	Partitionable Resources :    Usage  Request Allocated 
	   Cpus                 :        0        1         1 
	   Disk (KB)            :       28  2048000   3663831 
	   Memory (MB)          :      217     2000      2000 
...
000 (336703.017.000) 01/28 15:25:46 Job submitted from host: <155.230.23.72:9618?addrs=155.230.23.72-9618&noUDP&sock=882541_4c40_3>
...
001 (336703.017.000) 01/28 15:25:49 Job executing on host: <155.230.21.100:9618?addrs=155.230.21.100-9618&noUDP&sock=9525_efac_48>
...
006 (336703.017.000) 01/28 15:25:57 Image size of job updated: 23216
	10  -  MemoryUsage of job (MB)
	9788  -  ResidentSetSize of job (KB)
...
006 (336703.017.000) 01/28 15:30:09 Image size of job updated: 313812
	10  -  MemoryUsage of job (MB)
	9788  -  ResidentSetSize of job (KB)
...
005 (336703.017.000) 01/28 15:30:09 Job terminated.
	(1) Normal termination (return value 0)
		Usr 0 00:03:44, Sys 0 00:00:12  -  Run Remote Usage
		Usr 0 00:00:00, Sys 0 00:00:00  -  Run Local Usage
		Usr 0 00:03:44, Sys 0 00:00:12  -  Total Remote Usage
		Usr 0 00:00:00, Sys 0 00:00:00  -  Total Local Usage
	747  -  Run Bytes Sent By Job
	10577  -  Run Bytes Received By Job
	747  -  Total Bytes Sent By Job
	10577  -  Total Bytes Received By Job
	Partitionable Resources :    Usage  Request Allocated 
	   Cpus                 :     1.00        1         1 
	   Disk (KB)            :    28     2048000   3785181 
	   Memory (MB)          :    10        2000      2000 
...
000 (339712.017.000) 01/29 14:36:17 Job submitted from host: <155.230.23.72:9618?addrs=155.230.23.72-9618&noUDP&sock=882541_4c40_3>
...
001 (339712.017.000) 01/29 14:36:38 Job executing on host: <155.230.21.88:9618?addrs=155.230.21.88-9618&noUDP&sock=1537_d527_36>
...
006 (339712.017.000) 01/29 14:36:46 Image size of job updated: 178264
	112  -  MemoryUsage of job (MB)
	114604  -  ResidentSetSize of job (KB)
...
006 (339712.017.000) 01/29 14:39:28 Image size of job updated: 309460
	112  -  MemoryUsage of job (MB)
	114636  -  ResidentSetSize of job (KB)
...
005 (339712.017.000) 01/29 14:39:28 Job terminated.
	(1) Normal termination (return value 0)
		Usr 0 00:02:30, Sys 0 00:00:12  -  Run Remote Usage
		Usr 0 00:00:00, Sys 0 00:00:00  -  Run Local Usage
		Usr 0 00:02:30, Sys 0 00:00:12  -  Total Remote Usage
		Usr 0 00:00:00, Sys 0 00:00:00  -  Total Local Usage
	747  -  Run Bytes Sent By Job
	10553  -  Run Bytes Received By Job
	747  -  Total Bytes Sent By Job
	10553  -  Total Bytes Received By Job
	Partitionable Resources :    Usage  Request Allocated 
	   Cpus                 :     1.00        1         1 
	   Disk (KB)            :    28     2048000   3742428 
	   Memory (MB)          :   112        2000      2000 
...
000 (339716.017.000) 01/29 15:15:50 Job submitted from host: <155.230.23.72:9618?addrs=155.230.23.72-9618&noUDP&sock=882541_4c40_3>
...
001 (339716.017.000) 01/29 15:16:14 Job executing on host: <155.230.21.109:9618?addrs=155.230.21.109-9618&noUDP&sock=26104_c051_50>
...
006 (339716.017.000) 01/29 15:16:23 Image size of job updated: 274464
	198  -  MemoryUsage of job (MB)
	201956  -  ResidentSetSize of job (KB)
...
006 (339716.017.000) 01/29 15:19:31 Image size of job updated: 348496
	198  -  MemoryUsage of job (MB)
	201968  -  ResidentSetSize of job (KB)
...
005 (339716.017.000) 01/29 15:19:31 Job terminated.
	(1) Normal termination (return value 0)
		Usr 0 00:03:00, Sys 0 00:00:12  -  Run Remote Usage
		Usr 0 00:00:00, Sys 0 00:00:00  -  Run Local Usage
		Usr 0 00:03:00, Sys 0 00:00:12  -  Total Remote Usage
		Usr 0 00:00:00, Sys 0 00:00:00  -  Total Local Usage
	747  -  Run Bytes Sent By Job
	10553  -  Run Bytes Received By Job
	747  -  Total Bytes Sent By Job
	10553  -  Total Bytes Received By Job
	Partitionable Resources :    Usage  Request Allocated 
	   Cpus                 :     1.00        1         1 
	   Disk (KB)            :    28     2048000   3842254 
	   Memory (MB)          :   198        2000      2000 
...
000 (339717.017.000) 01/29 15:38:00 Job submitted from host: <155.230.23.72:9618?addrs=155.230.23.72-9618&noUDP&sock=882541_4c40_3>
...
001 (339717.017.000) 01/29 15:38:16 Job executing on host: <155.230.21.95:9618?addrs=155.230.21.95-9618+[2407-c000-c024-0-e2cb-4eff-fe53-cf1d]-9618&noUDP&sock=14962_4417_48>
...
006 (339717.017.000) 01/29 15:38:24 Image size of job updated: 162020
	97  -  MemoryUsage of job (MB)
	99016  -  ResidentSetSize of job (KB)
...
006 (339717.017.000) 01/29 15:38:26 Image size of job updated: 199424
	130  -  MemoryUsage of job (MB)
	132124  -  ResidentSetSize of job (KB)
...
004 (339717.017.000) 01/29 15:38:26 Job was evicted.
	(0) Job was not checkpointed.
		Usr 0 00:00:05, Sys 0 00:00:01  -  Run Remote Usage
		Usr 0 00:00:00, Sys 0 00:00:00  -  Run Local Usage
	359  -  Run Bytes Sent By Job
	10651  -  Run Bytes Received By Job
	Partitionable Resources :    Usage  Request Allocated 
	   Cpus                 :                 1         1 
	   Disk (KB)            :       22  2048000  18931057 
	   Memory (MB)          :      130     2000      2000 
...
009 (339717.017.000) 01/29 15:38:26 Job was aborted by the user.
	via condor_rm (by user choij)
...
000 (339718.017.000) 01/29 15:39:25 Job submitted from host: <155.230.23.72:9618?addrs=155.230.23.72-9618&noUDP&sock=882541_4c40_3>
...
001 (339718.017.000) 01/29 15:39:31 Job executing on host: <155.230.21.95:9618?addrs=155.230.21.95-9618+[2407-c000-c024-0-e2cb-4eff-fe53-cf1d]-9618&noUDP&sock=14962_4417_48>
...
006 (339718.017.000) 01/29 15:39:39 Image size of job updated: 219228
	149  -  MemoryUsage of job (MB)
	151636  -  ResidentSetSize of job (KB)
...
005 (339718.017.000) 01/29 15:39:43 Job terminated.
	(1) Normal termination (return value 1)
		Usr 0 00:00:08, Sys 0 00:00:01  -  Run Remote Usage
		Usr 0 00:00:00, Sys 0 00:00:00  -  Run Local Usage
		Usr 0 00:00:08, Sys 0 00:00:01  -  Total Remote Usage
		Usr 0 00:00:00, Sys 0 00:00:00  -  Total Local Usage
	1689  -  Run Bytes Sent By Job
	10651  -  Run Bytes Received By Job
	1689  -  Total Bytes Sent By Job
	10651  -  Total Bytes Received By Job
	Partitionable Resources :    Usage  Request Allocated 
	   Cpus                 :                 1         1 
	   Disk (KB)            :       23  2048000  18931057 
	   Memory (MB)          :      149     2000      2000 
...
000 (339719.017.000) 01/29 15:52:31 Job submitted from host: <155.230.23.72:9618?addrs=155.230.23.72-9618&noUDP&sock=882541_4c40_3>
...
001 (339719.017.000) 01/29 15:52:40 Job executing on host: <155.230.21.96:9618?addrs=155.230.21.96-9618&noUDP&sock=24703_c822_48>
...
006 (339719.017.000) 01/29 15:52:49 Image size of job updated: 278500
	201  -  MemoryUsage of job (MB)
	205816  -  ResidentSetSize of job (KB)
...
006 (339719.017.000) 01/29 15:52:52 Image size of job updated: 278512
	202  -  MemoryUsage of job (MB)
	205828  -  ResidentSetSize of job (KB)
...
005 (339719.017.000) 01/29 15:52:52 Job terminated.
	(1) Normal termination (return value 0)
		Usr 0 00:00:08, Sys 0 00:00:02  -  Run Remote Usage
		Usr 0 00:00:00, Sys 0 00:00:00  -  Run Local Usage
		Usr 0 00:00:08, Sys 0 00:00:02  -  Total Remote Usage
		Usr 0 00:00:00, Sys 0 00:00:00  -  Total Local Usage
	785  -  Run Bytes Sent By Job
	10707  -  Run Bytes Received By Job
	785  -  Total Bytes Sent By Job
	10707  -  Total Bytes Received By Job
	Partitionable Resources :    Usage  Request Allocated 
	   Cpus                 :        0        1         1 
	   Disk (KB)            :       28  2048000   3782840 
	   Memory (MB)          :      202     2000      2000 
...
000 (339720.017.000) 01/29 15:56:41 Job submitted from host: <155.230.23.72:9618?addrs=155.230.23.72-9618&noUDP&sock=882541_4c40_3>
...
001 (339720.017.000) 01/29 15:56:51 Job executing on host: <155.230.21.96:9618?addrs=155.230.21.96-9618&noUDP&sock=24703_c822_48>
...
006 (339720.017.000) 01/29 15:56:59 Image size of job updated: 252176
	180  -  MemoryUsage of job (MB)
	183764  -  ResidentSetSize of job (KB)
...
006 (339720.017.000) 01/29 15:57:11 Image size of job updated: 339248
	180  -  MemoryUsage of job (MB)
	183764  -  ResidentSetSize of job (KB)
...
005 (339720.017.000) 01/29 15:57:11 Job terminated.
	(1) Normal termination (return value 0)
		Usr 0 00:00:14, Sys 0 00:00:02  -  Run Remote Usage
		Usr 0 00:00:00, Sys 0 00:00:00  -  Run Local Usage
		Usr 0 00:00:14, Sys 0 00:00:02  -  Total Remote Usage
		Usr 0 00:00:00, Sys 0 00:00:00  -  Total Local Usage
	989  -  Run Bytes Sent By Job
	10696  -  Run Bytes Received By Job
	989  -  Total Bytes Sent By Job
	10696  -  Total Bytes Received By Job
	Partitionable Resources :    Usage  Request Allocated 
	   Cpus                 :        0        1         1 
	   Disk (KB)            :       29  2048000   3782840 
	   Memory (MB)          :      180     2000      2000 
...
