000 (47440.064.000) 12/19 19:07:28 Job submitted from host: <155.230.20.251:9618?addrs=155.230.20.251-9618&noUDP&sock=930313_ea96_3>
...
001 (47440.064.000) 12/19 19:54:30 Job executing on host: <155.230.21.121:9618?addrs=155.230.21.121-9618&noUDP&sock=28110_b34c_3>
...
006 (47440.064.000) 12/19 19:54:38 Image size of job updated: 314760
	233  -  MemoryUsage of job (MB)
	238528  -  ResidentSetSize of job (KB)
...
006 (47440.064.000) 12/19 19:54:42 Image size of job updated: 335056
	233  -  MemoryUsage of job (MB)
	238528  -  ResidentSetSize of job (KB)
...
005 (47440.064.000) 12/19 19:54:42 Job terminated.
	(1) Normal termination (return value 0)
		Usr 0 00:00:10, Sys 0 00:00:00  -  Run Remote Usage
		Usr 0 00:00:00, Sys 0 00:00:00  -  Run Local Usage
		Usr 0 00:00:10, Sys 0 00:00:00  -  Total Remote Usage
		Usr 0 00:00:00, Sys 0 00:00:00  -  Total Local Usage
	554  -  Run Bytes Sent By Job
	10413  -  Run Bytes Received By Job
	554  -  Total Bytes Sent By Job
	10413  -  Total Bytes Received By Job
	Partitionable Resources :    Usage  Request Allocated 
	   Cpus                 :        0        1         1 
	   Disk (KB)            :       28  2048000   3709756 
	   Memory (MB)          :      233     2000      2000 
...
000 (339717.064.000) 01/29 15:38:00 Job submitted from host: <155.230.23.72:9618?addrs=155.230.23.72-9618&noUDP&sock=882541_4c40_3>
...
009 (339717.064.000) 01/29 15:38:24 Job was aborted by the user.
	via condor_rm (by user choij)
...
000 (339718.064.000) 01/29 15:39:25 Job submitted from host: <155.230.23.72:9618?addrs=155.230.23.72-9618&noUDP&sock=882541_4c40_3>
...
001 (339718.064.000) 01/29 15:39:51 Job executing on host: <155.230.21.42:9618?addrs=155.230.21.42-9618&noUDP&sock=2987_697a_3>
...
006 (339718.064.000) 01/29 15:40:00 Image size of job updated: 142612
	86  -  MemoryUsage of job (MB)
	87952  -  ResidentSetSize of job (KB)
...
006 (339718.064.000) 01/29 15:40:21 Image size of job updated: 280508
	87  -  MemoryUsage of job (MB)
	88076  -  ResidentSetSize of job (KB)
...
005 (339718.064.000) 01/29 15:40:21 Job terminated.
	(1) Normal termination (return value 1)
		Usr 0 00:00:10, Sys 0 00:00:01  -  Run Remote Usage
		Usr 0 00:00:00, Sys 0 00:00:00  -  Run Local Usage
		Usr 0 00:00:10, Sys 0 00:00:01  -  Total Remote Usage
		Usr 0 00:00:00, Sys 0 00:00:00  -  Total Local Usage
	1689  -  Run Bytes Sent By Job
	10651  -  Run Bytes Received By Job
	1689  -  Total Bytes Sent By Job
	10651  -  Total Bytes Received By Job
	Partitionable Resources :    Usage  Request Allocated 
	   Cpus                 :        0        1         1 
	   Disk (KB)            :       29  2048000   3669141 
	   Memory (MB)          :       87     2000      2000 
...
000 (339719.064.000) 01/29 15:52:31 Job submitted from host: <155.230.23.72:9618?addrs=155.230.23.72-9618&noUDP&sock=882541_4c40_3>
...
001 (339719.064.000) 01/29 15:52:59 Job executing on host: <155.230.21.35:9618?addrs=155.230.21.35-9618&noUDP&sock=11940_6ce3_3>
...
006 (339719.064.000) 01/29 15:53:07 Image size of job updated: 161492
	97  -  MemoryUsage of job (MB)
	98552  -  ResidentSetSize of job (KB)
...
006 (339719.064.000) 01/29 15:53:35 Image size of job updated: 293492
	97  -  MemoryUsage of job (MB)
	98624  -  ResidentSetSize of job (KB)
...
005 (339719.064.000) 01/29 15:53:36 Job terminated.
	(1) Normal termination (return value 0)
		Usr 0 00:00:11, Sys 0 00:00:03  -  Run Remote Usage
		Usr 0 00:00:00, Sys 0 00:00:00  -  Run Local Usage
		Usr 0 00:00:11, Sys 0 00:00:03  -  Total Remote Usage
		Usr 0 00:00:00, Sys 0 00:00:00  -  Total Local Usage
	522  -  Run Bytes Sent By Job
	10707  -  Run Bytes Received By Job
	522  -  Total Bytes Sent By Job
	10707  -  Total Bytes Received By Job
	Partitionable Resources :    Usage  Request Allocated 
	   Cpus                 :     0.04        1         1 
	   Disk (KB)            :    28     2048000   3689027 
	   Memory (MB)          :    97        2000      2000 
...
000 (339720.064.000) 01/29 15:56:41 Job submitted from host: <155.230.23.72:9618?addrs=155.230.23.72-9618&noUDP&sock=882541_4c40_3>
...
001 (339720.064.000) 01/29 15:57:48 Job executing on host: <155.230.21.33:9618?addrs=155.230.21.33-9618&noUDP&sock=18775_aab5_3>
...
006 (339720.064.000) 01/29 15:57:57 Image size of job updated: 180284
	114  -  MemoryUsage of job (MB)
	116088  -  ResidentSetSize of job (KB)
...
006 (339720.064.000) 01/29 15:58:22 Image size of job updated: 307564
	114  -  MemoryUsage of job (MB)
	116164  -  ResidentSetSize of job (KB)
...
005 (339720.064.000) 01/29 15:58:22 Job terminated.
	(1) Normal termination (return value 0)
		Usr 0 00:00:19, Sys 0 00:00:02  -  Run Remote Usage
		Usr 0 00:00:00, Sys 0 00:00:00  -  Run Local Usage
		Usr 0 00:00:19, Sys 0 00:00:02  -  Total Remote Usage
		Usr 0 00:00:00, Sys 0 00:00:00  -  Total Local Usage
	992  -  Run Bytes Sent By Job
	10696  -  Run Bytes Received By Job
	992  -  Total Bytes Sent By Job
	10696  -  Total Bytes Received By Job
	Partitionable Resources :    Usage  Request Allocated 
	   Cpus                 :     0.62        1         1 
	   Disk (KB)            :    29     2048000   3679636 
	   Memory (MB)          :   114        2000      2000 
...
