000 (47440.076.000) 12/19 19:07:28 Job submitted from host: <155.230.20.251:9618?addrs=155.230.20.251-9618&noUDP&sock=930313_ea96_3>
...
001 (47440.076.000) 12/19 19:55:20 Job executing on host: <155.230.21.33:9618?addrs=155.230.21.33-9618&noUDP&sock=18775_aab5_3>
...
006 (47440.076.000) 12/19 19:55:29 Image size of job updated: 159040
	94  -  MemoryUsage of job (MB)
	96052  -  ResidentSetSize of job (KB)
...
005 (47440.076.000) 12/19 19:55:47 Job terminated.
	(1) Normal termination (return value 0)
		Usr 0 00:00:18, Sys 0 00:00:01  -  Run Remote Usage
		Usr 0 00:00:00, Sys 0 00:00:00  -  Run Local Usage
		Usr 0 00:00:18, Sys 0 00:00:01  -  Total Remote Usage
		Usr 0 00:00:00, Sys 0 00:00:00  -  Total Local Usage
	554  -  Run Bytes Sent By Job
	10413  -  Run Bytes Received By Job
	554  -  Total Bytes Sent By Job
	10413  -  Total Bytes Received By Job
	Partitionable Resources :    Usage  Request Allocated 
	   Cpus                 :        0        1         1 
	   Disk (KB)            :       28  2048000   3679636 
	   Memory (MB)          :       94     2000      2000 
...
000 (339717.076.000) 01/29 15:38:00 Job submitted from host: <155.230.23.72:9618?addrs=155.230.23.72-9618&noUDP&sock=882541_4c40_3>
...
009 (339717.076.000) 01/29 15:38:24 Job was aborted by the user.
	via condor_rm (by user choij)
...
000 (339718.076.000) 01/29 15:39:25 Job submitted from host: <155.230.23.72:9618?addrs=155.230.23.72-9618&noUDP&sock=882541_4c40_3>
...
001 (339718.076.000) 01/29 15:39:55 Job executing on host: <155.230.21.85:9618?addrs=155.230.21.85-9618&noUDP&sock=1521_dba3_36>
...
006 (339718.076.000) 01/29 15:40:02 Image size of job updated: 196404
	0  -  MemoryUsage of job (MB)
	0  -  ResidentSetSize of job (KB)
...
005 (339718.076.000) 01/29 15:40:02 Job terminated.
	(1) Normal termination (return value 1)
		Usr 0 00:00:05, Sys 0 00:00:00  -  Run Remote Usage
		Usr 0 00:00:00, Sys 0 00:00:00  -  Run Local Usage
		Usr 0 00:00:05, Sys 0 00:00:00  -  Total Remote Usage
		Usr 0 00:00:00, Sys 0 00:00:00  -  Total Local Usage
	1689  -  Run Bytes Sent By Job
	10651  -  Run Bytes Received By Job
	1689  -  Total Bytes Sent By Job
	10651  -  Total Bytes Received By Job
	Partitionable Resources :    Usage  Request Allocated 
	   Cpus                 :        0        1         1 
	   Disk (KB)            :       29  2048000   3784116 
	   Memory (MB)          :        0     2000      2000 
...
000 (339719.076.000) 01/29 15:52:31 Job submitted from host: <155.230.23.72:9618?addrs=155.230.23.72-9618&noUDP&sock=882541_4c40_3>
...
001 (339719.076.000) 01/29 15:53:03 Job executing on host: <155.230.21.112:9618?addrs=155.230.21.112-9618&noUDP&sock=22175_c8b6_48>
...
006 (339719.076.000) 01/29 15:53:11 Image size of job updated: 292368
	214  -  MemoryUsage of job (MB)
	218240  -  ResidentSetSize of job (KB)
...
005 (339719.076.000) 01/29 15:53:12 Job terminated.
	(1) Normal termination (return value 0)
		Usr 0 00:00:06, Sys 0 00:00:01  -  Run Remote Usage
		Usr 0 00:00:00, Sys 0 00:00:00  -  Run Local Usage
		Usr 0 00:00:06, Sys 0 00:00:01  -  Total Remote Usage
		Usr 0 00:00:00, Sys 0 00:00:00  -  Total Local Usage
	785  -  Run Bytes Sent By Job
	10707  -  Run Bytes Received By Job
	785  -  Total Bytes Sent By Job
	10707  -  Total Bytes Received By Job
	Partitionable Resources :    Usage  Request Allocated 
	   Cpus                 :        0        1         1 
	   Disk (KB)            :       28  2048000   3840615 
	   Memory (MB)          :      214     2000      2000 
...
000 (339720.076.000) 01/29 15:56:41 Job submitted from host: <155.230.23.72:9618?addrs=155.230.23.72-9618&noUDP&sock=882541_4c40_3>
...
001 (339720.076.000) 01/29 15:57:51 Job executing on host: <155.230.21.111:9618?addrs=155.230.21.111-9618&noUDP&sock=14468_6c4e_47>
...
006 (339720.076.000) 01/29 15:57:59 Image size of job updated: 291140
	212  -  MemoryUsage of job (MB)
	217012  -  ResidentSetSize of job (KB)
...
006 (339720.076.000) 01/29 15:58:08 Image size of job updated: 352368
	212  -  MemoryUsage of job (MB)
	217020  -  ResidentSetSize of job (KB)
...
005 (339720.076.000) 01/29 15:58:08 Job terminated.
	(1) Normal termination (return value 0)
		Usr 0 00:00:12, Sys 0 00:00:02  -  Run Remote Usage
		Usr 0 00:00:00, Sys 0 00:00:00  -  Run Local Usage
		Usr 0 00:00:12, Sys 0 00:00:02  -  Total Remote Usage
		Usr 0 00:00:00, Sys 0 00:00:00  -  Total Local Usage
	726  -  Run Bytes Sent By Job
	10696  -  Run Bytes Received By Job
	726  -  Total Bytes Sent By Job
	10696  -  Total Bytes Received By Job
	Partitionable Resources :    Usage  Request Allocated 
	   Cpus                 :        0        1         1 
	   Disk (KB)            :       28  2048000   3784693 
	   Memory (MB)          :      212     2000      2000 
...
