000 (47440.135.000) 12/19 19:07:28 Job submitted from host: <155.230.20.251:9618?addrs=155.230.20.251-9618&noUDP&sock=930313_ea96_3>
...
001 (47440.135.000) 12/19 19:56:25 Job executing on host: <155.230.21.109:9618?addrs=155.230.21.109-9618&noUDP&sock=26104_c051_3>
...
006 (47440.135.000) 12/19 19:56:34 Image size of job updated: 314788
	233  -  MemoryUsage of job (MB)
	238556  -  ResidentSetSize of job (KB)
...
006 (47440.135.000) 12/19 19:56:37 Image size of job updated: 341248
	233  -  MemoryUsage of job (MB)
	238556  -  ResidentSetSize of job (KB)
...
005 (47440.135.000) 12/19 19:56:38 Job terminated.
	(1) Normal termination (return value 0)
		Usr 0 00:00:11, Sys 0 00:00:00  -  Run Remote Usage
		Usr 0 00:00:00, Sys 0 00:00:00  -  Run Local Usage
		Usr 0 00:00:11, Sys 0 00:00:00  -  Total Remote Usage
		Usr 0 00:00:00, Sys 0 00:00:00  -  Total Local Usage
	554  -  Run Bytes Sent By Job
	10413  -  Run Bytes Received By Job
	554  -  Total Bytes Sent By Job
	10413  -  Total Bytes Received By Job
	Partitionable Resources :    Usage  Request Allocated 
	   Cpus                 :     0.02        1         1 
	   Disk (KB)            :    28     2048000   3710353 
	   Memory (MB)          :   233        2000      2000 
...
000 (339717.135.000) 01/29 15:38:01 Job submitted from host: <155.230.23.72:9618?addrs=155.230.23.72-9618&noUDP&sock=882541_4c40_3>
...
009 (339717.135.000) 01/29 15:38:25 Job was aborted by the user.
	via condor_rm (by user choij)
...
000 (339718.135.000) 01/29 15:39:25 Job submitted from host: <155.230.23.72:9618?addrs=155.230.23.72-9618&noUDP&sock=882541_4c40_3>
...
001 (339718.135.000) 01/29 15:40:57 Job executing on host: <155.230.21.91:9618?addrs=155.230.21.91-9618&noUDP&sock=17349_8ca8_47>
...
006 (339718.135.000) 01/29 15:41:06 Image size of job updated: 276856
	200  -  MemoryUsage of job (MB)
	204124  -  ResidentSetSize of job (KB)
...
006 (339718.135.000) 01/29 15:41:07 Image size of job updated: 276892
	200  -  MemoryUsage of job (MB)
	204160  -  ResidentSetSize of job (KB)
...
005 (339718.135.000) 01/29 15:41:07 Job terminated.
	(1) Normal termination (return value 1)
		Usr 0 00:00:05, Sys 0 00:00:00  -  Run Remote Usage
		Usr 0 00:00:00, Sys 0 00:00:00  -  Run Local Usage
		Usr 0 00:00:05, Sys 0 00:00:00  -  Total Remote Usage
		Usr 0 00:00:00, Sys 0 00:00:00  -  Total Local Usage
	1691  -  Run Bytes Sent By Job
	10651  -  Run Bytes Received By Job
	1691  -  Total Bytes Sent By Job
	10651  -  Total Bytes Received By Job
	Partitionable Resources :    Usage  Request Allocated 
	   Cpus                 :        0        1         1 
	   Disk (KB)            :       29  2048000   3781328 
	   Memory (MB)          :      200     2000      2000 
...
000 (339719.135.000) 01/29 15:52:31 Job submitted from host: <155.230.23.72:9618?addrs=155.230.23.72-9618&noUDP&sock=882541_4c40_3>
...
001 (339719.135.000) 01/29 15:54:06 Job executing on host: <155.230.21.91:9618?addrs=155.230.21.91-9618&noUDP&sock=17349_8ca8_47>
...
006 (339719.135.000) 01/29 15:54:14 Image size of job updated: 275404
	198  -  MemoryUsage of job (MB)
	202728  -  ResidentSetSize of job (KB)
...
006 (339719.135.000) 01/29 15:54:16 Image size of job updated: 290176
	199  -  MemoryUsage of job (MB)
	202780  -  ResidentSetSize of job (KB)
...
005 (339719.135.000) 01/29 15:54:16 Job terminated.
	(1) Normal termination (return value 0)
		Usr 0 00:00:05, Sys 0 00:00:01  -  Run Remote Usage
		Usr 0 00:00:00, Sys 0 00:00:00  -  Run Local Usage
		Usr 0 00:00:05, Sys 0 00:00:01  -  Total Remote Usage
		Usr 0 00:00:00, Sys 0 00:00:00  -  Total Local Usage
	789  -  Run Bytes Sent By Job
	10707  -  Run Bytes Received By Job
	789  -  Total Bytes Sent By Job
	10707  -  Total Bytes Received By Job
	Partitionable Resources :    Usage  Request Allocated 
	   Cpus                 :        0        1         1 
	   Disk (KB)            :       28  2048000   3781328 
	   Memory (MB)          :      199     2000      2000 
...
000 (339720.135.000) 01/29 15:56:41 Job submitted from host: <155.230.23.72:9618?addrs=155.230.23.72-9618&noUDP&sock=882541_4c40_3>
...
001 (339720.135.000) 01/29 15:58:29 Job executing on host: <155.230.21.109:9618?addrs=155.230.21.109-9618&noUDP&sock=26104_c051_50>
...
006 (339720.135.000) 01/29 15:58:38 Image size of job updated: 295492
	215  -  MemoryUsage of job (MB)
	220040  -  ResidentSetSize of job (KB)
...
006 (339720.135.000) 01/29 15:58:44 Image size of job updated: 337164
	215  -  MemoryUsage of job (MB)
	220048  -  ResidentSetSize of job (KB)
...
005 (339720.135.000) 01/29 15:58:44 Job terminated.
	(1) Normal termination (return value 0)
		Usr 0 00:00:11, Sys 0 00:00:02  -  Run Remote Usage
		Usr 0 00:00:00, Sys 0 00:00:00  -  Run Local Usage
		Usr 0 00:00:11, Sys 0 00:00:02  -  Total Remote Usage
		Usr 0 00:00:00, Sys 0 00:00:00  -  Total Local Usage
	994  -  Run Bytes Sent By Job
	10696  -  Run Bytes Received By Job
	994  -  Total Bytes Sent By Job
	10696  -  Total Bytes Received By Job
	Partitionable Resources :    Usage  Request Allocated 
	   Cpus                 :        0        1         1 
	   Disk (KB)            :       29  2048000   3842254 
	   Memory (MB)          :      215     2000      2000 
...
