000 (47440.040.000) 12/19 19:07:28 Job submitted from host: <155.230.20.251:9618?addrs=155.230.20.251-9618&noUDP&sock=930313_ea96_3>
...
001 (47440.040.000) 12/19 19:54:21 Job executing on host: <155.230.21.99:9618?addrs=155.230.21.99-9618&noUDP&sock=12118_84bf_3>
...
006 (47440.040.000) 12/19 19:54:29 Image size of job updated: 287336
	210  -  MemoryUsage of job (MB)
	214320  -  ResidentSetSize of job (KB)
...
006 (47440.040.000) 12/19 19:54:37 Image size of job updated: 352348
	210  -  MemoryUsage of job (MB)
	214320  -  ResidentSetSize of job (KB)
...
005 (47440.040.000) 12/19 19:54:37 Job terminated.
	(1) Normal termination (return value 0)
		Usr 0 00:00:13, Sys 0 00:00:01  -  Run Remote Usage
		Usr 0 00:00:00, Sys 0 00:00:00  -  Run Local Usage
		Usr 0 00:00:13, Sys 0 00:00:01  -  Total Remote Usage
		Usr 0 00:00:00, Sys 0 00:00:00  -  Total Local Usage
	554  -  Run Bytes Sent By Job
	10413  -  Run Bytes Received By Job
	554  -  Total Bytes Sent By Job
	10413  -  Total Bytes Received By Job
	Partitionable Resources :    Usage  Request Allocated 
	   Cpus                 :        0        1         1 
	   Disk (KB)            :       28  2048000   3707744 
	   Memory (MB)          :      210     2000      2000 
...
000 (336703.040.000) 01/28 15:25:46 Job submitted from host: <155.230.23.72:9618?addrs=155.230.23.72-9618&noUDP&sock=882541_4c40_3>
...
001 (336703.040.000) 01/28 15:26:00 Job executing on host: <155.230.21.105:9618?addrs=155.230.21.105-9618&noUDP&sock=23905_6b8e_47>
...
006 (336703.040.000) 01/28 15:26:08 Image size of job updated: 87772
	44  -  MemoryUsage of job (MB)
	44960  -  ResidentSetSize of job (KB)
...
006 (336703.040.000) 01/28 15:29:34 Image size of job updated: 604568
	44  -  MemoryUsage of job (MB)
	44964  -  ResidentSetSize of job (KB)
...
005 (336703.040.000) 01/28 15:29:34 Job terminated.
	(1) Normal termination (return value 0)
		Usr 0 00:03:05, Sys 0 00:00:12  -  Run Remote Usage
		Usr 0 00:00:00, Sys 0 00:00:00  -  Run Local Usage
		Usr 0 00:03:05, Sys 0 00:00:12  -  Total Remote Usage
		Usr 0 00:00:00, Sys 0 00:00:00  -  Total Local Usage
	747  -  Run Bytes Sent By Job
	10577  -  Run Bytes Received By Job
	747  -  Total Bytes Sent By Job
	10577  -  Total Bytes Received By Job
	Partitionable Resources :    Usage  Request Allocated 
	   Cpus                 :     1.00        1         1 
	   Disk (KB)            :    28     2048000   3782480 
	   Memory (MB)          :    44        2000      2000 
...
000 (339712.040.000) 01/29 14:36:17 Job submitted from host: <155.230.23.72:9618?addrs=155.230.23.72-9618&noUDP&sock=882541_4c40_3>
...
001 (339712.040.000) 01/29 14:36:47 Job executing on host: <155.230.21.118:9618?addrs=155.230.21.118-9618&noUDP&sock=12615_6b51_47>
...
006 (339712.040.000) 01/29 14:36:56 Image size of job updated: 224936
	154  -  MemoryUsage of job (MB)
	156896  -  ResidentSetSize of job (KB)
...
006 (339712.040.000) 01/29 14:40:35 Image size of job updated: 354932
	154  -  MemoryUsage of job (MB)
	156904  -  ResidentSetSize of job (KB)
...
005 (339712.040.000) 01/29 14:40:35 Job terminated.
	(1) Normal termination (return value 0)
		Usr 0 00:03:26, Sys 0 00:00:12  -  Run Remote Usage
		Usr 0 00:00:00, Sys 0 00:00:00  -  Run Local Usage
		Usr 0 00:03:26, Sys 0 00:00:12  -  Total Remote Usage
		Usr 0 00:00:00, Sys 0 00:00:00  -  Total Local Usage
	747  -  Run Bytes Sent By Job
	10553  -  Run Bytes Received By Job
	747  -  Total Bytes Sent By Job
	10553  -  Total Bytes Received By Job
	Partitionable Resources :    Usage  Request Allocated 
	   Cpus                 :     0.75        1         1 
	   Disk (KB)            :    28     2048000   3791537 
	   Memory (MB)          :   154        2000      2000 
...
000 (339716.040.000) 01/29 15:15:50 Job submitted from host: <155.230.23.72:9618?addrs=155.230.23.72-9618&noUDP&sock=882541_4c40_3>
...
001 (339716.040.000) 01/29 15:16:22 Job executing on host: <155.230.21.116:9618?addrs=155.230.21.116-9618&noUDP&sock=38331_74cc_46>
...
006 (339716.040.000) 01/29 15:16:30 Image size of job updated: 231192
	160  -  MemoryUsage of job (MB)
	163636  -  ResidentSetSize of job (KB)
...
006 (339716.040.000) 01/29 15:19:45 Image size of job updated: 345528
	161  -  MemoryUsage of job (MB)
	163968  -  ResidentSetSize of job (KB)
...
005 (339716.040.000) 01/29 15:19:45 Job terminated.
	(1) Normal termination (return value 0)
		Usr 0 00:03:03, Sys 0 00:00:12  -  Run Remote Usage
		Usr 0 00:00:00, Sys 0 00:00:00  -  Run Local Usage
		Usr 0 00:03:03, Sys 0 00:00:12  -  Total Remote Usage
		Usr 0 00:00:00, Sys 0 00:00:00  -  Total Local Usage
	747  -  Run Bytes Sent By Job
	10553  -  Run Bytes Received By Job
	747  -  Total Bytes Sent By Job
	10553  -  Total Bytes Received By Job
	Partitionable Resources :    Usage  Request Allocated 
	   Cpus                 :     1.00        1         1 
	   Disk (KB)            :    28     2048000   3788511 
	   Memory (MB)          :   161        2000      2000 
...
000 (339717.040.000) 01/29 15:38:00 Job submitted from host: <155.230.23.72:9618?addrs=155.230.23.72-9618&noUDP&sock=882541_4c40_3>
...
001 (339717.040.000) 01/29 15:38:14 Job executing on host: <155.230.21.105:9618?addrs=155.230.21.105-9618&noUDP&sock=23905_6b8e_47>
...
006 (339717.040.000) 01/29 15:38:23 Image size of job updated: 201372
	132  -  MemoryUsage of job (MB)
	134444  -  ResidentSetSize of job (KB)
...
004 (339717.040.000) 01/29 15:38:27 Job was evicted.
	(0) Job was not checkpointed.
		Usr 0 00:00:06, Sys 0 00:00:01  -  Run Remote Usage
		Usr 0 00:00:00, Sys 0 00:00:00  -  Run Local Usage
	1689  -  Run Bytes Sent By Job
	10651  -  Run Bytes Received By Job
	Partitionable Resources :    Usage  Request Allocated 
	   Cpus                 :        0        1         1 
	   Disk (KB)            :       29  2048000   3782480 
	   Memory (MB)          :      132     2000      2000 
...
009 (339717.040.000) 01/29 15:38:27 Job was aborted by the user.
	via condor_rm (by user choij)
...
000 (339718.040.000) 01/29 15:39:25 Job submitted from host: <155.230.23.72:9618?addrs=155.230.23.72-9618&noUDP&sock=882541_4c40_3>
...
001 (339718.040.000) 01/29 15:39:40 Job executing on host: <155.230.21.105:9618?addrs=155.230.21.105-9618&noUDP&sock=23905_6b8e_47>
...
006 (339718.040.000) 01/29 15:39:49 Image size of job updated: 294176
	215  -  MemoryUsage of job (MB)
	220048  -  ResidentSetSize of job (KB)
...
005 (339718.040.000) 01/29 15:39:49 Job terminated.
	(1) Normal termination (return value 1)
		Usr 0 00:00:06, Sys 0 00:00:01  -  Run Remote Usage
		Usr 0 00:00:00, Sys 0 00:00:00  -  Run Local Usage
		Usr 0 00:00:06, Sys 0 00:00:01  -  Total Remote Usage
		Usr 0 00:00:00, Sys 0 00:00:00  -  Total Local Usage
	1689  -  Run Bytes Sent By Job
	10651  -  Run Bytes Received By Job
	1689  -  Total Bytes Sent By Job
	10651  -  Total Bytes Received By Job
	Partitionable Resources :    Usage  Request Allocated 
	   Cpus                 :     0.02        1         1 
	   Disk (KB)            :    30     2048000   3782480 
	   Memory (MB)          :   215        2000      2000 
...
000 (339719.040.000) 01/29 15:52:31 Job submitted from host: <155.230.23.72:9618?addrs=155.230.23.72-9618&noUDP&sock=882541_4c40_3>
...
001 (339719.040.000) 01/29 15:52:48 Job executing on host: <155.230.21.105:9618?addrs=155.230.21.105-9618&noUDP&sock=23905_6b8e_47>
...
006 (339719.040.000) 01/29 15:52:57 Image size of job updated: 242292
	171  -  MemoryUsage of job (MB)
	174312  -  ResidentSetSize of job (KB)
...
005 (339719.040.000) 01/29 15:53:01 Job terminated.
	(1) Normal termination (return value 0)
		Usr 0 00:00:07, Sys 0 00:00:01  -  Run Remote Usage
		Usr 0 00:00:00, Sys 0 00:00:00  -  Run Local Usage
		Usr 0 00:00:07, Sys 0 00:00:01  -  Total Remote Usage
		Usr 0 00:00:00, Sys 0 00:00:00  -  Total Local Usage
	785  -  Run Bytes Sent By Job
	10707  -  Run Bytes Received By Job
	785  -  Total Bytes Sent By Job
	10707  -  Total Bytes Received By Job
	Partitionable Resources :    Usage  Request Allocated 
	   Cpus                 :     0.03        1         1 
	   Disk (KB)            :    29     2048000   3782480 
	   Memory (MB)          :   171        2000      2000 
...
000 (339720.040.000) 01/29 15:56:41 Job submitted from host: <155.230.23.72:9618?addrs=155.230.23.72-9618&noUDP&sock=882541_4c40_3>
...
001 (339720.040.000) 01/29 15:57:00 Job executing on host: <155.230.21.105:9618?addrs=155.230.21.105-9618&noUDP&sock=23905_6b8e_47>
...
006 (339720.040.000) 01/29 15:57:09 Image size of job updated: 291284
	212  -  MemoryUsage of job (MB)
	216480  -  ResidentSetSize of job (KB)
...
006 (339720.040.000) 01/29 15:57:18 Image size of job updated: 341540
	212  -  MemoryUsage of job (MB)
	216480  -  ResidentSetSize of job (KB)
...
005 (339720.040.000) 01/29 15:57:18 Job terminated.
	(1) Normal termination (return value 0)
		Usr 0 00:00:12, Sys 0 00:00:03  -  Run Remote Usage
		Usr 0 00:00:00, Sys 0 00:00:00  -  Run Local Usage
		Usr 0 00:00:12, Sys 0 00:00:03  -  Total Remote Usage
		Usr 0 00:00:00, Sys 0 00:00:00  -  Total Local Usage
	726  -  Run Bytes Sent By Job
	10696  -  Run Bytes Received By Job
	726  -  Total Bytes Sent By Job
	10696  -  Total Bytes Received By Job
	Partitionable Resources :    Usage  Request Allocated 
	   Cpus                 :        0        1         1 
	   Disk (KB)            :       28  2048000   3782480 
	   Memory (MB)          :      212     2000      2000 
...
