000 (47440.229.000) 12/19 19:07:28 Job submitted from host: <155.230.20.251:9618?addrs=155.230.20.251-9618&noUDP&sock=930313_ea96_3>
...
001 (47440.229.000) 12/19 19:58:25 Job executing on host: <155.230.21.82:9618?addrs=155.230.21.82-9618&noUDP&sock=1520_2c0b_3>
...
006 (47440.229.000) 12/19 19:58:34 Image size of job updated: 288768
	211  -  MemoryUsage of job (MB)
	215656  -  ResidentSetSize of job (KB)
...
006 (47440.229.000) 12/19 19:58:41 Image size of job updated: 343032
	211  -  MemoryUsage of job (MB)
	215660  -  ResidentSetSize of job (KB)
...
005 (47440.229.000) 12/19 19:58:41 Job terminated.
	(1) Normal termination (return value 0)
		Usr 0 00:00:09, Sys 0 00:00:00  -  Run Remote Usage
		Usr 0 00:00:00, Sys 0 00:00:00  -  Run Local Usage
		Usr 0 00:00:09, Sys 0 00:00:00  -  Total Remote Usage
		Usr 0 00:00:00, Sys 0 00:00:00  -  Total Local Usage
	554  -  Run Bytes Sent By Job
	10413  -  Run Bytes Received By Job
	554  -  Total Bytes Sent By Job
	10413  -  Total Bytes Received By Job
	Partitionable Resources :    Usage  Request Allocated 
	   Cpus                 :        0        1         1 
	   Disk (KB)            :       28  2048000   3711920 
	   Memory (MB)          :      211     2000      2000 
...
000 (339717.229.000) 01/29 15:38:01 Job submitted from host: <155.230.23.72:9618?addrs=155.230.23.72-9618&noUDP&sock=882541_4c40_3>
...
009 (339717.229.000) 01/29 15:38:25 Job was aborted by the user.
	via condor_rm (by user choij)
...
000 (339718.229.000) 01/29 15:39:25 Job submitted from host: <155.230.23.72:9618?addrs=155.230.23.72-9618&noUDP&sock=882541_4c40_3>
...
001 (339718.229.000) 01/29 15:42:55 Job executing on host: <155.230.21.95:9618?addrs=155.230.21.95-9618+[2407-c000-c024-0-e2cb-4eff-fe53-cf1d]-9618&noUDP&sock=14962_4417_48>
...
006 (339718.229.000) 01/29 15:43:03 Image size of job updated: 247024
	175  -  MemoryUsage of job (MB)
	178784  -  ResidentSetSize of job (KB)
...
006 (339718.229.000) 01/29 15:43:06 Image size of job updated: 274956
	175  -  MemoryUsage of job (MB)
	178904  -  ResidentSetSize of job (KB)
...
005 (339718.229.000) 01/29 15:43:06 Job terminated.
	(1) Normal termination (return value 1)
		Usr 0 00:00:08, Sys 0 00:00:01  -  Run Remote Usage
		Usr 0 00:00:00, Sys 0 00:00:00  -  Run Local Usage
		Usr 0 00:00:08, Sys 0 00:00:01  -  Total Remote Usage
		Usr 0 00:00:00, Sys 0 00:00:00  -  Total Local Usage
	1691  -  Run Bytes Sent By Job
	10651  -  Run Bytes Received By Job
	1691  -  Total Bytes Sent By Job
	10651  -  Total Bytes Received By Job
	Partitionable Resources :    Usage  Request Allocated 
	   Cpus                 :                 1         1 
	   Disk (KB)            :       23  2048000  18931057 
	   Memory (MB)          :      175     2000      2000 
...
000 (339719.229.000) 01/29 15:52:31 Job submitted from host: <155.230.23.72:9618?addrs=155.230.23.72-9618&noUDP&sock=882541_4c40_3>
...
009 (339719.229.000) 01/29 15:54:51 Job was aborted by the user.
	via condor_rm (by user choij)
...
000 (339720.229.000) 01/29 15:56:41 Job submitted from host: <155.230.23.72:9618?addrs=155.230.23.72-9618&noUDP&sock=882541_4c40_3>
...
001 (339720.229.000) 01/29 15:59:52 Job executing on host: <155.230.21.96:9618?addrs=155.230.21.96-9618&noUDP&sock=24703_c822_48>
...
006 (339720.229.000) 01/29 16:00:00 Image size of job updated: 267648
	192  -  MemoryUsage of job (MB)
	195800  -  ResidentSetSize of job (KB)
...
006 (339720.229.000) 01/29 16:00:13 Image size of job updated: 332072
	192  -  MemoryUsage of job (MB)
	195880  -  ResidentSetSize of job (KB)
...
005 (339720.229.000) 01/29 16:00:13 Job terminated.
	(1) Normal termination (return value 0)
		Usr 0 00:00:14, Sys 0 00:00:02  -  Run Remote Usage
		Usr 0 00:00:00, Sys 0 00:00:00  -  Run Local Usage
		Usr 0 00:00:14, Sys 0 00:00:02  -  Total Remote Usage
		Usr 0 00:00:00, Sys 0 00:00:00  -  Total Local Usage
	994  -  Run Bytes Sent By Job
	10696  -  Run Bytes Received By Job
	994  -  Total Bytes Sent By Job
	10696  -  Total Bytes Received By Job
	Partitionable Resources :    Usage  Request Allocated 
	   Cpus                 :     0.03        1         1 
	   Disk (KB)            :    29     2048000   3782840 
	   Memory (MB)          :   192        2000      2000 
...
