000 (47440.422.000) 12/19 19:07:30 Job submitted from host: <155.230.20.251:9618?addrs=155.230.20.251-9618&noUDP&sock=930313_ea96_3>
...
001 (47440.422.000) 12/19 20:02:30 Job executing on host: <155.230.21.120:9618?addrs=155.230.21.120-9618&noUDP&sock=13477_adf4_3>
...
006 (47440.422.000) 12/19 20:02:39 Image size of job updated: 290300
	211  -  MemoryUsage of job (MB)
	215648  -  ResidentSetSize of job (KB)
...
006 (47440.422.000) 12/19 20:02:45 Image size of job updated: 313728
	211  -  MemoryUsage of job (MB)
	215648  -  ResidentSetSize of job (KB)
...
005 (47440.422.000) 12/19 20:02:45 Job terminated.
	(1) Normal termination (return value 0)
		Usr 0 00:00:13, Sys 0 00:00:01  -  Run Remote Usage
		Usr 0 00:00:00, Sys 0 00:00:00  -  Run Local Usage
		Usr 0 00:00:13, Sys 0 00:00:01  -  Total Remote Usage
		Usr 0 00:00:00, Sys 0 00:00:00  -  Total Local Usage
	554  -  Run Bytes Sent By Job
	10413  -  Run Bytes Received By Job
	554  -  Total Bytes Sent By Job
	10413  -  Total Bytes Received By Job
	Partitionable Resources :    Usage  Request Allocated 
	   Cpus                 :     0.23        1         1 
	   Disk (KB)            :    28     2048000   3663831 
	   Memory (MB)          :   211        2000      2000 
...
000 (339717.422.000) 01/29 15:38:01 Job submitted from host: <155.230.23.72:9618?addrs=155.230.23.72-9618&noUDP&sock=882541_4c40_3>
...
009 (339717.422.000) 01/29 15:38:25 Job was aborted by the user.
	via condor_rm (by user choij)
...
000 (339718.422.000) 01/29 15:39:26 Job submitted from host: <155.230.23.72:9618?addrs=155.230.23.72-9618&noUDP&sock=882541_4c40_3>
...
001 (339718.422.000) 01/29 15:46:08 Job executing on host: <155.230.21.126:9618?addrs=155.230.21.126-9618+[2407-c000-c024-0-6e92-bfff-fe34-147e]-9618&noUDP&sock=1918_2abc_3>
...
006 (339718.422.000) 01/29 15:46:15 Image size of job updated: 180132
	0  -  MemoryUsage of job (MB)
	0  -  ResidentSetSize of job (KB)
...
005 (339718.422.000) 01/29 15:46:15 Job terminated.
	(1) Normal termination (return value 1)
		Usr 0 00:00:05, Sys 0 00:00:00  -  Run Remote Usage
		Usr 0 00:00:00, Sys 0 00:00:00  -  Run Local Usage
		Usr 0 00:00:05, Sys 0 00:00:00  -  Total Remote Usage
		Usr 0 00:00:00, Sys 0 00:00:00  -  Total Local Usage
	1691  -  Run Bytes Sent By Job
	10651  -  Run Bytes Received By Job
	1691  -  Total Bytes Sent By Job
	10651  -  Total Bytes Received By Job
	Partitionable Resources :    Usage  Request Allocated 
	   Cpus                 :        0        1         1 
	   Disk (KB)            :       30  2048000   3797317 
	   Memory (MB)          :        0     2000      2000 
...
000 (339719.422.000) 01/29 15:52:32 Job submitted from host: <155.230.23.72:9618?addrs=155.230.23.72-9618&noUDP&sock=882541_4c40_3>
...
009 (339719.422.000) 01/29 15:54:51 Job was aborted by the user.
	via condor_rm (by user choij)
...
000 (339720.422.000) 01/29 15:56:41 Job submitted from host: <155.230.23.72:9618?addrs=155.230.23.72-9618&noUDP&sock=882541_4c40_3>
...
001 (339720.422.000) 01/29 16:03:05 Job executing on host: <155.230.21.114:9618?addrs=155.230.21.114-9618&noUDP&sock=22699_3457_47>
...
006 (339720.422.000) 01/29 16:03:14 Image size of job updated: 300500
	219  -  MemoryUsage of job (MB)
	224160  -  ResidentSetSize of job (KB)
...
006 (339720.422.000) 01/29 16:03:20 Image size of job updated: 340172
	219  -  MemoryUsage of job (MB)
	224160  -  ResidentSetSize of job (KB)
...
005 (339720.422.000) 01/29 16:03:20 Job terminated.
	(1) Normal termination (return value 0)
		Usr 0 00:00:12, Sys 0 00:00:02  -  Run Remote Usage
		Usr 0 00:00:00, Sys 0 00:00:00  -  Run Local Usage
		Usr 0 00:00:12, Sys 0 00:00:02  -  Total Remote Usage
		Usr 0 00:00:00, Sys 0 00:00:00  -  Total Local Usage
	994  -  Run Bytes Sent By Job
	10696  -  Run Bytes Received By Job
	994  -  Total Bytes Sent By Job
	10696  -  Total Bytes Received By Job
	Partitionable Resources :    Usage  Request Allocated 
	   Cpus                 :     0.03        1         1 
	   Disk (KB)            :    29     2048000   3693499 
	   Memory (MB)          :   219        2000      2000 
...
