000 (47440.671.000) 12/19 19:07:31 Job submitted from host: <155.230.20.251:9618?addrs=155.230.20.251-9618&noUDP&sock=930313_ea96_3>
...
001 (47440.671.000) 12/19 20:08:19 Job executing on host: <155.230.21.98:9618?addrs=155.230.21.98-9618&noUDP&sock=16526_0a37_3>
...
006 (47440.671.000) 12/19 20:08:27 Image size of job updated: 206644
	137  -  MemoryUsage of job (MB)
	139592  -  ResidentSetSize of job (KB)
...
006 (47440.671.000) 12/19 20:08:38 Image size of job updated: 315428
	137  -  MemoryUsage of job (MB)
	139596  -  ResidentSetSize of job (KB)
...
005 (47440.671.000) 12/19 20:08:38 Job terminated.
	(1) Normal termination (return value 0)
		Usr 0 00:00:13, Sys 0 00:00:01  -  Run Remote Usage
		Usr 0 00:00:00, Sys 0 00:00:00  -  Run Local Usage
		Usr 0 00:00:13, Sys 0 00:00:01  -  Total Remote Usage
		Usr 0 00:00:00, Sys 0 00:00:00  -  Total Local Usage
	554  -  Run Bytes Sent By Job
	10413  -  Run Bytes Received By Job
	554  -  Total Bytes Sent By Job
	10413  -  Total Bytes Received By Job
	Partitionable Resources :    Usage  Request Allocated 
	   Cpus                 :        0        1         1 
	   Disk (KB)            :       28  2048000   3676021 
	   Memory (MB)          :      137     2000      2000 
...
