000 (47440.045.000) 12/19 19:07:28 Job submitted from host: <155.230.20.251:9618?addrs=155.230.20.251-9618&noUDP&sock=930313_ea96_3>
...
001 (47440.045.000) 12/19 19:54:23 Job executing on host: <155.230.21.109:9618?addrs=155.230.21.109-9618&noUDP&sock=26104_c051_3>
...
006 (47440.045.000) 12/19 19:54:31 Image size of job updated: 305864
	225  -  MemoryUsage of job (MB)
	229660  -  ResidentSetSize of job (KB)
...
006 (47440.045.000) 12/19 19:54:36 Image size of job updated: 341284
	225  -  MemoryUsage of job (MB)
	229660  -  ResidentSetSize of job (KB)
...
005 (47440.045.000) 12/19 19:54:36 Job terminated.
	(1) Normal termination (return value 0)
		Usr 0 00:00:11, Sys 0 00:00:00  -  Run Remote Usage
		Usr 0 00:00:00, Sys 0 00:00:00  -  Run Local Usage
		Usr 0 00:00:11, Sys 0 00:00:00  -  Total Remote Usage
		Usr 0 00:00:00, Sys 0 00:00:00  -  Total Local Usage
	554  -  Run Bytes Sent By Job
	10413  -  Run Bytes Received By Job
	554  -  Total Bytes Sent By Job
	10413  -  Total Bytes Received By Job
	Partitionable Resources :    Usage  Request Allocated 
	   Cpus                 :        0        1         1 
	   Disk (KB)            :       28  2048000   3710353 
	   Memory (MB)          :      225     2000      2000 
...
000 (336703.045.000) 01/28 15:25:46 Job submitted from host: <155.230.23.72:9618?addrs=155.230.23.72-9618&noUDP&sock=882541_4c40_3>
...
001 (336703.045.000) 01/28 15:26:02 Job executing on host: <155.230.21.118:9618?addrs=155.230.21.118-9618&noUDP&sock=12615_6b51_47>
...
006 (336703.045.000) 01/28 15:26:10 Image size of job updated: 83468
	41  -  MemoryUsage of job (MB)
	41980  -  ResidentSetSize of job (KB)
...
006 (336703.045.000) 01/28 15:29:58 Image size of job updated: 313260
	41  -  MemoryUsage of job (MB)
	41980  -  ResidentSetSize of job (KB)
...
005 (336703.045.000) 01/28 15:29:58 Job terminated.
	(1) Normal termination (return value 0)
		Usr 0 00:03:27, Sys 0 00:00:12  -  Run Remote Usage
		Usr 0 00:00:00, Sys 0 00:00:00  -  Run Local Usage
		Usr 0 00:03:27, Sys 0 00:00:12  -  Total Remote Usage
		Usr 0 00:00:00, Sys 0 00:00:00  -  Total Local Usage
	747  -  Run Bytes Sent By Job
	10577  -  Run Bytes Received By Job
	747  -  Total Bytes Sent By Job
	10577  -  Total Bytes Received By Job
	Partitionable Resources :    Usage  Request Allocated 
	   Cpus                 :     1.00        1         1 
	   Disk (KB)            :    28     2048000   3791537 
	   Memory (MB)          :    41        2000      2000 
...
000 (339712.045.000) 01/29 14:36:17 Job submitted from host: <155.230.23.72:9618?addrs=155.230.23.72-9618&noUDP&sock=882541_4c40_3>
...
001 (339712.045.000) 01/29 14:36:49 Job executing on host: <155.230.21.116:9618?addrs=155.230.21.116-9618&noUDP&sock=38331_74cc_46>
...
006 (339712.045.000) 01/29 14:36:58 Image size of job updated: 277196
	200  -  MemoryUsage of job (MB)
	204128  -  ResidentSetSize of job (KB)
...
006 (339712.045.000) 01/29 14:40:13 Image size of job updated: 352668
	200  -  MemoryUsage of job (MB)
	204132  -  ResidentSetSize of job (KB)
...
005 (339712.045.000) 01/29 14:40:13 Job terminated.
	(1) Normal termination (return value 0)
		Usr 0 00:03:04, Sys 0 00:00:12  -  Run Remote Usage
		Usr 0 00:00:00, Sys 0 00:00:00  -  Run Local Usage
		Usr 0 00:03:04, Sys 0 00:00:12  -  Total Remote Usage
		Usr 0 00:00:00, Sys 0 00:00:00  -  Total Local Usage
	747  -  Run Bytes Sent By Job
	10553  -  Run Bytes Received By Job
	747  -  Total Bytes Sent By Job
	10553  -  Total Bytes Received By Job
	Partitionable Resources :    Usage  Request Allocated 
	   Cpus                 :     0.03        1         1 
	   Disk (KB)            :    28     2048000   3788511 
	   Memory (MB)          :   200        2000      2000 
...
000 (339716.045.000) 01/29 15:15:50 Job submitted from host: <155.230.23.72:9618?addrs=155.230.23.72-9618&noUDP&sock=882541_4c40_3>
...
001 (339716.045.000) 01/29 15:17:04 Job executing on host: <155.230.21.37:9618?addrs=155.230.21.37-9618&noUDP&sock=9467_272d_3>
...
006 (339716.045.000) 01/29 15:17:12 Image size of job updated: 41252
	16  -  MemoryUsage of job (MB)
	15408  -  ResidentSetSize of job (KB)
...
006 (339716.045.000) 01/29 15:22:12 Image size of job updated: 335792
	255  -  MemoryUsage of job (MB)
	260620  -  ResidentSetSize of job (KB)
...
006 (339716.045.000) 01/29 15:24:11 Image size of job updated: 558536
	255  -  MemoryUsage of job (MB)
	260620  -  ResidentSetSize of job (KB)
...
005 (339716.045.000) 01/29 15:24:11 Job terminated.
	(1) Normal termination (return value 0)
		Usr 0 00:04:33, Sys 0 00:00:14  -  Run Remote Usage
		Usr 0 00:00:00, Sys 0 00:00:00  -  Run Local Usage
		Usr 0 00:04:33, Sys 0 00:00:14  -  Total Remote Usage
		Usr 0 00:00:00, Sys 0 00:00:00  -  Total Local Usage
	747  -  Run Bytes Sent By Job
	10553  -  Run Bytes Received By Job
	747  -  Total Bytes Sent By Job
	10553  -  Total Bytes Received By Job
	Partitionable Resources :    Usage  Request Allocated 
	   Cpus                 :     0.06        1         1 
	   Disk (KB)            :    28     2048000   3669742 
	   Memory (MB)          :   255        2000      2000 
...
000 (339717.045.000) 01/29 15:38:00 Job submitted from host: <155.230.23.72:9618?addrs=155.230.23.72-9618&noUDP&sock=882541_4c40_3>
...
001 (339717.045.000) 01/29 15:38:17 Job executing on host: <155.230.21.118:9618?addrs=155.230.21.118-9618&noUDP&sock=12615_6b51_47>
...
006 (339717.045.000) 01/29 15:38:25 Image size of job updated: 222008
	151  -  MemoryUsage of job (MB)
	154480  -  ResidentSetSize of job (KB)
...
006 (339717.045.000) 01/29 15:38:28 Image size of job updated: 286728
	208  -  MemoryUsage of job (MB)
	212604  -  ResidentSetSize of job (KB)
...
004 (339717.045.000) 01/29 15:38:28 Job was evicted.
	(0) Job was not checkpointed.
		Usr 0 00:00:07, Sys 0 00:00:01  -  Run Remote Usage
		Usr 0 00:00:00, Sys 0 00:00:00  -  Run Local Usage
	359  -  Run Bytes Sent By Job
	10651  -  Run Bytes Received By Job
	Partitionable Resources :    Usage  Request Allocated 
	   Cpus                 :        0        1         1 
	   Disk (KB)            :       28  2048000   3791537 
	   Memory (MB)          :      208     2000      2000 
...
009 (339717.045.000) 01/29 15:38:28 Job was aborted by the user.
	via condor_rm (by user choij)
...
000 (339718.045.000) 01/29 15:39:25 Job submitted from host: <155.230.23.72:9618?addrs=155.230.23.72-9618&noUDP&sock=882541_4c40_3>
...
001 (339718.045.000) 01/29 15:39:41 Job executing on host: <155.230.21.118:9618?addrs=155.230.21.118-9618&noUDP&sock=12615_6b51_47>
...
006 (339718.045.000) 01/29 15:39:49 Image size of job updated: 266340
	191  -  MemoryUsage of job (MB)
	194808  -  ResidentSetSize of job (KB)
...
006 (339718.045.000) 01/29 15:39:51 Image size of job updated: 266428
	191  -  MemoryUsage of job (MB)
	194888  -  ResidentSetSize of job (KB)
...
005 (339718.045.000) 01/29 15:39:52 Job terminated.
	(1) Normal termination (return value 1)
		Usr 0 00:00:07, Sys 0 00:00:01  -  Run Remote Usage
		Usr 0 00:00:00, Sys 0 00:00:00  -  Run Local Usage
		Usr 0 00:00:07, Sys 0 00:00:01  -  Total Remote Usage
		Usr 0 00:00:00, Sys 0 00:00:00  -  Total Local Usage
	1689  -  Run Bytes Sent By Job
	10651  -  Run Bytes Received By Job
	1689  -  Total Bytes Sent By Job
	10651  -  Total Bytes Received By Job
	Partitionable Resources :    Usage  Request Allocated 
	   Cpus                 :     0.04        1         1 
	   Disk (KB)            :    30     2048000   3791537 
	   Memory (MB)          :   191        2000      2000 
...
000 (339719.045.000) 01/29 15:52:31 Job submitted from host: <155.230.23.72:9618?addrs=155.230.23.72-9618&noUDP&sock=882541_4c40_3>
...
001 (339719.045.000) 01/29 15:52:50 Job executing on host: <155.230.21.118:9618?addrs=155.230.21.118-9618&noUDP&sock=12615_6b51_47>
...
006 (339719.045.000) 01/29 15:53:00 Image size of job updated: 278880
	202  -  MemoryUsage of job (MB)
	206148  -  ResidentSetSize of job (KB)
...
006 (339719.045.000) 01/29 15:53:03 Image size of job updated: 280956
	204  -  MemoryUsage of job (MB)
	208224  -  ResidentSetSize of job (KB)
...
005 (339719.045.000) 01/29 15:53:03 Job terminated.
	(1) Normal termination (return value 0)
		Usr 0 00:00:08, Sys 0 00:00:02  -  Run Remote Usage
		Usr 0 00:00:00, Sys 0 00:00:00  -  Run Local Usage
		Usr 0 00:00:08, Sys 0 00:00:02  -  Total Remote Usage
		Usr 0 00:00:00, Sys 0 00:00:00  -  Total Local Usage
	785  -  Run Bytes Sent By Job
	10707  -  Run Bytes Received By Job
	785  -  Total Bytes Sent By Job
	10707  -  Total Bytes Received By Job
	Partitionable Resources :    Usage  Request Allocated 
	   Cpus                 :     0.03        1         1 
	   Disk (KB)            :    29     2048000   3791537 
	   Memory (MB)          :   204        2000      2000 
...
000 (339720.045.000) 01/29 15:56:41 Job submitted from host: <155.230.23.72:9618?addrs=155.230.23.72-9618&noUDP&sock=882541_4c40_3>
...
001 (339720.045.000) 01/29 15:57:00 Job executing on host: <155.230.21.118:9618?addrs=155.230.21.118-9618&noUDP&sock=12615_6b51_47>
...
006 (339720.045.000) 01/29 15:57:08 Image size of job updated: 262980
	188  -  MemoryUsage of job (MB)
	191800  -  ResidentSetSize of job (KB)
...
006 (339720.045.000) 01/29 15:57:18 Image size of job updated: 270444
	188  -  MemoryUsage of job (MB)
	191872  -  ResidentSetSize of job (KB)
...
005 (339720.045.000) 01/29 15:57:18 Job terminated.
	(1) Normal termination (return value 0)
		Usr 0 00:00:14, Sys 0 00:00:02  -  Run Remote Usage
		Usr 0 00:00:00, Sys 0 00:00:00  -  Run Local Usage
		Usr 0 00:00:14, Sys 0 00:00:02  -  Total Remote Usage
		Usr 0 00:00:00, Sys 0 00:00:00  -  Total Local Usage
	989  -  Run Bytes Sent By Job
	10696  -  Run Bytes Received By Job
	989  -  Total Bytes Sent By Job
	10696  -  Total Bytes Received By Job
	Partitionable Resources :    Usage  Request Allocated 
	   Cpus                 :        0        1         1 
	   Disk (KB)            :       29  2048000   3791537 
	   Memory (MB)          :      188     2000      2000 
...
