000 (47440.442.000) 12/19 19:07:30 Job submitted from host: <155.230.20.251:9618?addrs=155.230.20.251-9618&noUDP&sock=930313_ea96_3>
...
001 (47440.442.000) 12/19 20:03:26 Job executing on host: <155.230.21.100:9618?addrs=155.230.21.100-9618&noUDP&sock=9525_efac_3>
...
006 (47440.442.000) 12/19 20:03:35 Image size of job updated: 206524
	137  -  MemoryUsage of job (MB)
	139588  -  ResidentSetSize of job (KB)
...
006 (47440.442.000) 12/19 20:03:50 Image size of job updated: 307252
	137  -  MemoryUsage of job (MB)
	139672  -  ResidentSetSize of job (KB)
...
005 (47440.442.000) 12/19 20:03:50 Job terminated.
	(1) Normal termination (return value 0)
		Usr 0 00:00:14, Sys 0 00:00:01  -  Run Remote Usage
		Usr 0 00:00:00, Sys 0 00:00:00  -  Run Local Usage
		Usr 0 00:00:14, Sys 0 00:00:01  -  Total Remote Usage
		Usr 0 00:00:00, Sys 0 00:00:00  -  Total Local Usage
	554  -  Run Bytes Sent By Job
	10413  -  Run Bytes Received By Job
	554  -  Total Bytes Sent By Job
	10413  -  Total Bytes Received By Job
	Partitionable Resources :    Usage  Request Allocated 
	   Cpus                 :     0.17        1         1 
	   Disk (KB)            :    28     2048000   3673277 
	   Memory (MB)          :   137        2000      2000 
...
