000 (47440.107.000) 12/19 19:07:28 Job submitted from host: <155.230.20.251:9618?addrs=155.230.20.251-9618&noUDP&sock=930313_ea96_3>
...
001 (47440.107.000) 12/19 19:55:31 Job executing on host: <155.230.21.120:9618?addrs=155.230.21.120-9618&noUDP&sock=13477_adf4_3>
...
006 (47440.107.000) 12/19 19:55:39 Image size of job updated: 286656
	210  -  MemoryUsage of job (MB)
	214336  -  ResidentSetSize of job (KB)
...
006 (47440.107.000) 12/19 19:55:46 Image size of job updated: 339476
	210  -  MemoryUsage of job (MB)
	214336  -  ResidentSetSize of job (KB)
...
005 (47440.107.000) 12/19 19:55:46 Job terminated.
	(1) Normal termination (return value 0)
		Usr 0 00:00:13, Sys 0 00:00:01  -  Run Remote Usage
		Usr 0 00:00:00, Sys 0 00:00:00  -  Run Local Usage
		Usr 0 00:00:13, Sys 0 00:00:01  -  Total Remote Usage
		Usr 0 00:00:00, Sys 0 00:00:00  -  Total Local Usage
	554  -  Run Bytes Sent By Job
	10413  -  Run Bytes Received By Job
	554  -  Total Bytes Sent By Job
	10413  -  Total Bytes Received By Job
	Partitionable Resources :    Usage  Request Allocated 
	   Cpus                 :        0        1         1 
	   Disk (KB)            :       28  2048000   3663831 
	   Memory (MB)          :      210     2000      2000 
...
000 (339717.107.000) 01/29 15:38:00 Job submitted from host: <155.230.23.72:9618?addrs=155.230.23.72-9618&noUDP&sock=882541_4c40_3>
...
009 (339717.107.000) 01/29 15:38:24 Job was aborted by the user.
	via condor_rm (by user choij)
...
000 (339718.107.000) 01/29 15:39:25 Job submitted from host: <155.230.23.72:9618?addrs=155.230.23.72-9618&noUDP&sock=882541_4c40_3>
...
001 (339718.107.000) 01/29 15:40:50 Job executing on host: <155.230.21.71:9618?addrs=155.230.21.71-9618&noUDP&sock=12890_0bdc_52>
...
006 (339718.107.000) 01/29 15:40:58 Image size of job updated: 61372
	22  -  MemoryUsage of job (MB)
	21784  -  ResidentSetSize of job (KB)
...
006 (339718.107.000) 01/29 15:41:36 Image size of job updated: 541088
	22  -  MemoryUsage of job (MB)
	21784  -  ResidentSetSize of job (KB)
...
005 (339718.107.000) 01/29 15:41:36 Job terminated.
	(1) Normal termination (return value 1)
		Usr 0 00:00:10, Sys 0 00:00:01  -  Run Remote Usage
		Usr 0 00:00:00, Sys 0 00:00:00  -  Run Local Usage
		Usr 0 00:00:10, Sys 0 00:00:01  -  Total Remote Usage
		Usr 0 00:00:00, Sys 0 00:00:00  -  Total Local Usage
	1691  -  Run Bytes Sent By Job
	10651  -  Run Bytes Received By Job
	1691  -  Total Bytes Sent By Job
	10651  -  Total Bytes Received By Job
	Partitionable Resources :    Usage  Request Allocated 
	   Cpus                 :        0        1         1 
	   Disk (KB)            :       29  2048000   3824701 
	   Memory (MB)          :       22     2000      2000 
...
000 (339719.107.000) 01/29 15:52:31 Job submitted from host: <155.230.23.72:9618?addrs=155.230.23.72-9618&noUDP&sock=882541_4c40_3>
...
001 (339719.107.000) 01/29 15:53:55 Job executing on host: <155.230.21.72:9618?addrs=155.230.21.72-9618&noUDP&sock=23623_fdd9_3>
...
006 (339719.107.000) 01/29 15:54:04 Image size of job updated: 117112
	66  -  MemoryUsage of job (MB)
	66948  -  ResidentSetSize of job (KB)
...
006 (339719.107.000) 01/29 15:54:23 Image size of job updated: 541172
	66  -  MemoryUsage of job (MB)
	66948  -  ResidentSetSize of job (KB)
...
005 (339719.107.000) 01/29 15:54:23 Job terminated.
	(1) Normal termination (return value 0)
		Usr 0 00:00:11, Sys 0 00:00:02  -  Run Remote Usage
		Usr 0 00:00:00, Sys 0 00:00:00  -  Run Local Usage
		Usr 0 00:00:11, Sys 0 00:00:02  -  Total Remote Usage
		Usr 0 00:00:00, Sys 0 00:00:00  -  Total Local Usage
	789  -  Run Bytes Sent By Job
	10707  -  Run Bytes Received By Job
	789  -  Total Bytes Sent By Job
	10707  -  Total Bytes Received By Job
	Partitionable Resources :    Usage  Request Allocated 
	   Cpus                 :        0        1         1 
	   Disk (KB)            :       28  2048000   3695198 
	   Memory (MB)          :       66     2000      2000 
...
000 (339720.107.000) 01/29 15:56:41 Job submitted from host: <155.230.23.72:9618?addrs=155.230.23.72-9618&noUDP&sock=882541_4c40_3>
...
001 (339720.107.000) 01/29 15:58:38 Job executing on host: <155.230.21.72:9618?addrs=155.230.21.72-9618&noUDP&sock=23623_fdd9_3>
...
006 (339720.107.000) 01/29 15:58:46 Image size of job updated: 75312
	53  -  MemoryUsage of job (MB)
	53344  -  ResidentSetSize of job (KB)
...
006 (339720.107.000) 01/29 15:59:33 Image size of job updated: 235188
	53  -  MemoryUsage of job (MB)
	53344  -  ResidentSetSize of job (KB)
...
005 (339720.107.000) 01/29 15:59:33 Job terminated.
	(1) Normal termination (return value 0)
		Usr 0 00:00:18, Sys 0 00:00:03  -  Run Remote Usage
		Usr 0 00:00:00, Sys 0 00:00:00  -  Run Local Usage
		Usr 0 00:00:18, Sys 0 00:00:03  -  Total Remote Usage
		Usr 0 00:00:00, Sys 0 00:00:00  -  Total Local Usage
	994  -  Run Bytes Sent By Job
	10696  -  Run Bytes Received By Job
	994  -  Total Bytes Sent By Job
	10696  -  Total Bytes Received By Job
	Partitionable Resources :    Usage  Request Allocated 
	   Cpus                 :     0.04        1         1 
	   Disk (KB)            :    29     2048000   3695198 
	   Memory (MB)          :    53        2000      2000 
...
