000 (47440.129.000) 12/19 19:07:28 Job submitted from host: <155.230.20.251:9618?addrs=155.230.20.251-9618&noUDP&sock=930313_ea96_3>
...
001 (47440.129.000) 12/19 19:56:22 Job executing on host: <155.230.21.96:9618?addrs=155.230.21.96-9618&noUDP&sock=24703_c822_3>
...
006 (47440.129.000) 12/19 19:56:30 Image size of job updated: 270844
	195  -  MemoryUsage of job (MB)
	199340  -  ResidentSetSize of job (KB)
...
006 (47440.129.000) 12/19 19:56:42 Image size of job updated: 336520
	195  -  MemoryUsage of job (MB)
	199352  -  ResidentSetSize of job (KB)
...
005 (47440.129.000) 12/19 19:56:43 Job terminated.
	(1) Normal termination (return value 0)
		Usr 0 00:00:13, Sys 0 00:00:01  -  Run Remote Usage
		Usr 0 00:00:00, Sys 0 00:00:00  -  Run Local Usage
		Usr 0 00:00:13, Sys 0 00:00:01  -  Total Remote Usage
		Usr 0 00:00:00, Sys 0 00:00:00  -  Total Local Usage
	554  -  Run Bytes Sent By Job
	10413  -  Run Bytes Received By Job
	554  -  Total Bytes Sent By Job
	10413  -  Total Bytes Received By Job
	Partitionable Resources :    Usage  Request Allocated 
	   Cpus                 :     0.03        1         1 
	   Disk (KB)            :    28     2048000   3533127 
	   Memory (MB)          :   195        2000      2000 
...
