000 (47440.048.000) 12/19 19:07:28 Job submitted from host: <155.230.20.251:9618?addrs=155.230.20.251-9618&noUDP&sock=930313_ea96_3>
...
001 (47440.048.000) 12/19 19:54:25 Job executing on host: <155.230.21.112:9618?addrs=155.230.21.112-9618&noUDP&sock=22175_c8b6_3>
...
006 (47440.048.000) 12/19 19:54:33 Image size of job updated: 287244
	209  -  MemoryUsage of job (MB)
	213516  -  ResidentSetSize of job (KB)
...
006 (47440.048.000) 12/19 19:54:39 Image size of job updated: 313112
	209  -  MemoryUsage of job (MB)
	213528  -  ResidentSetSize of job (KB)
...
005 (47440.048.000) 12/19 19:54:39 Job terminated.
	(1) Normal termination (return value 0)
		Usr 0 00:00:11, Sys 0 00:00:01  -  Run Remote Usage
		Usr 0 00:00:00, Sys 0 00:00:00  -  Run Local Usage
		Usr 0 00:00:11, Sys 0 00:00:01  -  Total Remote Usage
		Usr 0 00:00:00, Sys 0 00:00:00  -  Total Local Usage
	554  -  Run Bytes Sent By Job
	10413  -  Run Bytes Received By Job
	554  -  Total Bytes Sent By Job
	10413  -  Total Bytes Received By Job
	Partitionable Resources :    Usage  Request Allocated 
	   Cpus                 :     0.03        1         1 
	   Disk (KB)            :    28     2048000   3661920 
	   Memory (MB)          :   209        2000      2000 
...
000 (336703.048.000) 01/28 15:25:46 Job submitted from host: <155.230.23.72:9618?addrs=155.230.23.72-9618&noUDP&sock=882541_4c40_3>
...
001 (336703.048.000) 01/28 15:26:04 Job executing on host: <155.230.21.117:9618?addrs=155.230.21.117-9618&noUDP&sock=8728_42b0_47>
...
006 (336703.048.000) 01/28 15:26:13 Image size of job updated: 116940
	66  -  MemoryUsage of job (MB)
	66828  -  ResidentSetSize of job (KB)
...
006 (336703.048.000) 01/28 15:29:13 Image size of job updated: 310144
	66  -  MemoryUsage of job (MB)
	66840  -  ResidentSetSize of job (KB)
...
005 (336703.048.000) 01/28 15:29:13 Job terminated.
	(1) Normal termination (return value 0)
		Usr 0 00:02:44, Sys 0 00:00:12  -  Run Remote Usage
		Usr 0 00:00:00, Sys 0 00:00:00  -  Run Local Usage
		Usr 0 00:02:44, Sys 0 00:00:12  -  Total Remote Usage
		Usr 0 00:00:00, Sys 0 00:00:00  -  Total Local Usage
	747  -  Run Bytes Sent By Job
	10577  -  Run Bytes Received By Job
	747  -  Total Bytes Sent By Job
	10577  -  Total Bytes Received By Job
	Partitionable Resources :    Usage  Request Allocated 
	   Cpus                 :        0        1         1 
	   Disk (KB)            :       28  2048000   3791002 
	   Memory (MB)          :       66     2000      2000 
...
000 (339712.048.000) 01/29 14:36:17 Job submitted from host: <155.230.23.72:9618?addrs=155.230.23.72-9618&noUDP&sock=882541_4c40_3>
...
001 (339712.048.000) 01/29 14:37:30 Job executing on host: <155.230.21.72:9618?addrs=155.230.21.72-9618&noUDP&sock=23623_fdd9_3>
...
006 (339712.048.000) 01/29 14:37:38 Image size of job updated: 97292
	51  -  MemoryUsage of job (MB)
	51884  -  ResidentSetSize of job (KB)
...
006 (339712.048.000) 01/29 14:42:39 Image size of job updated: 335148
	254  -  MemoryUsage of job (MB)
	259924  -  ResidentSetSize of job (KB)
...
005 (339712.048.000) 01/29 14:44:19 Job terminated.
	(1) Normal termination (return value 0)
		Usr 0 00:04:37, Sys 0 00:00:14  -  Run Remote Usage
		Usr 0 00:00:00, Sys 0 00:00:00  -  Run Local Usage
		Usr 0 00:04:37, Sys 0 00:00:14  -  Total Remote Usage
		Usr 0 00:00:00, Sys 0 00:00:00  -  Total Local Usage
	747  -  Run Bytes Sent By Job
	10553  -  Run Bytes Received By Job
	747  -  Total Bytes Sent By Job
	10553  -  Total Bytes Received By Job
	Partitionable Resources :    Usage  Request Allocated 
	   Cpus                 :     0.78        1         1 
	   Disk (KB)            :    28     2048000   3695198 
	   Memory (MB)          :   254        2000      2000 
...
000 (339716.048.000) 01/29 15:15:50 Job submitted from host: <155.230.23.72:9618?addrs=155.230.23.72-9618&noUDP&sock=882541_4c40_3>
...
001 (339716.048.000) 01/29 15:17:06 Job executing on host: <155.230.21.42:9618?addrs=155.230.21.42-9618&noUDP&sock=2987_697a_3>
...
006 (339716.048.000) 01/29 15:17:15 Image size of job updated: 54920
	22  -  MemoryUsage of job (MB)
	22404  -  ResidentSetSize of job (KB)
...
006 (339716.048.000) 01/29 15:22:16 Image size of job updated: 336448
	255  -  MemoryUsage of job (MB)
	260716  -  ResidentSetSize of job (KB)
...
005 (339716.048.000) 01/29 15:24:00 Job terminated.
	(1) Normal termination (return value 0)
		Usr 0 00:04:32, Sys 0 00:00:14  -  Run Remote Usage
		Usr 0 00:00:00, Sys 0 00:00:00  -  Run Local Usage
		Usr 0 00:04:32, Sys 0 00:00:14  -  Total Remote Usage
		Usr 0 00:00:00, Sys 0 00:00:00  -  Total Local Usage
	747  -  Run Bytes Sent By Job
	10553  -  Run Bytes Received By Job
	747  -  Total Bytes Sent By Job
	10553  -  Total Bytes Received By Job
	Partitionable Resources :    Usage  Request Allocated 
	   Cpus                 :     0.24        1         1 
	   Disk (KB)            :    29     2048000   3669141 
	   Memory (MB)          :   255        2000      2000 
...
000 (339717.048.000) 01/29 15:38:00 Job submitted from host: <155.230.23.72:9618?addrs=155.230.23.72-9618&noUDP&sock=882541_4c40_3>
...
001 (339717.048.000) 01/29 15:38:18 Job executing on host: <155.230.21.117:9618?addrs=155.230.21.117-9618&noUDP&sock=8728_42b0_47>
...
006 (339717.048.000) 01/29 15:38:26 Image size of job updated: 264444
	189  -  MemoryUsage of job (MB)
	192964  -  ResidentSetSize of job (KB)
...
006 (339717.048.000) 01/29 15:38:28 Image size of job updated: 264532
	189  -  MemoryUsage of job (MB)
	193020  -  ResidentSetSize of job (KB)
...
004 (339717.048.000) 01/29 15:38:28 Job was evicted.
	(0) Job was not checkpointed.
		Usr 0 00:00:06, Sys 0 00:00:01  -  Run Remote Usage
		Usr 0 00:00:00, Sys 0 00:00:00  -  Run Local Usage
	1689  -  Run Bytes Sent By Job
	10651  -  Run Bytes Received By Job
	Partitionable Resources :    Usage  Request Allocated 
	   Cpus                 :        0        1         1 
	   Disk (KB)            :       29  2048000   3791002 
	   Memory (MB)          :      189     2000      2000 
...
009 (339717.048.000) 01/29 15:38:28 Job was aborted by the user.
	via condor_rm (by user choij)
...
000 (339718.048.000) 01/29 15:39:25 Job submitted from host: <155.230.23.72:9618?addrs=155.230.23.72-9618&noUDP&sock=882541_4c40_3>
...
001 (339718.048.000) 01/29 15:39:42 Job executing on host: <155.230.21.117:9618?addrs=155.230.21.117-9618&noUDP&sock=8728_42b0_47>
...
006 (339718.048.000) 01/29 15:39:50 Image size of job updated: 291132
	212  -  MemoryUsage of job (MB)
	217004  -  ResidentSetSize of job (KB)
...
005 (339718.048.000) 01/29 15:39:50 Job terminated.
	(1) Normal termination (return value 1)
		Usr 0 00:00:06, Sys 0 00:00:01  -  Run Remote Usage
		Usr 0 00:00:00, Sys 0 00:00:00  -  Run Local Usage
		Usr 0 00:00:06, Sys 0 00:00:01  -  Total Remote Usage
		Usr 0 00:00:00, Sys 0 00:00:00  -  Total Local Usage
	1689  -  Run Bytes Sent By Job
	10651  -  Run Bytes Received By Job
	1689  -  Total Bytes Sent By Job
	10651  -  Total Bytes Received By Job
	Partitionable Resources :    Usage  Request Allocated 
	   Cpus                 :     0.03        1         1 
	   Disk (KB)            :    30     2048000   3791002 
	   Memory (MB)          :   212        2000      2000 
...
000 (339719.048.000) 01/29 15:52:31 Job submitted from host: <155.230.23.72:9618?addrs=155.230.23.72-9618&noUDP&sock=882541_4c40_3>
...
001 (339719.048.000) 01/29 15:52:51 Job executing on host: <155.230.21.117:9618?addrs=155.230.21.117-9618&noUDP&sock=8728_42b0_47>
...
006 (339719.048.000) 01/29 15:52:59 Image size of job updated: 290396
	212  -  MemoryUsage of job (MB)
	216268  -  ResidentSetSize of job (KB)
...
005 (339719.048.000) 01/29 15:53:00 Job terminated.
	(1) Normal termination (return value 0)
		Usr 0 00:00:06, Sys 0 00:00:01  -  Run Remote Usage
		Usr 0 00:00:00, Sys 0 00:00:00  -  Run Local Usage
		Usr 0 00:00:06, Sys 0 00:00:01  -  Total Remote Usage
		Usr 0 00:00:00, Sys 0 00:00:00  -  Total Local Usage
	785  -  Run Bytes Sent By Job
	10707  -  Run Bytes Received By Job
	785  -  Total Bytes Sent By Job
	10707  -  Total Bytes Received By Job
	Partitionable Resources :    Usage  Request Allocated 
	   Cpus                 :     0.03        1         1 
	   Disk (KB)            :    29     2048000   3791002 
	   Memory (MB)          :   212        2000      2000 
...
000 (339720.048.000) 01/29 15:56:41 Job submitted from host: <155.230.23.72:9618?addrs=155.230.23.72-9618&noUDP&sock=882541_4c40_3>
...
001 (339720.048.000) 01/29 15:57:01 Job executing on host: <155.230.21.117:9618?addrs=155.230.21.117-9618&noUDP&sock=8728_42b0_47>
...
006 (339720.048.000) 01/29 15:57:09 Image size of job updated: 291012
	212  -  MemoryUsage of job (MB)
	216884  -  ResidentSetSize of job (KB)
...
006 (339720.048.000) 01/29 15:57:18 Image size of job updated: 338696
	212  -  MemoryUsage of job (MB)
	216884  -  ResidentSetSize of job (KB)
...
005 (339720.048.000) 01/29 15:57:18 Job terminated.
	(1) Normal termination (return value 0)
		Usr 0 00:00:11, Sys 0 00:00:02  -  Run Remote Usage
		Usr 0 00:00:00, Sys 0 00:00:00  -  Run Local Usage
		Usr 0 00:00:11, Sys 0 00:00:02  -  Total Remote Usage
		Usr 0 00:00:00, Sys 0 00:00:00  -  Total Local Usage
	726  -  Run Bytes Sent By Job
	10696  -  Run Bytes Received By Job
	726  -  Total Bytes Sent By Job
	10696  -  Total Bytes Received By Job
	Partitionable Resources :    Usage  Request Allocated 
	   Cpus                 :        0        1         1 
	   Disk (KB)            :       28  2048000   3791002 
	   Memory (MB)          :      212     2000      2000 
...
