000 (47440.057.000) 12/19 19:07:28 Job submitted from host: <155.230.20.251:9618?addrs=155.230.20.251-9618&noUDP&sock=930313_ea96_3>
...
001 (47440.057.000) 12/19 19:54:27 Job executing on host: <155.230.21.111:9618?addrs=155.230.21.111-9618&noUDP&sock=14468_6c4e_3>
...
006 (47440.057.000) 12/19 19:54:36 Image size of job updated: 139332
	76  -  MemoryUsage of job (MB)
	77692  -  ResidentSetSize of job (KB)
...
006 (47440.057.000) 12/19 19:54:49 Image size of job updated: 315380
	76  -  MemoryUsage of job (MB)
	77692  -  ResidentSetSize of job (KB)
...
005 (47440.057.000) 12/19 19:54:49 Job terminated.
	(1) Normal termination (return value 0)
		Usr 0 00:00:11, Sys 0 00:00:00  -  Run Remote Usage
		Usr 0 00:00:00, Sys 0 00:00:00  -  Run Local Usage
		Usr 0 00:00:11, Sys 0 00:00:00  -  Total Remote Usage
		Usr 0 00:00:00, Sys 0 00:00:00  -  Total Local Usage
	554  -  Run Bytes Sent By Job
	10413  -  Run Bytes Received By Job
	554  -  Total Bytes Sent By Job
	10413  -  Total Bytes Received By Job
	Partitionable Resources :    Usage  Request Allocated 
	   Cpus                 :        0        1         1 
	   Disk (KB)            :       28  2048000   3709606 
	   Memory (MB)          :       76     2000      2000 
...
000 (339717.057.000) 01/29 15:38:00 Job submitted from host: <155.230.23.72:9618?addrs=155.230.23.72-9618&noUDP&sock=882541_4c40_3>
...
009 (339717.057.000) 01/29 15:38:24 Job was aborted by the user.
	via condor_rm (by user choij)
...
000 (339718.057.000) 01/29 15:39:25 Job submitted from host: <155.230.23.72:9618?addrs=155.230.23.72-9618&noUDP&sock=882541_4c40_3>
...
001 (339718.057.000) 01/29 15:40:05 Job executing on host: <155.230.21.74:9618?addrs=155.230.21.74-9618&noUDP&sock=27134_3edd_3>
...
006 (339718.057.000) 01/29 15:40:13 Image size of job updated: 50168
	19  -  MemoryUsage of job (MB)
	18848  -  ResidentSetSize of job (KB)
...
006 (339718.057.000) 01/29 15:40:39 Image size of job updated: 289712
	19  -  MemoryUsage of job (MB)
	18848  -  ResidentSetSize of job (KB)
...
005 (339718.057.000) 01/29 15:40:39 Job terminated.
	(1) Normal termination (return value 1)
		Usr 0 00:00:10, Sys 0 00:00:01  -  Run Remote Usage
		Usr 0 00:00:00, Sys 0 00:00:00  -  Run Local Usage
		Usr 0 00:00:10, Sys 0 00:00:01  -  Total Remote Usage
		Usr 0 00:00:00, Sys 0 00:00:00  -  Total Local Usage
	1689  -  Run Bytes Sent By Job
	10651  -  Run Bytes Received By Job
	1689  -  Total Bytes Sent By Job
	10651  -  Total Bytes Received By Job
	Partitionable Resources :    Usage  Request Allocated 
	   Cpus                 :     0.43        1         1 
	   Disk (KB)            :    29     2048000   3665303 
	   Memory (MB)          :    19        2000      2000 
...
000 (339719.057.000) 01/29 15:52:31 Job submitted from host: <155.230.23.72:9618?addrs=155.230.23.72-9618&noUDP&sock=882541_4c40_3>
...
001 (339719.057.000) 01/29 15:52:58 Job executing on host: <155.230.21.74:9618?addrs=155.230.21.74-9618&noUDP&sock=27134_3edd_3>
...
006 (339719.057.000) 01/29 15:53:06 Image size of job updated: 114388
	66  -  MemoryUsage of job (MB)
	66956  -  ResidentSetSize of job (KB)
...
005 (339719.057.000) 01/29 15:53:45 Job terminated.
	(1) Normal termination (return value 0)
		Usr 0 00:00:10, Sys 0 00:00:02  -  Run Remote Usage
		Usr 0 00:00:00, Sys 0 00:00:00  -  Run Local Usage
		Usr 0 00:00:10, Sys 0 00:00:02  -  Total Remote Usage
		Usr 0 00:00:00, Sys 0 00:00:00  -  Total Local Usage
	782  -  Run Bytes Sent By Job
	10707  -  Run Bytes Received By Job
	782  -  Total Bytes Sent By Job
	10707  -  Total Bytes Received By Job
	Partitionable Resources :    Usage  Request Allocated 
	   Cpus                 :        0        1         1 
	   Disk (KB)            :       28  2048000   3665303 
	   Memory (MB)          :       66     2000      2000 
...
000 (339720.057.000) 01/29 15:56:41 Job submitted from host: <155.230.23.72:9618?addrs=155.230.23.72-9618&noUDP&sock=882541_4c40_3>
...
001 (339720.057.000) 01/29 15:57:45 Job executing on host: <155.230.21.44:9618?addrs=155.230.21.44-9618&noUDP&sock=8017_92da_3>
...
006 (339720.057.000) 01/29 15:57:54 Image size of job updated: 117112
	66  -  MemoryUsage of job (MB)
	66956  -  ResidentSetSize of job (KB)
...
006 (339720.057.000) 01/29 15:58:26 Image size of job updated: 233864
	66  -  MemoryUsage of job (MB)
	66956  -  ResidentSetSize of job (KB)
...
005 (339720.057.000) 01/29 15:58:26 Job terminated.
	(1) Normal termination (return value 0)
		Usr 0 00:00:18, Sys 0 00:00:02  -  Run Remote Usage
		Usr 0 00:00:00, Sys 0 00:00:00  -  Run Local Usage
		Usr 0 00:00:18, Sys 0 00:00:02  -  Total Remote Usage
		Usr 0 00:00:00, Sys 0 00:00:00  -  Total Local Usage
	992  -  Run Bytes Sent By Job
	10696  -  Run Bytes Received By Job
	992  -  Total Bytes Sent By Job
	10696  -  Total Bytes Received By Job
	Partitionable Resources :    Usage  Request Allocated 
	   Cpus                 :     0.70        1         1 
	   Disk (KB)            :    29     2048000   3701895 
	   Memory (MB)          :    66        2000      2000 
...
