000 (47440.089.000) 12/19 19:07:28 Job submitted from host: <155.230.20.251:9618?addrs=155.230.20.251-9618&noUDP&sock=930313_ea96_3>
...
001 (47440.089.000) 12/19 19:55:25 Job executing on host: <155.230.21.108:9618?addrs=155.230.21.108-9618&noUDP&sock=779_e85d_3>
...
006 (47440.089.000) 12/19 19:55:33 Image size of job updated: 294444
	215  -  MemoryUsage of job (MB)
	219188  -  ResidentSetSize of job (KB)
...
006 (47440.089.000) 12/19 19:55:38 Image size of job updated: 306272
	215  -  MemoryUsage of job (MB)
	219248  -  ResidentSetSize of job (KB)
...
005 (47440.089.000) 12/19 19:55:38 Job terminated.
	(1) Normal termination (return value 0)
		Usr 0 00:00:11, Sys 0 00:00:01  -  Run Remote Usage
		Usr 0 00:00:00, Sys 0 00:00:00  -  Run Local Usage
		Usr 0 00:00:11, Sys 0 00:00:01  -  Total Remote Usage
		Usr 0 00:00:00, Sys 0 00:00:00  -  Total Local Usage
	554  -  Run Bytes Sent By Job
	10413  -  Run Bytes Received By Job
	554  -  Total Bytes Sent By Job
	10413  -  Total Bytes Received By Job
	Partitionable Resources :    Usage  Request Allocated 
	   Cpus                 :        0        1         1 
	   Disk (KB)            :       28  2048000   3664171 
	   Memory (MB)          :      215     2000      2000 
...
