000 (47440.328.000) 12/19 19:07:29 Job submitted from host: <155.230.20.251:9618?addrs=155.230.20.251-9618&noUDP&sock=930313_ea96_3>
...
001 (47440.328.000) 12/19 20:00:32 Job executing on host: <155.230.21.110:9618?addrs=155.230.21.110-9618&noUDP&sock=15413_9d4e_3>
...
006 (47440.328.000) 12/19 20:00:40 Image size of job updated: 292552
	213  -  MemoryUsage of job (MB)
	217704  -  ResidentSetSize of job (KB)
...
006 (47440.328.000) 12/19 20:00:45 Image size of job updated: 315232
	213  -  MemoryUsage of job (MB)
	217708  -  ResidentSetSize of job (KB)
...
005 (47440.328.000) 12/19 20:00:45 Job terminated.
	(1) Normal termination (return value 0)
		Usr 0 00:00:11, Sys 0 00:00:01  -  Run Remote Usage
		Usr 0 00:00:00, Sys 0 00:00:00  -  Run Local Usage
		Usr 0 00:00:11, Sys 0 00:00:01  -  Total Remote Usage
		Usr 0 00:00:00, Sys 0 00:00:00  -  Total Local Usage
	554  -  Run Bytes Sent By Job
	10413  -  Run Bytes Received By Job
	554  -  Total Bytes Sent By Job
	10413  -  Total Bytes Received By Job
	Partitionable Resources :    Usage  Request Allocated 
	   Cpus                 :        0        1         1 
	   Disk (KB)            :       28  2048000   3709593 
	   Memory (MB)          :      213     2000      2000 
...
000 (339717.328.000) 01/29 15:38:01 Job submitted from host: <155.230.23.72:9618?addrs=155.230.23.72-9618&noUDP&sock=882541_4c40_3>
...
009 (339717.328.000) 01/29 15:38:25 Job was aborted by the user.
	via condor_rm (by user choij)
...
000 (339718.328.000) 01/29 15:39:26 Job submitted from host: <155.230.23.72:9618?addrs=155.230.23.72-9618&noUDP&sock=882541_4c40_3>
...
001 (339718.328.000) 01/29 15:44:51 Job executing on host: <155.230.21.33:9618?addrs=155.230.21.33-9618&noUDP&sock=18775_aab5_3>
...
006 (339718.328.000) 01/29 15:45:00 Image size of job updated: 164008
	98  -  MemoryUsage of job (MB)
	100308  -  ResidentSetSize of job (KB)
...
006 (339718.328.000) 01/29 15:45:07 Image size of job updated: 532124
	98  -  MemoryUsage of job (MB)
	100308  -  ResidentSetSize of job (KB)
...
005 (339718.328.000) 01/29 15:45:07 Job terminated.
	(1) Normal termination (return value 1)
		Usr 0 00:00:10, Sys 0 00:00:02  -  Run Remote Usage
		Usr 0 00:00:00, Sys 0 00:00:00  -  Run Local Usage
		Usr 0 00:00:10, Sys 0 00:00:02  -  Total Remote Usage
		Usr 0 00:00:00, Sys 0 00:00:00  -  Total Local Usage
	1691  -  Run Bytes Sent By Job
	10651  -  Run Bytes Received By Job
	1691  -  Total Bytes Sent By Job
	10651  -  Total Bytes Received By Job
	Partitionable Resources :    Usage  Request Allocated 
	   Cpus                 :     0.04        1         1 
	   Disk (KB)            :    29     2048000   3679636 
	   Memory (MB)          :    98        2000      2000 
...
000 (339719.328.000) 01/29 15:52:31 Job submitted from host: <155.230.23.72:9618?addrs=155.230.23.72-9618&noUDP&sock=882541_4c40_3>
...
009 (339719.328.000) 01/29 15:54:51 Job was aborted by the user.
	via condor_rm (by user choij)
...
000 (339720.328.000) 01/29 15:56:41 Job submitted from host: <155.230.23.72:9618?addrs=155.230.23.72-9618&noUDP&sock=882541_4c40_3>
...
001 (339720.328.000) 01/29 16:01:50 Job executing on host: <155.230.21.38:9618?addrs=155.230.21.38-9618&noUDP&sock=22636_fddf_3>
...
006 (339720.328.000) 01/29 16:01:58 Image size of job updated: 117112
	66  -  MemoryUsage of job (MB)
	66952  -  ResidentSetSize of job (KB)
...
006 (339720.328.000) 01/29 16:02:30 Image size of job updated: 310372
	66  -  MemoryUsage of job (MB)
	66952  -  ResidentSetSize of job (KB)
...
005 (339720.328.000) 01/29 16:02:30 Job terminated.
	(1) Normal termination (return value 0)
		Usr 0 00:00:18, Sys 0 00:00:03  -  Run Remote Usage
		Usr 0 00:00:00, Sys 0 00:00:00  -  Run Local Usage
		Usr 0 00:00:18, Sys 0 00:00:03  -  Total Remote Usage
		Usr 0 00:00:00, Sys 0 00:00:00  -  Total Local Usage
	994  -  Run Bytes Sent By Job
	10696  -  Run Bytes Received By Job
	994  -  Total Bytes Sent By Job
	10696  -  Total Bytes Received By Job
	Partitionable Resources :    Usage  Request Allocated 
	   Cpus                 :     0.80        1         1 
	   Disk (KB)            :    29     2048000   3666180 
	   Memory (MB)          :    66        2000      2000 
...
