000 (47440.038.000) 12/19 19:07:28 Job submitted from host: <155.230.20.251:9618?addrs=155.230.20.251-9618&noUDP&sock=930313_ea96_3>
...
001 (47440.038.000) 12/19 19:54:21 Job executing on host: <155.230.21.95:9618?addrs=155.230.21.95-9618+[--1]-9618&noUDP&sock=14962_4417_3>
...
006 (47440.038.000) 12/19 19:54:29 Image size of job updated: 275588
	199  -  MemoryUsage of job (MB)
	203440  -  ResidentSetSize of job (KB)
...
006 (47440.038.000) 12/19 19:54:37 Image size of job updated: 314060
	199  -  MemoryUsage of job (MB)
	203488  -  ResidentSetSize of job (KB)
...
005 (47440.038.000) 12/19 19:54:37 Job terminated.
	(1) Normal termination (return value 0)
		Usr 0 00:00:13, Sys 0 00:00:01  -  Run Remote Usage
		Usr 0 00:00:00, Sys 0 00:00:00  -  Run Local Usage
		Usr 0 00:00:13, Sys 0 00:00:01  -  Total Remote Usage
		Usr 0 00:00:00, Sys 0 00:00:00  -  Total Local Usage
	554  -  Run Bytes Sent By Job
	10413  -  Run Bytes Received By Job
	554  -  Total Bytes Sent By Job
	10413  -  Total Bytes Received By Job
	Partitionable Resources :    Usage  Request Allocated 
	   Cpus                 :                 1         1 
	   Disk (KB)            :       22  2048000  18549089 
	   Memory (MB)          :      199     2000      2000 
...
000 (336703.038.000) 01/28 15:25:46 Job submitted from host: <155.230.23.72:9618?addrs=155.230.23.72-9618&noUDP&sock=882541_4c40_3>
...
001 (336703.038.000) 01/28 15:26:00 Job executing on host: <155.230.21.81:9618?addrs=155.230.21.81-9618&noUDP&sock=1515_be12_36>
...
006 (336703.038.000) 01/28 15:26:08 Image size of job updated: 39580
	15  -  MemoryUsage of job (MB)
	14728  -  ResidentSetSize of job (KB)
...
006 (336703.038.000) 01/28 15:29:04 Image size of job updated: 343180
	15  -  MemoryUsage of job (MB)
	14728  -  ResidentSetSize of job (KB)
...
005 (336703.038.000) 01/28 15:29:04 Job terminated.
	(1) Normal termination (return value 0)
		Usr 0 00:02:36, Sys 0 00:00:12  -  Run Remote Usage
		Usr 0 00:00:00, Sys 0 00:00:00  -  Run Local Usage
		Usr 0 00:02:36, Sys 0 00:00:12  -  Total Remote Usage
		Usr 0 00:00:00, Sys 0 00:00:00  -  Total Local Usage
	747  -  Run Bytes Sent By Job
	10577  -  Run Bytes Received By Job
	747  -  Total Bytes Sent By Job
	10577  -  Total Bytes Received By Job
	Partitionable Resources :    Usage  Request Allocated 
	   Cpus                 :        0        1         1 
	   Disk (KB)            :       28  2048000   3790577 
	   Memory (MB)          :       15     2000      2000 
...
000 (339712.038.000) 01/29 14:36:17 Job submitted from host: <155.230.23.72:9618?addrs=155.230.23.72-9618&noUDP&sock=882541_4c40_3>
...
001 (339712.038.000) 01/29 14:36:46 Job executing on host: <155.230.21.119:9618?addrs=155.230.21.119-9618&noUDP&sock=7399_ad53_47>
...
006 (339712.038.000) 01/29 14:36:54 Image size of job updated: 200152
	131  -  MemoryUsage of job (MB)
	133396  -  ResidentSetSize of job (KB)
...
006 (339712.038.000) 01/29 14:40:34 Image size of job updated: 607148
	131  -  MemoryUsage of job (MB)
	133400  -  ResidentSetSize of job (KB)
...
005 (339712.038.000) 01/29 14:40:34 Job terminated.
	(1) Normal termination (return value 0)
		Usr 0 00:03:29, Sys 0 00:00:13  -  Run Remote Usage
		Usr 0 00:00:00, Sys 0 00:00:00  -  Run Local Usage
		Usr 0 00:03:29, Sys 0 00:00:13  -  Total Remote Usage
		Usr 0 00:00:00, Sys 0 00:00:00  -  Total Local Usage
	747  -  Run Bytes Sent By Job
	10553  -  Run Bytes Received By Job
	747  -  Total Bytes Sent By Job
	10553  -  Total Bytes Received By Job
	Partitionable Resources :    Usage  Request Allocated 
	   Cpus                 :     1.00        1         1 
	   Disk (KB)            :    28     2048000   3788489 
	   Memory (MB)          :   131        2000      2000 
...
000 (339716.038.000) 01/29 15:15:50 Job submitted from host: <155.230.23.72:9618?addrs=155.230.23.72-9618&noUDP&sock=882541_4c40_3>
...
001 (339716.038.000) 01/29 15:16:22 Job executing on host: <155.230.21.117:9618?addrs=155.230.21.117-9618&noUDP&sock=8728_42b0_47>
...
006 (339716.038.000) 01/29 15:16:30 Image size of job updated: 264688
	189  -  MemoryUsage of job (MB)
	193480  -  ResidentSetSize of job (KB)
...
006 (339716.038.000) 01/29 15:19:24 Image size of job updated: 356624
	190  -  MemoryUsage of job (MB)
	193584  -  ResidentSetSize of job (KB)
...
005 (339716.038.000) 01/29 15:19:24 Job terminated.
	(1) Normal termination (return value 0)
		Usr 0 00:02:45, Sys 0 00:00:12  -  Run Remote Usage
		Usr 0 00:00:00, Sys 0 00:00:00  -  Run Local Usage
		Usr 0 00:02:45, Sys 0 00:00:12  -  Total Remote Usage
		Usr 0 00:00:00, Sys 0 00:00:00  -  Total Local Usage
	747  -  Run Bytes Sent By Job
	10553  -  Run Bytes Received By Job
	747  -  Total Bytes Sent By Job
	10553  -  Total Bytes Received By Job
	Partitionable Resources :    Usage  Request Allocated 
	   Cpus                 :        0        1         1 
	   Disk (KB)            :       28  2048000   3791002 
	   Memory (MB)          :      190     2000      2000 
...
000 (339717.038.000) 01/29 15:38:00 Job submitted from host: <155.230.23.72:9618?addrs=155.230.23.72-9618&noUDP&sock=882541_4c40_3>
...
001 (339717.038.000) 01/29 15:38:13 Job executing on host: <155.230.21.81:9618?addrs=155.230.21.81-9618&noUDP&sock=1515_be12_36>
...
006 (339717.038.000) 01/29 15:38:21 Image size of job updated: 81400
	40  -  MemoryUsage of job (MB)
	40244  -  ResidentSetSize of job (KB)
...
006 (339717.038.000) 01/29 15:38:27 Image size of job updated: 156596
	93  -  MemoryUsage of job (MB)
	94284  -  ResidentSetSize of job (KB)
...
004 (339717.038.000) 01/29 15:38:27 Job was evicted.
	(0) Job was not checkpointed.
		Usr 0 00:00:02, Sys 0 00:00:00  -  Run Remote Usage
		Usr 0 00:00:00, Sys 0 00:00:00  -  Run Local Usage
	359  -  Run Bytes Sent By Job
	10651  -  Run Bytes Received By Job
	Partitionable Resources :    Usage  Request Allocated 
	   Cpus                 :        0        1         1 
	   Disk (KB)            :       28  2048000   3790577 
	   Memory (MB)          :       93     2000      2000 
...
009 (339717.038.000) 01/29 15:38:27 Job was aborted by the user.
	via condor_rm (by user choij)
...
000 (339718.038.000) 01/29 15:39:25 Job submitted from host: <155.230.23.72:9618?addrs=155.230.23.72-9618&noUDP&sock=882541_4c40_3>
...
001 (339718.038.000) 01/29 15:39:38 Job executing on host: <155.230.21.81:9618?addrs=155.230.21.81-9618&noUDP&sock=1515_be12_36>
...
006 (339718.038.000) 01/29 15:39:47 Image size of job updated: 276664
	200  -  MemoryUsage of job (MB)
	203920  -  ResidentSetSize of job (KB)
...
006 (339718.038.000) 01/29 15:39:49 Image size of job updated: 290400
	200  -  MemoryUsage of job (MB)
	203944  -  ResidentSetSize of job (KB)
...
005 (339718.038.000) 01/29 15:39:49 Job terminated.
	(1) Normal termination (return value 1)
		Usr 0 00:00:05, Sys 0 00:00:01  -  Run Remote Usage
		Usr 0 00:00:00, Sys 0 00:00:00  -  Run Local Usage
		Usr 0 00:00:05, Sys 0 00:00:01  -  Total Remote Usage
		Usr 0 00:00:00, Sys 0 00:00:00  -  Total Local Usage
	1689  -  Run Bytes Sent By Job
	10651  -  Run Bytes Received By Job
	1689  -  Total Bytes Sent By Job
	10651  -  Total Bytes Received By Job
	Partitionable Resources :    Usage  Request Allocated 
	   Cpus                 :     0.61        1         1 
	   Disk (KB)            :    30     2048000   3790577 
	   Memory (MB)          :   200        2000      2000 
...
000 (339719.038.000) 01/29 15:52:31 Job submitted from host: <155.230.23.72:9618?addrs=155.230.23.72-9618&noUDP&sock=882541_4c40_3>
...
001 (339719.038.000) 01/29 15:52:48 Job executing on host: <155.230.21.81:9618?addrs=155.230.21.81-9618&noUDP&sock=1515_be12_36>
...
006 (339719.038.000) 01/29 15:52:57 Image size of job updated: 159040
	95  -  MemoryUsage of job (MB)
	97000  -  ResidentSetSize of job (KB)
...
006 (339719.038.000) 01/29 15:53:05 Image size of job updated: 285828
	95  -  MemoryUsage of job (MB)
	97080  -  ResidentSetSize of job (KB)
...
005 (339719.038.000) 01/29 15:53:05 Job terminated.
	(1) Normal termination (return value 0)
		Usr 0 00:00:06, Sys 0 00:00:01  -  Run Remote Usage
		Usr 0 00:00:00, Sys 0 00:00:00  -  Run Local Usage
		Usr 0 00:00:06, Sys 0 00:00:01  -  Total Remote Usage
		Usr 0 00:00:00, Sys 0 00:00:00  -  Total Local Usage
	785  -  Run Bytes Sent By Job
	10707  -  Run Bytes Received By Job
	785  -  Total Bytes Sent By Job
	10707  -  Total Bytes Received By Job
	Partitionable Resources :    Usage  Request Allocated 
	   Cpus                 :     0.02        1         1 
	   Disk (KB)            :    29     2048000   3790577 
	   Memory (MB)          :    95        2000      2000 
...
000 (339720.038.000) 01/29 15:56:41 Job submitted from host: <155.230.23.72:9618?addrs=155.230.23.72-9618&noUDP&sock=882541_4c40_3>
...
001 (339720.038.000) 01/29 15:56:58 Job executing on host: <155.230.21.81:9618?addrs=155.230.21.81-9618&noUDP&sock=1515_be12_36>
...
006 (339720.038.000) 01/29 15:57:07 Image size of job updated: 287828
	209  -  MemoryUsage of job (MB)
	213700  -  ResidentSetSize of job (KB)
...
006 (339720.038.000) 01/29 15:57:19 Image size of job updated: 312296
	209  -  MemoryUsage of job (MB)
	213700  -  ResidentSetSize of job (KB)
...
005 (339720.038.000) 01/29 15:57:19 Job terminated.
	(1) Normal termination (return value 0)
		Usr 0 00:00:10, Sys 0 00:00:02  -  Run Remote Usage
		Usr 0 00:00:00, Sys 0 00:00:00  -  Run Local Usage
		Usr 0 00:00:10, Sys 0 00:00:02  -  Total Remote Usage
		Usr 0 00:00:00, Sys 0 00:00:00  -  Total Local Usage
	726  -  Run Bytes Sent By Job
	10696  -  Run Bytes Received By Job
	726  -  Total Bytes Sent By Job
	10696  -  Total Bytes Received By Job
	Partitionable Resources :    Usage  Request Allocated 
	   Cpus                 :        0        1         1 
	   Disk (KB)            :       28  2048000   3790577 
	   Memory (MB)          :      209     2000      2000 
...
