000 (47440.461.000) 12/19 19:07:30 Job submitted from host: <155.230.20.251:9618?addrs=155.230.20.251-9618&noUDP&sock=930313_ea96_3>
...
001 (47440.461.000) 12/19 20:03:30 Job executing on host: <155.230.21.91:9618?addrs=155.230.21.91-9618&noUDP&sock=17349_8ca8_3>
...
006 (47440.461.000) 12/19 20:03:38 Image size of job updated: 299568
	219  -  MemoryUsage of job (MB)
	223300  -  ResidentSetSize of job (KB)
...
006 (47440.461.000) 12/19 20:03:42 Image size of job updated: 334836
	219  -  MemoryUsage of job (MB)
	223300  -  ResidentSetSize of job (KB)
...
005 (47440.461.000) 12/19 20:03:42 Job terminated.
	(1) Normal termination (return value 0)
		Usr 0 00:00:09, Sys 0 00:00:00  -  Run Remote Usage
		Usr 0 00:00:00, Sys 0 00:00:00  -  Run Local Usage
		Usr 0 00:00:09, Sys 0 00:00:00  -  Total Remote Usage
		Usr 0 00:00:00, Sys 0 00:00:00  -  Total Local Usage
	554  -  Run Bytes Sent By Job
	10413  -  Run Bytes Received By Job
	554  -  Total Bytes Sent By Job
	10413  -  Total Bytes Received By Job
	Partitionable Resources :    Usage  Request Allocated 
	   Cpus                 :        0        1         1 
	   Disk (KB)            :       28  2048000   3710322 
	   Memory (MB)          :      219     2000      2000 
...
