000 (47440.822.000) 12/19 19:07:31 Job submitted from host: <155.230.20.251:9618?addrs=155.230.20.251-9618&noUDP&sock=930313_ea96_3>
...
001 (47440.822.000) 12/19 20:11:28 Job executing on host: <155.230.21.111:9618?addrs=155.230.21.111-9618&noUDP&sock=14468_6c4e_3>
...
006 (47440.822.000) 12/19 20:11:36 Image size of job updated: 286888
	209  -  MemoryUsage of job (MB)
	213688  -  ResidentSetSize of job (KB)
...
006 (47440.822.000) 12/19 20:11:43 Image size of job updated: 346588
	209  -  MemoryUsage of job (MB)
	213688  -  ResidentSetSize of job (KB)
...
005 (47440.822.000) 12/19 20:11:43 Job terminated.
	(1) Normal termination (return value 0)
		Usr 0 00:00:11, Sys 0 00:00:00  -  Run Remote Usage
		Usr 0 00:00:00, Sys 0 00:00:00  -  Run Local Usage
		Usr 0 00:00:11, Sys 0 00:00:00  -  Total Remote Usage
		Usr 0 00:00:00, Sys 0 00:00:00  -  Total Local Usage
	554  -  Run Bytes Sent By Job
	10413  -  Run Bytes Received By Job
	554  -  Total Bytes Sent By Job
	10413  -  Total Bytes Received By Job
	Partitionable Resources :    Usage  Request Allocated 
	   Cpus                 :        0        1         1 
	   Disk (KB)            :       28  2048000   3709606 
	   Memory (MB)          :      209     2000      2000 
...
