000 (47440.439.000) 12/19 19:07:30 Job submitted from host: <155.230.20.251:9618?addrs=155.230.20.251-9618&noUDP&sock=930313_ea96_3>
...
001 (47440.439.000) 12/19 20:03:25 Job executing on host: <155.230.21.42:9618?addrs=155.230.21.42-9618&noUDP&sock=2987_697a_3>
...
006 (47440.439.000) 12/19 20:03:33 Image size of job updated: 86488
	43  -  MemoryUsage of job (MB)
	43816  -  ResidentSetSize of job (KB)
...
006 (47440.439.000) 12/19 20:04:01 Image size of job updated: 305564
	43  -  MemoryUsage of job (MB)
	43816  -  ResidentSetSize of job (KB)
...
005 (47440.439.000) 12/19 20:04:01 Job terminated.
	(1) Normal termination (return value 0)
		Usr 0 00:00:17, Sys 0 00:00:01  -  Run Remote Usage
		Usr 0 00:00:00, Sys 0 00:00:00  -  Run Local Usage
		Usr 0 00:00:17, Sys 0 00:00:01  -  Total Remote Usage
		Usr 0 00:00:00, Sys 0 00:00:00  -  Total Local Usage
	554  -  Run Bytes Sent By Job
	10413  -  Run Bytes Received By Job
	554  -  Total Bytes Sent By Job
	10413  -  Total Bytes Received By Job
	Partitionable Resources :    Usage  Request Allocated 
	   Cpus                 :     0.04        1         1 
	   Disk (KB)            :    28     2048000   3669141 
	   Memory (MB)          :    43        2000      2000 
...
000 (339717.439.000) 01/29 15:38:01 Job submitted from host: <155.230.23.72:9618?addrs=155.230.23.72-9618&noUDP&sock=882541_4c40_3>
...
009 (339717.439.000) 01/29 15:38:25 Job was aborted by the user.
	via condor_rm (by user choij)
...
000 (339718.439.000) 01/29 15:39:26 Job submitted from host: <155.230.23.72:9618?addrs=155.230.23.72-9618&noUDP&sock=882541_4c40_3>
...
001 (339718.439.000) 01/29 15:46:54 Job executing on host: <155.230.21.97:9618?addrs=155.230.21.97-9618&noUDP&sock=19004_bde6_47>
...
006 (339718.439.000) 01/29 15:47:03 Image size of job updated: 288872
	211  -  MemoryUsage of job (MB)
	215464  -  ResidentSetSize of job (KB)
...
006 (339718.439.000) 01/29 15:47:05 Image size of job updated: 288876
	211  -  MemoryUsage of job (MB)
	215464  -  ResidentSetSize of job (KB)
...
005 (339718.439.000) 01/29 15:47:05 Job terminated.
	(1) Normal termination (return value 1)
		Usr 0 00:00:08, Sys 0 00:00:01  -  Run Remote Usage
		Usr 0 00:00:00, Sys 0 00:00:00  -  Run Local Usage
		Usr 0 00:00:08, Sys 0 00:00:01  -  Total Remote Usage
		Usr 0 00:00:00, Sys 0 00:00:00  -  Total Local Usage
	1691  -  Run Bytes Sent By Job
	10651  -  Run Bytes Received By Job
	1691  -  Total Bytes Sent By Job
	10651  -  Total Bytes Received By Job
	Partitionable Resources :    Usage  Request Allocated 
	   Cpus                 :        0        1         1 
	   Disk (KB)            :       29  2048000   3784333 
	   Memory (MB)          :      211     2000      2000 
...
000 (339719.439.000) 01/29 15:52:32 Job submitted from host: <155.230.23.72:9618?addrs=155.230.23.72-9618&noUDP&sock=882541_4c40_3>
...
009 (339719.439.000) 01/29 15:54:51 Job was aborted by the user.
	via condor_rm (by user choij)
...
000 (339720.439.000) 01/29 15:56:41 Job submitted from host: <155.230.23.72:9618?addrs=155.230.23.72-9618&noUDP&sock=882541_4c40_3>
...
001 (339720.439.000) 01/29 16:03:20 Job executing on host: <155.230.21.99:9618?addrs=155.230.21.99-9618+[2407-c000-c024-0-e2cb-4eff-fe53-cf0f]-9618&noUDP&sock=8708_8acc_3>
...
006 (339720.439.000) 01/29 16:03:29 Image size of job updated: 288672
	210  -  MemoryUsage of job (MB)
	214976  -  ResidentSetSize of job (KB)
...
006 (339720.439.000) 01/29 16:03:38 Image size of job updated: 312024
	210  -  MemoryUsage of job (MB)
	214980  -  ResidentSetSize of job (KB)
...
005 (339720.439.000) 01/29 16:03:38 Job terminated.
	(1) Normal termination (return value 0)
		Usr 0 00:00:15, Sys 0 00:00:03  -  Run Remote Usage
		Usr 0 00:00:00, Sys 0 00:00:00  -  Run Local Usage
		Usr 0 00:00:15, Sys 0 00:00:03  -  Total Remote Usage
		Usr 0 00:00:00, Sys 0 00:00:00  -  Total Local Usage
	994  -  Run Bytes Sent By Job
	10696  -  Run Bytes Received By Job
	994  -  Total Bytes Sent By Job
	10696  -  Total Bytes Received By Job
	Partitionable Resources :    Usage  Request Allocated 
	   Cpus                 :     0.88        1         1 
	   Disk (KB)            :    29     2048000   3786677 
	   Memory (MB)          :   210        2000      2000 
...
