000 (47440.652.000) 12/19 19:07:31 Job submitted from host: <155.230.20.251:9618?addrs=155.230.20.251-9618&noUDP&sock=930313_ea96_3>
...
001 (47440.652.000) 12/19 20:07:31 Job executing on host: <155.230.21.105:9618?addrs=155.230.21.105-9618&noUDP&sock=23905_6b8e_3>
...
006 (47440.652.000) 12/19 20:07:39 Image size of job updated: 290640
	212  -  MemoryUsage of job (MB)
	216912  -  ResidentSetSize of job (KB)
...
006 (47440.652.000) 12/19 20:07:45 Image size of job updated: 594800
	212  -  MemoryUsage of job (MB)
	216932  -  ResidentSetSize of job (KB)
...
005 (47440.652.000) 12/19 20:07:45 Job terminated.
	(1) Normal termination (return value 0)
		Usr 0 00:00:11, Sys 0 00:00:01  -  Run Remote Usage
		Usr 0 00:00:00, Sys 0 00:00:00  -  Run Local Usage
		Usr 0 00:00:11, Sys 0 00:00:01  -  Total Remote Usage
		Usr 0 00:00:00, Sys 0 00:00:00  -  Total Local Usage
	554  -  Run Bytes Sent By Job
	10413  -  Run Bytes Received By Job
	554  -  Total Bytes Sent By Job
	10413  -  Total Bytes Received By Job
	Partitionable Resources :    Usage  Request Allocated 
	   Cpus                 :        0        1         1 
	   Disk (KB)            :       28  2048000   3709686 
	   Memory (MB)          :      212     2000      2000 
...
