000 (47440.131.000) 12/19 19:07:28 Job submitted from host: <155.230.20.251:9618?addrs=155.230.20.251-9618&noUDP&sock=930313_ea96_3>
...
001 (47440.131.000) 12/19 19:56:22 Job executing on host: <155.230.21.98:9618?addrs=155.230.21.98-9618&noUDP&sock=16526_0a37_3>
...
006 (47440.131.000) 12/19 19:56:31 Image size of job updated: 136380
	73  -  MemoryUsage of job (MB)
	73992  -  ResidentSetSize of job (KB)
...
006 (47440.131.000) 12/19 19:56:49 Image size of job updated: 338356
	73  -  MemoryUsage of job (MB)
	74216  -  ResidentSetSize of job (KB)
...
005 (47440.131.000) 12/19 19:56:49 Job terminated.
	(1) Normal termination (return value 0)
		Usr 0 00:00:13, Sys 0 00:00:01  -  Run Remote Usage
		Usr 0 00:00:00, Sys 0 00:00:00  -  Run Local Usage
		Usr 0 00:00:13, Sys 0 00:00:01  -  Total Remote Usage
		Usr 0 00:00:00, Sys 0 00:00:00  -  Total Local Usage
	554  -  Run Bytes Sent By Job
	10413  -  Run Bytes Received By Job
	554  -  Total Bytes Sent By Job
	10413  -  Total Bytes Received By Job
	Partitionable Resources :    Usage  Request Allocated 
	   Cpus                 :        0        1         1 
	   Disk (KB)            :       28  2048000   3676021 
	   Memory (MB)          :       73     2000      2000 
...
000 (339717.131.000) 01/29 15:38:01 Job submitted from host: <155.230.23.72:9618?addrs=155.230.23.72-9618&noUDP&sock=882541_4c40_3>
...
009 (339717.131.000) 01/29 15:38:25 Job was aborted by the user.
	via condor_rm (by user choij)
...
000 (339718.131.000) 01/29 15:39:25 Job submitted from host: <155.230.23.72:9618?addrs=155.230.23.72-9618&noUDP&sock=882541_4c40_3>
...
001 (339718.131.000) 01/29 15:40:56 Job executing on host: <155.230.21.110:9618?addrs=155.230.21.110-9618&noUDP&sock=15413_9d4e_48>
...
006 (339718.131.000) 01/29 15:41:04 Image size of job updated: 288960
	212  -  MemoryUsage of job (MB)
	216228  -  ResidentSetSize of job (KB)
...
005 (339718.131.000) 01/29 15:41:05 Job terminated.
	(1) Normal termination (return value 1)
		Usr 0 00:00:06, Sys 0 00:00:01  -  Run Remote Usage
		Usr 0 00:00:00, Sys 0 00:00:00  -  Run Local Usage
		Usr 0 00:00:06, Sys 0 00:00:01  -  Total Remote Usage
		Usr 0 00:00:00, Sys 0 00:00:00  -  Total Local Usage
	1691  -  Run Bytes Sent By Job
	10651  -  Run Bytes Received By Job
	1691  -  Total Bytes Sent By Job
	10651  -  Total Bytes Received By Job
	Partitionable Resources :    Usage  Request Allocated 
	   Cpus                 :        0        1         1 
	   Disk (KB)            :       29  2048000   3782143 
	   Memory (MB)          :      212     2000      2000 
...
000 (339719.131.000) 01/29 15:52:31 Job submitted from host: <155.230.23.72:9618?addrs=155.230.23.72-9618&noUDP&sock=882541_4c40_3>
...
001 (339719.131.000) 01/29 15:54:03 Job executing on host: <155.230.21.110:9618?addrs=155.230.21.110-9618&noUDP&sock=15413_9d4e_48>
...
006 (339719.131.000) 01/29 15:54:13 Image size of job updated: 161544
	97  -  MemoryUsage of job (MB)
	99280  -  ResidentSetSize of job (KB)
...
006 (339719.131.000) 01/29 15:54:21 Image size of job updated: 264020
	97  -  MemoryUsage of job (MB)
	99280  -  ResidentSetSize of job (KB)
...
005 (339719.131.000) 01/29 15:54:21 Job terminated.
	(1) Normal termination (return value 0)
		Usr 0 00:00:06, Sys 0 00:00:01  -  Run Remote Usage
		Usr 0 00:00:00, Sys 0 00:00:00  -  Run Local Usage
		Usr 0 00:00:06, Sys 0 00:00:01  -  Total Remote Usage
		Usr 0 00:00:00, Sys 0 00:00:00  -  Total Local Usage
	789  -  Run Bytes Sent By Job
	10707  -  Run Bytes Received By Job
	789  -  Total Bytes Sent By Job
	10707  -  Total Bytes Received By Job
	Partitionable Resources :    Usage  Request Allocated 
	   Cpus                 :     0.41        1         1 
	   Disk (KB)            :    29     2048000   3782143 
	   Memory (MB)          :    97        2000      2000 
...
000 (339720.131.000) 01/29 15:56:41 Job submitted from host: <155.230.23.72:9618?addrs=155.230.23.72-9618&noUDP&sock=882541_4c40_3>
...
001 (339720.131.000) 01/29 15:58:29 Job executing on host: <155.230.21.79:9618?addrs=155.230.21.79-9618&noUDP&sock=27572_ad58_48>
...
006 (339720.131.000) 01/29 15:58:38 Image size of job updated: 291072
	212  -  MemoryUsage of job (MB)
	216244  -  ResidentSetSize of job (KB)
...
006 (339720.131.000) 01/29 15:58:46 Image size of job updated: 346556
	212  -  MemoryUsage of job (MB)
	216244  -  ResidentSetSize of job (KB)
...
005 (339720.131.000) 01/29 15:58:46 Job terminated.
	(1) Normal termination (return value 0)
		Usr 0 00:00:10, Sys 0 00:00:01  -  Run Remote Usage
		Usr 0 00:00:00, Sys 0 00:00:00  -  Run Local Usage
		Usr 0 00:00:10, Sys 0 00:00:01  -  Total Remote Usage
		Usr 0 00:00:00, Sys 0 00:00:00  -  Total Local Usage
	994  -  Run Bytes Sent By Job
	10696  -  Run Bytes Received By Job
	994  -  Total Bytes Sent By Job
	10696  -  Total Bytes Received By Job
	Partitionable Resources :    Usage  Request Allocated 
	   Cpus                 :        0        1         1 
	   Disk (KB)            :       29  2048000   3841081 
	   Memory (MB)          :      212     2000      2000 
...
