000 (47440.707.000) 12/19 19:07:31 Job submitted from host: <155.230.20.251:9618?addrs=155.230.20.251-9618&noUDP&sock=930313_ea96_3>
...
001 (47440.707.000) 12/19 20:09:21 Job executing on host: <155.230.21.38:9618?addrs=155.230.21.38-9618&noUDP&sock=22636_fddf_3>
...
006 (47440.707.000) 12/19 20:09:30 Image size of job updated: 119940
	68  -  MemoryUsage of job (MB)
	69176  -  ResidentSetSize of job (KB)
...
006 (47440.707.000) 12/19 20:09:54 Image size of job updated: 344104
	68  -  MemoryUsage of job (MB)
	69196  -  ResidentSetSize of job (KB)
...
005 (47440.707.000) 12/19 20:09:54 Job terminated.
	(1) Normal termination (return value 0)
		Usr 0 00:00:18, Sys 0 00:00:01  -  Run Remote Usage
		Usr 0 00:00:00, Sys 0 00:00:00  -  Run Local Usage
		Usr 0 00:00:18, Sys 0 00:00:01  -  Total Remote Usage
		Usr 0 00:00:00, Sys 0 00:00:00  -  Total Local Usage
	554  -  Run Bytes Sent By Job
	10413  -  Run Bytes Received By Job
	554  -  Total Bytes Sent By Job
	10413  -  Total Bytes Received By Job
	Partitionable Resources :    Usage  Request Allocated 
	   Cpus                 :        0        1         1 
	   Disk (KB)            :       28  2048000   3666180 
	   Memory (MB)          :       68     2000      2000 
...
