000 (47440.047.000) 12/19 19:07:28 Job submitted from host: <155.230.20.251:9618?addrs=155.230.20.251-9618&noUDP&sock=930313_ea96_3>
...
001 (47440.047.000) 12/19 19:54:23 Job executing on host: <155.230.21.88:9618?addrs=155.230.21.88-9618&noUDP&sock=1537_d527_3>
...
006 (47440.047.000) 12/19 19:54:31 Image size of job updated: 313904
	233  -  MemoryUsage of job (MB)
	237672  -  ResidentSetSize of job (KB)
...
005 (47440.047.000) 12/19 19:54:34 Job terminated.
	(1) Normal termination (return value 0)
		Usr 0 00:00:09, Sys 0 00:00:00  -  Run Remote Usage
		Usr 0 00:00:00, Sys 0 00:00:00  -  Run Local Usage
		Usr 0 00:00:09, Sys 0 00:00:00  -  Total Remote Usage
		Usr 0 00:00:00, Sys 0 00:00:00  -  Total Local Usage
	554  -  Run Bytes Sent By Job
	10413  -  Run Bytes Received By Job
	554  -  Total Bytes Sent By Job
	10413  -  Total Bytes Received By Job
	Partitionable Resources :    Usage  Request Allocated 
	   Cpus                 :     0.02        1         1 
	   Disk (KB)            :    28     2048000   3565393 
	   Memory (MB)          :   233        2000      2000 
...
000 (336703.047.000) 01/28 15:25:46 Job submitted from host: <155.230.23.72:9618?addrs=155.230.23.72-9618&noUDP&sock=882541_4c40_3>
...
001 (336703.047.000) 01/28 15:26:04 Job executing on host: <155.230.21.121:9618?addrs=155.230.21.121-9618&noUDP&sock=28110_b34c_47>
...
006 (336703.047.000) 01/28 15:26:13 Image size of job updated: 117052
	66  -  MemoryUsage of job (MB)
	66888  -  ResidentSetSize of job (KB)
...
006 (336703.047.000) 01/28 15:29:17 Image size of job updated: 353272
	66  -  MemoryUsage of job (MB)
	66888  -  ResidentSetSize of job (KB)
...
005 (336703.047.000) 01/28 15:29:17 Job terminated.
	(1) Normal termination (return value 0)
		Usr 0 00:02:46, Sys 0 00:00:12  -  Run Remote Usage
		Usr 0 00:00:00, Sys 0 00:00:00  -  Run Local Usage
		Usr 0 00:02:46, Sys 0 00:00:12  -  Total Remote Usage
		Usr 0 00:00:00, Sys 0 00:00:00  -  Total Local Usage
	747  -  Run Bytes Sent By Job
	10577  -  Run Bytes Received By Job
	747  -  Total Bytes Sent By Job
	10577  -  Total Bytes Received By Job
	Partitionable Resources :    Usage  Request Allocated 
	   Cpus                 :        0        1         1 
	   Disk (KB)            :       28  2048000   3791819 
	   Memory (MB)          :       66     2000      2000 
...
000 (339712.047.000) 01/29 14:36:17 Job submitted from host: <155.230.23.72:9618?addrs=155.230.23.72-9618&noUDP&sock=882541_4c40_3>
...
001 (339712.047.000) 01/29 14:36:49 Job executing on host: <155.230.21.126:9618?addrs=155.230.21.126-9618+[2407-c000-c024-0-6e92-bfff-fe34-147e]-9618&noUDP&sock=1918_2abc_3>
...
006 (339712.047.000) 01/29 14:36:57 Image size of job updated: 292700
	213  -  MemoryUsage of job (MB)
	218092  -  ResidentSetSize of job (KB)
...
006 (339712.047.000) 01/29 14:40:13 Image size of job updated: 311956
	213  -  MemoryUsage of job (MB)
	218092  -  ResidentSetSize of job (KB)
...
005 (339712.047.000) 01/29 14:40:13 Job terminated.
	(1) Normal termination (return value 0)
		Usr 0 00:03:04, Sys 0 00:00:11  -  Run Remote Usage
		Usr 0 00:00:00, Sys 0 00:00:00  -  Run Local Usage
		Usr 0 00:03:04, Sys 0 00:00:11  -  Total Remote Usage
		Usr 0 00:00:00, Sys 0 00:00:00  -  Total Local Usage
	747  -  Run Bytes Sent By Job
	10553  -  Run Bytes Received By Job
	747  -  Total Bytes Sent By Job
	10553  -  Total Bytes Received By Job
	Partitionable Resources :    Usage  Request Allocated 
	   Cpus                 :     0.98        1         1 
	   Disk (KB)            :    29     2048000   3797317 
	   Memory (MB)          :   213        2000      2000 
...
000 (339716.047.000) 01/29 15:15:50 Job submitted from host: <155.230.23.72:9618?addrs=155.230.23.72-9618&noUDP&sock=882541_4c40_3>
...
001 (339716.047.000) 01/29 15:17:06 Job executing on host: <155.230.21.74:9618?addrs=155.230.21.74-9618&noUDP&sock=27134_3edd_3>
...
006 (339716.047.000) 01/29 15:17:15 Image size of job updated: 31228
	14  -  MemoryUsage of job (MB)
	13600  -  ResidentSetSize of job (KB)
...
006 (339716.047.000) 01/29 15:22:17 Image size of job updated: 333676
	253  -  MemoryUsage of job (MB)
	258464  -  ResidentSetSize of job (KB)
...
005 (339716.047.000) 01/29 15:24:41 Job terminated.
	(1) Normal termination (return value 0)
		Usr 0 00:04:34, Sys 0 00:00:14  -  Run Remote Usage
		Usr 0 00:00:00, Sys 0 00:00:00  -  Run Local Usage
		Usr 0 00:04:34, Sys 0 00:00:14  -  Total Remote Usage
		Usr 0 00:00:00, Sys 0 00:00:00  -  Total Local Usage
	747  -  Run Bytes Sent By Job
	10553  -  Run Bytes Received By Job
	747  -  Total Bytes Sent By Job
	10553  -  Total Bytes Received By Job
	Partitionable Resources :    Usage  Request Allocated 
	   Cpus                 :     0.81        1         1 
	   Disk (KB)            :    28     2048000   3665303 
	   Memory (MB)          :   253        2000      2000 
...
000 (339717.047.000) 01/29 15:38:00 Job submitted from host: <155.230.23.72:9618?addrs=155.230.23.72-9618&noUDP&sock=882541_4c40_3>
...
001 (339717.047.000) 01/29 15:38:18 Job executing on host: <155.230.21.121:9618?addrs=155.230.21.121-9618&noUDP&sock=28110_b34c_47>
...
006 (339717.047.000) 01/29 15:38:26 Image size of job updated: 277768
	201  -  MemoryUsage of job (MB)
	205168  -  ResidentSetSize of job (KB)
...
005 (339717.047.000) 01/29 15:38:27 Job terminated.
	(1) Normal termination (return value 1)
		Usr 0 00:00:06, Sys 0 00:00:01  -  Run Remote Usage
		Usr 0 00:00:00, Sys 0 00:00:00  -  Run Local Usage
		Usr 0 00:00:06, Sys 0 00:00:01  -  Total Remote Usage
		Usr 0 00:00:00, Sys 0 00:00:00  -  Total Local Usage
	1689  -  Run Bytes Sent By Job
	10651  -  Run Bytes Received By Job
	1689  -  Total Bytes Sent By Job
	10651  -  Total Bytes Received By Job
	Partitionable Resources :    Usage  Request Allocated 
	   Cpus                 :        0        1         1 
	   Disk (KB)            :       29  2048000   3791819 
	   Memory (MB)          :      201     2000      2000 
...
009 (339717.047.000) 01/29 15:38:27 Job was aborted by the user.
	via condor_rm (by user choij)
...
000 (339718.047.000) 01/29 15:39:25 Job submitted from host: <155.230.23.72:9618?addrs=155.230.23.72-9618&noUDP&sock=882541_4c40_3>
...
001 (339718.047.000) 01/29 15:39:42 Job executing on host: <155.230.21.121:9618?addrs=155.230.21.121-9618&noUDP&sock=28110_b34c_47>
...
006 (339718.047.000) 01/29 15:39:50 Image size of job updated: 290168
	211  -  MemoryUsage of job (MB)
	216040  -  ResidentSetSize of job (KB)
...
005 (339718.047.000) 01/29 15:39:50 Job terminated.
	(1) Normal termination (return value 1)
		Usr 0 00:00:06, Sys 0 00:00:01  -  Run Remote Usage
		Usr 0 00:00:00, Sys 0 00:00:00  -  Run Local Usage
		Usr 0 00:00:06, Sys 0 00:00:01  -  Total Remote Usage
		Usr 0 00:00:00, Sys 0 00:00:00  -  Total Local Usage
	1689  -  Run Bytes Sent By Job
	10651  -  Run Bytes Received By Job
	1689  -  Total Bytes Sent By Job
	10651  -  Total Bytes Received By Job
	Partitionable Resources :    Usage  Request Allocated 
	   Cpus                 :     0.03        1         1 
	   Disk (KB)            :    30     2048000   3791819 
	   Memory (MB)          :   211        2000      2000 
...
000 (339719.047.000) 01/29 15:52:31 Job submitted from host: <155.230.23.72:9618?addrs=155.230.23.72-9618&noUDP&sock=882541_4c40_3>
...
001 (339719.047.000) 01/29 15:52:51 Job executing on host: <155.230.21.121:9618?addrs=155.230.21.121-9618&noUDP&sock=28110_b34c_47>
...
006 (339719.047.000) 01/29 15:52:59 Image size of job updated: 288012
	209  -  MemoryUsage of job (MB)
	213884  -  ResidentSetSize of job (KB)
...
005 (339719.047.000) 01/29 15:53:01 Job terminated.
	(1) Normal termination (return value 0)
		Usr 0 00:00:06, Sys 0 00:00:01  -  Run Remote Usage
		Usr 0 00:00:00, Sys 0 00:00:00  -  Run Local Usage
		Usr 0 00:00:06, Sys 0 00:00:01  -  Total Remote Usage
		Usr 0 00:00:00, Sys 0 00:00:00  -  Total Local Usage
	785  -  Run Bytes Sent By Job
	10707  -  Run Bytes Received By Job
	785  -  Total Bytes Sent By Job
	10707  -  Total Bytes Received By Job
	Partitionable Resources :    Usage  Request Allocated 
	   Cpus                 :     0.03        1         1 
	   Disk (KB)            :    29     2048000   3791819 
	   Memory (MB)          :   209        2000      2000 
...
000 (339720.047.000) 01/29 15:56:41 Job submitted from host: <155.230.23.72:9618?addrs=155.230.23.72-9618&noUDP&sock=882541_4c40_3>
...
001 (339720.047.000) 01/29 15:57:01 Job executing on host: <155.230.21.121:9618?addrs=155.230.21.121-9618&noUDP&sock=28110_b34c_47>
...
006 (339720.047.000) 01/29 15:57:09 Image size of job updated: 286200
	208  -  MemoryUsage of job (MB)
	212072  -  ResidentSetSize of job (KB)
...
006 (339720.047.000) 01/29 15:57:19 Image size of job updated: 307272
	208  -  MemoryUsage of job (MB)
	212072  -  ResidentSetSize of job (KB)
...
005 (339720.047.000) 01/29 15:57:19 Job terminated.
	(1) Normal termination (return value 0)
		Usr 0 00:00:11, Sys 0 00:00:02  -  Run Remote Usage
		Usr 0 00:00:00, Sys 0 00:00:00  -  Run Local Usage
		Usr 0 00:00:11, Sys 0 00:00:02  -  Total Remote Usage
		Usr 0 00:00:00, Sys 0 00:00:00  -  Total Local Usage
	989  -  Run Bytes Sent By Job
	10696  -  Run Bytes Received By Job
	989  -  Total Bytes Sent By Job
	10696  -  Total Bytes Received By Job
	Partitionable Resources :    Usage  Request Allocated 
	   Cpus                 :        0        1         1 
	   Disk (KB)            :       29  2048000   3791819 
	   Memory (MB)          :      208     2000      2000 
...
