000 (47440.004.000) 12/19 19:07:28 Job submitted from host: <155.230.20.251:9618?addrs=155.230.20.251-9618&noUDP&sock=930313_ea96_3>
...
001 (47440.004.000) 12/19 19:53:25 Job executing on host: <155.230.21.82:9618?addrs=155.230.21.82-9618&noUDP&sock=1520_2c0b_3>
...
006 (47440.004.000) 12/19 19:53:33 Image size of job updated: 270036
	194  -  MemoryUsage of job (MB)
	198532  -  ResidentSetSize of job (KB)
...
006 (47440.004.000) 12/19 19:53:40 Image size of job updated: 332240
	194  -  MemoryUsage of job (MB)
	198532  -  ResidentSetSize of job (KB)
...
005 (47440.004.000) 12/19 19:53:40 Job terminated.
	(1) Normal termination (return value 0)
		Usr 0 00:00:09, Sys 0 00:00:00  -  Run Remote Usage
		Usr 0 00:00:00, Sys 0 00:00:00  -  Run Local Usage
		Usr 0 00:00:09, Sys 0 00:00:00  -  Total Remote Usage
		Usr 0 00:00:00, Sys 0 00:00:00  -  Total Local Usage
	554  -  Run Bytes Sent By Job
	10413  -  Run Bytes Received By Job
	554  -  Total Bytes Sent By Job
	10413  -  Total Bytes Received By Job
	Partitionable Resources :    Usage  Request Allocated 
	   Cpus                 :        0        1         1 
	   Disk (KB)            :       28  2048000   3711920 
	   Memory (MB)          :      194     2000      2000 
...
000 (336703.004.000) 01/28 15:25:45 Job submitted from host: <155.230.23.72:9618?addrs=155.230.23.72-9618&noUDP&sock=882541_4c40_3>
...
001 (336703.004.000) 01/28 15:25:49 Job executing on host: <155.230.21.42:9618?addrs=155.230.21.42-9618&noUDP&sock=2987_697a_3>
...
006 (336703.004.000) 01/28 15:25:58 Image size of job updated: 19724
	9  -  MemoryUsage of job (MB)
	8372  -  ResidentSetSize of job (KB)
...
006 (336703.004.000) 01/28 15:30:58 Image size of job updated: 287156
	257  -  MemoryUsage of job (MB)
	262900  -  ResidentSetSize of job (KB)
...
005 (336703.004.000) 01/28 15:31:25 Job terminated.
	(1) Normal termination (return value 0)
		Usr 0 00:04:32, Sys 0 00:00:14  -  Run Remote Usage
		Usr 0 00:00:00, Sys 0 00:00:00  -  Run Local Usage
		Usr 0 00:04:32, Sys 0 00:00:14  -  Total Remote Usage
		Usr 0 00:00:00, Sys 0 00:00:00  -  Total Local Usage
	745  -  Run Bytes Sent By Job
	10577  -  Run Bytes Received By Job
	745  -  Total Bytes Sent By Job
	10577  -  Total Bytes Received By Job
	Partitionable Resources :    Usage  Request Allocated 
	   Cpus                 :     0.98        1         1 
	   Disk (KB)            :    28     2048000   3669141 
	   Memory (MB)          :   257        2000      2000 
...
000 (339712.004.000) 01/29 14:36:17 Job submitted from host: <155.230.23.72:9618?addrs=155.230.23.72-9618&noUDP&sock=882541_4c40_3>
...
001 (339712.004.000) 01/29 14:36:36 Job executing on host: <155.230.21.38:9618?addrs=155.230.21.38-9618&noUDP&sock=22636_fddf_3>
...
006 (339712.004.000) 01/29 14:36:44 Image size of job updated: 5288
	4  -  MemoryUsage of job (MB)
	3972  -  ResidentSetSize of job (KB)
...
006 (339712.004.000) 01/29 14:41:44 Image size of job updated: 338424
	255  -  MemoryUsage of job (MB)
	260764  -  ResidentSetSize of job (KB)
...
005 (339712.004.000) 01/29 14:43:52 Job terminated.
	(1) Normal termination (return value 0)
		Usr 0 00:04:31, Sys 0 00:00:14  -  Run Remote Usage
		Usr 0 00:00:00, Sys 0 00:00:00  -  Run Local Usage
		Usr 0 00:04:31, Sys 0 00:00:14  -  Total Remote Usage
		Usr 0 00:00:00, Sys 0 00:00:00  -  Total Local Usage
	745  -  Run Bytes Sent By Job
	10553  -  Run Bytes Received By Job
	745  -  Total Bytes Sent By Job
	10553  -  Total Bytes Received By Job
	Partitionable Resources :    Usage  Request Allocated 
	   Cpus                 :     0.68        1         1 
	   Disk (KB)            :    28     2048000   3666180 
	   Memory (MB)          :   255        2000      2000 
...
000 (339716.004.000) 01/29 15:15:50 Job submitted from host: <155.230.23.72:9618?addrs=155.230.23.72-9618&noUDP&sock=882541_4c40_3>
...
001 (339716.004.000) 01/29 15:16:08 Job executing on host: <155.230.21.99:9618?addrs=155.230.21.99-9618+[2407-c000-c024-0-e2cb-4eff-fe53-cf0f]-9618&noUDP&sock=8708_8acc_3>
...
006 (339716.004.000) 01/29 15:16:17 Image size of job updated: 210020
	139  -  MemoryUsage of job (MB)
	141856  -  ResidentSetSize of job (KB)
...
006 (339716.004.000) 01/29 15:20:12 Image size of job updated: 311324
	139  -  MemoryUsage of job (MB)
	141856  -  ResidentSetSize of job (KB)
...
005 (339716.004.000) 01/29 15:20:12 Job terminated.
	(1) Normal termination (return value 0)
		Usr 0 00:03:45, Sys 0 00:00:13  -  Run Remote Usage
		Usr 0 00:00:00, Sys 0 00:00:00  -  Run Local Usage
		Usr 0 00:03:45, Sys 0 00:00:13  -  Total Remote Usage
		Usr 0 00:00:00, Sys 0 00:00:00  -  Total Local Usage
	745  -  Run Bytes Sent By Job
	10553  -  Run Bytes Received By Job
	745  -  Total Bytes Sent By Job
	10553  -  Total Bytes Received By Job
	Partitionable Resources :    Usage  Request Allocated 
	   Cpus                 :     1.00        1         1 
	   Disk (KB)            :    29     2048000   3786677 
	   Memory (MB)          :   139        2000      2000 
...
000 (339717.004.000) 01/29 15:38:00 Job submitted from host: <155.230.23.72:9618?addrs=155.230.23.72-9618&noUDP&sock=882541_4c40_3>
...
001 (339717.004.000) 01/29 15:38:23 Job executing on host: <155.230.21.100:9618?addrs=155.230.21.100-9618&noUDP&sock=9525_efac_48>
...
006 (339717.004.000) 01/29 15:38:28 Image size of job updated: 240
	0  -  MemoryUsage of job (MB)
	0  -  ResidentSetSize of job (KB)
...
004 (339717.004.000) 01/29 15:38:28 Job was evicted.
	(0) Job was not checkpointed.
		Usr 0 00:00:00, Sys 0 00:00:00  -  Run Remote Usage
		Usr 0 00:00:00, Sys 0 00:00:00  -  Run Local Usage
	3  -  Run Bytes Sent By Job
	10651  -  Run Bytes Received By Job
	Partitionable Resources :    Usage  Request Allocated 
	   Cpus                 :     0.00        1         1 
	   Disk (KB)            :    27     2048000   3785181 
	   Memory (MB)          :     0        2000      2000 
...
009 (339717.004.000) 01/29 15:38:28 Job was aborted by the user.
	via condor_rm (by user choij)
...
000 (339718.004.000) 01/29 15:39:25 Job submitted from host: <155.230.23.72:9618?addrs=155.230.23.72-9618&noUDP&sock=882541_4c40_3>
...
001 (339718.004.000) 01/29 15:39:45 Job executing on host: <155.230.21.71:9618?addrs=155.230.21.71-9618&noUDP&sock=12890_0bdc_52>
...
006 (339718.004.000) 01/29 15:39:55 Image size of job updated: 19292
	4  -  MemoryUsage of job (MB)
	3972  -  ResidentSetSize of job (KB)
...
005 (339718.004.000) 01/29 15:41:36 Job terminated.
	(1) Normal termination (return value 1)
		Usr 0 00:00:10, Sys 0 00:00:02  -  Run Remote Usage
		Usr 0 00:00:00, Sys 0 00:00:00  -  Run Local Usage
		Usr 0 00:00:10, Sys 0 00:00:02  -  Total Remote Usage
		Usr 0 00:00:00, Sys 0 00:00:00  -  Total Local Usage
	1687  -  Run Bytes Sent By Job
	10651  -  Run Bytes Received By Job
	1687  -  Total Bytes Sent By Job
	10651  -  Total Bytes Received By Job
	Partitionable Resources :    Usage  Request Allocated 
	   Cpus                 :     0.14        1         1 
	   Disk (KB)            :    30     2048000   3824701 
	   Memory (MB)          :     4        2000      2000 
...
000 (339719.004.000) 01/29 15:52:31 Job submitted from host: <155.230.23.72:9618?addrs=155.230.23.72-9618&noUDP&sock=882541_4c40_3>
...
001 (339719.004.000) 01/29 15:52:35 Job executing on host: <155.230.21.44:9618?addrs=155.230.21.44-9618&noUDP&sock=8017_92da_3>
...
006 (339719.004.000) 01/29 15:52:43 Image size of job updated: 117124
	66  -  MemoryUsage of job (MB)
	66968  -  ResidentSetSize of job (KB)
...
006 (339719.004.000) 01/29 15:53:37 Image size of job updated: 219092
	66  -  MemoryUsage of job (MB)
	66968  -  ResidentSetSize of job (KB)
...
005 (339719.004.000) 01/29 15:53:37 Job terminated.
	(1) Normal termination (return value 0)
		Usr 0 00:00:10, Sys 0 00:00:03  -  Run Remote Usage
		Usr 0 00:00:00, Sys 0 00:00:00  -  Run Local Usage
		Usr 0 00:00:10, Sys 0 00:00:03  -  Total Remote Usage
		Usr 0 00:00:00, Sys 0 00:00:00  -  Total Local Usage
	702  -  Run Bytes Sent By Job
	10707  -  Run Bytes Received By Job
	702  -  Total Bytes Sent By Job
	10707  -  Total Bytes Received By Job
	Partitionable Resources :    Usage  Request Allocated 
	   Cpus                 :     0.36        1         1 
	   Disk (KB)            :    29     2048000   3701895 
	   Memory (MB)          :    66        2000      2000 
...
000 (339720.004.000) 01/29 15:56:41 Job submitted from host: <155.230.23.72:9618?addrs=155.230.23.72-9618&noUDP&sock=882541_4c40_3>
...
001 (339720.004.000) 01/29 15:56:46 Job executing on host: <155.230.21.44:9618?addrs=155.230.21.44-9618&noUDP&sock=8017_92da_3>
...
006 (339720.004.000) 01/29 15:56:54 Image size of job updated: 88084
	45  -  MemoryUsage of job (MB)
	45272  -  ResidentSetSize of job (KB)
...
006 (339720.004.000) 01/29 15:58:03 Image size of job updated: 234328
	45  -  MemoryUsage of job (MB)
	45272  -  ResidentSetSize of job (KB)
...
005 (339720.004.000) 01/29 15:58:03 Job terminated.
	(1) Normal termination (return value 0)
		Usr 0 00:00:18, Sys 0 00:00:04  -  Run Remote Usage
		Usr 0 00:00:00, Sys 0 00:00:00  -  Run Local Usage
		Usr 0 00:00:18, Sys 0 00:00:04  -  Total Remote Usage
		Usr 0 00:00:00, Sys 0 00:00:00  -  Total Local Usage
	897  -  Run Bytes Sent By Job
	10696  -  Run Bytes Received By Job
	897  -  Total Bytes Sent By Job
	10696  -  Total Bytes Received By Job
	Partitionable Resources :    Usage  Request Allocated 
	   Cpus                 :     0.56        1         1 
	   Disk (KB)            :    29     2048000   3701895 
	   Memory (MB)          :    45        2000      2000 
...
