000 (47440.397.000) 12/19 19:07:30 Job submitted from host: <155.230.20.251:9618?addrs=155.230.20.251-9618&noUDP&sock=930313_ea96_3>
...
001 (47440.397.000) 12/19 20:02:23 Job executing on host: <155.230.21.100:9618?addrs=155.230.21.100-9618&noUDP&sock=9525_efac_3>
...
006 (47440.397.000) 12/19 20:02:31 Image size of job updated: 223796
	153  -  MemoryUsage of job (MB)
	156672  -  ResidentSetSize of job (KB)
...
006 (47440.397.000) 12/19 20:02:41 Image size of job updated: 334776
	153  -  MemoryUsage of job (MB)
	156672  -  ResidentSetSize of job (KB)
...
005 (47440.397.000) 12/19 20:02:42 Job terminated.
	(1) Normal termination (return value 0)
		Usr 0 00:00:13, Sys 0 00:00:01  -  Run Remote Usage
		Usr 0 00:00:00, Sys 0 00:00:00  -  Run Local Usage
		Usr 0 00:00:13, Sys 0 00:00:01  -  Total Remote Usage
		Usr 0 00:00:00, Sys 0 00:00:00  -  Total Local Usage
	554  -  Run Bytes Sent By Job
	10413  -  Run Bytes Received By Job
	554  -  Total Bytes Sent By Job
	10413  -  Total Bytes Received By Job
	Partitionable Resources :    Usage  Request Allocated 
	   Cpus                 :     0.04        1         1 
	   Disk (KB)            :    28     2048000   3673277 
	   Memory (MB)          :   153        2000      2000 
...
