000 (47440.042.000) 12/19 19:07:28 Job submitted from host: <155.230.20.251:9618?addrs=155.230.20.251-9618&noUDP&sock=930313_ea96_3>
...
001 (47440.042.000) 12/19 19:54:23 Job executing on host: <155.230.21.89:9618?addrs=155.230.21.89-9618&noUDP&sock=1545_51e9_3>
...
006 (47440.042.000) 12/19 19:54:31 Image size of job updated: 299536
	219  -  MemoryUsage of job (MB)
	223304  -  ResidentSetSize of job (KB)
...
005 (47440.042.000) 12/19 19:54:34 Job terminated.
	(1) Normal termination (return value 0)
		Usr 0 00:00:09, Sys 0 00:00:00  -  Run Remote Usage
		Usr 0 00:00:00, Sys 0 00:00:00  -  Run Local Usage
		Usr 0 00:00:09, Sys 0 00:00:00  -  Total Remote Usage
		Usr 0 00:00:00, Sys 0 00:00:00  -  Total Local Usage
	554  -  Run Bytes Sent By Job
	10413  -  Run Bytes Received By Job
	554  -  Total Bytes Sent By Job
	10413  -  Total Bytes Received By Job
	Partitionable Resources :    Usage  Request Allocated 
	   Cpus                 :        0        1         1 
	   Disk (KB)            :       28  2048000   3564277 
	   Memory (MB)          :      219     2000      2000 
...
000 (336703.042.000) 01/28 15:25:46 Job submitted from host: <155.230.23.72:9618?addrs=155.230.23.72-9618&noUDP&sock=882541_4c40_3>
...
001 (336703.042.000) 01/28 15:26:01 Job executing on host: <155.230.21.120:9618?addrs=155.230.21.120-9618&noUDP&sock=13477_adf4_48>
...
006 (336703.042.000) 01/28 15:26:09 Image size of job updated: 92664
	48  -  MemoryUsage of job (MB)
	49112  -  ResidentSetSize of job (KB)
...
006 (336703.042.000) 01/28 15:29:54 Image size of job updated: 355652
	48  -  MemoryUsage of job (MB)
	49124  -  ResidentSetSize of job (KB)
...
005 (336703.042.000) 01/28 15:29:54 Job terminated.
	(1) Normal termination (return value 0)
		Usr 0 00:03:27, Sys 0 00:00:12  -  Run Remote Usage
		Usr 0 00:00:00, Sys 0 00:00:00  -  Run Local Usage
		Usr 0 00:03:27, Sys 0 00:00:12  -  Total Remote Usage
		Usr 0 00:00:00, Sys 0 00:00:00  -  Total Local Usage
	747  -  Run Bytes Sent By Job
	10577  -  Run Bytes Received By Job
	747  -  Total Bytes Sent By Job
	10577  -  Total Bytes Received By Job
	Partitionable Resources :    Usage  Request Allocated 
	   Cpus                 :     0.51        1         1 
	   Disk (KB)            :    28     2048000   3791748 
	   Memory (MB)          :    48        2000      2000 
...
000 (339712.042.000) 01/29 14:36:17 Job submitted from host: <155.230.23.72:9618?addrs=155.230.23.72-9618&noUDP&sock=882541_4c40_3>
...
001 (339712.042.000) 01/29 14:36:47 Job executing on host: <155.230.21.121:9618?addrs=155.230.21.121-9618&noUDP&sock=28110_b34c_47>
...
006 (339712.042.000) 01/29 14:36:56 Image size of job updated: 121124
	68  -  MemoryUsage of job (MB)
	69456  -  ResidentSetSize of job (KB)
...
006 (339712.042.000) 01/29 14:39:59 Image size of job updated: 338100
	68  -  MemoryUsage of job (MB)
	69456  -  ResidentSetSize of job (KB)
...
005 (339712.042.000) 01/29 14:39:59 Job terminated.
	(1) Normal termination (return value 0)
		Usr 0 00:02:45, Sys 0 00:00:12  -  Run Remote Usage
		Usr 0 00:00:00, Sys 0 00:00:00  -  Run Local Usage
		Usr 0 00:02:45, Sys 0 00:00:12  -  Total Remote Usage
		Usr 0 00:00:00, Sys 0 00:00:00  -  Total Local Usage
	747  -  Run Bytes Sent By Job
	10553  -  Run Bytes Received By Job
	747  -  Total Bytes Sent By Job
	10553  -  Total Bytes Received By Job
	Partitionable Resources :    Usage  Request Allocated 
	   Cpus                 :     1.00        1         1 
	   Disk (KB)            :    28     2048000   3791819 
	   Memory (MB)          :    68        2000      2000 
...
000 (339716.042.000) 01/29 15:15:50 Job submitted from host: <155.230.23.72:9618?addrs=155.230.23.72-9618&noUDP&sock=882541_4c40_3>
...
001 (339716.042.000) 01/29 15:16:23 Job executing on host: <155.230.21.126:9618?addrs=155.230.21.126-9618+[2407-c000-c024-0-6e92-bfff-fe34-147e]-9618&noUDP&sock=1918_2abc_3>
...
006 (339716.042.000) 01/29 15:16:32 Image size of job updated: 291200
	212  -  MemoryUsage of job (MB)
	216368  -  ResidentSetSize of job (KB)
...
006 (339716.042.000) 01/29 15:19:45 Image size of job updated: 348368
	212  -  MemoryUsage of job (MB)
	216368  -  ResidentSetSize of job (KB)
...
005 (339716.042.000) 01/29 15:19:45 Job terminated.
	(1) Normal termination (return value 0)
		Usr 0 00:03:03, Sys 0 00:00:11  -  Run Remote Usage
		Usr 0 00:00:00, Sys 0 00:00:00  -  Run Local Usage
		Usr 0 00:03:03, Sys 0 00:00:11  -  Total Remote Usage
		Usr 0 00:00:00, Sys 0 00:00:00  -  Total Local Usage
	747  -  Run Bytes Sent By Job
	10553  -  Run Bytes Received By Job
	747  -  Total Bytes Sent By Job
	10553  -  Total Bytes Received By Job
	Partitionable Resources :    Usage  Request Allocated 
	   Cpus                 :        0        1         1 
	   Disk (KB)            :       29  2048000   3797317 
	   Memory (MB)          :      212     2000      2000 
...
000 (339717.042.000) 01/29 15:38:00 Job submitted from host: <155.230.23.72:9618?addrs=155.230.23.72-9618&noUDP&sock=882541_4c40_3>
...
001 (339717.042.000) 01/29 15:38:16 Job executing on host: <155.230.21.120:9618?addrs=155.230.21.120-9618&noUDP&sock=13477_adf4_48>
...
006 (339717.042.000) 01/29 15:38:25 Image size of job updated: 241524
	170  -  MemoryUsage of job (MB)
	173104  -  ResidentSetSize of job (KB)
...
006 (339717.042.000) 01/29 15:38:27 Image size of job updated: 287536
	209  -  MemoryUsage of job (MB)
	213356  -  ResidentSetSize of job (KB)
...
004 (339717.042.000) 01/29 15:38:27 Job was evicted.
	(0) Job was not checkpointed.
		Usr 0 00:00:07, Sys 0 00:00:01  -  Run Remote Usage
		Usr 0 00:00:00, Sys 0 00:00:00  -  Run Local Usage
	359  -  Run Bytes Sent By Job
	10651  -  Run Bytes Received By Job
	Partitionable Resources :    Usage  Request Allocated 
	   Cpus                 :        0        1         1 
	   Disk (KB)            :       28  2048000   3791748 
	   Memory (MB)          :      209     2000      2000 
...
009 (339717.042.000) 01/29 15:38:27 Job was aborted by the user.
	via condor_rm (by user choij)
...
000 (339718.042.000) 01/29 15:39:25 Job submitted from host: <155.230.23.72:9618?addrs=155.230.23.72-9618&noUDP&sock=882541_4c40_3>
...
001 (339718.042.000) 01/29 15:39:40 Job executing on host: <155.230.21.120:9618?addrs=155.230.21.120-9618&noUDP&sock=13477_adf4_48>
...
006 (339718.042.000) 01/29 15:39:48 Image size of job updated: 259888
	186  -  MemoryUsage of job (MB)
	189876  -  ResidentSetSize of job (KB)
...
006 (339718.042.000) 01/29 15:39:50 Image size of job updated: 274560
	186  -  MemoryUsage of job (MB)
	189876  -  ResidentSetSize of job (KB)
...
005 (339718.042.000) 01/29 15:39:50 Job terminated.
	(1) Normal termination (return value 1)
		Usr 0 00:00:07, Sys 0 00:00:01  -  Run Remote Usage
		Usr 0 00:00:00, Sys 0 00:00:00  -  Run Local Usage
		Usr 0 00:00:07, Sys 0 00:00:01  -  Total Remote Usage
		Usr 0 00:00:00, Sys 0 00:00:00  -  Total Local Usage
	1689  -  Run Bytes Sent By Job
	10651  -  Run Bytes Received By Job
	1689  -  Total Bytes Sent By Job
	10651  -  Total Bytes Received By Job
	Partitionable Resources :    Usage  Request Allocated 
	   Cpus                 :     0.03        1         1 
	   Disk (KB)            :    30     2048000   3791748 
	   Memory (MB)          :   186        2000      2000 
...
000 (339719.042.000) 01/29 15:52:31 Job submitted from host: <155.230.23.72:9618?addrs=155.230.23.72-9618&noUDP&sock=882541_4c40_3>
...
001 (339719.042.000) 01/29 15:52:49 Job executing on host: <155.230.21.120:9618?addrs=155.230.21.120-9618&noUDP&sock=13477_adf4_48>
...
006 (339719.042.000) 01/29 15:52:57 Image size of job updated: 209280
	139  -  MemoryUsage of job (MB)
	141796  -  ResidentSetSize of job (KB)
...
006 (339719.042.000) 01/29 15:53:03 Image size of job updated: 240408
	139  -  MemoryUsage of job (MB)
	141884  -  ResidentSetSize of job (KB)
...
005 (339719.042.000) 01/29 15:53:03 Job terminated.
	(1) Normal termination (return value 0)
		Usr 0 00:00:08, Sys 0 00:00:02  -  Run Remote Usage
		Usr 0 00:00:00, Sys 0 00:00:00  -  Run Local Usage
		Usr 0 00:00:08, Sys 0 00:00:02  -  Total Remote Usage
		Usr 0 00:00:00, Sys 0 00:00:00  -  Total Local Usage
	785  -  Run Bytes Sent By Job
	10707  -  Run Bytes Received By Job
	785  -  Total Bytes Sent By Job
	10707  -  Total Bytes Received By Job
	Partitionable Resources :    Usage  Request Allocated 
	   Cpus                 :     0.03        1         1 
	   Disk (KB)            :    29     2048000   3791748 
	   Memory (MB)          :   139        2000      2000 
...
000 (339720.042.000) 01/29 15:56:41 Job submitted from host: <155.230.23.72:9618?addrs=155.230.23.72-9618&noUDP&sock=882541_4c40_3>
...
001 (339720.042.000) 01/29 15:57:00 Job executing on host: <155.230.21.120:9618?addrs=155.230.21.120-9618&noUDP&sock=13477_adf4_48>
...
006 (339720.042.000) 01/29 15:57:09 Image size of job updated: 287188
	210  -  MemoryUsage of job (MB)
	214456  -  ResidentSetSize of job (KB)
...
006 (339720.042.000) 01/29 15:57:23 Image size of job updated: 335776
	210  -  MemoryUsage of job (MB)
	214456  -  ResidentSetSize of job (KB)
...
005 (339720.042.000) 01/29 15:57:23 Job terminated.
	(1) Normal termination (return value 0)
		Usr 0 00:00:14, Sys 0 00:00:03  -  Run Remote Usage
		Usr 0 00:00:00, Sys 0 00:00:00  -  Run Local Usage
		Usr 0 00:00:14, Sys 0 00:00:03  -  Total Remote Usage
		Usr 0 00:00:00, Sys 0 00:00:00  -  Total Local Usage
	726  -  Run Bytes Sent By Job
	10696  -  Run Bytes Received By Job
	726  -  Total Bytes Sent By Job
	10696  -  Total Bytes Received By Job
	Partitionable Resources :    Usage  Request Allocated 
	   Cpus                 :        0        1         1 
	   Disk (KB)            :       28  2048000   3791748 
	   Memory (MB)          :      210     2000      2000 
...
