000 (47440.005.000) 12/19 19:07:28 Job submitted from host: <155.230.20.251:9618?addrs=155.230.20.251-9618&noUDP&sock=930313_ea96_3>
...
001 (47440.005.000) 12/19 19:53:25 Job executing on host: <155.230.21.87:9618?addrs=155.230.21.87-9618&noUDP&sock=1550_bfe2_3>
...
006 (47440.005.000) 12/19 19:53:33 Image size of job updated: 306524
	225  -  MemoryUsage of job (MB)
	230292  -  ResidentSetSize of job (KB)
...
005 (47440.005.000) 12/19 19:53:37 Job terminated.
	(1) Normal termination (return value 0)
		Usr 0 00:00:09, Sys 0 00:00:00  -  Run Remote Usage
		Usr 0 00:00:00, Sys 0 00:00:00  -  Run Local Usage
		Usr 0 00:00:09, Sys 0 00:00:00  -  Total Remote Usage
		Usr 0 00:00:00, Sys 0 00:00:00  -  Total Local Usage
	554  -  Run Bytes Sent By Job
	10413  -  Run Bytes Received By Job
	554  -  Total Bytes Sent By Job
	10413  -  Total Bytes Received By Job
	Partitionable Resources :    Usage  Request Allocated 
	   Cpus                 :     0.02        1         1 
	   Disk (KB)            :    28     2048000   3519388 
	   Memory (MB)          :   225        2000      2000 
...
000 (336703.005.000) 01/28 15:25:45 Job submitted from host: <155.230.23.72:9618?addrs=155.230.23.72-9618&noUDP&sock=882541_4c40_3>
...
001 (336703.005.000) 01/28 15:25:47 Job executing on host: <155.230.21.73:9618?addrs=155.230.21.73-9618&noUDP&sock=15554_5428_3>
...
006 (336703.005.000) 01/28 15:25:55 Image size of job updated: 5220
	4  -  MemoryUsage of job (MB)
	3968  -  ResidentSetSize of job (KB)
...
006 (336703.005.000) 01/28 15:30:56 Image size of job updated: 336152
	253  -  MemoryUsage of job (MB)
	258680  -  ResidentSetSize of job (KB)
...
005 (336703.005.000) 01/28 15:31:37 Job terminated.
	(1) Normal termination (return value 0)
		Usr 0 00:04:30, Sys 0 00:00:14  -  Run Remote Usage
		Usr 0 00:00:00, Sys 0 00:00:00  -  Run Local Usage
		Usr 0 00:04:30, Sys 0 00:00:14  -  Total Remote Usage
		Usr 0 00:00:00, Sys 0 00:00:00  -  Total Local Usage
	745  -  Run Bytes Sent By Job
	10577  -  Run Bytes Received By Job
	745  -  Total Bytes Sent By Job
	10577  -  Total Bytes Received By Job
	Partitionable Resources :    Usage  Request Allocated 
	   Cpus                 :     0.98        1         1 
	   Disk (KB)            :    28     2048000   3656096 
	   Memory (MB)          :   253        2000      2000 
...
000 (339712.005.000) 01/29 14:36:17 Job submitted from host: <155.230.23.72:9618?addrs=155.230.23.72-9618&noUDP&sock=882541_4c40_3>
...
001 (339712.005.000) 01/29 14:36:33 Job executing on host: <155.230.21.33:9618?addrs=155.230.21.33-9618&noUDP&sock=18775_aab5_3>
...
006 (339712.005.000) 01/29 14:36:42 Image size of job updated: 48072
	18  -  MemoryUsage of job (MB)
	17852  -  ResidentSetSize of job (KB)
...
006 (339712.005.000) 01/29 14:41:43 Image size of job updated: 336112
	253  -  MemoryUsage of job (MB)
	258420  -  ResidentSetSize of job (KB)
...
005 (339712.005.000) 01/29 14:43:32 Job terminated.
	(1) Normal termination (return value 0)
		Usr 0 00:04:31, Sys 0 00:00:13  -  Run Remote Usage
		Usr 0 00:00:00, Sys 0 00:00:00  -  Run Local Usage
		Usr 0 00:04:31, Sys 0 00:00:13  -  Total Remote Usage
		Usr 0 00:00:00, Sys 0 00:00:00  -  Total Local Usage
	745  -  Run Bytes Sent By Job
	10553  -  Run Bytes Received By Job
	745  -  Total Bytes Sent By Job
	10553  -  Total Bytes Received By Job
	Partitionable Resources :    Usage  Request Allocated 
	   Cpus                 :     0.76        1         1 
	   Disk (KB)            :    28     2048000   3679636 
	   Memory (MB)          :   253        2000      2000 
...
000 (339716.005.000) 01/29 15:15:50 Job submitted from host: <155.230.23.72:9618?addrs=155.230.23.72-9618&noUDP&sock=882541_4c40_3>
...
001 (339716.005.000) 01/29 15:16:08 Job executing on host: <155.230.21.97:9618?addrs=155.230.21.97-9618&noUDP&sock=19004_bde6_47>
...
006 (339716.005.000) 01/29 15:16:16 Image size of job updated: 117100
	66  -  MemoryUsage of job (MB)
	66944  -  ResidentSetSize of job (KB)
...
006 (339716.005.000) 01/29 15:20:16 Image size of job updated: 352108
	66  -  MemoryUsage of job (MB)
	66944  -  ResidentSetSize of job (KB)
...
005 (339716.005.000) 01/29 15:20:16 Job terminated.
	(1) Normal termination (return value 0)
		Usr 0 00:03:44, Sys 0 00:00:13  -  Run Remote Usage
		Usr 0 00:00:00, Sys 0 00:00:00  -  Run Local Usage
		Usr 0 00:03:44, Sys 0 00:00:13  -  Total Remote Usage
		Usr 0 00:00:00, Sys 0 00:00:00  -  Total Local Usage
	745  -  Run Bytes Sent By Job
	10553  -  Run Bytes Received By Job
	745  -  Total Bytes Sent By Job
	10553  -  Total Bytes Received By Job
	Partitionable Resources :    Usage  Request Allocated 
	   Cpus                 :     1.00        1         1 
	   Disk (KB)            :    28     2048000   3784333 
	   Memory (MB)          :    66        2000      2000 
...
000 (339717.005.000) 01/29 15:38:00 Job submitted from host: <155.230.23.72:9618?addrs=155.230.23.72-9618&noUDP&sock=882541_4c40_3>
...
001 (339717.005.000) 01/29 15:38:20 Job executing on host: <155.230.21.44:9618?addrs=155.230.21.44-9618&noUDP&sock=8017_92da_3>
...
006 (339717.005.000) 01/29 15:38:25 Image size of job updated: 4532
	4  -  MemoryUsage of job (MB)
	3220  -  ResidentSetSize of job (KB)
...
004 (339717.005.000) 01/29 15:38:25 Job was evicted.
	(0) Job was not checkpointed.
		Usr 0 00:00:00, Sys 0 00:00:00  -  Run Remote Usage
		Usr 0 00:00:00, Sys 0 00:00:00  -  Run Local Usage
	3  -  Run Bytes Sent By Job
	10651  -  Run Bytes Received By Job
	Partitionable Resources :    Usage  Request Allocated 
	   Cpus                 :     0.03        1         1 
	   Disk (KB)            :    28     2048000   3701895 
	   Memory (MB)          :     4        2000      2000 
...
009 (339717.005.000) 01/29 15:38:25 Job was aborted by the user.
	via condor_rm (by user choij)
...
000 (339718.005.000) 01/29 15:39:25 Job submitted from host: <155.230.23.72:9618?addrs=155.230.23.72-9618&noUDP&sock=882541_4c40_3>
...
001 (339718.005.000) 01/29 15:39:29 Job executing on host: <155.230.21.74:9618?addrs=155.230.21.74-9618&noUDP&sock=27134_3edd_3>
...
006 (339718.005.000) 01/29 15:39:37 Image size of job updated: 80708
	39  -  MemoryUsage of job (MB)
	39860  -  ResidentSetSize of job (KB)
...
006 (339718.005.000) 01/29 15:40:15 Image size of job updated: 80708
	39  -  MemoryUsage of job (MB)
	39864  -  ResidentSetSize of job (KB)
...
005 (339718.005.000) 01/29 15:40:15 Job terminated.
	(1) Normal termination (return value 1)
		Usr 0 00:00:10, Sys 0 00:00:01  -  Run Remote Usage
		Usr 0 00:00:00, Sys 0 00:00:00  -  Run Local Usage
		Usr 0 00:00:10, Sys 0 00:00:01  -  Total Remote Usage
		Usr 0 00:00:00, Sys 0 00:00:00  -  Total Local Usage
	1687  -  Run Bytes Sent By Job
	10651  -  Run Bytes Received By Job
	1687  -  Total Bytes Sent By Job
	10651  -  Total Bytes Received By Job
	Partitionable Resources :    Usage  Request Allocated 
	   Cpus                 :     0.30        1         1 
	   Disk (KB)            :    29     2048000   3665303 
	   Memory (MB)          :    39        2000      2000 
...
000 (339719.005.000) 01/29 15:52:31 Job submitted from host: <155.230.23.72:9618?addrs=155.230.23.72-9618&noUDP&sock=882541_4c40_3>
...
001 (339719.005.000) 01/29 15:52:35 Job executing on host: <155.230.21.74:9618?addrs=155.230.21.74-9618&noUDP&sock=27134_3edd_3>
...
006 (339719.005.000) 01/29 15:52:43 Image size of job updated: 87872
	44  -  MemoryUsage of job (MB)
	44968  -  ResidentSetSize of job (KB)
...
006 (339719.005.000) 01/29 15:54:05 Image size of job updated: 219844
	44  -  MemoryUsage of job (MB)
	44968  -  ResidentSetSize of job (KB)
...
005 (339719.005.000) 01/29 15:54:05 Job terminated.
	(1) Normal termination (return value 0)
		Usr 0 00:00:11, Sys 0 00:00:03  -  Run Remote Usage
		Usr 0 00:00:00, Sys 0 00:00:00  -  Run Local Usage
		Usr 0 00:00:11, Sys 0 00:00:03  -  Total Remote Usage
		Usr 0 00:00:00, Sys 0 00:00:00  -  Total Local Usage
	521  -  Run Bytes Sent By Job
	10707  -  Run Bytes Received By Job
	521  -  Total Bytes Sent By Job
	10707  -  Total Bytes Received By Job
	Partitionable Resources :    Usage  Request Allocated 
	   Cpus                 :     0.03        1         1 
	   Disk (KB)            :    28     2048000   3665303 
	   Memory (MB)          :    44        2000      2000 
...
000 (339720.005.000) 01/29 15:56:41 Job submitted from host: <155.230.23.72:9618?addrs=155.230.23.72-9618&noUDP&sock=882541_4c40_3>
...
001 (339720.005.000) 01/29 15:56:46 Job executing on host: <155.230.21.74:9618?addrs=155.230.21.74-9618&noUDP&sock=27134_3edd_3>
...
006 (339720.005.000) 01/29 15:56:54 Image size of job updated: 93020
	52  -  MemoryUsage of job (MB)
	52444  -  ResidentSetSize of job (KB)
...
006 (339720.005.000) 01/29 15:58:05 Image size of job updated: 235156
	52  -  MemoryUsage of job (MB)
	52444  -  ResidentSetSize of job (KB)
...
005 (339720.005.000) 01/29 15:58:05 Job terminated.
	(1) Normal termination (return value 0)
		Usr 0 00:00:18, Sys 0 00:00:04  -  Run Remote Usage
		Usr 0 00:00:00, Sys 0 00:00:00  -  Run Local Usage
		Usr 0 00:00:18, Sys 0 00:00:04  -  Total Remote Usage
		Usr 0 00:00:00, Sys 0 00:00:00  -  Total Local Usage
	847  -  Run Bytes Sent By Job
	10696  -  Run Bytes Received By Job
	847  -  Total Bytes Sent By Job
	10696  -  Total Bytes Received By Job
	Partitionable Resources :    Usage  Request Allocated 
	   Cpus                 :     0.59        1         1 
	   Disk (KB)            :    29     2048000   3665303 
	   Memory (MB)          :    52        2000      2000 
...
