000 (47440.856.000) 12/19 19:07:31 Job submitted from host: <155.230.20.251:9618?addrs=155.230.20.251-9618&noUDP&sock=930313_ea96_3>
...
001 (47440.856.000) 12/19 20:12:25 Job executing on host: <155.230.21.79:9618?addrs=155.230.21.79-9618&noUDP&sock=27572_ad58_3>
...
006 (47440.856.000) 12/19 20:12:33 Image size of job updated: 89444
	46  -  MemoryUsage of job (MB)
	46688  -  ResidentSetSize of job (KB)
...
006 (47440.856.000) 12/19 20:12:50 Image size of job updated: 313028
	46  -  MemoryUsage of job (MB)
	46688  -  ResidentSetSize of job (KB)
...
005 (47440.856.000) 12/19 20:12:50 Job terminated.
	(1) Normal termination (return value 0)
		Usr 0 00:00:10, Sys 0 00:00:01  -  Run Remote Usage
		Usr 0 00:00:00, Sys 0 00:00:00  -  Run Local Usage
		Usr 0 00:00:10, Sys 0 00:00:01  -  Total Remote Usage
		Usr 0 00:00:00, Sys 0 00:00:00  -  Total Local Usage
	554  -  Run Bytes Sent By Job
	10413  -  Run Bytes Received By Job
	554  -  Total Bytes Sent By Job
	10413  -  Total Bytes Received By Job
	Partitionable Resources :    Usage  Request Allocated 
	   Cpus                 :     0.03        1         1 
	   Disk (KB)            :    28     2048000   3710117 
	   Memory (MB)          :    46        2000      2000 
...
