000 (47440.049.000) 12/19 19:07:28 Job submitted from host: <155.230.20.251:9618?addrs=155.230.20.251-9618&noUDP&sock=930313_ea96_3>
...
001 (47440.049.000) 12/19 19:54:25 Job executing on host: <155.230.21.82:9618?addrs=155.230.21.82-9618&noUDP&sock=1520_2c0b_3>
...
006 (47440.049.000) 12/19 19:54:33 Image size of job updated: 280824
	204  -  MemoryUsage of job (MB)
	208504  -  ResidentSetSize of job (KB)
...
006 (47440.049.000) 12/19 19:54:39 Image size of job updated: 330328
	205  -  MemoryUsage of job (MB)
	209180  -  ResidentSetSize of job (KB)
...
005 (47440.049.000) 12/19 19:54:40 Job terminated.
	(1) Normal termination (return value 0)
		Usr 0 00:00:09, Sys 0 00:00:00  -  Run Remote Usage
		Usr 0 00:00:00, Sys 0 00:00:00  -  Run Local Usage
		Usr 0 00:00:09, Sys 0 00:00:00  -  Total Remote Usage
		Usr 0 00:00:00, Sys 0 00:00:00  -  Total Local Usage
	554  -  Run Bytes Sent By Job
	10413  -  Run Bytes Received By Job
	554  -  Total Bytes Sent By Job
	10413  -  Total Bytes Received By Job
	Partitionable Resources :    Usage  Request Allocated 
	   Cpus                 :        0        1         1 
	   Disk (KB)            :       28  2048000   3711920 
	   Memory (MB)          :      205     2000      2000 
...
000 (336703.049.000) 01/28 15:25:46 Job submitted from host: <155.230.23.72:9618?addrs=155.230.23.72-9618&noUDP&sock=882541_4c40_3>
...
001 (336703.049.000) 01/28 15:26:04 Job executing on host: <155.230.21.115:9618?addrs=155.230.21.115-9618+[2407-c000-c024-0-beee-7bff-fe2f-e035]-9618&noUDP&sock=1549_104a_3>
...
006 (336703.049.000) 01/28 15:26:13 Image size of job updated: 287128
	209  -  MemoryUsage of job (MB)
	213160  -  ResidentSetSize of job (KB)
...
006 (336703.049.000) 01/28 15:29:25 Image size of job updated: 351852
	209  -  MemoryUsage of job (MB)
	213160  -  ResidentSetSize of job (KB)
...
005 (336703.049.000) 01/28 15:29:25 Job terminated.
	(1) Normal termination (return value 0)
		Usr 0 00:03:04, Sys 0 00:00:12  -  Run Remote Usage
		Usr 0 00:00:00, Sys 0 00:00:00  -  Run Local Usage
		Usr 0 00:03:04, Sys 0 00:00:12  -  Total Remote Usage
		Usr 0 00:00:00, Sys 0 00:00:00  -  Total Local Usage
	747  -  Run Bytes Sent By Job
	10577  -  Run Bytes Received By Job
	747  -  Total Bytes Sent By Job
	10577  -  Total Bytes Received By Job
	Partitionable Resources :    Usage  Request Allocated 
	   Cpus                 :     0.98        1         1 
	   Disk (KB)            :    29     2048000   3798708 
	   Memory (MB)          :   209        2000      2000 
...
000 (339712.049.000) 01/29 14:36:17 Job submitted from host: <155.230.23.72:9618?addrs=155.230.23.72-9618&noUDP&sock=882541_4c40_3>
...
001 (339712.049.000) 01/29 14:37:30 Job executing on host: <155.230.21.34:9618?addrs=155.230.21.34-9618&noUDP&sock=3883_fe56_3>
...
006 (339712.049.000) 01/29 14:37:40 Image size of job updated: 74568
	35  -  MemoryUsage of job (MB)
	34820  -  ResidentSetSize of job (KB)
...
006 (339712.049.000) 01/29 14:42:41 Image size of job updated: 331660
	251  -  MemoryUsage of job (MB)
	256536  -  ResidentSetSize of job (KB)
...
006 (339712.049.000) 01/29 14:44:13 Image size of job updated: 331660
	251  -  MemoryUsage of job (MB)
	256716  -  ResidentSetSize of job (KB)
...
005 (339712.049.000) 01/29 14:44:13 Job terminated.
	(1) Normal termination (return value 0)
		Usr 0 00:04:34, Sys 0 00:00:15  -  Run Remote Usage
		Usr 0 00:00:00, Sys 0 00:00:00  -  Run Local Usage
		Usr 0 00:04:34, Sys 0 00:00:15  -  Total Remote Usage
		Usr 0 00:00:00, Sys 0 00:00:00  -  Total Local Usage
	747  -  Run Bytes Sent By Job
	10553  -  Run Bytes Received By Job
	747  -  Total Bytes Sent By Job
	10553  -  Total Bytes Received By Job
	Partitionable Resources :    Usage  Request Allocated 
	   Cpus                 :     0.57        1         1 
	   Disk (KB)            :    28     2048000   3677810 
	   Memory (MB)          :   251        2000      2000 
...
000 (339716.049.000) 01/29 15:15:50 Job submitted from host: <155.230.23.72:9618?addrs=155.230.23.72-9618&noUDP&sock=882541_4c40_3>
...
001 (339716.049.000) 01/29 15:17:04 Job executing on host: <155.230.21.73:9618?addrs=155.230.21.73-9618&noUDP&sock=15554_5428_3>
...
006 (339716.049.000) 01/29 15:17:12 Image size of job updated: 94796
	50  -  MemoryUsage of job (MB)
	50904  -  ResidentSetSize of job (KB)
...
006 (339716.049.000) 01/29 15:22:13 Image size of job updated: 338440
	257  -  MemoryUsage of job (MB)
	262868  -  ResidentSetSize of job (KB)
...
005 (339716.049.000) 01/29 15:24:02 Job terminated.
	(1) Normal termination (return value 0)
		Usr 0 00:04:32, Sys 0 00:00:13  -  Run Remote Usage
		Usr 0 00:00:00, Sys 0 00:00:00  -  Run Local Usage
		Usr 0 00:04:32, Sys 0 00:00:13  -  Total Remote Usage
		Usr 0 00:00:00, Sys 0 00:00:00  -  Total Local Usage
	747  -  Run Bytes Sent By Job
	10553  -  Run Bytes Received By Job
	747  -  Total Bytes Sent By Job
	10553  -  Total Bytes Received By Job
	Partitionable Resources :    Usage  Request Allocated 
	   Cpus                 :     0.32        1         1 
	   Disk (KB)            :    28     2048000   3656096 
	   Memory (MB)          :   257        2000      2000 
...
000 (339717.049.000) 01/29 15:38:00 Job submitted from host: <155.230.23.72:9618?addrs=155.230.23.72-9618&noUDP&sock=882541_4c40_3>
...
001 (339717.049.000) 01/29 15:38:19 Job executing on host: <155.230.21.115:9618?addrs=155.230.21.115-9618+[2407-c000-c024-0-beee-7bff-fe2f-e035]-9618&noUDP&sock=1549_104a_3>
...
006 (339717.049.000) 01/29 15:38:27 Image size of job updated: 251420
	179  -  MemoryUsage of job (MB)
	183008  -  ResidentSetSize of job (KB)
...
006 (339717.049.000) 01/29 15:38:28 Image size of job updated: 266784
	191  -  MemoryUsage of job (MB)
	194868  -  ResidentSetSize of job (KB)
...
004 (339717.049.000) 01/29 15:38:28 Job was evicted.
	(0) Job was not checkpointed.
		Usr 0 00:00:05, Sys 0 00:00:01  -  Run Remote Usage
		Usr 0 00:00:00, Sys 0 00:00:00  -  Run Local Usage
	359  -  Run Bytes Sent By Job
	10651  -  Run Bytes Received By Job
	Partitionable Resources :    Usage  Request Allocated 
	   Cpus                 :        0        1         1 
	   Disk (KB)            :       29  2048000   3798708 
	   Memory (MB)          :      191     2000      2000 
...
009 (339717.049.000) 01/29 15:38:28 Job was aborted by the user.
	via condor_rm (by user choij)
...
000 (339718.049.000) 01/29 15:39:25 Job submitted from host: <155.230.23.72:9618?addrs=155.230.23.72-9618&noUDP&sock=882541_4c40_3>
...
001 (339718.049.000) 01/29 15:39:42 Job executing on host: <155.230.21.115:9618?addrs=155.230.21.115-9618+[2407-c000-c024-0-beee-7bff-fe2f-e035]-9618&noUDP&sock=1549_104a_3>
...
006 (339718.049.000) 01/29 15:39:50 Image size of job updated: 286164
	209  -  MemoryUsage of job (MB)
	213432  -  ResidentSetSize of job (KB)
...
005 (339718.049.000) 01/29 15:39:51 Job terminated.
	(1) Normal termination (return value 1)
		Usr 0 00:00:07, Sys 0 00:00:01  -  Run Remote Usage
		Usr 0 00:00:00, Sys 0 00:00:00  -  Run Local Usage
		Usr 0 00:00:07, Sys 0 00:00:01  -  Total Remote Usage
		Usr 0 00:00:00, Sys 0 00:00:00  -  Total Local Usage
	1689  -  Run Bytes Sent By Job
	10651  -  Run Bytes Received By Job
	1689  -  Total Bytes Sent By Job
	10651  -  Total Bytes Received By Job
	Partitionable Resources :    Usage  Request Allocated 
	   Cpus                 :     0.03        1         1 
	   Disk (KB)            :    30     2048000   3798708 
	   Memory (MB)          :   209        2000      2000 
...
000 (339719.049.000) 01/29 15:52:31 Job submitted from host: <155.230.23.72:9618?addrs=155.230.23.72-9618&noUDP&sock=882541_4c40_3>
...
001 (339719.049.000) 01/29 15:52:52 Job executing on host: <155.230.21.115:9618?addrs=155.230.21.115-9618+[2407-c000-c024-0-beee-7bff-fe2f-e035]-9618&noUDP&sock=1549_104a_3>
...
006 (339719.049.000) 01/29 15:53:00 Image size of job updated: 285956
	209  -  MemoryUsage of job (MB)
	213224  -  ResidentSetSize of job (KB)
...
006 (339719.049.000) 01/29 15:53:03 Image size of job updated: 290972
	209  -  MemoryUsage of job (MB)
	213224  -  ResidentSetSize of job (KB)
...
005 (339719.049.000) 01/29 15:53:03 Job terminated.
	(1) Normal termination (return value 0)
		Usr 0 00:00:07, Sys 0 00:00:01  -  Run Remote Usage
		Usr 0 00:00:00, Sys 0 00:00:00  -  Run Local Usage
		Usr 0 00:00:07, Sys 0 00:00:01  -  Total Remote Usage
		Usr 0 00:00:00, Sys 0 00:00:00  -  Total Local Usage
	785  -  Run Bytes Sent By Job
	10707  -  Run Bytes Received By Job
	785  -  Total Bytes Sent By Job
	10707  -  Total Bytes Received By Job
	Partitionable Resources :    Usage  Request Allocated 
	   Cpus                 :     0.03        1         1 
	   Disk (KB)            :    29     2048000   3798708 
	   Memory (MB)          :   209        2000      2000 
...
000 (339720.049.000) 01/29 15:56:41 Job submitted from host: <155.230.23.72:9618?addrs=155.230.23.72-9618&noUDP&sock=882541_4c40_3>
...
001 (339720.049.000) 01/29 15:57:02 Job executing on host: <155.230.21.115:9618?addrs=155.230.21.115-9618+[2407-c000-c024-0-beee-7bff-fe2f-e035]-9618&noUDP&sock=1549_104a_3>
...
006 (339720.049.000) 01/29 15:57:10 Image size of job updated: 288188
	211  -  MemoryUsage of job (MB)
	215456  -  ResidentSetSize of job (KB)
...
006 (339720.049.000) 01/29 15:57:23 Image size of job updated: 311668
	211  -  MemoryUsage of job (MB)
	215456  -  ResidentSetSize of job (KB)
...
005 (339720.049.000) 01/29 15:57:24 Job terminated.
	(1) Normal termination (return value 0)
		Usr 0 00:00:13, Sys 0 00:00:02  -  Run Remote Usage
		Usr 0 00:00:00, Sys 0 00:00:00  -  Run Local Usage
		Usr 0 00:00:13, Sys 0 00:00:02  -  Total Remote Usage
		Usr 0 00:00:00, Sys 0 00:00:00  -  Total Local Usage
	726  -  Run Bytes Sent By Job
	10696  -  Run Bytes Received By Job
	726  -  Total Bytes Sent By Job
	10696  -  Total Bytes Received By Job
	Partitionable Resources :    Usage  Request Allocated 
	   Cpus                 :        0        1         1 
	   Disk (KB)            :       29  2048000   3798708 
	   Memory (MB)          :      211     2000      2000 
...
