000 (47440.037.000) 12/19 19:07:28 Job submitted from host: <155.230.20.251:9618?addrs=155.230.20.251-9618&noUDP&sock=930313_ea96_3>
...
001 (47440.037.000) 12/19 19:54:21 Job executing on host: <155.230.21.100:9618?addrs=155.230.21.100-9618&noUDP&sock=9525_efac_3>
...
006 (47440.037.000) 12/19 19:54:29 Image size of job updated: 162260
	98  -  MemoryUsage of job (MB)
	99840  -  ResidentSetSize of job (KB)
...
006 (47440.037.000) 12/19 19:54:45 Image size of job updated: 324576
	98  -  MemoryUsage of job (MB)
	100028  -  ResidentSetSize of job (KB)
...
005 (47440.037.000) 12/19 19:54:45 Job terminated.
	(1) Normal termination (return value 0)
		Usr 0 00:00:13, Sys 0 00:00:01  -  Run Remote Usage
		Usr 0 00:00:00, Sys 0 00:00:00  -  Run Local Usage
		Usr 0 00:00:13, Sys 0 00:00:01  -  Total Remote Usage
		Usr 0 00:00:00, Sys 0 00:00:00  -  Total Local Usage
	554  -  Run Bytes Sent By Job
	10413  -  Run Bytes Received By Job
	554  -  Total Bytes Sent By Job
	10413  -  Total Bytes Received By Job
	Partitionable Resources :    Usage  Request Allocated 
	   Cpus                 :        0        1         1 
	   Disk (KB)            :       28  2048000   3673277 
	   Memory (MB)          :       98     2000      2000 
...
000 (336703.037.000) 01/28 15:25:46 Job submitted from host: <155.230.23.72:9618?addrs=155.230.23.72-9618&noUDP&sock=882541_4c40_3>
...
001 (336703.037.000) 01/28 15:25:59 Job executing on host: <155.230.21.85:9618?addrs=155.230.21.85-9618&noUDP&sock=1521_dba3_36>
...
006 (336703.037.000) 01/28 15:26:07 Image size of job updated: 82384
	41  -  MemoryUsage of job (MB)
	41272  -  ResidentSetSize of job (KB)
...
006 (336703.037.000) 01/28 15:28:56 Image size of job updated: 334872
	41  -  MemoryUsage of job (MB)
	41272  -  ResidentSetSize of job (KB)
...
005 (336703.037.000) 01/28 15:28:56 Job terminated.
	(1) Normal termination (return value 0)
		Usr 0 00:02:30, Sys 0 00:00:12  -  Run Remote Usage
		Usr 0 00:00:00, Sys 0 00:00:00  -  Run Local Usage
		Usr 0 00:02:30, Sys 0 00:00:12  -  Total Remote Usage
		Usr 0 00:00:00, Sys 0 00:00:00  -  Total Local Usage
	747  -  Run Bytes Sent By Job
	10577  -  Run Bytes Received By Job
	747  -  Total Bytes Sent By Job
	10577  -  Total Bytes Received By Job
	Partitionable Resources :    Usage  Request Allocated 
	   Cpus                 :     1.00        1         1 
	   Disk (KB)            :    28     2048000   3784116 
	   Memory (MB)          :    41        2000      2000 
...
000 (339712.037.000) 01/29 14:36:17 Job submitted from host: <155.230.23.72:9618?addrs=155.230.23.72-9618&noUDP&sock=882541_4c40_3>
...
001 (339712.037.000) 01/29 14:36:44 Job executing on host: <155.230.21.120:9618?addrs=155.230.21.120-9618&noUDP&sock=13477_adf4_48>
...
006 (339712.037.000) 01/29 14:36:52 Image size of job updated: 186548
	119  -  MemoryUsage of job (MB)
	121260  -  ResidentSetSize of job (KB)
...
006 (339712.037.000) 01/29 14:40:32 Image size of job updated: 353324
	119  -  MemoryUsage of job (MB)
	121300  -  ResidentSetSize of job (KB)
...
005 (339712.037.000) 01/29 14:40:32 Job terminated.
	(1) Normal termination (return value 0)
		Usr 0 00:03:28, Sys 0 00:00:13  -  Run Remote Usage
		Usr 0 00:00:00, Sys 0 00:00:00  -  Run Local Usage
		Usr 0 00:03:28, Sys 0 00:00:13  -  Total Remote Usage
		Usr 0 00:00:00, Sys 0 00:00:00  -  Total Local Usage
	747  -  Run Bytes Sent By Job
	10553  -  Run Bytes Received By Job
	747  -  Total Bytes Sent By Job
	10553  -  Total Bytes Received By Job
	Partitionable Resources :    Usage  Request Allocated 
	   Cpus                 :        0        1         1 
	   Disk (KB)            :       28  2048000   3791748 
	   Memory (MB)          :      119     2000      2000 
...
000 (339716.037.000) 01/29 15:15:50 Job submitted from host: <155.230.23.72:9618?addrs=155.230.23.72-9618&noUDP&sock=882541_4c40_3>
...
001 (339716.037.000) 01/29 15:16:21 Job executing on host: <155.230.21.121:9618?addrs=155.230.21.121-9618&noUDP&sock=28110_b34c_47>
...
006 (339716.037.000) 01/29 15:16:29 Image size of job updated: 252968
	180  -  MemoryUsage of job (MB)
	184048  -  ResidentSetSize of job (KB)
...
006 (339716.037.000) 01/29 15:19:24 Image size of job updated: 355428
	180  -  MemoryUsage of job (MB)
	184056  -  ResidentSetSize of job (KB)
...
005 (339716.037.000) 01/29 15:19:24 Job terminated.
	(1) Normal termination (return value 0)
		Usr 0 00:02:46, Sys 0 00:00:12  -  Run Remote Usage
		Usr 0 00:00:00, Sys 0 00:00:00  -  Run Local Usage
		Usr 0 00:02:46, Sys 0 00:00:12  -  Total Remote Usage
		Usr 0 00:00:00, Sys 0 00:00:00  -  Total Local Usage
	747  -  Run Bytes Sent By Job
	10553  -  Run Bytes Received By Job
	747  -  Total Bytes Sent By Job
	10553  -  Total Bytes Received By Job
	Partitionable Resources :    Usage  Request Allocated 
	   Cpus                 :     1.00        1         1 
	   Disk (KB)            :    28     2048000   3791819 
	   Memory (MB)          :   180        2000      2000 
...
000 (339717.037.000) 01/29 15:38:00 Job submitted from host: <155.230.23.72:9618?addrs=155.230.23.72-9618&noUDP&sock=882541_4c40_3>
...
001 (339717.037.000) 01/29 15:38:13 Job executing on host: <155.230.21.85:9618?addrs=155.230.21.85-9618&noUDP&sock=1521_dba3_36>
...
006 (339717.037.000) 01/29 15:38:22 Image size of job updated: 220252
	149  -  MemoryUsage of job (MB)
	152080  -  ResidentSetSize of job (KB)
...
006 (339717.037.000) 01/29 15:38:24 Image size of job updated: 220344
	149  -  MemoryUsage of job (MB)
	152172  -  ResidentSetSize of job (KB)
...
005 (339717.037.000) 01/29 15:38:24 Job terminated.
	(1) Normal termination (return value 1)
		Usr 0 00:00:05, Sys 0 00:00:00  -  Run Remote Usage
		Usr 0 00:00:00, Sys 0 00:00:00  -  Run Local Usage
		Usr 0 00:00:05, Sys 0 00:00:00  -  Total Remote Usage
		Usr 0 00:00:00, Sys 0 00:00:00  -  Total Local Usage
	1689  -  Run Bytes Sent By Job
	10651  -  Run Bytes Received By Job
	1689  -  Total Bytes Sent By Job
	10651  -  Total Bytes Received By Job
	Partitionable Resources :    Usage  Request Allocated 
	   Cpus                 :        0        1         1 
	   Disk (KB)            :       29  2048000   3784116 
	   Memory (MB)          :      149     2000      2000 
...
009 (339717.037.000) 01/29 15:38:24 Job was aborted by the user.
	via condor_rm (by user choij)
...
000 (339718.037.000) 01/29 15:39:25 Job submitted from host: <155.230.23.72:9618?addrs=155.230.23.72-9618&noUDP&sock=882541_4c40_3>
...
001 (339718.037.000) 01/29 15:39:38 Job executing on host: <155.230.21.85:9618?addrs=155.230.21.85-9618&noUDP&sock=1521_dba3_36>
...
006 (339718.037.000) 01/29 15:39:46 Image size of job updated: 177912
	0  -  MemoryUsage of job (MB)
	0  -  ResidentSetSize of job (KB)
...
005 (339718.037.000) 01/29 15:39:46 Job terminated.
	(1) Normal termination (return value 1)
		Usr 0 00:00:05, Sys 0 00:00:00  -  Run Remote Usage
		Usr 0 00:00:00, Sys 0 00:00:00  -  Run Local Usage
		Usr 0 00:00:05, Sys 0 00:00:00  -  Total Remote Usage
		Usr 0 00:00:00, Sys 0 00:00:00  -  Total Local Usage
	1689  -  Run Bytes Sent By Job
	10651  -  Run Bytes Received By Job
	1689  -  Total Bytes Sent By Job
	10651  -  Total Bytes Received By Job
	Partitionable Resources :    Usage  Request Allocated 
	   Cpus                 :        0        1         1 
	   Disk (KB)            :       29  2048000   3784116 
	   Memory (MB)          :        0     2000      2000 
...
000 (339719.037.000) 01/29 15:52:31 Job submitted from host: <155.230.23.72:9618?addrs=155.230.23.72-9618&noUDP&sock=882541_4c40_3>
...
001 (339719.037.000) 01/29 15:52:48 Job executing on host: <155.230.21.85:9618?addrs=155.230.21.85-9618&noUDP&sock=1521_dba3_36>
...
006 (339719.037.000) 01/29 15:52:57 Image size of job updated: 293988
	214  -  MemoryUsage of job (MB)
	218260  -  ResidentSetSize of job (KB)
...
005 (339719.037.000) 01/29 15:52:57 Job terminated.
	(1) Normal termination (return value 0)
		Usr 0 00:00:05, Sys 0 00:00:01  -  Run Remote Usage
		Usr 0 00:00:00, Sys 0 00:00:00  -  Run Local Usage
		Usr 0 00:00:05, Sys 0 00:00:01  -  Total Remote Usage
		Usr 0 00:00:00, Sys 0 00:00:00  -  Total Local Usage
	785  -  Run Bytes Sent By Job
	10707  -  Run Bytes Received By Job
	785  -  Total Bytes Sent By Job
	10707  -  Total Bytes Received By Job
	Partitionable Resources :    Usage  Request Allocated 
	   Cpus                 :     0.02        1         1 
	   Disk (KB)            :    29     2048000   3784116 
	   Memory (MB)          :   214        2000      2000 
...
000 (339720.037.000) 01/29 15:56:41 Job submitted from host: <155.230.23.72:9618?addrs=155.230.23.72-9618&noUDP&sock=882541_4c40_3>
...
001 (339720.037.000) 01/29 15:56:58 Job executing on host: <155.230.21.85:9618?addrs=155.230.21.85-9618&noUDP&sock=1521_dba3_36>
...
006 (339720.037.000) 01/29 15:57:07 Image size of job updated: 301120
	220  -  MemoryUsage of job (MB)
	224444  -  ResidentSetSize of job (KB)
...
006 (339720.037.000) 01/29 15:57:13 Image size of job updated: 1539872
	220  -  MemoryUsage of job (MB)
	224444  -  ResidentSetSize of job (KB)
...
005 (339720.037.000) 01/29 15:57:13 Job terminated.
	(1) Normal termination (return value 0)
		Usr 0 00:00:09, Sys 0 00:00:01  -  Run Remote Usage
		Usr 0 00:00:00, Sys 0 00:00:00  -  Run Local Usage
		Usr 0 00:00:09, Sys 0 00:00:01  -  Total Remote Usage
		Usr 0 00:00:00, Sys 0 00:00:00  -  Total Local Usage
	989  -  Run Bytes Sent By Job
	10696  -  Run Bytes Received By Job
	989  -  Total Bytes Sent By Job
	10696  -  Total Bytes Received By Job
	Partitionable Resources :    Usage  Request Allocated 
	   Cpus                 :        0        1         1 
	   Disk (KB)            :       29  2048000   3784116 
	   Memory (MB)          :      220     2000      2000 
...
