000 (47440.000.000) 12/19 19:07:28 Job submitted from host: <155.230.20.251:9618?addrs=155.230.20.251-9618&noUDP&sock=930313_ea96_3>
...
001 (47440.000.000) 12/19 19:53:23 Job executing on host: <155.230.21.109:9618?addrs=155.230.21.109-9618&noUDP&sock=26104_c051_3>
...
006 (47440.000.000) 12/19 19:53:31 Image size of job updated: 290152
	211  -  MemoryUsage of job (MB)
	215632  -  ResidentSetSize of job (KB)
...
006 (47440.000.000) 12/19 19:53:31 Image size of job updated: 290164
	211  -  MemoryUsage of job (MB)
	215640  -  ResidentSetSize of job (KB)
...
005 (47440.000.000) 12/19 19:53:31 Job terminated.
	(1) Normal termination (return value 0)
		Usr 0 00:00:06, Sys 0 00:00:00  -  Run Remote Usage
		Usr 0 00:00:00, Sys 0 00:00:00  -  Run Local Usage
		Usr 0 00:00:06, Sys 0 00:00:00  -  Total Remote Usage
		Usr 0 00:00:00, Sys 0 00:00:00  -  Total Local Usage
	518  -  Run Bytes Sent By Job
	10413  -  Run Bytes Received By Job
	518  -  Total Bytes Sent By Job
	10413  -  Total Bytes Received By Job
	Partitionable Resources :    Usage  Request Allocated 
	   Cpus                 :        0        1         1 
	   Disk (KB)            :       28  2048000   3710353 
	   Memory (MB)          :      211     2000      2000 
...
000 (336703.000.000) 01/28 15:25:45 Job submitted from host: <155.230.23.72:9618?addrs=155.230.23.72-9618&noUDP&sock=882541_4c40_3>
...
001 (336703.000.000) 01/28 15:25:49 Job executing on host: <155.230.21.72:9618?addrs=155.230.21.72-9618&noUDP&sock=23623_fdd9_3>
...
006 (336703.000.000) 01/28 15:25:57 Image size of job updated: 5032
	4  -  MemoryUsage of job (MB)
	3832  -  ResidentSetSize of job (KB)
...
006 (336703.000.000) 01/28 15:30:57 Image size of job updated: 292824
	252  -  MemoryUsage of job (MB)
	257156  -  ResidentSetSize of job (KB)
...
006 (336703.000.000) 01/28 15:34:29 Image size of job updated: 292824
	252  -  MemoryUsage of job (MB)
	257160  -  ResidentSetSize of job (KB)
...
005 (336703.000.000) 01/28 15:34:29 Job terminated.
	(1) Normal termination (return value 0)
		Usr 0 00:04:35, Sys 0 00:00:14  -  Run Remote Usage
		Usr 0 00:00:00, Sys 0 00:00:00  -  Run Local Usage
		Usr 0 00:04:35, Sys 0 00:00:14  -  Total Remote Usage
		Usr 0 00:00:00, Sys 0 00:00:00  -  Total Local Usage
	745  -  Run Bytes Sent By Job
	10577  -  Run Bytes Received By Job
	745  -  Total Bytes Sent By Job
	10577  -  Total Bytes Received By Job
	Partitionable Resources :    Usage  Request Allocated 
	   Cpus                 :     1.00        1         1 
	   Disk (KB)            :    28     2048000   3695198 
	   Memory (MB)          :   252        2000      2000 
...
000 (339712.000.000) 01/29 14:36:17 Job submitted from host: <155.230.23.72:9618?addrs=155.230.23.72-9618&noUDP&sock=882541_4c40_3>
...
001 (339712.000.000) 01/29 14:36:33 Job executing on host: <155.230.21.42:9618?addrs=155.230.21.42-9618&noUDP&sock=2987_697a_3>
...
006 (339712.000.000) 01/29 14:36:41 Image size of job updated: 22752
	9  -  MemoryUsage of job (MB)
	8712  -  ResidentSetSize of job (KB)
...
006 (339712.000.000) 01/29 14:41:41 Image size of job updated: 335176
	252  -  MemoryUsage of job (MB)
	257716  -  ResidentSetSize of job (KB)
...
006 (339712.000.000) 01/29 14:43:41 Image size of job updated: 1534472
	252  -  MemoryUsage of job (MB)
	257716  -  ResidentSetSize of job (KB)
...
005 (339712.000.000) 01/29 14:43:41 Job terminated.
	(1) Normal termination (return value 0)
		Usr 0 00:04:33, Sys 0 00:00:14  -  Run Remote Usage
		Usr 0 00:00:00, Sys 0 00:00:00  -  Run Local Usage
		Usr 0 00:04:33, Sys 0 00:00:14  -  Total Remote Usage
		Usr 0 00:00:00, Sys 0 00:00:00  -  Total Local Usage
	745  -  Run Bytes Sent By Job
	10553  -  Run Bytes Received By Job
	745  -  Total Bytes Sent By Job
	10553  -  Total Bytes Received By Job
	Partitionable Resources :    Usage  Request Allocated 
	   Cpus                 :     0.76        1         1 
	   Disk (KB)            :    28     2048000   3669141 
	   Memory (MB)          :   252        2000      2000 
...
000 (339716.000.000) 01/29 15:15:50 Job submitted from host: <155.230.23.72:9618?addrs=155.230.23.72-9618&noUDP&sock=882541_4c40_3>
...
001 (339716.000.000) 01/29 15:16:08 Job executing on host: <155.230.21.33:9618?addrs=155.230.21.33-9618&noUDP&sock=18775_aab5_3>
...
006 (339716.000.000) 01/29 15:16:16 Image size of job updated: 117572
	66  -  MemoryUsage of job (MB)
	66948  -  ResidentSetSize of job (KB)
...
006 (339716.000.000) 01/29 15:21:16 Image size of job updated: 338404
	255  -  MemoryUsage of job (MB)
	260700  -  ResidentSetSize of job (KB)
...
005 (339716.000.000) 01/29 15:22:58 Job terminated.
	(1) Normal termination (return value 0)
		Usr 0 00:04:34, Sys 0 00:00:14  -  Run Remote Usage
		Usr 0 00:00:00, Sys 0 00:00:00  -  Run Local Usage
		Usr 0 00:04:34, Sys 0 00:00:14  -  Total Remote Usage
		Usr 0 00:00:00, Sys 0 00:00:00  -  Total Local Usage
	745  -  Run Bytes Sent By Job
	10553  -  Run Bytes Received By Job
	745  -  Total Bytes Sent By Job
	10553  -  Total Bytes Received By Job
	Partitionable Resources :    Usage  Request Allocated 
	   Cpus                 :     0.82        1         1 
	   Disk (KB)            :    28     2048000   3679636 
	   Memory (MB)          :   255        2000      2000 
...
000 (339717.000.000) 01/29 15:38:00 Job submitted from host: <155.230.23.72:9618?addrs=155.230.23.72-9618&noUDP&sock=882541_4c40_3>
...
001 (339717.000.000) 01/29 15:38:21 Job executing on host: <155.230.21.73:9618?addrs=155.230.21.73-9618&noUDP&sock=15554_5428_3>
...
006 (339717.000.000) 01/29 15:38:25 Image size of job updated: 9448
	9  -  MemoryUsage of job (MB)
	8816  -  ResidentSetSize of job (KB)
...
004 (339717.000.000) 01/29 15:38:25 Job was evicted.
	(0) Job was not checkpointed.
		Usr 0 00:00:00, Sys 0 00:00:00  -  Run Remote Usage
		Usr 0 00:00:00, Sys 0 00:00:00  -  Run Local Usage
	3  -  Run Bytes Sent By Job
	10651  -  Run Bytes Received By Job
	Partitionable Resources :    Usage  Request Allocated 
	   Cpus                 :        0        1         1 
	   Disk (KB)            :       28  2048000   3656096 
	   Memory (MB)          :        9     2000      2000 
...
009 (339717.000.000) 01/29 15:38:25 Job was aborted by the user.
	via condor_rm (by user choij)
...
000 (339718.000.000) 01/29 15:39:25 Job submitted from host: <155.230.23.72:9618?addrs=155.230.23.72-9618&noUDP&sock=882541_4c40_3>
...
001 (339718.000.000) 01/29 15:39:47 Job executing on host: <155.230.21.73:9618?addrs=155.230.21.73-9618&noUDP&sock=15554_5428_3>
...
006 (339718.000.000) 01/29 15:39:56 Image size of job updated: 5784
	5  -  MemoryUsage of job (MB)
	4308  -  ResidentSetSize of job (KB)
...
006 (339718.000.000) 01/29 15:40:45 Image size of job updated: 236668
	5  -  MemoryUsage of job (MB)
	4308  -  ResidentSetSize of job (KB)
...
005 (339718.000.000) 01/29 15:40:46 Job terminated.
	(1) Normal termination (return value 1)
		Usr 0 00:00:10, Sys 0 00:00:01  -  Run Remote Usage
		Usr 0 00:00:00, Sys 0 00:00:00  -  Run Local Usage
		Usr 0 00:00:10, Sys 0 00:00:01  -  Total Remote Usage
		Usr 0 00:00:00, Sys 0 00:00:00  -  Total Local Usage
	1687  -  Run Bytes Sent By Job
	10651  -  Run Bytes Received By Job
	1687  -  Total Bytes Sent By Job
	10651  -  Total Bytes Received By Job
	Partitionable Resources :    Usage  Request Allocated 
	   Cpus                 :     0.04        1         1 
	   Disk (KB)            :    29     2048000   3656096 
	   Memory (MB)          :     5        2000      2000 
...
000 (339719.000.000) 01/29 15:52:31 Job submitted from host: <155.230.23.72:9618?addrs=155.230.23.72-9618&noUDP&sock=882541_4c40_3>
...
001 (339719.000.000) 01/29 15:52:48 Job executing on host: <155.230.21.100:9618?addrs=155.230.21.100-9618&noUDP&sock=9525_efac_48>
...
006 (339719.000.000) 01/29 15:52:56 Image size of job updated: 160060
	96  -  MemoryUsage of job (MB)
	97564  -  ResidentSetSize of job (KB)
...
006 (339719.000.000) 01/29 15:53:47 Image size of job updated: 275168
	96  -  MemoryUsage of job (MB)
	97564  -  ResidentSetSize of job (KB)
...
005 (339719.000.000) 01/29 15:53:47 Job terminated.
	(1) Normal termination (return value 0)
		Usr 0 00:00:08, Sys 0 00:00:02  -  Run Remote Usage
		Usr 0 00:00:00, Sys 0 00:00:00  -  Run Local Usage
		Usr 0 00:00:08, Sys 0 00:00:02  -  Total Remote Usage
		Usr 0 00:00:00, Sys 0 00:00:00  -  Total Local Usage
	784  -  Run Bytes Sent By Job
	10707  -  Run Bytes Received By Job
	784  -  Total Bytes Sent By Job
	10707  -  Total Bytes Received By Job
	Partitionable Resources :    Usage  Request Allocated 
	   Cpus                 :     0.03        1         1 
	   Disk (KB)            :    29     2048000   3785181 
	   Memory (MB)          :    96        2000      2000 
...
000 (339720.000.000) 01/29 15:56:41 Job submitted from host: <155.230.23.72:9618?addrs=155.230.23.72-9618&noUDP&sock=882541_4c40_3>
...
001 (339720.000.000) 01/29 15:57:04 Job executing on host: <155.230.21.100:9618?addrs=155.230.21.100-9618&noUDP&sock=9525_efac_48>
...
006 (339720.000.000) 01/29 15:57:12 Image size of job updated: 5188
	4  -  MemoryUsage of job (MB)
	3956  -  ResidentSetSize of job (KB)
...
006 (339720.000.000) 01/29 15:58:12 Image size of job updated: 7832
	4  -  MemoryUsage of job (MB)
	3956  -  ResidentSetSize of job (KB)
...
005 (339720.000.000) 01/29 15:58:12 Job terminated.
	(1) Normal termination (return value 0)
		Usr 0 00:00:20, Sys 0 00:00:03  -  Run Remote Usage
		Usr 0 00:00:00, Sys 0 00:00:00  -  Run Local Usage
		Usr 0 00:00:20, Sys 0 00:00:03  -  Total Remote Usage
		Usr 0 00:00:00, Sys 0 00:00:00  -  Total Local Usage
	987  -  Run Bytes Sent By Job
	10696  -  Run Bytes Received By Job
	987  -  Total Bytes Sent By Job
	10696  -  Total Bytes Received By Job
	Partitionable Resources :    Usage  Request Allocated 
	   Cpus                 :     0.54        1         1 
	   Disk (KB)            :    29     2048000   3785181 
	   Memory (MB)          :     4        2000      2000 
...
