000 (47440.842.000) 12/19 19:07:31 Job submitted from host: <155.230.20.251:9618?addrs=155.230.20.251-9618&noUDP&sock=930313_ea96_3>
...
001 (47440.842.000) 12/19 20:12:21 Job executing on host: <155.230.21.38:9618?addrs=155.230.21.38-9618&noUDP&sock=22636_fddf_3>
...
006 (47440.842.000) 12/19 20:12:30 Image size of job updated: 135912
	72  -  MemoryUsage of job (MB)
	73592  -  ResidentSetSize of job (KB)
...
006 (47440.842.000) 12/19 20:12:53 Image size of job updated: 342436
	72  -  MemoryUsage of job (MB)
	73592  -  ResidentSetSize of job (KB)
...
005 (47440.842.000) 12/19 20:12:53 Job terminated.
	(1) Normal termination (return value 0)
		Usr 0 00:00:17, Sys 0 00:00:01  -  Run Remote Usage
		Usr 0 00:00:00, Sys 0 00:00:00  -  Run Local Usage
		Usr 0 00:00:17, Sys 0 00:00:01  -  Total Remote Usage
		Usr 0 00:00:00, Sys 0 00:00:00  -  Total Local Usage
	554  -  Run Bytes Sent By Job
	10413  -  Run Bytes Received By Job
	554  -  Total Bytes Sent By Job
	10413  -  Total Bytes Received By Job
	Partitionable Resources :    Usage  Request Allocated 
	   Cpus                 :        0        1         1 
	   Disk (KB)            :       28  2048000   3666180 
	   Memory (MB)          :       72     2000      2000 
...
