000 (47440.482.000) 12/19 19:07:30 Job submitted from host: <155.230.20.251:9618?addrs=155.230.20.251-9618&noUDP&sock=930313_ea96_3>
...
001 (47440.482.000) 12/19 20:04:23 Job executing on host: <155.230.21.38:9618?addrs=155.230.21.38-9618&noUDP&sock=22636_fddf_3>
...
006 (47440.482.000) 12/19 20:04:32 Image size of job updated: 171772
	107  -  MemoryUsage of job (MB)
	109096  -  ResidentSetSize of job (KB)
...
006 (47440.482.000) 12/19 20:04:52 Image size of job updated: 333604
	107  -  MemoryUsage of job (MB)
	109096  -  ResidentSetSize of job (KB)
...
005 (47440.482.000) 12/19 20:04:53 Job terminated.
	(1) Normal termination (return value 0)
		Usr 0 00:00:17, Sys 0 00:00:01  -  Run Remote Usage
		Usr 0 00:00:00, Sys 0 00:00:00  -  Run Local Usage
		Usr 0 00:00:17, Sys 0 00:00:01  -  Total Remote Usage
		Usr 0 00:00:00, Sys 0 00:00:00  -  Total Local Usage
	554  -  Run Bytes Sent By Job
	10413  -  Run Bytes Received By Job
	554  -  Total Bytes Sent By Job
	10413  -  Total Bytes Received By Job
	Partitionable Resources :    Usage  Request Allocated 
	   Cpus                 :     0.03        1         1 
	   Disk (KB)            :    28     2048000   3666180 
	   Memory (MB)          :   107        2000      2000 
...
000 (339717.482.000) 01/29 15:38:01 Job submitted from host: <155.230.23.72:9618?addrs=155.230.23.72-9618&noUDP&sock=882541_4c40_3>
...
009 (339717.482.000) 01/29 15:38:26 Job was aborted by the user.
	via condor_rm (by user choij)
...
000 (339718.482.000) 01/29 15:39:26 Job submitted from host: <155.230.23.72:9618?addrs=155.230.23.72-9618&noUDP&sock=882541_4c40_3>
...
001 (339718.482.000) 01/29 15:47:51 Job executing on host: <155.230.21.42:9618?addrs=155.230.21.42-9618&noUDP&sock=2987_697a_3>
...
006 (339718.482.000) 01/29 15:47:57 Image size of job updated: 82512
	39  -  MemoryUsage of job (MB)
	39860  -  ResidentSetSize of job (KB)
...
004 (339718.482.000) 01/29 15:47:57 Job was evicted.
	(0) Job was not checkpointed.
		Usr 0 00:00:01, Sys 0 00:00:00  -  Run Remote Usage
		Usr 0 00:00:00, Sys 0 00:00:00  -  Run Local Usage
	5  -  Run Bytes Sent By Job
	10651  -  Run Bytes Received By Job
	Partitionable Resources :    Usage  Request Allocated 
	   Cpus                 :        0        1         1 
	   Disk (KB)            :       28  2048000   3669141 
	   Memory (MB)          :       39     2000      2000 
...
009 (339718.482.000) 01/29 15:47:57 Job was aborted by the user.
	via condor_rm (by user choij)
...
000 (339719.482.000) 01/29 15:52:32 Job submitted from host: <155.230.23.72:9618?addrs=155.230.23.72-9618&noUDP&sock=882541_4c40_3>
...
009 (339719.482.000) 01/29 15:54:51 Job was aborted by the user.
	via condor_rm (by user choij)
...
000 (339720.482.000) 01/29 15:56:41 Job submitted from host: <155.230.23.72:9618?addrs=155.230.23.72-9618&noUDP&sock=882541_4c40_3>
...
001 (339720.482.000) 01/29 16:03:37 Job executing on host: <155.230.21.74:9618?addrs=155.230.21.74-9618&noUDP&sock=27134_3edd_3>
...
006 (339720.482.000) 01/29 16:03:45 Image size of job updated: 58968
	30  -  MemoryUsage of job (MB)
	30212  -  ResidentSetSize of job (KB)
...
006 (339720.482.000) 01/29 16:04:30 Image size of job updated: 1540456
	30  -  MemoryUsage of job (MB)
	30212  -  ResidentSetSize of job (KB)
...
005 (339720.482.000) 01/29 16:04:30 Job terminated.
	(1) Normal termination (return value 0)
		Usr 0 00:00:18, Sys 0 00:00:03  -  Run Remote Usage
		Usr 0 00:00:00, Sys 0 00:00:00  -  Run Local Usage
		Usr 0 00:00:18, Sys 0 00:00:03  -  Total Remote Usage
		Usr 0 00:00:00, Sys 0 00:00:00  -  Total Local Usage
	994  -  Run Bytes Sent By Job
	10696  -  Run Bytes Received By Job
	994  -  Total Bytes Sent By Job
	10696  -  Total Bytes Received By Job
	Partitionable Resources :    Usage  Request Allocated 
	   Cpus                 :        0        1         1 
	   Disk (KB)            :       29  2048000   3665303 
	   Memory (MB)          :       30     2000      2000 
...
