000 (47440.565.000) 12/19 19:07:30 Job submitted from host: <155.230.20.251:9618?addrs=155.230.20.251-9618&noUDP&sock=930313_ea96_3>
...
001 (47440.565.000) 12/19 20:05:34 Job executing on host: <155.230.21.117:9618?addrs=155.230.21.117-9618&noUDP&sock=8728_42b0_3>
...
006 (47440.565.000) 12/19 20:05:43 Image size of job updated: 314480
	233  -  MemoryUsage of job (MB)
	238248  -  ResidentSetSize of job (KB)
...
006 (47440.565.000) 12/19 20:05:47 Image size of job updated: 338872
	233  -  MemoryUsage of job (MB)
	238248  -  ResidentSetSize of job (KB)
...
005 (47440.565.000) 12/19 20:05:47 Job terminated.
	(1) Normal termination (return value 0)
		Usr 0 00:00:10, Sys 0 00:00:00  -  Run Remote Usage
		Usr 0 00:00:00, Sys 0 00:00:00  -  Run Local Usage
		Usr 0 00:00:10, Sys 0 00:00:00  -  Total Remote Usage
		Usr 0 00:00:00, Sys 0 00:00:00  -  Total Local Usage
	554  -  Run Bytes Sent By Job
	10413  -  Run Bytes Received By Job
	554  -  Total Bytes Sent By Job
	10413  -  Total Bytes Received By Job
	Partitionable Resources :    Usage  Request Allocated 
	   Cpus                 :     0.02        1         1 
	   Disk (KB)            :    28     2048000   3710066 
	   Memory (MB)          :   233        2000      2000 
...
