000 (47440.670.000) 12/19 19:07:31 Job submitted from host: <155.230.20.251:9618?addrs=155.230.20.251-9618&noUDP&sock=930313_ea96_3>
...
001 (47440.670.000) 12/19 20:08:23 Job executing on host: <155.230.21.99:9618?addrs=155.230.21.99-9618&noUDP&sock=12118_84bf_3>
...
006 (47440.670.000) 12/19 20:08:31 Image size of job updated: 268940
	193  -  MemoryUsage of job (MB)
	197424  -  ResidentSetSize of job (KB)
...
006 (47440.670.000) 12/19 20:08:39 Image size of job updated: 313520
	193  -  MemoryUsage of job (MB)
	197428  -  ResidentSetSize of job (KB)
...
005 (47440.670.000) 12/19 20:08:39 Job terminated.
	(1) Normal termination (return value 0)
		Usr 0 00:00:13, Sys 0 00:00:01  -  Run Remote Usage
		Usr 0 00:00:00, Sys 0 00:00:00  -  Run Local Usage
		Usr 0 00:00:13, Sys 0 00:00:01  -  Total Remote Usage
		Usr 0 00:00:00, Sys 0 00:00:00  -  Total Local Usage
	554  -  Run Bytes Sent By Job
	10413  -  Run Bytes Received By Job
	554  -  Total Bytes Sent By Job
	10413  -  Total Bytes Received By Job
	Partitionable Resources :    Usage  Request Allocated 
	   Cpus                 :        0        1         1 
	   Disk (KB)            :       28  2048000   3707744 
	   Memory (MB)          :      193     2000      2000 
...
