000 (47440.394.000) 12/19 19:07:30 Job submitted from host: <155.230.20.251:9618?addrs=155.230.20.251-9618&noUDP&sock=930313_ea96_3>
...
001 (47440.394.000) 12/19 20:02:21 Job executing on host: <155.230.21.42:9618?addrs=155.230.21.42-9618&noUDP&sock=2987_697a_3>
...
006 (47440.394.000) 12/19 20:02:29 Image size of job updated: 91468
	48  -  MemoryUsage of job (MB)
	48228  -  ResidentSetSize of job (KB)
...
006 (47440.394.000) 12/19 20:03:00 Image size of job updated: 338700
	48  -  MemoryUsage of job (MB)
	48228  -  ResidentSetSize of job (KB)
...
005 (47440.394.000) 12/19 20:03:00 Job terminated.
	(1) Normal termination (return value 0)
		Usr 0 00:00:17, Sys 0 00:00:01  -  Run Remote Usage
		Usr 0 00:00:00, Sys 0 00:00:00  -  Run Local Usage
		Usr 0 00:00:17, Sys 0 00:00:01  -  Total Remote Usage
		Usr 0 00:00:00, Sys 0 00:00:00  -  Total Local Usage
	554  -  Run Bytes Sent By Job
	10413  -  Run Bytes Received By Job
	554  -  Total Bytes Sent By Job
	10413  -  Total Bytes Received By Job
	Partitionable Resources :    Usage  Request Allocated 
	   Cpus                 :        0        1         1 
	   Disk (KB)            :       28  2048000   3669141 
	   Memory (MB)          :       48     2000      2000 
...
000 (339717.394.000) 01/29 15:38:01 Job submitted from host: <155.230.23.72:9618?addrs=155.230.23.72-9618&noUDP&sock=882541_4c40_3>
...
009 (339717.394.000) 01/29 15:38:25 Job was aborted by the user.
	via condor_rm (by user choij)
...
000 (339718.394.000) 01/29 15:39:26 Job submitted from host: <155.230.23.72:9618?addrs=155.230.23.72-9618&noUDP&sock=882541_4c40_3>
...
001 (339718.394.000) 01/29 15:45:58 Job executing on host: <155.230.21.112:9618?addrs=155.230.21.112-9618&noUDP&sock=22175_c8b6_48>
...
006 (339718.394.000) 01/29 15:46:06 Image size of job updated: 289288
	211  -  MemoryUsage of job (MB)
	215764  -  ResidentSetSize of job (KB)
...
005 (339718.394.000) 01/29 15:46:07 Job terminated.
	(1) Normal termination (return value 1)
		Usr 0 00:00:06, Sys 0 00:00:01  -  Run Remote Usage
		Usr 0 00:00:00, Sys 0 00:00:00  -  Run Local Usage
		Usr 0 00:00:06, Sys 0 00:00:01  -  Total Remote Usage
		Usr 0 00:00:00, Sys 0 00:00:00  -  Total Local Usage
	1691  -  Run Bytes Sent By Job
	10651  -  Run Bytes Received By Job
	1691  -  Total Bytes Sent By Job
	10651  -  Total Bytes Received By Job
	Partitionable Resources :    Usage  Request Allocated 
	   Cpus                 :        0        1         1 
	   Disk (KB)            :       29  2048000   3840615 
	   Memory (MB)          :      211     2000      2000 
...
000 (339719.394.000) 01/29 15:52:32 Job submitted from host: <155.230.23.72:9618?addrs=155.230.23.72-9618&noUDP&sock=882541_4c40_3>
...
009 (339719.394.000) 01/29 15:54:51 Job was aborted by the user.
	via condor_rm (by user choij)
...
000 (339720.394.000) 01/29 15:56:41 Job submitted from host: <155.230.23.72:9618?addrs=155.230.23.72-9618&noUDP&sock=882541_4c40_3>
...
001 (339720.394.000) 01/29 16:02:55 Job executing on host: <155.230.21.111:9618?addrs=155.230.21.111-9618&noUDP&sock=14468_6c4e_47>
...
006 (339720.394.000) 01/29 16:03:04 Image size of job updated: 315260
	234  -  MemoryUsage of job (MB)
	238732  -  ResidentSetSize of job (KB)
...
006 (339720.394.000) 01/29 16:03:10 Image size of job updated: 338008
	234  -  MemoryUsage of job (MB)
	238732  -  ResidentSetSize of job (KB)
...
005 (339720.394.000) 01/29 16:03:12 Job terminated.
	(1) Normal termination (return value 0)
		Usr 0 00:00:12, Sys 0 00:00:02  -  Run Remote Usage
		Usr 0 00:00:00, Sys 0 00:00:00  -  Run Local Usage
		Usr 0 00:00:12, Sys 0 00:00:02  -  Total Remote Usage
		Usr 0 00:00:00, Sys 0 00:00:00  -  Total Local Usage
	994  -  Run Bytes Sent By Job
	10696  -  Run Bytes Received By Job
	994  -  Total Bytes Sent By Job
	10696  -  Total Bytes Received By Job
	Partitionable Resources :    Usage  Request Allocated 
	   Cpus                 :        0        1         1 
	   Disk (KB)            :       29  2048000   3784693 
	   Memory (MB)          :      234     2000      2000 
...
