000 (47440.325.000) 12/19 19:07:29 Job submitted from host: <155.230.20.251:9618?addrs=155.230.20.251-9618&noUDP&sock=930313_ea96_3>
...
001 (47440.325.000) 12/19 20:00:28 Job executing on host: <155.230.21.80:9618?addrs=155.230.21.80-9618+[--1]-9618&noUDP&sock=7725_4933_3>
...
006 (47440.325.000) 12/19 20:00:37 Image size of job updated: 316408
	235  -  MemoryUsage of job (MB)
	240176  -  ResidentSetSize of job (KB)
...
006 (47440.325.000) 12/19 20:00:40 Image size of job updated: 341196
	235  -  MemoryUsage of job (MB)
	240176  -  ResidentSetSize of job (KB)
...
005 (47440.325.000) 12/19 20:00:41 Job terminated.
	(1) Normal termination (return value 0)
		Usr 0 00:00:09, Sys 0 00:00:00  -  Run Remote Usage
		Usr 0 00:00:00, Sys 0 00:00:00  -  Run Local Usage
		Usr 0 00:00:09, Sys 0 00:00:00  -  Total Remote Usage
		Usr 0 00:00:00, Sys 0 00:00:00  -  Total Local Usage
	554  -  Run Bytes Sent By Job
	10413  -  Run Bytes Received By Job
	554  -  Total Bytes Sent By Job
	10413  -  Total Bytes Received By Job
	Partitionable Resources :    Usage  Request Allocated 
	   Cpus                 :                 1         1 
	   Disk (KB)            :       22  2048000  18302493 
	   Memory (MB)          :      235     2000      2000 
...
000 (339717.325.000) 01/29 15:38:01 Job submitted from host: <155.230.23.72:9618?addrs=155.230.23.72-9618&noUDP&sock=882541_4c40_3>
...
009 (339717.325.000) 01/29 15:38:25 Job was aborted by the user.
	via condor_rm (by user choij)
...
000 (339718.325.000) 01/29 15:39:26 Job submitted from host: <155.230.23.72:9618?addrs=155.230.23.72-9618&noUDP&sock=882541_4c40_3>
...
001 (339718.325.000) 01/29 15:44:51 Job executing on host: <155.230.21.41:9618?addrs=155.230.21.41-9618&noUDP&sock=24346_e8d2_3>
...
006 (339718.325.000) 01/29 15:45:00 Image size of job updated: 151392
	90  -  MemoryUsage of job (MB)
	91448  -  ResidentSetSize of job (KB)
...
006 (339718.325.000) 01/29 15:45:07 Image size of job updated: 273652
	90  -  MemoryUsage of job (MB)
	91572  -  ResidentSetSize of job (KB)
...
005 (339718.325.000) 01/29 15:45:07 Job terminated.
	(1) Normal termination (return value 1)
		Usr 0 00:00:10, Sys 0 00:00:01  -  Run Remote Usage
		Usr 0 00:00:00, Sys 0 00:00:00  -  Run Local Usage
		Usr 0 00:00:10, Sys 0 00:00:01  -  Total Remote Usage
		Usr 0 00:00:00, Sys 0 00:00:00  -  Total Local Usage
	1691  -  Run Bytes Sent By Job
	10651  -  Run Bytes Received By Job
	1691  -  Total Bytes Sent By Job
	10651  -  Total Bytes Received By Job
	Partitionable Resources :    Usage  Request Allocated 
	   Cpus                 :        0        1         1 
	   Disk (KB)            :       29  2048000   3653325 
	   Memory (MB)          :       90     2000      2000 
...
000 (339719.325.000) 01/29 15:52:31 Job submitted from host: <155.230.23.72:9618?addrs=155.230.23.72-9618&noUDP&sock=882541_4c40_3>
...
009 (339719.325.000) 01/29 15:54:51 Job was aborted by the user.
	via condor_rm (by user choij)
...
000 (339720.325.000) 01/29 15:56:41 Job submitted from host: <155.230.23.72:9618?addrs=155.230.23.72-9618&noUDP&sock=882541_4c40_3>
...
001 (339720.325.000) 01/29 16:01:49 Job executing on host: <155.230.21.42:9618?addrs=155.230.21.42-9618&noUDP&sock=2987_697a_3>
...
006 (339720.325.000) 01/29 16:01:58 Image size of job updated: 161232
	97  -  MemoryUsage of job (MB)
	99060  -  ResidentSetSize of job (KB)
...
006 (339720.325.000) 01/29 16:02:29 Image size of job updated: 308016
	97  -  MemoryUsage of job (MB)
	99060  -  ResidentSetSize of job (KB)
...
005 (339720.325.000) 01/29 16:02:29 Job terminated.
	(1) Normal termination (return value 0)
		Usr 0 00:00:18, Sys 0 00:00:02  -  Run Remote Usage
		Usr 0 00:00:00, Sys 0 00:00:00  -  Run Local Usage
		Usr 0 00:00:18, Sys 0 00:00:02  -  Total Remote Usage
		Usr 0 00:00:00, Sys 0 00:00:00  -  Total Local Usage
	994  -  Run Bytes Sent By Job
	10696  -  Run Bytes Received By Job
	994  -  Total Bytes Sent By Job
	10696  -  Total Bytes Received By Job
	Partitionable Resources :    Usage  Request Allocated 
	   Cpus                 :        0        1         1 
	   Disk (KB)            :       29  2048000   3669141 
	   Memory (MB)          :       97     2000      2000 
...
