000 (47440.600.000) 12/19 19:07:31 Job submitted from host: <155.230.20.251:9618?addrs=155.230.20.251-9618&noUDP&sock=930313_ea96_3>
...
001 (47440.600.000) 12/19 20:06:29 Job executing on host: <155.230.21.93:9618?addrs=155.230.21.93-9618&noUDP&sock=5106_dea9_3>
...
006 (47440.600.000) 12/19 20:06:38 Image size of job updated: 312780
	232  -  MemoryUsage of job (MB)
	236548  -  ResidentSetSize of job (KB)
...
006 (47440.600.000) 12/19 20:06:41 Image size of job updated: 344120
	232  -  MemoryUsage of job (MB)
	236548  -  ResidentSetSize of job (KB)
...
005 (47440.600.000) 12/19 20:06:41 Job terminated.
	(1) Normal termination (return value 0)
		Usr 0 00:00:09, Sys 0 00:00:00  -  Run Remote Usage
		Usr 0 00:00:00, Sys 0 00:00:00  -  Run Local Usage
		Usr 0 00:00:09, Sys 0 00:00:00  -  Total Remote Usage
		Usr 0 00:00:00, Sys 0 00:00:00  -  Total Local Usage
	554  -  Run Bytes Sent By Job
	10413  -  Run Bytes Received By Job
	554  -  Total Bytes Sent By Job
	10413  -  Total Bytes Received By Job
	Partitionable Resources :    Usage  Request Allocated 
	   Cpus                 :        0        1         1 
	   Disk (KB)            :       28  2048000   3667554 
	   Memory (MB)          :      232     2000      2000 
...
