000 (47440.508.000) 12/19 19:07:30 Job submitted from host: <155.230.20.251:9618?addrs=155.230.20.251-9618&noUDP&sock=930313_ea96_3>
...
001 (47440.508.000) 12/19 20:04:28 Job executing on host: <155.230.21.110:9618?addrs=155.230.21.110-9618&noUDP&sock=15413_9d4e_3>
...
006 (47440.508.000) 12/19 20:04:36 Image size of job updated: 299160
	218  -  MemoryUsage of job (MB)
	223020  -  ResidentSetSize of job (KB)
...
006 (47440.508.000) 12/19 20:04:41 Image size of job updated: 314432
	218  -  MemoryUsage of job (MB)
	223020  -  ResidentSetSize of job (KB)
...
005 (47440.508.000) 12/19 20:04:41 Job terminated.
	(1) Normal termination (return value 0)
		Usr 0 00:00:11, Sys 0 00:00:00  -  Run Remote Usage
		Usr 0 00:00:00, Sys 0 00:00:00  -  Run Local Usage
		Usr 0 00:00:11, Sys 0 00:00:00  -  Total Remote Usage
		Usr 0 00:00:00, Sys 0 00:00:00  -  Total Local Usage
	554  -  Run Bytes Sent By Job
	10413  -  Run Bytes Received By Job
	554  -  Total Bytes Sent By Job
	10413  -  Total Bytes Received By Job
	Partitionable Resources :    Usage  Request Allocated 
	   Cpus                 :        0        1         1 
	   Disk (KB)            :       28  2048000   3709593 
	   Memory (MB)          :      218     2000      2000 
...
