000 (47440.097.000) 12/19 19:07:28 Job submitted from host: <155.230.20.251:9618?addrs=155.230.20.251-9618&noUDP&sock=930313_ea96_3>
...
001 (47440.097.000) 12/19 19:55:28 Job executing on host: <155.230.21.85:9618?addrs=155.230.21.85-9618&noUDP&sock=1521_dba3_3>
...
006 (47440.097.000) 12/19 19:55:37 Image size of job updated: 314444
	233  -  MemoryUsage of job (MB)
	238212  -  ResidentSetSize of job (KB)
...
006 (47440.097.000) 12/19 19:55:39 Image size of job updated: 348864
	236  -  MemoryUsage of job (MB)
	241244  -  ResidentSetSize of job (KB)
...
005 (47440.097.000) 12/19 19:55:39 Job terminated.
	(1) Normal termination (return value 0)
		Usr 0 00:00:09, Sys 0 00:00:00  -  Run Remote Usage
		Usr 0 00:00:00, Sys 0 00:00:00  -  Run Local Usage
		Usr 0 00:00:09, Sys 0 00:00:00  -  Total Remote Usage
		Usr 0 00:00:00, Sys 0 00:00:00  -  Total Local Usage
	554  -  Run Bytes Sent By Job
	10413  -  Run Bytes Received By Job
	554  -  Total Bytes Sent By Job
	10413  -  Total Bytes Received By Job
	Partitionable Resources :    Usage  Request Allocated 
	   Cpus                 :        0        1         1 
	   Disk (KB)            :       28  2048000   3711575 
	   Memory (MB)          :      236     2000      2000 
...
