000 (47440.401.000) 12/19 19:07:30 Job submitted from host: <155.230.20.251:9618?addrs=155.230.20.251-9618&noUDP&sock=930313_ea96_3>
...
001 (47440.401.000) 12/19 20:02:21 Job executing on host: <155.230.21.98:9618?addrs=155.230.21.98-9618&noUDP&sock=16526_0a37_3>
...
006 (47440.401.000) 12/19 20:02:30 Image size of job updated: 287364
	209  -  MemoryUsage of job (MB)
	213636  -  ResidentSetSize of job (KB)
...
006 (47440.401.000) 12/19 20:02:40 Image size of job updated: 329780
	209  -  MemoryUsage of job (MB)
	213636  -  ResidentSetSize of job (KB)
...
005 (47440.401.000) 12/19 20:02:40 Job terminated.
	(1) Normal termination (return value 0)
		Usr 0 00:00:13, Sys 0 00:00:01  -  Run Remote Usage
		Usr 0 00:00:00, Sys 0 00:00:00  -  Run Local Usage
		Usr 0 00:00:13, Sys 0 00:00:01  -  Total Remote Usage
		Usr 0 00:00:00, Sys 0 00:00:00  -  Total Local Usage
	554  -  Run Bytes Sent By Job
	10413  -  Run Bytes Received By Job
	554  -  Total Bytes Sent By Job
	10413  -  Total Bytes Received By Job
	Partitionable Resources :    Usage  Request Allocated 
	   Cpus                 :        0        1         1 
	   Disk (KB)            :       28  2048000   3676021 
	   Memory (MB)          :      209     2000      2000 
...
000 (339717.401.000) 01/29 15:38:01 Job submitted from host: <155.230.23.72:9618?addrs=155.230.23.72-9618&noUDP&sock=882541_4c40_3>
...
009 (339717.401.000) 01/29 15:38:25 Job was aborted by the user.
	via condor_rm (by user choij)
...
000 (339718.401.000) 01/29 15:39:26 Job submitted from host: <155.230.23.72:9618?addrs=155.230.23.72-9618&noUDP&sock=882541_4c40_3>
...
001 (339718.401.000) 01/29 15:46:01 Job executing on host: <155.230.21.89:9618?addrs=155.230.21.89-9618&noUDP&sock=1545_51e9_37>
...
006 (339718.401.000) 01/29 15:46:08 Image size of job updated: 180236
	0  -  MemoryUsage of job (MB)
	0  -  ResidentSetSize of job (KB)
...
005 (339718.401.000) 01/29 15:46:08 Job terminated.
	(1) Normal termination (return value 1)
		Usr 0 00:00:05, Sys 0 00:00:00  -  Run Remote Usage
		Usr 0 00:00:00, Sys 0 00:00:00  -  Run Local Usage
		Usr 0 00:00:05, Sys 0 00:00:00  -  Total Remote Usage
		Usr 0 00:00:00, Sys 0 00:00:00  -  Total Local Usage
	1691  -  Run Bytes Sent By Job
	10651  -  Run Bytes Received By Job
	1691  -  Total Bytes Sent By Job
	10651  -  Total Bytes Received By Job
	Partitionable Resources :    Usage  Request Allocated 
	   Cpus                 :        0        1         1 
	   Disk (KB)            :       29  2048000   3799629 
	   Memory (MB)          :        0     2000      2000 
...
000 (339719.401.000) 01/29 15:52:32 Job submitted from host: <155.230.23.72:9618?addrs=155.230.23.72-9618&noUDP&sock=882541_4c40_3>
...
009 (339719.401.000) 01/29 15:54:51 Job was aborted by the user.
	via condor_rm (by user choij)
...
000 (339720.401.000) 01/29 15:56:41 Job submitted from host: <155.230.23.72:9618?addrs=155.230.23.72-9618&noUDP&sock=882541_4c40_3>
...
001 (339720.401.000) 01/29 16:02:57 Job executing on host: <155.230.21.91:9618?addrs=155.230.21.91-9618&noUDP&sock=17349_8ca8_47>
...
006 (339720.401.000) 01/29 16:03:06 Image size of job updated: 286288
	208  -  MemoryUsage of job (MB)
	212160  -  ResidentSetSize of job (KB)
...
006 (339720.401.000) 01/29 16:03:20 Image size of job updated: 309492
	208  -  MemoryUsage of job (MB)
	212160  -  ResidentSetSize of job (KB)
...
005 (339720.401.000) 01/29 16:03:20 Job terminated.
	(1) Normal termination (return value 0)
		Usr 0 00:00:10, Sys 0 00:00:02  -  Run Remote Usage
		Usr 0 00:00:00, Sys 0 00:00:00  -  Run Local Usage
		Usr 0 00:00:10, Sys 0 00:00:02  -  Total Remote Usage
		Usr 0 00:00:00, Sys 0 00:00:00  -  Total Local Usage
	728  -  Run Bytes Sent By Job
	10696  -  Run Bytes Received By Job
	728  -  Total Bytes Sent By Job
	10696  -  Total Bytes Received By Job
	Partitionable Resources :    Usage  Request Allocated 
	   Cpus                 :     0.49        1         1 
	   Disk (KB)            :    29     2048000   3781328 
	   Memory (MB)          :   208        2000      2000 
...
