000 (47440.062.000) 12/19 19:07:28 Job submitted from host: <155.230.20.251:9618?addrs=155.230.20.251-9618&noUDP&sock=930313_ea96_3>
...
001 (47440.062.000) 12/19 19:54:30 Job executing on host: <155.230.21.120:9618?addrs=155.230.21.120-9618&noUDP&sock=13477_adf4_3>
...
006 (47440.062.000) 12/19 19:54:38 Image size of job updated: 284956
	208  -  MemoryUsage of job (MB)
	212584  -  ResidentSetSize of job (KB)
...
006 (47440.062.000) 12/19 19:54:45 Image size of job updated: 316052
	208  -  MemoryUsage of job (MB)
	212588  -  ResidentSetSize of job (KB)
...
005 (47440.062.000) 12/19 19:54:45 Job terminated.
	(1) Normal termination (return value 0)
		Usr 0 00:00:12, Sys 0 00:00:01  -  Run Remote Usage
		Usr 0 00:00:00, Sys 0 00:00:00  -  Run Local Usage
		Usr 0 00:00:12, Sys 0 00:00:01  -  Total Remote Usage
		Usr 0 00:00:00, Sys 0 00:00:00  -  Total Local Usage
	554  -  Run Bytes Sent By Job
	10413  -  Run Bytes Received By Job
	554  -  Total Bytes Sent By Job
	10413  -  Total Bytes Received By Job
	Partitionable Resources :    Usage  Request Allocated 
	   Cpus                 :     0.04        1         1 
	   Disk (KB)            :    28     2048000   3663831 
	   Memory (MB)          :   208        2000      2000 
...
000 (339717.062.000) 01/29 15:38:00 Job submitted from host: <155.230.23.72:9618?addrs=155.230.23.72-9618&noUDP&sock=882541_4c40_3>
...
009 (339717.062.000) 01/29 15:38:24 Job was aborted by the user.
	via condor_rm (by user choij)
...
000 (339718.062.000) 01/29 15:39:25 Job submitted from host: <155.230.23.72:9618?addrs=155.230.23.72-9618&noUDP&sock=882541_4c40_3>
...
001 (339718.062.000) 01/29 15:39:51 Job executing on host: <155.230.21.34:9618?addrs=155.230.21.34-9618&noUDP&sock=3883_fe56_3>
...
006 (339718.062.000) 01/29 15:39:59 Image size of job updated: 124228
	69  -  MemoryUsage of job (MB)
	69724  -  ResidentSetSize of job (KB)
...
006 (339718.062.000) 01/29 15:40:12 Image size of job updated: 293164
	69  -  MemoryUsage of job (MB)
	69756  -  ResidentSetSize of job (KB)
...
005 (339718.062.000) 01/29 15:40:12 Job terminated.
	(1) Normal termination (return value 1)
		Usr 0 00:00:10, Sys 0 00:00:01  -  Run Remote Usage
		Usr 0 00:00:00, Sys 0 00:00:00  -  Run Local Usage
		Usr 0 00:00:10, Sys 0 00:00:01  -  Total Remote Usage
		Usr 0 00:00:00, Sys 0 00:00:00  -  Total Local Usage
	1689  -  Run Bytes Sent By Job
	10651  -  Run Bytes Received By Job
	1689  -  Total Bytes Sent By Job
	10651  -  Total Bytes Received By Job
	Partitionable Resources :    Usage  Request Allocated 
	   Cpus                 :        0        1         1 
	   Disk (KB)            :       29  2048000   3677810 
	   Memory (MB)          :       69     2000      2000 
...
000 (339719.062.000) 01/29 15:52:31 Job submitted from host: <155.230.23.72:9618?addrs=155.230.23.72-9618&noUDP&sock=882541_4c40_3>
...
001 (339719.062.000) 01/29 15:52:59 Job executing on host: <155.230.21.38:9618?addrs=155.230.21.38-9618&noUDP&sock=22636_fddf_3>
...
006 (339719.062.000) 01/29 15:53:07 Image size of job updated: 119840
	68  -  MemoryUsage of job (MB)
	68688  -  ResidentSetSize of job (KB)
...
006 (339719.062.000) 01/29 15:53:21 Image size of job updated: 292872
	68  -  MemoryUsage of job (MB)
	68716  -  ResidentSetSize of job (KB)
...
005 (339719.062.000) 01/29 15:53:21 Job terminated.
	(1) Normal termination (return value 0)
		Usr 0 00:00:10, Sys 0 00:00:02  -  Run Remote Usage
		Usr 0 00:00:00, Sys 0 00:00:00  -  Run Local Usage
		Usr 0 00:00:10, Sys 0 00:00:02  -  Total Remote Usage
		Usr 0 00:00:00, Sys 0 00:00:00  -  Total Local Usage
	788  -  Run Bytes Sent By Job
	10707  -  Run Bytes Received By Job
	788  -  Total Bytes Sent By Job
	10707  -  Total Bytes Received By Job
	Partitionable Resources :    Usage  Request Allocated 
	   Cpus                 :     0.03        1         1 
	   Disk (KB)            :    28     2048000   3666180 
	   Memory (MB)          :    68        2000      2000 
...
000 (339720.062.000) 01/29 15:56:41 Job submitted from host: <155.230.23.72:9618?addrs=155.230.23.72-9618&noUDP&sock=882541_4c40_3>
...
001 (339720.062.000) 01/29 15:57:46 Job executing on host: <155.230.21.41:9618?addrs=155.230.21.41-9618&noUDP&sock=24346_e8d2_3>
...
006 (339720.062.000) 01/29 15:57:54 Image size of job updated: 150540
	89  -  MemoryUsage of job (MB)
	90724  -  ResidentSetSize of job (KB)
...
006 (339720.062.000) 01/29 15:58:23 Image size of job updated: 1539320
	89  -  MemoryUsage of job (MB)
	90872  -  ResidentSetSize of job (KB)
...
005 (339720.062.000) 01/29 15:58:23 Job terminated.
	(1) Normal termination (return value 0)
		Usr 0 00:00:18, Sys 0 00:00:02  -  Run Remote Usage
		Usr 0 00:00:00, Sys 0 00:00:00  -  Run Local Usage
		Usr 0 00:00:18, Sys 0 00:00:02  -  Total Remote Usage
		Usr 0 00:00:00, Sys 0 00:00:00  -  Total Local Usage
	992  -  Run Bytes Sent By Job
	10696  -  Run Bytes Received By Job
	992  -  Total Bytes Sent By Job
	10696  -  Total Bytes Received By Job
	Partitionable Resources :    Usage  Request Allocated 
	   Cpus                 :     0.69        1         1 
	   Disk (KB)            :    29     2048000   3653325 
	   Memory (MB)          :    89        2000      2000 
...
