000 (47440.165.000) 12/19 19:07:28 Job submitted from host: <155.230.20.251:9618?addrs=155.230.20.251-9618&noUDP&sock=930313_ea96_3>
...
001 (47440.165.000) 12/19 19:57:29 Job executing on host: <155.230.21.35:9618?addrs=155.230.21.35-9618&noUDP&sock=11940_6ce3_3>
...
006 (47440.165.000) 12/19 19:57:37 Image size of job updated: 116720
	65  -  MemoryUsage of job (MB)
	66512  -  ResidentSetSize of job (KB)
...
006 (47440.165.000) 12/19 19:58:04 Image size of job updated: 334948
	66  -  MemoryUsage of job (MB)
	66576  -  ResidentSetSize of job (KB)
...
005 (47440.165.000) 12/19 19:58:04 Job terminated.
	(1) Normal termination (return value 0)
		Usr 0 00:00:17, Sys 0 00:00:02  -  Run Remote Usage
		Usr 0 00:00:00, Sys 0 00:00:00  -  Run Local Usage
		Usr 0 00:00:17, Sys 0 00:00:02  -  Total Remote Usage
		Usr 0 00:00:00, Sys 0 00:00:00  -  Total Local Usage
	554  -  Run Bytes Sent By Job
	10413  -  Run Bytes Received By Job
	554  -  Total Bytes Sent By Job
	10413  -  Total Bytes Received By Job
	Partitionable Resources :    Usage  Request Allocated 
	   Cpus                 :     0.04        1         1 
	   Disk (KB)            :    28     2048000   3689027 
	   Memory (MB)          :    66        2000      2000 
...
