000 (47440.811.000) 12/19 19:07:31 Job submitted from host: <155.230.20.251:9618?addrs=155.230.20.251-9618&noUDP&sock=930313_ea96_3>
...
001 (47440.811.000) 12/19 20:11:23 Job executing on host: <155.230.21.79:9618?addrs=155.230.21.79-9618&noUDP&sock=27572_ad58_3>
...
006 (47440.811.000) 12/19 20:11:31 Image size of job updated: 55000
	20  -  MemoryUsage of job (MB)
	19524  -  ResidentSetSize of job (KB)
...
006 (47440.811.000) 12/19 20:11:52 Image size of job updated: 348812
	20  -  MemoryUsage of job (MB)
	19524  -  ResidentSetSize of job (KB)
...
005 (47440.811.000) 12/19 20:11:52 Job terminated.
	(1) Normal termination (return value 0)
		Usr 0 00:00:09, Sys 0 00:00:00  -  Run Remote Usage
		Usr 0 00:00:00, Sys 0 00:00:00  -  Run Local Usage
		Usr 0 00:00:09, Sys 0 00:00:00  -  Total Remote Usage
		Usr 0 00:00:00, Sys 0 00:00:00  -  Total Local Usage
	554  -  Run Bytes Sent By Job
	10413  -  Run Bytes Received By Job
	554  -  Total Bytes Sent By Job
	10413  -  Total Bytes Received By Job
	Partitionable Resources :    Usage  Request Allocated 
	   Cpus                 :     0.02        1         1 
	   Disk (KB)            :    28     2048000   3710117 
	   Memory (MB)          :    20        2000      2000 
...
