000 (47440.119.000) 12/19 19:07:28 Job submitted from host: <155.230.20.251:9618?addrs=155.230.20.251-9618&noUDP&sock=930313_ea96_3>
...
001 (47440.119.000) 12/19 19:55:36 Job executing on host: <155.230.21.126:9618?addrs=155.230.21.126-9618&noUDP&sock=27949_448d_3>
...
006 (47440.119.000) 12/19 19:55:45 Image size of job updated: 317248
	236  -  MemoryUsage of job (MB)
	241012  -  ResidentSetSize of job (KB)
...
006 (47440.119.000) 12/19 19:55:48 Image size of job updated: 343272
	236  -  MemoryUsage of job (MB)
	241012  -  ResidentSetSize of job (KB)
...
005 (47440.119.000) 12/19 19:55:48 Job terminated.
	(1) Normal termination (return value 0)
		Usr 0 00:00:10, Sys 0 00:00:00  -  Run Remote Usage
		Usr 0 00:00:00, Sys 0 00:00:00  -  Run Local Usage
		Usr 0 00:00:10, Sys 0 00:00:00  -  Total Remote Usage
		Usr 0 00:00:00, Sys 0 00:00:00  -  Total Local Usage
	554  -  Run Bytes Sent By Job
	10413  -  Run Bytes Received By Job
	554  -  Total Bytes Sent By Job
	10413  -  Total Bytes Received By Job
	Partitionable Resources :    Usage  Request Allocated 
	   Cpus                 :     0.02        1         1 
	   Disk (KB)            :    28     2048000   3652507 
	   Memory (MB)          :   236        2000      2000 
...
000 (339717.119.000) 01/29 15:38:01 Job submitted from host: <155.230.23.72:9618?addrs=155.230.23.72-9618&noUDP&sock=882541_4c40_3>
...
009 (339717.119.000) 01/29 15:38:25 Job was aborted by the user.
	via condor_rm (by user choij)
...
000 (339718.119.000) 01/29 15:39:25 Job submitted from host: <155.230.23.72:9618?addrs=155.230.23.72-9618&noUDP&sock=882541_4c40_3>
...
001 (339718.119.000) 01/29 15:41:05 Job executing on host: <155.230.21.99:9618?addrs=155.230.21.99-9618+[2407-c000-c024-0-e2cb-4eff-fe53-cf0f]-9618&noUDP&sock=8708_8acc_3>
...
006 (339718.119.000) 01/29 15:41:13 Image size of job updated: 218628
	146  -  MemoryUsage of job (MB)
	149216  -  ResidentSetSize of job (KB)
...
006 (339718.119.000) 01/29 15:41:17 Image size of job updated: 218628
	146  -  MemoryUsage of job (MB)
	149220  -  ResidentSetSize of job (KB)
...
005 (339718.119.000) 01/29 15:41:17 Job terminated.
	(1) Normal termination (return value 1)
		Usr 0 00:00:08, Sys 0 00:00:01  -  Run Remote Usage
		Usr 0 00:00:00, Sys 0 00:00:00  -  Run Local Usage
		Usr 0 00:00:08, Sys 0 00:00:01  -  Total Remote Usage
		Usr 0 00:00:00, Sys 0 00:00:00  -  Total Local Usage
	1691  -  Run Bytes Sent By Job
	10651  -  Run Bytes Received By Job
	1691  -  Total Bytes Sent By Job
	10651  -  Total Bytes Received By Job
	Partitionable Resources :    Usage  Request Allocated 
	   Cpus                 :        0        1         1 
	   Disk (KB)            :       30  2048000   3786677 
	   Memory (MB)          :      146     2000      2000 
...
000 (339719.119.000) 01/29 15:52:31 Job submitted from host: <155.230.23.72:9618?addrs=155.230.23.72-9618&noUDP&sock=882541_4c40_3>
...
001 (339719.119.000) 01/29 15:53:59 Job executing on host: <155.230.21.98:9618?addrs=155.230.21.98-9618&noUDP&sock=16526_0a37_47>
...
006 (339719.119.000) 01/29 15:54:07 Image size of job updated: 231684
	161  -  MemoryUsage of job (MB)
	164128  -  ResidentSetSize of job (KB)
...
006 (339719.119.000) 01/29 15:54:14 Image size of job updated: 294020
	161  -  MemoryUsage of job (MB)
	164176  -  ResidentSetSize of job (KB)
...
005 (339719.119.000) 01/29 15:54:14 Job terminated.
	(1) Normal termination (return value 0)
		Usr 0 00:00:08, Sys 0 00:00:02  -  Run Remote Usage
		Usr 0 00:00:00, Sys 0 00:00:00  -  Run Local Usage
		Usr 0 00:00:08, Sys 0 00:00:02  -  Total Remote Usage
		Usr 0 00:00:00, Sys 0 00:00:00  -  Total Local Usage
	523  -  Run Bytes Sent By Job
	10707  -  Run Bytes Received By Job
	523  -  Total Bytes Sent By Job
	10707  -  Total Bytes Received By Job
	Partitionable Resources :    Usage  Request Allocated 
	   Cpus                 :        0        1         1 
	   Disk (KB)            :       28  2048000   3783431 
	   Memory (MB)          :      161     2000      2000 
...
000 (339720.119.000) 01/29 15:56:41 Job submitted from host: <155.230.23.72:9618?addrs=155.230.23.72-9618&noUDP&sock=882541_4c40_3>
...
001 (339720.119.000) 01/29 15:58:24 Job executing on host: <155.230.21.43:9618?addrs=155.230.21.43-9618+[2407-c000-c024-0-226-18ff-fe94-3c21]-9618&noUDP&sock=1286_aae2_3>
...
006 (339720.119.000) 01/29 15:58:32 Image size of job updated: 139084
	82  -  MemoryUsage of job (MB)
	83404  -  ResidentSetSize of job (KB)
...
006 (339720.119.000) 01/29 15:59:23 Image size of job updated: 309904
	82  -  MemoryUsage of job (MB)
	83412  -  ResidentSetSize of job (KB)
...
005 (339720.119.000) 01/29 15:59:23 Job terminated.
	(1) Normal termination (return value 0)
		Usr 0 00:00:17, Sys 0 00:00:02  -  Run Remote Usage
		Usr 0 00:00:00, Sys 0 00:00:00  -  Run Local Usage
		Usr 0 00:00:17, Sys 0 00:00:02  -  Total Remote Usage
		Usr 0 00:00:00, Sys 0 00:00:00  -  Total Local Usage
	994  -  Run Bytes Sent By Job
	10696  -  Run Bytes Received By Job
	994  -  Total Bytes Sent By Job
	10696  -  Total Bytes Received By Job
	Partitionable Resources :    Usage  Request Allocated 
	   Cpus                 :     0.10        1         1 
	   Disk (KB)            :    29     2048000   3905052 
	   Memory (MB)          :    82        2000      2000 
...
