000 (47440.496.000) 12/19 19:07:30 Job submitted from host: <155.230.20.251:9618?addrs=155.230.20.251-9618&noUDP&sock=930313_ea96_3>
...
001 (47440.496.000) 12/19 20:04:23 Job executing on host: <155.230.21.79:9618?addrs=155.230.21.79-9618&noUDP&sock=27572_ad58_3>
...
006 (47440.496.000) 12/19 20:04:31 Image size of job updated: 253216
	181  -  MemoryUsage of job (MB)
	184892  -  ResidentSetSize of job (KB)
...
006 (47440.496.000) 12/19 20:04:38 Image size of job updated: 313144
	181  -  MemoryUsage of job (MB)
	184892  -  ResidentSetSize of job (KB)
...
005 (47440.496.000) 12/19 20:04:38 Job terminated.
	(1) Normal termination (return value 0)
		Usr 0 00:00:09, Sys 0 00:00:00  -  Run Remote Usage
		Usr 0 00:00:00, Sys 0 00:00:00  -  Run Local Usage
		Usr 0 00:00:09, Sys 0 00:00:00  -  Total Remote Usage
		Usr 0 00:00:00, Sys 0 00:00:00  -  Total Local Usage
	554  -  Run Bytes Sent By Job
	10413  -  Run Bytes Received By Job
	554  -  Total Bytes Sent By Job
	10413  -  Total Bytes Received By Job
	Partitionable Resources :    Usage  Request Allocated 
	   Cpus                 :     0.02        1         1 
	   Disk (KB)            :    28     2048000   3710117 
	   Memory (MB)          :   181        2000      2000 
...
000 (339717.496.000) 01/29 15:38:01 Job submitted from host: <155.230.23.72:9618?addrs=155.230.23.72-9618&noUDP&sock=882541_4c40_3>
...
009 (339717.496.000) 01/29 15:38:26 Job was aborted by the user.
	via condor_rm (by user choij)
...
000 (339718.496.000) 01/29 15:39:26 Job submitted from host: <155.230.23.72:9618?addrs=155.230.23.72-9618&noUDP&sock=882541_4c40_3>
...
001 (339718.496.000) 01/29 15:47:55 Job executing on host: <155.230.21.92:9618?addrs=155.230.21.92-9618&noUDP&sock=30767_2e6f_50>
...
006 (339718.496.000) 01/29 15:47:58 Image size of job updated: 136972
	73  -  MemoryUsage of job (MB)
	73852  -  ResidentSetSize of job (KB)
...
004 (339718.496.000) 01/29 15:47:59 Job was evicted.
	(0) Job was not checkpointed.
		Usr 0 00:00:01, Sys 0 00:00:00  -  Run Remote Usage
		Usr 0 00:00:00, Sys 0 00:00:00  -  Run Local Usage
	360  -  Run Bytes Sent By Job
	10651  -  Run Bytes Received By Job
	Partitionable Resources :    Usage  Request Allocated 
	   Cpus                 :        0        1         1 
	   Disk (KB)            :       28  2048000   3842821 
	   Memory (MB)          :       73     2000      2000 
...
009 (339718.496.000) 01/29 15:47:59 Job was aborted by the user.
	via condor_rm (by user choij)
...
000 (339719.496.000) 01/29 15:52:32 Job submitted from host: <155.230.23.72:9618?addrs=155.230.23.72-9618&noUDP&sock=882541_4c40_3>
...
009 (339719.496.000) 01/29 15:54:51 Job was aborted by the user.
	via condor_rm (by user choij)
...
000 (339720.496.000) 01/29 15:56:41 Job submitted from host: <155.230.23.72:9618?addrs=155.230.23.72-9618&noUDP&sock=882541_4c40_3>
...
001 (339720.496.000) 01/29 16:03:42 Job executing on host: <155.230.21.80:9618?addrs=155.230.21.80-9618+[2407-c000-c024-0-beae-c5ff-fe56-7fcc]-9618&noUDP&sock=26090_25fd_3>
...
006 (339720.496.000) 01/29 16:03:51 Image size of job updated: 315640
	234  -  MemoryUsage of job (MB)
	239060  -  ResidentSetSize of job (KB)
...
005 (339720.496.000) 01/29 16:03:55 Job terminated.
	(1) Normal termination (return value 0)
		Usr 0 00:00:10, Sys 0 00:00:02  -  Run Remote Usage
		Usr 0 00:00:00, Sys 0 00:00:00  -  Run Local Usage
		Usr 0 00:00:10, Sys 0 00:00:02  -  Total Remote Usage
		Usr 0 00:00:00, Sys 0 00:00:00  -  Total Local Usage
	994  -  Run Bytes Sent By Job
	10696  -  Run Bytes Received By Job
	994  -  Total Bytes Sent By Job
	10696  -  Total Bytes Received By Job
	Partitionable Resources :    Usage  Request Allocated 
	   Cpus                 :                 1         1 
	   Disk (KB)            :       23  2048000  19197079 
	   Memory (MB)          :      234     2000      2000 
...
