000 (47440.023.000) 12/19 19:07:28 Job submitted from host: <155.230.20.251:9618?addrs=155.230.20.251-9618&noUDP&sock=930313_ea96_3>
...
001 (47440.023.000) 12/19 19:53:32 Job executing on host: <155.230.21.122:9618?addrs=155.230.21.122-9618&noUDP&sock=8358_78a6_3>
...
006 (47440.023.000) 12/19 19:53:41 Image size of job updated: 290592
	212  -  MemoryUsage of job (MB)
	216864  -  ResidentSetSize of job (KB)
...
006 (47440.023.000) 12/19 19:53:48 Image size of job updated: 350920
	212  -  MemoryUsage of job (MB)
	216864  -  ResidentSetSize of job (KB)
...
005 (47440.023.000) 12/19 19:53:48 Job terminated.
	(1) Normal termination (return value 0)
		Usr 0 00:00:13, Sys 0 00:00:01  -  Run Remote Usage
		Usr 0 00:00:00, Sys 0 00:00:00  -  Run Local Usage
		Usr 0 00:00:13, Sys 0 00:00:01  -  Total Remote Usage
		Usr 0 00:00:00, Sys 0 00:00:00  -  Total Local Usage
	554  -  Run Bytes Sent By Job
	10413  -  Run Bytes Received By Job
	554  -  Total Bytes Sent By Job
	10413  -  Total Bytes Received By Job
	Partitionable Resources :    Usage  Request Allocated 
	   Cpus                 :        0        1         1 
	   Disk (KB)            :       28  2048000   3709702 
	   Memory (MB)          :      212     2000      2000 
...
000 (336703.023.000) 01/28 15:25:46 Job submitted from host: <155.230.23.72:9618?addrs=155.230.23.72-9618&noUDP&sock=882541_4c40_3>
...
001 (336703.023.000) 01/28 15:25:55 Job executing on host: <155.230.21.111:9618?addrs=155.230.21.111-9618&noUDP&sock=14468_6c4e_47>
...
006 (336703.023.000) 01/28 15:26:03 Image size of job updated: 74776
	35  -  MemoryUsage of job (MB)
	35068  -  ResidentSetSize of job (KB)
...
006 (336703.023.000) 01/28 15:29:27 Image size of job updated: 1451652
	35  -  MemoryUsage of job (MB)
	35164  -  ResidentSetSize of job (KB)
...
005 (336703.023.000) 01/28 15:29:27 Job terminated.
	(1) Normal termination (return value 0)
		Usr 0 00:03:01, Sys 0 00:00:13  -  Run Remote Usage
		Usr 0 00:00:00, Sys 0 00:00:00  -  Run Local Usage
		Usr 0 00:03:01, Sys 0 00:00:13  -  Total Remote Usage
		Usr 0 00:00:00, Sys 0 00:00:00  -  Total Local Usage
	747  -  Run Bytes Sent By Job
	10577  -  Run Bytes Received By Job
	747  -  Total Bytes Sent By Job
	10577  -  Total Bytes Received By Job
	Partitionable Resources :    Usage  Request Allocated 
	   Cpus                 :     1.00        1         1 
	   Disk (KB)            :    28     2048000   3784693 
	   Memory (MB)          :    35        2000      2000 
...
000 (339712.023.000) 01/29 14:36:17 Job submitted from host: <155.230.23.72:9618?addrs=155.230.23.72-9618&noUDP&sock=882541_4c40_3>
...
001 (339712.023.000) 01/29 14:36:40 Job executing on host: <155.230.21.90:9618?addrs=155.230.21.90-9618&noUDP&sock=1536_258f_37>
...
006 (339712.023.000) 01/29 14:36:48 Image size of job updated: 90048
	57  -  MemoryUsage of job (MB)
	58184  -  ResidentSetSize of job (KB)
...
006 (339712.023.000) 01/29 14:39:41 Image size of job updated: 334364
	57  -  MemoryUsage of job (MB)
	58280  -  ResidentSetSize of job (KB)
...
005 (339712.023.000) 01/29 14:39:41 Job terminated.
	(1) Normal termination (return value 0)
		Usr 0 00:02:31, Sys 0 00:00:12  -  Run Remote Usage
		Usr 0 00:00:00, Sys 0 00:00:00  -  Run Local Usage
		Usr 0 00:02:31, Sys 0 00:00:12  -  Total Remote Usage
		Usr 0 00:00:00, Sys 0 00:00:00  -  Total Local Usage
	747  -  Run Bytes Sent By Job
	10553  -  Run Bytes Received By Job
	747  -  Total Bytes Sent By Job
	10553  -  Total Bytes Received By Job
	Partitionable Resources :    Usage  Request Allocated 
	   Cpus                 :     1.00        1         1 
	   Disk (KB)            :    28     2048000   3794435 
	   Memory (MB)          :    57        2000      2000 
...
000 (339716.023.000) 01/29 15:15:50 Job submitted from host: <155.230.23.72:9618?addrs=155.230.23.72-9618&noUDP&sock=882541_4c40_3>
...
001 (339716.023.000) 01/29 15:16:16 Job executing on host: <155.230.21.86:9618?addrs=155.230.21.86-9618&noUDP&sock=20085_37c6_47>
...
006 (339716.023.000) 01/29 15:16:24 Image size of job updated: 174152
	108  -  MemoryUsage of job (MB)
	110492  -  ResidentSetSize of job (KB)
...
006 (339716.023.000) 01/29 15:19:12 Image size of job updated: 322968
	108  -  MemoryUsage of job (MB)
	110500  -  ResidentSetSize of job (KB)
...
005 (339716.023.000) 01/29 15:19:12 Job terminated.
	(1) Normal termination (return value 0)
		Usr 0 00:02:32, Sys 0 00:00:12  -  Run Remote Usage
		Usr 0 00:00:00, Sys 0 00:00:00  -  Run Local Usage
		Usr 0 00:02:32, Sys 0 00:00:12  -  Total Remote Usage
		Usr 0 00:00:00, Sys 0 00:00:00  -  Total Local Usage
	747  -  Run Bytes Sent By Job
	10553  -  Run Bytes Received By Job
	747  -  Total Bytes Sent By Job
	10553  -  Total Bytes Received By Job
	Partitionable Resources :    Usage  Request Allocated 
	   Cpus                 :     1.00        1         1 
	   Disk (KB)            :    28     2048000   3827117 
	   Memory (MB)          :   108        2000      2000 
...
000 (339717.023.000) 01/29 15:38:00 Job submitted from host: <155.230.23.72:9618?addrs=155.230.23.72-9618&noUDP&sock=882541_4c40_3>
...
001 (339717.023.000) 01/29 15:38:07 Job executing on host: <155.230.21.111:9618?addrs=155.230.21.111-9618&noUDP&sock=14468_6c4e_47>
...
006 (339717.023.000) 01/29 15:38:15 Image size of job updated: 229224
	158  -  MemoryUsage of job (MB)
	161056  -  ResidentSetSize of job (KB)
...
006 (339717.023.000) 01/29 15:38:18 Image size of job updated: 264748
	158  -  MemoryUsage of job (MB)
	161056  -  ResidentSetSize of job (KB)
...
005 (339717.023.000) 01/29 15:38:18 Job terminated.
	(1) Normal termination (return value 1)
		Usr 0 00:00:06, Sys 0 00:00:01  -  Run Remote Usage
		Usr 0 00:00:00, Sys 0 00:00:00  -  Run Local Usage
		Usr 0 00:00:06, Sys 0 00:00:01  -  Total Remote Usage
		Usr 0 00:00:00, Sys 0 00:00:00  -  Total Local Usage
	1689  -  Run Bytes Sent By Job
	10651  -  Run Bytes Received By Job
	1689  -  Total Bytes Sent By Job
	10651  -  Total Bytes Received By Job
	Partitionable Resources :    Usage  Request Allocated 
	   Cpus                 :        0        1         1 
	   Disk (KB)            :       29  2048000   3784693 
	   Memory (MB)          :      158     2000      2000 
...
000 (339718.023.000) 01/29 15:39:25 Job submitted from host: <155.230.23.72:9618?addrs=155.230.23.72-9618&noUDP&sock=882541_4c40_3>
...
001 (339718.023.000) 01/29 15:39:33 Job executing on host: <155.230.21.111:9618?addrs=155.230.21.111-9618&noUDP&sock=14468_6c4e_47>
...
006 (339718.023.000) 01/29 15:39:42 Image size of job updated: 140684
	0  -  MemoryUsage of job (MB)
	0  -  ResidentSetSize of job (KB)
...
005 (339718.023.000) 01/29 15:39:42 Job terminated.
	(1) Normal termination (return value 1)
		Usr 0 00:00:06, Sys 0 00:00:01  -  Run Remote Usage
		Usr 0 00:00:00, Sys 0 00:00:00  -  Run Local Usage
		Usr 0 00:00:06, Sys 0 00:00:01  -  Total Remote Usage
		Usr 0 00:00:00, Sys 0 00:00:00  -  Total Local Usage
	1689  -  Run Bytes Sent By Job
	10651  -  Run Bytes Received By Job
	1689  -  Total Bytes Sent By Job
	10651  -  Total Bytes Received By Job
	Partitionable Resources :    Usage  Request Allocated 
	   Cpus                 :        0        1         1 
	   Disk (KB)            :       29  2048000   3784693 
	   Memory (MB)          :        0     2000      2000 
...
000 (339719.023.000) 01/29 15:52:31 Job submitted from host: <155.230.23.72:9618?addrs=155.230.23.72-9618&noUDP&sock=882541_4c40_3>
...
001 (339719.023.000) 01/29 15:52:42 Job executing on host: <155.230.21.111:9618?addrs=155.230.21.111-9618&noUDP&sock=14468_6c4e_47>
...
006 (339719.023.000) 01/29 15:52:50 Image size of job updated: 289164
	211  -  MemoryUsage of job (MB)
	215640  -  ResidentSetSize of job (KB)
...
006 (339719.023.000) 01/29 15:52:53 Image size of job updated: 294200
	211  -  MemoryUsage of job (MB)
	215644  -  ResidentSetSize of job (KB)
...
005 (339719.023.000) 01/29 15:52:53 Job terminated.
	(1) Normal termination (return value 0)
		Usr 0 00:00:06, Sys 0 00:00:01  -  Run Remote Usage
		Usr 0 00:00:00, Sys 0 00:00:00  -  Run Local Usage
		Usr 0 00:00:06, Sys 0 00:00:01  -  Total Remote Usage
		Usr 0 00:00:00, Sys 0 00:00:00  -  Total Local Usage
	785  -  Run Bytes Sent By Job
	10707  -  Run Bytes Received By Job
	785  -  Total Bytes Sent By Job
	10707  -  Total Bytes Received By Job
	Partitionable Resources :    Usage  Request Allocated 
	   Cpus                 :        0        1         1 
	   Disk (KB)            :       28  2048000   3784693 
	   Memory (MB)          :      211     2000      2000 
...
000 (339720.023.000) 01/29 15:56:41 Job submitted from host: <155.230.23.72:9618?addrs=155.230.23.72-9618&noUDP&sock=882541_4c40_3>
...
001 (339720.023.000) 01/29 15:56:53 Job executing on host: <155.230.21.111:9618?addrs=155.230.21.111-9618&noUDP&sock=14468_6c4e_47>
...
006 (339720.023.000) 01/29 15:57:02 Image size of job updated: 291448
	212  -  MemoryUsage of job (MB)
	216272  -  ResidentSetSize of job (KB)
...
006 (339720.023.000) 01/29 15:57:09 Image size of job updated: 334476
	212  -  MemoryUsage of job (MB)
	216276  -  ResidentSetSize of job (KB)
...
005 (339720.023.000) 01/29 15:57:09 Job terminated.
	(1) Normal termination (return value 0)
		Usr 0 00:00:11, Sys 0 00:00:02  -  Run Remote Usage
		Usr 0 00:00:00, Sys 0 00:00:00  -  Run Local Usage
		Usr 0 00:00:11, Sys 0 00:00:02  -  Total Remote Usage
		Usr 0 00:00:00, Sys 0 00:00:00  -  Total Local Usage
	989  -  Run Bytes Sent By Job
	10696  -  Run Bytes Received By Job
	989  -  Total Bytes Sent By Job
	10696  -  Total Bytes Received By Job
	Partitionable Resources :    Usage  Request Allocated 
	   Cpus                 :        0        1         1 
	   Disk (KB)            :       29  2048000   3784693 
	   Memory (MB)          :      212     2000      2000 
...
