000 (47440.011.000) 12/19 19:07:28 Job submitted from host: <155.230.20.251:9618?addrs=155.230.20.251-9618&noUDP&sock=930313_ea96_3>
...
001 (47440.011.000) 12/19 19:53:27 Job executing on host: <155.230.21.91:9618?addrs=155.230.21.91-9618&noUDP&sock=17349_8ca8_3>
...
006 (47440.011.000) 12/19 19:53:35 Image size of job updated: 316864
	236  -  MemoryUsage of job (MB)
	240756  -  ResidentSetSize of job (KB)
...
006 (47440.011.000) 12/19 19:53:40 Image size of job updated: 348600
	236  -  MemoryUsage of job (MB)
	240756  -  ResidentSetSize of job (KB)
...
005 (47440.011.000) 12/19 19:53:41 Job terminated.
	(1) Normal termination (return value 0)
		Usr 0 00:00:09, Sys 0 00:00:00  -  Run Remote Usage
		Usr 0 00:00:00, Sys 0 00:00:00  -  Run Local Usage
		Usr 0 00:00:09, Sys 0 00:00:00  -  Total Remote Usage
		Usr 0 00:00:00, Sys 0 00:00:00  -  Total Local Usage
	554  -  Run Bytes Sent By Job
	10413  -  Run Bytes Received By Job
	554  -  Total Bytes Sent By Job
	10413  -  Total Bytes Received By Job
	Partitionable Resources :    Usage  Request Allocated 
	   Cpus                 :     0.02        1         1 
	   Disk (KB)            :    28     2048000   3710322 
	   Memory (MB)          :   236        2000      2000 
...
000 (336703.011.000) 01/28 15:25:45 Job submitted from host: <155.230.23.72:9618?addrs=155.230.23.72-9618&noUDP&sock=882541_4c40_3>
...
001 (336703.011.000) 01/28 15:25:51 Job executing on host: <155.230.21.35:9618?addrs=155.230.21.35-9618&noUDP&sock=11940_6ce3_3>
...
006 (336703.011.000) 01/28 15:25:59 Image size of job updated: 30264
	14  -  MemoryUsage of job (MB)
	13320  -  ResidentSetSize of job (KB)
...
006 (336703.011.000) 01/28 15:30:59 Image size of job updated: 334312
	252  -  MemoryUsage of job (MB)
	257036  -  ResidentSetSize of job (KB)
...
005 (336703.011.000) 01/28 15:31:13 Job terminated.
	(1) Normal termination (return value 0)
		Usr 0 00:04:31, Sys 0 00:00:14  -  Run Remote Usage
		Usr 0 00:00:00, Sys 0 00:00:00  -  Run Local Usage
		Usr 0 00:04:31, Sys 0 00:00:14  -  Total Remote Usage
		Usr 0 00:00:00, Sys 0 00:00:00  -  Total Local Usage
	747  -  Run Bytes Sent By Job
	10577  -  Run Bytes Received By Job
	747  -  Total Bytes Sent By Job
	10577  -  Total Bytes Received By Job
	Partitionable Resources :    Usage  Request Allocated 
	   Cpus                 :     0.97        1         1 
	   Disk (KB)            :    28     2048000   3689027 
	   Memory (MB)          :   252        2000      2000 
...
000 (339712.011.000) 01/29 14:36:17 Job submitted from host: <155.230.23.72:9618?addrs=155.230.23.72-9618&noUDP&sock=882541_4c40_3>
...
001 (339712.011.000) 01/29 14:36:36 Job executing on host: <155.230.21.96:9618?addrs=155.230.21.96-9618&noUDP&sock=24703_c822_48>
...
006 (339712.011.000) 01/29 14:36:45 Image size of job updated: 75212
	35  -  MemoryUsage of job (MB)
	35412  -  ResidentSetSize of job (KB)
...
006 (339712.011.000) 01/29 14:40:51 Image size of job updated: 314288
	35  -  MemoryUsage of job (MB)
	35500  -  ResidentSetSize of job (KB)
...
005 (339712.011.000) 01/29 14:40:51 Job terminated.
	(1) Normal termination (return value 0)
		Usr 0 00:03:45, Sys 0 00:00:13  -  Run Remote Usage
		Usr 0 00:00:00, Sys 0 00:00:00  -  Run Local Usage
		Usr 0 00:03:45, Sys 0 00:00:13  -  Total Remote Usage
		Usr 0 00:00:00, Sys 0 00:00:00  -  Total Local Usage
	747  -  Run Bytes Sent By Job
	10553  -  Run Bytes Received By Job
	747  -  Total Bytes Sent By Job
	10553  -  Total Bytes Received By Job
	Partitionable Resources :    Usage  Request Allocated 
	   Cpus                 :     1.00        1         1 
	   Disk (KB)            :    28     2048000   3782840 
	   Memory (MB)          :    35        2000      2000 
...
000 (339716.011.000) 01/29 15:15:50 Job submitted from host: <155.230.23.72:9618?addrs=155.230.23.72-9618&noUDP&sock=882541_4c40_3>
...
001 (339716.011.000) 01/29 15:16:12 Job executing on host: <155.230.21.88:9618?addrs=155.230.21.88-9618&noUDP&sock=1537_d527_36>
...
006 (339716.011.000) 01/29 15:16:20 Image size of job updated: 270172
	194  -  MemoryUsage of job (MB)
	198152  -  ResidentSetSize of job (KB)
...
006 (339716.011.000) 01/29 15:19:00 Image size of job updated: 334920
	194  -  MemoryUsage of job (MB)
	198268  -  ResidentSetSize of job (KB)
...
005 (339716.011.000) 01/29 15:19:00 Job terminated.
	(1) Normal termination (return value 0)
		Usr 0 00:02:31, Sys 0 00:00:12  -  Run Remote Usage
		Usr 0 00:00:00, Sys 0 00:00:00  -  Run Local Usage
		Usr 0 00:02:31, Sys 0 00:00:12  -  Total Remote Usage
		Usr 0 00:00:00, Sys 0 00:00:00  -  Total Local Usage
	747  -  Run Bytes Sent By Job
	10553  -  Run Bytes Received By Job
	747  -  Total Bytes Sent By Job
	10553  -  Total Bytes Received By Job
	Partitionable Resources :    Usage  Request Allocated 
	   Cpus                 :     1.00        1         1 
	   Disk (KB)            :    28     2048000   3742428 
	   Memory (MB)          :   194        2000      2000 
...
000 (339717.011.000) 01/29 15:38:00 Job submitted from host: <155.230.23.72:9618?addrs=155.230.23.72-9618&noUDP&sock=882541_4c40_3>
...
001 (339717.011.000) 01/29 15:38:23 Job executing on host: <155.230.21.96:9618?addrs=155.230.21.96-9618&noUDP&sock=24703_c822_48>
...
006 (339717.011.000) 01/29 15:38:26 Image size of job updated: 2036
	1  -  MemoryUsage of job (MB)
	808  -  ResidentSetSize of job (KB)
...
004 (339717.011.000) 01/29 15:38:26 Job was evicted.
	(0) Job was not checkpointed.
		Usr 0 00:00:00, Sys 0 00:00:00  -  Run Remote Usage
		Usr 0 00:00:00, Sys 0 00:00:00  -  Run Local Usage
	4  -  Run Bytes Sent By Job
	10651  -  Run Bytes Received By Job
	Partitionable Resources :    Usage  Request Allocated 
	   Cpus                 :        0        1         1 
	   Disk (KB)            :       28  2048000   3782840 
	   Memory (MB)          :        1     2000      2000 
...
009 (339717.011.000) 01/29 15:38:26 Job was aborted by the user.
	via condor_rm (by user choij)
...
000 (339718.011.000) 01/29 15:39:25 Job submitted from host: <155.230.23.72:9618?addrs=155.230.23.72-9618&noUDP&sock=882541_4c40_3>
...
001 (339718.011.000) 01/29 15:39:30 Job executing on host: <155.230.21.34:9618?addrs=155.230.21.34-9618&noUDP&sock=3883_fe56_3>
...
006 (339718.011.000) 01/29 15:39:39 Image size of job updated: 141928
	78  -  MemoryUsage of job (MB)
	79176  -  ResidentSetSize of job (KB)
...
006 (339718.011.000) 01/29 15:39:50 Image size of job updated: 289636
	78  -  MemoryUsage of job (MB)
	79292  -  ResidentSetSize of job (KB)
...
005 (339718.011.000) 01/29 15:39:50 Job terminated.
	(1) Normal termination (return value 1)
		Usr 0 00:00:11, Sys 0 00:00:01  -  Run Remote Usage
		Usr 0 00:00:00, Sys 0 00:00:00  -  Run Local Usage
		Usr 0 00:00:11, Sys 0 00:00:01  -  Total Remote Usage
		Usr 0 00:00:00, Sys 0 00:00:00  -  Total Local Usage
	1689  -  Run Bytes Sent By Job
	10651  -  Run Bytes Received By Job
	1689  -  Total Bytes Sent By Job
	10651  -  Total Bytes Received By Job
	Partitionable Resources :    Usage  Request Allocated 
	   Cpus                 :        0        1         1 
	   Disk (KB)            :       30  2048000   3677810 
	   Memory (MB)          :       78     2000      2000 
...
000 (339719.011.000) 01/29 15:52:31 Job submitted from host: <155.230.23.72:9618?addrs=155.230.23.72-9618&noUDP&sock=882541_4c40_3>
...
001 (339719.011.000) 01/29 15:52:48 Job executing on host: <155.230.21.33:9618?addrs=155.230.21.33-9618&noUDP&sock=18775_aab5_3>
...
006 (339719.011.000) 01/29 15:52:56 Image size of job updated: 140488
	75  -  MemoryUsage of job (MB)
	76580  -  ResidentSetSize of job (KB)
...
006 (339719.011.000) 01/29 15:53:43 Image size of job updated: 239168
	75  -  MemoryUsage of job (MB)
	76580  -  ResidentSetSize of job (KB)
...
005 (339719.011.000) 01/29 15:53:44 Job terminated.
	(1) Normal termination (return value 0)
		Usr 0 00:00:11, Sys 0 00:00:03  -  Run Remote Usage
		Usr 0 00:00:00, Sys 0 00:00:00  -  Run Local Usage
		Usr 0 00:00:11, Sys 0 00:00:03  -  Total Remote Usage
		Usr 0 00:00:00, Sys 0 00:00:00  -  Total Local Usage
	703  -  Run Bytes Sent By Job
	10707  -  Run Bytes Received By Job
	703  -  Total Bytes Sent By Job
	10707  -  Total Bytes Received By Job
	Partitionable Resources :    Usage  Request Allocated 
	   Cpus                 :     0.05        1         1 
	   Disk (KB)            :    29     2048000   3679636 
	   Memory (MB)          :    75        2000      2000 
...
000 (339720.011.000) 01/29 15:56:41 Job submitted from host: <155.230.23.72:9618?addrs=155.230.23.72-9618&noUDP&sock=882541_4c40_3>
...
001 (339720.011.000) 01/29 15:56:49 Job executing on host: <155.230.21.33:9618?addrs=155.230.21.33-9618&noUDP&sock=18775_aab5_3>
...
006 (339720.011.000) 01/29 15:56:57 Image size of job updated: 135704
	70  -  MemoryUsage of job (MB)
	71404  -  ResidentSetSize of job (KB)
...
006 (339720.011.000) 01/29 15:57:35 Image size of job updated: 309132
	70  -  MemoryUsage of job (MB)
	71656  -  ResidentSetSize of job (KB)
...
005 (339720.011.000) 01/29 15:57:35 Job terminated.
	(1) Normal termination (return value 0)
		Usr 0 00:00:18, Sys 0 00:00:03  -  Run Remote Usage
		Usr 0 00:00:00, Sys 0 00:00:00  -  Run Local Usage
		Usr 0 00:00:18, Sys 0 00:00:03  -  Total Remote Usage
		Usr 0 00:00:00, Sys 0 00:00:00  -  Total Local Usage
	989  -  Run Bytes Sent By Job
	10696  -  Run Bytes Received By Job
	989  -  Total Bytes Sent By Job
	10696  -  Total Bytes Received By Job
	Partitionable Resources :    Usage  Request Allocated 
	   Cpus                 :     0.04        1         1 
	   Disk (KB)            :    29     2048000   3679636 
	   Memory (MB)          :    70        2000      2000 
...
