000 (47440.065.000) 12/19 19:07:28 Job submitted from host: <155.230.20.251:9618?addrs=155.230.20.251-9618&noUDP&sock=930313_ea96_3>
...
001 (47440.065.000) 12/19 19:54:28 Job executing on host: <155.230.21.107:9618?addrs=155.230.21.107-9618&noUDP&sock=27177_bd70_3>
...
006 (47440.065.000) 12/19 19:54:36 Image size of job updated: 314512
	233  -  MemoryUsage of job (MB)
	238280  -  ResidentSetSize of job (KB)
...
006 (47440.065.000) 12/19 19:54:40 Image size of job updated: 314652
	233  -  MemoryUsage of job (MB)
	238280  -  ResidentSetSize of job (KB)
...
005 (47440.065.000) 12/19 19:54:40 Job terminated.
	(1) Normal termination (return value 0)
		Usr 0 00:00:10, Sys 0 00:00:00  -  Run Remote Usage
		Usr 0 00:00:00, Sys 0 00:00:00  -  Run Local Usage
		Usr 0 00:00:10, Sys 0 00:00:00  -  Total Remote Usage
		Usr 0 00:00:00, Sys 0 00:00:00  -  Total Local Usage
	554  -  Run Bytes Sent By Job
	10413  -  Run Bytes Received By Job
	554  -  Total Bytes Sent By Job
	10413  -  Total Bytes Received By Job
	Partitionable Resources :    Usage  Request Allocated 
	   Cpus                 :        0        1         1 
	   Disk (KB)            :       28  2048000   3710161 
	   Memory (MB)          :      233     2000      2000 
...
000 (339717.065.000) 01/29 15:38:00 Job submitted from host: <155.230.23.72:9618?addrs=155.230.23.72-9618&noUDP&sock=882541_4c40_3>
...
009 (339717.065.000) 01/29 15:38:24 Job was aborted by the user.
	via condor_rm (by user choij)
...
000 (339718.065.000) 01/29 15:39:25 Job submitted from host: <155.230.23.72:9618?addrs=155.230.23.72-9618&noUDP&sock=882541_4c40_3>
...
001 (339718.065.000) 01/29 15:39:52 Job executing on host: <155.230.21.33:9618?addrs=155.230.21.33-9618&noUDP&sock=18775_aab5_3>
...
006 (339718.065.000) 01/29 15:40:01 Image size of job updated: 191876
	124  -  MemoryUsage of job (MB)
	126176  -  ResidentSetSize of job (KB)
...
006 (339718.065.000) 01/29 15:40:07 Image size of job updated: 538412
	124  -  MemoryUsage of job (MB)
	126180  -  ResidentSetSize of job (KB)
...
005 (339718.065.000) 01/29 15:40:07 Job terminated.
	(1) Normal termination (return value 1)
		Usr 0 00:00:10, Sys 0 00:00:02  -  Run Remote Usage
		Usr 0 00:00:00, Sys 0 00:00:00  -  Run Local Usage
		Usr 0 00:00:10, Sys 0 00:00:02  -  Total Remote Usage
		Usr 0 00:00:00, Sys 0 00:00:00  -  Total Local Usage
	1689  -  Run Bytes Sent By Job
	10651  -  Run Bytes Received By Job
	1689  -  Total Bytes Sent By Job
	10651  -  Total Bytes Received By Job
	Partitionable Resources :    Usage  Request Allocated 
	   Cpus                 :                 1         1 
	   Disk (KB)            :       23  2048000   3679636 
	   Memory (MB)          :      124     2000      2000 
...
000 (339719.065.000) 01/29 15:52:31 Job submitted from host: <155.230.23.72:9618?addrs=155.230.23.72-9618&noUDP&sock=882541_4c40_3>
...
001 (339719.065.000) 01/29 15:53:00 Job executing on host: <155.230.21.43:9618?addrs=155.230.21.43-9618+[2407-c000-c024-0-226-18ff-fe94-3c21]-9618&noUDP&sock=1286_aae2_3>
...
006 (339719.065.000) 01/29 15:53:08 Image size of job updated: 161400
	97  -  MemoryUsage of job (MB)
	99088  -  ResidentSetSize of job (KB)
...
006 (339719.065.000) 01/29 15:53:37 Image size of job updated: 293320
	97  -  MemoryUsage of job (MB)
	99088  -  ResidentSetSize of job (KB)
...
005 (339719.065.000) 01/29 15:53:37 Job terminated.
	(1) Normal termination (return value 0)
		Usr 0 00:00:10, Sys 0 00:00:02  -  Run Remote Usage
		Usr 0 00:00:00, Sys 0 00:00:00  -  Run Local Usage
		Usr 0 00:00:10, Sys 0 00:00:02  -  Total Remote Usage
		Usr 0 00:00:00, Sys 0 00:00:00  -  Total Local Usage
	522  -  Run Bytes Sent By Job
	10707  -  Run Bytes Received By Job
	522  -  Total Bytes Sent By Job
	10707  -  Total Bytes Received By Job
	Partitionable Resources :    Usage  Request Allocated 
	   Cpus                 :        0        1         1 
	   Disk (KB)            :       29  2048000   3905052 
	   Memory (MB)          :       97     2000      2000 
...
000 (339720.065.000) 01/29 15:56:41 Job submitted from host: <155.230.23.72:9618?addrs=155.230.23.72-9618&noUDP&sock=882541_4c40_3>
...
001 (339720.065.000) 01/29 15:57:48 Job executing on host: <155.230.21.35:9618?addrs=155.230.21.35-9618&noUDP&sock=11940_6ce3_3>
...
006 (339720.065.000) 01/29 15:57:56 Image size of job updated: 153560
	92  -  MemoryUsage of job (MB)
	93244  -  ResidentSetSize of job (KB)
...
006 (339720.065.000) 01/29 15:58:24 Image size of job updated: 1534784
	92  -  MemoryUsage of job (MB)
	93460  -  ResidentSetSize of job (KB)
...
005 (339720.065.000) 01/29 15:58:24 Job terminated.
	(1) Normal termination (return value 0)
		Usr 0 00:00:17, Sys 0 00:00:02  -  Run Remote Usage
		Usr 0 00:00:00, Sys 0 00:00:00  -  Run Local Usage
		Usr 0 00:00:17, Sys 0 00:00:02  -  Total Remote Usage
		Usr 0 00:00:00, Sys 0 00:00:00  -  Total Local Usage
	992  -  Run Bytes Sent By Job
	10696  -  Run Bytes Received By Job
	992  -  Total Bytes Sent By Job
	10696  -  Total Bytes Received By Job
	Partitionable Resources :    Usage  Request Allocated 
	   Cpus                 :     0.58        1         1 
	   Disk (KB)            :    29     2048000   3689027 
	   Memory (MB)          :    92        2000      2000 
...
