000 (47440.104.000) 12/19 19:07:28 Job submitted from host: <155.230.20.251:9618?addrs=155.230.20.251-9618&noUDP&sock=930313_ea96_3>
...
001 (47440.104.000) 12/19 19:55:31 Job executing on host: <155.230.21.84:9618?addrs=155.230.21.84-9618&noUDP&sock=1534_c65e_3>
...
006 (47440.104.000) 12/19 19:55:39 Image size of job updated: 314680
	233  -  MemoryUsage of job (MB)
	238448  -  ResidentSetSize of job (KB)
...
006 (47440.104.000) 12/19 19:55:42 Image size of job updated: 340028
	233  -  MemoryUsage of job (MB)
	238448  -  ResidentSetSize of job (KB)
...
005 (47440.104.000) 12/19 19:55:42 Job terminated.
	(1) Normal termination (return value 0)
		Usr 0 00:00:09, Sys 0 00:00:00  -  Run Remote Usage
		Usr 0 00:00:00, Sys 0 00:00:00  -  Run Local Usage
		Usr 0 00:00:09, Sys 0 00:00:00  -  Total Remote Usage
		Usr 0 00:00:00, Sys 0 00:00:00  -  Total Local Usage
	554  -  Run Bytes Sent By Job
	10413  -  Run Bytes Received By Job
	554  -  Total Bytes Sent By Job
	10413  -  Total Bytes Received By Job
	Partitionable Resources :    Usage  Request Allocated 
	   Cpus                 :        0        1         1 
	   Disk (KB)            :       28  2048000   3605424 
	   Memory (MB)          :      233     2000      2000 
...
000 (339717.104.000) 01/29 15:38:00 Job submitted from host: <155.230.23.72:9618?addrs=155.230.23.72-9618&noUDP&sock=882541_4c40_3>
...
009 (339717.104.000) 01/29 15:38:24 Job was aborted by the user.
	via condor_rm (by user choij)
...
000 (339718.104.000) 01/29 15:39:25 Job submitted from host: <155.230.23.72:9618?addrs=155.230.23.72-9618&noUDP&sock=882541_4c40_3>
...
001 (339718.104.000) 01/29 15:40:05 Job executing on host: <155.230.21.126:9618?addrs=155.230.21.126-9618+[2407-c000-c024-0-6e92-bfff-fe34-147e]-9618&noUDP&sock=1918_2abc_3>
...
006 (339718.104.000) 01/29 15:40:11 Image size of job updated: 117116
	0  -  MemoryUsage of job (MB)
	0  -  ResidentSetSize of job (KB)
...
005 (339718.104.000) 01/29 15:40:11 Job terminated.
	(1) Normal termination (return value 1)
		Usr 0 00:00:05, Sys 0 00:00:00  -  Run Remote Usage
		Usr 0 00:00:00, Sys 0 00:00:00  -  Run Local Usage
		Usr 0 00:00:05, Sys 0 00:00:00  -  Total Remote Usage
		Usr 0 00:00:00, Sys 0 00:00:00  -  Total Local Usage
	1691  -  Run Bytes Sent By Job
	10651  -  Run Bytes Received By Job
	1691  -  Total Bytes Sent By Job
	10651  -  Total Bytes Received By Job
	Partitionable Resources :    Usage  Request Allocated 
	   Cpus                 :     0.03        1         1 
	   Disk (KB)            :    30     2048000   3797317 
	   Memory (MB)          :     0        2000      2000 
...
000 (339719.104.000) 01/29 15:52:31 Job submitted from host: <155.230.23.72:9618?addrs=155.230.23.72-9618&noUDP&sock=882541_4c40_3>
...
001 (339719.104.000) 01/29 15:53:13 Job executing on host: <155.230.21.126:9618?addrs=155.230.21.126-9618+[2407-c000-c024-0-6e92-bfff-fe34-147e]-9618&noUDP&sock=1918_2abc_3>
...
006 (339719.104.000) 01/29 15:53:20 Image size of job updated: 203808
	0  -  MemoryUsage of job (MB)
	0  -  ResidentSetSize of job (KB)
...
005 (339719.104.000) 01/29 15:53:20 Job terminated.
	(1) Normal termination (return value 0)
		Usr 0 00:00:05, Sys 0 00:00:01  -  Run Remote Usage
		Usr 0 00:00:00, Sys 0 00:00:00  -  Run Local Usage
		Usr 0 00:00:05, Sys 0 00:00:01  -  Total Remote Usage
		Usr 0 00:00:00, Sys 0 00:00:00  -  Total Local Usage
	789  -  Run Bytes Sent By Job
	10707  -  Run Bytes Received By Job
	789  -  Total Bytes Sent By Job
	10707  -  Total Bytes Received By Job
	Partitionable Resources :    Usage  Request Allocated 
	   Cpus                 :        0        1         1 
	   Disk (KB)            :       29  2048000   3797317 
	   Memory (MB)          :        0     2000      2000 
...
000 (339720.104.000) 01/29 15:56:41 Job submitted from host: <155.230.23.72:9618?addrs=155.230.23.72-9618&noUDP&sock=882541_4c40_3>
...
001 (339720.104.000) 01/29 15:58:00 Job executing on host: <155.230.21.114:9618?addrs=155.230.21.114-9618&noUDP&sock=22699_3457_47>
...
006 (339720.104.000) 01/29 15:58:08 Image size of job updated: 287972
	209  -  MemoryUsage of job (MB)
	213844  -  ResidentSetSize of job (KB)
...
006 (339720.104.000) 01/29 15:58:19 Image size of job updated: 314940
	209  -  MemoryUsage of job (MB)
	213844  -  ResidentSetSize of job (KB)
...
005 (339720.104.000) 01/29 15:58:19 Job terminated.
	(1) Normal termination (return value 0)
		Usr 0 00:00:12, Sys 0 00:00:02  -  Run Remote Usage
		Usr 0 00:00:00, Sys 0 00:00:00  -  Run Local Usage
		Usr 0 00:00:12, Sys 0 00:00:02  -  Total Remote Usage
		Usr 0 00:00:00, Sys 0 00:00:00  -  Total Local Usage
	991  -  Run Bytes Sent By Job
	10696  -  Run Bytes Received By Job
	991  -  Total Bytes Sent By Job
	10696  -  Total Bytes Received By Job
	Partitionable Resources :    Usage  Request Allocated 
	   Cpus                 :        0        1         1 
	   Disk (KB)            :       29  2048000   3693499 
	   Memory (MB)          :      209     2000      2000 
...
