000 (47440.321.000) 12/19 19:07:29 Job submitted from host: <155.230.20.251:9618?addrs=155.230.20.251-9618&noUDP&sock=930313_ea96_3>
...
001 (47440.321.000) 12/19 20:00:27 Job executing on host: <155.230.21.86:9618?addrs=155.230.21.86-9618&noUDP&sock=20085_37c6_3>
...
006 (47440.321.000) 12/19 20:00:35 Image size of job updated: 313008
	232  -  MemoryUsage of job (MB)
	236776  -  ResidentSetSize of job (KB)
...
006 (47440.321.000) 12/19 20:00:38 Image size of job updated: 339372
	232  -  MemoryUsage of job (MB)
	236776  -  ResidentSetSize of job (KB)
...
005 (47440.321.000) 12/19 20:00:38 Job terminated.
	(1) Normal termination (return value 0)
		Usr 0 00:00:09, Sys 0 00:00:00  -  Run Remote Usage
		Usr 0 00:00:00, Sys 0 00:00:00  -  Run Local Usage
		Usr 0 00:00:09, Sys 0 00:00:00  -  Total Remote Usage
		Usr 0 00:00:00, Sys 0 00:00:00  -  Total Local Usage
	554  -  Run Bytes Sent By Job
	10413  -  Run Bytes Received By Job
	554  -  Total Bytes Sent By Job
	10413  -  Total Bytes Received By Job
	Partitionable Resources :    Usage  Request Allocated 
	   Cpus                 :        0        1         1 
	   Disk (KB)            :       28  2048000   3665826 
	   Memory (MB)          :      232     2000      2000 
...
000 (339717.321.000) 01/29 15:38:01 Job submitted from host: <155.230.23.72:9618?addrs=155.230.23.72-9618&noUDP&sock=882541_4c40_3>
...
009 (339717.321.000) 01/29 15:38:25 Job was aborted by the user.
	via condor_rm (by user choij)
...
000 (339718.321.000) 01/29 15:39:26 Job submitted from host: <155.230.23.72:9618?addrs=155.230.23.72-9618&noUDP&sock=882541_4c40_3>
...
001 (339718.321.000) 01/29 15:44:49 Job executing on host: <155.230.21.44:9618?addrs=155.230.21.44-9618&noUDP&sock=8017_92da_3>
...
006 (339718.321.000) 01/29 15:44:57 Image size of job updated: 136464
	71  -  MemoryUsage of job (MB)
	72356  -  ResidentSetSize of job (KB)
...
006 (339718.321.000) 01/29 15:45:06 Image size of job updated: 516768
	71  -  MemoryUsage of job (MB)
	72424  -  ResidentSetSize of job (KB)
...
005 (339718.321.000) 01/29 15:45:06 Job terminated.
	(1) Normal termination (return value 1)
		Usr 0 00:00:10, Sys 0 00:00:01  -  Run Remote Usage
		Usr 0 00:00:00, Sys 0 00:00:00  -  Run Local Usage
		Usr 0 00:00:10, Sys 0 00:00:01  -  Total Remote Usage
		Usr 0 00:00:00, Sys 0 00:00:00  -  Total Local Usage
	1691  -  Run Bytes Sent By Job
	10651  -  Run Bytes Received By Job
	1691  -  Total Bytes Sent By Job
	10651  -  Total Bytes Received By Job
	Partitionable Resources :    Usage  Request Allocated 
	   Cpus                 :        0        1         1 
	   Disk (KB)            :       29  2048000   3701895 
	   Memory (MB)          :       71     2000      2000 
...
000 (339719.321.000) 01/29 15:52:31 Job submitted from host: <155.230.23.72:9618?addrs=155.230.23.72-9618&noUDP&sock=882541_4c40_3>
...
009 (339719.321.000) 01/29 15:54:51 Job was aborted by the user.
	via condor_rm (by user choij)
...
000 (339720.321.000) 01/29 15:56:41 Job submitted from host: <155.230.23.72:9618?addrs=155.230.23.72-9618&noUDP&sock=882541_4c40_3>
...
001 (339720.321.000) 01/29 16:01:47 Job executing on host: <155.230.21.74:9618?addrs=155.230.21.74-9618&noUDP&sock=27134_3edd_3>
...
006 (339720.321.000) 01/29 16:01:56 Image size of job updated: 117108
	66  -  MemoryUsage of job (MB)
	66948  -  ResidentSetSize of job (KB)
...
006 (339720.321.000) 01/29 16:02:37 Image size of job updated: 1535076
	66  -  MemoryUsage of job (MB)
	66948  -  ResidentSetSize of job (KB)
...
005 (339720.321.000) 01/29 16:02:37 Job terminated.
	(1) Normal termination (return value 0)
		Usr 0 00:00:18, Sys 0 00:00:03  -  Run Remote Usage
		Usr 0 00:00:00, Sys 0 00:00:00  -  Run Local Usage
		Usr 0 00:00:18, Sys 0 00:00:03  -  Total Remote Usage
		Usr 0 00:00:00, Sys 0 00:00:00  -  Total Local Usage
	994  -  Run Bytes Sent By Job
	10696  -  Run Bytes Received By Job
	994  -  Total Bytes Sent By Job
	10696  -  Total Bytes Received By Job
	Partitionable Resources :    Usage  Request Allocated 
	   Cpus                 :        0        1         1 
	   Disk (KB)            :       29  2048000   3665303 
	   Memory (MB)          :       66     2000      2000 
...
