000 (47440.498.000) 12/19 19:07:30 Job submitted from host: <155.230.20.251:9618?addrs=155.230.20.251-9618&noUDP&sock=930313_ea96_3>
...
001 (47440.498.000) 12/19 20:04:25 Job executing on host: <155.230.21.112:9618?addrs=155.230.21.112-9618&noUDP&sock=22175_c8b6_3>
...
006 (47440.498.000) 12/19 20:04:33 Image size of job updated: 314052
	233  -  MemoryUsage of job (MB)
	237820  -  ResidentSetSize of job (KB)
...
005 (47440.498.000) 12/19 20:04:38 Job terminated.
	(1) Normal termination (return value 0)
		Usr 0 00:00:11, Sys 0 00:00:00  -  Run Remote Usage
		Usr 0 00:00:00, Sys 0 00:00:00  -  Run Local Usage
		Usr 0 00:00:11, Sys 0 00:00:00  -  Total Remote Usage
		Usr 0 00:00:00, Sys 0 00:00:00  -  Total Local Usage
	554  -  Run Bytes Sent By Job
	10413  -  Run Bytes Received By Job
	554  -  Total Bytes Sent By Job
	10413  -  Total Bytes Received By Job
	Partitionable Resources :    Usage  Request Allocated 
	   Cpus                 :        0        1         1 
	   Disk (KB)            :       28  2048000   3661920 
	   Memory (MB)          :      233     2000      2000 
...
000 (339717.498.000) 01/29 15:38:01 Job submitted from host: <155.230.23.72:9618?addrs=155.230.23.72-9618&noUDP&sock=882541_4c40_3>
...
009 (339717.498.000) 01/29 15:38:26 Job was aborted by the user.
	via condor_rm (by user choij)
...
000 (339718.498.000) 01/29 15:39:26 Job submitted from host: <155.230.23.72:9618?addrs=155.230.23.72-9618&noUDP&sock=882541_4c40_3>
...
001 (339718.498.000) 01/29 15:47:57 Job executing on host: <155.230.21.79:9618?addrs=155.230.21.79-9618&noUDP&sock=27572_ad58_48>
...
006 (339718.498.000) 01/29 15:47:59 Image size of job updated: 112992
	63  -  MemoryUsage of job (MB)
	63864  -  ResidentSetSize of job (KB)
...
004 (339718.498.000) 01/29 15:47:59 Job was evicted.
	(0) Job was not checkpointed.
		Usr 0 00:00:00, Sys 0 00:00:00  -  Run Remote Usage
		Usr 0 00:00:00, Sys 0 00:00:00  -  Run Local Usage
	5  -  Run Bytes Sent By Job
	10651  -  Run Bytes Received By Job
	Partitionable Resources :    Usage  Request Allocated 
	   Cpus                 :        0        1         1 
	   Disk (KB)            :       28  2048000   3841081 
	   Memory (MB)          :       63     2000      2000 
...
009 (339718.498.000) 01/29 15:47:59 Job was aborted by the user.
	via condor_rm (by user choij)
...
000 (339719.498.000) 01/29 15:52:32 Job submitted from host: <155.230.23.72:9618?addrs=155.230.23.72-9618&noUDP&sock=882541_4c40_3>
...
009 (339719.498.000) 01/29 15:54:51 Job was aborted by the user.
	via condor_rm (by user choij)
...
000 (339720.498.000) 01/29 15:56:41 Job submitted from host: <155.230.23.72:9618?addrs=155.230.23.72-9618&noUDP&sock=882541_4c40_3>
...
001 (339720.498.000) 01/29 16:03:42 Job executing on host: <155.230.21.88:9618?addrs=155.230.21.88-9618&noUDP&sock=1537_d527_36>
...
006 (339720.498.000) 01/29 16:03:51 Image size of job updated: 301016
	220  -  MemoryUsage of job (MB)
	224488  -  ResidentSetSize of job (KB)
...
006 (339720.498.000) 01/29 16:03:55 Image size of job updated: 308928
	220  -  MemoryUsage of job (MB)
	224488  -  ResidentSetSize of job (KB)
...
005 (339720.498.000) 01/29 16:03:55 Job terminated.
	(1) Normal termination (return value 0)
		Usr 0 00:00:10, Sys 0 00:00:01  -  Run Remote Usage
		Usr 0 00:00:00, Sys 0 00:00:00  -  Run Local Usage
		Usr 0 00:00:10, Sys 0 00:00:01  -  Total Remote Usage
		Usr 0 00:00:00, Sys 0 00:00:00  -  Total Local Usage
	994  -  Run Bytes Sent By Job
	10696  -  Run Bytes Received By Job
	994  -  Total Bytes Sent By Job
	10696  -  Total Bytes Received By Job
	Partitionable Resources :    Usage  Request Allocated 
	   Cpus                 :     0.02        1         1 
	   Disk (KB)            :    29     2048000   3742428 
	   Memory (MB)          :   220        2000      2000 
...
