000 (47440.933.000) 12/19 19:07:31 Job submitted from host: <155.230.20.251:9618?addrs=155.230.20.251-9618&noUDP&sock=930313_ea96_3>
...
001 (47440.933.000) 12/19 20:14:19 Job executing on host: <155.230.21.73:9618?addrs=155.230.21.73-9618&noUDP&sock=15554_5428_3>
...
006 (47440.933.000) 12/19 20:14:27 Image size of job updated: 12604
	6  -  MemoryUsage of job (MB)
	6108  -  ResidentSetSize of job (KB)
...
006 (47440.933.000) 12/19 20:15:22 Image size of job updated: 226420
	6  -  MemoryUsage of job (MB)
	6108  -  ResidentSetSize of job (KB)
...
005 (47440.933.000) 12/19 20:15:22 Job terminated.
	(1) Normal termination (return value 0)
		Usr 0 00:00:17, Sys 0 00:00:01  -  Run Remote Usage
		Usr 0 00:00:00, Sys 0 00:00:00  -  Run Local Usage
		Usr 0 00:00:17, Sys 0 00:00:01  -  Total Remote Usage
		Usr 0 00:00:00, Sys 0 00:00:00  -  Total Local Usage
	554  -  Run Bytes Sent By Job
	10413  -  Run Bytes Received By Job
	554  -  Total Bytes Sent By Job
	10413  -  Total Bytes Received By Job
	Partitionable Resources :    Usage  Request Allocated 
	   Cpus                 :     0.66        1         1 
	   Disk (KB)            :    28     2048000   3656096 
	   Memory (MB)          :     6        2000      2000 
...
