000 (47440.125.000) 12/19 19:07:28 Job submitted from host: <155.230.20.251:9618?addrs=155.230.20.251-9618&noUDP&sock=930313_ea96_3>
...
001 (47440.125.000) 12/19 19:56:21 Job executing on host: <155.230.21.34:9618?addrs=155.230.21.34-9618&noUDP&sock=3883_fe56_3>
...
006 (47440.125.000) 12/19 19:56:30 Image size of job updated: 98448
	51  -  MemoryUsage of job (MB)
	52184  -  ResidentSetSize of job (KB)
...
006 (47440.125.000) 12/19 19:57:08 Image size of job updated: 98448
	52  -  MemoryUsage of job (MB)
	52344  -  ResidentSetSize of job (KB)
...
005 (47440.125.000) 12/19 19:57:08 Job terminated.
	(1) Normal termination (return value 0)
		Usr 0 00:00:17, Sys 0 00:00:02  -  Run Remote Usage
		Usr 0 00:00:00, Sys 0 00:00:00  -  Run Local Usage
		Usr 0 00:00:17, Sys 0 00:00:02  -  Total Remote Usage
		Usr 0 00:00:00, Sys 0 00:00:00  -  Total Local Usage
	554  -  Run Bytes Sent By Job
	10413  -  Run Bytes Received By Job
	554  -  Total Bytes Sent By Job
	10413  -  Total Bytes Received By Job
	Partitionable Resources :    Usage  Request Allocated 
	   Cpus                 :        0        1         1 
	   Disk (KB)            :       28  2048000   3677810 
	   Memory (MB)          :       52     2000      2000 
...
