000 (47440.022.000) 12/19 19:07:28 Job submitted from host: <155.230.20.251:9618?addrs=155.230.20.251-9618&noUDP&sock=930313_ea96_3>
...
001 (47440.022.000) 12/19 19:53:32 Job executing on host: <155.230.21.105:9618?addrs=155.230.21.105-9618&noUDP&sock=23905_6b8e_3>
...
006 (47440.022.000) 12/19 19:53:41 Image size of job updated: 313744
	232  -  MemoryUsage of job (MB)
	237512  -  ResidentSetSize of job (KB)
...
005 (47440.022.000) 12/19 19:53:46 Job terminated.
	(1) Normal termination (return value 0)
		Usr 0 00:00:11, Sys 0 00:00:00  -  Run Remote Usage
		Usr 0 00:00:00, Sys 0 00:00:00  -  Run Local Usage
		Usr 0 00:00:11, Sys 0 00:00:00  -  Total Remote Usage
		Usr 0 00:00:00, Sys 0 00:00:00  -  Total Local Usage
	554  -  Run Bytes Sent By Job
	10413  -  Run Bytes Received By Job
	554  -  Total Bytes Sent By Job
	10413  -  Total Bytes Received By Job
	Partitionable Resources :    Usage  Request Allocated 
	   Cpus                 :        0        1         1 
	   Disk (KB)            :       28  2048000   3709686 
	   Memory (MB)          :      232     2000      2000 
...
000 (336703.022.000) 01/28 15:25:46 Job submitted from host: <155.230.23.72:9618?addrs=155.230.23.72-9618&noUDP&sock=882541_4c40_3>
...
001 (336703.022.000) 01/28 15:25:54 Job executing on host: <155.230.21.79:9618?addrs=155.230.21.79-9618&noUDP&sock=27572_ad58_48>
...
006 (336703.022.000) 01/28 15:26:03 Image size of job updated: 77220
	37  -  MemoryUsage of job (MB)
	37464  -  ResidentSetSize of job (KB)
...
006 (336703.022.000) 01/28 15:28:57 Image size of job updated: 314180
	37  -  MemoryUsage of job (MB)
	37488  -  ResidentSetSize of job (KB)
...
005 (336703.022.000) 01/28 15:28:57 Job terminated.
	(1) Normal termination (return value 0)
		Usr 0 00:02:35, Sys 0 00:00:11  -  Run Remote Usage
		Usr 0 00:00:00, Sys 0 00:00:00  -  Run Local Usage
		Usr 0 00:02:35, Sys 0 00:00:11  -  Total Remote Usage
		Usr 0 00:00:00, Sys 0 00:00:00  -  Total Local Usage
	747  -  Run Bytes Sent By Job
	10577  -  Run Bytes Received By Job
	747  -  Total Bytes Sent By Job
	10577  -  Total Bytes Received By Job
	Partitionable Resources :    Usage  Request Allocated 
	   Cpus                 :     0.98        1         1 
	   Disk (KB)            :    29     2048000   3841081 
	   Memory (MB)          :    37        2000      2000 
...
000 (339712.022.000) 01/29 14:36:17 Job submitted from host: <155.230.23.72:9618?addrs=155.230.23.72-9618&noUDP&sock=882541_4c40_3>
...
001 (339712.022.000) 01/29 14:36:40 Job executing on host: <155.230.21.109:9618?addrs=155.230.21.109-9618&noUDP&sock=26104_c051_50>
...
006 (339712.022.000) 01/29 14:36:49 Image size of job updated: 272424
	195  -  MemoryUsage of job (MB)
	199612  -  ResidentSetSize of job (KB)
...
006 (339712.022.000) 01/29 14:40:00 Image size of job updated: 309724
	195  -  MemoryUsage of job (MB)
	199664  -  ResidentSetSize of job (KB)
...
005 (339712.022.000) 01/29 14:40:00 Job terminated.
	(1) Normal termination (return value 0)
		Usr 0 00:03:00, Sys 0 00:00:12  -  Run Remote Usage
		Usr 0 00:00:00, Sys 0 00:00:00  -  Run Local Usage
		Usr 0 00:03:00, Sys 0 00:00:12  -  Total Remote Usage
		Usr 0 00:00:00, Sys 0 00:00:00  -  Total Local Usage
	747  -  Run Bytes Sent By Job
	10553  -  Run Bytes Received By Job
	747  -  Total Bytes Sent By Job
	10553  -  Total Bytes Received By Job
	Partitionable Resources :    Usage  Request Allocated 
	   Cpus                 :     0.91        1         1 
	   Disk (KB)            :    28     2048000   3842254 
	   Memory (MB)          :   195        2000      2000 
...
000 (339716.022.000) 01/29 15:15:50 Job submitted from host: <155.230.23.72:9618?addrs=155.230.23.72-9618&noUDP&sock=882541_4c40_3>
...
001 (339716.022.000) 01/29 15:16:15 Job executing on host: <155.230.21.87:9618?addrs=155.230.21.87-9618&noUDP&sock=1550_bfe2_36>
...
006 (339716.022.000) 01/29 15:16:23 Image size of job updated: 174320
	109  -  MemoryUsage of job (MB)
	111124  -  ResidentSetSize of job (KB)
...
006 (339716.022.000) 01/29 15:19:07 Image size of job updated: 350960
	109  -  MemoryUsage of job (MB)
	111124  -  ResidentSetSize of job (KB)
...
005 (339716.022.000) 01/29 15:19:07 Job terminated.
	(1) Normal termination (return value 0)
		Usr 0 00:02:30, Sys 0 00:00:11  -  Run Remote Usage
		Usr 0 00:00:00, Sys 0 00:00:00  -  Run Local Usage
		Usr 0 00:02:30, Sys 0 00:00:11  -  Total Remote Usage
		Usr 0 00:00:00, Sys 0 00:00:00  -  Total Local Usage
	747  -  Run Bytes Sent By Job
	10553  -  Run Bytes Received By Job
	747  -  Total Bytes Sent By Job
	10553  -  Total Bytes Received By Job
	Partitionable Resources :    Usage  Request Allocated 
	   Cpus                 :        0        1         1 
	   Disk (KB)            :       28  2048000   3787234 
	   Memory (MB)          :      109     2000      2000 
...
000 (339717.022.000) 01/29 15:38:00 Job submitted from host: <155.230.23.72:9618?addrs=155.230.23.72-9618&noUDP&sock=882541_4c40_3>
...
001 (339717.022.000) 01/29 15:38:07 Job executing on host: <155.230.21.79:9618?addrs=155.230.21.79-9618&noUDP&sock=27572_ad58_48>
...
006 (339717.022.000) 01/29 15:38:15 Image size of job updated: 287988
	209  -  MemoryUsage of job (MB)
	213860  -  ResidentSetSize of job (KB)
...
005 (339717.022.000) 01/29 15:38:16 Job terminated.
	(1) Normal termination (return value 1)
		Usr 0 00:00:05, Sys 0 00:00:00  -  Run Remote Usage
		Usr 0 00:00:00, Sys 0 00:00:00  -  Run Local Usage
		Usr 0 00:00:05, Sys 0 00:00:00  -  Total Remote Usage
		Usr 0 00:00:00, Sys 0 00:00:00  -  Total Local Usage
	1689  -  Run Bytes Sent By Job
	10651  -  Run Bytes Received By Job
	1689  -  Total Bytes Sent By Job
	10651  -  Total Bytes Received By Job
	Partitionable Resources :    Usage  Request Allocated 
	   Cpus                 :        0        1         1 
	   Disk (KB)            :       29  2048000   3841081 
	   Memory (MB)          :      209     2000      2000 
...
000 (339718.022.000) 01/29 15:39:25 Job submitted from host: <155.230.23.72:9618?addrs=155.230.23.72-9618&noUDP&sock=882541_4c40_3>
...
001 (339718.022.000) 01/29 15:39:33 Job executing on host: <155.230.21.79:9618?addrs=155.230.21.79-9618&noUDP&sock=27572_ad58_48>
...
006 (339718.022.000) 01/29 15:39:40 Image size of job updated: 173136
	0  -  MemoryUsage of job (MB)
	0  -  ResidentSetSize of job (KB)
...
005 (339718.022.000) 01/29 15:39:40 Job terminated.
	(1) Normal termination (return value 1)
		Usr 0 00:00:05, Sys 0 00:00:00  -  Run Remote Usage
		Usr 0 00:00:00, Sys 0 00:00:00  -  Run Local Usage
		Usr 0 00:00:05, Sys 0 00:00:00  -  Total Remote Usage
		Usr 0 00:00:00, Sys 0 00:00:00  -  Total Local Usage
	1689  -  Run Bytes Sent By Job
	10651  -  Run Bytes Received By Job
	1689  -  Total Bytes Sent By Job
	10651  -  Total Bytes Received By Job
	Partitionable Resources :    Usage  Request Allocated 
	   Cpus                 :        0        1         1 
	   Disk (KB)            :       29  2048000   3841081 
	   Memory (MB)          :        0     2000      2000 
...
000 (339719.022.000) 01/29 15:52:31 Job submitted from host: <155.230.23.72:9618?addrs=155.230.23.72-9618&noUDP&sock=882541_4c40_3>
...
001 (339719.022.000) 01/29 15:52:42 Job executing on host: <155.230.21.79:9618?addrs=155.230.21.79-9618&noUDP&sock=27572_ad58_48>
...
006 (339719.022.000) 01/29 15:52:50 Image size of job updated: 295516
	216  -  MemoryUsage of job (MB)
	220232  -  ResidentSetSize of job (KB)
...
006 (339719.022.000) 01/29 15:52:53 Image size of job updated: 295812
	216  -  MemoryUsage of job (MB)
	220232  -  ResidentSetSize of job (KB)
...
005 (339719.022.000) 01/29 15:52:54 Job terminated.
	(1) Normal termination (return value 0)
		Usr 0 00:00:06, Sys 0 00:00:02  -  Run Remote Usage
		Usr 0 00:00:00, Sys 0 00:00:00  -  Run Local Usage
		Usr 0 00:00:06, Sys 0 00:00:02  -  Total Remote Usage
		Usr 0 00:00:00, Sys 0 00:00:00  -  Total Local Usage
	522  -  Run Bytes Sent By Job
	10707  -  Run Bytes Received By Job
	522  -  Total Bytes Sent By Job
	10707  -  Total Bytes Received By Job
	Partitionable Resources :    Usage  Request Allocated 
	   Cpus                 :        0        1         1 
	   Disk (KB)            :       28  2048000   3841081 
	   Memory (MB)          :      216     2000      2000 
...
000 (339720.022.000) 01/29 15:56:41 Job submitted from host: <155.230.23.72:9618?addrs=155.230.23.72-9618&noUDP&sock=882541_4c40_3>
...
001 (339720.022.000) 01/29 15:56:53 Job executing on host: <155.230.21.79:9618?addrs=155.230.21.79-9618&noUDP&sock=27572_ad58_48>
...
006 (339720.022.000) 01/29 15:57:01 Image size of job updated: 317000
	235  -  MemoryUsage of job (MB)
	240472  -  ResidentSetSize of job (KB)
...
005 (339720.022.000) 01/29 15:57:09 Job terminated.
	(1) Normal termination (return value 0)
		Usr 0 00:00:10, Sys 0 00:00:02  -  Run Remote Usage
		Usr 0 00:00:00, Sys 0 00:00:00  -  Run Local Usage
		Usr 0 00:00:10, Sys 0 00:00:02  -  Total Remote Usage
		Usr 0 00:00:00, Sys 0 00:00:00  -  Total Local Usage
	907  -  Run Bytes Sent By Job
	10696  -  Run Bytes Received By Job
	907  -  Total Bytes Sent By Job
	10696  -  Total Bytes Received By Job
	Partitionable Resources :    Usage  Request Allocated 
	   Cpus                 :        0        1         1 
	   Disk (KB)            :       29  2048000   3841081 
	   Memory (MB)          :      235     2000      2000 
...
