000 (47440.120.000) 12/19 19:07:28 Job submitted from host: <155.230.20.251:9618?addrs=155.230.20.251-9618&noUDP&sock=930313_ea96_3>
...
001 (47440.120.000) 12/19 19:56:30 Job executing on host: <155.230.21.35:9618?addrs=155.230.21.35-9618&noUDP&sock=11940_6ce3_3>
...
006 (47440.120.000) 12/19 19:56:39 Image size of job updated: 147768
	87  -  MemoryUsage of job (MB)
	88344  -  ResidentSetSize of job (KB)
...
006 (47440.120.000) 12/19 19:57:00 Image size of job updated: 341836
	87  -  MemoryUsage of job (MB)
	88344  -  ResidentSetSize of job (KB)
...
005 (47440.120.000) 12/19 19:57:00 Job terminated.
	(1) Normal termination (return value 0)
		Usr 0 00:00:18, Sys 0 00:00:01  -  Run Remote Usage
		Usr 0 00:00:00, Sys 0 00:00:00  -  Run Local Usage
		Usr 0 00:00:18, Sys 0 00:00:01  -  Total Remote Usage
		Usr 0 00:00:00, Sys 0 00:00:00  -  Total Local Usage
	554  -  Run Bytes Sent By Job
	10413  -  Run Bytes Received By Job
	554  -  Total Bytes Sent By Job
	10413  -  Total Bytes Received By Job
	Partitionable Resources :    Usage  Request Allocated 
	   Cpus                 :     0.20        1         1 
	   Disk (KB)            :    28     2048000   3689027 
	   Memory (MB)          :    87        2000      2000 
...
000 (339717.120.000) 01/29 15:38:01 Job submitted from host: <155.230.23.72:9618?addrs=155.230.23.72-9618&noUDP&sock=882541_4c40_3>
...
009 (339717.120.000) 01/29 15:38:25 Job was aborted by the user.
	via condor_rm (by user choij)
...
000 (339718.120.000) 01/29 15:39:25 Job submitted from host: <155.230.23.72:9618?addrs=155.230.23.72-9618&noUDP&sock=882541_4c40_3>
...
001 (339718.120.000) 01/29 15:41:06 Job executing on host: <155.230.21.98:9618?addrs=155.230.21.98-9618&noUDP&sock=16526_0a37_47>
...
006 (339718.120.000) 01/29 15:41:14 Image size of job updated: 244184
	172  -  MemoryUsage of job (MB)
	175972  -  ResidentSetSize of job (KB)
...
006 (339718.120.000) 01/29 15:41:17 Image size of job updated: 527000
	174  -  MemoryUsage of job (MB)
	178092  -  ResidentSetSize of job (KB)
...
005 (339718.120.000) 01/29 15:41:17 Job terminated.
	(1) Normal termination (return value 1)
		Usr 0 00:00:08, Sys 0 00:00:01  -  Run Remote Usage
		Usr 0 00:00:00, Sys 0 00:00:00  -  Run Local Usage
		Usr 0 00:00:08, Sys 0 00:00:01  -  Total Remote Usage
		Usr 0 00:00:00, Sys 0 00:00:00  -  Total Local Usage
	1691  -  Run Bytes Sent By Job
	10651  -  Run Bytes Received By Job
	1691  -  Total Bytes Sent By Job
	10651  -  Total Bytes Received By Job
	Partitionable Resources :    Usage  Request Allocated 
	   Cpus                 :     0.04        1         1 
	   Disk (KB)            :    29     2048000   3783431 
	   Memory (MB)          :   174        2000      2000 
...
000 (339719.120.000) 01/29 15:52:31 Job submitted from host: <155.230.23.72:9618?addrs=155.230.23.72-9618&noUDP&sock=882541_4c40_3>
...
001 (339719.120.000) 01/29 15:54:00 Job executing on host: <155.230.21.99:9618?addrs=155.230.21.99-9618+[2407-c000-c024-0-e2cb-4eff-fe53-cf0f]-9618&noUDP&sock=8708_8acc_3>
...
006 (339719.120.000) 01/29 15:54:09 Image size of job updated: 279812
	202  -  MemoryUsage of job (MB)
	206500  -  ResidentSetSize of job (KB)
...
006 (339719.120.000) 01/29 15:54:12 Image size of job updated: 296536
	202  -  MemoryUsage of job (MB)
	206556  -  ResidentSetSize of job (KB)
...
005 (339719.120.000) 01/29 15:54:12 Job terminated.
	(1) Normal termination (return value 0)
		Usr 0 00:00:09, Sys 0 00:00:02  -  Run Remote Usage
		Usr 0 00:00:00, Sys 0 00:00:00  -  Run Local Usage
		Usr 0 00:00:09, Sys 0 00:00:02  -  Total Remote Usage
		Usr 0 00:00:00, Sys 0 00:00:00  -  Total Local Usage
	789  -  Run Bytes Sent By Job
	10707  -  Run Bytes Received By Job
	789  -  Total Bytes Sent By Job
	10707  -  Total Bytes Received By Job
	Partitionable Resources :    Usage  Request Allocated 
	   Cpus                 :     0.03        1         1 
	   Disk (KB)            :    29     2048000   3786677 
	   Memory (MB)          :   202        2000      2000 
...
000 (339720.120.000) 01/29 15:56:41 Job submitted from host: <155.230.23.72:9618?addrs=155.230.23.72-9618&noUDP&sock=882541_4c40_3>
...
001 (339720.120.000) 01/29 15:58:24 Job executing on host: <155.230.21.98:9618?addrs=155.230.21.98-9618&noUDP&sock=16526_0a37_47>
...
006 (339720.120.000) 01/29 15:58:32 Image size of job updated: 236272
	165  -  MemoryUsage of job (MB)
	168612  -  ResidentSetSize of job (KB)
...
006 (339720.120.000) 01/29 15:58:43 Image size of job updated: 309080
	165  -  MemoryUsage of job (MB)
	168684  -  ResidentSetSize of job (KB)
...
005 (339720.120.000) 01/29 15:58:43 Job terminated.
	(1) Normal termination (return value 0)
		Usr 0 00:00:14, Sys 0 00:00:02  -  Run Remote Usage
		Usr 0 00:00:00, Sys 0 00:00:00  -  Run Local Usage
		Usr 0 00:00:14, Sys 0 00:00:02  -  Total Remote Usage
		Usr 0 00:00:00, Sys 0 00:00:00  -  Total Local Usage
	994  -  Run Bytes Sent By Job
	10696  -  Run Bytes Received By Job
	994  -  Total Bytes Sent By Job
	10696  -  Total Bytes Received By Job
	Partitionable Resources :    Usage  Request Allocated 
	   Cpus                 :        0        1         1 
	   Disk (KB)            :       29  2048000   3783431 
	   Memory (MB)          :      165     2000      2000 
...
