000 (47440.467.000) 12/19 19:07:30 Job submitted from host: <155.230.20.251:9618?addrs=155.230.20.251-9618&noUDP&sock=930313_ea96_3>
...
001 (47440.467.000) 12/19 20:03:32 Job executing on host: <155.230.21.120:9618?addrs=155.230.21.120-9618&noUDP&sock=13477_adf4_3>
...
006 (47440.467.000) 12/19 20:03:40 Image size of job updated: 285228
	208  -  MemoryUsage of job (MB)
	212908  -  ResidentSetSize of job (KB)
...
006 (47440.467.000) 12/19 20:03:47 Image size of job updated: 339980
	208  -  MemoryUsage of job (MB)
	212908  -  ResidentSetSize of job (KB)
...
005 (47440.467.000) 12/19 20:03:47 Job terminated.
	(1) Normal termination (return value 0)
		Usr 0 00:00:12, Sys 0 00:00:01  -  Run Remote Usage
		Usr 0 00:00:00, Sys 0 00:00:00  -  Run Local Usage
		Usr 0 00:00:12, Sys 0 00:00:01  -  Total Remote Usage
		Usr 0 00:00:00, Sys 0 00:00:00  -  Total Local Usage
	554  -  Run Bytes Sent By Job
	10413  -  Run Bytes Received By Job
	554  -  Total Bytes Sent By Job
	10413  -  Total Bytes Received By Job
	Partitionable Resources :    Usage  Request Allocated 
	   Cpus                 :        0        1         1 
	   Disk (KB)            :       28  2048000   3663831 
	   Memory (MB)          :      208     2000      2000 
...
000 (339717.467.000) 01/29 15:38:01 Job submitted from host: <155.230.23.72:9618?addrs=155.230.23.72-9618&noUDP&sock=882541_4c40_3>
...
009 (339717.467.000) 01/29 15:38:26 Job was aborted by the user.
	via condor_rm (by user choij)
...
000 (339718.467.000) 01/29 15:39:26 Job submitted from host: <155.230.23.72:9618?addrs=155.230.23.72-9618&noUDP&sock=882541_4c40_3>
...
001 (339718.467.000) 01/29 15:47:04 Job executing on host: <155.230.21.122:9618?addrs=155.230.21.122-9618&noUDP&sock=8358_78a6_48>
...
006 (339718.467.000) 01/29 15:47:13 Image size of job updated: 286432
	208  -  MemoryUsage of job (MB)
	212304  -  ResidentSetSize of job (KB)
...
005 (339718.467.000) 01/29 15:47:14 Job terminated.
	(1) Normal termination (return value 1)
		Usr 0 00:00:07, Sys 0 00:00:01  -  Run Remote Usage
		Usr 0 00:00:00, Sys 0 00:00:00  -  Run Local Usage
		Usr 0 00:00:07, Sys 0 00:00:01  -  Total Remote Usage
		Usr 0 00:00:00, Sys 0 00:00:00  -  Total Local Usage
	1691  -  Run Bytes Sent By Job
	10651  -  Run Bytes Received By Job
	1691  -  Total Bytes Sent By Job
	10651  -  Total Bytes Received By Job
	Partitionable Resources :    Usage  Request Allocated 
	   Cpus                 :        0        1         1 
	   Disk (KB)            :       29  2048000   3788983 
	   Memory (MB)          :      208     2000      2000 
...
000 (339719.467.000) 01/29 15:52:32 Job submitted from host: <155.230.23.72:9618?addrs=155.230.23.72-9618&noUDP&sock=882541_4c40_3>
...
009 (339719.467.000) 01/29 15:54:51 Job was aborted by the user.
	via condor_rm (by user choij)
...
000 (339720.467.000) 01/29 15:56:41 Job submitted from host: <155.230.23.72:9618?addrs=155.230.23.72-9618&noUDP&sock=882541_4c40_3>
...
001 (339720.467.000) 01/29 16:03:33 Job executing on host: <155.230.21.119:9618?addrs=155.230.21.119-9618&noUDP&sock=7399_ad53_47>
...
006 (339720.467.000) 01/29 16:03:42 Image size of job updated: 288212
	210  -  MemoryUsage of job (MB)
	214152  -  ResidentSetSize of job (KB)
...
006 (339720.467.000) 01/29 16:03:50 Image size of job updated: 558508
	210  -  MemoryUsage of job (MB)
	214152  -  ResidentSetSize of job (KB)
...
005 (339720.467.000) 01/29 16:03:50 Job terminated.
	(1) Normal termination (return value 0)
		Usr 0 00:00:14, Sys 0 00:00:02  -  Run Remote Usage
		Usr 0 00:00:00, Sys 0 00:00:00  -  Run Local Usage
		Usr 0 00:00:14, Sys 0 00:00:02  -  Total Remote Usage
		Usr 0 00:00:00, Sys 0 00:00:00  -  Total Local Usage
	994  -  Run Bytes Sent By Job
	10696  -  Run Bytes Received By Job
	994  -  Total Bytes Sent By Job
	10696  -  Total Bytes Received By Job
	Partitionable Resources :    Usage  Request Allocated 
	   Cpus                 :     0.96        1         1 
	   Disk (KB)            :    29     2048000   3788489 
	   Memory (MB)          :   210        2000      2000 
...
