000 (47440.191.000) 12/19 19:07:28 Job submitted from host: <155.230.20.251:9618?addrs=155.230.20.251-9618&noUDP&sock=930313_ea96_3>
...
001 (47440.191.000) 12/19 19:57:31 Job executing on host: <155.230.21.91:9618?addrs=155.230.21.91-9618&noUDP&sock=17349_8ca8_3>
...
006 (47440.191.000) 12/19 19:57:40 Image size of job updated: 304528
	224  -  MemoryUsage of job (MB)
	228356  -  ResidentSetSize of job (KB)
...
006 (47440.191.000) 12/19 19:57:42 Image size of job updated: 305228
	224  -  MemoryUsage of job (MB)
	229056  -  ResidentSetSize of job (KB)
...
005 (47440.191.000) 12/19 19:57:42 Job terminated.
	(1) Normal termination (return value 0)
		Usr 0 00:00:09, Sys 0 00:00:00  -  Run Remote Usage
		Usr 0 00:00:00, Sys 0 00:00:00  -  Run Local Usage
		Usr 0 00:00:09, Sys 0 00:00:00  -  Total Remote Usage
		Usr 0 00:00:00, Sys 0 00:00:00  -  Total Local Usage
	554  -  Run Bytes Sent By Job
	10413  -  Run Bytes Received By Job
	554  -  Total Bytes Sent By Job
	10413  -  Total Bytes Received By Job
	Partitionable Resources :    Usage  Request Allocated 
	   Cpus                 :        0        1         1 
	   Disk (KB)            :       28  2048000   3710322 
	   Memory (MB)          :      224     2000      2000 
...
000 (339717.191.000) 01/29 15:38:01 Job submitted from host: <155.230.23.72:9618?addrs=155.230.23.72-9618&noUDP&sock=882541_4c40_3>
...
009 (339717.191.000) 01/29 15:38:25 Job was aborted by the user.
	via condor_rm (by user choij)
...
000 (339718.191.000) 01/29 15:39:25 Job submitted from host: <155.230.23.72:9618?addrs=155.230.23.72-9618&noUDP&sock=882541_4c40_3>
...
001 (339718.191.000) 01/29 15:41:59 Job executing on host: <155.230.21.86:9618?addrs=155.230.21.86-9618&noUDP&sock=20085_37c6_47>
...
006 (339718.191.000) 01/29 15:42:06 Image size of job updated: 179748
	0  -  MemoryUsage of job (MB)
	0  -  ResidentSetSize of job (KB)
...
005 (339718.191.000) 01/29 15:42:06 Job terminated.
	(1) Normal termination (return value 1)
		Usr 0 00:00:05, Sys 0 00:00:00  -  Run Remote Usage
		Usr 0 00:00:00, Sys 0 00:00:00  -  Run Local Usage
		Usr 0 00:00:05, Sys 0 00:00:00  -  Total Remote Usage
		Usr 0 00:00:00, Sys 0 00:00:00  -  Total Local Usage
	1691  -  Run Bytes Sent By Job
	10651  -  Run Bytes Received By Job
	1691  -  Total Bytes Sent By Job
	10651  -  Total Bytes Received By Job
	Partitionable Resources :    Usage  Request Allocated 
	   Cpus                 :        0        1         1 
	   Disk (KB)            :       29  2048000   3827117 
	   Memory (MB)          :        0     2000      2000 
...
000 (339719.191.000) 01/29 15:52:31 Job submitted from host: <155.230.23.72:9618?addrs=155.230.23.72-9618&noUDP&sock=882541_4c40_3>
...
009 (339719.191.000) 01/29 15:54:51 Job was aborted by the user.
	via condor_rm (by user choij)
...
000 (339720.191.000) 01/29 15:56:41 Job submitted from host: <155.230.23.72:9618?addrs=155.230.23.72-9618&noUDP&sock=882541_4c40_3>
...
001 (339720.191.000) 01/29 15:59:31 Job executing on host: <155.230.21.87:9618?addrs=155.230.21.87-9618&noUDP&sock=1550_bfe2_36>
...
006 (339720.191.000) 01/29 15:59:39 Image size of job updated: 188148
	121  -  MemoryUsage of job (MB)
	123324  -  ResidentSetSize of job (KB)
...
006 (339720.191.000) 01/29 15:59:56 Image size of job updated: 556476
	121  -  MemoryUsage of job (MB)
	123328  -  ResidentSetSize of job (KB)
...
005 (339720.191.000) 01/29 15:59:56 Job terminated.
	(1) Normal termination (return value 0)
		Usr 0 00:00:10, Sys 0 00:00:02  -  Run Remote Usage
		Usr 0 00:00:00, Sys 0 00:00:00  -  Run Local Usage
		Usr 0 00:00:10, Sys 0 00:00:02  -  Total Remote Usage
		Usr 0 00:00:00, Sys 0 00:00:00  -  Total Local Usage
	728  -  Run Bytes Sent By Job
	10696  -  Run Bytes Received By Job
	728  -  Total Bytes Sent By Job
	10696  -  Total Bytes Received By Job
	Partitionable Resources :    Usage  Request Allocated 
	   Cpus                 :     0.44        1         1 
	   Disk (KB)            :    29     2048000   3787234 
	   Memory (MB)          :   121        2000      2000 
...
