000 (47440.475.000) 12/19 19:07:30 Job submitted from host: <155.230.20.251:9618?addrs=155.230.20.251-9618&noUDP&sock=930313_ea96_3>
...
001 (47440.475.000) 12/19 20:03:35 Job executing on host: <155.230.21.117:9618?addrs=155.230.21.117-9618&noUDP&sock=8728_42b0_3>
...
006 (47440.475.000) 12/19 20:03:43 Image size of job updated: 314876
	234  -  MemoryUsage of job (MB)
	238644  -  ResidentSetSize of job (KB)
...
006 (47440.475.000) 12/19 20:03:47 Image size of job updated: 349424
	234  -  MemoryUsage of job (MB)
	238644  -  ResidentSetSize of job (KB)
...
005 (47440.475.000) 12/19 20:03:47 Job terminated.
	(1) Normal termination (return value 0)
		Usr 0 00:00:10, Sys 0 00:00:00  -  Run Remote Usage
		Usr 0 00:00:00, Sys 0 00:00:00  -  Run Local Usage
		Usr 0 00:00:10, Sys 0 00:00:00  -  Total Remote Usage
		Usr 0 00:00:00, Sys 0 00:00:00  -  Total Local Usage
	554  -  Run Bytes Sent By Job
	10413  -  Run Bytes Received By Job
	554  -  Total Bytes Sent By Job
	10413  -  Total Bytes Received By Job
	Partitionable Resources :    Usage  Request Allocated 
	   Cpus                 :     0.02        1         1 
	   Disk (KB)            :    28     2048000   3710066 
	   Memory (MB)          :   234        2000      2000 
...
000 (339717.475.000) 01/29 15:38:01 Job submitted from host: <155.230.23.72:9618?addrs=155.230.23.72-9618&noUDP&sock=882541_4c40_3>
...
009 (339717.475.000) 01/29 15:38:26 Job was aborted by the user.
	via condor_rm (by user choij)
...
000 (339718.475.000) 01/29 15:39:26 Job submitted from host: <155.230.23.72:9618?addrs=155.230.23.72-9618&noUDP&sock=882541_4c40_3>
...
001 (339718.475.000) 01/29 15:47:07 Job executing on host: <155.230.21.126:9618?addrs=155.230.21.126-9618+[2407-c000-c024-0-6e92-bfff-fe34-147e]-9618&noUDP&sock=1918_2abc_3>
...
006 (339718.475.000) 01/29 15:47:14 Image size of job updated: 202296
	0  -  MemoryUsage of job (MB)
	0  -  ResidentSetSize of job (KB)
...
005 (339718.475.000) 01/29 15:47:14 Job terminated.
	(1) Normal termination (return value 1)
		Usr 0 00:00:05, Sys 0 00:00:00  -  Run Remote Usage
		Usr 0 00:00:00, Sys 0 00:00:00  -  Run Local Usage
		Usr 0 00:00:05, Sys 0 00:00:00  -  Total Remote Usage
		Usr 0 00:00:00, Sys 0 00:00:00  -  Total Local Usage
	1691  -  Run Bytes Sent By Job
	10651  -  Run Bytes Received By Job
	1691  -  Total Bytes Sent By Job
	10651  -  Total Bytes Received By Job
	Partitionable Resources :    Usage  Request Allocated 
	   Cpus                 :        0        1         1 
	   Disk (KB)            :       30  2048000   3797317 
	   Memory (MB)          :        0     2000      2000 
...
000 (339719.475.000) 01/29 15:52:32 Job submitted from host: <155.230.23.72:9618?addrs=155.230.23.72-9618&noUDP&sock=882541_4c40_3>
...
009 (339719.475.000) 01/29 15:54:51 Job was aborted by the user.
	via condor_rm (by user choij)
...
000 (339720.475.000) 01/29 15:56:41 Job submitted from host: <155.230.23.72:9618?addrs=155.230.23.72-9618&noUDP&sock=882541_4c40_3>
...
001 (339720.475.000) 01/29 16:03:35 Job executing on host: <155.230.21.114:9618?addrs=155.230.21.114-9618&noUDP&sock=22699_3457_47>
...
006 (339720.475.000) 01/29 16:03:44 Image size of job updated: 290996
	212  -  MemoryUsage of job (MB)
	216168  -  ResidentSetSize of job (KB)
...
005 (339720.475.000) 01/29 16:03:58 Job terminated.
	(1) Normal termination (return value 0)
		Usr 0 00:00:13, Sys 0 00:00:04  -  Run Remote Usage
		Usr 0 00:00:00, Sys 0 00:00:00  -  Run Local Usage
		Usr 0 00:00:13, Sys 0 00:00:04  -  Total Remote Usage
		Usr 0 00:00:00, Sys 0 00:00:00  -  Total Local Usage
	728  -  Run Bytes Sent By Job
	10696  -  Run Bytes Received By Job
	728  -  Total Bytes Sent By Job
	10696  -  Total Bytes Received By Job
	Partitionable Resources :    Usage  Request Allocated 
	   Cpus                 :     0.68        1         1 
	   Disk (KB)            :    29     2048000   3693499 
	   Memory (MB)          :   212        2000      2000 
...
