000 (47440.008.000) 12/19 19:07:28 Job submitted from host: <155.230.20.251:9618?addrs=155.230.20.251-9618&noUDP&sock=930313_ea96_3>
...
001 (47440.008.000) 12/19 19:53:26 Job executing on host: <155.230.21.81:9618?addrs=155.230.21.81-9618&noUDP&sock=1515_be12_3>
...
006 (47440.008.000) 12/19 19:53:34 Image size of job updated: 314052
	233  -  MemoryUsage of job (MB)
	237820  -  ResidentSetSize of job (KB)
...
006 (47440.008.000) 12/19 19:53:37 Image size of job updated: 592152
	233  -  MemoryUsage of job (MB)
	237820  -  ResidentSetSize of job (KB)
...
005 (47440.008.000) 12/19 19:53:38 Job terminated.
	(1) Normal termination (return value 0)
		Usr 0 00:00:09, Sys 0 00:00:00  -  Run Remote Usage
		Usr 0 00:00:00, Sys 0 00:00:00  -  Run Local Usage
		Usr 0 00:00:09, Sys 0 00:00:00  -  Total Remote Usage
		Usr 0 00:00:00, Sys 0 00:00:00  -  Total Local Usage
	554  -  Run Bytes Sent By Job
	10413  -  Run Bytes Received By Job
	554  -  Total Bytes Sent By Job
	10413  -  Total Bytes Received By Job
	Partitionable Resources :    Usage  Request Allocated 
	   Cpus                 :        0        1         1 
	   Disk (KB)            :       28  2048000   3711985 
	   Memory (MB)          :      233     2000      2000 
...
000 (336703.008.000) 01/28 15:25:45 Job submitted from host: <155.230.23.72:9618?addrs=155.230.23.72-9618&noUDP&sock=882541_4c40_3>
...
001 (336703.008.000) 01/28 15:25:51 Job executing on host: <155.230.21.38:9618?addrs=155.230.21.38-9618&noUDP&sock=22636_fddf_3>
...
006 (336703.008.000) 01/28 15:26:00 Image size of job updated: 19096
	8  -  MemoryUsage of job (MB)
	8112  -  ResidentSetSize of job (KB)
...
006 (336703.008.000) 01/28 15:31:00 Image size of job updated: 334992
	252  -  MemoryUsage of job (MB)
	257396  -  ResidentSetSize of job (KB)
...
005 (336703.008.000) 01/28 15:31:36 Job terminated.
	(1) Normal termination (return value 0)
		Usr 0 00:04:31, Sys 0 00:00:14  -  Run Remote Usage
		Usr 0 00:00:00, Sys 0 00:00:00  -  Run Local Usage
		Usr 0 00:04:31, Sys 0 00:00:14  -  Total Remote Usage
		Usr 0 00:00:00, Sys 0 00:00:00  -  Total Local Usage
	745  -  Run Bytes Sent By Job
	10577  -  Run Bytes Received By Job
	745  -  Total Bytes Sent By Job
	10577  -  Total Bytes Received By Job
	Partitionable Resources :    Usage  Request Allocated 
	   Cpus                 :     0.98        1         1 
	   Disk (KB)            :    28     2048000   3666180 
	   Memory (MB)          :   252        2000      2000 
...
000 (339712.008.000) 01/29 14:36:17 Job submitted from host: <155.230.23.72:9618?addrs=155.230.23.72-9618&noUDP&sock=882541_4c40_3>
...
001 (339712.008.000) 01/29 14:36:34 Job executing on host: <155.230.21.98:9618?addrs=155.230.21.98-9618&noUDP&sock=16526_0a37_47>
...
006 (339712.008.000) 01/29 14:36:42 Image size of job updated: 22328
	10  -  MemoryUsage of job (MB)
	9528  -  ResidentSetSize of job (KB)
...
006 (339712.008.000) 01/29 14:41:06 Image size of job updated: 312644
	10  -  MemoryUsage of job (MB)
	9528  -  ResidentSetSize of job (KB)
...
005 (339712.008.000) 01/29 14:41:06 Job terminated.
	(1) Normal termination (return value 0)
		Usr 0 00:03:46, Sys 0 00:00:13  -  Run Remote Usage
		Usr 0 00:00:00, Sys 0 00:00:00  -  Run Local Usage
		Usr 0 00:03:46, Sys 0 00:00:13  -  Total Remote Usage
		Usr 0 00:00:00, Sys 0 00:00:00  -  Total Local Usage
	745  -  Run Bytes Sent By Job
	10553  -  Run Bytes Received By Job
	745  -  Total Bytes Sent By Job
	10553  -  Total Bytes Received By Job
	Partitionable Resources :    Usage  Request Allocated 
	   Cpus                 :     0.98        1         1 
	   Disk (KB)            :    28     2048000   3783431 
	   Memory (MB)          :    10        2000      2000 
...
000 (339716.008.000) 01/29 15:15:50 Job submitted from host: <155.230.23.72:9618?addrs=155.230.23.72-9618&noUDP&sock=882541_4c40_3>
...
001 (339716.008.000) 01/29 15:16:11 Job executing on host: <155.230.21.95:9618?addrs=155.230.21.95-9618+[2407-c000-c024-0-e2cb-4eff-fe53-cf1d]-9618&noUDP&sock=14962_4417_48>
...
006 (339716.008.000) 01/29 15:16:20 Image size of job updated: 205804
	136  -  MemoryUsage of job (MB)
	138504  -  ResidentSetSize of job (KB)
...
006 (339716.008.000) 01/29 15:20:19 Image size of job updated: 337076
	136  -  MemoryUsage of job (MB)
	138504  -  ResidentSetSize of job (KB)
...
005 (339716.008.000) 01/29 15:20:20 Job terminated.
	(1) Normal termination (return value 0)
		Usr 0 00:03:46, Sys 0 00:00:13  -  Run Remote Usage
		Usr 0 00:00:00, Sys 0 00:00:00  -  Run Local Usage
		Usr 0 00:03:46, Sys 0 00:00:13  -  Total Remote Usage
		Usr 0 00:00:00, Sys 0 00:00:00  -  Total Local Usage
	745  -  Run Bytes Sent By Job
	10553  -  Run Bytes Received By Job
	745  -  Total Bytes Sent By Job
	10553  -  Total Bytes Received By Job
	Partitionable Resources :    Usage  Request Allocated 
	   Cpus                 :                 1         1 
	   Disk (KB)            :       22  2048000  18931057 
	   Memory (MB)          :      136     2000      2000 
...
000 (339717.008.000) 01/29 15:38:00 Job submitted from host: <155.230.23.72:9618?addrs=155.230.23.72-9618&noUDP&sock=882541_4c40_3>
...
001 (339717.008.000) 01/29 15:38:21 Job executing on host: <155.230.21.42:9618?addrs=155.230.21.42-9618&noUDP&sock=2987_697a_3>
...
006 (339717.008.000) 01/29 15:38:25 Image size of job updated: 1640
	1  -  MemoryUsage of job (MB)
	696  -  ResidentSetSize of job (KB)
...
004 (339717.008.000) 01/29 15:38:25 Job was evicted.
	(0) Job was not checkpointed.
		Usr 0 00:00:00, Sys 0 00:00:00  -  Run Remote Usage
		Usr 0 00:00:00, Sys 0 00:00:00  -  Run Local Usage
	3  -  Run Bytes Sent By Job
	10651  -  Run Bytes Received By Job
	Partitionable Resources :    Usage  Request Allocated 
	   Cpus                 :     0.04        1         1 
	   Disk (KB)            :    28     2048000   3669141 
	   Memory (MB)          :     1        2000      2000 
...
009 (339717.008.000) 01/29 15:38:25 Job was aborted by the user.
	via condor_rm (by user choij)
...
000 (339718.008.000) 01/29 15:39:25 Job submitted from host: <155.230.23.72:9618?addrs=155.230.23.72-9618&noUDP&sock=882541_4c40_3>
...
001 (339718.008.000) 01/29 15:39:40 Job executing on host: <155.230.21.99:9618?addrs=155.230.21.99-9618+[2407-c000-c024-0-e2cb-4eff-fe53-cf0f]-9618&noUDP&sock=8708_8acc_3>
...
006 (339718.008.000) 01/29 15:39:49 Image size of job updated: 241208
	170  -  MemoryUsage of job (MB)
	173164  -  ResidentSetSize of job (KB)
...
005 (339718.008.000) 01/29 15:39:52 Job terminated.
	(1) Normal termination (return value 1)
		Usr 0 00:00:09, Sys 0 00:00:02  -  Run Remote Usage
		Usr 0 00:00:00, Sys 0 00:00:00  -  Run Local Usage
		Usr 0 00:00:09, Sys 0 00:00:02  -  Total Remote Usage
		Usr 0 00:00:00, Sys 0 00:00:00  -  Total Local Usage
	1687  -  Run Bytes Sent By Job
	10651  -  Run Bytes Received By Job
	1687  -  Total Bytes Sent By Job
	10651  -  Total Bytes Received By Job
	Partitionable Resources :    Usage  Request Allocated 
	   Cpus                 :     0.84        1         1 
	   Disk (KB)            :    30     2048000   3786677 
	   Memory (MB)          :   170        2000      2000 
...
000 (339719.008.000) 01/29 15:52:31 Job submitted from host: <155.230.23.72:9618?addrs=155.230.23.72-9618&noUDP&sock=882541_4c40_3>
...
001 (339719.008.000) 01/29 15:52:37 Job executing on host: <155.230.21.41:9618?addrs=155.230.21.41-9618&noUDP&sock=24346_e8d2_3>
...
006 (339719.008.000) 01/29 15:52:46 Image size of job updated: 117316
	66  -  MemoryUsage of job (MB)
	66952  -  ResidentSetSize of job (KB)
...
005 (339719.008.000) 01/29 15:53:30 Job terminated.
	(1) Normal termination (return value 0)
		Usr 0 00:00:11, Sys 0 00:00:03  -  Run Remote Usage
		Usr 0 00:00:00, Sys 0 00:00:00  -  Run Local Usage
		Usr 0 00:00:11, Sys 0 00:00:03  -  Total Remote Usage
		Usr 0 00:00:00, Sys 0 00:00:00  -  Total Local Usage
	521  -  Run Bytes Sent By Job
	10707  -  Run Bytes Received By Job
	521  -  Total Bytes Sent By Job
	10707  -  Total Bytes Received By Job
	Partitionable Resources :    Usage  Request Allocated 
	   Cpus                 :     0.56        1         1 
	   Disk (KB)            :    28     2048000   3653325 
	   Memory (MB)          :    66        2000      2000 
...
000 (339720.008.000) 01/29 15:56:41 Job submitted from host: <155.230.23.72:9618?addrs=155.230.23.72-9618&noUDP&sock=882541_4c40_3>
...
001 (339720.008.000) 01/29 15:56:47 Job executing on host: <155.230.21.41:9618?addrs=155.230.21.41-9618&noUDP&sock=24346_e8d2_3>
...
006 (339720.008.000) 01/29 15:56:55 Image size of job updated: 119984
	68  -  MemoryUsage of job (MB)
	68736  -  ResidentSetSize of job (KB)
...
006 (339720.008.000) 01/29 15:57:35 Image size of job updated: 309344
	68  -  MemoryUsage of job (MB)
	68736  -  ResidentSetSize of job (KB)
...
005 (339720.008.000) 01/29 15:57:35 Job terminated.
	(1) Normal termination (return value 0)
		Usr 0 00:00:18, Sys 0 00:00:03  -  Run Remote Usage
		Usr 0 00:00:00, Sys 0 00:00:00  -  Run Local Usage
		Usr 0 00:00:18, Sys 0 00:00:03  -  Total Remote Usage
		Usr 0 00:00:00, Sys 0 00:00:00  -  Total Local Usage
	987  -  Run Bytes Sent By Job
	10696  -  Run Bytes Received By Job
	987  -  Total Bytes Sent By Job
	10696  -  Total Bytes Received By Job
	Partitionable Resources :    Usage  Request Allocated 
	   Cpus                 :     0.04        1         1 
	   Disk (KB)            :    29     2048000   3653325 
	   Memory (MB)          :    68        2000      2000 
...
