000 (47440.755.000) 12/19 19:07:31 Job submitted from host: <155.230.20.251:9618?addrs=155.230.20.251-9618&noUDP&sock=930313_ea96_3>
...
001 (47440.755.000) 12/19 20:10:19 Job executing on host: <155.230.21.34:9618?addrs=155.230.21.34-9618&noUDP&sock=3883_fe56_3>
...
006 (47440.755.000) 12/19 20:10:28 Image size of job updated: 3224
	3  -  MemoryUsage of job (MB)
	2944  -  ResidentSetSize of job (KB)
...
006 (47440.755.000) 12/19 20:12:09 Image size of job updated: 20872
	3  -  MemoryUsage of job (MB)
	2944  -  ResidentSetSize of job (KB)
...
005 (47440.755.000) 12/19 20:12:09 Job terminated.
	(1) Normal termination (return value 0)
		Usr 0 00:00:17, Sys 0 00:00:02  -  Run Remote Usage
		Usr 0 00:00:00, Sys 0 00:00:00  -  Run Local Usage
		Usr 0 00:00:17, Sys 0 00:00:02  -  Total Remote Usage
		Usr 0 00:00:00, Sys 0 00:00:00  -  Total Local Usage
	554  -  Run Bytes Sent By Job
	10413  -  Run Bytes Received By Job
	554  -  Total Bytes Sent By Job
	10413  -  Total Bytes Received By Job
	Partitionable Resources :    Usage  Request Allocated 
	   Cpus                 :     0.08        1         1 
	   Disk (KB)            :    28     2048000   3677810 
	   Memory (MB)          :     3        2000      2000 
...
