000 (47440.024.000) 12/19 19:07:28 Job submitted from host: <155.230.20.251:9618?addrs=155.230.20.251-9618&noUDP&sock=930313_ea96_3>
...
001 (47440.024.000) 12/19 19:53:32 Job executing on host: <155.230.21.118:9618?addrs=155.230.21.118-9618&noUDP&sock=12615_6b51_3>
...
006 (47440.024.000) 12/19 19:53:41 Image size of job updated: 291820
	213  -  MemoryUsage of job (MB)
	217300  -  ResidentSetSize of job (KB)
...
006 (47440.024.000) 12/19 19:53:47 Image size of job updated: 335540
	213  -  MemoryUsage of job (MB)
	217300  -  ResidentSetSize of job (KB)
...
005 (47440.024.000) 12/19 19:53:47 Job terminated.
	(1) Normal termination (return value 0)
		Usr 0 00:00:12, Sys 0 00:00:01  -  Run Remote Usage
		Usr 0 00:00:00, Sys 0 00:00:00  -  Run Local Usage
		Usr 0 00:00:12, Sys 0 00:00:01  -  Total Remote Usage
		Usr 0 00:00:00, Sys 0 00:00:00  -  Total Local Usage
	554  -  Run Bytes Sent By Job
	10413  -  Run Bytes Received By Job
	554  -  Total Bytes Sent By Job
	10413  -  Total Bytes Received By Job
	Partitionable Resources :    Usage  Request Allocated 
	   Cpus                 :        0        1         1 
	   Disk (KB)            :       28  2048000   3709329 
	   Memory (MB)          :      213     2000      2000 
...
000 (336703.024.000) 01/28 15:25:46 Job submitted from host: <155.230.23.72:9618?addrs=155.230.23.72-9618&noUDP&sock=882541_4c40_3>
...
001 (336703.024.000) 01/28 15:25:55 Job executing on host: <155.230.21.112:9618?addrs=155.230.21.112-9618&noUDP&sock=22175_c8b6_48>
...
006 (336703.024.000) 01/28 15:26:03 Image size of job updated: 82376
	41  -  MemoryUsage of job (MB)
	41272  -  ResidentSetSize of job (KB)
...
006 (336703.024.000) 01/28 15:29:24 Image size of job updated: 311848
	41  -  MemoryUsage of job (MB)
	41316  -  ResidentSetSize of job (KB)
...
005 (336703.024.000) 01/28 15:29:24 Job terminated.
	(1) Normal termination (return value 0)
		Usr 0 00:02:59, Sys 0 00:00:12  -  Run Remote Usage
		Usr 0 00:00:00, Sys 0 00:00:00  -  Run Local Usage
		Usr 0 00:02:59, Sys 0 00:00:12  -  Total Remote Usage
		Usr 0 00:00:00, Sys 0 00:00:00  -  Total Local Usage
	747  -  Run Bytes Sent By Job
	10577  -  Run Bytes Received By Job
	747  -  Total Bytes Sent By Job
	10577  -  Total Bytes Received By Job
	Partitionable Resources :    Usage  Request Allocated 
	   Cpus                 :     1.00        1         1 
	   Disk (KB)            :    28     2048000   3840615 
	   Memory (MB)          :    41        2000      2000 
...
000 (339712.024.000) 01/29 14:36:17 Job submitted from host: <155.230.23.72:9618?addrs=155.230.23.72-9618&noUDP&sock=882541_4c40_3>
...
001 (339712.024.000) 01/29 14:36:40 Job executing on host: <155.230.21.84:9618?addrs=155.230.21.84-9618+[2407-c000-c024-0-beae-c5ff-fe4e-98ef]-9618&noUDP&sock=29804_a4bb_6>
...
006 (339712.024.000) 01/29 14:36:48 Image size of job updated: 208148
	137  -  MemoryUsage of job (MB)
	140124  -  ResidentSetSize of job (KB)
...
006 (339712.024.000) 01/29 14:39:32 Image size of job updated: 337872
	137  -  MemoryUsage of job (MB)
	140128  -  ResidentSetSize of job (KB)
...
005 (339712.024.000) 01/29 14:39:32 Job terminated.
	(1) Normal termination (return value 0)
		Usr 0 00:02:31, Sys 0 00:00:12  -  Run Remote Usage
		Usr 0 00:00:00, Sys 0 00:00:00  -  Run Local Usage
		Usr 0 00:02:31, Sys 0 00:00:12  -  Total Remote Usage
		Usr 0 00:00:00, Sys 0 00:00:00  -  Total Local Usage
	747  -  Run Bytes Sent By Job
	10553  -  Run Bytes Received By Job
	747  -  Total Bytes Sent By Job
	10553  -  Total Bytes Received By Job
	Partitionable Resources :    Usage  Request Allocated 
	   Cpus                 :     1.00        1         1 
	   Disk (KB)            :    29     2048000   3836532 
	   Memory (MB)          :   137        2000      2000 
...
000 (339716.024.000) 01/29 15:15:50 Job submitted from host: <155.230.23.72:9618?addrs=155.230.23.72-9618&noUDP&sock=882541_4c40_3>
...
001 (339716.024.000) 01/29 15:16:16 Job executing on host: <155.230.21.82:9618?addrs=155.230.21.82-9618&noUDP&sock=1520_2c0b_36>
...
006 (339716.024.000) 01/29 15:16:24 Image size of job updated: 273672
	197  -  MemoryUsage of job (MB)
	201076  -  ResidentSetSize of job (KB)
...
006 (339716.024.000) 01/29 15:19:12 Image size of job updated: 331016
	197  -  MemoryUsage of job (MB)
	201076  -  ResidentSetSize of job (KB)
...
005 (339716.024.000) 01/29 15:19:12 Job terminated.
	(1) Normal termination (return value 0)
		Usr 0 00:02:36, Sys 0 00:00:12  -  Run Remote Usage
		Usr 0 00:00:00, Sys 0 00:00:00  -  Run Local Usage
		Usr 0 00:02:36, Sys 0 00:00:12  -  Total Remote Usage
		Usr 0 00:00:00, Sys 0 00:00:00  -  Total Local Usage
	747  -  Run Bytes Sent By Job
	10553  -  Run Bytes Received By Job
	747  -  Total Bytes Sent By Job
	10553  -  Total Bytes Received By Job
	Partitionable Resources :    Usage  Request Allocated 
	   Cpus                 :     0.99        1         1 
	   Disk (KB)            :    28     2048000   3786225 
	   Memory (MB)          :   197        2000      2000 
...
000 (339717.024.000) 01/29 15:38:00 Job submitted from host: <155.230.23.72:9618?addrs=155.230.23.72-9618&noUDP&sock=882541_4c40_3>
...
001 (339717.024.000) 01/29 15:38:08 Job executing on host: <155.230.21.112:9618?addrs=155.230.21.112-9618&noUDP&sock=22175_c8b6_48>
...
006 (339717.024.000) 01/29 15:38:17 Image size of job updated: 279872
	202  -  MemoryUsage of job (MB)
	206664  -  ResidentSetSize of job (KB)
...
006 (339717.024.000) 01/29 15:38:19 Image size of job updated: 279876
	202  -  MemoryUsage of job (MB)
	206668  -  ResidentSetSize of job (KB)
...
005 (339717.024.000) 01/29 15:38:19 Job terminated.
	(1) Normal termination (return value 1)
		Usr 0 00:00:06, Sys 0 00:00:01  -  Run Remote Usage
		Usr 0 00:00:00, Sys 0 00:00:00  -  Run Local Usage
		Usr 0 00:00:06, Sys 0 00:00:01  -  Total Remote Usage
		Usr 0 00:00:00, Sys 0 00:00:00  -  Total Local Usage
	1996  -  Run Bytes Sent By Job
	10651  -  Run Bytes Received By Job
	1996  -  Total Bytes Sent By Job
	10651  -  Total Bytes Received By Job
	Partitionable Resources :    Usage  Request Allocated 
	   Cpus                 :        0        1         1 
	   Disk (KB)            :       30  2048000   3840615 
	   Memory (MB)          :      202     2000      2000 
...
000 (339718.024.000) 01/29 15:39:25 Job submitted from host: <155.230.23.72:9618?addrs=155.230.23.72-9618&noUDP&sock=882541_4c40_3>
...
001 (339718.024.000) 01/29 15:39:34 Job executing on host: <155.230.21.112:9618?addrs=155.230.21.112-9618&noUDP&sock=22175_c8b6_48>
...
006 (339718.024.000) 01/29 15:39:42 Image size of job updated: 288732
	211  -  MemoryUsage of job (MB)
	215120  -  ResidentSetSize of job (KB)
...
006 (339718.024.000) 01/29 15:39:43 Image size of job updated: 288736
	211  -  MemoryUsage of job (MB)
	215124  -  ResidentSetSize of job (KB)
...
005 (339718.024.000) 01/29 15:39:43 Job terminated.
	(1) Normal termination (return value 1)
		Usr 0 00:00:06, Sys 0 00:00:01  -  Run Remote Usage
		Usr 0 00:00:00, Sys 0 00:00:00  -  Run Local Usage
		Usr 0 00:00:06, Sys 0 00:00:01  -  Total Remote Usage
		Usr 0 00:00:00, Sys 0 00:00:00  -  Total Local Usage
	1689  -  Run Bytes Sent By Job
	10651  -  Run Bytes Received By Job
	1689  -  Total Bytes Sent By Job
	10651  -  Total Bytes Received By Job
	Partitionable Resources :    Usage  Request Allocated 
	   Cpus                 :        0        1         1 
	   Disk (KB)            :       29  2048000   3840615 
	   Memory (MB)          :      211     2000      2000 
...
000 (339719.024.000) 01/29 15:52:31 Job submitted from host: <155.230.23.72:9618?addrs=155.230.23.72-9618&noUDP&sock=882541_4c40_3>
...
001 (339719.024.000) 01/29 15:52:42 Job executing on host: <155.230.21.112:9618?addrs=155.230.21.112-9618&noUDP&sock=22175_c8b6_48>
...
006 (339719.024.000) 01/29 15:52:50 Image size of job updated: 286472
	208  -  MemoryUsage of job (MB)
	212860  -  ResidentSetSize of job (KB)
...
006 (339719.024.000) 01/29 15:52:52 Image size of job updated: 293444
	208  -  MemoryUsage of job (MB)
	212860  -  ResidentSetSize of job (KB)
...
005 (339719.024.000) 01/29 15:52:53 Job terminated.
	(1) Normal termination (return value 0)
		Usr 0 00:00:06, Sys 0 00:00:01  -  Run Remote Usage
		Usr 0 00:00:00, Sys 0 00:00:00  -  Run Local Usage
		Usr 0 00:00:06, Sys 0 00:00:01  -  Total Remote Usage
		Usr 0 00:00:00, Sys 0 00:00:00  -  Total Local Usage
	785  -  Run Bytes Sent By Job
	10707  -  Run Bytes Received By Job
	785  -  Total Bytes Sent By Job
	10707  -  Total Bytes Received By Job
	Partitionable Resources :    Usage  Request Allocated 
	   Cpus                 :        0        1         1 
	   Disk (KB)            :       28  2048000   3840615 
	   Memory (MB)          :      208     2000      2000 
...
000 (339720.024.000) 01/29 15:56:41 Job submitted from host: <155.230.23.72:9618?addrs=155.230.23.72-9618&noUDP&sock=882541_4c40_3>
...
001 (339720.024.000) 01/29 15:56:53 Job executing on host: <155.230.21.112:9618?addrs=155.230.21.112-9618&noUDP&sock=22175_c8b6_48>
...
006 (339720.024.000) 01/29 15:57:02 Image size of job updated: 291824
	212  -  MemoryUsage of job (MB)
	216576  -  ResidentSetSize of job (KB)
...
006 (339720.024.000) 01/29 15:57:09 Image size of job updated: 340304
	212  -  MemoryUsage of job (MB)
	216576  -  ResidentSetSize of job (KB)
...
005 (339720.024.000) 01/29 15:57:09 Job terminated.
	(1) Normal termination (return value 0)
		Usr 0 00:00:11, Sys 0 00:00:02  -  Run Remote Usage
		Usr 0 00:00:00, Sys 0 00:00:00  -  Run Local Usage
		Usr 0 00:00:11, Sys 0 00:00:02  -  Total Remote Usage
		Usr 0 00:00:00, Sys 0 00:00:00  -  Total Local Usage
	989  -  Run Bytes Sent By Job
	10696  -  Run Bytes Received By Job
	989  -  Total Bytes Sent By Job
	10696  -  Total Bytes Received By Job
	Partitionable Resources :    Usage  Request Allocated 
	   Cpus                 :        0        1         1 
	   Disk (KB)            :       29  2048000   3840615 
	   Memory (MB)          :      212     2000      2000 
...
