000 (47440.030.000) 12/19 19:07:28 Job submitted from host: <155.230.20.251:9618?addrs=155.230.20.251-9618&noUDP&sock=930313_ea96_3>
...
001 (47440.030.000) 12/19 19:54:29 Job executing on host: <155.230.21.35:9618?addrs=155.230.21.35-9618&noUDP&sock=11940_6ce3_3>
...
006 (47440.030.000) 12/19 19:54:38 Image size of job updated: 138680
	74  -  MemoryUsage of job (MB)
	75532  -  ResidentSetSize of job (KB)
...
006 (47440.030.000) 12/19 19:55:01 Image size of job updated: 307496
	74  -  MemoryUsage of job (MB)
	75532  -  ResidentSetSize of job (KB)
...
005 (47440.030.000) 12/19 19:55:01 Job terminated.
	(1) Normal termination (return value 0)
		Usr 0 00:00:17, Sys 0 00:00:02  -  Run Remote Usage
		Usr 0 00:00:00, Sys 0 00:00:00  -  Run Local Usage
		Usr 0 00:00:17, Sys 0 00:00:02  -  Total Remote Usage
		Usr 0 00:00:00, Sys 0 00:00:00  -  Total Local Usage
	554  -  Run Bytes Sent By Job
	10413  -  Run Bytes Received By Job
	554  -  Total Bytes Sent By Job
	10413  -  Total Bytes Received By Job
	Partitionable Resources :    Usage  Request Allocated 
	   Cpus                 :     0.04        1         1 
	   Disk (KB)            :    28     2048000   3689027 
	   Memory (MB)          :    74        2000      2000 
...
000 (336703.030.000) 01/28 15:25:46 Job submitted from host: <155.230.23.72:9618?addrs=155.230.23.72-9618&noUDP&sock=882541_4c40_3>
...
001 (336703.030.000) 01/28 15:25:57 Job executing on host: <155.230.21.91:9618?addrs=155.230.21.91-9618&noUDP&sock=17349_8ca8_47>
...
006 (336703.030.000) 01/28 15:26:06 Image size of job updated: 31948
	14  -  MemoryUsage of job (MB)
	13540  -  ResidentSetSize of job (KB)
...
006 (336703.030.000) 01/28 15:29:02 Image size of job updated: 313400
	14  -  MemoryUsage of job (MB)
	13540  -  ResidentSetSize of job (KB)
...
005 (336703.030.000) 01/28 15:29:02 Job terminated.
	(1) Normal termination (return value 0)
		Usr 0 00:02:29, Sys 0 00:00:12  -  Run Remote Usage
		Usr 0 00:00:00, Sys 0 00:00:00  -  Run Local Usage
		Usr 0 00:02:29, Sys 0 00:00:12  -  Total Remote Usage
		Usr 0 00:00:00, Sys 0 00:00:00  -  Total Local Usage
	747  -  Run Bytes Sent By Job
	10577  -  Run Bytes Received By Job
	747  -  Total Bytes Sent By Job
	10577  -  Total Bytes Received By Job
	Partitionable Resources :    Usage  Request Allocated 
	   Cpus                 :     1.00        1         1 
	   Disk (KB)            :    28     2048000   3781328 
	   Memory (MB)          :    14        2000      2000 
...
000 (339712.030.000) 01/29 14:36:17 Job submitted from host: <155.230.23.72:9618?addrs=155.230.23.72-9618&noUDP&sock=882541_4c40_3>
...
001 (339712.030.000) 01/29 14:36:42 Job executing on host: <155.230.21.93:9618?addrs=155.230.21.93-9618&noUDP&sock=5106_dea9_47>
...
006 (339712.030.000) 01/29 14:36:50 Image size of job updated: 23816
	9  -  MemoryUsage of job (MB)
	9116  -  ResidentSetSize of job (KB)
...
006 (339712.030.000) 01/29 14:39:43 Image size of job updated: 309792
	9  -  MemoryUsage of job (MB)
	9116  -  ResidentSetSize of job (KB)
...
005 (339712.030.000) 01/29 14:39:43 Job terminated.
	(1) Normal termination (return value 0)
		Usr 0 00:02:30, Sys 0 00:00:12  -  Run Remote Usage
		Usr 0 00:00:00, Sys 0 00:00:00  -  Run Local Usage
		Usr 0 00:02:30, Sys 0 00:00:12  -  Total Remote Usage
		Usr 0 00:00:00, Sys 0 00:00:00  -  Total Local Usage
	747  -  Run Bytes Sent By Job
	10553  -  Run Bytes Received By Job
	747  -  Total Bytes Sent By Job
	10553  -  Total Bytes Received By Job
	Partitionable Resources :    Usage  Request Allocated 
	   Cpus                 :     1.00        1         1 
	   Disk (KB)            :    28     2048000   3786786 
	   Memory (MB)          :     9        2000      2000 
...
000 (339716.030.000) 01/29 15:15:50 Job submitted from host: <155.230.23.72:9618?addrs=155.230.23.72-9618&noUDP&sock=882541_4c40_3>
...
001 (339716.030.000) 01/29 15:16:19 Job executing on host: <155.230.21.105:9618?addrs=155.230.21.105-9618&noUDP&sock=23905_6b8e_47>
...
006 (339716.030.000) 01/29 15:16:28 Image size of job updated: 238384
	167  -  MemoryUsage of job (MB)
	170708  -  ResidentSetSize of job (KB)
...
006 (339716.030.000) 01/29 15:19:43 Image size of job updated: 348200
	167  -  MemoryUsage of job (MB)
	170736  -  ResidentSetSize of job (KB)
...
005 (339716.030.000) 01/29 15:19:43 Job terminated.
	(1) Normal termination (return value 0)
		Usr 0 00:03:06, Sys 0 00:00:12  -  Run Remote Usage
		Usr 0 00:00:00, Sys 0 00:00:00  -  Run Local Usage
		Usr 0 00:03:06, Sys 0 00:00:12  -  Total Remote Usage
		Usr 0 00:00:00, Sys 0 00:00:00  -  Total Local Usage
	747  -  Run Bytes Sent By Job
	10553  -  Run Bytes Received By Job
	747  -  Total Bytes Sent By Job
	10553  -  Total Bytes Received By Job
	Partitionable Resources :    Usage  Request Allocated 
	   Cpus                 :     1.00        1         1 
	   Disk (KB)            :    28     2048000   3782480 
	   Memory (MB)          :   167        2000      2000 
...
000 (339717.030.000) 01/29 15:38:00 Job submitted from host: <155.230.23.72:9618?addrs=155.230.23.72-9618&noUDP&sock=882541_4c40_3>
...
001 (339717.030.000) 01/29 15:38:11 Job executing on host: <155.230.21.91:9618?addrs=155.230.21.91-9618&noUDP&sock=17349_8ca8_47>
...
006 (339717.030.000) 01/29 15:38:19 Image size of job updated: 33084
	14  -  MemoryUsage of job (MB)
	13616  -  ResidentSetSize of job (KB)
...
006 (339717.030.000) 01/29 15:38:26 Image size of job updated: 141040
	81  -  MemoryUsage of job (MB)
	82560  -  ResidentSetSize of job (KB)
...
004 (339717.030.000) 01/29 15:38:26 Job was evicted.
	(0) Job was not checkpointed.
		Usr 0 00:00:01, Sys 0 00:00:00  -  Run Remote Usage
		Usr 0 00:00:00, Sys 0 00:00:00  -  Run Local Usage
	359  -  Run Bytes Sent By Job
	10651  -  Run Bytes Received By Job
	Partitionable Resources :    Usage  Request Allocated 
	   Cpus                 :        0        1         1 
	   Disk (KB)            :       28  2048000   3781328 
	   Memory (MB)          :       81     2000      2000 
...
009 (339717.030.000) 01/29 15:38:26 Job was aborted by the user.
	via condor_rm (by user choij)
...
000 (339718.030.000) 01/29 15:39:25 Job submitted from host: <155.230.23.72:9618?addrs=155.230.23.72-9618&noUDP&sock=882541_4c40_3>
...
001 (339718.030.000) 01/29 15:39:37 Job executing on host: <155.230.21.91:9618?addrs=155.230.21.91-9618&noUDP&sock=17349_8ca8_47>
...
006 (339718.030.000) 01/29 15:39:45 Image size of job updated: 203936
	134  -  MemoryUsage of job (MB)
	136616  -  ResidentSetSize of job (KB)
...
006 (339718.030.000) 01/29 15:39:50 Image size of job updated: 275896
	134  -  MemoryUsage of job (MB)
	137104  -  ResidentSetSize of job (KB)
...
005 (339718.030.000) 01/29 15:39:50 Job terminated.
	(1) Normal termination (return value 1)
		Usr 0 00:00:05, Sys 0 00:00:00  -  Run Remote Usage
		Usr 0 00:00:00, Sys 0 00:00:00  -  Run Local Usage
		Usr 0 00:00:05, Sys 0 00:00:00  -  Total Remote Usage
		Usr 0 00:00:00, Sys 0 00:00:00  -  Total Local Usage
	1689  -  Run Bytes Sent By Job
	10651  -  Run Bytes Received By Job
	1689  -  Total Bytes Sent By Job
	10651  -  Total Bytes Received By Job
	Partitionable Resources :    Usage  Request Allocated 
	   Cpus                 :     0.67        1         1 
	   Disk (KB)            :    30     2048000   3781328 
	   Memory (MB)          :   134        2000      2000 
...
000 (339719.030.000) 01/29 15:52:31 Job submitted from host: <155.230.23.72:9618?addrs=155.230.23.72-9618&noUDP&sock=882541_4c40_3>
...
001 (339719.030.000) 01/29 15:52:44 Job executing on host: <155.230.21.91:9618?addrs=155.230.21.91-9618&noUDP&sock=17349_8ca8_47>
...
006 (339719.030.000) 01/29 15:52:52 Image size of job updated: 184000
	117  -  MemoryUsage of job (MB)
	119188  -  ResidentSetSize of job (KB)
...
006 (339719.030.000) 01/29 15:52:58 Image size of job updated: 254072
	117  -  MemoryUsage of job (MB)
	119188  -  ResidentSetSize of job (KB)
...
005 (339719.030.000) 01/29 15:52:58 Job terminated.
	(1) Normal termination (return value 0)
		Usr 0 00:00:05, Sys 0 00:00:01  -  Run Remote Usage
		Usr 0 00:00:00, Sys 0 00:00:00  -  Run Local Usage
		Usr 0 00:00:05, Sys 0 00:00:01  -  Total Remote Usage
		Usr 0 00:00:00, Sys 0 00:00:00  -  Total Local Usage
	785  -  Run Bytes Sent By Job
	10707  -  Run Bytes Received By Job
	785  -  Total Bytes Sent By Job
	10707  -  Total Bytes Received By Job
	Partitionable Resources :    Usage  Request Allocated 
	   Cpus                 :     0.02        1         1 
	   Disk (KB)            :    29     2048000   3781328 
	   Memory (MB)          :   117        2000      2000 
...
000 (339720.030.000) 01/29 15:56:41 Job submitted from host: <155.230.23.72:9618?addrs=155.230.23.72-9618&noUDP&sock=882541_4c40_3>
...
001 (339720.030.000) 01/29 15:56:55 Job executing on host: <155.230.21.91:9618?addrs=155.230.21.91-9618&noUDP&sock=17349_8ca8_47>
...
006 (339720.030.000) 01/29 15:57:03 Image size of job updated: 212176
	142  -  MemoryUsage of job (MB)
	144692  -  ResidentSetSize of job (KB)
...
006 (339720.030.000) 01/29 15:57:24 Image size of job updated: 312620
	142  -  MemoryUsage of job (MB)
	144744  -  ResidentSetSize of job (KB)
...
005 (339720.030.000) 01/29 15:57:24 Job terminated.
	(1) Normal termination (return value 0)
		Usr 0 00:00:10, Sys 0 00:00:02  -  Run Remote Usage
		Usr 0 00:00:00, Sys 0 00:00:00  -  Run Local Usage
		Usr 0 00:00:10, Sys 0 00:00:02  -  Total Remote Usage
		Usr 0 00:00:00, Sys 0 00:00:00  -  Total Local Usage
	726  -  Run Bytes Sent By Job
	10696  -  Run Bytes Received By Job
	726  -  Total Bytes Sent By Job
	10696  -  Total Bytes Received By Job
	Partitionable Resources :    Usage  Request Allocated 
	   Cpus                 :        0        1         1 
	   Disk (KB)            :       28  2048000   3781328 
	   Memory (MB)          :      142     2000      2000 
...
