000 (47440.314.000) 12/19 19:07:29 Job submitted from host: <155.230.20.251:9618?addrs=155.230.20.251-9618&noUDP&sock=930313_ea96_3>
...
001 (47440.314.000) 12/19 20:00:23 Job executing on host: <155.230.21.108:9618?addrs=155.230.21.108-9618&noUDP&sock=779_e85d_3>
...
006 (47440.314.000) 12/19 20:00:32 Image size of job updated: 315792
	234  -  MemoryUsage of job (MB)
	239556  -  ResidentSetSize of job (KB)
...
006 (47440.314.000) 12/19 20:00:35 Image size of job updated: 325280
	234  -  MemoryUsage of job (MB)
	239556  -  ResidentSetSize of job (KB)
...
005 (47440.314.000) 12/19 20:00:35 Job terminated.
	(1) Normal termination (return value 0)
		Usr 0 00:00:11, Sys 0 00:00:00  -  Run Remote Usage
		Usr 0 00:00:00, Sys 0 00:00:00  -  Run Local Usage
		Usr 0 00:00:11, Sys 0 00:00:00  -  Total Remote Usage
		Usr 0 00:00:00, Sys 0 00:00:00  -  Total Local Usage
	554  -  Run Bytes Sent By Job
	10413  -  Run Bytes Received By Job
	554  -  Total Bytes Sent By Job
	10413  -  Total Bytes Received By Job
	Partitionable Resources :    Usage  Request Allocated 
	   Cpus                 :        0        1         1 
	   Disk (KB)            :       28  2048000   3664171 
	   Memory (MB)          :      234     2000      2000 
...
000 (339717.314.000) 01/29 15:38:01 Job submitted from host: <155.230.23.72:9618?addrs=155.230.23.72-9618&noUDP&sock=882541_4c40_3>
...
009 (339717.314.000) 01/29 15:38:25 Job was aborted by the user.
	via condor_rm (by user choij)
...
000 (339718.314.000) 01/29 15:39:26 Job submitted from host: <155.230.23.72:9618?addrs=155.230.23.72-9618&noUDP&sock=882541_4c40_3>
...
001 (339718.314.000) 01/29 15:44:05 Job executing on host: <155.230.21.116:9618?addrs=155.230.21.116-9618&noUDP&sock=38331_74cc_46>
...
006 (339718.314.000) 01/29 15:44:14 Image size of job updated: 152512
	0  -  MemoryUsage of job (MB)
	0  -  ResidentSetSize of job (KB)
...
005 (339718.314.000) 01/29 15:44:14 Job terminated.
	(1) Normal termination (return value 1)
		Usr 0 00:00:06, Sys 0 00:00:01  -  Run Remote Usage
		Usr 0 00:00:00, Sys 0 00:00:00  -  Run Local Usage
		Usr 0 00:00:06, Sys 0 00:00:01  -  Total Remote Usage
		Usr 0 00:00:00, Sys 0 00:00:00  -  Total Local Usage
	1691  -  Run Bytes Sent By Job
	10651  -  Run Bytes Received By Job
	1691  -  Total Bytes Sent By Job
	10651  -  Total Bytes Received By Job
	Partitionable Resources :    Usage  Request Allocated 
	   Cpus                 :        0        1         1 
	   Disk (KB)            :       29  2048000   3788511 
	   Memory (MB)          :        0     2000      2000 
...
000 (339719.314.000) 01/29 15:52:31 Job submitted from host: <155.230.23.72:9618?addrs=155.230.23.72-9618&noUDP&sock=882541_4c40_3>
...
009 (339719.314.000) 01/29 15:54:51 Job was aborted by the user.
	via condor_rm (by user choij)
...
000 (339720.314.000) 01/29 15:56:41 Job submitted from host: <155.230.23.72:9618?addrs=155.230.23.72-9618&noUDP&sock=882541_4c40_3>
...
001 (339720.314.000) 01/29 16:01:02 Job executing on host: <155.230.21.115:9618?addrs=155.230.21.115-9618+[2407-c000-c024-0-beee-7bff-fe2f-e035]-9618&noUDP&sock=1549_104a_3>
...
006 (339720.314.000) 01/29 16:01:10 Image size of job updated: 289384
	212  -  MemoryUsage of job (MB)
	216652  -  ResidentSetSize of job (KB)
...
006 (339720.314.000) 01/29 16:01:19 Image size of job updated: 344344
	212  -  MemoryUsage of job (MB)
	216652  -  ResidentSetSize of job (KB)
...
005 (339720.314.000) 01/29 16:01:19 Job terminated.
	(1) Normal termination (return value 0)
		Usr 0 00:00:12, Sys 0 00:00:02  -  Run Remote Usage
		Usr 0 00:00:00, Sys 0 00:00:00  -  Run Local Usage
		Usr 0 00:00:12, Sys 0 00:00:02  -  Total Remote Usage
		Usr 0 00:00:00, Sys 0 00:00:00  -  Total Local Usage
	994  -  Run Bytes Sent By Job
	10696  -  Run Bytes Received By Job
	994  -  Total Bytes Sent By Job
	10696  -  Total Bytes Received By Job
	Partitionable Resources :    Usage  Request Allocated 
	   Cpus                 :        0        1         1 
	   Disk (KB)            :       29  2048000   3798708 
	   Memory (MB)          :      212     2000      2000 
...
