000 (47440.053.000) 12/19 19:07:28 Job submitted from host: <155.230.20.251:9618?addrs=155.230.20.251-9618&noUDP&sock=930313_ea96_3>
...
001 (47440.053.000) 12/19 19:54:25 Job executing on host: <155.230.21.81:9618?addrs=155.230.21.81-9618&noUDP&sock=1515_be12_3>
...
006 (47440.053.000) 12/19 19:54:33 Image size of job updated: 301784
	221  -  MemoryUsage of job (MB)
	225552  -  ResidentSetSize of job (KB)
...
006 (47440.053.000) 12/19 19:54:38 Image size of job updated: 329112
	221  -  MemoryUsage of job (MB)
	225552  -  ResidentSetSize of job (KB)
...
005 (47440.053.000) 12/19 19:54:38 Job terminated.
	(1) Normal termination (return value 0)
		Usr 0 00:00:09, Sys 0 00:00:00  -  Run Remote Usage
		Usr 0 00:00:00, Sys 0 00:00:00  -  Run Local Usage
		Usr 0 00:00:09, Sys 0 00:00:00  -  Total Remote Usage
		Usr 0 00:00:00, Sys 0 00:00:00  -  Total Local Usage
	554  -  Run Bytes Sent By Job
	10413  -  Run Bytes Received By Job
	554  -  Total Bytes Sent By Job
	10413  -  Total Bytes Received By Job
	Partitionable Resources :    Usage  Request Allocated 
	   Cpus                 :     0.02        1         1 
	   Disk (KB)            :    28     2048000   3711985 
	   Memory (MB)          :   221        2000      2000 
...
000 (339717.053.000) 01/29 15:38:00 Job submitted from host: <155.230.23.72:9618?addrs=155.230.23.72-9618&noUDP&sock=882541_4c40_3>
...
009 (339717.053.000) 01/29 15:38:24 Job was aborted by the user.
	via condor_rm (by user choij)
...
000 (339718.053.000) 01/29 15:39:25 Job submitted from host: <155.230.23.72:9618?addrs=155.230.23.72-9618&noUDP&sock=882541_4c40_3>
...
001 (339718.053.000) 01/29 15:40:06 Job executing on host: <155.230.21.73:9618?addrs=155.230.21.73-9618&noUDP&sock=15554_5428_3>
...
006 (339718.053.000) 01/29 15:40:14 Image size of job updated: 89188
	47  -  MemoryUsage of job (MB)
	47124  -  ResidentSetSize of job (KB)
...
006 (339718.053.000) 01/29 15:40:45 Image size of job updated: 273088
	47  -  MemoryUsage of job (MB)
	47220  -  ResidentSetSize of job (KB)
...
005 (339718.053.000) 01/29 15:40:46 Job terminated.
	(1) Normal termination (return value 1)
		Usr 0 00:00:10, Sys 0 00:00:01  -  Run Remote Usage
		Usr 0 00:00:00, Sys 0 00:00:00  -  Run Local Usage
		Usr 0 00:00:10, Sys 0 00:00:01  -  Total Remote Usage
		Usr 0 00:00:00, Sys 0 00:00:00  -  Total Local Usage
	1689  -  Run Bytes Sent By Job
	10651  -  Run Bytes Received By Job
	1689  -  Total Bytes Sent By Job
	10651  -  Total Bytes Received By Job
	Partitionable Resources :    Usage  Request Allocated 
	   Cpus                 :     0.18        1         1 
	   Disk (KB)            :    29     2048000   3656096 
	   Memory (MB)          :    47        2000      2000 
...
000 (339719.053.000) 01/29 15:52:31 Job submitted from host: <155.230.23.72:9618?addrs=155.230.23.72-9618&noUDP&sock=882541_4c40_3>
...
001 (339719.053.000) 01/29 15:52:56 Job executing on host: <155.230.21.72:9618?addrs=155.230.21.72-9618&noUDP&sock=23623_fdd9_3>
...
006 (339719.053.000) 01/29 15:53:04 Image size of job updated: 129536
	69  -  MemoryUsage of job (MB)
	70344  -  ResidentSetSize of job (KB)
...
006 (339719.053.000) 01/29 15:53:35 Image size of job updated: 293144
	69  -  MemoryUsage of job (MB)
	70444  -  ResidentSetSize of job (KB)
...
005 (339719.053.000) 01/29 15:53:35 Job terminated.
	(1) Normal termination (return value 0)
		Usr 0 00:00:11, Sys 0 00:00:03  -  Run Remote Usage
		Usr 0 00:00:00, Sys 0 00:00:00  -  Run Local Usage
		Usr 0 00:00:11, Sys 0 00:00:03  -  Total Remote Usage
		Usr 0 00:00:00, Sys 0 00:00:00  -  Total Local Usage
	703  -  Run Bytes Sent By Job
	10707  -  Run Bytes Received By Job
	703  -  Total Bytes Sent By Job
	10707  -  Total Bytes Received By Job
	Partitionable Resources :    Usage  Request Allocated 
	   Cpus                 :     0.04        1         1 
	   Disk (KB)            :    28     2048000   3695198 
	   Memory (MB)          :    69        2000      2000 
...
000 (339720.053.000) 01/29 15:56:41 Job submitted from host: <155.230.23.72:9618?addrs=155.230.23.72-9618&noUDP&sock=882541_4c40_3>
...
001 (339720.053.000) 01/29 15:58:02 Job executing on host: <155.230.21.100:9618?addrs=155.230.21.100-9618&noUDP&sock=9525_efac_48>
...
006 (339720.053.000) 01/29 15:58:10 Image size of job updated: 46560
	21  -  MemoryUsage of job (MB)
	20964  -  ResidentSetSize of job (KB)
...
005 (339720.053.000) 01/29 15:58:59 Job terminated.
	(1) Normal termination (return value 0)
		Usr 0 00:00:21, Sys 0 00:00:03  -  Run Remote Usage
		Usr 0 00:00:00, Sys 0 00:00:00  -  Run Local Usage
		Usr 0 00:00:21, Sys 0 00:00:03  -  Total Remote Usage
		Usr 0 00:00:00, Sys 0 00:00:00  -  Total Local Usage
	992  -  Run Bytes Sent By Job
	10696  -  Run Bytes Received By Job
	992  -  Total Bytes Sent By Job
	10696  -  Total Bytes Received By Job
	Partitionable Resources :    Usage  Request Allocated 
	   Cpus                 :     0.34        1         1 
	   Disk (KB)            :    29     2048000   3785181 
	   Memory (MB)          :    21        2000      2000 
...
