000 (47440.242.000) 12/19 19:07:28 Job submitted from host: <155.230.20.251:9618?addrs=155.230.20.251-9618&noUDP&sock=930313_ea96_3>
...
001 (47440.242.000) 12/19 19:58:30 Job executing on host: <155.230.21.120:9618?addrs=155.230.21.120-9618&noUDP&sock=13477_adf4_3>
...
006 (47440.242.000) 12/19 19:58:39 Image size of job updated: 298600
	218  -  MemoryUsage of job (MB)
	222928  -  ResidentSetSize of job (KB)
...
006 (47440.242.000) 12/19 19:58:45 Image size of job updated: 337268
	218  -  MemoryUsage of job (MB)
	222936  -  ResidentSetSize of job (KB)
...
005 (47440.242.000) 12/19 19:58:45 Job terminated.
	(1) Normal termination (return value 0)
		Usr 0 00:00:13, Sys 0 00:00:01  -  Run Remote Usage
		Usr 0 00:00:00, Sys 0 00:00:00  -  Run Local Usage
		Usr 0 00:00:13, Sys 0 00:00:01  -  Total Remote Usage
		Usr 0 00:00:00, Sys 0 00:00:00  -  Total Local Usage
	554  -  Run Bytes Sent By Job
	10413  -  Run Bytes Received By Job
	554  -  Total Bytes Sent By Job
	10413  -  Total Bytes Received By Job
	Partitionable Resources :    Usage  Request Allocated 
	   Cpus                 :     0.28        1         1 
	   Disk (KB)            :    28     2048000   3663831 
	   Memory (MB)          :   218        2000      2000 
...
000 (339717.242.000) 01/29 15:38:01 Job submitted from host: <155.230.23.72:9618?addrs=155.230.23.72-9618&noUDP&sock=882541_4c40_3>
...
009 (339717.242.000) 01/29 15:38:25 Job was aborted by the user.
	via condor_rm (by user choij)
...
000 (339718.242.000) 01/29 15:39:25 Job submitted from host: <155.230.23.72:9618?addrs=155.230.23.72-9618&noUDP&sock=882541_4c40_3>
...
001 (339718.242.000) 01/29 15:42:59 Job executing on host: <155.230.21.89:9618?addrs=155.230.21.89-9618&noUDP&sock=1545_51e9_37>
...
006 (339718.242.000) 01/29 15:43:07 Image size of job updated: 183436
	0  -  MemoryUsage of job (MB)
	0  -  ResidentSetSize of job (KB)
...
005 (339718.242.000) 01/29 15:43:07 Job terminated.
	(1) Normal termination (return value 1)
		Usr 0 00:00:05, Sys 0 00:00:00  -  Run Remote Usage
		Usr 0 00:00:00, Sys 0 00:00:00  -  Run Local Usage
		Usr 0 00:00:05, Sys 0 00:00:00  -  Total Remote Usage
		Usr 0 00:00:00, Sys 0 00:00:00  -  Total Local Usage
	1691  -  Run Bytes Sent By Job
	10651  -  Run Bytes Received By Job
	1691  -  Total Bytes Sent By Job
	10651  -  Total Bytes Received By Job
	Partitionable Resources :    Usage  Request Allocated 
	   Cpus                 :        0        1         1 
	   Disk (KB)            :       29  2048000   3799629 
	   Memory (MB)          :        0     2000      2000 
...
000 (339719.242.000) 01/29 15:52:31 Job submitted from host: <155.230.23.72:9618?addrs=155.230.23.72-9618&noUDP&sock=882541_4c40_3>
...
009 (339719.242.000) 01/29 15:54:51 Job was aborted by the user.
	via condor_rm (by user choij)
...
000 (339720.242.000) 01/29 15:56:41 Job submitted from host: <155.230.23.72:9618?addrs=155.230.23.72-9618&noUDP&sock=882541_4c40_3>
...
001 (339720.242.000) 01/29 15:59:56 Job executing on host: <155.230.21.86:9618?addrs=155.230.21.86-9618&noUDP&sock=20085_37c6_47>
...
006 (339720.242.000) 01/29 16:00:05 Image size of job updated: 290880
	211  -  MemoryUsage of job (MB)
	216052  -  ResidentSetSize of job (KB)
...
006 (339720.242.000) 01/29 16:00:12 Image size of job updated: 322328
	211  -  MemoryUsage of job (MB)
	216052  -  ResidentSetSize of job (KB)
...
005 (339720.242.000) 01/29 16:00:12 Job terminated.
	(1) Normal termination (return value 0)
		Usr 0 00:00:10, Sys 0 00:00:01  -  Run Remote Usage
		Usr 0 00:00:00, Sys 0 00:00:00  -  Run Local Usage
		Usr 0 00:00:10, Sys 0 00:00:01  -  Total Remote Usage
		Usr 0 00:00:00, Sys 0 00:00:00  -  Total Local Usage
	994  -  Run Bytes Sent By Job
	10696  -  Run Bytes Received By Job
	994  -  Total Bytes Sent By Job
	10696  -  Total Bytes Received By Job
	Partitionable Resources :    Usage  Request Allocated 
	   Cpus                 :        0        1         1 
	   Disk (KB)            :       29  2048000   3827117 
	   Memory (MB)          :      211     2000      2000 
...
