000 (56075.002.000) 05/03 14:18:12 Job submitted from host: <155.230.20.251:9618?addrs=155.230.20.251-9618+[2407-c000-c024-0-22cb-b653-2fd3-3109]-9618&noUDP&sock=1441242_b68e_19>
...
001 (56075.002.000) 05/03 14:27:45 Job executing on host: <155.230.21.119:9618?addrs=155.230.21.119-9618+[2407-c000-c024-0-beee-7bff-fe2f-e075]-9618&noUDP&sock=1648_f82a_3>
...
006 (56075.002.000) 05/03 14:27:54 Image size of job updated: 282684
	209  -  MemoryUsage of job (MB)
	213836  -  ResidentSetSize of job (KB)
...
005 (56075.002.000) 05/03 14:28:53 Job terminated.
	(1) Normal termination (return value 0)
		Usr 0 00:00:56, Sys 0 00:00:04  -  Run Remote Usage
		Usr 0 00:00:00, Sys 0 00:00:00  -  Run Local Usage
		Usr 0 00:00:56, Sys 0 00:00:04  -  Total Remote Usage
		Usr 0 00:00:00, Sys 0 00:00:00  -  Total Local Usage
	764  -  Run Bytes Sent By Job
	10545  -  Run Bytes Received By Job
	764  -  Total Bytes Sent By Job
	10545  -  Total Bytes Received By Job
	Partitionable Resources :    Usage  Request Allocated 
	   Cpus                 :     0.87        1         1 
	   Disk (KB)            :    29     2048000   3823374 
	   Memory (MB)          :   209        2000      2000 
...
