000 (62917.000.000) 07/12 19:12:51 Job submitted from host: <155.230.20.251:9618?addrs=155.230.20.251-9618&noUDP&sock=3762_ff60_3>
...
001 (62917.000.000) 07/12 19:13:14 Job executing on host: <155.230.21.38:9618?addrs=155.230.21.38-9618+[2407-c000-c024-0-226-18ff-fe94-3c0b]-9618&noUDP&sock=1300_4535_3>
...
006 (62917.000.000) 07/12 19:13:23 Image size of job updated: 5648
	5  -  MemoryUsage of job (MB)
	4284  -  ResidentSetSize of job (KB)
...
006 (62917.000.000) 07/12 19:13:32 Image size of job updated: 275200
	5  -  MemoryUsage of job (MB)
	4284  -  ResidentSetSize of job (KB)
...
004 (62917.000.000) 07/12 19:13:32 Job was evicted.
	(0) Job was not checkpointed.
		Usr 0 00:00:00, Sys 0 00:00:00  -  Run Remote Usage
		Usr 0 00:00:00, Sys 0 00:00:00  -  Run Local Usage
	0  -  Run Bytes Sent By Job
	10477  -  Run Bytes Received By Job
	Partitionable Resources :    Usage  Request Allocated 
	   Cpus                 :     0.03        1         1 
	   Disk (KB)            :    28     2048000   3811337 
	   Memory (MB)          :     5        2000      2000 
...
009 (62917.000.000) 07/12 19:13:32 Job was aborted by the user.
	via condor_rm (by user choij)
...
000 (62955.000.000) 07/12 19:13:45 Job submitted from host: <155.230.20.251:9618?addrs=155.230.20.251-9618&noUDP&sock=3762_ff60_3>
...
001 (62955.000.000) 07/12 19:13:51 Job executing on host: <155.230.21.71:9618?addrs=155.230.21.71-9618+[2407-c000-c024-0-e2cb-4eff-fe53-ceed]-9618&noUDP&sock=1337_a636_3>
...
006 (62955.000.000) 07/12 19:13:59 Image size of job updated: 22656
	9  -  MemoryUsage of job (MB)
	8688  -  ResidentSetSize of job (KB)
...
006 (62955.000.000) 07/12 19:16:35 Image size of job updated: 899632
	9  -  MemoryUsage of job (MB)
	8688  -  ResidentSetSize of job (KB)
...
005 (62955.000.000) 07/12 19:16:36 Job terminated.
	(1) Normal termination (return value 0)
		Usr 0 00:00:12, Sys 0 00:00:01  -  Run Remote Usage
		Usr 0 00:00:00, Sys 0 00:00:00  -  Run Local Usage
		Usr 0 00:00:12, Sys 0 00:00:01  -  Total Remote Usage
		Usr 0 00:00:00, Sys 0 00:00:00  -  Total Local Usage
	776  -  Run Bytes Sent By Job
	10471  -  Run Bytes Received By Job
	776  -  Total Bytes Sent By Job
	10471  -  Total Bytes Received By Job
	Partitionable Resources :    Usage  Request Allocated 
	   Cpus                 :     0.06        1         1 
	   Disk (KB)            :    29     2048000   3800354 
	   Memory (MB)          :     9        2000      2000 
...
