000 (62912.000.000) 07/12 19:12:48 Job submitted from host: <155.230.20.251:9618?addrs=155.230.20.251-9618&noUDP&sock=3762_ff60_3>
...
001 (62912.000.000) 07/12 19:12:50 Job executing on host: <155.230.21.75:9618?addrs=155.230.21.75-9618+[2407-c000-c024-0-e2cb-4eff-fe53-ced1]-9618&noUDP&sock=11499_ef9f_3>
...
006 (62912.000.000) 07/12 19:12:59 Image size of job updated: 53240
	21  -  MemoryUsage of job (MB)
	20600  -  ResidentSetSize of job (KB)
...
006 (62912.000.000) 07/12 19:13:34 Image size of job updated: 1119156
	1077  -  MemoryUsage of job (MB)
	1102548  -  ResidentSetSize of job (KB)
...
004 (62912.000.000) 07/12 19:13:34 Job was evicted.
	(0) Job was not checkpointed.
		Usr 0 00:00:41, Sys 0 00:00:06  -  Run Remote Usage
		Usr 0 00:00:00, Sys 0 00:00:00  -  Run Local Usage
	355  -  Run Bytes Sent By Job
	10478  -  Run Bytes Received By Job
	Partitionable Resources :    Usage  Request Allocated 
	   Cpus                 :                 1         1 
	   Disk (KB)            :       22  2048000   3914286 
	   Memory (MB)          :     1077     2000      2000 
...
009 (62912.000.000) 07/12 19:13:34 Job was aborted by the user.
	via condor_rm (by user choij)
...
000 (62950.000.000) 07/12 19:13:42 Job submitted from host: <155.230.20.251:9618?addrs=155.230.20.251-9618&noUDP&sock=3762_ff60_3>
...
001 (62950.000.000) 07/12 19:13:49 Job executing on host: <155.230.21.75:9618?addrs=155.230.21.75-9618+[2407-c000-c024-0-e2cb-4eff-fe53-ced1]-9618&noUDP&sock=11499_ef9f_3>
...
006 (62950.000.000) 07/12 19:13:58 Image size of job updated: 81148
	40  -  MemoryUsage of job (MB)
	40232  -  ResidentSetSize of job (KB)
...
005 (62950.000.000) 07/12 19:17:36 Job terminated.
	(1) Normal termination (return value 0)
		Usr 0 00:00:19, Sys 0 00:00:01  -  Run Remote Usage
		Usr 0 00:00:00, Sys 0 00:00:00  -  Run Local Usage
		Usr 0 00:00:19, Sys 0 00:00:01  -  Total Remote Usage
		Usr 0 00:00:00, Sys 0 00:00:00  -  Total Local Usage
	777  -  Run Bytes Sent By Job
	10472  -  Run Bytes Received By Job
	777  -  Total Bytes Sent By Job
	10472  -  Total Bytes Received By Job
	Partitionable Resources :    Usage  Request Allocated 
	   Cpus                 :                 1         1 
	   Disk (KB)            :       22  2048000   3914286 
	   Memory (MB)          :       40     2000      2000 
...
