000 (56076.005.000) 05/03 14:18:13 Job submitted from host: <155.230.20.251:9618?addrs=155.230.20.251-9618+[2407-c000-c024-0-22cb-b653-2fd3-3109]-9618&noUDP&sock=1441242_b68e_19>
...
001 (56076.005.000) 05/03 14:28:17 Job executing on host: <155.230.21.91:9618?addrs=155.230.21.91-9618+[2407-c000-c024-0-beae-c5ff-fe4e-98b4]-9618&noUDP&sock=28881_8ad1_3>
...
006 (56076.005.000) 05/03 14:28:25 Image size of job updated: 267692
	192  -  MemoryUsage of job (MB)
	196436  -  ResidentSetSize of job (KB)
...
006 (56076.005.000) 05/03 14:29:32 Image size of job updated: 267692
	194  -  MemoryUsage of job (MB)
	198532  -  ResidentSetSize of job (KB)
...
005 (56076.005.000) 05/03 14:29:32 Job terminated.
	(1) Normal termination (return value 0)
		Usr 0 00:01:03, Sys 0 00:00:06  -  Run Remote Usage
		Usr 0 00:00:00, Sys 0 00:00:00  -  Run Local Usage
		Usr 0 00:01:03, Sys 0 00:00:06  -  Total Remote Usage
		Usr 0 00:00:00, Sys 0 00:00:00  -  Total Local Usage
	764  -  Run Bytes Sent By Job
	10545  -  Run Bytes Received By Job
	764  -  Total Bytes Sent By Job
	10545  -  Total Bytes Received By Job
	Partitionable Resources :    Usage  Request Allocated 
	   Cpus                 :     0.94        1         1 
	   Disk (KB)            :    29     2048000   3821875 
	   Memory (MB)          :   194        2000      2000 
...
