000 (56076.009.000) 05/03 14:18:13 Job submitted from host: <155.230.20.251:9618?addrs=155.230.20.251-9618+[2407-c000-c024-0-22cb-b653-2fd3-3109]-9618&noUDP&sock=1441242_b68e_19>
...
001 (56076.009.000) 05/03 14:28:21 Job executing on host: <155.230.21.109:9618?addrs=155.230.21.109-9618+[2407-c000-c024-0-5246-5dff-fee4-3bac]-9618&noUDP&sock=32691_e2a6_3>
...
006 (56076.009.000) 05/03 14:28:30 Image size of job updated: 293396
	213  -  MemoryUsage of job (MB)
	217800  -  ResidentSetSize of job (KB)
...
006 (56076.009.000) 05/03 14:29:43 Image size of job updated: 349452
	213  -  MemoryUsage of job (MB)
	217868  -  ResidentSetSize of job (KB)
...
005 (56076.009.000) 05/03 14:29:43 Job terminated.
	(1) Normal termination (return value 0)
		Usr 0 00:01:12, Sys 0 00:00:07  -  Run Remote Usage
		Usr 0 00:00:00, Sys 0 00:00:00  -  Run Local Usage
		Usr 0 00:01:12, Sys 0 00:00:07  -  Total Remote Usage
		Usr 0 00:00:00, Sys 0 00:00:00  -  Total Local Usage
	765  -  Run Bytes Sent By Job
	10545  -  Run Bytes Received By Job
	765  -  Total Bytes Sent By Job
	10545  -  Total Bytes Received By Job
	Partitionable Resources :    Usage  Request Allocated 
	   Cpus                 :     0.03        1         1 
	   Disk (KB)            :    29     2048000   3819397 
	   Memory (MB)          :   213        2000      2000 
...
