000 (56076.001.000) 05/03 14:18:13 Job submitted from host: <155.230.20.251:9618?addrs=155.230.20.251-9618+[2407-c000-c024-0-22cb-b653-2fd3-3109]-9618&noUDP&sock=1441242_b68e_19>
...
001 (56076.001.000) 05/03 14:28:16 Job executing on host: <155.230.21.118:9618?addrs=155.230.21.118-9618+[2407-c000-c024-0-beee-7bff-fe2f-e069]-9618&noUDP&sock=2356_9938_3>
...
006 (56076.001.000) 05/03 14:28:25 Image size of job updated: 238028
	168  -  MemoryUsage of job (MB)
	171136  -  ResidentSetSize of job (KB)
...
006 (56076.001.000) 05/03 14:30:02 Image size of job updated: 238744
	168  -  MemoryUsage of job (MB)
	171400  -  ResidentSetSize of job (KB)
...
005 (56076.001.000) 05/03 14:30:02 Job terminated.
	(1) Normal termination (return value 0)
		Usr 0 00:01:33, Sys 0 00:00:07  -  Run Remote Usage
		Usr 0 00:00:00, Sys 0 00:00:00  -  Run Local Usage
		Usr 0 00:01:33, Sys 0 00:00:07  -  Total Remote Usage
		Usr 0 00:00:00, Sys 0 00:00:00  -  Total Local Usage
	764  -  Run Bytes Sent By Job
	10545  -  Run Bytes Received By Job
	764  -  Total Bytes Sent By Job
	10545  -  Total Bytes Received By Job
	Partitionable Resources :    Usage  Request Allocated 
	   Cpus                 :     0.93        1         1 
	   Disk (KB)            :    29     2048000   3836433 
	   Memory (MB)          :   168        2000      2000 
...
