000 (56076.007.000) 05/03 14:18:13 Job submitted from host: <155.230.20.251:9618?addrs=155.230.20.251-9618+[2407-c000-c024-0-22cb-b653-2fd3-3109]-9618&noUDP&sock=1441242_b68e_19>
...
001 (56076.007.000) 05/03 14:28:18 Job executing on host: <155.230.21.122:9618?addrs=155.230.21.122-9618+[2407-c000-c024-0-f279-59ff-fe20-ed74]-9618&noUDP&sock=12585_d779_3>
...
006 (56076.007.000) 05/03 14:28:26 Image size of job updated: 189536
	123  -  MemoryUsage of job (MB)
	125764  -  ResidentSetSize of job (KB)
...
006 (56076.007.000) 05/03 14:30:01 Image size of job updated: 348280
	123  -  MemoryUsage of job (MB)
	125768  -  ResidentSetSize of job (KB)
...
005 (56076.007.000) 05/03 14:30:01 Job terminated.
	(1) Normal termination (return value 0)
		Usr 0 00:01:26, Sys 0 00:00:07  -  Run Remote Usage
		Usr 0 00:00:00, Sys 0 00:00:00  -  Run Local Usage
		Usr 0 00:01:26, Sys 0 00:00:07  -  Total Remote Usage
		Usr 0 00:00:00, Sys 0 00:00:00  -  Total Local Usage
	764  -  Run Bytes Sent By Job
	10545  -  Run Bytes Received By Job
	764  -  Total Bytes Sent By Job
	10545  -  Total Bytes Received By Job
	Partitionable Resources :    Usage  Request Allocated 
	   Cpus                 :        0        1         1 
	   Disk (KB)            :       29  2048000   3833451 
	   Memory (MB)          :      123     2000      2000 
...
