000 (56073.006.000) 05/03 14:18:11 Job submitted from host: <155.230.20.251:9618?addrs=155.230.20.251-9618+[2407-c000-c024-0-22cb-b653-2fd3-3109]-9618&noUDP&sock=1441242_b68e_19>
...
001 (56073.006.000) 05/03 14:27:37 Job executing on host: <155.230.21.100:9618?addrs=155.230.21.100-9618+[2407-c000-c024-0-e2cb-4eff-fe53-cf10]-9618&noUDP&sock=3583_37ec_3>
...
006 (56073.006.000) 05/03 14:27:46 Image size of job updated: 55208
	23  -  MemoryUsage of job (MB)
	22984  -  ResidentSetSize of job (KB)
...
006 (56073.006.000) 05/03 14:31:15 Image size of job updated: 55208
	23  -  MemoryUsage of job (MB)
	23048  -  ResidentSetSize of job (KB)
...
005 (56073.006.000) 05/03 14:31:15 Job terminated.
	(1) Normal termination (return value 0)
		Usr 0 00:02:37, Sys 0 00:00:09  -  Run Remote Usage
		Usr 0 00:00:00, Sys 0 00:00:00  -  Run Local Usage
		Usr 0 00:02:37, Sys 0 00:00:09  -  Total Remote Usage
		Usr 0 00:00:00, Sys 0 00:00:00  -  Total Local Usage
	761  -  Run Bytes Sent By Job
	10536  -  Run Bytes Received By Job
	761  -  Total Bytes Sent By Job
	10536  -  Total Bytes Received By Job
	Partitionable Resources :    Usage  Request Allocated 
	   Cpus                 :     0.32        1         1 
	   Disk (KB)            :    29     2048000   3825882 
	   Memory (MB)          :    23        2000      2000 
...
