000 (56073.000.000) 05/03 14:18:11 Job submitted from host: <155.230.20.251:9618?addrs=155.230.20.251-9618+[2407-c000-c024-0-22cb-b653-2fd3-3109]-9618&noUDP&sock=1441242_b68e_19>
...
001 (56073.000.000) 05/03 14:27:35 Job executing on host: <155.230.21.117:9618?addrs=155.230.21.117-9618+[2407-c000-c024-0-e23f-49ff-fed6-226b]-9618&noUDP&sock=39909_d53e_3>
...
006 (56073.000.000) 05/03 14:27:44 Image size of job updated: 259124
	236  -  MemoryUsage of job (MB)
	241084  -  ResidentSetSize of job (KB)
...
005 (56073.000.000) 05/03 14:29:09 Job terminated.
	(1) Normal termination (return value 0)
		Usr 0 00:01:20, Sys 0 00:00:07  -  Run Remote Usage
		Usr 0 00:00:00, Sys 0 00:00:00  -  Run Local Usage
		Usr 0 00:01:20, Sys 0 00:00:07  -  Total Remote Usage
		Usr 0 00:00:00, Sys 0 00:00:00  -  Total Local Usage
	761  -  Run Bytes Sent By Job
	10536  -  Run Bytes Received By Job
	761  -  Total Bytes Sent By Job
	10536  -  Total Bytes Received By Job
	Partitionable Resources :    Usage  Request Allocated 
	   Cpus                 :     1.00        1         1 
	   Disk (KB)            :    29     2048000   3837579 
	   Memory (MB)          :   236        2000      2000 
...
