000 (56073.008.000) 05/03 14:18:11 Job submitted from host: <155.230.20.251:9618?addrs=155.230.20.251-9618+[2407-c000-c024-0-22cb-b653-2fd3-3109]-9618&noUDP&sock=1441242_b68e_19>
...
001 (56073.008.000) 05/03 14:27:38 Job executing on host: <155.230.21.118:9618?addrs=155.230.21.118-9618+[2407-c000-c024-0-beee-7bff-fe2f-e069]-9618&noUDP&sock=2356_9938_3>
...
006 (56073.008.000) 05/03 14:27:47 Image size of job updated: 114776
	66  -  MemoryUsage of job (MB)
	66944  -  ResidentSetSize of job (KB)
...
005 (56073.008.000) 05/03 14:29:54 Job terminated.
	(1) Normal termination (return value 0)
		Usr 0 00:01:55, Sys 0 00:00:08  -  Run Remote Usage
		Usr 0 00:00:00, Sys 0 00:00:00  -  Run Local Usage
		Usr 0 00:01:55, Sys 0 00:00:08  -  Total Remote Usage
		Usr 0 00:00:00, Sys 0 00:00:00  -  Total Local Usage
	761  -  Run Bytes Sent By Job
	10536  -  Run Bytes Received By Job
	761  -  Total Bytes Sent By Job
	10536  -  Total Bytes Received By Job
	Partitionable Resources :    Usage  Request Allocated 
	   Cpus                 :     0.96        1         1 
	   Disk (KB)            :    29     2048000   3836433 
	   Memory (MB)          :    66        2000      2000 
...
