000 (62934.000.000) 07/12 19:13:02 Job submitted from host: <155.230.20.251:9618?addrs=155.230.20.251-9618&noUDP&sock=3762_ff60_3>
...
001 (62934.000.000) 07/12 19:13:17 Job executing on host: <155.230.21.110:9618?addrs=155.230.21.110-9618+[2407-c000-c024-0-a60-6eff-fe15-eaba]-9618&noUDP&sock=1618_6453_3>
...
006 (62934.000.000) 07/12 19:13:26 Image size of job updated: 281272
	213  -  MemoryUsage of job (MB)
	217580  -  ResidentSetSize of job (KB)
...
006 (62934.000.000) 07/12 19:13:33 Image size of job updated: 5719296
	213  -  MemoryUsage of job (MB)
	217772  -  ResidentSetSize of job (KB)
...
009 (62934.000.000) 07/12 19:13:34 Job was aborted by the user.
	via condor_rm (by user choij)
...
009 (62934.000.000) 07/12 19:13:34 Job was aborted by the user.
	via condor_rm (by user choij)
...
000 (62972.000.000) 07/12 19:13:56 Job submitted from host: <155.230.20.251:9618?addrs=155.230.20.251-9618&noUDP&sock=3762_ff60_3>
...
001 (62972.000.000) 07/12 19:14:14 Job executing on host: <155.230.21.99:9618?addrs=155.230.21.99-9618+[2407-c000-c024-0-e2cb-4eff-fe53-cf0f]-9618&noUDP&sock=1409_0908_3>
...
006 (62972.000.000) 07/12 19:14:23 Image size of job updated: 272140
	196  -  MemoryUsage of job (MB)
	200240  -  ResidentSetSize of job (KB)
...
006 (62972.000.000) 07/12 19:19:23 Image size of job updated: 910588
	254  -  MemoryUsage of job (MB)
	259756  -  ResidentSetSize of job (KB)
...
006 (62972.000.000) 07/12 20:03:34 Image size of job updated: 926124
	254  -  MemoryUsage of job (MB)
	259756  -  ResidentSetSize of job (KB)
...
005 (62972.000.000) 07/12 20:03:35 Job terminated.
	(1) Normal termination (return value 0)
		Usr 0 00:02:11, Sys 0 00:00:02  -  Run Remote Usage
		Usr 0 00:00:00, Sys 0 00:00:00  -  Run Local Usage
		Usr 0 00:02:11, Sys 0 00:00:02  -  Total Remote Usage
		Usr 0 00:00:00, Sys 0 00:00:00  -  Total Local Usage
	783  -  Run Bytes Sent By Job
	10483  -  Run Bytes Received By Job
	783  -  Total Bytes Sent By Job
	10483  -  Total Bytes Received By Job
	Partitionable Resources :    Usage  Request Allocated 
	   Cpus                 :     0.04        1         1 
	   Disk (KB)            :    29     2048000   3799971 
	   Memory (MB)          :   254        2000      2000 
...
