000 (62935.000.000) 07/12 19:13:02 Job submitted from host: <155.230.20.251:9618?addrs=155.230.20.251-9618&noUDP&sock=3762_ff60_3>
...
001 (62935.000.000) 07/12 19:13:17 Job executing on host: <155.230.21.109:9618?addrs=155.230.21.109-9618+[2407-c000-c024-0-5246-5dff-fee4-3bac]-9618&noUDP&sock=1614_a5f2_3>
...
006 (62935.000.000) 07/12 19:13:26 Image size of job updated: 1471940
	1370  -  MemoryUsage of job (MB)
	1402840  -  ResidentSetSize of job (KB)
...
006 (62935.000.000) 07/12 19:13:30 Image size of job updated: 1472188
	1371  -  MemoryUsage of job (MB)
	1403088  -  ResidentSetSize of job (KB)
...
005 (62935.000.000) 07/12 19:13:30 Job terminated.
	(1) Normal termination (return value 0)
		Usr 0 00:00:50, Sys 0 00:00:04  -  Run Remote Usage
		Usr 0 00:00:00, Sys 0 00:00:00  -  Run Local Usage
		Usr 0 00:00:50, Sys 0 00:00:04  -  Total Remote Usage
		Usr 0 00:00:00, Sys 0 00:00:00  -  Total Local Usage
	3144  -  Run Bytes Sent By Job
	10489  -  Run Bytes Received By Job
	3144  -  Total Bytes Sent By Job
	10489  -  Total Bytes Received By Job
	Partitionable Resources :    Usage  Request Allocated 
	   Cpus                 :        0        1         1 
	   Disk (KB)            :       31  2048000   3783065 
	   Memory (MB)          :     1371     2000      2000 
...
000 (62973.000.000) 07/12 19:13:56 Job submitted from host: <155.230.20.251:9618?addrs=155.230.20.251-9618&noUDP&sock=3762_ff60_3>
...
001 (62973.000.000) 07/12 19:14:15 Job executing on host: <155.230.21.97:9618?addrs=155.230.21.97-9618+[2407-c000-c024-0-e2cb-4eff-fe4f-a69f]-9618&noUDP&sock=1409_0908_3>
...
006 (62973.000.000) 07/12 19:14:24 Image size of job updated: 203140
	133  -  MemoryUsage of job (MB)
	135984  -  ResidentSetSize of job (KB)
...
006 (62973.000.000) 07/12 19:19:25 Image size of job updated: 908572
	253  -  MemoryUsage of job (MB)
	258220  -  ResidentSetSize of job (KB)
...
006 (62973.000.000) 07/12 19:24:26 Image size of job updated: 908572
	253  -  MemoryUsage of job (MB)
	258228  -  ResidentSetSize of job (KB)
...
006 (62973.000.000) 07/12 19:29:27 Image size of job updated: 908572
	253  -  MemoryUsage of job (MB)
	258336  -  ResidentSetSize of job (KB)
...
006 (62973.000.000) 07/12 19:39:27 Image size of job updated: 908788
	253  -  MemoryUsage of job (MB)
	258348  -  ResidentSetSize of job (KB)
...
006 (62973.000.000) 07/12 20:08:13 Image size of job updated: 924308
	253  -  MemoryUsage of job (MB)
	258348  -  ResidentSetSize of job (KB)
...
005 (62973.000.000) 07/12 20:08:14 Job terminated.
	(1) Normal termination (return value 0)
		Usr 0 00:02:26, Sys 0 00:00:02  -  Run Remote Usage
		Usr 0 00:00:00, Sys 0 00:00:00  -  Run Local Usage
		Usr 0 00:02:26, Sys 0 00:00:02  -  Total Remote Usage
		Usr 0 00:00:00, Sys 0 00:00:00  -  Total Local Usage
	784  -  Run Bytes Sent By Job
	10483  -  Run Bytes Received By Job
	784  -  Total Bytes Sent By Job
	10483  -  Total Bytes Received By Job
	Partitionable Resources :    Usage  Request Allocated 
	   Cpus                 :     0.05        1         1 
	   Disk (KB)            :    29     2048000   3790164 
	   Memory (MB)          :   253        2000      2000 
...
