000 (56074.003.000) 05/03 14:18:12 Job submitted from host: <155.230.20.251:9618?addrs=155.230.20.251-9618+[2407-c000-c024-0-22cb-b653-2fd3-3109]-9618&noUDP&sock=1441242_b68e_19>
...
001 (56074.003.000) 05/03 14:27:41 Job executing on host: <155.230.21.122:9618?addrs=155.230.21.122-9618+[2407-c000-c024-0-f279-59ff-fe20-ed74]-9618&noUDP&sock=12585_d779_3>
...
006 (56074.003.000) 05/03 14:27:49 Image size of job updated: 200476
	148  -  MemoryUsage of job (MB)
	150996  -  ResidentSetSize of job (KB)
...
006 (56074.003.000) 05/03 14:28:34 Image size of job updated: 200476
	148  -  MemoryUsage of job (MB)
	151012  -  ResidentSetSize of job (KB)
...
005 (56074.003.000) 05/03 14:28:34 Job terminated.
	(1) Normal termination (return value 0)
		Usr 0 00:00:40, Sys 0 00:00:04  -  Run Remote Usage
		Usr 0 00:00:00, Sys 0 00:00:00  -  Run Local Usage
		Usr 0 00:00:40, Sys 0 00:00:04  -  Total Remote Usage
		Usr 0 00:00:00, Sys 0 00:00:00  -  Total Local Usage
	762  -  Run Bytes Sent By Job
	10542  -  Run Bytes Received By Job
	762  -  Total Bytes Sent By Job
	10542  -  Total Bytes Received By Job
	Partitionable Resources :    Usage  Request Allocated 
	   Cpus                 :     0.88        1         1 
	   Disk (KB)            :    29     2048000   3833451 
	   Memory (MB)          :   148        2000      2000 
...
