000 (56074.009.000) 05/03 14:18:12 Job submitted from host: <155.230.20.251:9618?addrs=155.230.20.251-9618+[2407-c000-c024-0-22cb-b653-2fd3-3109]-9618&noUDP&sock=1441242_b68e_19>
...
001 (56074.009.000) 05/03 14:27:42 Job executing on host: <155.230.21.84:9618?addrs=155.230.21.84-9618+[2407-c000-c024-0-beae-c5ff-fe4e-98ef]-9618&noUDP&sock=1753_fd9c_3>
...
006 (56074.009.000) 05/03 14:27:51 Image size of job updated: 301536
	222  -  MemoryUsage of job (MB)
	227140  -  ResidentSetSize of job (KB)
...
006 (56074.009.000) 05/03 14:28:12 Image size of job updated: 328472
	222  -  MemoryUsage of job (MB)
	227140  -  ResidentSetSize of job (KB)
...
005 (56074.009.000) 05/03 14:28:12 Job terminated.
	(1) Normal termination (return value 0)
		Usr 0 00:00:24, Sys 0 00:00:03  -  Run Remote Usage
		Usr 0 00:00:00, Sys 0 00:00:00  -  Run Local Usage
		Usr 0 00:00:24, Sys 0 00:00:03  -  Total Remote Usage
		Usr 0 00:00:00, Sys 0 00:00:00  -  Total Local Usage
	763  -  Run Bytes Sent By Job
	10542  -  Run Bytes Received By Job
	763  -  Total Bytes Sent By Job
	10542  -  Total Bytes Received By Job
	Partitionable Resources :    Usage  Request Allocated 
	   Cpus                 :        0        1         1 
	   Disk (KB)            :       29  2048000   3793708 
	   Memory (MB)          :      222     2000      2000 
...
