000 (56074.008.000) 05/03 14:18:12 Job submitted from host: <155.230.20.251:9618?addrs=155.230.20.251-9618+[2407-c000-c024-0-22cb-b653-2fd3-3109]-9618&noUDP&sock=1441242_b68e_19>
...
001 (56074.008.000) 05/03 14:27:41 Job executing on host: <155.230.21.86:9618?addrs=155.230.21.86-9618+[2407-c000-c024-0-f66d-4ff-fe3b-3d41]-9618&noUDP&sock=816_495e_3>
...
006 (56074.008.000) 05/03 14:27:49 Image size of job updated: 292148
	213  -  MemoryUsage of job (MB)
	217916  -  ResidentSetSize of job (KB)
...
005 (56074.008.000) 05/03 14:28:14 Job terminated.
	(1) Normal termination (return value 0)
		Usr 0 00:00:24, Sys 0 00:00:03  -  Run Remote Usage
		Usr 0 00:00:00, Sys 0 00:00:00  -  Run Local Usage
		Usr 0 00:00:24, Sys 0 00:00:03  -  Total Remote Usage
		Usr 0 00:00:00, Sys 0 00:00:00  -  Total Local Usage
	762  -  Run Bytes Sent By Job
	10542  -  Run Bytes Received By Job
	762  -  Total Bytes Sent By Job
	10542  -  Total Bytes Received By Job
	Partitionable Resources :    Usage  Request Allocated 
	   Cpus                 :     0.77        1         1 
	   Disk (KB)            :    29     2048000   3808244 
	   Memory (MB)          :   213        2000      2000 
...
