000 (56063.006.000) 05/03 14:01:10 Job submitted from host: <155.230.20.251:9618?addrs=155.230.20.251-9618+[2407-c000-c024-0-22cb-b653-2fd3-3109]-9618&noUDP&sock=1441242_b68e_19>
...
001 (56063.006.000) 05/03 14:01:17 Job executing on host: <155.230.21.94:9618?addrs=155.230.21.94-9618+[2407-c000-c024-0-f66d-4ff-fe50-cea0]-9618&noUDP&sock=16970_9643_3>
...
006 (56063.006.000) 05/03 14:01:25 Image size of job updated: 23100
	9  -  MemoryUsage of job (MB)
	8708  -  ResidentSetSize of job (KB)
...
006 (56063.006.000) 05/03 14:01:29 Image size of job updated: 82728
	40  -  MemoryUsage of job (MB)
	40540  -  ResidentSetSize of job (KB)
...
004 (56063.006.000) 05/03 14:01:29 Job was evicted.
	(0) Job was not checkpointed.
		Usr 0 00:00:01, Sys 0 00:00:00  -  Run Remote Usage
		Usr 0 00:00:00, Sys 0 00:00:00  -  Run Local Usage
	0  -  Run Bytes Sent By Job
	10498  -  Run Bytes Received By Job
	Partitionable Resources :    Usage  Request Allocated 
	   Cpus                 :                 1         1 
	   Disk (KB)            :       22  2048000   3826033 
	   Memory (MB)          :       40     2000      2000 
...
009 (56063.006.000) 05/03 14:01:29 Job was aborted by the user.
	via condor_rm (by user choij)
...
