000 (55040.000.000) 04/16 16:58:25 Job submitted from host: <155.230.20.251:9618?addrs=155.230.20.251-9618+[2407-c000-c024-0-22cb-b653-2fd3-3109]-9618&noUDP&sock=1441242_b68e_19>
...
001 (55040.000.000) 04/16 16:58:31 Job executing on host: <155.230.21.120:9618?addrs=155.230.21.120-9618+[2407-c000-c024-0-beee-7bff-fe2f-e091]-9618&noUDP&sock=29657_d04f_3>
...
006 (55040.000.000) 04/16 16:58:40 Image size of job updated: 8096
	4  -  MemoryUsage of job (MB)
	3960  -  ResidentSetSize of job (KB)
...
006 (55040.000.000) 04/16 16:58:43 Image size of job updated: 14372
	4  -  MemoryUsage of job (MB)
	3960  -  ResidentSetSize of job (KB)
...
004 (55040.000.000) 04/16 16:58:43 Job was evicted.
	(0) Job was not checkpointed.
		Usr 0 00:00:00, Sys 0 00:00:00  -  Run Remote Usage
		Usr 0 00:00:00, Sys 0 00:00:00  -  Run Local Usage
	0  -  Run Bytes Sent By Job
	10493  -  Run Bytes Received By Job
	Partitionable Resources :    Usage  Request Allocated 
	   Cpus                 :        0        1         1 
	   Disk (KB)            :       28  2048000   3835052 
	   Memory (MB)          :        4     2000      2000 
...
009 (55040.000.000) 04/16 16:58:43 Job was aborted by the user.
	via condor_rm (by user choij)
...
