000 (55040.011.000) 04/16 16:58:25 Job submitted from host: <155.230.20.251:9618?addrs=155.230.20.251-9618+[2407-c000-c024-0-22cb-b653-2fd3-3109]-9618&noUDP&sock=1441242_b68e_19>
...
001 (55040.011.000) 04/16 16:58:39 Job executing on host: <155.230.21.126:9618?addrs=155.230.21.126-9618+[2407-c000-c024-0-6e92-bfff-fe34-147e]-9618&noUDP&sock=26304_ef42_3>
...
006 (55040.011.000) 04/16 16:58:44 Image size of job updated: 18648
	7  -  MemoryUsage of job (MB)
	6240  -  ResidentSetSize of job (KB)
...
004 (55040.011.000) 04/16 16:58:44 Job was evicted.
	(0) Job was not checkpointed.
		Usr 0 00:00:00, Sys 0 00:00:00  -  Run Remote Usage
		Usr 0 00:00:00, Sys 0 00:00:00  -  Run Local Usage
	0  -  Run Bytes Sent By Job
	10493  -  Run Bytes Received By Job
	Partitionable Resources :    Usage  Request Allocated 
	   Cpus                 :        0        1         1 
	   Disk (KB)            :       28  2048000   3793902 
	   Memory (MB)          :        7     2000      2000 
...
009 (55040.011.000) 04/16 16:58:44 Job was aborted by the user.
	via condor_rm (by user choij)
...
