000 (56063.016.000) 05/03 14:01:10 Job submitted from host: <155.230.20.251:9618?addrs=155.230.20.251-9618+[2407-c000-c024-0-22cb-b653-2fd3-3109]-9618&noUDP&sock=1441242_b68e_19>
...
001 (56063.016.000) 05/03 14:01:22 Job executing on host: <155.230.21.114:9618?addrs=155.230.21.114-9618+[2407-c000-c024-0-beee-7bff-fe2f-e01d]-9618&noUDP&sock=1075_f066_3>
...
006 (56063.016.000) 05/03 14:01:30 Image size of job updated: 6636
	5  -  MemoryUsage of job (MB)
	4176  -  ResidentSetSize of job (KB)
...
004 (56063.016.000) 05/03 14:01:30 Job was evicted.
	(0) Job was not checkpointed.
		Usr 0 00:00:00, Sys 0 00:00:00  -  Run Remote Usage
		Usr 0 00:00:00, Sys 0 00:00:00  -  Run Local Usage
	0  -  Run Bytes Sent By Job
	10498  -  Run Bytes Received By Job
	Partitionable Resources :    Usage  Request Allocated 
	   Cpus                 :     0.03        1         1 
	   Disk (KB)            :    28     2048000   3742665 
	   Memory (MB)          :     5        2000      2000 
...
009 (56063.016.000) 05/03 14:01:30 Job was aborted by the user.
	via condor_rm (by user choij)
...
