000 (56063.009.000) 05/03 14:01:10 Job submitted from host: <155.230.20.251:9618?addrs=155.230.20.251-9618+[2407-c000-c024-0-22cb-b653-2fd3-3109]-9618&noUDP&sock=1441242_b68e_19>
...
001 (56063.009.000) 05/03 14:01:17 Job executing on host: <155.230.21.81:9618?addrs=155.230.21.81-9618+[2407-c000-c024-0-beae-c5ff-fe56-7fd2]-9618&noUDP&sock=1484_7aa2_3>
...
006 (56063.009.000) 05/03 14:01:25 Image size of job updated: 14480
	7  -  MemoryUsage of job (MB)
	6152  -  ResidentSetSize of job (KB)
...
006 (56063.009.000) 05/03 14:01:29 Image size of job updated: 30844
	12  -  MemoryUsage of job (MB)
	11768  -  ResidentSetSize of job (KB)
...
004 (56063.009.000) 05/03 14:01:29 Job was evicted.
	(0) Job was not checkpointed.
		Usr 0 00:00:00, Sys 0 00:00:00  -  Run Remote Usage
		Usr 0 00:00:00, Sys 0 00:00:00  -  Run Local Usage
	0  -  Run Bytes Sent By Job
	10498  -  Run Bytes Received By Job
	Partitionable Resources :    Usage  Request Allocated 
	   Cpus                 :        0        1         1 
	   Disk (KB)            :       28  2048000   3817707 
	   Memory (MB)          :       12     2000      2000 
...
009 (56063.009.000) 05/03 14:01:29 Job was aborted by the user.
	via condor_rm (by user choij)
...
