000 (56063.018.000) 05/03 14:01:10 Job submitted from host: <155.230.20.251:9618?addrs=155.230.20.251-9618+[2407-c000-c024-0-22cb-b653-2fd3-3109]-9618&noUDP&sock=1441242_b68e_19>
...
001 (56063.018.000) 05/03 14:01:18 Job executing on host: <155.230.21.113:9618?addrs=155.230.21.113-9618+[2407-c000-c024-0-a60-6eff-fe17-c80e]-9618&noUDP&sock=12001_442a_3>
...
006 (56063.018.000) 05/03 14:01:27 Image size of job updated: 5268
	4  -  MemoryUsage of job (MB)
	3956  -  ResidentSetSize of job (KB)
...
006 (56063.018.000) 05/03 14:01:30 Image size of job updated: 21100
	8  -  MemoryUsage of job (MB)
	7680  -  ResidentSetSize of job (KB)
...
004 (56063.018.000) 05/03 14:01:30 Job was evicted.
	(0) Job was not checkpointed.
		Usr 0 00:00:00, Sys 0 00:00:00  -  Run Remote Usage
		Usr 0 00:00:00, Sys 0 00:00:00  -  Run Local Usage
	0  -  Run Bytes Sent By Job
	10498  -  Run Bytes Received By Job
	Partitionable Resources :    Usage  Request Allocated 
	   Cpus                 :     0.09        1         1 
	   Disk (KB)            :    28     2048000   3834713 
	   Memory (MB)          :     8        2000      2000 
...
009 (56063.018.000) 05/03 14:01:30 Job was aborted by the user.
	via condor_rm (by user choij)
...
