000 (56063.019.000) 05/03 14:01:10 Job submitted from host: <155.230.20.251:9618?addrs=155.230.20.251-9618+[2407-c000-c024-0-22cb-b653-2fd3-3109]-9618&noUDP&sock=1441242_b68e_19>
...
001 (56063.019.000) 05/03 14:01:18 Job executing on host: <155.230.21.126:9618?addrs=155.230.21.126-9618+[2407-c000-c024-0-6e92-bfff-fe34-147e]-9618&noUDP&sock=26304_ef42_3>
...
006 (56063.019.000) 05/03 14:01:27 Image size of job updated: 85168
	43  -  MemoryUsage of job (MB)
	43500  -  ResidentSetSize of job (KB)
...
006 (56063.019.000) 05/03 14:01:30 Image size of job updated: 115456
	64  -  MemoryUsage of job (MB)
	65204  -  ResidentSetSize of job (KB)
...
004 (56063.019.000) 05/03 14:01:30 Job was evicted.
	(0) Job was not checkpointed.
		Usr 0 00:00:01, Sys 0 00:00:00  -  Run Remote Usage
		Usr 0 00:00:00, Sys 0 00:00:00  -  Run Local Usage
	200  -  Run Bytes Sent By Job
	10498  -  Run Bytes Received By Job
	Partitionable Resources :    Usage  Request Allocated 
	   Cpus                 :        0        1         1 
	   Disk (KB)            :       29  2048000   3793902 
	   Memory (MB)          :       64     2000      2000 
...
009 (56063.019.000) 05/03 14:01:30 Job was aborted by the user.
	via condor_rm (by user choij)
...
