000 (56063.012.000) 05/03 14:01:10 Job submitted from host: <155.230.20.251:9618?addrs=155.230.20.251-9618+[2407-c000-c024-0-22cb-b653-2fd3-3109]-9618&noUDP&sock=1441242_b68e_19>
...
001 (56063.012.000) 05/03 14:01:20 Job executing on host: <155.230.21.115:9618?addrs=155.230.21.115-9618+[2407-c000-c024-0-beee-7bff-fe2f-e035]-9618&noUDP&sock=25348_32b7_3>
...
006 (56063.012.000) 05/03 14:01:29 Image size of job updated: 117080
	66  -  MemoryUsage of job (MB)
	66880  -  ResidentSetSize of job (KB)
...
006 (56063.012.000) 05/03 14:01:30 Image size of job updated: 117080
	66  -  MemoryUsage of job (MB)
	66888  -  ResidentSetSize of job (KB)
...
004 (56063.012.000) 05/03 14:01:30 Job was evicted.
	(0) Job was not checkpointed.
		Usr 0 00:00:01, Sys 0 00:00:01  -  Run Remote Usage
		Usr 0 00:00:00, Sys 0 00:00:00  -  Run Local Usage
	200  -  Run Bytes Sent By Job
	10498  -  Run Bytes Received By Job
	Partitionable Resources :    Usage  Request Allocated 
	   Cpus                 :        0        1         1 
	   Disk (KB)            :       29  2048000   3785477 
	   Memory (MB)          :       66     2000      2000 
...
009 (56063.012.000) 05/03 14:01:30 Job was aborted by the user.
	via condor_rm (by user choij)
...
