000 (55040.003.000) 04/16 16:58:25 Job submitted from host: <155.230.20.251:9618?addrs=155.230.20.251-9618+[2407-c000-c024-0-22cb-b653-2fd3-3109]-9618&noUDP&sock=1441242_b68e_19>
...
001 (55040.003.000) 04/16 16:58:38 Job executing on host: <155.230.21.118:9618?addrs=155.230.21.118-9618+[2407-c000-c024-0-beee-7bff-fe2f-e069]-9618&noUDP&sock=2356_9938_3>
...
006 (55040.003.000) 04/16 16:58:43 Image size of job updated: 22556
	8  -  MemoryUsage of job (MB)
	7960  -  ResidentSetSize of job (KB)
...
004 (55040.003.000) 04/16 16:58:43 Job was evicted.
	(0) Job was not checkpointed.
		Usr 0 00:00:01, Sys 0 00:00:01  -  Run Remote Usage
		Usr 0 00:00:00, Sys 0 00:00:00  -  Run Local Usage
	0  -  Run Bytes Sent By Job
	10493  -  Run Bytes Received By Job
	Partitionable Resources :    Usage  Request Allocated 
	   Cpus                 :        0        1         1 
	   Disk (KB)            :       28  2048000   3836433 
	   Memory (MB)          :        8     2000      2000 
...
009 (55040.003.000) 04/16 16:58:43 Job was aborted by the user.
	via condor_rm (by user choij)
...
