000 (47438.283.000) 12/19 19:07:15 Job submitted from host: <155.230.20.251:9618?addrs=155.230.20.251-9618&noUDP&sock=930313_ea96_3>
...
001 (47438.283.000) 12/19 19:25:35 Job executing on host: <155.230.21.121:9618?addrs=155.230.21.121-9618&noUDP&sock=28110_b34c_3>
...
006 (47438.283.000) 12/19 19:25:44 Image size of job updated: 315008
	234  -  MemoryUsage of job (MB)
	238776  -  ResidentSetSize of job (KB)
...
006 (47438.283.000) 12/19 19:25:47 Image size of job updated: 331332
	234  -  MemoryUsage of job (MB)
	238776  -  ResidentSetSize of job (KB)
...
005 (47438.283.000) 12/19 19:25:47 Job terminated.
	(1) Normal termination (return value 0)
		Usr 0 00:00:10, Sys 0 00:00:00  -  Run Remote Usage
		Usr 0 00:00:00, Sys 0 00:00:00  -  Run Local Usage
		Usr 0 00:00:10, Sys 0 00:00:00  -  Total Remote Usage
		Usr 0 00:00:00, Sys 0 00:00:00  -  Total Local Usage
	555  -  Run Bytes Sent By Job
	10422  -  Run Bytes Received By Job
	555  -  Total Bytes Sent By Job
	10422  -  Total Bytes Received By Job
	Partitionable Resources :    Usage  Request Allocated 
	   Cpus                 :        0        1         1 
	   Disk (KB)            :       28  2048000   3709756 
	   Memory (MB)          :      234     2000      2000 
...
