000 (47438.474.000) 12/19 19:07:16 Job submitted from host: <155.230.20.251:9618?addrs=155.230.20.251-9618&noUDP&sock=930313_ea96_3>
...
001 (47438.474.000) 12/19 19:30:28 Job executing on host: <155.230.21.73:9618?addrs=155.230.21.73-9618&noUDP&sock=15554_5428_3>
...
006 (47438.474.000) 12/19 19:30:36 Image size of job updated: 20372
	9  -  MemoryUsage of job (MB)
	8416  -  ResidentSetSize of job (KB)
...
006 (47438.474.000) 12/19 19:31:34 Image size of job updated: 550568
	9  -  MemoryUsage of job (MB)
	8416  -  ResidentSetSize of job (KB)
...
005 (47438.474.000) 12/19 19:31:35 Job terminated.
	(1) Normal termination (return value 0)
		Usr 0 00:00:17, Sys 0 00:00:01  -  Run Remote Usage
		Usr 0 00:00:00, Sys 0 00:00:00  -  Run Local Usage
		Usr 0 00:00:17, Sys 0 00:00:01  -  Total Remote Usage
		Usr 0 00:00:00, Sys 0 00:00:00  -  Total Local Usage
	555  -  Run Bytes Sent By Job
	10422  -  Run Bytes Received By Job
	555  -  Total Bytes Sent By Job
	10422  -  Total Bytes Received By Job
	Partitionable Resources :    Usage  Request Allocated 
	   Cpus                 :     0.48        1         1 
	   Disk (KB)            :    28     2048000   3656096 
	   Memory (MB)          :     9        2000      2000 
...
