000 (47438.459.000) 12/19 19:07:16 Job submitted from host: <155.230.20.251:9618?addrs=155.230.20.251-9618&noUDP&sock=930313_ea96_3>
...
001 (47438.459.000) 12/19 19:29:36 Job executing on host: <155.230.21.119:9618?addrs=155.230.21.119-9618&noUDP&sock=7399_ad53_3>
...
006 (47438.459.000) 12/19 19:29:44 Image size of job updated: 285676
	209  -  MemoryUsage of job (MB)
	213356  -  ResidentSetSize of job (KB)
...
006 (47438.459.000) 12/19 19:29:51 Image size of job updated: 314204
	209  -  MemoryUsage of job (MB)
	213356  -  ResidentSetSize of job (KB)
...
005 (47438.459.000) 12/19 19:29:51 Job terminated.
	(1) Normal termination (return value 0)
		Usr 0 00:00:12, Sys 0 00:00:01  -  Run Remote Usage
		Usr 0 00:00:00, Sys 0 00:00:00  -  Run Local Usage
		Usr 0 00:00:12, Sys 0 00:00:01  -  Total Remote Usage
		Usr 0 00:00:00, Sys 0 00:00:00  -  Total Local Usage
	555  -  Run Bytes Sent By Job
	10422  -  Run Bytes Received By Job
	555  -  Total Bytes Sent By Job
	10422  -  Total Bytes Received By Job
	Partitionable Resources :    Usage  Request Allocated 
	   Cpus                 :     0.03        1         1 
	   Disk (KB)            :    28     2048000   3709467 
	   Memory (MB)          :   209        2000      2000 
...
000 (336700.459.000) 01/28 15:22:44 Job submitted from host: <155.230.23.72:9618?addrs=155.230.23.72-9618&noUDP&sock=882541_4c40_3>
...
009 (336700.459.000) 01/28 15:22:56 Job was aborted by the user.
	via condor_rm (by user choij)
...
000 (339722.459.000) 01/29 15:59:44 Job submitted from host: <155.230.23.72:9618?addrs=155.230.23.72-9618&noUDP&sock=882541_4c40_3>
...
009 (339722.459.000) 01/29 16:01:57 Job was aborted by the user.
	via condor_rm (by user choij)
...
000 (339724.459.000) 01/29 16:03:18 Job submitted from host: <155.230.23.72:9618?addrs=155.230.23.72-9618&noUDP&sock=882541_4c40_3>
...
001 (339724.459.000) 01/29 16:31:45 Job executing on host: <155.230.21.113:9618?addrs=155.230.21.113-9618+[2407-c000-c024-0-a60-6eff-fe17-c80e]-9618&noUDP&sock=3349_b6c3_3>
...
006 (339724.459.000) 01/29 16:31:53 Image size of job updated: 288312
	210  -  MemoryUsage of job (MB)
	214184  -  ResidentSetSize of job (KB)
...
006 (339724.459.000) 01/29 16:32:05 Image size of job updated: 317636
	210  -  MemoryUsage of job (MB)
	214184  -  ResidentSetSize of job (KB)
...
005 (339724.459.000) 01/29 16:32:05 Job terminated.
	(1) Normal termination (return value 0)
		Usr 0 00:00:11, Sys 0 00:00:03  -  Run Remote Usage
		Usr 0 00:00:00, Sys 0 00:00:00  -  Run Local Usage
		Usr 0 00:00:11, Sys 0 00:00:03  -  Total Remote Usage
		Usr 0 00:00:00, Sys 0 00:00:00  -  Total Local Usage
	720  -  Run Bytes Sent By Job
	10683  -  Run Bytes Received By Job
	720  -  Total Bytes Sent By Job
	10683  -  Total Bytes Received By Job
	Partitionable Resources :    Usage  Request Allocated 
	   Cpus                 :     1.07        1         1 
	   Disk (KB)            :    29     2048000   3787319 
	   Memory (MB)          :   210        2000      2000 
...
