000 (47438.215.000) 12/19 19:07:15 Job submitted from host: <155.230.20.251:9618?addrs=155.230.20.251-9618&noUDP&sock=930313_ea96_3>
...
001 (47438.215.000) 12/19 19:24:27 Job executing on host: <155.230.21.99:9618?addrs=155.230.21.99-9618&noUDP&sock=12118_84bf_3>
...
006 (47438.215.000) 12/19 19:24:35 Image size of job updated: 255820
	182  -  MemoryUsage of job (MB)
	186352  -  ResidentSetSize of job (KB)
...
006 (47438.215.000) 12/19 19:24:43 Image size of job updated: 350932
	183  -  MemoryUsage of job (MB)
	186780  -  ResidentSetSize of job (KB)
...
005 (47438.215.000) 12/19 19:24:44 Job terminated.
	(1) Normal termination (return value 0)
		Usr 0 00:00:13, Sys 0 00:00:01  -  Run Remote Usage
		Usr 0 00:00:00, Sys 0 00:00:00  -  Run Local Usage
		Usr 0 00:00:13, Sys 0 00:00:01  -  Total Remote Usage
		Usr 0 00:00:00, Sys 0 00:00:00  -  Total Local Usage
	555  -  Run Bytes Sent By Job
	10422  -  Run Bytes Received By Job
	555  -  Total Bytes Sent By Job
	10422  -  Total Bytes Received By Job
	Partitionable Resources :    Usage  Request Allocated 
	   Cpus                 :     0.03        1         1 
	   Disk (KB)            :    28     2048000   3707744 
	   Memory (MB)          :   183        2000      2000 
...
