000 (47438.154.000) 12/19 19:07:15 Job submitted from host: <155.230.20.251:9618?addrs=155.230.20.251-9618&noUDP&sock=930313_ea96_3>
...
001 (47438.154.000) 12/19 19:22:34 Job executing on host: <155.230.21.121:9618?addrs=155.230.21.121-9618&noUDP&sock=28110_b34c_3>
...
006 (47438.154.000) 12/19 19:22:42 Image size of job updated: 313404
	232  -  MemoryUsage of job (MB)
	237172  -  ResidentSetSize of job (KB)
...
006 (47438.154.000) 12/19 19:22:46 Image size of job updated: 343632
	232  -  MemoryUsage of job (MB)
	237172  -  ResidentSetSize of job (KB)
...
005 (47438.154.000) 12/19 19:22:46 Job terminated.
	(1) Normal termination (return value 0)
		Usr 0 00:00:10, Sys 0 00:00:00  -  Run Remote Usage
		Usr 0 00:00:00, Sys 0 00:00:00  -  Run Local Usage
		Usr 0 00:00:10, Sys 0 00:00:00  -  Total Remote Usage
		Usr 0 00:00:00, Sys 0 00:00:00  -  Total Local Usage
	555  -  Run Bytes Sent By Job
	10422  -  Run Bytes Received By Job
	555  -  Total Bytes Sent By Job
	10422  -  Total Bytes Received By Job
	Partitionable Resources :    Usage  Request Allocated 
	   Cpus                 :     0.03        1         1 
	   Disk (KB)            :    28     2048000   3709756 
	   Memory (MB)          :   232        2000      2000 
...
