000 (47438.435.000) 12/19 19:07:16 Job submitted from host: <155.230.20.251:9618?addrs=155.230.20.251-9618&noUDP&sock=930313_ea96_3>
...
001 (47438.435.000) 12/19 19:29:26 Job executing on host: <155.230.21.96:9618?addrs=155.230.21.96-9618&noUDP&sock=24703_c822_3>
...
006 (47438.435.000) 12/19 19:29:35 Image size of job updated: 275024
	199  -  MemoryUsage of job (MB)
	202848  -  ResidentSetSize of job (KB)
...
006 (47438.435.000) 12/19 19:29:43 Image size of job updated: 314484
	199  -  MemoryUsage of job (MB)
	202848  -  ResidentSetSize of job (KB)
...
005 (47438.435.000) 12/19 19:29:44 Job terminated.
	(1) Normal termination (return value 0)
		Usr 0 00:00:13, Sys 0 00:00:01  -  Run Remote Usage
		Usr 0 00:00:00, Sys 0 00:00:00  -  Run Local Usage
		Usr 0 00:00:13, Sys 0 00:00:01  -  Total Remote Usage
		Usr 0 00:00:00, Sys 0 00:00:00  -  Total Local Usage
	555  -  Run Bytes Sent By Job
	10422  -  Run Bytes Received By Job
	555  -  Total Bytes Sent By Job
	10422  -  Total Bytes Received By Job
	Partitionable Resources :    Usage  Request Allocated 
	   Cpus                 :        0        1         1 
	   Disk (KB)            :       28  2048000   3533127 
	   Memory (MB)          :      199     2000      2000 
...
000 (336700.435.000) 01/28 15:22:44 Job submitted from host: <155.230.23.72:9618?addrs=155.230.23.72-9618&noUDP&sock=882541_4c40_3>
...
009 (336700.435.000) 01/28 15:22:56 Job was aborted by the user.
	via condor_rm (by user choij)
...
000 (339722.435.000) 01/29 15:59:44 Job submitted from host: <155.230.23.72:9618?addrs=155.230.23.72-9618&noUDP&sock=882541_4c40_3>
...
009 (339722.435.000) 01/29 16:01:57 Job was aborted by the user.
	via condor_rm (by user choij)
...
000 (339724.435.000) 01/29 16:03:18 Job submitted from host: <155.230.23.72:9618?addrs=155.230.23.72-9618&noUDP&sock=882541_4c40_3>
...
001 (339724.435.000) 01/29 16:31:36 Job executing on host: <155.230.21.79:9618?addrs=155.230.21.79-9618&noUDP&sock=27572_ad58_48>
...
006 (339724.435.000) 01/29 16:31:44 Image size of job updated: 316764
	235  -  MemoryUsage of job (MB)
	240236  -  ResidentSetSize of job (KB)
...
006 (339724.435.000) 01/29 16:31:56 Image size of job updated: 318832
	235  -  MemoryUsage of job (MB)
	240236  -  ResidentSetSize of job (KB)
...
005 (339724.435.000) 01/29 16:31:56 Job terminated.
	(1) Normal termination (return value 0)
		Usr 0 00:00:10, Sys 0 00:00:03  -  Run Remote Usage
		Usr 0 00:00:00, Sys 0 00:00:00  -  Run Local Usage
		Usr 0 00:00:10, Sys 0 00:00:03  -  Total Remote Usage
		Usr 0 00:00:00, Sys 0 00:00:00  -  Total Local Usage
	720  -  Run Bytes Sent By Job
	10683  -  Run Bytes Received By Job
	720  -  Total Bytes Sent By Job
	10683  -  Total Bytes Received By Job
	Partitionable Resources :    Usage  Request Allocated 
	   Cpus                 :        0        1         1 
	   Disk (KB)            :       28  2048000   3841081 
	   Memory (MB)          :      235     2000      2000 
...
