000 (47438.063.000) 12/19 19:07:15 Job submitted from host: <155.230.20.251:9618?addrs=155.230.20.251-9618&noUDP&sock=930313_ea96_3>
...
001 (47438.063.000) 12/19 19:20:33 Job executing on host: <155.230.21.91:9618?addrs=155.230.21.91-9618&noUDP&sock=17349_8ca8_3>
...
006 (47438.063.000) 12/19 19:20:42 Image size of job updated: 313892
	233  -  MemoryUsage of job (MB)
	237852  -  ResidentSetSize of job (KB)
...
006 (47438.063.000) 12/19 19:20:44 Image size of job updated: 602108
	233  -  MemoryUsage of job (MB)
	237852  -  ResidentSetSize of job (KB)
...
005 (47438.063.000) 12/19 19:20:44 Job terminated.
	(1) Normal termination (return value 0)
		Usr 0 00:00:09, Sys 0 00:00:00  -  Run Remote Usage
		Usr 0 00:00:00, Sys 0 00:00:00  -  Run Local Usage
		Usr 0 00:00:09, Sys 0 00:00:00  -  Total Remote Usage
		Usr 0 00:00:00, Sys 0 00:00:00  -  Total Local Usage
	555  -  Run Bytes Sent By Job
	10422  -  Run Bytes Received By Job
	555  -  Total Bytes Sent By Job
	10422  -  Total Bytes Received By Job
	Partitionable Resources :    Usage  Request Allocated 
	   Cpus                 :        0        1         1 
	   Disk (KB)            :       28  2048000   3710322 
	   Memory (MB)          :      233     2000      2000 
...
000 (336700.063.000) 01/28 15:22:43 Job submitted from host: <155.230.23.72:9618?addrs=155.230.23.72-9618&noUDP&sock=882541_4c40_3>
...
009 (336700.063.000) 01/28 15:22:55 Job was aborted by the user.
	via condor_rm (by user choij)
...
000 (339722.063.000) 01/29 15:59:43 Job submitted from host: <155.230.23.72:9618?addrs=155.230.23.72-9618&noUDP&sock=882541_4c40_3>
...
009 (339722.063.000) 01/29 16:01:56 Job was aborted by the user.
	via condor_rm (by user choij)
...
000 (339724.063.000) 01/29 16:03:18 Job submitted from host: <155.230.23.72:9618?addrs=155.230.23.72-9618&noUDP&sock=882541_4c40_3>
...
001 (339724.063.000) 01/29 16:24:34 Job executing on host: <155.230.21.88:9618?addrs=155.230.21.88-9618&noUDP&sock=1537_d527_36>
...
006 (339724.063.000) 01/29 16:24:43 Image size of job updated: 301244
	220  -  MemoryUsage of job (MB)
	224716  -  ResidentSetSize of job (KB)
...
006 (339724.063.000) 01/29 16:24:49 Image size of job updated: 309396
	220  -  MemoryUsage of job (MB)
	224716  -  ResidentSetSize of job (KB)
...
005 (339724.063.000) 01/29 16:24:49 Job terminated.
	(1) Normal termination (return value 0)
		Usr 0 00:00:10, Sys 0 00:00:02  -  Run Remote Usage
		Usr 0 00:00:00, Sys 0 00:00:00  -  Run Local Usage
		Usr 0 00:00:10, Sys 0 00:00:02  -  Total Remote Usage
		Usr 0 00:00:00, Sys 0 00:00:00  -  Total Local Usage
	973  -  Run Bytes Sent By Job
	10683  -  Run Bytes Received By Job
	973  -  Total Bytes Sent By Job
	10683  -  Total Bytes Received By Job
	Partitionable Resources :    Usage  Request Allocated 
	   Cpus                 :        0        1         1 
	   Disk (KB)            :       29  2048000   3742428 
	   Memory (MB)          :      220     2000      2000 
...
