000 (47438.281.000) 12/19 19:07:15 Job submitted from host: <155.230.20.251:9618?addrs=155.230.20.251-9618&noUDP&sock=930313_ea96_3>
...
001 (47438.281.000) 12/19 19:25:35 Job executing on host: <155.230.21.120:9618?addrs=155.230.21.120-9618&noUDP&sock=13477_adf4_3>
...
006 (47438.281.000) 12/19 19:25:44 Image size of job updated: 291712
	212  -  MemoryUsage of job (MB)
	216684  -  ResidentSetSize of job (KB)
...
006 (47438.281.000) 12/19 19:25:50 Image size of job updated: 334504
	212  -  MemoryUsage of job (MB)
	216696  -  ResidentSetSize of job (KB)
...
005 (47438.281.000) 12/19 19:25:50 Job terminated.
	(1) Normal termination (return value 0)
		Usr 0 00:00:12, Sys 0 00:00:01  -  Run Remote Usage
		Usr 0 00:00:00, Sys 0 00:00:00  -  Run Local Usage
		Usr 0 00:00:12, Sys 0 00:00:01  -  Total Remote Usage
		Usr 0 00:00:00, Sys 0 00:00:00  -  Total Local Usage
	555  -  Run Bytes Sent By Job
	10422  -  Run Bytes Received By Job
	555  -  Total Bytes Sent By Job
	10422  -  Total Bytes Received By Job
	Partitionable Resources :    Usage  Request Allocated 
	   Cpus                 :        0        1         1 
	   Disk (KB)            :       28  2048000   3663831 
	   Memory (MB)          :      212     2000      2000 
...
000 (336700.281.000) 01/28 15:22:43 Job submitted from host: <155.230.23.72:9618?addrs=155.230.23.72-9618&noUDP&sock=882541_4c40_3>
...
009 (336700.281.000) 01/28 15:22:55 Job was aborted by the user.
	via condor_rm (by user choij)
...
000 (339722.281.000) 01/29 15:59:44 Job submitted from host: <155.230.23.72:9618?addrs=155.230.23.72-9618&noUDP&sock=882541_4c40_3>
...
009 (339722.281.000) 01/29 16:01:56 Job was aborted by the user.
	via condor_rm (by user choij)
...
000 (339724.281.000) 01/29 16:03:18 Job submitted from host: <155.230.23.72:9618?addrs=155.230.23.72-9618&noUDP&sock=882541_4c40_3>
...
001 (339724.281.000) 01/29 16:28:36 Job executing on host: <155.230.21.109:9618?addrs=155.230.21.109-9618&noUDP&sock=26104_c051_50>
...
006 (339724.281.000) 01/29 16:28:45 Image size of job updated: 291244
	212  -  MemoryUsage of job (MB)
	216416  -  ResidentSetSize of job (KB)
...
006 (339724.281.000) 01/29 16:29:00 Image size of job updated: 313492
	212  -  MemoryUsage of job (MB)
	216416  -  ResidentSetSize of job (KB)
...
005 (339724.281.000) 01/29 16:29:00 Job terminated.
	(1) Normal termination (return value 0)
		Usr 0 00:00:12, Sys 0 00:00:04  -  Run Remote Usage
		Usr 0 00:00:00, Sys 0 00:00:00  -  Run Local Usage
		Usr 0 00:00:12, Sys 0 00:00:04  -  Total Remote Usage
		Usr 0 00:00:00, Sys 0 00:00:00  -  Total Local Usage
	720  -  Run Bytes Sent By Job
	10683  -  Run Bytes Received By Job
	720  -  Total Bytes Sent By Job
	10683  -  Total Bytes Received By Job
	Partitionable Resources :    Usage  Request Allocated 
	   Cpus                 :        0        1         1 
	   Disk (KB)            :       28  2048000   3842254 
	   Memory (MB)          :      212     2000      2000 
...
