000 (47438.526.000) 12/19 19:07:16 Job submitted from host: <155.230.20.251:9618?addrs=155.230.20.251-9618&noUDP&sock=930313_ea96_3>
...
001 (47438.526.000) 12/19 19:31:26 Job executing on host: <155.230.21.99:9618?addrs=155.230.21.99-9618&noUDP&sock=12118_84bf_3>
...
006 (47438.526.000) 12/19 19:31:34 Image size of job updated: 273348
	197  -  MemoryUsage of job (MB)
	201172  -  ResidentSetSize of job (KB)
...
006 (47438.526.000) 12/19 19:31:42 Image size of job updated: 305888
	197  -  MemoryUsage of job (MB)
	201172  -  ResidentSetSize of job (KB)
...
005 (47438.526.000) 12/19 19:31:42 Job terminated.
	(1) Normal termination (return value 0)
		Usr 0 00:00:13, Sys 0 00:00:01  -  Run Remote Usage
		Usr 0 00:00:00, Sys 0 00:00:00  -  Run Local Usage
		Usr 0 00:00:13, Sys 0 00:00:01  -  Total Remote Usage
		Usr 0 00:00:00, Sys 0 00:00:00  -  Total Local Usage
	555  -  Run Bytes Sent By Job
	10422  -  Run Bytes Received By Job
	555  -  Total Bytes Sent By Job
	10422  -  Total Bytes Received By Job
	Partitionable Resources :    Usage  Request Allocated 
	   Cpus                 :     0.03        1         1 
	   Disk (KB)            :    28     2048000   3707744 
	   Memory (MB)          :   197        2000      2000 
...
000 (336700.526.000) 01/28 15:22:44 Job submitted from host: <155.230.23.72:9618?addrs=155.230.23.72-9618&noUDP&sock=882541_4c40_3>
...
009 (336700.526.000) 01/28 15:22:56 Job was aborted by the user.
	via condor_rm (by user choij)
...
000 (339722.526.000) 01/29 15:59:44 Job submitted from host: <155.230.23.72:9618?addrs=155.230.23.72-9618&noUDP&sock=882541_4c40_3>
...
009 (339722.526.000) 01/29 16:01:57 Job was aborted by the user.
	via condor_rm (by user choij)
...
000 (339724.526.000) 01/29 16:03:18 Job submitted from host: <155.230.23.72:9618?addrs=155.230.23.72-9618&noUDP&sock=882541_4c40_3>
...
001 (339724.526.000) 01/29 16:33:29 Job executing on host: <155.230.21.73:9618?addrs=155.230.21.73-9618&noUDP&sock=15554_5428_3>
...
006 (339724.526.000) 01/29 16:33:38 Image size of job updated: 117104
	66  -  MemoryUsage of job (MB)
	66940  -  ResidentSetSize of job (KB)
...
006 (339724.526.000) 01/29 16:34:48 Image size of job updated: 241024
	66  -  MemoryUsage of job (MB)
	66940  -  ResidentSetSize of job (KB)
...
005 (339724.526.000) 01/29 16:34:48 Job terminated.
	(1) Normal termination (return value 0)
		Usr 0 00:00:19, Sys 0 00:00:06  -  Run Remote Usage
		Usr 0 00:00:00, Sys 0 00:00:00  -  Run Local Usage
		Usr 0 00:00:19, Sys 0 00:00:06  -  Total Remote Usage
		Usr 0 00:00:00, Sys 0 00:00:00  -  Total Local Usage
	720  -  Run Bytes Sent By Job
	10683  -  Run Bytes Received By Job
	720  -  Total Bytes Sent By Job
	10683  -  Total Bytes Received By Job
	Partitionable Resources :    Usage  Request Allocated 
	   Cpus                 :     0.48        1         1 
	   Disk (KB)            :    29     2048000   3656096 
	   Memory (MB)          :    66        2000      2000 
...
