000 (47438.589.000) 12/19 19:07:16 Job submitted from host: <155.230.20.251:9618?addrs=155.230.20.251-9618&noUDP&sock=930313_ea96_3>
...
001 (47438.589.000) 12/19 19:32:32 Job executing on host: <155.230.21.110:9618?addrs=155.230.21.110-9618&noUDP&sock=15413_9d4e_3>
...
006 (47438.589.000) 12/19 19:32:40 Image size of job updated: 290692
	211  -  MemoryUsage of job (MB)
	215804  -  ResidentSetSize of job (KB)
...
006 (47438.589.000) 12/19 19:32:45 Image size of job updated: 314216
	211  -  MemoryUsage of job (MB)
	215812  -  ResidentSetSize of job (KB)
...
005 (47438.589.000) 12/19 19:32:45 Job terminated.
	(1) Normal termination (return value 0)
		Usr 0 00:00:10, Sys 0 00:00:01  -  Run Remote Usage
		Usr 0 00:00:00, Sys 0 00:00:00  -  Run Local Usage
		Usr 0 00:00:10, Sys 0 00:00:01  -  Total Remote Usage
		Usr 0 00:00:00, Sys 0 00:00:00  -  Total Local Usage
	555  -  Run Bytes Sent By Job
	10422  -  Run Bytes Received By Job
	555  -  Total Bytes Sent By Job
	10422  -  Total Bytes Received By Job
	Partitionable Resources :    Usage  Request Allocated 
	   Cpus                 :     0.47        1         1 
	   Disk (KB)            :    28     2048000   3709593 
	   Memory (MB)          :   211        2000      2000 
...
000 (336700.589.000) 01/28 15:22:44 Job submitted from host: <155.230.23.72:9618?addrs=155.230.23.72-9618&noUDP&sock=882541_4c40_3>
...
009 (336700.589.000) 01/28 15:22:56 Job was aborted by the user.
	via condor_rm (by user choij)
...
000 (339722.589.000) 01/29 15:59:44 Job submitted from host: <155.230.23.72:9618?addrs=155.230.23.72-9618&noUDP&sock=882541_4c40_3>
...
009 (339722.589.000) 01/29 16:01:57 Job was aborted by the user.
	via condor_rm (by user choij)
...
000 (339724.589.000) 01/29 16:03:18 Job submitted from host: <155.230.23.72:9618?addrs=155.230.23.72-9618&noUDP&sock=882541_4c40_3>
...
001 (339724.589.000) 01/29 16:34:32 Job executing on host: <155.230.21.100:9618?addrs=155.230.21.100-9618&noUDP&sock=9525_efac_48>
...
006 (339724.589.000) 01/29 16:34:40 Image size of job updated: 248340
	176  -  MemoryUsage of job (MB)
	180084  -  ResidentSetSize of job (KB)
...
006 (339724.589.000) 01/29 16:34:53 Image size of job updated: 310264
	176  -  MemoryUsage of job (MB)
	180084  -  ResidentSetSize of job (KB)
...
005 (339724.589.000) 01/29 16:34:53 Job terminated.
	(1) Normal termination (return value 0)
		Usr 0 00:00:14, Sys 0 00:00:03  -  Run Remote Usage
		Usr 0 00:00:00, Sys 0 00:00:00  -  Run Local Usage
		Usr 0 00:00:14, Sys 0 00:00:03  -  Total Remote Usage
		Usr 0 00:00:00, Sys 0 00:00:00  -  Total Local Usage
	974  -  Run Bytes Sent By Job
	10683  -  Run Bytes Received By Job
	974  -  Total Bytes Sent By Job
	10683  -  Total Bytes Received By Job
	Partitionable Resources :    Usage  Request Allocated 
	   Cpus                 :        0        1         1 
	   Disk (KB)            :       29  2048000   3785181 
	   Memory (MB)          :      176     2000      2000 
...
