000 (47438.349.000) 12/19 19:07:15 Job submitted from host: <155.230.20.251:9618?addrs=155.230.20.251-9618&noUDP&sock=930313_ea96_3>
...
001 (47438.349.000) 12/19 19:27:26 Job executing on host: <155.230.21.89:9618?addrs=155.230.21.89-9618&noUDP&sock=1545_51e9_3>
...
006 (47438.349.000) 12/19 19:27:34 Image size of job updated: 299472
	219  -  MemoryUsage of job (MB)
	223276  -  ResidentSetSize of job (KB)
...
006 (47438.349.000) 12/19 19:27:37 Image size of job updated: 299528
	219  -  MemoryUsage of job (MB)
	223284  -  ResidentSetSize of job (KB)
...
005 (47438.349.000) 12/19 19:27:37 Job terminated.
	(1) Normal termination (return value 0)
		Usr 0 00:00:09, Sys 0 00:00:00  -  Run Remote Usage
		Usr 0 00:00:00, Sys 0 00:00:00  -  Run Local Usage
		Usr 0 00:00:09, Sys 0 00:00:00  -  Total Remote Usage
		Usr 0 00:00:00, Sys 0 00:00:00  -  Total Local Usage
	555  -  Run Bytes Sent By Job
	10422  -  Run Bytes Received By Job
	555  -  Total Bytes Sent By Job
	10422  -  Total Bytes Received By Job
	Partitionable Resources :    Usage  Request Allocated 
	   Cpus                 :        0        1         1 
	   Disk (KB)            :       28  2048000   3564277 
	   Memory (MB)          :      219     2000      2000 
...
000 (336700.349.000) 01/28 15:22:44 Job submitted from host: <155.230.23.72:9618?addrs=155.230.23.72-9618&noUDP&sock=882541_4c40_3>
...
009 (336700.349.000) 01/28 15:22:56 Job was aborted by the user.
	via condor_rm (by user choij)
...
000 (339722.349.000) 01/29 15:59:44 Job submitted from host: <155.230.23.72:9618?addrs=155.230.23.72-9618&noUDP&sock=882541_4c40_3>
...
009 (339722.349.000) 01/29 16:01:56 Job was aborted by the user.
	via condor_rm (by user choij)
...
000 (339724.349.000) 01/29 16:03:18 Job submitted from host: <155.230.23.72:9618?addrs=155.230.23.72-9618&noUDP&sock=882541_4c40_3>
...
001 (339724.349.000) 01/29 16:29:40 Job executing on host: <155.230.21.120:9618?addrs=155.230.21.120-9618&noUDP&sock=13477_adf4_48>
...
006 (339724.349.000) 01/29 16:29:48 Image size of job updated: 275700
	199  -  MemoryUsage of job (MB)
	203064  -  ResidentSetSize of job (KB)
...
006 (339724.349.000) 01/29 16:30:00 Image size of job updated: 313260
	199  -  MemoryUsage of job (MB)
	203064  -  ResidentSetSize of job (KB)
...
005 (339724.349.000) 01/29 16:30:00 Job terminated.
	(1) Normal termination (return value 0)
		Usr 0 00:00:14, Sys 0 00:00:04  -  Run Remote Usage
		Usr 0 00:00:00, Sys 0 00:00:00  -  Run Local Usage
		Usr 0 00:00:14, Sys 0 00:00:04  -  Total Remote Usage
		Usr 0 00:00:00, Sys 0 00:00:00  -  Total Local Usage
	720  -  Run Bytes Sent By Job
	10683  -  Run Bytes Received By Job
	720  -  Total Bytes Sent By Job
	10683  -  Total Bytes Received By Job
	Partitionable Resources :    Usage  Request Allocated 
	   Cpus                 :        0        1         1 
	   Disk (KB)            :       28  2048000   3791748 
	   Memory (MB)          :      199     2000      2000 
...
