000 (47438.216.000) 12/19 19:07:15 Job submitted from host: <155.230.20.251:9618?addrs=155.230.20.251-9618&noUDP&sock=930313_ea96_3>
...
001 (47438.216.000) 12/19 19:24:27 Job executing on host: <155.230.21.98:9618?addrs=155.230.21.98-9618&noUDP&sock=16526_0a37_3>
...
006 (47438.216.000) 12/19 19:24:35 Image size of job updated: 188972
	122  -  MemoryUsage of job (MB)
	124576  -  ResidentSetSize of job (KB)
...
006 (47438.216.000) 12/19 19:24:47 Image size of job updated: 347540
	124  -  MemoryUsage of job (MB)
	126628  -  ResidentSetSize of job (KB)
...
005 (47438.216.000) 12/19 19:24:47 Job terminated.
	(1) Normal termination (return value 0)
		Usr 0 00:00:13, Sys 0 00:00:01  -  Run Remote Usage
		Usr 0 00:00:00, Sys 0 00:00:00  -  Run Local Usage
		Usr 0 00:00:13, Sys 0 00:00:01  -  Total Remote Usage
		Usr 0 00:00:00, Sys 0 00:00:00  -  Total Local Usage
	555  -  Run Bytes Sent By Job
	10422  -  Run Bytes Received By Job
	555  -  Total Bytes Sent By Job
	10422  -  Total Bytes Received By Job
	Partitionable Resources :    Usage  Request Allocated 
	   Cpus                 :        0        1         1 
	   Disk (KB)            :       28  2048000   3676021 
	   Memory (MB)          :      124     2000      2000 
...
000 (336700.216.000) 01/28 15:22:43 Job submitted from host: <155.230.23.72:9618?addrs=155.230.23.72-9618&noUDP&sock=882541_4c40_3>
...
009 (336700.216.000) 01/28 15:22:55 Job was aborted by the user.
	via condor_rm (by user choij)
...
000 (339722.216.000) 01/29 15:59:44 Job submitted from host: <155.230.23.72:9618?addrs=155.230.23.72-9618&noUDP&sock=882541_4c40_3>
...
009 (339722.216.000) 01/29 16:01:56 Job was aborted by the user.
	via condor_rm (by user choij)
...
000 (339724.216.000) 01/29 16:03:18 Job submitted from host: <155.230.23.72:9618?addrs=155.230.23.72-9618&noUDP&sock=882541_4c40_3>
...
001 (339724.216.000) 01/29 16:27:31 Job executing on host: <155.230.21.97:9618?addrs=155.230.21.97-9618&noUDP&sock=19004_bde6_47>
...
006 (339724.216.000) 01/29 16:27:39 Image size of job updated: 255376
	182  -  MemoryUsage of job (MB)
	185608  -  ResidentSetSize of job (KB)
...
006 (339724.216.000) 01/29 16:27:58 Image size of job updated: 311708
	182  -  MemoryUsage of job (MB)
	185676  -  ResidentSetSize of job (KB)
...
005 (339724.216.000) 01/29 16:27:58 Job terminated.
	(1) Normal termination (return value 0)
		Usr 0 00:00:15, Sys 0 00:00:04  -  Run Remote Usage
		Usr 0 00:00:00, Sys 0 00:00:00  -  Run Local Usage
		Usr 0 00:00:15, Sys 0 00:00:04  -  Total Remote Usage
		Usr 0 00:00:00, Sys 0 00:00:00  -  Total Local Usage
	720  -  Run Bytes Sent By Job
	10683  -  Run Bytes Received By Job
	720  -  Total Bytes Sent By Job
	10683  -  Total Bytes Received By Job
	Partitionable Resources :    Usage  Request Allocated 
	   Cpus                 :        0        1         1 
	   Disk (KB)            :       28  2048000   3784333 
	   Memory (MB)          :      182     2000      2000 
...
