000 (47438.447.000) 12/19 19:07:16 Job submitted from host: <155.230.20.251:9618?addrs=155.230.20.251-9618&noUDP&sock=930313_ea96_3>
...
001 (47438.447.000) 12/19 19:29:30 Job executing on host: <155.230.21.86:9618?addrs=155.230.21.86-9618&noUDP&sock=20085_37c6_3>
...
006 (47438.447.000) 12/19 19:29:39 Image size of job updated: 314344
	233  -  MemoryUsage of job (MB)
	238112  -  ResidentSetSize of job (KB)
...
006 (47438.447.000) 12/19 19:29:41 Image size of job updated: 347520
	233  -  MemoryUsage of job (MB)
	238112  -  ResidentSetSize of job (KB)
...
005 (47438.447.000) 12/19 19:29:41 Job terminated.
	(1) Normal termination (return value 0)
		Usr 0 00:00:09, Sys 0 00:00:00  -  Run Remote Usage
		Usr 0 00:00:00, Sys 0 00:00:00  -  Run Local Usage
		Usr 0 00:00:09, Sys 0 00:00:00  -  Total Remote Usage
		Usr 0 00:00:00, Sys 0 00:00:00  -  Total Local Usage
	555  -  Run Bytes Sent By Job
	10422  -  Run Bytes Received By Job
	555  -  Total Bytes Sent By Job
	10422  -  Total Bytes Received By Job
	Partitionable Resources :    Usage  Request Allocated 
	   Cpus                 :        0        1         1 
	   Disk (KB)            :       28  2048000   3665826 
	   Memory (MB)          :      233     2000      2000 
...
000 (336700.447.000) 01/28 15:22:44 Job submitted from host: <155.230.23.72:9618?addrs=155.230.23.72-9618&noUDP&sock=882541_4c40_3>
...
009 (336700.447.000) 01/28 15:22:56 Job was aborted by the user.
	via condor_rm (by user choij)
...
000 (339722.447.000) 01/29 15:59:44 Job submitted from host: <155.230.23.72:9618?addrs=155.230.23.72-9618&noUDP&sock=882541_4c40_3>
...
009 (339722.447.000) 01/29 16:01:57 Job was aborted by the user.
	via condor_rm (by user choij)
...
000 (339724.447.000) 01/29 16:03:18 Job submitted from host: <155.230.23.72:9618?addrs=155.230.23.72-9618&noUDP&sock=882541_4c40_3>
...
001 (339724.447.000) 01/29 16:31:41 Job executing on host: <155.230.21.82:9618?addrs=155.230.21.82-9618&noUDP&sock=1520_2c0b_36>
...
006 (339724.447.000) 01/29 16:31:50 Image size of job updated: 301024
	220  -  MemoryUsage of job (MB)
	224496  -  ResidentSetSize of job (KB)
...
006 (339724.447.000) 01/29 16:32:01 Image size of job updated: 316756
	220  -  MemoryUsage of job (MB)
	224500  -  ResidentSetSize of job (KB)
...
005 (339724.447.000) 01/29 16:32:01 Job terminated.
	(1) Normal termination (return value 0)
		Usr 0 00:00:11, Sys 0 00:00:03  -  Run Remote Usage
		Usr 0 00:00:00, Sys 0 00:00:00  -  Run Local Usage
		Usr 0 00:00:11, Sys 0 00:00:03  -  Total Remote Usage
		Usr 0 00:00:00, Sys 0 00:00:00  -  Total Local Usage
	720  -  Run Bytes Sent By Job
	10683  -  Run Bytes Received By Job
	720  -  Total Bytes Sent By Job
	10683  -  Total Bytes Received By Job
	Partitionable Resources :    Usage  Request Allocated 
	   Cpus                 :        0        1         1 
	   Disk (KB)            :       28  2048000   3786225 
	   Memory (MB)          :      220     2000      2000 
...
