000 (47438.351.000) 12/19 19:07:15 Job submitted from host: <155.230.20.251:9618?addrs=155.230.20.251-9618&noUDP&sock=930313_ea96_3>
...
001 (47438.351.000) 12/19 19:27:26 Job executing on host: <155.230.21.108:9618?addrs=155.230.21.108-9618&noUDP&sock=779_e85d_3>
...
006 (47438.351.000) 12/19 19:27:34 Image size of job updated: 300328
	219  -  MemoryUsage of job (MB)
	224232  -  ResidentSetSize of job (KB)
...
006 (47438.351.000) 12/19 19:27:39 Image size of job updated: 315000
	220  -  MemoryUsage of job (MB)
	224292  -  ResidentSetSize of job (KB)
...
005 (47438.351.000) 12/19 19:27:39 Job terminated.
	(1) Normal termination (return value 0)
		Usr 0 00:00:10, Sys 0 00:00:00  -  Run Remote Usage
		Usr 0 00:00:00, Sys 0 00:00:00  -  Run Local Usage
		Usr 0 00:00:10, Sys 0 00:00:00  -  Total Remote Usage
		Usr 0 00:00:00, Sys 0 00:00:00  -  Total Local Usage
	555  -  Run Bytes Sent By Job
	10422  -  Run Bytes Received By Job
	555  -  Total Bytes Sent By Job
	10422  -  Total Bytes Received By Job
	Partitionable Resources :    Usage  Request Allocated 
	   Cpus                 :        0        1         1 
	   Disk (KB)            :       28  2048000   3664171 
	   Memory (MB)          :      220     2000      2000 
...
000 (336700.351.000) 01/28 15:22:44 Job submitted from host: <155.230.23.72:9618?addrs=155.230.23.72-9618&noUDP&sock=882541_4c40_3>
...
009 (336700.351.000) 01/28 15:22:56 Job was aborted by the user.
	via condor_rm (by user choij)
...
000 (339722.351.000) 01/29 15:59:44 Job submitted from host: <155.230.23.72:9618?addrs=155.230.23.72-9618&noUDP&sock=882541_4c40_3>
...
009 (339722.351.000) 01/29 16:01:56 Job was aborted by the user.
	via condor_rm (by user choij)
...
000 (339724.351.000) 01/29 16:03:18 Job submitted from host: <155.230.23.72:9618?addrs=155.230.23.72-9618&noUDP&sock=882541_4c40_3>
...
001 (339724.351.000) 01/29 16:29:41 Job executing on host: <155.230.21.122:9618?addrs=155.230.21.122-9618&noUDP&sock=8358_78a6_48>
...
006 (339724.351.000) 01/29 16:29:50 Image size of job updated: 288116
	209  -  MemoryUsage of job (MB)
	213988  -  ResidentSetSize of job (KB)
...
006 (339724.351.000) 01/29 16:30:03 Image size of job updated: 315672
	209  -  MemoryUsage of job (MB)
	213988  -  ResidentSetSize of job (KB)
...
005 (339724.351.000) 01/29 16:30:03 Job terminated.
	(1) Normal termination (return value 0)
		Usr 0 00:00:14, Sys 0 00:00:04  -  Run Remote Usage
		Usr 0 00:00:00, Sys 0 00:00:00  -  Run Local Usage
		Usr 0 00:00:14, Sys 0 00:00:04  -  Total Remote Usage
		Usr 0 00:00:00, Sys 0 00:00:00  -  Total Local Usage
	720  -  Run Bytes Sent By Job
	10683  -  Run Bytes Received By Job
	720  -  Total Bytes Sent By Job
	10683  -  Total Bytes Received By Job
	Partitionable Resources :    Usage  Request Allocated 
	   Cpus                 :        0        1         1 
	   Disk (KB)            :       28  2048000   3788983 
	   Memory (MB)          :      209     2000      2000 
...
