000 (47438.258.000) 12/19 19:07:15 Job submitted from host: <155.230.20.251:9618?addrs=155.230.20.251-9618&noUDP&sock=930313_ea96_3>
...
001 (47438.258.000) 12/19 19:25:27 Job executing on host: <155.230.21.96:9618?addrs=155.230.21.96-9618&noUDP&sock=24703_c822_3>
...
006 (47438.258.000) 12/19 19:25:35 Image size of job updated: 120120
	68  -  MemoryUsage of job (MB)
	69176  -  ResidentSetSize of job (KB)
...
006 (47438.258.000) 12/19 19:25:48 Image size of job updated: 313908
	68  -  MemoryUsage of job (MB)
	69176  -  ResidentSetSize of job (KB)
...
005 (47438.258.000) 12/19 19:25:48 Job terminated.
	(1) Normal termination (return value 0)
		Usr 0 00:00:13, Sys 0 00:00:01  -  Run Remote Usage
		Usr 0 00:00:00, Sys 0 00:00:00  -  Run Local Usage
		Usr 0 00:00:13, Sys 0 00:00:01  -  Total Remote Usage
		Usr 0 00:00:00, Sys 0 00:00:00  -  Total Local Usage
	555  -  Run Bytes Sent By Job
	10422  -  Run Bytes Received By Job
	555  -  Total Bytes Sent By Job
	10422  -  Total Bytes Received By Job
	Partitionable Resources :    Usage  Request Allocated 
	   Cpus                 :        0        1         1 
	   Disk (KB)            :       28  2048000   3533127 
	   Memory (MB)          :       68     2000      2000 
...
000 (336700.258.000) 01/28 15:22:43 Job submitted from host: <155.230.23.72:9618?addrs=155.230.23.72-9618&noUDP&sock=882541_4c40_3>
...
009 (336700.258.000) 01/28 15:22:55 Job was aborted by the user.
	via condor_rm (by user choij)
...
000 (339722.258.000) 01/29 15:59:44 Job submitted from host: <155.230.23.72:9618?addrs=155.230.23.72-9618&noUDP&sock=882541_4c40_3>
...
009 (339722.258.000) 01/29 16:01:56 Job was aborted by the user.
	via condor_rm (by user choij)
...
000 (339724.258.000) 01/29 16:03:18 Job submitted from host: <155.230.23.72:9618?addrs=155.230.23.72-9618&noUDP&sock=882541_4c40_3>
...
001 (339724.258.000) 01/29 16:28:28 Job executing on host: <155.230.21.74:9618?addrs=155.230.21.74-9618&noUDP&sock=27134_3edd_3>
...
006 (339724.258.000) 01/29 16:28:38 Image size of job updated: 89080
	46  -  MemoryUsage of job (MB)
	46160  -  ResidentSetSize of job (KB)
...
006 (339724.258.000) 01/29 16:29:37 Image size of job updated: 247244
	46  -  MemoryUsage of job (MB)
	46160  -  ResidentSetSize of job (KB)
...
005 (339724.258.000) 01/29 16:29:38 Job terminated.
	(1) Normal termination (return value 0)
		Usr 0 00:00:19, Sys 0 00:00:05  -  Run Remote Usage
		Usr 0 00:00:00, Sys 0 00:00:00  -  Run Local Usage
		Usr 0 00:00:19, Sys 0 00:00:05  -  Total Remote Usage
		Usr 0 00:00:00, Sys 0 00:00:00  -  Total Local Usage
	720  -  Run Bytes Sent By Job
	10683  -  Run Bytes Received By Job
	720  -  Total Bytes Sent By Job
	10683  -  Total Bytes Received By Job
	Partitionable Resources :    Usage  Request Allocated 
	   Cpus                 :     0.13        1         1 
	   Disk (KB)            :    29     2048000   3665303 
	   Memory (MB)          :    46        2000      2000 
...
