000 (47438.542.000) 12/19 19:07:16 Job submitted from host: <155.230.20.251:9618?addrs=155.230.20.251-9618&noUDP&sock=930313_ea96_3>
...
001 (47438.542.000) 12/19 19:31:32 Job executing on host: <155.230.21.91:9618?addrs=155.230.21.91-9618&noUDP&sock=17349_8ca8_3>
...
006 (47438.542.000) 12/19 19:31:41 Image size of job updated: 290636
	211  -  MemoryUsage of job (MB)
	215828  -  ResidentSetSize of job (KB)
...
006 (47438.542.000) 12/19 19:31:45 Image size of job updated: 585744
	211  -  MemoryUsage of job (MB)
	215852  -  ResidentSetSize of job (KB)
...
005 (47438.542.000) 12/19 19:31:45 Job terminated.
	(1) Normal termination (return value 0)
		Usr 0 00:00:09, Sys 0 00:00:00  -  Run Remote Usage
		Usr 0 00:00:00, Sys 0 00:00:00  -  Run Local Usage
		Usr 0 00:00:09, Sys 0 00:00:00  -  Total Remote Usage
		Usr 0 00:00:00, Sys 0 00:00:00  -  Total Local Usage
	555  -  Run Bytes Sent By Job
	10422  -  Run Bytes Received By Job
	555  -  Total Bytes Sent By Job
	10422  -  Total Bytes Received By Job
	Partitionable Resources :    Usage  Request Allocated 
	   Cpus                 :     0.02        1         1 
	   Disk (KB)            :    28     2048000   3710322 
	   Memory (MB)          :   211        2000      2000 
...
