000 (47438.287.000) 12/19 19:07:15 Job submitted from host: <155.230.20.251:9618?addrs=155.230.20.251-9618&noUDP&sock=930313_ea96_3>
...
001 (47438.287.000) 12/19 19:25:38 Job executing on host: <155.230.21.122:9618?addrs=155.230.21.122-9618&noUDP&sock=8358_78a6_3>
...
006 (47438.287.000) 12/19 19:25:46 Image size of job updated: 279356
	203  -  MemoryUsage of job (MB)
	207036  -  ResidentSetSize of job (KB)
...
006 (47438.287.000) 12/19 19:25:53 Image size of job updated: 347220
	203  -  MemoryUsage of job (MB)
	207040  -  ResidentSetSize of job (KB)
...
005 (47438.287.000) 12/19 19:25:54 Job terminated.
	(1) Normal termination (return value 0)
		Usr 0 00:00:12, Sys 0 00:00:01  -  Run Remote Usage
		Usr 0 00:00:00, Sys 0 00:00:00  -  Run Local Usage
		Usr 0 00:00:12, Sys 0 00:00:01  -  Total Remote Usage
		Usr 0 00:00:00, Sys 0 00:00:00  -  Total Local Usage
	555  -  Run Bytes Sent By Job
	10422  -  Run Bytes Received By Job
	555  -  Total Bytes Sent By Job
	10422  -  Total Bytes Received By Job
	Partitionable Resources :    Usage  Request Allocated 
	   Cpus                 :        0        1         1 
	   Disk (KB)            :       28  2048000   3709702 
	   Memory (MB)          :      203     2000      2000 
...
