000 (47438.115.000) 12/19 19:07:15 Job submitted from host: <155.230.20.251:9618?addrs=155.230.20.251-9618&noUDP&sock=930313_ea96_3>
...
001 (47438.115.000) 12/19 19:21:36 Job executing on host: <155.230.21.105:9618?addrs=155.230.21.105-9618&noUDP&sock=23905_6b8e_3>
...
006 (47438.115.000) 12/19 19:21:44 Image size of job updated: 287248
	209  -  MemoryUsage of job (MB)
	213520  -  ResidentSetSize of job (KB)
...
006 (47438.115.000) 12/19 19:21:50 Image size of job updated: 315396
	209  -  MemoryUsage of job (MB)
	213520  -  ResidentSetSize of job (KB)
...
005 (47438.115.000) 12/19 19:21:50 Job terminated.
	(1) Normal termination (return value 0)
		Usr 0 00:00:11, Sys 0 00:00:00  -  Run Remote Usage
		Usr 0 00:00:00, Sys 0 00:00:00  -  Run Local Usage
		Usr 0 00:00:11, Sys 0 00:00:00  -  Total Remote Usage
		Usr 0 00:00:00, Sys 0 00:00:00  -  Total Local Usage
	555  -  Run Bytes Sent By Job
	10422  -  Run Bytes Received By Job
	555  -  Total Bytes Sent By Job
	10422  -  Total Bytes Received By Job
	Partitionable Resources :    Usage  Request Allocated 
	   Cpus                 :        0        1         1 
	   Disk (KB)            :       28  2048000   3709686 
	   Memory (MB)          :      209     2000      2000 
...
000 (336700.115.000) 01/28 15:22:43 Job submitted from host: <155.230.23.72:9618?addrs=155.230.23.72-9618&noUDP&sock=882541_4c40_3>
...
009 (336700.115.000) 01/28 15:22:55 Job was aborted by the user.
	via condor_rm (by user choij)
...
000 (339722.115.000) 01/29 15:59:43 Job submitted from host: <155.230.23.72:9618?addrs=155.230.23.72-9618&noUDP&sock=882541_4c40_3>
...
009 (339722.115.000) 01/29 16:01:56 Job was aborted by the user.
	via condor_rm (by user choij)
...
000 (339724.115.000) 01/29 16:03:18 Job submitted from host: <155.230.23.72:9618?addrs=155.230.23.72-9618&noUDP&sock=882541_4c40_3>
...
001 (339724.115.000) 01/29 16:25:33 Job executing on host: <155.230.21.92:9618?addrs=155.230.21.92-9618&noUDP&sock=30767_2e6f_50>
...
006 (339724.115.000) 01/29 16:25:42 Image size of job updated: 316904
	235  -  MemoryUsage of job (MB)
	240376  -  ResidentSetSize of job (KB)
...
006 (339724.115.000) 01/29 16:25:50 Image size of job updated: 1538524
	235  -  MemoryUsage of job (MB)
	240376  -  ResidentSetSize of job (KB)
...
005 (339724.115.000) 01/29 16:25:50 Job terminated.
	(1) Normal termination (return value 0)
		Usr 0 00:00:10, Sys 0 00:00:03  -  Run Remote Usage
		Usr 0 00:00:00, Sys 0 00:00:00  -  Run Local Usage
		Usr 0 00:00:10, Sys 0 00:00:03  -  Total Remote Usage
		Usr 0 00:00:00, Sys 0 00:00:00  -  Total Local Usage
	720  -  Run Bytes Sent By Job
	10683  -  Run Bytes Received By Job
	720  -  Total Bytes Sent By Job
	10683  -  Total Bytes Received By Job
	Partitionable Resources :    Usage  Request Allocated 
	   Cpus                 :        0        1         1 
	   Disk (KB)            :       28  2048000   3842821 
	   Memory (MB)          :      235     2000      2000 
...
