000 (47438.204.000) 12/19 19:07:15 Job submitted from host: <155.230.20.251:9618?addrs=155.230.20.251-9618&noUDP&sock=930313_ea96_3>
...
001 (47438.204.000) 12/19 19:23:35 Job executing on host: <155.230.21.115:9618?addrs=155.230.21.115-9618&noUDP&sock=905_554c_3>
...
006 (47438.204.000) 12/19 19:23:43 Image size of job updated: 294224
	214  -  MemoryUsage of job (MB)
	218996  -  ResidentSetSize of job (KB)
...
006 (47438.204.000) 12/19 19:23:48 Image size of job updated: 313416
	215  -  MemoryUsage of job (MB)
	219300  -  ResidentSetSize of job (KB)
...
005 (47438.204.000) 12/19 19:23:48 Job terminated.
	(1) Normal termination (return value 0)
		Usr 0 00:00:11, Sys 0 00:00:00  -  Run Remote Usage
		Usr 0 00:00:00, Sys 0 00:00:00  -  Run Local Usage
		Usr 0 00:00:11, Sys 0 00:00:00  -  Total Remote Usage
		Usr 0 00:00:00, Sys 0 00:00:00  -  Total Local Usage
	555  -  Run Bytes Sent By Job
	10422  -  Run Bytes Received By Job
	555  -  Total Bytes Sent By Job
	10422  -  Total Bytes Received By Job
	Partitionable Resources :    Usage  Request Allocated 
	   Cpus                 :     0.03        1         1 
	   Disk (KB)            :    28     2048000   3709762 
	   Memory (MB)          :   215        2000      2000 
...
