000 (47438.246.000) 12/19 19:07:15 Job submitted from host: <155.230.20.251:9618?addrs=155.230.20.251-9618&noUDP&sock=930313_ea96_3>
...
001 (47438.246.000) 12/19 19:24:37 Job executing on host: <155.230.21.115:9618?addrs=155.230.21.115-9618&noUDP&sock=905_554c_3>
...
006 (47438.246.000) 12/19 19:24:46 Image size of job updated: 314916
	234  -  MemoryUsage of job (MB)
	238684  -  ResidentSetSize of job (KB)
...
006 (47438.246.000) 12/19 19:24:51 Image size of job updated: 339088
	234  -  MemoryUsage of job (MB)
	238684  -  ResidentSetSize of job (KB)
...
005 (47438.246.000) 12/19 19:24:51 Job terminated.
	(1) Normal termination (return value 0)
		Usr 0 00:00:11, Sys 0 00:00:01  -  Run Remote Usage
		Usr 0 00:00:00, Sys 0 00:00:00  -  Run Local Usage
		Usr 0 00:00:11, Sys 0 00:00:01  -  Total Remote Usage
		Usr 0 00:00:00, Sys 0 00:00:00  -  Total Local Usage
	555  -  Run Bytes Sent By Job
	10422  -  Run Bytes Received By Job
	555  -  Total Bytes Sent By Job
	10422  -  Total Bytes Received By Job
	Partitionable Resources :    Usage  Request Allocated 
	   Cpus                 :        0        1         1 
	   Disk (KB)            :       28  2048000   3709762 
	   Memory (MB)          :      234     2000      2000 
...
000 (336700.246.000) 01/28 15:22:43 Job submitted from host: <155.230.23.72:9618?addrs=155.230.23.72-9618&noUDP&sock=882541_4c40_3>
...
009 (336700.246.000) 01/28 15:22:55 Job was aborted by the user.
	via condor_rm (by user choij)
...
000 (339722.246.000) 01/29 15:59:44 Job submitted from host: <155.230.23.72:9618?addrs=155.230.23.72-9618&noUDP&sock=882541_4c40_3>
...
009 (339722.246.000) 01/29 16:01:56 Job was aborted by the user.
	via condor_rm (by user choij)
...
000 (339724.246.000) 01/29 16:03:18 Job submitted from host: <155.230.23.72:9618?addrs=155.230.23.72-9618&noUDP&sock=882541_4c40_3>
...
001 (339724.246.000) 01/29 16:27:41 Job executing on host: <155.230.21.118:9618?addrs=155.230.21.118-9618&noUDP&sock=12615_6b51_47>
...
006 (339724.246.000) 01/29 16:27:49 Image size of job updated: 277288
	200  -  MemoryUsage of job (MB)
	204652  -  ResidentSetSize of job (KB)
...
006 (339724.246.000) 01/29 16:28:02 Image size of job updated: 310892
	200  -  MemoryUsage of job (MB)
	204652  -  ResidentSetSize of job (KB)
...
005 (339724.246.000) 01/29 16:28:02 Job terminated.
	(1) Normal termination (return value 0)
		Usr 0 00:00:14, Sys 0 00:00:04  -  Run Remote Usage
		Usr 0 00:00:00, Sys 0 00:00:00  -  Run Local Usage
		Usr 0 00:00:14, Sys 0 00:00:04  -  Total Remote Usage
		Usr 0 00:00:00, Sys 0 00:00:00  -  Total Local Usage
	720  -  Run Bytes Sent By Job
	10683  -  Run Bytes Received By Job
	720  -  Total Bytes Sent By Job
	10683  -  Total Bytes Received By Job
	Partitionable Resources :    Usage  Request Allocated 
	   Cpus                 :        0        1         1 
	   Disk (KB)            :       28  2048000   3791537 
	   Memory (MB)          :      200     2000      2000 
...
