000 (47438.269.000) 12/19 19:07:15 Job submitted from host: <155.230.20.251:9618?addrs=155.230.20.251-9618&noUDP&sock=930313_ea96_3>
...
001 (47438.269.000) 12/19 19:25:30 Job executing on host: <155.230.21.87:9618?addrs=155.230.21.87-9618&noUDP&sock=1550_bfe2_3>
...
006 (47438.269.000) 12/19 19:25:38 Image size of job updated: 317708
	236  -  MemoryUsage of job (MB)
	241476  -  ResidentSetSize of job (KB)
...
006 (47438.269.000) 12/19 19:25:41 Image size of job updated: 322540
	236  -  MemoryUsage of job (MB)
	241476  -  ResidentSetSize of job (KB)
...
005 (47438.269.000) 12/19 19:25:41 Job terminated.
	(1) Normal termination (return value 0)
		Usr 0 00:00:09, Sys 0 00:00:00  -  Run Remote Usage
		Usr 0 00:00:00, Sys 0 00:00:00  -  Run Local Usage
		Usr 0 00:00:09, Sys 0 00:00:00  -  Total Remote Usage
		Usr 0 00:00:00, Sys 0 00:00:00  -  Total Local Usage
	555  -  Run Bytes Sent By Job
	10422  -  Run Bytes Received By Job
	555  -  Total Bytes Sent By Job
	10422  -  Total Bytes Received By Job
	Partitionable Resources :    Usage  Request Allocated 
	   Cpus                 :        0        1         1 
	   Disk (KB)            :       28  2048000   3519388 
	   Memory (MB)          :      236     2000      2000 
...
