000 (47438.032.000) 12/19 19:07:15 Job submitted from host: <155.230.20.251:9618?addrs=155.230.20.251-9618&noUDP&sock=930313_ea96_3>
...
001 (47438.032.000) 12/19 19:19:35 Job executing on host: <155.230.21.122:9618?addrs=155.230.21.122-9618&noUDP&sock=8358_78a6_3>
...
006 (47438.032.000) 12/19 19:19:43 Image size of job updated: 280428
	204  -  MemoryUsage of job (MB)
	208108  -  ResidentSetSize of job (KB)
...
006 (47438.032.000) 12/19 19:19:50 Image size of job updated: 339316
	204  -  MemoryUsage of job (MB)
	208272  -  ResidentSetSize of job (KB)
...
005 (47438.032.000) 12/19 19:19:50 Job terminated.
	(1) Normal termination (return value 0)
		Usr 0 00:00:13, Sys 0 00:00:01  -  Run Remote Usage
		Usr 0 00:00:00, Sys 0 00:00:00  -  Run Local Usage
		Usr 0 00:00:13, Sys 0 00:00:01  -  Total Remote Usage
		Usr 0 00:00:00, Sys 0 00:00:00  -  Total Local Usage
	555  -  Run Bytes Sent By Job
	10422  -  Run Bytes Received By Job
	555  -  Total Bytes Sent By Job
	10422  -  Total Bytes Received By Job
	Partitionable Resources :    Usage  Request Allocated 
	   Cpus                 :        0        1         1 
	   Disk (KB)            :       28  2048000   3709702 
	   Memory (MB)          :      204     2000      2000 
...
