000 (47438.012.000) 12/19 19:07:15 Job submitted from host: <155.230.20.251:9618?addrs=155.230.20.251-9618&noUDP&sock=930313_ea96_3>
...
001 (47438.012.000) 12/19 19:19:29 Job executing on host: <155.230.21.112:9618?addrs=155.230.21.112-9618&noUDP&sock=22175_c8b6_3>
...
006 (47438.012.000) 12/19 19:19:38 Image size of job updated: 287220
	209  -  MemoryUsage of job (MB)
	213492  -  ResidentSetSize of job (KB)
...
006 (47438.012.000) 12/19 19:19:57 Image size of job updated: 349836
	209  -  MemoryUsage of job (MB)
	213492  -  ResidentSetSize of job (KB)
...
005 (47438.012.000) 12/19 19:19:57 Job terminated.
	(1) Normal termination (return value 0)
		Usr 0 00:00:10, Sys 0 00:00:00  -  Run Remote Usage
		Usr 0 00:00:00, Sys 0 00:00:00  -  Run Local Usage
		Usr 0 00:00:10, Sys 0 00:00:00  -  Total Remote Usage
		Usr 0 00:00:00, Sys 0 00:00:00  -  Total Local Usage
	555  -  Run Bytes Sent By Job
	10422  -  Run Bytes Received By Job
	555  -  Total Bytes Sent By Job
	10422  -  Total Bytes Received By Job
	Partitionable Resources :    Usage  Request Allocated 
	   Cpus                 :     0.02        1         1 
	   Disk (KB)            :    28     2048000   3661920 
	   Memory (MB)          :   209        2000      2000 
...
