000 (47438.517.000) 12/19 19:07:16 Job submitted from host: <155.230.20.251:9618?addrs=155.230.20.251-9618&noUDP&sock=930313_ea96_3>
...
001 (47438.517.000) 12/19 19:31:35 Job executing on host: <155.230.21.35:9618?addrs=155.230.21.35-9618&noUDP&sock=11940_6ce3_3>
...
006 (47438.517.000) 12/19 19:31:43 Image size of job updated: 117288
	66  -  MemoryUsage of job (MB)
	66868  -  ResidentSetSize of job (KB)
...
006 (47438.517.000) 12/19 19:32:13 Image size of job updated: 322836
	66  -  MemoryUsage of job (MB)
	66868  -  ResidentSetSize of job (KB)
...
005 (47438.517.000) 12/19 19:32:13 Job terminated.
	(1) Normal termination (return value 0)
		Usr 0 00:00:17, Sys 0 00:00:02  -  Run Remote Usage
		Usr 0 00:00:00, Sys 0 00:00:00  -  Run Local Usage
		Usr 0 00:00:17, Sys 0 00:00:02  -  Total Remote Usage
		Usr 0 00:00:00, Sys 0 00:00:00  -  Total Local Usage
	555  -  Run Bytes Sent By Job
	10422  -  Run Bytes Received By Job
	555  -  Total Bytes Sent By Job
	10422  -  Total Bytes Received By Job
	Partitionable Resources :    Usage  Request Allocated 
	   Cpus                 :        0        1         1 
	   Disk (KB)            :       28  2048000   3689027 
	   Memory (MB)          :       66     2000      2000 
...
