000 (47438.499.000) 12/19 19:07:16 Job submitted from host: <155.230.20.251:9618?addrs=155.230.20.251-9618&noUDP&sock=930313_ea96_3>
...
001 (47438.499.000) 12/19 19:30:34 Job executing on host: <155.230.21.110:9618?addrs=155.230.21.110-9618&noUDP&sock=15413_9d4e_3>
...
006 (47438.499.000) 12/19 19:30:43 Image size of job updated: 314996
	234  -  MemoryUsage of job (MB)
	238764  -  ResidentSetSize of job (KB)
...
006 (47438.499.000) 12/19 19:30:47 Image size of job updated: 325892
	234  -  MemoryUsage of job (MB)
	238764  -  ResidentSetSize of job (KB)
...
005 (47438.499.000) 12/19 19:30:48 Job terminated.
	(1) Normal termination (return value 0)
		Usr 0 00:00:10, Sys 0 00:00:00  -  Run Remote Usage
		Usr 0 00:00:00, Sys 0 00:00:00  -  Run Local Usage
		Usr 0 00:00:10, Sys 0 00:00:00  -  Total Remote Usage
		Usr 0 00:00:00, Sys 0 00:00:00  -  Total Local Usage
	555  -  Run Bytes Sent By Job
	10422  -  Run Bytes Received By Job
	555  -  Total Bytes Sent By Job
	10422  -  Total Bytes Received By Job
	Partitionable Resources :    Usage  Request Allocated 
	   Cpus                 :     0.03        1         1 
	   Disk (KB)            :    28     2048000   3709593 
	   Memory (MB)          :   234        2000      2000 
...
000 (336700.499.000) 01/28 15:22:44 Job submitted from host: <155.230.23.72:9618?addrs=155.230.23.72-9618&noUDP&sock=882541_4c40_3>
...
009 (336700.499.000) 01/28 15:22:56 Job was aborted by the user.
	via condor_rm (by user choij)
...
000 (339722.499.000) 01/29 15:59:44 Job submitted from host: <155.230.23.72:9618?addrs=155.230.23.72-9618&noUDP&sock=882541_4c40_3>
...
009 (339722.499.000) 01/29 16:01:57 Job was aborted by the user.
	via condor_rm (by user choij)
...
000 (339724.499.000) 01/29 16:03:18 Job submitted from host: <155.230.23.72:9618?addrs=155.230.23.72-9618&noUDP&sock=882541_4c40_3>
...
001 (339724.499.000) 01/29 16:32:37 Job executing on host: <155.230.21.86:9618?addrs=155.230.21.86-9618&noUDP&sock=20085_37c6_47>
...
006 (339724.499.000) 01/29 16:32:46 Image size of job updated: 303388
	222  -  MemoryUsage of job (MB)
	226860  -  ResidentSetSize of job (KB)
...
006 (339724.499.000) 01/29 16:32:54 Image size of job updated: 313980
	222  -  MemoryUsage of job (MB)
	226860  -  ResidentSetSize of job (KB)
...
005 (339724.499.000) 01/29 16:32:54 Job terminated.
	(1) Normal termination (return value 0)
		Usr 0 00:00:10, Sys 0 00:00:03  -  Run Remote Usage
		Usr 0 00:00:00, Sys 0 00:00:00  -  Run Local Usage
		Usr 0 00:00:10, Sys 0 00:00:03  -  Total Remote Usage
		Usr 0 00:00:00, Sys 0 00:00:00  -  Total Local Usage
	720  -  Run Bytes Sent By Job
	10683  -  Run Bytes Received By Job
	720  -  Total Bytes Sent By Job
	10683  -  Total Bytes Received By Job
	Partitionable Resources :    Usage  Request Allocated 
	   Cpus                 :     1.20        1         1 
	   Disk (KB)            :    28     2048000   3827117 
	   Memory (MB)          :   222        2000      2000 
...
