000 (47438.280.000) 12/19 19:07:15 Job submitted from host: <155.230.20.251:9618?addrs=155.230.20.251-9618&noUDP&sock=930313_ea96_3>
...
001 (47438.280.000) 12/19 19:25:32 Job executing on host: <155.230.21.90:9618?addrs=155.230.21.90-9618&noUDP&sock=1536_258f_3>
...
006 (47438.280.000) 12/19 19:25:40 Image size of job updated: 296116
	216  -  MemoryUsage of job (MB)
	220712  -  ResidentSetSize of job (KB)
...
006 (47438.280.000) 12/19 19:25:45 Image size of job updated: 306260
	216  -  MemoryUsage of job (MB)
	220720  -  ResidentSetSize of job (KB)
...
005 (47438.280.000) 12/19 19:25:45 Job terminated.
	(1) Normal termination (return value 0)
		Usr 0 00:00:09, Sys 0 00:00:00  -  Run Remote Usage
		Usr 0 00:00:00, Sys 0 00:00:00  -  Run Local Usage
		Usr 0 00:00:09, Sys 0 00:00:00  -  Total Remote Usage
		Usr 0 00:00:00, Sys 0 00:00:00  -  Total Local Usage
	555  -  Run Bytes Sent By Job
	10422  -  Run Bytes Received By Job
	555  -  Total Bytes Sent By Job
	10422  -  Total Bytes Received By Job
	Partitionable Resources :    Usage  Request Allocated 
	   Cpus                 :        0        1         1 
	   Disk (KB)            :       28  2048000   3712360 
	   Memory (MB)          :      216     2000      2000 
...
