000 (47438.311.000) 12/19 19:07:15 Job submitted from host: <155.230.20.251:9618?addrs=155.230.20.251-9618&noUDP&sock=930313_ea96_3>
...
001 (47438.311.000) 12/19 19:26:29 Job executing on host: <155.230.21.112:9618?addrs=155.230.21.112-9618&noUDP&sock=22175_c8b6_3>
...
006 (47438.311.000) 12/19 19:26:37 Image size of job updated: 287372
	209  -  MemoryUsage of job (MB)
	213644  -  ResidentSetSize of job (KB)
...
006 (47438.311.000) 12/19 19:26:43 Image size of job updated: 341628
	209  -  MemoryUsage of job (MB)
	213644  -  ResidentSetSize of job (KB)
...
005 (47438.311.000) 12/19 19:26:43 Job terminated.
	(1) Normal termination (return value 0)
		Usr 0 00:00:11, Sys 0 00:00:00  -  Run Remote Usage
		Usr 0 00:00:00, Sys 0 00:00:00  -  Run Local Usage
		Usr 0 00:00:11, Sys 0 00:00:00  -  Total Remote Usage
		Usr 0 00:00:00, Sys 0 00:00:00  -  Total Local Usage
	555  -  Run Bytes Sent By Job
	10422  -  Run Bytes Received By Job
	555  -  Total Bytes Sent By Job
	10422  -  Total Bytes Received By Job
	Partitionable Resources :    Usage  Request Allocated 
	   Cpus                 :        0        1         1 
	   Disk (KB)            :       28  2048000   3661920 
	   Memory (MB)          :      209     2000      2000 
...
