000 (47438.590.000) 12/19 19:07:16 Job submitted from host: <155.230.20.251:9618?addrs=155.230.20.251-9618&noUDP&sock=930313_ea96_3>
...
001 (47438.590.000) 12/19 19:32:32 Job executing on host: <155.230.21.84:9618?addrs=155.230.21.84-9618&noUDP&sock=1534_c65e_3>
...
006 (47438.590.000) 12/19 19:32:40 Image size of job updated: 315236
	234  -  MemoryUsage of job (MB)
	239004  -  ResidentSetSize of job (KB)
...
006 (47438.590.000) 12/19 19:32:43 Image size of job updated: 331704
	234  -  MemoryUsage of job (MB)
	239004  -  ResidentSetSize of job (KB)
...
005 (47438.590.000) 12/19 19:32:43 Job terminated.
	(1) Normal termination (return value 0)
		Usr 0 00:00:09, Sys 0 00:00:00  -  Run Remote Usage
		Usr 0 00:00:00, Sys 0 00:00:00  -  Run Local Usage
		Usr 0 00:00:09, Sys 0 00:00:00  -  Total Remote Usage
		Usr 0 00:00:00, Sys 0 00:00:00  -  Total Local Usage
	555  -  Run Bytes Sent By Job
	10422  -  Run Bytes Received By Job
	555  -  Total Bytes Sent By Job
	10422  -  Total Bytes Received By Job
	Partitionable Resources :    Usage  Request Allocated 
	   Cpus                 :     0.02        1         1 
	   Disk (KB)            :    28     2048000   3605424 
	   Memory (MB)          :   234        2000      2000 
...
000 (336700.590.000) 01/28 15:22:44 Job submitted from host: <155.230.23.72:9618?addrs=155.230.23.72-9618&noUDP&sock=882541_4c40_3>
...
009 (336700.590.000) 01/28 15:22:56 Job was aborted by the user.
	via condor_rm (by user choij)
...
000 (339722.590.000) 01/29 15:59:44 Job submitted from host: <155.230.23.72:9618?addrs=155.230.23.72-9618&noUDP&sock=882541_4c40_3>
...
009 (339722.590.000) 01/29 16:01:57 Job was aborted by the user.
	via condor_rm (by user choij)
...
000 (339724.590.000) 01/29 16:03:18 Job submitted from host: <155.230.23.72:9618?addrs=155.230.23.72-9618&noUDP&sock=882541_4c40_3>
...
001 (339724.590.000) 01/29 16:34:32 Job executing on host: <155.230.21.95:9618?addrs=155.230.21.95-9618+[2407-c000-c024-0-e2cb-4eff-fe53-cf1d]-9618&noUDP&sock=14962_4417_48>
...
006 (339724.590.000) 01/29 16:34:40 Image size of job updated: 261792
	187  -  MemoryUsage of job (MB)
	190924  -  ResidentSetSize of job (KB)
...
006 (339724.590.000) 01/29 16:34:53 Image size of job updated: 309604
	187  -  MemoryUsage of job (MB)
	191048  -  ResidentSetSize of job (KB)
...
005 (339724.590.000) 01/29 16:34:54 Job terminated.
	(1) Normal termination (return value 0)
		Usr 0 00:00:15, Sys 0 00:00:03  -  Run Remote Usage
		Usr 0 00:00:00, Sys 0 00:00:00  -  Run Local Usage
		Usr 0 00:00:15, Sys 0 00:00:03  -  Total Remote Usage
		Usr 0 00:00:00, Sys 0 00:00:00  -  Total Local Usage
	974  -  Run Bytes Sent By Job
	10683  -  Run Bytes Received By Job
	974  -  Total Bytes Sent By Job
	10683  -  Total Bytes Received By Job
	Partitionable Resources :    Usage  Request Allocated 
	   Cpus                 :                 1         1 
	   Disk (KB)            :       23  2048000  18931057 
	   Memory (MB)          :      187     2000      2000 
...
