000 (47438.587.000) 12/19 19:07:16 Job submitted from host: <155.230.20.251:9618?addrs=155.230.20.251-9618&noUDP&sock=930313_ea96_3>
...
001 (47438.587.000) 12/19 19:32:31 Job executing on host: <155.230.21.91:9618?addrs=155.230.21.91-9618&noUDP&sock=17349_8ca8_3>
...
006 (47438.587.000) 12/19 19:32:40 Image size of job updated: 312436
	231  -  MemoryUsage of job (MB)
	236280  -  ResidentSetSize of job (KB)
...
006 (47438.587.000) 12/19 19:32:44 Image size of job updated: 341140
	231  -  MemoryUsage of job (MB)
	236280  -  ResidentSetSize of job (KB)
...
005 (47438.587.000) 12/19 19:32:44 Job terminated.
	(1) Normal termination (return value 0)
		Usr 0 00:00:09, Sys 0 00:00:00  -  Run Remote Usage
		Usr 0 00:00:00, Sys 0 00:00:00  -  Run Local Usage
		Usr 0 00:00:09, Sys 0 00:00:00  -  Total Remote Usage
		Usr 0 00:00:00, Sys 0 00:00:00  -  Total Local Usage
	555  -  Run Bytes Sent By Job
	10422  -  Run Bytes Received By Job
	555  -  Total Bytes Sent By Job
	10422  -  Total Bytes Received By Job
	Partitionable Resources :    Usage  Request Allocated 
	   Cpus                 :     0.02        1         1 
	   Disk (KB)            :    28     2048000   3710322 
	   Memory (MB)          :   231        2000      2000 
...
000 (336700.587.000) 01/28 15:22:44 Job submitted from host: <155.230.23.72:9618?addrs=155.230.23.72-9618&noUDP&sock=882541_4c40_3>
...
009 (336700.587.000) 01/28 15:22:56 Job was aborted by the user.
	via condor_rm (by user choij)
...
000 (339722.587.000) 01/29 15:59:44 Job submitted from host: <155.230.23.72:9618?addrs=155.230.23.72-9618&noUDP&sock=882541_4c40_3>
...
009 (339722.587.000) 01/29 16:01:57 Job was aborted by the user.
	via condor_rm (by user choij)
...
000 (339724.587.000) 01/29 16:03:18 Job submitted from host: <155.230.23.72:9618?addrs=155.230.23.72-9618&noUDP&sock=882541_4c40_3>
...
001 (339724.587.000) 01/29 16:34:31 Job executing on host: <155.230.21.97:9618?addrs=155.230.21.97-9618&noUDP&sock=19004_bde6_47>
...
006 (339724.587.000) 01/29 16:34:39 Image size of job updated: 238820
	168  -  MemoryUsage of job (MB)
	171032  -  ResidentSetSize of job (KB)
...
006 (339724.587.000) 01/29 16:34:55 Image size of job updated: 311140
	168  -  MemoryUsage of job (MB)
	171204  -  ResidentSetSize of job (KB)
...
005 (339724.587.000) 01/29 16:34:56 Job terminated.
	(1) Normal termination (return value 0)
		Usr 0 00:00:14, Sys 0 00:00:03  -  Run Remote Usage
		Usr 0 00:00:00, Sys 0 00:00:00  -  Run Local Usage
		Usr 0 00:00:14, Sys 0 00:00:03  -  Total Remote Usage
		Usr 0 00:00:00, Sys 0 00:00:00  -  Total Local Usage
	974  -  Run Bytes Sent By Job
	10683  -  Run Bytes Received By Job
	974  -  Total Bytes Sent By Job
	10683  -  Total Bytes Received By Job
	Partitionable Resources :    Usage  Request Allocated 
	   Cpus                 :        0        1         1 
	   Disk (KB)            :       29  2048000   3784333 
	   Memory (MB)          :      168     2000      2000 
...
