000 (47438.395.000) 12/19 19:07:15 Job submitted from host: <155.230.20.251:9618?addrs=155.230.20.251-9618&noUDP&sock=930313_ea96_3>
...
001 (47438.395.000) 12/19 19:28:26 Job executing on host: <155.230.21.108:9618?addrs=155.230.21.108-9618&noUDP&sock=779_e85d_3>
...
006 (47438.395.000) 12/19 19:28:35 Image size of job updated: 313276
	232  -  MemoryUsage of job (MB)
	237132  -  ResidentSetSize of job (KB)
...
005 (47438.395.000) 12/19 19:28:39 Job terminated.
	(1) Normal termination (return value 0)
		Usr 0 00:00:10, Sys 0 00:00:00  -  Run Remote Usage
		Usr 0 00:00:00, Sys 0 00:00:00  -  Run Local Usage
		Usr 0 00:00:10, Sys 0 00:00:00  -  Total Remote Usage
		Usr 0 00:00:00, Sys 0 00:00:00  -  Total Local Usage
	555  -  Run Bytes Sent By Job
	10422  -  Run Bytes Received By Job
	555  -  Total Bytes Sent By Job
	10422  -  Total Bytes Received By Job
	Partitionable Resources :    Usage  Request Allocated 
	   Cpus                 :                 1         1 
	   Disk (KB)            :       22  2048000   3664171 
	   Memory (MB)          :      232     2000      2000 
...
