000 (47438.174.000) 12/19 19:07:15 Job submitted from host: <155.230.20.251:9618?addrs=155.230.20.251-9618&noUDP&sock=930313_ea96_3>
...
001 (47438.174.000) 12/19 19:23:25 Job executing on host: <155.230.21.98:9618?addrs=155.230.21.98-9618&noUDP&sock=16526_0a37_3>
...
006 (47438.174.000) 12/19 19:23:33 Image size of job updated: 190220
	123  -  MemoryUsage of job (MB)
	125820  -  ResidentSetSize of job (KB)
...
006 (47438.174.000) 12/19 19:23:44 Image size of job updated: 316240
	123  -  MemoryUsage of job (MB)
	125824  -  ResidentSetSize of job (KB)
...
005 (47438.174.000) 12/19 19:23:44 Job terminated.
	(1) Normal termination (return value 0)
		Usr 0 00:00:13, Sys 0 00:00:01  -  Run Remote Usage
		Usr 0 00:00:00, Sys 0 00:00:00  -  Run Local Usage
		Usr 0 00:00:13, Sys 0 00:00:01  -  Total Remote Usage
		Usr 0 00:00:00, Sys 0 00:00:00  -  Total Local Usage
	555  -  Run Bytes Sent By Job
	10422  -  Run Bytes Received By Job
	555  -  Total Bytes Sent By Job
	10422  -  Total Bytes Received By Job
	Partitionable Resources :    Usage  Request Allocated 
	   Cpus                 :                 1         1 
	   Disk (KB)            :       22  2048000   3676021 
	   Memory (MB)          :      123     2000      2000 
...
