000 (47438.021.000) 12/19 19:07:15 Job submitted from host: <155.230.20.251:9618?addrs=155.230.20.251-9618&noUDP&sock=930313_ea96_3>
...
001 (47438.021.000) 12/19 19:19:32 Job executing on host: <155.230.21.111:9618?addrs=155.230.21.111-9618&noUDP&sock=14468_6c4e_3>
...
006 (47438.021.000) 12/19 19:19:40 Image size of job updated: 290476
	211  -  MemoryUsage of job (MB)
	215956  -  ResidentSetSize of job (KB)
...
006 (47438.021.000) 12/19 19:19:45 Image size of job updated: 329768
	211  -  MemoryUsage of job (MB)
	215956  -  ResidentSetSize of job (KB)
...
005 (47438.021.000) 12/19 19:19:45 Job terminated.
	(1) Normal termination (return value 0)
		Usr 0 00:00:10, Sys 0 00:00:01  -  Run Remote Usage
		Usr 0 00:00:00, Sys 0 00:00:00  -  Run Local Usage
		Usr 0 00:00:10, Sys 0 00:00:01  -  Total Remote Usage
		Usr 0 00:00:00, Sys 0 00:00:00  -  Total Local Usage
	555  -  Run Bytes Sent By Job
	10422  -  Run Bytes Received By Job
	555  -  Total Bytes Sent By Job
	10422  -  Total Bytes Received By Job
	Partitionable Resources :    Usage  Request Allocated 
	   Cpus                 :     0.03        1         1 
	   Disk (KB)            :    28     2048000   3709606 
	   Memory (MB)          :   211        2000      2000 
...
000 (336700.021.000) 01/28 15:22:43 Job submitted from host: <155.230.23.72:9618?addrs=155.230.23.72-9618&noUDP&sock=882541_4c40_3>
...
009 (336700.021.000) 01/28 15:22:55 Job was aborted by the user.
	via condor_rm (by user choij)
...
000 (339722.021.000) 01/29 15:59:43 Job submitted from host: <155.230.23.72:9618?addrs=155.230.23.72-9618&noUDP&sock=882541_4c40_3>
...
009 (339722.021.000) 01/29 16:01:56 Job was aborted by the user.
	via condor_rm (by user choij)
...
000 (339724.021.000) 01/29 16:03:18 Job submitted from host: <155.230.23.72:9618?addrs=155.230.23.72-9618&noUDP&sock=882541_4c40_3>
...
001 (339724.021.000) 01/29 16:23:36 Job executing on host: <155.230.21.87:9618?addrs=155.230.21.87-9618&noUDP&sock=1550_bfe2_36>
...
006 (339724.021.000) 01/29 16:23:44 Image size of job updated: 178716
	113  -  MemoryUsage of job (MB)
	115568  -  ResidentSetSize of job (KB)
...
006 (339724.021.000) 01/29 16:23:59 Image size of job updated: 301200
	113  -  MemoryUsage of job (MB)
	115572  -  ResidentSetSize of job (KB)
...
005 (339724.021.000) 01/29 16:23:59 Job terminated.
	(1) Normal termination (return value 0)
		Usr 0 00:00:10, Sys 0 00:00:02  -  Run Remote Usage
		Usr 0 00:00:00, Sys 0 00:00:00  -  Run Local Usage
		Usr 0 00:00:10, Sys 0 00:00:02  -  Total Remote Usage
		Usr 0 00:00:00, Sys 0 00:00:00  -  Total Local Usage
	973  -  Run Bytes Sent By Job
	10683  -  Run Bytes Received By Job
	973  -  Total Bytes Sent By Job
	10683  -  Total Bytes Received By Job
	Partitionable Resources :    Usage  Request Allocated 
	   Cpus                 :     0.46        1         1 
	   Disk (KB)            :    29     2048000   3787234 
	   Memory (MB)          :   113        2000      2000 
...
