000 (47438.002.000) 12/19 19:07:15 Job submitted from host: <155.230.20.251:9618?addrs=155.230.20.251-9618&noUDP&sock=930313_ea96_3>
...
001 (47438.002.000) 12/19 19:19:26 Job executing on host: <155.230.21.100:9618?addrs=155.230.21.100-9618&noUDP&sock=9525_efac_3>
...
006 (47438.002.000) 12/19 19:19:35 Image size of job updated: 273216
	197  -  MemoryUsage of job (MB)
	200996  -  ResidentSetSize of job (KB)
...
006 (47438.002.000) 12/19 19:19:43 Image size of job updated: 334760
	197  -  MemoryUsage of job (MB)
	201060  -  ResidentSetSize of job (KB)
...
005 (47438.002.000) 12/19 19:19:43 Job terminated.
	(1) Normal termination (return value 0)
		Usr 0 00:00:13, Sys 0 00:00:01  -  Run Remote Usage
		Usr 0 00:00:00, Sys 0 00:00:00  -  Run Local Usage
		Usr 0 00:00:13, Sys 0 00:00:01  -  Total Remote Usage
		Usr 0 00:00:00, Sys 0 00:00:00  -  Total Local Usage
	555  -  Run Bytes Sent By Job
	10422  -  Run Bytes Received By Job
	555  -  Total Bytes Sent By Job
	10422  -  Total Bytes Received By Job
	Partitionable Resources :    Usage  Request Allocated 
	   Cpus                 :                 1         1 
	   Disk (KB)            :       22  2048000   3673277 
	   Memory (MB)          :      197     2000      2000 
...
000 (336700.002.000) 01/28 15:22:43 Job submitted from host: <155.230.23.72:9618?addrs=155.230.23.72-9618&noUDP&sock=882541_4c40_3>
...
009 (336700.002.000) 01/28 15:22:55 Job was aborted by the user.
	via condor_rm (by user choij)
...
000 (336701.002.000) 01/28 15:23:07 Job submitted from host: <155.230.23.72:9618?addrs=155.230.23.72-9618&noUDP&sock=882541_4c40_3>
...
001 (336701.002.000) 01/28 15:23:10 Job executing on host: <155.230.21.44:9618?addrs=155.230.21.44-9618&noUDP&sock=8017_92da_3>
...
006 (336701.002.000) 01/28 15:23:18 Image size of job updated: 151788
	91  -  MemoryUsage of job (MB)
	92308  -  ResidentSetSize of job (KB)
...
005 (336701.002.000) 01/28 15:26:09 Job terminated.
	(1) Normal termination (return value 0)
		Usr 0 00:02:36, Sys 0 00:00:10  -  Run Remote Usage
		Usr 0 00:00:00, Sys 0 00:00:00  -  Run Local Usage
		Usr 0 00:02:36, Sys 0 00:00:10  -  Total Remote Usage
		Usr 0 00:00:00, Sys 0 00:00:00  -  Total Local Usage
	748  -  Run Bytes Sent By Job
	10580  -  Run Bytes Received By Job
	748  -  Total Bytes Sent By Job
	10580  -  Total Bytes Received By Job
	Partitionable Resources :    Usage  Request Allocated 
	   Cpus                 :     0.96        1         1 
	   Disk (KB)            :    29     2048000   3701895 
	   Memory (MB)          :    91        2000      2000 
...
000 (339710.002.000) 01/29 14:36:08 Job submitted from host: <155.230.23.72:9618?addrs=155.230.23.72-9618&noUDP&sock=882541_4c40_3>
...
001 (339710.002.000) 01/29 14:36:10 Job executing on host: <155.230.21.37:9618?addrs=155.230.21.37-9618&noUDP&sock=9467_272d_3>
...
006 (339710.002.000) 01/29 14:36:18 Image size of job updated: 55344
	20  -  MemoryUsage of job (MB)
	19532  -  ResidentSetSize of job (KB)
...
006 (339710.002.000) 01/29 14:40:28 Image size of job updated: 254984
	20  -  MemoryUsage of job (MB)
	19532  -  ResidentSetSize of job (KB)
...
005 (339710.002.000) 01/29 14:40:29 Job terminated.
	(1) Normal termination (return value 0)
		Usr 0 00:02:37, Sys 0 00:00:08  -  Run Remote Usage
		Usr 0 00:00:00, Sys 0 00:00:00  -  Run Local Usage
		Usr 0 00:02:37, Sys 0 00:00:08  -  Total Remote Usage
		Usr 0 00:00:00, Sys 0 00:00:00  -  Total Local Usage
	748  -  Run Bytes Sent By Job
	10556  -  Run Bytes Received By Job
	748  -  Total Bytes Sent By Job
	10556  -  Total Bytes Received By Job
	Partitionable Resources :    Usage  Request Allocated 
	   Cpus                 :     0.74        1         1 
	   Disk (KB)            :    28     2048000   3669742 
	   Memory (MB)          :    20        2000      2000 
...
000 (339714.002.000) 01/29 15:15:44 Job submitted from host: <155.230.23.72:9618?addrs=155.230.23.72-9618&noUDP&sock=882541_4c40_3>
...
001 (339714.002.000) 01/29 15:16:06 Job executing on host: <155.230.21.37:9618?addrs=155.230.21.37-9618&noUDP&sock=9467_272d_3>
...
006 (339714.002.000) 01/29 15:16:14 Image size of job updated: 136952
	78  -  MemoryUsage of job (MB)
	78868  -  ResidentSetSize of job (KB)
...
005 (339714.002.000) 01/29 15:20:39 Job terminated.
	(1) Normal termination (return value 0)
		Usr 0 00:02:37, Sys 0 00:00:09  -  Run Remote Usage
		Usr 0 00:00:00, Sys 0 00:00:00  -  Run Local Usage
		Usr 0 00:02:37, Sys 0 00:00:09  -  Total Remote Usage
		Usr 0 00:00:00, Sys 0 00:00:00  -  Total Local Usage
	748  -  Run Bytes Sent By Job
	10556  -  Run Bytes Received By Job
	748  -  Total Bytes Sent By Job
	10556  -  Total Bytes Received By Job
	Partitionable Resources :    Usage  Request Allocated 
	   Cpus                 :     0.76        1         1 
	   Disk (KB)            :    28     2048000   3669742 
	   Memory (MB)          :    78        2000      2000 
...
000 (339722.002.000) 01/29 15:59:43 Job submitted from host: <155.230.23.72:9618?addrs=155.230.23.72-9618&noUDP&sock=882541_4c40_3>
...
009 (339722.002.000) 01/29 16:01:56 Job was aborted by the user.
	via condor_rm (by user choij)
...
000 (339724.002.000) 01/29 16:03:18 Job submitted from host: <155.230.23.72:9618?addrs=155.230.23.72-9618&noUDP&sock=882541_4c40_3>
...
001 (339724.002.000) 01/29 16:23:30 Job executing on host: <155.230.21.96:9618?addrs=155.230.21.96-9618&noUDP&sock=24703_c822_48>
...
006 (339724.002.000) 01/29 16:23:39 Image size of job updated: 288484
	210  -  MemoryUsage of job (MB)
	214992  -  ResidentSetSize of job (KB)
...
006 (339724.002.000) 01/29 16:23:53 Image size of job updated: 313404
	210  -  MemoryUsage of job (MB)
	214996  -  ResidentSetSize of job (KB)
...
005 (339724.002.000) 01/29 16:23:53 Job terminated.
	(1) Normal termination (return value 0)
		Usr 0 00:00:15, Sys 0 00:00:04  -  Run Remote Usage
		Usr 0 00:00:00, Sys 0 00:00:00  -  Run Local Usage
		Usr 0 00:00:15, Sys 0 00:00:04  -  Total Remote Usage
		Usr 0 00:00:00, Sys 0 00:00:00  -  Total Local Usage
	718  -  Run Bytes Sent By Job
	10683  -  Run Bytes Received By Job
	718  -  Total Bytes Sent By Job
	10683  -  Total Bytes Received By Job
	Partitionable Resources :    Usage  Request Allocated 
	   Cpus                 :        0        1         1 
	   Disk (KB)            :       28  2048000   3782840 
	   Memory (MB)          :      210     2000      2000 
...
