000 (47438.081.000) 12/19 19:07:15 Job submitted from host: <155.230.20.251:9618?addrs=155.230.20.251-9618&noUDP&sock=930313_ea96_3>
...
001 (47438.081.000) 12/19 19:20:40 Job executing on host: <155.230.21.126:9618?addrs=155.230.21.126-9618&noUDP&sock=27949_448d_3>
...
006 (47438.081.000) 12/19 19:20:49 Image size of job updated: 319016
	238  -  MemoryUsage of job (MB)
	242780  -  ResidentSetSize of job (KB)
...
006 (47438.081.000) 12/19 19:20:52 Image size of job updated: 334684
	238  -  MemoryUsage of job (MB)
	242780  -  ResidentSetSize of job (KB)
...
005 (47438.081.000) 12/19 19:20:52 Job terminated.
	(1) Normal termination (return value 0)
		Usr 0 00:00:09, Sys 0 00:00:00  -  Run Remote Usage
		Usr 0 00:00:00, Sys 0 00:00:00  -  Run Local Usage
		Usr 0 00:00:09, Sys 0 00:00:00  -  Total Remote Usage
		Usr 0 00:00:00, Sys 0 00:00:00  -  Total Local Usage
	555  -  Run Bytes Sent By Job
	10422  -  Run Bytes Received By Job
	555  -  Total Bytes Sent By Job
	10422  -  Total Bytes Received By Job
	Partitionable Resources :    Usage  Request Allocated 
	   Cpus                 :     0.03        1         1 
	   Disk (KB)            :    28     2048000   3652507 
	   Memory (MB)          :   238        2000      2000 
...
