000 (47438.197.000) 12/19 19:07:15 Job submitted from host: <155.230.20.251:9618?addrs=155.230.20.251-9618&noUDP&sock=930313_ea96_3>
...
001 (47438.197.000) 12/19 19:23:34 Job executing on host: <155.230.21.121:9618?addrs=155.230.21.121-9618&noUDP&sock=28110_b34c_3>
...
006 (47438.197.000) 12/19 19:23:43 Image size of job updated: 313940
	233  -  MemoryUsage of job (MB)
	237708  -  ResidentSetSize of job (KB)
...
006 (47438.197.000) 12/19 19:23:47 Image size of job updated: 345684
	233  -  MemoryUsage of job (MB)
	237708  -  ResidentSetSize of job (KB)
...
005 (47438.197.000) 12/19 19:23:47 Job terminated.
	(1) Normal termination (return value 0)
		Usr 0 00:00:10, Sys 0 00:00:00  -  Run Remote Usage
		Usr 0 00:00:00, Sys 0 00:00:00  -  Run Local Usage
		Usr 0 00:00:10, Sys 0 00:00:00  -  Total Remote Usage
		Usr 0 00:00:00, Sys 0 00:00:00  -  Total Local Usage
	555  -  Run Bytes Sent By Job
	10422  -  Run Bytes Received By Job
	555  -  Total Bytes Sent By Job
	10422  -  Total Bytes Received By Job
	Partitionable Resources :    Usage  Request Allocated 
	   Cpus                 :     0.03        1         1 
	   Disk (KB)            :    28     2048000   3709756 
	   Memory (MB)          :   233        2000      2000 
...
000 (336700.197.000) 01/28 15:22:43 Job submitted from host: <155.230.23.72:9618?addrs=155.230.23.72-9618&noUDP&sock=882541_4c40_3>
...
009 (336700.197.000) 01/28 15:22:55 Job was aborted by the user.
	via condor_rm (by user choij)
...
000 (339722.197.000) 01/29 15:59:43 Job submitted from host: <155.230.23.72:9618?addrs=155.230.23.72-9618&noUDP&sock=882541_4c40_3>
...
009 (339722.197.000) 01/29 16:01:56 Job was aborted by the user.
	via condor_rm (by user choij)
...
000 (339724.197.000) 01/29 16:03:18 Job submitted from host: <155.230.23.72:9618?addrs=155.230.23.72-9618&noUDP&sock=882541_4c40_3>
...
001 (339724.197.000) 01/29 16:26:43 Job executing on host: <155.230.21.115:9618?addrs=155.230.21.115-9618+[2407-c000-c024-0-beee-7bff-fe2f-e035]-9618&noUDP&sock=1549_104a_3>
...
006 (339724.197.000) 01/29 16:26:51 Image size of job updated: 287228
	210  -  MemoryUsage of job (MB)
	214496  -  ResidentSetSize of job (KB)
...
006 (339724.197.000) 01/29 16:27:03 Image size of job updated: 321464
	210  -  MemoryUsage of job (MB)
	214496  -  ResidentSetSize of job (KB)
...
005 (339724.197.000) 01/29 16:27:03 Job terminated.
	(1) Normal termination (return value 0)
		Usr 0 00:00:13, Sys 0 00:00:03  -  Run Remote Usage
		Usr 0 00:00:00, Sys 0 00:00:00  -  Run Local Usage
		Usr 0 00:00:13, Sys 0 00:00:03  -  Total Remote Usage
		Usr 0 00:00:00, Sys 0 00:00:00  -  Total Local Usage
	720  -  Run Bytes Sent By Job
	10683  -  Run Bytes Received By Job
	720  -  Total Bytes Sent By Job
	10683  -  Total Bytes Received By Job
	Partitionable Resources :    Usage  Request Allocated 
	   Cpus                 :        0        1         1 
	   Disk (KB)            :       29  2048000   3798708 
	   Memory (MB)          :      210     2000      2000 
...
