000 (47438.295.000) 12/19 19:07:15 Job submitted from host: <155.230.20.251:9618?addrs=155.230.20.251-9618&noUDP&sock=930313_ea96_3>
...
001 (47438.295.000) 12/19 19:26:36 Job executing on host: <155.230.21.35:9618?addrs=155.230.21.35-9618&noUDP&sock=11940_6ce3_3>
...
006 (47438.295.000) 12/19 19:26:45 Image size of job updated: 74984
	52  -  MemoryUsage of job (MB)
	52776  -  ResidentSetSize of job (KB)
...
006 (47438.295.000) 12/19 19:27:10 Image size of job updated: 352232
	52  -  MemoryUsage of job (MB)
	52784  -  ResidentSetSize of job (KB)
...
005 (47438.295.000) 12/19 19:27:10 Job terminated.
	(1) Normal termination (return value 0)
		Usr 0 00:00:17, Sys 0 00:00:02  -  Run Remote Usage
		Usr 0 00:00:00, Sys 0 00:00:00  -  Run Local Usage
		Usr 0 00:00:17, Sys 0 00:00:02  -  Total Remote Usage
		Usr 0 00:00:00, Sys 0 00:00:00  -  Total Local Usage
	555  -  Run Bytes Sent By Job
	10422  -  Run Bytes Received By Job
	555  -  Total Bytes Sent By Job
	10422  -  Total Bytes Received By Job
	Partitionable Resources :    Usage  Request Allocated 
	   Cpus                 :     0.05        1         1 
	   Disk (KB)            :    28     2048000   3689027 
	   Memory (MB)          :    52        2000      2000 
...
000 (336700.295.000) 01/28 15:22:43 Job submitted from host: <155.230.23.72:9618?addrs=155.230.23.72-9618&noUDP&sock=882541_4c40_3>
...
009 (336700.295.000) 01/28 15:22:55 Job was aborted by the user.
	via condor_rm (by user choij)
...
000 (339722.295.000) 01/29 15:59:44 Job submitted from host: <155.230.23.72:9618?addrs=155.230.23.72-9618&noUDP&sock=882541_4c40_3>
...
009 (339722.295.000) 01/29 16:01:56 Job was aborted by the user.
	via condor_rm (by user choij)
...
000 (339724.295.000) 01/29 16:03:18 Job submitted from host: <155.230.23.72:9618?addrs=155.230.23.72-9618&noUDP&sock=882541_4c40_3>
...
001 (339724.295.000) 01/29 16:28:40 Job executing on host: <155.230.21.107:9618?addrs=155.230.21.107-9618+[2407-c000-c024-0-12bf-48ff-fe22-c094]-9618&noUDP&sock=1569_c82f_3>
...
006 (339724.295.000) 01/29 16:28:48 Image size of job updated: 292408
	214  -  MemoryUsage of job (MB)
	218280  -  ResidentSetSize of job (KB)
...
006 (339724.295.000) 01/29 16:28:58 Image size of job updated: 334324
	214  -  MemoryUsage of job (MB)
	218280  -  ResidentSetSize of job (KB)
...
005 (339724.295.000) 01/29 16:28:58 Job terminated.
	(1) Normal termination (return value 0)
		Usr 0 00:00:11, Sys 0 00:00:03  -  Run Remote Usage
		Usr 0 00:00:00, Sys 0 00:00:00  -  Run Local Usage
		Usr 0 00:00:11, Sys 0 00:00:03  -  Total Remote Usage
		Usr 0 00:00:00, Sys 0 00:00:00  -  Total Local Usage
	720  -  Run Bytes Sent By Job
	10683  -  Run Bytes Received By Job
	720  -  Total Bytes Sent By Job
	10683  -  Total Bytes Received By Job
	Partitionable Resources :    Usage  Request Allocated 
	   Cpus                 :        0        1         1 
	   Disk (KB)            :       29  2048000   3786899 
	   Memory (MB)          :      214     2000      2000 
...
