000 (47438.424.000) 12/19 19:07:15 Job submitted from host: <155.230.20.251:9618?addrs=155.230.20.251-9618&noUDP&sock=930313_ea96_3>
...
001 (47438.424.000) 12/19 19:28:38 Job executing on host: <155.230.21.116:9618?addrs=155.230.21.116-9618&noUDP&sock=38331_74cc_3>
...
006 (47438.424.000) 12/19 19:28:47 Image size of job updated: 314668
	233  -  MemoryUsage of job (MB)
	238436  -  ResidentSetSize of job (KB)
...
006 (47438.424.000) 12/19 19:28:52 Image size of job updated: 598232
	233  -  MemoryUsage of job (MB)
	238436  -  ResidentSetSize of job (KB)
...
005 (47438.424.000) 12/19 19:28:52 Job terminated.
	(1) Normal termination (return value 0)
		Usr 0 00:00:11, Sys 0 00:00:01  -  Run Remote Usage
		Usr 0 00:00:00, Sys 0 00:00:00  -  Run Local Usage
		Usr 0 00:00:11, Sys 0 00:00:01  -  Total Remote Usage
		Usr 0 00:00:00, Sys 0 00:00:00  -  Total Local Usage
	555  -  Run Bytes Sent By Job
	10422  -  Run Bytes Received By Job
	555  -  Total Bytes Sent By Job
	10422  -  Total Bytes Received By Job
	Partitionable Resources :    Usage  Request Allocated 
	   Cpus                 :     0.03        1         1 
	   Disk (KB)            :    28     2048000   3709334 
	   Memory (MB)          :   233        2000      2000 
...
000 (336700.424.000) 01/28 15:22:44 Job submitted from host: <155.230.23.72:9618?addrs=155.230.23.72-9618&noUDP&sock=882541_4c40_3>
...
009 (336700.424.000) 01/28 15:22:56 Job was aborted by the user.
	via condor_rm (by user choij)
...
000 (339722.424.000) 01/29 15:59:44 Job submitted from host: <155.230.23.72:9618?addrs=155.230.23.72-9618&noUDP&sock=882541_4c40_3>
...
009 (339722.424.000) 01/29 16:01:56 Job was aborted by the user.
	via condor_rm (by user choij)
...
000 (339724.424.000) 01/29 16:03:18 Job submitted from host: <155.230.23.72:9618?addrs=155.230.23.72-9618&noUDP&sock=882541_4c40_3>
...
001 (339724.424.000) 01/29 16:31:31 Job executing on host: <155.230.21.43:9618?addrs=155.230.21.43-9618+[2407-c000-c024-0-226-18ff-fe94-3c21]-9618&noUDP&sock=1286_aae2_3>
...
006 (339724.424.000) 01/29 16:31:39 Image size of job updated: 156048
	93  -  MemoryUsage of job (MB)
	95024  -  ResidentSetSize of job (KB)
...
006 (339724.424.000) 01/29 16:32:41 Image size of job updated: 247216
	93  -  MemoryUsage of job (MB)
	95024  -  ResidentSetSize of job (KB)
...
005 (339724.424.000) 01/29 16:32:41 Job terminated.
	(1) Normal termination (return value 0)
		Usr 0 00:00:19, Sys 0 00:00:05  -  Run Remote Usage
		Usr 0 00:00:00, Sys 0 00:00:00  -  Run Local Usage
		Usr 0 00:00:19, Sys 0 00:00:05  -  Total Remote Usage
		Usr 0 00:00:00, Sys 0 00:00:00  -  Total Local Usage
	720  -  Run Bytes Sent By Job
	10683  -  Run Bytes Received By Job
	720  -  Total Bytes Sent By Job
	10683  -  Total Bytes Received By Job
	Partitionable Resources :    Usage  Request Allocated 
	   Cpus                 :     0.09        1         1 
	   Disk (KB)            :    29     2048000   3905052 
	   Memory (MB)          :    93        2000      2000 
...
