000 (47438.003.000) 12/19 19:07:15 Job submitted from host: <155.230.20.251:9618?addrs=155.230.20.251-9618&noUDP&sock=930313_ea96_3>
...
001 (47438.003.000) 12/19 19:19:25 Job executing on host: <155.230.21.96:9618?addrs=155.230.21.96-9618&noUDP&sock=24703_c822_3>
...
006 (47438.003.000) 12/19 19:19:34 Image size of job updated: 56084
	23  -  MemoryUsage of job (MB)
	23444  -  ResidentSetSize of job (KB)
...
006 (47438.003.000) 12/19 19:19:59 Image size of job updated: 315072
	23  -  MemoryUsage of job (MB)
	23448  -  ResidentSetSize of job (KB)
...
005 (47438.003.000) 12/19 19:19:59 Job terminated.
	(1) Normal termination (return value 0)
		Usr 0 00:00:13, Sys 0 00:00:01  -  Run Remote Usage
		Usr 0 00:00:00, Sys 0 00:00:00  -  Run Local Usage
		Usr 0 00:00:13, Sys 0 00:00:01  -  Total Remote Usage
		Usr 0 00:00:00, Sys 0 00:00:00  -  Total Local Usage
	555  -  Run Bytes Sent By Job
	10422  -  Run Bytes Received By Job
	555  -  Total Bytes Sent By Job
	10422  -  Total Bytes Received By Job
	Partitionable Resources :    Usage  Request Allocated 
	   Cpus                 :     0.04        1         1 
	   Disk (KB)            :    28     2048000   3533127 
	   Memory (MB)          :    23        2000      2000 
...
000 (336700.003.000) 01/28 15:22:43 Job submitted from host: <155.230.23.72:9618?addrs=155.230.23.72-9618&noUDP&sock=882541_4c40_3>
...
009 (336700.003.000) 01/28 15:22:55 Job was aborted by the user.
	via condor_rm (by user choij)
...
000 (336701.003.000) 01/28 15:23:07 Job submitted from host: <155.230.23.72:9618?addrs=155.230.23.72-9618&noUDP&sock=882541_4c40_3>
...
001 (336701.003.000) 01/28 15:23:11 Job executing on host: <155.230.21.74:9618?addrs=155.230.21.74-9618&noUDP&sock=27134_3edd_3>
...
006 (336701.003.000) 01/28 15:23:19 Image size of job updated: 87976
	45  -  MemoryUsage of job (MB)
	45132  -  ResidentSetSize of job (KB)
...
006 (336701.003.000) 01/28 15:26:19 Image size of job updated: 1535568
	45  -  MemoryUsage of job (MB)
	45132  -  ResidentSetSize of job (KB)
...
005 (336701.003.000) 01/28 15:26:19 Job terminated.
	(1) Normal termination (return value 0)
		Usr 0 00:02:37, Sys 0 00:00:09  -  Run Remote Usage
		Usr 0 00:00:00, Sys 0 00:00:00  -  Run Local Usage
		Usr 0 00:02:37, Sys 0 00:00:09  -  Total Remote Usage
		Usr 0 00:00:00, Sys 0 00:00:00  -  Total Local Usage
	748  -  Run Bytes Sent By Job
	10580  -  Run Bytes Received By Job
	748  -  Total Bytes Sent By Job
	10580  -  Total Bytes Received By Job
	Partitionable Resources :    Usage  Request Allocated 
	   Cpus                 :     0.96        1         1 
	   Disk (KB)            :    29     2048000   3665303 
	   Memory (MB)          :    45        2000      2000 
...
000 (339710.003.000) 01/29 14:36:08 Job submitted from host: <155.230.23.72:9618?addrs=155.230.23.72-9618&noUDP&sock=882541_4c40_3>
...
001 (339710.003.000) 01/29 14:36:10 Job executing on host: <155.230.21.44:9618?addrs=155.230.21.44-9618&noUDP&sock=8017_92da_3>
...
006 (339710.003.000) 01/29 14:36:18 Image size of job updated: 90400
	47  -  MemoryUsage of job (MB)
	47236  -  ResidentSetSize of job (KB)
...
006 (339710.003.000) 01/29 14:40:26 Image size of job updated: 246964
	47  -  MemoryUsage of job (MB)
	47236  -  ResidentSetSize of job (KB)
...
005 (339710.003.000) 01/29 14:40:26 Job terminated.
	(1) Normal termination (return value 0)
		Usr 0 00:02:37, Sys 0 00:00:09  -  Run Remote Usage
		Usr 0 00:00:00, Sys 0 00:00:00  -  Run Local Usage
		Usr 0 00:02:37, Sys 0 00:00:09  -  Total Remote Usage
		Usr 0 00:00:00, Sys 0 00:00:00  -  Total Local Usage
	748  -  Run Bytes Sent By Job
	10556  -  Run Bytes Received By Job
	748  -  Total Bytes Sent By Job
	10556  -  Total Bytes Received By Job
	Partitionable Resources :    Usage  Request Allocated 
	   Cpus                 :     0.74        1         1 
	   Disk (KB)            :    28     2048000   3701895 
	   Memory (MB)          :    47        2000      2000 
...
000 (339714.003.000) 01/29 15:15:44 Job submitted from host: <155.230.23.72:9618?addrs=155.230.23.72-9618&noUDP&sock=882541_4c40_3>
...
001 (339714.003.000) 01/29 15:16:06 Job executing on host: <155.230.21.44:9618?addrs=155.230.21.44-9618&noUDP&sock=8017_92da_3>
...
006 (339714.003.000) 01/29 15:16:14 Image size of job updated: 125924
	68  -  MemoryUsage of job (MB)
	68840  -  ResidentSetSize of job (KB)
...
005 (339714.003.000) 01/29 15:20:39 Job terminated.
	(1) Normal termination (return value 0)
		Usr 0 00:02:37, Sys 0 00:00:09  -  Run Remote Usage
		Usr 0 00:00:00, Sys 0 00:00:00  -  Run Local Usage
		Usr 0 00:02:37, Sys 0 00:00:09  -  Total Remote Usage
		Usr 0 00:00:00, Sys 0 00:00:00  -  Total Local Usage
	748  -  Run Bytes Sent By Job
	10556  -  Run Bytes Received By Job
	748  -  Total Bytes Sent By Job
	10556  -  Total Bytes Received By Job
	Partitionable Resources :    Usage  Request Allocated 
	   Cpus                 :     0.24        1         1 
	   Disk (KB)            :    28     2048000   3701895 
	   Memory (MB)          :    68        2000      2000 
...
000 (339722.003.000) 01/29 15:59:43 Job submitted from host: <155.230.23.72:9618?addrs=155.230.23.72-9618&noUDP&sock=882541_4c40_3>
...
009 (339722.003.000) 01/29 16:01:56 Job was aborted by the user.
	via condor_rm (by user choij)
...
000 (339724.003.000) 01/29 16:03:18 Job submitted from host: <155.230.23.72:9618?addrs=155.230.23.72-9618&noUDP&sock=882541_4c40_3>
...
001 (339724.003.000) 01/29 16:23:30 Job executing on host: <155.230.21.98:9618?addrs=155.230.21.98-9618&noUDP&sock=16526_0a37_47>
...
006 (339724.003.000) 01/29 16:23:38 Image size of job updated: 264020
	189  -  MemoryUsage of job (MB)
	192584  -  ResidentSetSize of job (KB)
...
006 (339724.003.000) 01/29 16:23:53 Image size of job updated: 1544412
	189  -  MemoryUsage of job (MB)
	192648  -  ResidentSetSize of job (KB)
...
005 (339724.003.000) 01/29 16:23:53 Job terminated.
	(1) Normal termination (return value 0)
		Usr 0 00:00:15, Sys 0 00:00:03  -  Run Remote Usage
		Usr 0 00:00:00, Sys 0 00:00:00  -  Run Local Usage
		Usr 0 00:00:15, Sys 0 00:00:03  -  Total Remote Usage
		Usr 0 00:00:00, Sys 0 00:00:00  -  Total Local Usage
	718  -  Run Bytes Sent By Job
	10683  -  Run Bytes Received By Job
	718  -  Total Bytes Sent By Job
	10683  -  Total Bytes Received By Job
	Partitionable Resources :    Usage  Request Allocated 
	   Cpus                 :        0        1         1 
	   Disk (KB)            :       28  2048000   3783431 
	   Memory (MB)          :      189     2000      2000 
...
