000 (47438.384.000) 12/19 19:07:15 Job submitted from host: <155.230.20.251:9618?addrs=155.230.20.251-9618&noUDP&sock=930313_ea96_3>
...
001 (47438.384.000) 12/19 19:28:36 Job executing on host: <155.230.21.38:9618?addrs=155.230.21.38-9618&noUDP&sock=22636_fddf_3>
...
006 (47438.384.000) 12/19 19:28:44 Image size of job updated: 185204
	118  -  MemoryUsage of job (MB)
	120820  -  ResidentSetSize of job (KB)
...
006 (47438.384.000) 12/19 19:28:59 Image size of job updated: 334956
	118  -  MemoryUsage of job (MB)
	120820  -  ResidentSetSize of job (KB)
...
005 (47438.384.000) 12/19 19:28:59 Job terminated.
	(1) Normal termination (return value 0)
		Usr 0 00:00:17, Sys 0 00:00:01  -  Run Remote Usage
		Usr 0 00:00:00, Sys 0 00:00:00  -  Run Local Usage
		Usr 0 00:00:17, Sys 0 00:00:01  -  Total Remote Usage
		Usr 0 00:00:00, Sys 0 00:00:00  -  Total Local Usage
	555  -  Run Bytes Sent By Job
	10422  -  Run Bytes Received By Job
	555  -  Total Bytes Sent By Job
	10422  -  Total Bytes Received By Job
	Partitionable Resources :    Usage  Request Allocated 
	   Cpus                 :     0.04        1         1 
	   Disk (KB)            :    28     2048000   3666180 
	   Memory (MB)          :   118        2000      2000 
...
