000 (47438.475.000) 12/19 19:07:16 Job submitted from host: <155.230.20.251:9618?addrs=155.230.20.251-9618&noUDP&sock=930313_ea96_3>
...
001 (47438.475.000) 12/19 19:30:30 Job executing on host: <155.230.21.42:9618?addrs=155.230.21.42-9618&noUDP&sock=2987_697a_3>
...
006 (47438.475.000) 12/19 19:30:39 Image size of job updated: 91348
	47  -  MemoryUsage of job (MB)
	48112  -  ResidentSetSize of job (KB)
...
006 (47438.475.000) 12/19 19:31:06 Image size of job updated: 305996
	47  -  MemoryUsage of job (MB)
	48112  -  ResidentSetSize of job (KB)
...
005 (47438.475.000) 12/19 19:31:06 Job terminated.
	(1) Normal termination (return value 0)
		Usr 0 00:00:17, Sys 0 00:00:01  -  Run Remote Usage
		Usr 0 00:00:00, Sys 0 00:00:00  -  Run Local Usage
		Usr 0 00:00:17, Sys 0 00:00:01  -  Total Remote Usage
		Usr 0 00:00:00, Sys 0 00:00:00  -  Total Local Usage
	555  -  Run Bytes Sent By Job
	10422  -  Run Bytes Received By Job
	555  -  Total Bytes Sent By Job
	10422  -  Total Bytes Received By Job
	Partitionable Resources :    Usage  Request Allocated 
	   Cpus                 :        0        1         1 
	   Disk (KB)            :       28  2048000   3669141 
	   Memory (MB)          :       47     2000      2000 
...
