000 (47438.090.000) 12/19 19:07:15 Job submitted from host: <155.230.20.251:9618?addrs=155.230.20.251-9618&noUDP&sock=930313_ea96_3>
...
001 (47438.090.000) 12/19 19:21:26 Job executing on host: <155.230.21.89:9618?addrs=155.230.21.89-9618&noUDP&sock=1545_51e9_3>
...
006 (47438.090.000) 12/19 19:21:34 Image size of job updated: 299548
	219  -  MemoryUsage of job (MB)
	223328  -  ResidentSetSize of job (KB)
...
006 (47438.090.000) 12/19 19:21:37 Image size of job updated: 299568
	219  -  MemoryUsage of job (MB)
	223328  -  ResidentSetSize of job (KB)
...
005 (47438.090.000) 12/19 19:21:37 Job terminated.
	(1) Normal termination (return value 0)
		Usr 0 00:00:09, Sys 0 00:00:00  -  Run Remote Usage
		Usr 0 00:00:00, Sys 0 00:00:00  -  Run Local Usage
		Usr 0 00:00:09, Sys 0 00:00:00  -  Total Remote Usage
		Usr 0 00:00:00, Sys 0 00:00:00  -  Total Local Usage
	555  -  Run Bytes Sent By Job
	10422  -  Run Bytes Received By Job
	555  -  Total Bytes Sent By Job
	10422  -  Total Bytes Received By Job
	Partitionable Resources :    Usage  Request Allocated 
	   Cpus                 :        0        1         1 
	   Disk (KB)            :       28  2048000   3564277 
	   Memory (MB)          :      219     2000      2000 
...
000 (336700.090.000) 01/28 15:22:43 Job submitted from host: <155.230.23.72:9618?addrs=155.230.23.72-9618&noUDP&sock=882541_4c40_3>
...
009 (336700.090.000) 01/28 15:22:55 Job was aborted by the user.
	via condor_rm (by user choij)
...
000 (339722.090.000) 01/29 15:59:43 Job submitted from host: <155.230.23.72:9618?addrs=155.230.23.72-9618&noUDP&sock=882541_4c40_3>
...
009 (339722.090.000) 01/29 16:01:56 Job was aborted by the user.
	via condor_rm (by user choij)
...
000 (339724.090.000) 01/29 16:03:18 Job submitted from host: <155.230.23.72:9618?addrs=155.230.23.72-9618&noUDP&sock=882541_4c40_3>
...
001 (339724.090.000) 01/29 16:24:45 Job executing on host: <155.230.21.117:9618?addrs=155.230.21.117-9618&noUDP&sock=8728_42b0_47>
...
006 (339724.090.000) 01/29 16:24:54 Image size of job updated: 314196
	233  -  MemoryUsage of job (MB)
	237668  -  ResidentSetSize of job (KB)
...
006 (339724.090.000) 01/29 16:25:04 Image size of job updated: 317728
	233  -  MemoryUsage of job (MB)
	237668  -  ResidentSetSize of job (KB)
...
005 (339724.090.000) 01/29 16:25:04 Job terminated.
	(1) Normal termination (return value 0)
		Usr 0 00:00:11, Sys 0 00:00:03  -  Run Remote Usage
		Usr 0 00:00:00, Sys 0 00:00:00  -  Run Local Usage
		Usr 0 00:00:11, Sys 0 00:00:03  -  Total Remote Usage
		Usr 0 00:00:00, Sys 0 00:00:00  -  Total Local Usage
	719  -  Run Bytes Sent By Job
	10683  -  Run Bytes Received By Job
	719  -  Total Bytes Sent By Job
	10683  -  Total Bytes Received By Job
	Partitionable Resources :    Usage  Request Allocated 
	   Cpus                 :        0        1         1 
	   Disk (KB)            :       28  2048000   3791002 
	   Memory (MB)          :      233     2000      2000 
...
