000 (47438.124.000) 12/19 19:07:15 Job submitted from host: <155.230.20.251:9618?addrs=155.230.20.251-9618&noUDP&sock=930313_ea96_3>
...
001 (47438.124.000) 12/19 19:22:24 Job executing on host: <155.230.21.42:9618?addrs=155.230.21.42-9618&noUDP&sock=2987_697a_3>
...
006 (47438.124.000) 12/19 19:22:32 Image size of job updated: 119668
	68  -  MemoryUsage of job (MB)
	69032  -  ResidentSetSize of job (KB)
...
006 (47438.124.000) 12/19 19:22:55 Image size of job updated: 585820
	68  -  MemoryUsage of job (MB)
	69032  -  ResidentSetSize of job (KB)
...
005 (47438.124.000) 12/19 19:22:55 Job terminated.
	(1) Normal termination (return value 0)
		Usr 0 00:00:17, Sys 0 00:00:01  -  Run Remote Usage
		Usr 0 00:00:00, Sys 0 00:00:00  -  Run Local Usage
		Usr 0 00:00:17, Sys 0 00:00:01  -  Total Remote Usage
		Usr 0 00:00:00, Sys 0 00:00:00  -  Total Local Usage
	555  -  Run Bytes Sent By Job
	10422  -  Run Bytes Received By Job
	555  -  Total Bytes Sent By Job
	10422  -  Total Bytes Received By Job
	Partitionable Resources :    Usage  Request Allocated 
	   Cpus                 :        0        1         1 
	   Disk (KB)            :       28  2048000   3669141 
	   Memory (MB)          :       68     2000      2000 
...
000 (336700.124.000) 01/28 15:22:43 Job submitted from host: <155.230.23.72:9618?addrs=155.230.23.72-9618&noUDP&sock=882541_4c40_3>
...
009 (336700.124.000) 01/28 15:22:55 Job was aborted by the user.
	via condor_rm (by user choij)
...
000 (339722.124.000) 01/29 15:59:43 Job submitted from host: <155.230.23.72:9618?addrs=155.230.23.72-9618&noUDP&sock=882541_4c40_3>
...
009 (339722.124.000) 01/29 16:01:56 Job was aborted by the user.
	via condor_rm (by user choij)
...
000 (339724.124.000) 01/29 16:03:18 Job submitted from host: <155.230.23.72:9618?addrs=155.230.23.72-9618&noUDP&sock=882541_4c40_3>
...
001 (339724.124.000) 01/29 16:25:36 Job executing on host: <155.230.21.84:9618?addrs=155.230.21.84-9618+[2407-c000-c024-0-beae-c5ff-fe4e-98ef]-9618&noUDP&sock=29804_a4bb_6>
...
006 (339724.124.000) 01/29 16:25:44 Image size of job updated: 301844
	220  -  MemoryUsage of job (MB)
	224492  -  ResidentSetSize of job (KB)
...
006 (339724.124.000) 01/29 16:25:53 Image size of job updated: 312168
	220  -  MemoryUsage of job (MB)
	224492  -  ResidentSetSize of job (KB)
...
005 (339724.124.000) 01/29 16:25:53 Job terminated.
	(1) Normal termination (return value 0)
		Usr 0 00:00:10, Sys 0 00:00:03  -  Run Remote Usage
		Usr 0 00:00:00, Sys 0 00:00:00  -  Run Local Usage
		Usr 0 00:00:10, Sys 0 00:00:03  -  Total Remote Usage
		Usr 0 00:00:00, Sys 0 00:00:00  -  Total Local Usage
	720  -  Run Bytes Sent By Job
	10683  -  Run Bytes Received By Job
	720  -  Total Bytes Sent By Job
	10683  -  Total Bytes Received By Job
	Partitionable Resources :    Usage  Request Allocated 
	   Cpus                 :        0        1         1 
	   Disk (KB)            :       29  2048000   3836532 
	   Memory (MB)          :      220     2000      2000 
...
