000 (47438.347.000) 12/19 19:07:15 Job submitted from host: <155.230.20.251:9618?addrs=155.230.20.251-9618&noUDP&sock=930313_ea96_3>
...
001 (47438.347.000) 12/19 19:27:24 Job executing on host: <155.230.21.99:9618?addrs=155.230.21.99-9618&noUDP&sock=12118_84bf_3>
...
006 (47438.347.000) 12/19 19:27:32 Image size of job updated: 277028
	200  -  MemoryUsage of job (MB)
	204708  -  ResidentSetSize of job (KB)
...
006 (47438.347.000) 12/19 19:27:40 Image size of job updated: 341404
	200  -  MemoryUsage of job (MB)
	204708  -  ResidentSetSize of job (KB)
...
005 (47438.347.000) 12/19 19:27:40 Job terminated.
	(1) Normal termination (return value 0)
		Usr 0 00:00:13, Sys 0 00:00:01  -  Run Remote Usage
		Usr 0 00:00:00, Sys 0 00:00:00  -  Run Local Usage
		Usr 0 00:00:13, Sys 0 00:00:01  -  Total Remote Usage
		Usr 0 00:00:00, Sys 0 00:00:00  -  Total Local Usage
	555  -  Run Bytes Sent By Job
	10422  -  Run Bytes Received By Job
	555  -  Total Bytes Sent By Job
	10422  -  Total Bytes Received By Job
	Partitionable Resources :    Usage  Request Allocated 
	   Cpus                 :     0.43        1         1 
	   Disk (KB)            :    28     2048000   3707744 
	   Memory (MB)          :   200        2000      2000 
...
