000 (47438.039.000) 12/19 19:07:15 Job submitted from host: <155.230.20.251:9618?addrs=155.230.20.251-9618&noUDP&sock=930313_ea96_3>
...
001 (47438.039.000) 12/19 19:20:35 Job executing on host: <155.230.21.38:9618?addrs=155.230.21.38-9618&noUDP&sock=22636_fddf_3>
...
006 (47438.039.000) 12/19 19:20:44 Image size of job updated: 5132
	4  -  MemoryUsage of job (MB)
	3936  -  ResidentSetSize of job (KB)
...
006 (47438.039.000) 12/19 19:23:21 Image size of job updated: 24344
	4  -  MemoryUsage of job (MB)
	3936  -  ResidentSetSize of job (KB)
...
005 (47438.039.000) 12/19 19:23:21 Job terminated.
	(1) Normal termination (return value 0)
		Usr 0 00:00:17, Sys 0 00:00:02  -  Run Remote Usage
		Usr 0 00:00:00, Sys 0 00:00:00  -  Run Local Usage
		Usr 0 00:00:17, Sys 0 00:00:02  -  Total Remote Usage
		Usr 0 00:00:00, Sys 0 00:00:00  -  Total Local Usage
	555  -  Run Bytes Sent By Job
	10422  -  Run Bytes Received By Job
	555  -  Total Bytes Sent By Job
	10422  -  Total Bytes Received By Job
	Partitionable Resources :    Usage  Request Allocated 
	   Cpus                 :        0        1         1 
	   Disk (KB)            :       28  2048000   3666180 
	   Memory (MB)          :        4     2000      2000 
...
000 (336700.039.000) 01/28 15:22:43 Job submitted from host: <155.230.23.72:9618?addrs=155.230.23.72-9618&noUDP&sock=882541_4c40_3>
...
009 (336700.039.000) 01/28 15:22:55 Job was aborted by the user.
	via condor_rm (by user choij)
...
000 (339722.039.000) 01/29 15:59:43 Job submitted from host: <155.230.23.72:9618?addrs=155.230.23.72-9618&noUDP&sock=882541_4c40_3>
...
009 (339722.039.000) 01/29 16:01:56 Job was aborted by the user.
	via condor_rm (by user choij)
...
000 (339724.039.000) 01/29 16:03:18 Job submitted from host: <155.230.23.72:9618?addrs=155.230.23.72-9618&noUDP&sock=882541_4c40_3>
...
001 (339724.039.000) 01/29 16:23:42 Job executing on host: <155.230.21.116:9618?addrs=155.230.21.116-9618&noUDP&sock=38331_74cc_46>
...
006 (339724.039.000) 01/29 16:23:50 Image size of job updated: 289716
	211  -  MemoryUsage of job (MB)
	215588  -  ResidentSetSize of job (KB)
...
006 (339724.039.000) 01/29 16:23:59 Image size of job updated: 333164
	211  -  MemoryUsage of job (MB)
	215588  -  ResidentSetSize of job (KB)
...
005 (339724.039.000) 01/29 16:23:59 Job terminated.
	(1) Normal termination (return value 0)
		Usr 0 00:00:12, Sys 0 00:00:02  -  Run Remote Usage
		Usr 0 00:00:00, Sys 0 00:00:00  -  Run Local Usage
		Usr 0 00:00:12, Sys 0 00:00:02  -  Total Remote Usage
		Usr 0 00:00:00, Sys 0 00:00:00  -  Total Local Usage
	973  -  Run Bytes Sent By Job
	10683  -  Run Bytes Received By Job
	973  -  Total Bytes Sent By Job
	10683  -  Total Bytes Received By Job
	Partitionable Resources :    Usage  Request Allocated 
	   Cpus                 :        0        1         1 
	   Disk (KB)            :       29  2048000   3788511 
	   Memory (MB)          :      211     2000      2000 
...
