000 (56077.009.000) 05/03 14:18:14 Job submitted from host: <155.230.20.251:9618?addrs=155.230.20.251-9618+[2407-c000-c024-0-22cb-b653-2fd3-3109]-9618&noUDP&sock=1441242_b68e_19>
...
001 (56077.009.000) 05/03 14:28:22 Job executing on host: <155.230.21.115:9618?addrs=155.230.21.115-9618+[2407-c000-c024-0-beee-7bff-fe2f-e035]-9618&noUDP&sock=25348_32b7_3>
...
006 (56077.009.000) 05/03 14:28:31 Image size of job updated: 289692
	212  -  MemoryUsage of job (MB)
	216288  -  ResidentSetSize of job (KB)
...
006 (56077.009.000) 05/03 14:30:08 Image size of job updated: 330804
	212  -  MemoryUsage of job (MB)
	216288  -  ResidentSetSize of job (KB)
...
005 (56077.009.000) 05/03 14:30:08 Job terminated.
	(1) Normal termination (return value 0)
		Usr 0 00:01:28, Sys 0 00:00:06  -  Run Remote Usage
		Usr 0 00:00:00, Sys 0 00:00:00  -  Run Local Usage
		Usr 0 00:01:28, Sys 0 00:00:06  -  Total Remote Usage
		Usr 0 00:00:00, Sys 0 00:00:00  -  Total Local Usage
	765  -  Run Bytes Sent By Job
	10545  -  Run Bytes Received By Job
	765  -  Total Bytes Sent By Job
	10545  -  Total Bytes Received By Job
	Partitionable Resources :    Usage  Request Allocated 
	   Cpus                 :        0        1         1 
	   Disk (KB)            :       29  2048000   3785477 
	   Memory (MB)          :      212     2000      2000 
...
