000 (56077.006.000) 05/03 14:18:14 Job submitted from host: <155.230.20.251:9618?addrs=155.230.20.251-9618+[2407-c000-c024-0-22cb-b653-2fd3-3109]-9618&noUDP&sock=1441242_b68e_19>
...
001 (56077.006.000) 05/03 14:28:21 Job executing on host: <155.230.21.114:9618?addrs=155.230.21.114-9618+[2407-c000-c024-0-beee-7bff-fe2f-e01d]-9618&noUDP&sock=1075_f066_3>
...
006 (56077.006.000) 05/03 14:28:29 Image size of job updated: 122484
	66  -  MemoryUsage of job (MB)
	66944  -  ResidentSetSize of job (KB)
...
005 (56077.006.000) 05/03 14:30:09 Job terminated.
	(1) Normal termination (return value 0)
		Usr 0 00:01:30, Sys 0 00:00:07  -  Run Remote Usage
		Usr 0 00:00:00, Sys 0 00:00:00  -  Run Local Usage
		Usr 0 00:01:30, Sys 0 00:00:07  -  Total Remote Usage
		Usr 0 00:00:00, Sys 0 00:00:00  -  Total Local Usage
	764  -  Run Bytes Sent By Job
	10545  -  Run Bytes Received By Job
	764  -  Total Bytes Sent By Job
	10545  -  Total Bytes Received By Job
	Partitionable Resources :    Usage  Request Allocated 
	   Cpus                 :        0        1         1 
	   Disk (KB)            :       29  2048000   3742665 
	   Memory (MB)          :       66     2000      2000 
...
