000 (56077.001.000) 05/03 14:18:14 Job submitted from host: <155.230.20.251:9618?addrs=155.230.20.251-9618+[2407-c000-c024-0-22cb-b653-2fd3-3109]-9618&noUDP&sock=1441242_b68e_19>
...
001 (56077.001.000) 05/03 14:28:19 Job executing on host: <155.230.21.81:9618?addrs=155.230.21.81-9618+[2407-c000-c024-0-beae-c5ff-fe56-7fd2]-9618&noUDP&sock=1484_7aa2_3>
...
006 (56077.001.000) 05/03 14:28:28 Image size of job updated: 316452
	238  -  MemoryUsage of job (MB)
	243380  -  ResidentSetSize of job (KB)
...
006 (56077.001.000) 05/03 14:29:42 Image size of job updated: 346648
	238  -  MemoryUsage of job (MB)
	243380  -  ResidentSetSize of job (KB)
...
005 (56077.001.000) 05/03 14:29:42 Job terminated.
	(1) Normal termination (return value 0)
		Usr 0 00:01:15, Sys 0 00:00:06  -  Run Remote Usage
		Usr 0 00:00:00, Sys 0 00:00:00  -  Run Local Usage
		Usr 0 00:01:15, Sys 0 00:00:06  -  Total Remote Usage
		Usr 0 00:00:00, Sys 0 00:00:00  -  Total Local Usage
	764  -  Run Bytes Sent By Job
	10545  -  Run Bytes Received By Job
	764  -  Total Bytes Sent By Job
	10545  -  Total Bytes Received By Job
	Partitionable Resources :    Usage  Request Allocated 
	   Cpus                 :     0.03        1         1 
	   Disk (KB)            :    29     2048000   3817707 
	   Memory (MB)          :   238        2000      2000 
...
