000 (56072.009.000) 05/03 14:18:11 Job submitted from host: <155.230.20.251:9618?addrs=155.230.20.251-9618+[2407-c000-c024-0-22cb-b653-2fd3-3109]-9618&noUDP&sock=1441242_b68e_19>
...
001 (56072.009.000) 05/03 14:27:36 Job executing on host: <155.230.21.121:9618?addrs=155.230.21.121-9618+[2407-c000-c024-0-7a24-afff-feae-696f]-9618&noUDP&sock=1750_eed3_3>
...
006 (56072.009.000) 05/03 14:27:45 Image size of job updated: 226788
	212  -  MemoryUsage of job (MB)
	216212  -  ResidentSetSize of job (KB)
...
006 (56072.009.000) 05/03 14:29:10 Image size of job updated: 273648
	212  -  MemoryUsage of job (MB)
	216212  -  ResidentSetSize of job (KB)
...
005 (56072.009.000) 05/03 14:29:10 Job terminated.
	(1) Normal termination (return value 0)
		Usr 0 00:01:18, Sys 0 00:00:06  -  Run Remote Usage
		Usr 0 00:00:00, Sys 0 00:00:00  -  Run Local Usage
		Usr 0 00:01:18, Sys 0 00:00:06  -  Total Remote Usage
		Usr 0 00:00:00, Sys 0 00:00:00  -  Total Local Usage
	759  -  Run Bytes Sent By Job
	10539  -  Run Bytes Received By Job
	759  -  Total Bytes Sent By Job
	10539  -  Total Bytes Received By Job
	Partitionable Resources :    Usage  Request Allocated 
	   Cpus                 :     0.84        1         1 
	   Disk (KB)            :    29     2048000   3835159 
	   Memory (MB)          :   212        2000      2000 
...
