000 (56072.005.000) 05/03 14:18:11 Job submitted from host: <155.230.20.251:9618?addrs=155.230.20.251-9618+[2407-c000-c024-0-22cb-b653-2fd3-3109]-9618&noUDP&sock=1441242_b68e_19>
...
001 (56072.005.000) 05/03 14:27:33 Job executing on host: <155.230.21.119:9618?addrs=155.230.21.119-9618+[2407-c000-c024-0-beee-7bff-fe2f-e075]-9618&noUDP&sock=1648_f82a_3>
...
006 (56072.005.000) 05/03 14:27:42 Image size of job updated: 285796
	210  -  MemoryUsage of job (MB)
	214148  -  ResidentSetSize of job (KB)
...
006 (56072.005.000) 05/03 14:29:29 Image size of job updated: 1865752
	210  -  MemoryUsage of job (MB)
	214148  -  ResidentSetSize of job (KB)
...
005 (56072.005.000) 05/03 14:29:29 Job terminated.
	(1) Normal termination (return value 0)
		Usr 0 00:01:39, Sys 0 00:00:07  -  Run Remote Usage
		Usr 0 00:00:00, Sys 0 00:00:00  -  Run Local Usage
		Usr 0 00:01:39, Sys 0 00:00:07  -  Total Remote Usage
		Usr 0 00:00:00, Sys 0 00:00:00  -  Total Local Usage
	758  -  Run Bytes Sent By Job
	10539  -  Run Bytes Received By Job
	758  -  Total Bytes Sent By Job
	10539  -  Total Bytes Received By Job
	Partitionable Resources :    Usage  Request Allocated 
	   Cpus                 :     0.94        1         1 
	   Disk (KB)            :    29     2048000   3823374 
	   Memory (MB)          :   210        2000      2000 
...
