000 (56069.009.000) 05/03 14:18:09 Job submitted from host: <155.230.20.251:9618?addrs=155.230.20.251-9618+[2407-c000-c024-0-22cb-b653-2fd3-3109]-9618&noUDP&sock=1441242_b68e_19>
...
001 (56069.009.000) 05/03 14:27:08 Job executing on host: <155.230.21.80:9618?addrs=155.230.21.80-9618+[2407-c000-c024-0-beae-c5ff-fe56-7fcc]-9618&noUDP&sock=18592_24e1_3>
...
006 (56069.009.000) 05/03 14:27:17 Image size of job updated: 82636
	41  -  MemoryUsage of job (MB)
	41064  -  ResidentSetSize of job (KB)
...
005 (56069.009.000) 05/03 14:28:46 Job terminated.
	(1) Normal termination (return value 0)
		Usr 0 00:00:56, Sys 0 00:00:05  -  Run Remote Usage
		Usr 0 00:00:00, Sys 0 00:00:00  -  Run Local Usage
		Usr 0 00:00:56, Sys 0 00:00:05  -  Total Remote Usage
		Usr 0 00:00:00, Sys 0 00:00:00  -  Total Local Usage
	759  -  Run Bytes Sent By Job
	10539  -  Run Bytes Received By Job
	759  -  Total Bytes Sent By Job
	10539  -  Total Bytes Received By Job
	Partitionable Resources :    Usage  Request Allocated 
	   Cpus                 :                 1         1 
	   Disk (KB)            :       23  2048000  19070082 
	   Memory (MB)          :       41     2000      2000 
...
