000 (56069.003.000) 05/03 14:18:09 Job submitted from host: <155.230.20.251:9618?addrs=155.230.20.251-9618+[2407-c000-c024-0-22cb-b653-2fd3-3109]-9618&noUDP&sock=1441242_b68e_19>
...
001 (56069.003.000) 05/03 14:26:09 Job executing on host: <155.230.21.109:9618?addrs=155.230.21.109-9618+[2407-c000-c024-0-5246-5dff-fee4-3bac]-9618&noUDP&sock=32691_e2a6_3>
...
006 (56069.003.000) 05/03 14:26:18 Image size of job updated: 193932
	127  -  MemoryUsage of job (MB)
	129472  -  ResidentSetSize of job (KB)
...
005 (56069.003.000) 05/03 14:27:14 Job terminated.
	(1) Normal termination (return value 0)
		Usr 0 00:00:49, Sys 0 00:00:06  -  Run Remote Usage
		Usr 0 00:00:00, Sys 0 00:00:00  -  Run Local Usage
		Usr 0 00:00:49, Sys 0 00:00:06  -  Total Remote Usage
		Usr 0 00:00:00, Sys 0 00:00:00  -  Total Local Usage
	758  -  Run Bytes Sent By Job
	10539  -  Run Bytes Received By Job
	758  -  Total Bytes Sent By Job
	10539  -  Total Bytes Received By Job
	Partitionable Resources :    Usage  Request Allocated 
	   Cpus                 :     1.00        1         1 
	   Disk (KB)            :    29     2048000   3819397 
	   Memory (MB)          :   127        2000      2000 
...
