000 (56069.002.000) 05/03 14:18:09 Job submitted from host: <155.230.20.251:9618?addrs=155.230.20.251-9618+[2407-c000-c024-0-22cb-b653-2fd3-3109]-9618&noUDP&sock=1441242_b68e_19>
...
001 (56069.002.000) 05/03 14:26:09 Job executing on host: <155.230.21.82:9618?addrs=155.230.21.82-9618+[2407-c000-c024-0-beae-c5ff-fe1f-deed]-9618&noUDP&sock=1621_731c_3>
...
006 (56069.002.000) 05/03 14:26:17 Image size of job updated: 272472
	197  -  MemoryUsage of job (MB)
	201116  -  ResidentSetSize of job (KB)
...
006 (56069.002.000) 05/03 14:27:16 Image size of job updated: 272472
	197  -  MemoryUsage of job (MB)
	201188  -  ResidentSetSize of job (KB)
...
005 (56069.002.000) 05/03 14:27:16 Job terminated.
	(1) Normal termination (return value 0)
		Usr 0 00:00:53, Sys 0 00:00:04  -  Run Remote Usage
		Usr 0 00:00:00, Sys 0 00:00:00  -  Run Local Usage
		Usr 0 00:00:53, Sys 0 00:00:04  -  Total Remote Usage
		Usr 0 00:00:00, Sys 0 00:00:00  -  Total Local Usage
	758  -  Run Bytes Sent By Job
	10539  -  Run Bytes Received By Job
	758  -  Total Bytes Sent By Job
	10539  -  Total Bytes Received By Job
	Partitionable Resources :    Usage  Request Allocated 
	   Cpus                 :     0.87        1         1 
	   Disk (KB)            :    29     2048000   3811479 
	   Memory (MB)          :   197        2000      2000 
...
