000 (56069.007.000) 05/03 14:18:09 Job submitted from host: <155.230.20.251:9618?addrs=155.230.20.251-9618+[2407-c000-c024-0-22cb-b653-2fd3-3109]-9618&noUDP&sock=1441242_b68e_19>
...
001 (56069.007.000) 05/03 14:26:12 Job executing on host: <155.230.21.122:9618?addrs=155.230.21.122-9618+[2407-c000-c024-0-f279-59ff-fe20-ed74]-9618&noUDP&sock=12585_d779_3>
...
006 (56069.007.000) 05/03 14:26:20 Image size of job updated: 213220
	144  -  MemoryUsage of job (MB)
	146660  -  ResidentSetSize of job (KB)
...
006 (56069.007.000) 05/03 14:27:32 Image size of job updated: 252048
	144  -  MemoryUsage of job (MB)
	146740  -  ResidentSetSize of job (KB)
...
005 (56069.007.000) 05/03 14:27:32 Job terminated.
	(1) Normal termination (return value 0)
		Usr 0 00:01:02, Sys 0 00:00:05  -  Run Remote Usage
		Usr 0 00:00:00, Sys 0 00:00:00  -  Run Local Usage
		Usr 0 00:01:02, Sys 0 00:00:05  -  Total Remote Usage
		Usr 0 00:00:00, Sys 0 00:00:00  -  Total Local Usage
	758  -  Run Bytes Sent By Job
	10539  -  Run Bytes Received By Job
	758  -  Total Bytes Sent By Job
	10539  -  Total Bytes Received By Job
	Partitionable Resources :    Usage  Request Allocated 
	   Cpus                 :     0.93        1         1 
	   Disk (KB)            :    29     2048000   3833451 
	   Memory (MB)          :   144        2000      2000 
...
