000 (56069.000.000) 05/03 14:18:09 Job submitted from host: <155.230.20.251:9618?addrs=155.230.20.251-9618+[2407-c000-c024-0-22cb-b653-2fd3-3109]-9618&noUDP&sock=1441242_b68e_19>
...
001 (56069.000.000) 05/03 14:26:10 Job executing on host: <155.230.21.111:9618?addrs=155.230.21.111-9618+[2407-c000-c024-0-a60-6eff-fe17-c77e]-9618&noUDP&sock=2981_4be9_3>
...
006 (56069.000.000) 05/03 14:26:19 Image size of job updated: 210700
	142  -  MemoryUsage of job (MB)
	144404  -  ResidentSetSize of job (KB)
...
006 (56069.000.000) 05/03 14:27:32 Image size of job updated: 1640440
	142  -  MemoryUsage of job (MB)
	144436  -  ResidentSetSize of job (KB)
...
005 (56069.000.000) 05/03 14:27:32 Job terminated.
	(1) Normal termination (return value 0)
		Usr 0 00:01:05, Sys 0 00:00:06  -  Run Remote Usage
		Usr 0 00:00:00, Sys 0 00:00:00  -  Run Local Usage
		Usr 0 00:01:05, Sys 0 00:00:06  -  Total Remote Usage
		Usr 0 00:00:00, Sys 0 00:00:00  -  Total Local Usage
	758  -  Run Bytes Sent By Job
	10539  -  Run Bytes Received By Job
	758  -  Total Bytes Sent By Job
	10539  -  Total Bytes Received By Job
	Partitionable Resources :    Usage  Request Allocated 
	   Cpus                 :     0.93        1         1 
	   Disk (KB)            :    29     2048000   3825114 
	   Memory (MB)          :   142        2000      2000 
...
