000 (56066.149.000) 05/03 14:18:06 Job submitted from host: <155.230.20.251:9618?addrs=155.230.20.251-9618+[2407-c000-c024-0-22cb-b653-2fd3-3109]-9618&noUDP&sock=1441242_b68e_19>
...
001 (56066.149.000) 05/03 14:23:53 Job executing on host: <155.230.21.90:9618?addrs=155.230.21.90-9618+[2407-c000-c024-0-f66d-4ff-fe2e-833b]-9618&noUDP&sock=1613_f65a_3>
...
006 (56066.149.000) 05/03 14:24:01 Image size of job updated: 241028
	171  -  MemoryUsage of job (MB)
	174132  -  ResidentSetSize of job (KB)
...
006 (56066.149.000) 05/03 14:28:38 Image size of job updated: 1736772
	171  -  MemoryUsage of job (MB)
	174160  -  ResidentSetSize of job (KB)
...
005 (56066.149.000) 05/03 14:28:38 Job terminated.
	(1) Normal termination (return value 0)
		Usr 0 00:03:52, Sys 0 00:00:17  -  Run Remote Usage
		Usr 0 00:00:00, Sys 0 00:00:00  -  Run Local Usage
		Usr 0 00:03:52, Sys 0 00:00:17  -  Total Remote Usage
		Usr 0 00:00:00, Sys 0 00:00:00  -  Total Local Usage
	754  -  Run Bytes Sent By Job
	10519  -  Run Bytes Received By Job
	754  -  Total Bytes Sent By Job
	10519  -  Total Bytes Received By Job
	Partitionable Resources :    Usage  Request Allocated 
	   Cpus                 :     0.98        1         1 
	   Disk (KB)            :    29     2048000   3820331 
	   Memory (MB)          :   171        2000      2000 
...
