000 (56066.154.000) 05/03 14:18:06 Job submitted from host: <155.230.20.251:9618?addrs=155.230.20.251-9618+[2407-c000-c024-0-22cb-b653-2fd3-3109]-9618&noUDP&sock=1441242_b68e_19>
...
001 (56066.154.000) 05/03 14:23:54 Job executing on host: <155.230.21.111:9618?addrs=155.230.21.111-9618+[2407-c000-c024-0-a60-6eff-fe17-c77e]-9618&noUDP&sock=2981_4be9_3>
...
006 (56066.154.000) 05/03 14:24:03 Image size of job updated: 227656
	158  -  MemoryUsage of job (MB)
	161632  -  ResidentSetSize of job (KB)
...
006 (56066.154.000) 05/03 14:29:04 Image size of job updated: 273644
	268  -  MemoryUsage of job (MB)
	273580  -  ResidentSetSize of job (KB)
...
006 (56066.154.000) 05/03 14:29:22 Image size of job updated: 1562924
	268  -  MemoryUsage of job (MB)
	273580  -  ResidentSetSize of job (KB)
...
005 (56066.154.000) 05/03 14:29:22 Job terminated.
	(1) Normal termination (return value 0)
		Usr 0 00:04:45, Sys 0 00:00:17  -  Run Remote Usage
		Usr 0 00:00:00, Sys 0 00:00:00  -  Run Local Usage
		Usr 0 00:04:45, Sys 0 00:00:17  -  Total Remote Usage
		Usr 0 00:00:00, Sys 0 00:00:00  -  Total Local Usage
	754  -  Run Bytes Sent By Job
	10519  -  Run Bytes Received By Job
	754  -  Total Bytes Sent By Job
	10519  -  Total Bytes Received By Job
	Partitionable Resources :    Usage  Request Allocated 
	   Cpus                 :     0.98        1         1 
	   Disk (KB)            :    29     2048000   3825114 
	   Memory (MB)          :   268        2000      2000 
...
