000 (56066.063.000) 05/03 14:18:06 Job submitted from host: <155.230.20.251:9618?addrs=155.230.20.251-9618+[2407-c000-c024-0-22cb-b653-2fd3-3109]-9618&noUDP&sock=1441242_b68e_19>
...
001 (56066.063.000) 05/03 14:21:43 Job executing on host: <155.230.21.90:9618?addrs=155.230.21.90-9618+[2407-c000-c024-0-f66d-4ff-fe2e-833b]-9618&noUDP&sock=1613_f65a_3>
...
006 (56066.063.000) 05/03 14:21:52 Image size of job updated: 289984
	212  -  MemoryUsage of job (MB)
	216088  -  ResidentSetSize of job (KB)
...
006 (56066.063.000) 05/03 14:25:53 Image size of job updated: 289984
	212  -  MemoryUsage of job (MB)
	216096  -  ResidentSetSize of job (KB)
...
005 (56066.063.000) 05/03 14:25:53 Job terminated.
	(1) Normal termination (return value 0)
		Usr 0 00:03:42, Sys 0 00:00:15  -  Run Remote Usage
		Usr 0 00:00:00, Sys 0 00:00:00  -  Run Local Usage
		Usr 0 00:03:42, Sys 0 00:00:15  -  Total Remote Usage
		Usr 0 00:00:00, Sys 0 00:00:00  -  Total Local Usage
	753  -  Run Bytes Sent By Job
	10519  -  Run Bytes Received By Job
	753  -  Total Bytes Sent By Job
	10519  -  Total Bytes Received By Job
	Partitionable Resources :    Usage  Request Allocated 
	   Cpus                 :     0.97        1         1 
	   Disk (KB)            :    29     2048000   3820331 
	   Memory (MB)          :   212        2000      2000 
...
