000 (56066.170.000) 05/03 14:18:06 Job submitted from host: <155.230.20.251:9618?addrs=155.230.20.251-9618+[2407-c000-c024-0-22cb-b653-2fd3-3109]-9618&noUDP&sock=1441242_b68e_19>
...
001 (56066.170.000) 05/03 14:24:35 Job executing on host: <155.230.21.108:9618?addrs=155.230.21.108-9618+[2407-c000-c024-0-a60-6eff-fe15-e9c2]-9618&noUDP&sock=4243_ec6e_3>
...
006 (56066.170.000) 05/03 14:24:43 Image size of job updated: 181440
	115  -  MemoryUsage of job (MB)
	117660  -  ResidentSetSize of job (KB)
...
006 (56066.170.000) 05/03 14:29:43 Image size of job updated: 258124
	252  -  MemoryUsage of job (MB)
	257360  -  ResidentSetSize of job (KB)
...
005 (56066.170.000) 05/03 14:30:40 Job terminated.
	(1) Normal termination (return value 0)
		Usr 0 00:05:19, Sys 0 00:00:18  -  Run Remote Usage
		Usr 0 00:00:00, Sys 0 00:00:00  -  Run Local Usage
		Usr 0 00:05:19, Sys 0 00:00:18  -  Total Remote Usage
		Usr 0 00:00:00, Sys 0 00:00:00  -  Total Local Usage
	754  -  Run Bytes Sent By Job
	10519  -  Run Bytes Received By Job
	754  -  Total Bytes Sent By Job
	10519  -  Total Bytes Received By Job
	Partitionable Resources :    Usage  Request Allocated 
	   Cpus                 :     0.90        1         1 
	   Disk (KB)            :    29     2048000   3818170 
	   Memory (MB)          :   252        2000      2000 
...
