000 (56066.081.000) 05/03 14:18:06 Job submitted from host: <155.230.20.251:9618?addrs=155.230.20.251-9618+[2407-c000-c024-0-22cb-b653-2fd3-3109]-9618&noUDP&sock=1441242_b68e_19>
...
001 (56066.081.000) 05/03 14:22:44 Job executing on host: <155.230.21.108:9618?addrs=155.230.21.108-9618+[2407-c000-c024-0-a60-6eff-fe15-e9c2]-9618&noUDP&sock=4243_ec6e_3>
...
006 (56066.081.000) 05/03 14:22:52 Image size of job updated: 51196
	19  -  MemoryUsage of job (MB)
	18848  -  ResidentSetSize of job (KB)
...
006 (56066.081.000) 05/03 14:27:52 Image size of job updated: 269676
	263  -  MemoryUsage of job (MB)
	268764  -  ResidentSetSize of job (KB)
...
005 (56066.081.000) 05/03 14:29:05 Job terminated.
	(1) Normal termination (return value 0)
		Usr 0 00:05:16, Sys 0 00:00:18  -  Run Remote Usage
		Usr 0 00:00:00, Sys 0 00:00:00  -  Run Local Usage
		Usr 0 00:05:16, Sys 0 00:00:18  -  Total Remote Usage
		Usr 0 00:00:00, Sys 0 00:00:00  -  Total Local Usage
	753  -  Run Bytes Sent By Job
	10519  -  Run Bytes Received By Job
	753  -  Total Bytes Sent By Job
	10519  -  Total Bytes Received By Job
	Partitionable Resources :    Usage  Request Allocated 
	   Cpus                 :     0.91        1         1 
	   Disk (KB)            :    29     2048000   3818170 
	   Memory (MB)          :   263        2000      2000 
...
