000 (56066.032.000) 05/03 14:18:06 Job submitted from host: <155.230.20.251:9618?addrs=155.230.20.251-9618+[2407-c000-c024-0-22cb-b653-2fd3-3109]-9618&noUDP&sock=1441242_b68e_19>
...
001 (56066.032.000) 05/03 14:20:41 Job executing on host: <155.230.21.80:9618?addrs=155.230.21.80-9618+[2407-c000-c024-0-beae-c5ff-fe56-7fcc]-9618&noUDP&sock=18592_24e1_3>
...
006 (56066.032.000) 05/03 14:20:50 Image size of job updated: 59268
	22  -  MemoryUsage of job (MB)
	22504  -  ResidentSetSize of job (KB)
...
006 (56066.032.000) 05/03 14:25:30 Image size of job updated: 59268
	23  -  MemoryUsage of job (MB)
	22560  -  ResidentSetSize of job (KB)
...
005 (56066.032.000) 05/03 14:25:30 Job terminated.
	(1) Normal termination (return value 0)
		Usr 0 00:03:52, Sys 0 00:00:17  -  Run Remote Usage
		Usr 0 00:00:00, Sys 0 00:00:00  -  Run Local Usage
		Usr 0 00:03:52, Sys 0 00:00:17  -  Total Remote Usage
		Usr 0 00:00:00, Sys 0 00:00:00  -  Total Local Usage
	753  -  Run Bytes Sent By Job
	10519  -  Run Bytes Received By Job
	753  -  Total Bytes Sent By Job
	10519  -  Total Bytes Received By Job
	Partitionable Resources :    Usage  Request Allocated 
	   Cpus                 :                 1         1 
	   Disk (KB)            :       23  2048000  19070082 
	   Memory (MB)          :       23     2000      2000 
...
