000 (56066.180.000) 05/03 14:18:06 Job submitted from host: <155.230.20.251:9618?addrs=155.230.20.251-9618+[2407-c000-c024-0-22cb-b653-2fd3-3109]-9618&noUDP&sock=1441242_b68e_19>
...
001 (56066.180.000) 05/03 14:24:38 Job executing on host: <155.230.21.81:9618?addrs=155.230.21.81-9618+[2407-c000-c024-0-beae-c5ff-fe56-7fd2]-9618&noUDP&sock=1484_7aa2_3>
...
006 (56066.180.000) 05/03 14:24:47 Image size of job updated: 184680
	119  -  MemoryUsage of job (MB)
	121316  -  ResidentSetSize of job (KB)
...
006 (56066.180.000) 05/03 14:28:30 Image size of job updated: 184680
	119  -  MemoryUsage of job (MB)
	121408  -  ResidentSetSize of job (KB)
...
005 (56066.180.000) 05/03 14:28:30 Job terminated.
	(1) Normal termination (return value 0)
		Usr 0 00:03:15, Sys 0 00:00:14  -  Run Remote Usage
		Usr 0 00:00:00, Sys 0 00:00:00  -  Run Local Usage
		Usr 0 00:03:15, Sys 0 00:00:14  -  Total Remote Usage
		Usr 0 00:00:00, Sys 0 00:00:00  -  Total Local Usage
	754  -  Run Bytes Sent By Job
	10519  -  Run Bytes Received By Job
	754  -  Total Bytes Sent By Job
	10519  -  Total Bytes Received By Job
	Partitionable Resources :    Usage  Request Allocated 
	   Cpus                 :     1.00        1         1 
	   Disk (KB)            :    29     2048000   3817707 
	   Memory (MB)          :   119        2000      2000 
...
