000 (56066.150.000) 05/03 14:18:06 Job submitted from host: <155.230.20.251:9618?addrs=155.230.20.251-9618+[2407-c000-c024-0-22cb-b653-2fd3-3109]-9618&noUDP&sock=1441242_b68e_19>
...
001 (56066.150.000) 05/03 14:23:53 Job executing on host: <155.230.21.80:9618?addrs=155.230.21.80-9618+[2407-c000-c024-0-beae-c5ff-fe56-7fcc]-9618&noUDP&sock=18592_24e1_3>
...
006 (56066.150.000) 05/03 14:24:01 Image size of job updated: 108888
	65  -  MemoryUsage of job (MB)
	65860  -  ResidentSetSize of job (KB)
...
006 (56066.150.000) 05/03 14:29:00 Image size of job updated: 263300
	65  -  MemoryUsage of job (MB)
	65972  -  ResidentSetSize of job (KB)
...
005 (56066.150.000) 05/03 14:29:00 Job terminated.
	(1) Normal termination (return value 0)
		Usr 0 00:04:19, Sys 0 00:00:16  -  Run Remote Usage
		Usr 0 00:00:00, Sys 0 00:00:00  -  Run Local Usage
		Usr 0 00:04:19, Sys 0 00:00:16  -  Total Remote Usage
		Usr 0 00:00:00, Sys 0 00:00:00  -  Total Local Usage
	754  -  Run Bytes Sent By Job
	10519  -  Run Bytes Received By Job
	754  -  Total Bytes Sent By Job
	10519  -  Total Bytes Received By Job
	Partitionable Resources :    Usage  Request Allocated 
	   Cpus                 :                 1         1 
	   Disk (KB)            :       23  2048000  19070082 
	   Memory (MB)          :       65     2000      2000 
...
