000 (56066.104.000) 05/03 14:18:06 Job submitted from host: <155.230.20.251:9618?addrs=155.230.20.251-9618+[2407-c000-c024-0-22cb-b653-2fd3-3109]-9618&noUDP&sock=1441242_b68e_19>
...
001 (56066.104.000) 05/03 14:23:04 Job executing on host: <155.230.21.92:9618?addrs=155.230.21.92-9618+[2407-c000-c024-0-f66d-4ff-fe2e-830e]-9618&noUDP&sock=4825_208c_3>
...
006 (56066.104.000) 05/03 14:23:12 Image size of job updated: 109848
	68  -  MemoryUsage of job (MB)
	69332  -  ResidentSetSize of job (KB)
...
006 (56066.104.000) 05/03 14:28:12 Image size of job updated: 273268
	267  -  MemoryUsage of job (MB)
	273028  -  ResidentSetSize of job (KB)
...
006 (56066.104.000) 05/03 14:28:30 Image size of job updated: 1280196
	267  -  MemoryUsage of job (MB)
	273028  -  ResidentSetSize of job (KB)
...
005 (56066.104.000) 05/03 14:28:30 Job terminated.
	(1) Normal termination (return value 0)
		Usr 0 00:04:25, Sys 0 00:00:16  -  Run Remote Usage
		Usr 0 00:00:00, Sys 0 00:00:00  -  Run Local Usage
		Usr 0 00:04:25, Sys 0 00:00:16  -  Total Remote Usage
		Usr 0 00:00:00, Sys 0 00:00:00  -  Total Local Usage
	754  -  Run Bytes Sent By Job
	10519  -  Run Bytes Received By Job
	754  -  Total Bytes Sent By Job
	10519  -  Total Bytes Received By Job
	Partitionable Resources :    Usage  Request Allocated 
	   Cpus                 :     0.94        1         1 
	   Disk (KB)            :    29     2048000   3821102 
	   Memory (MB)          :   267        2000      2000 
...
