000 (56066.117.000) 05/03 14:18:06 Job submitted from host: <155.230.20.251:9618?addrs=155.230.20.251-9618+[2407-c000-c024-0-22cb-b653-2fd3-3109]-9618&noUDP&sock=1441242_b68e_19>
...
001 (56066.117.000) 05/03 14:23:11 Job executing on host: <155.230.21.120:9618?addrs=155.230.21.120-9618+[2407-c000-c024-0-beee-7bff-fe2f-e091]-9618&noUDP&sock=29657_d04f_3>
...
006 (56066.117.000) 05/03 14:23:20 Image size of job updated: 276620
	201  -  MemoryUsage of job (MB)
	205184  -  ResidentSetSize of job (KB)
...
006 (56066.117.000) 05/03 14:28:05 Image size of job updated: 276620
	201  -  MemoryUsage of job (MB)
	205572  -  ResidentSetSize of job (KB)
...
005 (56066.117.000) 05/03 14:28:05 Job terminated.
	(1) Normal termination (return value 0)
		Usr 0 00:04:24, Sys 0 00:00:16  -  Run Remote Usage
		Usr 0 00:00:00, Sys 0 00:00:00  -  Run Local Usage
		Usr 0 00:04:24, Sys 0 00:00:16  -  Total Remote Usage
		Usr 0 00:00:00, Sys 0 00:00:00  -  Total Local Usage
	754  -  Run Bytes Sent By Job
	10519  -  Run Bytes Received By Job
	754  -  Total Bytes Sent By Job
	10519  -  Total Bytes Received By Job
	Partitionable Resources :    Usage  Request Allocated 
	   Cpus                 :     0.95        1         1 
	   Disk (KB)            :    29     2048000   3835052 
	   Memory (MB)          :   201        2000      2000 
...
