000 (56066.065.000) 05/03 14:18:06 Job submitted from host: <155.230.20.251:9618?addrs=155.230.20.251-9618+[2407-c000-c024-0-22cb-b653-2fd3-3109]-9618&noUDP&sock=1441242_b68e_19>
...
001 (56066.065.000) 05/03 14:21:42 Job executing on host: <155.230.21.106:9618?addrs=155.230.21.106-9618+[2407-c000-c024-0-3285-a9ff-fe26-2db8]-9618&noUDP&sock=2911_4848_3>
...
006 (56066.065.000) 05/03 14:21:51 Image size of job updated: 57716
	25  -  MemoryUsage of job (MB)
	24948  -  ResidentSetSize of job (KB)
...
005 (56066.065.000) 05/03 14:26:29 Job terminated.
	(1) Normal termination (return value 0)
		Usr 0 00:03:53, Sys 0 00:00:16  -  Run Remote Usage
		Usr 0 00:00:00, Sys 0 00:00:00  -  Run Local Usage
		Usr 0 00:03:53, Sys 0 00:00:16  -  Total Remote Usage
		Usr 0 00:00:00, Sys 0 00:00:00  -  Total Local Usage
	753  -  Run Bytes Sent By Job
	10519  -  Run Bytes Received By Job
	753  -  Total Bytes Sent By Job
	10519  -  Total Bytes Received By Job
	Partitionable Resources :    Usage  Request Allocated 
	   Cpus                 :     0.91        1         1 
	   Disk (KB)            :    29     2048000   3824642 
	   Memory (MB)          :    25        2000      2000 
...
