000 (56066.088.000) 05/03 14:18:06 Job submitted from host: <155.230.20.251:9618?addrs=155.230.20.251-9618+[2407-c000-c024-0-22cb-b653-2fd3-3109]-9618&noUDP&sock=1441242_b68e_19>
...
001 (56066.088.000) 05/03 14:22:46 Job executing on host: <155.230.21.94:9618?addrs=155.230.21.94-9618+[2407-c000-c024-0-f66d-4ff-fe50-cea0]-9618&noUDP&sock=16970_9643_3>
...
006 (56066.088.000) 05/03 14:22:54 Image size of job updated: 289520
	212  -  MemoryUsage of job (MB)
	216192  -  ResidentSetSize of job (KB)
...
006 (56066.088.000) 05/03 14:26:33 Image size of job updated: 1407892
	212  -  MemoryUsage of job (MB)
	216192  -  ResidentSetSize of job (KB)
...
005 (56066.088.000) 05/03 14:26:33 Job terminated.
	(1) Normal termination (return value 0)
		Usr 0 00:03:11, Sys 0 00:00:14  -  Run Remote Usage
		Usr 0 00:00:00, Sys 0 00:00:00  -  Run Local Usage
		Usr 0 00:03:11, Sys 0 00:00:14  -  Total Remote Usage
		Usr 0 00:00:00, Sys 0 00:00:00  -  Total Local Usage
	753  -  Run Bytes Sent By Job
	10519  -  Run Bytes Received By Job
	753  -  Total Bytes Sent By Job
	10519  -  Total Bytes Received By Job
	Partitionable Resources :    Usage  Request Allocated 
	   Cpus                 :     0.51        1         1 
	   Disk (KB)            :    29     2048000   3826033 
	   Memory (MB)          :   212        2000      2000 
...
