000 (56066.168.000) 05/03 14:18:06 Job submitted from host: <155.230.20.251:9618?addrs=155.230.20.251-9618+[2407-c000-c024-0-22cb-b653-2fd3-3109]-9618&noUDP&sock=1441242_b68e_19>
...
001 (56066.168.000) 05/03 14:24:35 Job executing on host: <155.230.21.100:9618?addrs=155.230.21.100-9618+[2407-c000-c024-0-e2cb-4eff-fe53-cf10]-9618&noUDP&sock=3583_37ec_3>
...
006 (56066.168.000) 05/03 14:24:43 Image size of job updated: 52552
	20  -  MemoryUsage of job (MB)
	19896  -  ResidentSetSize of job (KB)
...
006 (56066.168.000) 05/03 14:29:43 Image size of job updated: 271348
	265  -  MemoryUsage of job (MB)
	271276  -  ResidentSetSize of job (KB)
...
005 (56066.168.000) 05/03 14:32:20 Job terminated.
	(1) Normal termination (return value 0)
		Usr 0 00:06:39, Sys 0 00:00:18  -  Run Remote Usage
		Usr 0 00:00:00, Sys 0 00:00:00  -  Run Local Usage
		Usr 0 00:06:39, Sys 0 00:00:18  -  Total Remote Usage
		Usr 0 00:00:00, Sys 0 00:00:00  -  Total Local Usage
	754  -  Run Bytes Sent By Job
	10519  -  Run Bytes Received By Job
	754  -  Total Bytes Sent By Job
	10519  -  Total Bytes Received By Job
	Partitionable Resources :    Usage  Request Allocated 
	   Cpus                 :     1.00        1         1 
	   Disk (KB)            :    29     2048000   3825882 
	   Memory (MB)          :   265        2000      2000 
...
