000 (56066.101.000) 05/03 14:18:06 Job submitted from host: <155.230.20.251:9618?addrs=155.230.20.251-9618+[2407-c000-c024-0-22cb-b653-2fd3-3109]-9618&noUDP&sock=1441242_b68e_19>
...
001 (56066.101.000) 05/03 14:23:04 Job executing on host: <155.230.21.118:9618?addrs=155.230.21.118-9618+[2407-c000-c024-0-beee-7bff-fe2f-e069]-9618&noUDP&sock=2356_9938_3>
...
006 (56066.101.000) 05/03 14:23:12 Image size of job updated: 210068
	141  -  MemoryUsage of job (MB)
	143552  -  ResidentSetSize of job (KB)
...
006 (56066.101.000) 05/03 14:28:12 Image size of job updated: 257424
	252  -  MemoryUsage of job (MB)
	257424  -  ResidentSetSize of job (KB)
...
006 (56066.101.000) 05/03 14:28:38 Image size of job updated: 1754604
	252  -  MemoryUsage of job (MB)
	257424  -  ResidentSetSize of job (KB)
...
005 (56066.101.000) 05/03 14:28:38 Job terminated.
	(1) Normal termination (return value 0)
		Usr 0 00:04:54, Sys 0 00:00:18  -  Run Remote Usage
		Usr 0 00:00:00, Sys 0 00:00:00  -  Run Local Usage
		Usr 0 00:04:54, Sys 0 00:00:18  -  Total Remote Usage
		Usr 0 00:00:00, Sys 0 00:00:00  -  Total Local Usage
	754  -  Run Bytes Sent By Job
	10519  -  Run Bytes Received By Job
	754  -  Total Bytes Sent By Job
	10519  -  Total Bytes Received By Job
	Partitionable Resources :    Usage  Request Allocated 
	   Cpus                 :     0.96        1         1 
	   Disk (KB)            :    29     2048000   3836433 
	   Memory (MB)          :   252        2000      2000 
...
