000 (56066.072.000) 05/03 14:18:06 Job submitted from host: <155.230.20.251:9618?addrs=155.230.20.251-9618+[2407-c000-c024-0-22cb-b653-2fd3-3109]-9618&noUDP&sock=1441242_b68e_19>
...
001 (56066.072.000) 05/03 14:21:47 Job executing on host: <155.230.21.119:9618?addrs=155.230.21.119-9618+[2407-c000-c024-0-beee-7bff-fe2f-e075]-9618&noUDP&sock=1648_f82a_3>
...
006 (56066.072.000) 05/03 14:21:56 Image size of job updated: 286300
	210  -  MemoryUsage of job (MB)
	214952  -  ResidentSetSize of job (KB)
...
006 (56066.072.000) 05/03 14:26:57 Image size of job updated: 286300
	226  -  MemoryUsage of job (MB)
	231224  -  ResidentSetSize of job (KB)
...
006 (56066.072.000) 05/03 14:26:59 Image size of job updated: 286300
	226  -  MemoryUsage of job (MB)
	231228  -  ResidentSetSize of job (KB)
...
005 (56066.072.000) 05/03 14:26:59 Job terminated.
	(1) Normal termination (return value 0)
		Usr 0 00:04:35, Sys 0 00:00:15  -  Run Remote Usage
		Usr 0 00:00:00, Sys 0 00:00:00  -  Run Local Usage
		Usr 0 00:04:35, Sys 0 00:00:15  -  Total Remote Usage
		Usr 0 00:00:00, Sys 0 00:00:00  -  Total Local Usage
	753  -  Run Bytes Sent By Job
	10519  -  Run Bytes Received By Job
	753  -  Total Bytes Sent By Job
	10519  -  Total Bytes Received By Job
	Partitionable Resources :    Usage  Request Allocated 
	   Cpus                 :     0.92        1         1 
	   Disk (KB)            :    29     2048000   3823374 
	   Memory (MB)          :   226        2000      2000 
...
