000 (56066.110.000) 05/03 14:18:06 Job submitted from host: <155.230.20.251:9618?addrs=155.230.20.251-9618+[2407-c000-c024-0-22cb-b653-2fd3-3109]-9618&noUDP&sock=1441242_b68e_19>
...
001 (56066.110.000) 05/03 14:23:08 Job executing on host: <155.230.21.122:9618?addrs=155.230.21.122-9618+[2407-c000-c024-0-f279-59ff-fe20-ed74]-9618&noUDP&sock=12585_d779_3>
...
006 (56066.110.000) 05/03 14:23:17 Image size of job updated: 260408
	186  -  MemoryUsage of job (MB)
	190064  -  ResidentSetSize of job (KB)
...
006 (56066.110.000) 05/03 14:28:18 Image size of job updated: 270448
	264  -  MemoryUsage of job (MB)
	269348  -  ResidentSetSize of job (KB)
...
006 (56066.110.000) 05/03 14:28:48 Image size of job updated: 270448
	264  -  MemoryUsage of job (MB)
	269540  -  ResidentSetSize of job (KB)
...
005 (56066.110.000) 05/03 14:28:48 Job terminated.
	(1) Normal termination (return value 0)
		Usr 0 00:04:51, Sys 0 00:00:17  -  Run Remote Usage
		Usr 0 00:00:00, Sys 0 00:00:00  -  Run Local Usage
		Usr 0 00:04:51, Sys 0 00:00:17  -  Total Remote Usage
		Usr 0 00:00:00, Sys 0 00:00:00  -  Total Local Usage
	754  -  Run Bytes Sent By Job
	10519  -  Run Bytes Received By Job
	754  -  Total Bytes Sent By Job
	10519  -  Total Bytes Received By Job
	Partitionable Resources :    Usage  Request Allocated 
	   Cpus                 :     0.93        1         1 
	   Disk (KB)            :    29     2048000   3833451 
	   Memory (MB)          :   264        2000      2000 
...
