000 (56066.087.000) 05/03 14:18:06 Job submitted from host: <155.230.20.251:9618?addrs=155.230.20.251-9618+[2407-c000-c024-0-22cb-b653-2fd3-3109]-9618&noUDP&sock=1441242_b68e_19>
...
001 (56066.087.000) 05/03 14:22:46 Job executing on host: <155.230.21.122:9618?addrs=155.230.21.122-9618+[2407-c000-c024-0-f279-59ff-fe20-ed74]-9618&noUDP&sock=12585_d779_3>
...
006 (56066.087.000) 05/03 14:22:54 Image size of job updated: 206428
	137  -  MemoryUsage of job (MB)
	139964  -  ResidentSetSize of job (KB)
...
006 (56066.087.000) 05/03 14:27:54 Image size of job updated: 277716
	271  -  MemoryUsage of job (MB)
	277320  -  ResidentSetSize of job (KB)
...
005 (56066.087.000) 05/03 14:28:11 Job terminated.
	(1) Normal termination (return value 0)
		Usr 0 00:04:42, Sys 0 00:00:18  -  Run Remote Usage
		Usr 0 00:00:00, Sys 0 00:00:00  -  Run Local Usage
		Usr 0 00:04:42, Sys 0 00:00:18  -  Total Remote Usage
		Usr 0 00:00:00, Sys 0 00:00:00  -  Total Local Usage
	753  -  Run Bytes Sent By Job
	10519  -  Run Bytes Received By Job
	753  -  Total Bytes Sent By Job
	10519  -  Total Bytes Received By Job
	Partitionable Resources :    Usage  Request Allocated 
	   Cpus                 :     0.94        1         1 
	   Disk (KB)            :    29     2048000   3833451 
	   Memory (MB)          :   271        2000      2000 
...
