000 (56066.033.000) 05/03 14:18:06 Job submitted from host: <155.230.20.251:9618?addrs=155.230.20.251-9618+[2407-c000-c024-0-22cb-b653-2fd3-3109]-9618&noUDP&sock=1441242_b68e_19>
...
001 (56066.033.000) 05/03 14:20:43 Job executing on host: <155.230.21.118:9618?addrs=155.230.21.118-9618+[2407-c000-c024-0-beee-7bff-fe2f-e069]-9618&noUDP&sock=2356_9938_3>
...
006 (56066.033.000) 05/03 14:20:52 Image size of job updated: 259228
	185  -  MemoryUsage of job (MB)
	189080  -  ResidentSetSize of job (KB)
...
006 (56066.033.000) 05/03 14:25:53 Image size of job updated: 269556
	263  -  MemoryUsage of job (MB)
	269196  -  ResidentSetSize of job (KB)
...
005 (56066.033.000) 05/03 14:26:08 Job terminated.
	(1) Normal termination (return value 0)
		Usr 0 00:04:42, Sys 0 00:00:17  -  Run Remote Usage
		Usr 0 00:00:00, Sys 0 00:00:00  -  Run Local Usage
		Usr 0 00:04:42, Sys 0 00:00:17  -  Total Remote Usage
		Usr 0 00:00:00, Sys 0 00:00:00  -  Total Local Usage
	753  -  Run Bytes Sent By Job
	10519  -  Run Bytes Received By Job
	753  -  Total Bytes Sent By Job
	10519  -  Total Bytes Received By Job
	Partitionable Resources :    Usage  Request Allocated 
	   Cpus                 :     0.90        1         1 
	   Disk (KB)            :    29     2048000   3836433 
	   Memory (MB)          :   263        2000      2000 
...
