000 (56066.080.000) 05/03 14:18:06 Job submitted from host: <155.230.20.251:9618?addrs=155.230.20.251-9618+[2407-c000-c024-0-22cb-b653-2fd3-3109]-9618&noUDP&sock=1441242_b68e_19>
...
001 (56066.080.000) 05/03 14:22:43 Job executing on host: <155.230.21.92:9618?addrs=155.230.21.92-9618+[2407-c000-c024-0-f66d-4ff-fe2e-830e]-9618&noUDP&sock=4825_208c_3>
...
006 (56066.080.000) 05/03 14:22:52 Image size of job updated: 42148
	14  -  MemoryUsage of job (MB)
	13852  -  ResidentSetSize of job (KB)
...
006 (56066.080.000) 05/03 14:27:52 Image size of job updated: 272492
	259  -  MemoryUsage of job (MB)
	264556  -  ResidentSetSize of job (KB)
...
005 (56066.080.000) 05/03 14:28:28 Job terminated.
	(1) Normal termination (return value 0)
		Usr 0 00:04:29, Sys 0 00:00:17  -  Run Remote Usage
		Usr 0 00:00:00, Sys 0 00:00:00  -  Run Local Usage
		Usr 0 00:04:29, Sys 0 00:00:17  -  Total Remote Usage
		Usr 0 00:00:00, Sys 0 00:00:00  -  Total Local Usage
	753  -  Run Bytes Sent By Job
	10519  -  Run Bytes Received By Job
	753  -  Total Bytes Sent By Job
	10519  -  Total Bytes Received By Job
	Partitionable Resources :    Usage  Request Allocated 
	   Cpus                 :     0.95        1         1 
	   Disk (KB)            :    29     2048000   3821102 
	   Memory (MB)          :   259        2000      2000 
...
