000 (56066.098.000) 05/03 14:18:06 Job submitted from host: <155.230.20.251:9618?addrs=155.230.20.251-9618+[2407-c000-c024-0-22cb-b653-2fd3-3109]-9618&noUDP&sock=1441242_b68e_19>
...
001 (56066.098.000) 05/03 14:22:48 Job executing on host: <155.230.21.117:9618?addrs=155.230.21.117-9618+[2407-c000-c024-0-e23f-49ff-fed6-226b]-9618&noUDP&sock=39909_d53e_3>
...
006 (56066.098.000) 05/03 14:22:57 Image size of job updated: 319612
	237  -  MemoryUsage of job (MB)
	242252  -  ResidentSetSize of job (KB)
...
006 (56066.098.000) 05/03 14:26:48 Image size of job updated: 1963884
	237  -  MemoryUsage of job (MB)
	242252  -  ResidentSetSize of job (KB)
...
005 (56066.098.000) 05/03 14:26:48 Job terminated.
	(1) Normal termination (return value 0)
		Usr 0 00:03:26, Sys 0 00:00:17  -  Run Remote Usage
		Usr 0 00:00:00, Sys 0 00:00:00  -  Run Local Usage
		Usr 0 00:03:26, Sys 0 00:00:17  -  Total Remote Usage
		Usr 0 00:00:00, Sys 0 00:00:00  -  Total Local Usage
	753  -  Run Bytes Sent By Job
	10519  -  Run Bytes Received By Job
	753  -  Total Bytes Sent By Job
	10519  -  Total Bytes Received By Job
	Partitionable Resources :    Usage  Request Allocated 
	   Cpus                 :     0.97        1         1 
	   Disk (KB)            :    29     2048000   3837579 
	   Memory (MB)          :   237        2000      2000 
...
