000 (56066.192.000) 05/03 14:18:06 Job submitted from host: <155.230.20.251:9618?addrs=155.230.20.251-9618+[2407-c000-c024-0-22cb-b653-2fd3-3109]-9618&noUDP&sock=1441242_b68e_19>
...
001 (56066.192.000) 05/03 14:24:53 Job executing on host: <155.230.21.108:9618?addrs=155.230.21.108-9618+[2407-c000-c024-0-a60-6eff-fe15-e9c2]-9618&noUDP&sock=4243_ec6e_3>
...
006 (56066.192.000) 05/03 14:25:01 Image size of job updated: 96604
	51  -  MemoryUsage of job (MB)
	51876  -  ResidentSetSize of job (KB)
...
006 (56066.192.000) 05/03 14:30:01 Image size of job updated: 258772
	253  -  MemoryUsage of job (MB)
	258564  -  ResidentSetSize of job (KB)
...
006 (56066.192.000) 05/03 14:30:59 Image size of job updated: 1409788
	253  -  MemoryUsage of job (MB)
	258564  -  ResidentSetSize of job (KB)
...
005 (56066.192.000) 05/03 14:30:59 Job terminated.
	(1) Normal termination (return value 0)
		Usr 0 00:05:17, Sys 0 00:00:17  -  Run Remote Usage
		Usr 0 00:00:00, Sys 0 00:00:00  -  Run Local Usage
		Usr 0 00:05:17, Sys 0 00:00:17  -  Total Remote Usage
		Usr 0 00:00:00, Sys 0 00:00:00  -  Total Local Usage
	754  -  Run Bytes Sent By Job
	10519  -  Run Bytes Received By Job
	754  -  Total Bytes Sent By Job
	10519  -  Total Bytes Received By Job
	Partitionable Resources :    Usage  Request Allocated 
	   Cpus                 :     1.00        1         1 
	   Disk (KB)            :    29     2048000   3818170 
	   Memory (MB)          :   253        2000      2000 
...
