000 (56066.147.000) 05/03 14:18:06 Job submitted from host: <155.230.20.251:9618?addrs=155.230.20.251-9618+[2407-c000-c024-0-22cb-b653-2fd3-3109]-9618&noUDP&sock=1441242_b68e_19>
...
001 (56066.147.000) 05/03 14:23:38 Job executing on host: <155.230.21.121:9618?addrs=155.230.21.121-9618+[2407-c000-c024-0-7a24-afff-feae-696f]-9618&noUDP&sock=1750_eed3_3>
...
006 (56066.147.000) 05/03 14:23:47 Image size of job updated: 315592
	236  -  MemoryUsage of job (MB)
	241056  -  ResidentSetSize of job (KB)
...
005 (56066.147.000) 05/03 14:27:40 Job terminated.
	(1) Normal termination (return value 0)
		Usr 0 00:03:28, Sys 0 00:00:15  -  Run Remote Usage
		Usr 0 00:00:00, Sys 0 00:00:00  -  Run Local Usage
		Usr 0 00:03:28, Sys 0 00:00:15  -  Total Remote Usage
		Usr 0 00:00:00, Sys 0 00:00:00  -  Total Local Usage
	754  -  Run Bytes Sent By Job
	10519  -  Run Bytes Received By Job
	754  -  Total Bytes Sent By Job
	10519  -  Total Bytes Received By Job
	Partitionable Resources :    Usage  Request Allocated 
	   Cpus                 :     0.97        1         1 
	   Disk (KB)            :    29     2048000   3835159 
	   Memory (MB)          :   236        2000      2000 
...
