000 (56066.027.000) 05/03 14:18:06 Job submitted from host: <155.230.20.251:9618?addrs=155.230.20.251-9618+[2407-c000-c024-0-22cb-b653-2fd3-3109]-9618&noUDP&sock=1441242_b68e_19>
...
001 (56066.027.000) 05/03 14:19:44 Job executing on host: <155.230.21.122:9618?addrs=155.230.21.122-9618+[2407-c000-c024-0-f279-59ff-fe20-ed74]-9618&noUDP&sock=12585_d779_3>
...
006 (56066.027.000) 05/03 14:19:52 Image size of job updated: 227976
	158  -  MemoryUsage of job (MB)
	161440  -  ResidentSetSize of job (KB)
...
006 (56066.027.000) 05/03 14:24:49 Image size of job updated: 227976
	158  -  MemoryUsage of job (MB)
	161652  -  ResidentSetSize of job (KB)
...
005 (56066.027.000) 05/03 14:24:49 Job terminated.
	(1) Normal termination (return value 0)
		Usr 0 00:04:27, Sys 0 00:00:17  -  Run Remote Usage
		Usr 0 00:00:00, Sys 0 00:00:00  -  Run Local Usage
		Usr 0 00:04:27, Sys 0 00:00:17  -  Total Remote Usage
		Usr 0 00:00:00, Sys 0 00:00:00  -  Total Local Usage
	753  -  Run Bytes Sent By Job
	10519  -  Run Bytes Received By Job
	753  -  Total Bytes Sent By Job
	10519  -  Total Bytes Received By Job
	Partitionable Resources :    Usage  Request Allocated 
	   Cpus                 :     0.96        1         1 
	   Disk (KB)            :    29     2048000   3833451 
	   Memory (MB)          :   158        2000      2000 
...
