000 (56066.089.000) 05/03 14:18:06 Job submitted from host: <155.230.20.251:9618?addrs=155.230.20.251-9618+[2407-c000-c024-0-22cb-b653-2fd3-3109]-9618&noUDP&sock=1441242_b68e_19>
...
001 (56066.089.000) 05/03 14:22:46 Job executing on host: <155.230.21.81:9618?addrs=155.230.21.81-9618+[2407-c000-c024-0-beae-c5ff-fe56-7fd2]-9618&noUDP&sock=1484_7aa2_3>
...
006 (56066.089.000) 05/03 14:22:54 Image size of job updated: 158396
	95  -  MemoryUsage of job (MB)
	97096  -  ResidentSetSize of job (KB)
...
006 (56066.089.000) 05/03 14:26:39 Image size of job updated: 260772
	97  -  MemoryUsage of job (MB)
	99256  -  ResidentSetSize of job (KB)
...
005 (56066.089.000) 05/03 14:26:39 Job terminated.
	(1) Normal termination (return value 0)
		Usr 0 00:03:14, Sys 0 00:00:15  -  Run Remote Usage
		Usr 0 00:00:00, Sys 0 00:00:00  -  Run Local Usage
		Usr 0 00:03:14, Sys 0 00:00:15  -  Total Remote Usage
		Usr 0 00:00:00, Sys 0 00:00:00  -  Total Local Usage
	753  -  Run Bytes Sent By Job
	10519  -  Run Bytes Received By Job
	753  -  Total Bytes Sent By Job
	10519  -  Total Bytes Received By Job
	Partitionable Resources :    Usage  Request Allocated 
	   Cpus                 :     0.94        1         1 
	   Disk (KB)            :    29     2048000   3817707 
	   Memory (MB)          :    97        2000      2000 
...
