000 (56066.185.000) 05/03 14:18:06 Job submitted from host: <155.230.20.251:9618?addrs=155.230.20.251-9618+[2407-c000-c024-0-22cb-b653-2fd3-3109]-9618&noUDP&sock=1441242_b68e_19>
...
001 (56066.185.000) 05/03 14:24:41 Job executing on host: <155.230.21.115:9618?addrs=155.230.21.115-9618+[2407-c000-c024-0-beee-7bff-fe2f-e035]-9618&noUDP&sock=25348_32b7_3>
...
006 (56066.185.000) 05/03 14:24:49 Image size of job updated: 218872
	150  -  MemoryUsage of job (MB)
	152812  -  ResidentSetSize of job (KB)
...
006 (56066.185.000) 05/03 14:29:13 Image size of job updated: 218872
	150  -  MemoryUsage of job (MB)
	152816  -  ResidentSetSize of job (KB)
...
005 (56066.185.000) 05/03 14:29:13 Job terminated.
	(1) Normal termination (return value 0)
		Usr 0 00:04:00, Sys 0 00:00:15  -  Run Remote Usage
		Usr 0 00:00:00, Sys 0 00:00:00  -  Run Local Usage
		Usr 0 00:04:00, Sys 0 00:00:15  -  Total Remote Usage
		Usr 0 00:00:00, Sys 0 00:00:00  -  Total Local Usage
	754  -  Run Bytes Sent By Job
	10519  -  Run Bytes Received By Job
	754  -  Total Bytes Sent By Job
	10519  -  Total Bytes Received By Job
	Partitionable Resources :    Usage  Request Allocated 
	   Cpus                 :     0.94        1         1 
	   Disk (KB)            :    29     2048000   3785477 
	   Memory (MB)          :   150        2000      2000 
...
