000 (56066.123.000) 05/03 14:18:06 Job submitted from host: <155.230.20.251:9618?addrs=155.230.20.251-9618+[2407-c000-c024-0-22cb-b653-2fd3-3109]-9618&noUDP&sock=1441242_b68e_19>
...
001 (56066.123.000) 05/03 14:23:10 Job executing on host: <155.230.21.126:9618?addrs=155.230.21.126-9618+[2407-c000-c024-0-6e92-bfff-fe34-147e]-9618&noUDP&sock=26304_ef42_3>
...
006 (56066.123.000) 05/03 14:23:19 Image size of job updated: 189624
	124  -  MemoryUsage of job (MB)
	126072  -  ResidentSetSize of job (KB)
...
006 (56066.123.000) 05/03 14:27:37 Image size of job updated: 1966452
	124  -  MemoryUsage of job (MB)
	126072  -  ResidentSetSize of job (KB)
...
005 (56066.123.000) 05/03 14:27:37 Job terminated.
	(1) Normal termination (return value 0)
		Usr 0 00:03:50, Sys 0 00:00:15  -  Run Remote Usage
		Usr 0 00:00:00, Sys 0 00:00:00  -  Run Local Usage
		Usr 0 00:03:50, Sys 0 00:00:15  -  Total Remote Usage
		Usr 0 00:00:00, Sys 0 00:00:00  -  Total Local Usage
	754  -  Run Bytes Sent By Job
	10519  -  Run Bytes Received By Job
	754  -  Total Bytes Sent By Job
	10519  -  Total Bytes Received By Job
	Partitionable Resources :    Usage  Request Allocated 
	   Cpus                 :     0.95        1         1 
	   Disk (KB)            :    29     2048000   3793902 
	   Memory (MB)          :   124        2000      2000 
...
