000 (56066.130.000) 05/03 14:18:06 Job submitted from host: <155.230.20.251:9618?addrs=155.230.20.251-9618+[2407-c000-c024-0-22cb-b653-2fd3-3109]-9618&noUDP&sock=1441242_b68e_19>
...
001 (56066.130.000) 05/03 14:23:37 Job executing on host: <155.230.21.111:9618?addrs=155.230.21.111-9618+[2407-c000-c024-0-a60-6eff-fe17-c77e]-9618&noUDP&sock=2981_4be9_3>
...
006 (56066.130.000) 05/03 14:23:46 Image size of job updated: 238652
	168  -  MemoryUsage of job (MB)
	171424  -  ResidentSetSize of job (KB)
...
006 (56066.130.000) 05/03 14:28:47 Image size of job updated: 277668
	271  -  MemoryUsage of job (MB)
	277340  -  ResidentSetSize of job (KB)
...
005 (56066.130.000) 05/03 14:29:04 Job terminated.
	(1) Normal termination (return value 0)
		Usr 0 00:04:40, Sys 0 00:00:17  -  Run Remote Usage
		Usr 0 00:00:00, Sys 0 00:00:00  -  Run Local Usage
		Usr 0 00:04:40, Sys 0 00:00:17  -  Total Remote Usage
		Usr 0 00:00:00, Sys 0 00:00:00  -  Total Local Usage
	754  -  Run Bytes Sent By Job
	10519  -  Run Bytes Received By Job
	754  -  Total Bytes Sent By Job
	10519  -  Total Bytes Received By Job
	Partitionable Resources :    Usage  Request Allocated 
	   Cpus                 :     0.99        1         1 
	   Disk (KB)            :    29     2048000   3825114 
	   Memory (MB)          :   271        2000      2000 
...
