000 (47437.071.000) 12/19 19:07:10 Job submitted from host: <155.230.20.251:9618?addrs=155.230.20.251-9618&noUDP&sock=930313_ea96_3>
...
001 (47437.071.000) 12/19 19:07:44 Job executing on host: <155.230.21.93:9618?addrs=155.230.21.93-9618&noUDP&sock=5106_dea9_3>
...
006 (47437.071.000) 12/19 19:07:53 Image size of job updated: 338520
	259  -  MemoryUsage of job (MB)
	264528  -  ResidentSetSize of job (KB)
...
006 (47437.071.000) 12/19 19:08:05 Image size of job updated: 346884
	259  -  MemoryUsage of job (MB)
	264528  -  ResidentSetSize of job (KB)
...
005 (47437.071.000) 12/19 19:08:05 Job terminated.
	(1) Normal termination (return value 0)
		Usr 0 00:00:19, Sys 0 00:00:00  -  Run Remote Usage
		Usr 0 00:00:00, Sys 0 00:00:00  -  Run Local Usage
		Usr 0 00:00:19, Sys 0 00:00:00  -  Total Remote Usage
		Usr 0 00:00:00, Sys 0 00:00:00  -  Total Local Usage
	555  -  Run Bytes Sent By Job
	10426  -  Run Bytes Received By Job
	555  -  Total Bytes Sent By Job
	10426  -  Total Bytes Received By Job
	Partitionable Resources :    Usage  Request Allocated 
	   Cpus                 :     0.02        1         1 
	   Disk (KB)            :    28     2048000   3667554 
	   Memory (MB)          :   259        2000      2000 
...
