000 (47437.024.000) 12/19 19:07:09 Job submitted from host: <155.230.20.251:9618?addrs=155.230.20.251-9618&noUDP&sock=930313_ea96_3>
...
001 (47437.024.000) 12/19 19:07:24 Job executing on host: <155.230.21.91:9618?addrs=155.230.21.91-9618&noUDP&sock=17349_8ca8_3>
...
006 (47437.024.000) 12/19 19:07:32 Image size of job updated: 13824
	6  -  MemoryUsage of job (MB)
	5956  -  ResidentSetSize of job (KB)
...
006 (47437.024.000) 12/19 19:08:07 Image size of job updated: 285480
	6  -  MemoryUsage of job (MB)
	5956  -  ResidentSetSize of job (KB)
...
005 (47437.024.000) 12/19 19:08:07 Job terminated.
	(1) Normal termination (return value 0)
		Usr 0 00:00:19, Sys 0 00:00:01  -  Run Remote Usage
		Usr 0 00:00:00, Sys 0 00:00:00  -  Run Local Usage
		Usr 0 00:00:19, Sys 0 00:00:01  -  Total Remote Usage
		Usr 0 00:00:00, Sys 0 00:00:00  -  Total Local Usage
	555  -  Run Bytes Sent By Job
	10426  -  Run Bytes Received By Job
	555  -  Total Bytes Sent By Job
	10426  -  Total Bytes Received By Job
	Partitionable Resources :    Usage  Request Allocated 
	   Cpus                 :     0.66        1         1 
	   Disk (KB)            :    28     2048000   3710322 
	   Memory (MB)          :     6        2000      2000 
...
000 (339721.024.000) 01/29 15:58:18 Job submitted from host: <155.230.23.72:9618?addrs=155.230.23.72-9618&noUDP&sock=882541_4c40_3>
...
009 (339721.024.000) 01/29 16:01:54 Job was aborted by the user.
	via condor_rm (by user choij)
...
000 (339723.024.000) 01/29 16:03:11 Job submitted from host: <155.230.23.72:9618?addrs=155.230.23.72-9618&noUDP&sock=882541_4c40_3>
...
001 (339723.024.000) 01/29 16:13:01 Job executing on host: <155.230.21.96:9618?addrs=155.230.21.96-9618&noUDP&sock=24703_c822_48>
...
006 (339723.024.000) 01/29 16:13:09 Image size of job updated: 268020
	192  -  MemoryUsage of job (MB)
	196180  -  ResidentSetSize of job (KB)
...
006 (339723.024.000) 01/29 16:13:41 Image size of job updated: 318960
	192  -  MemoryUsage of job (MB)
	196180  -  ResidentSetSize of job (KB)
...
005 (339723.024.000) 01/29 16:13:41 Job terminated.
	(1) Normal termination (return value 0)
		Usr 0 00:00:29, Sys 0 00:00:05  -  Run Remote Usage
		Usr 0 00:00:00, Sys 0 00:00:00  -  Run Local Usage
		Usr 0 00:00:29, Sys 0 00:00:05  -  Total Remote Usage
		Usr 0 00:00:00, Sys 0 00:00:00  -  Total Local Usage
	733  -  Run Bytes Sent By Job
	10690  -  Run Bytes Received By Job
	733  -  Total Bytes Sent By Job
	10690  -  Total Bytes Received By Job
	Partitionable Resources :    Usage  Request Allocated 
	   Cpus                 :     1.00        1         1 
	   Disk (KB)            :    28     2048000   3782840 
	   Memory (MB)          :   192        2000      2000 
...
