000 (47437.271.000) 12/19 19:07:10 Job submitted from host: <155.230.20.251:9618?addrs=155.230.20.251-9618&noUDP&sock=930313_ea96_3>
...
001 (47437.271.000) 12/19 19:12:37 Job executing on host: <155.230.21.109:9618?addrs=155.230.21.109-9618&noUDP&sock=26104_c051_3>
...
006 (47437.271.000) 12/19 19:12:45 Image size of job updated: 262256
	187  -  MemoryUsage of job (MB)
	191348  -  ResidentSetSize of job (KB)
...
006 (47437.271.000) 12/19 19:13:03 Image size of job updated: 350740
	187  -  MemoryUsage of job (MB)
	191424  -  ResidentSetSize of job (KB)
...
005 (47437.271.000) 12/19 19:13:04 Job terminated.
	(1) Normal termination (return value 0)
		Usr 0 00:00:22, Sys 0 00:00:01  -  Run Remote Usage
		Usr 0 00:00:00, Sys 0 00:00:00  -  Run Local Usage
		Usr 0 00:00:22, Sys 0 00:00:01  -  Total Remote Usage
		Usr 0 00:00:00, Sys 0 00:00:00  -  Total Local Usage
	555  -  Run Bytes Sent By Job
	10426  -  Run Bytes Received By Job
	555  -  Total Bytes Sent By Job
	10426  -  Total Bytes Received By Job
	Partitionable Resources :    Usage  Request Allocated 
	   Cpus                 :     0.68        1         1 
	   Disk (KB)            :    28     2048000   3710353 
	   Memory (MB)          :   187        2000      2000 
...
