000 (47437.124.000) 12/19 19:07:10 Job submitted from host: <155.230.20.251:9618?addrs=155.230.20.251-9618&noUDP&sock=930313_ea96_3>
...
001 (47437.124.000) 12/19 19:08:48 Job executing on host: <155.230.21.117:9618?addrs=155.230.21.117-9618&noUDP&sock=8728_42b0_3>
...
006 (47437.124.000) 12/19 19:08:57 Image size of job updated: 313516
	232  -  MemoryUsage of job (MB)
	237284  -  ResidentSetSize of job (KB)
...
006 (47437.124.000) 12/19 19:09:11 Image size of job updated: 602432
	232  -  MemoryUsage of job (MB)
	237284  -  ResidentSetSize of job (KB)
...
005 (47437.124.000) 12/19 19:09:11 Job terminated.
	(1) Normal termination (return value 0)
		Usr 0 00:00:21, Sys 0 00:00:01  -  Run Remote Usage
		Usr 0 00:00:00, Sys 0 00:00:00  -  Run Local Usage
		Usr 0 00:00:21, Sys 0 00:00:01  -  Total Remote Usage
		Usr 0 00:00:00, Sys 0 00:00:00  -  Total Local Usage
	555  -  Run Bytes Sent By Job
	10426  -  Run Bytes Received By Job
	555  -  Total Bytes Sent By Job
	10426  -  Total Bytes Received By Job
	Partitionable Resources :    Usage  Request Allocated 
	   Cpus                 :        0        1         1 
	   Disk (KB)            :       28  2048000   3710066 
	   Memory (MB)          :      232     2000      2000 
...
000 (339721.124.000) 01/29 15:58:18 Job submitted from host: <155.230.23.72:9618?addrs=155.230.23.72-9618&noUDP&sock=882541_4c40_3>
...
009 (339721.124.000) 01/29 16:01:54 Job was aborted by the user.
	via condor_rm (by user choij)
...
000 (339723.124.000) 01/29 16:03:11 Job submitted from host: <155.230.23.72:9618?addrs=155.230.23.72-9618&noUDP&sock=882541_4c40_3>
...
001 (339723.124.000) 01/29 16:15:01 Job executing on host: <155.230.21.37:9618?addrs=155.230.21.37-9618&noUDP&sock=9467_272d_3>
...
006 (339723.124.000) 01/29 16:15:10 Image size of job updated: 85228
	56  -  MemoryUsage of job (MB)
	56524  -  ResidentSetSize of job (KB)
...
006 (339723.124.000) 01/29 16:17:07 Image size of job updated: 85228
	56  -  MemoryUsage of job (MB)
	56640  -  ResidentSetSize of job (KB)
...
005 (339723.124.000) 01/29 16:17:07 Job terminated.
	(1) Normal termination (return value 0)
		Usr 0 00:00:36, Sys 0 00:00:06  -  Run Remote Usage
		Usr 0 00:00:00, Sys 0 00:00:00  -  Run Local Usage
		Usr 0 00:00:36, Sys 0 00:00:06  -  Total Remote Usage
		Usr 0 00:00:00, Sys 0 00:00:00  -  Total Local Usage
	734  -  Run Bytes Sent By Job
	10690  -  Run Bytes Received By Job
	734  -  Total Bytes Sent By Job
	10690  -  Total Bytes Received By Job
	Partitionable Resources :    Usage  Request Allocated 
	   Cpus                 :     0.05        1         1 
	   Disk (KB)            :    29     2048000   3669742 
	   Memory (MB)          :    56        2000      2000 
...
