000 (47437.347.000) 12/19 19:07:10 Job submitted from host: <155.230.20.251:9618?addrs=155.230.20.251-9618&noUDP&sock=930313_ea96_3>
...
001 (47437.347.000) 12/19 19:14:49 Job executing on host: <155.230.21.97:9618?addrs=155.230.21.97-9618&noUDP&sock=19004_bde6_3>
...
006 (47437.347.000) 12/19 19:14:57 Image size of job updated: 81104
	40  -  MemoryUsage of job (MB)
	40292  -  ResidentSetSize of job (KB)
...
006 (47437.347.000) 12/19 19:15:41 Image size of job updated: 328376
	40  -  MemoryUsage of job (MB)
	40292  -  ResidentSetSize of job (KB)
...
005 (47437.347.000) 12/19 19:15:41 Job terminated.
	(1) Normal termination (return value 0)
		Usr 0 00:00:28, Sys 0 00:00:01  -  Run Remote Usage
		Usr 0 00:00:00, Sys 0 00:00:00  -  Run Local Usage
		Usr 0 00:00:28, Sys 0 00:00:01  -  Total Remote Usage
		Usr 0 00:00:00, Sys 0 00:00:00  -  Total Local Usage
	555  -  Run Bytes Sent By Job
	10426  -  Run Bytes Received By Job
	555  -  Total Bytes Sent By Job
	10426  -  Total Bytes Received By Job
	Partitionable Resources :    Usage  Request Allocated 
	   Cpus                 :     0.84        1         1 
	   Disk (KB)            :    28     2048000   3673156 
	   Memory (MB)          :    40        2000      2000 
...
000 (339721.347.000) 01/29 15:58:18 Job submitted from host: <155.230.23.72:9618?addrs=155.230.23.72-9618&noUDP&sock=882541_4c40_3>
...
009 (339721.347.000) 01/29 16:01:55 Job was aborted by the user.
	via condor_rm (by user choij)
...
000 (339723.347.000) 01/29 16:03:11 Job submitted from host: <155.230.23.72:9618?addrs=155.230.23.72-9618&noUDP&sock=882541_4c40_3>
...
001 (339723.347.000) 01/29 16:19:03 Job executing on host: <155.230.21.79:9618?addrs=155.230.21.79-9618&noUDP&sock=27572_ad58_48>
...
006 (339723.347.000) 01/29 16:19:12 Image size of job updated: 292960
	214  -  MemoryUsage of job (MB)
	218132  -  ResidentSetSize of job (KB)
...
006 (339723.347.000) 01/29 16:19:35 Image size of job updated: 321192
	214  -  MemoryUsage of job (MB)
	218132  -  ResidentSetSize of job (KB)
...
005 (339723.347.000) 01/29 16:19:35 Job terminated.
	(1) Normal termination (return value 0)
		Usr 0 00:00:20, Sys 0 00:00:03  -  Run Remote Usage
		Usr 0 00:00:00, Sys 0 00:00:00  -  Run Local Usage
		Usr 0 00:00:20, Sys 0 00:00:03  -  Total Remote Usage
		Usr 0 00:00:00, Sys 0 00:00:00  -  Total Local Usage
	734  -  Run Bytes Sent By Job
	10690  -  Run Bytes Received By Job
	734  -  Total Bytes Sent By Job
	10690  -  Total Bytes Received By Job
	Partitionable Resources :    Usage  Request Allocated 
	   Cpus                 :     0.71        1         1 
	   Disk (KB)            :    28     2048000   3841081 
	   Memory (MB)          :   214        2000      2000 
...
