000 (47437.056.000) 12/19 19:07:10 Job submitted from host: <155.230.20.251:9618?addrs=155.230.20.251-9618&noUDP&sock=930313_ea96_3>
...
001 (47437.056.000) 12/19 19:07:39 Job executing on host: <155.230.21.109:9618?addrs=155.230.21.109-9618&noUDP&sock=26104_c051_3>
...
006 (47437.056.000) 12/19 19:07:47 Image size of job updated: 312464
	233  -  MemoryUsage of job (MB)
	238208  -  ResidentSetSize of job (KB)
...
005 (47437.056.000) 12/19 19:08:03 Job terminated.
	(1) Normal termination (return value 0)
		Usr 0 00:00:22, Sys 0 00:00:00  -  Run Remote Usage
		Usr 0 00:00:00, Sys 0 00:00:00  -  Run Local Usage
		Usr 0 00:00:22, Sys 0 00:00:00  -  Total Remote Usage
		Usr 0 00:00:00, Sys 0 00:00:00  -  Total Local Usage
	555  -  Run Bytes Sent By Job
	10426  -  Run Bytes Received By Job
	555  -  Total Bytes Sent By Job
	10426  -  Total Bytes Received By Job
	Partitionable Resources :    Usage  Request Allocated 
	   Cpus                 :     0.98        1         1 
	   Disk (KB)            :    28     2048000   3710353 
	   Memory (MB)          :   233        2000      2000 
...
000 (339721.056.000) 01/29 15:58:18 Job submitted from host: <155.230.23.72:9618?addrs=155.230.23.72-9618&noUDP&sock=882541_4c40_3>
...
009 (339721.056.000) 01/29 16:01:54 Job was aborted by the user.
	via condor_rm (by user choij)
...
000 (339723.056.000) 01/29 16:03:11 Job submitted from host: <155.230.23.72:9618?addrs=155.230.23.72-9618&noUDP&sock=882541_4c40_3>
...
001 (339723.056.000) 01/29 16:13:12 Job executing on host: <155.230.21.115:9618?addrs=155.230.21.115-9618+[2407-c000-c024-0-beee-7bff-fe2f-e035]-9618&noUDP&sock=1549_104a_3>
...
006 (339723.056.000) 01/29 16:13:20 Image size of job updated: 288316
	210  -  MemoryUsage of job (MB)
	214188  -  ResidentSetSize of job (KB)
...
006 (339723.056.000) 01/29 16:13:39 Image size of job updated: 350584
	210  -  MemoryUsage of job (MB)
	214188  -  ResidentSetSize of job (KB)
...
005 (339723.056.000) 01/29 16:13:39 Job terminated.
	(1) Normal termination (return value 0)
		Usr 0 00:00:24, Sys 0 00:00:02  -  Run Remote Usage
		Usr 0 00:00:00, Sys 0 00:00:00  -  Run Local Usage
		Usr 0 00:00:24, Sys 0 00:00:02  -  Total Remote Usage
		Usr 0 00:00:00, Sys 0 00:00:00  -  Total Local Usage
	733  -  Run Bytes Sent By Job
	10690  -  Run Bytes Received By Job
	733  -  Total Bytes Sent By Job
	10690  -  Total Bytes Received By Job
	Partitionable Resources :    Usage  Request Allocated 
	   Cpus                 :        0        1         1 
	   Disk (KB)            :       29  2048000   3798708 
	   Memory (MB)          :      210     2000      2000 
...
