000 (47437.544.000) 12/19 19:07:10 Job submitted from host: <155.230.20.251:9618?addrs=155.230.20.251-9618&noUDP&sock=930313_ea96_3>
...
001 (47437.544.000) 12/19 19:18:05 Job executing on host: <155.230.21.119:9618?addrs=155.230.21.119-9618&noUDP&sock=7399_ad53_3>
...
006 (47437.544.000) 12/19 19:18:13 Image size of job updated: 287148
	210  -  MemoryUsage of job (MB)
	214516  -  ResidentSetSize of job (KB)
...
006 (47437.544.000) 12/19 19:18:33 Image size of job updated: 598996
	210  -  MemoryUsage of job (MB)
	214516  -  ResidentSetSize of job (KB)
...
005 (47437.544.000) 12/19 19:18:33 Job terminated.
	(1) Normal termination (return value 0)
		Usr 0 00:00:26, Sys 0 00:00:01  -  Run Remote Usage
		Usr 0 00:00:00, Sys 0 00:00:00  -  Run Local Usage
		Usr 0 00:00:26, Sys 0 00:00:01  -  Total Remote Usage
		Usr 0 00:00:00, Sys 0 00:00:00  -  Total Local Usage
	555  -  Run Bytes Sent By Job
	10426  -  Run Bytes Received By Job
	555  -  Total Bytes Sent By Job
	10426  -  Total Bytes Received By Job
	Partitionable Resources :    Usage  Request Allocated 
	   Cpus                 :     1.00        1         1 
	   Disk (KB)            :    28     2048000   3709467 
	   Memory (MB)          :   210        2000      2000 
...
