000 (47437.217.000) 12/19 19:07:10 Job submitted from host: <155.230.20.251:9618?addrs=155.230.20.251-9618&noUDP&sock=930313_ea96_3>
...
001 (47437.217.000) 12/19 19:11:33 Job executing on host: <155.230.21.42:9618?addrs=155.230.21.42-9618&noUDP&sock=2987_697a_3>
...
006 (47437.217.000) 12/19 19:11:42 Image size of job updated: 77836
	44  -  MemoryUsage of job (MB)
	44372  -  ResidentSetSize of job (KB)
...
006 (47437.217.000) 12/19 19:12:27 Image size of job updated: 600208
	44  -  MemoryUsage of job (MB)
	44372  -  ResidentSetSize of job (KB)
...
005 (47437.217.000) 12/19 19:12:27 Job terminated.
	(1) Normal termination (return value 0)
		Usr 0 00:00:35, Sys 0 00:00:02  -  Run Remote Usage
		Usr 0 00:00:00, Sys 0 00:00:00  -  Run Local Usage
		Usr 0 00:00:35, Sys 0 00:00:02  -  Total Remote Usage
		Usr 0 00:00:00, Sys 0 00:00:00  -  Total Local Usage
	555  -  Run Bytes Sent By Job
	10426  -  Run Bytes Received By Job
	555  -  Total Bytes Sent By Job
	10426  -  Total Bytes Received By Job
	Partitionable Resources :    Usage  Request Allocated 
	   Cpus                 :     0.04        1         1 
	   Disk (KB)            :    28     2048000   3669141 
	   Memory (MB)          :    44        2000      2000 
...
000 (339721.217.000) 01/29 15:58:18 Job submitted from host: <155.230.23.72:9618?addrs=155.230.23.72-9618&noUDP&sock=882541_4c40_3>
...
009 (339721.217.000) 01/29 16:01:54 Job was aborted by the user.
	via condor_rm (by user choij)
...
000 (339723.217.000) 01/29 16:03:11 Job submitted from host: <155.230.23.72:9618?addrs=155.230.23.72-9618&noUDP&sock=882541_4c40_3>
...
001 (339723.217.000) 01/29 16:16:13 Job executing on host: <155.230.21.114:9618?addrs=155.230.21.114-9618&noUDP&sock=22699_3457_47>
...
006 (339723.217.000) 01/29 16:16:22 Image size of job updated: 297692
	217  -  MemoryUsage of job (MB)
	221844  -  ResidentSetSize of job (KB)
...
006 (339723.217.000) 01/29 16:16:45 Image size of job updated: 313024
	217  -  MemoryUsage of job (MB)
	222064  -  ResidentSetSize of job (KB)
...
005 (339723.217.000) 01/29 16:16:45 Job terminated.
	(1) Normal termination (return value 0)
		Usr 0 00:00:24, Sys 0 00:00:04  -  Run Remote Usage
		Usr 0 00:00:00, Sys 0 00:00:00  -  Run Local Usage
		Usr 0 00:00:24, Sys 0 00:00:04  -  Total Remote Usage
		Usr 0 00:00:00, Sys 0 00:00:00  -  Total Local Usage
	734  -  Run Bytes Sent By Job
	10690  -  Run Bytes Received By Job
	734  -  Total Bytes Sent By Job
	10690  -  Total Bytes Received By Job
	Partitionable Resources :    Usage  Request Allocated 
	   Cpus                 :        0        1         1 
	   Disk (KB)            :       28  2048000   3693499 
	   Memory (MB)          :      217     2000      2000 
...
