000 (47437.103.000) 12/19 19:07:10 Job submitted from host: <155.230.20.251:9618?addrs=155.230.20.251-9618&noUDP&sock=930313_ea96_3>
...
001 (47437.103.000) 12/19 19:08:37 Job executing on host: <155.230.21.82:9618?addrs=155.230.21.82-9618&noUDP&sock=1520_2c0b_3>
...
006 (47437.103.000) 12/19 19:08:46 Image size of job updated: 313316
	232  -  MemoryUsage of job (MB)
	237084  -  ResidentSetSize of job (KB)
...
006 (47437.103.000) 12/19 19:08:59 Image size of job updated: 602800
	232  -  MemoryUsage of job (MB)
	237084  -  ResidentSetSize of job (KB)
...
005 (47437.103.000) 12/19 19:08:59 Job terminated.
	(1) Normal termination (return value 0)
		Usr 0 00:00:19, Sys 0 00:00:00  -  Run Remote Usage
		Usr 0 00:00:00, Sys 0 00:00:00  -  Run Local Usage
		Usr 0 00:00:19, Sys 0 00:00:00  -  Total Remote Usage
		Usr 0 00:00:00, Sys 0 00:00:00  -  Total Local Usage
	555  -  Run Bytes Sent By Job
	10426  -  Run Bytes Received By Job
	555  -  Total Bytes Sent By Job
	10426  -  Total Bytes Received By Job
	Partitionable Resources :    Usage  Request Allocated 
	   Cpus                 :        0        1         1 
	   Disk (KB)            :       28  2048000   3711920 
	   Memory (MB)          :      232     2000      2000 
...
000 (339721.103.000) 01/29 15:58:18 Job submitted from host: <155.230.23.72:9618?addrs=155.230.23.72-9618&noUDP&sock=882541_4c40_3>
...
009 (339721.103.000) 01/29 16:01:54 Job was aborted by the user.
	via condor_rm (by user choij)
...
000 (339723.103.000) 01/29 16:03:11 Job submitted from host: <155.230.23.72:9618?addrs=155.230.23.72-9618&noUDP&sock=882541_4c40_3>
...
001 (339723.103.000) 01/29 16:14:10 Job executing on host: <155.230.21.119:9618?addrs=155.230.21.119-9618&noUDP&sock=7399_ad53_47>
...
006 (339723.103.000) 01/29 16:14:18 Image size of job updated: 260960
	187  -  MemoryUsage of job (MB)
	190520  -  ResidentSetSize of job (KB)
...
006 (339723.103.000) 01/29 16:14:48 Image size of job updated: 314056
	187  -  MemoryUsage of job (MB)
	190520  -  ResidentSetSize of job (KB)
...
005 (339723.103.000) 01/29 16:14:48 Job terminated.
	(1) Normal termination (return value 0)
		Usr 0 00:00:28, Sys 0 00:00:05  -  Run Remote Usage
		Usr 0 00:00:00, Sys 0 00:00:00  -  Run Local Usage
		Usr 0 00:00:28, Sys 0 00:00:05  -  Total Remote Usage
		Usr 0 00:00:00, Sys 0 00:00:00  -  Total Local Usage
	734  -  Run Bytes Sent By Job
	10690  -  Run Bytes Received By Job
	734  -  Total Bytes Sent By Job
	10690  -  Total Bytes Received By Job
	Partitionable Resources :    Usage  Request Allocated 
	   Cpus                 :     1.00        1         1 
	   Disk (KB)            :    29     2048000   3788489 
	   Memory (MB)          :   187        2000      2000 
...
