000 (47437.526.000) 12/19 19:07:10 Job submitted from host: <155.230.20.251:9618?addrs=155.230.20.251-9618&noUDP&sock=930313_ea96_3>
...
001 (47437.526.000) 12/19 19:17:58 Job executing on host: <155.230.21.109:9618?addrs=155.230.21.109-9618&noUDP&sock=26104_c051_3>
...
006 (47437.526.000) 12/19 19:18:07 Image size of job updated: 285512
	209  -  MemoryUsage of job (MB)
	213648  -  ResidentSetSize of job (KB)
...
006 (47437.526.000) 12/19 19:18:25 Image size of job updated: 600208
	209  -  MemoryUsage of job (MB)
	213648  -  ResidentSetSize of job (KB)
...
005 (47437.526.000) 12/19 19:18:25 Job terminated.
	(1) Normal termination (return value 0)
		Usr 0 00:00:22, Sys 0 00:00:01  -  Run Remote Usage
		Usr 0 00:00:00, Sys 0 00:00:00  -  Run Local Usage
		Usr 0 00:00:22, Sys 0 00:00:01  -  Total Remote Usage
		Usr 0 00:00:00, Sys 0 00:00:00  -  Total Local Usage
	555  -  Run Bytes Sent By Job
	10426  -  Run Bytes Received By Job
	555  -  Total Bytes Sent By Job
	10426  -  Total Bytes Received By Job
	Partitionable Resources :    Usage  Request Allocated 
	   Cpus                 :     0.97        1         1 
	   Disk (KB)            :    28     2048000   3710353 
	   Memory (MB)          :   209        2000      2000 
...
000 (339721.526.000) 01/29 15:58:18 Job submitted from host: <155.230.23.72:9618?addrs=155.230.23.72-9618&noUDP&sock=882541_4c40_3>
...
009 (339721.526.000) 01/29 16:01:55 Job was aborted by the user.
	via condor_rm (by user choij)
...
000 (339723.526.000) 01/29 16:03:11 Job submitted from host: <155.230.23.72:9618?addrs=155.230.23.72-9618&noUDP&sock=882541_4c40_3>
...
001 (339723.526.000) 01/29 16:21:40 Job executing on host: <155.230.21.119:9618?addrs=155.230.21.119-9618&noUDP&sock=7399_ad53_47>
...
006 (339723.526.000) 01/29 16:21:48 Image size of job updated: 260192
	186  -  MemoryUsage of job (MB)
	190336  -  ResidentSetSize of job (KB)
...
006 (339723.526.000) 01/29 16:22:16 Image size of job updated: 310740
	186  -  MemoryUsage of job (MB)
	190340  -  ResidentSetSize of job (KB)
...
005 (339723.526.000) 01/29 16:22:17 Job terminated.
	(1) Normal termination (return value 0)
		Usr 0 00:00:28, Sys 0 00:00:05  -  Run Remote Usage
		Usr 0 00:00:00, Sys 0 00:00:00  -  Run Local Usage
		Usr 0 00:00:28, Sys 0 00:00:05  -  Total Remote Usage
		Usr 0 00:00:00, Sys 0 00:00:00  -  Total Local Usage
	734  -  Run Bytes Sent By Job
	10690  -  Run Bytes Received By Job
	734  -  Total Bytes Sent By Job
	10690  -  Total Bytes Received By Job
	Partitionable Resources :    Usage  Request Allocated 
	   Cpus                 :        0        1         1 
	   Disk (KB)            :       28  2048000   3788489 
	   Memory (MB)          :      186     2000      2000 
...
