000 (47437.595.000) 12/19 19:07:10 Job submitted from host: <155.230.20.251:9618?addrs=155.230.20.251-9618&noUDP&sock=930313_ea96_3>
...
001 (47437.595.000) 12/19 19:18:37 Job executing on host: <155.230.21.114:9618?addrs=155.230.21.114-9618&noUDP&sock=22699_3457_3>
...
006 (47437.595.000) 12/19 19:18:45 Image size of job updated: 293644
	214  -  MemoryUsage of job (MB)
	218428  -  ResidentSetSize of job (KB)
...
006 (47437.595.000) 12/19 19:19:02 Image size of job updated: 340624
	214  -  MemoryUsage of job (MB)
	218504  -  ResidentSetSize of job (KB)
...
005 (47437.595.000) 12/19 19:19:02 Job terminated.
	(1) Normal termination (return value 0)
		Usr 0 00:00:23, Sys 0 00:00:01  -  Run Remote Usage
		Usr 0 00:00:00, Sys 0 00:00:00  -  Run Local Usage
		Usr 0 00:00:23, Sys 0 00:00:01  -  Total Remote Usage
		Usr 0 00:00:00, Sys 0 00:00:00  -  Total Local Usage
	555  -  Run Bytes Sent By Job
	10426  -  Run Bytes Received By Job
	555  -  Total Bytes Sent By Job
	10426  -  Total Bytes Received By Job
	Partitionable Resources :    Usage  Request Allocated 
	   Cpus                 :        0        1         1 
	   Disk (KB)            :       28  2048000   3618436 
	   Memory (MB)          :      214     2000      2000 
...
000 (339721.595.000) 01/29 15:58:19 Job submitted from host: <155.230.23.72:9618?addrs=155.230.23.72-9618&noUDP&sock=882541_4c40_3>
...
009 (339721.595.000) 01/29 16:01:56 Job was aborted by the user.
	via condor_rm (by user choij)
...
000 (339723.595.000) 01/29 16:03:11 Job submitted from host: <155.230.23.72:9618?addrs=155.230.23.72-9618&noUDP&sock=882541_4c40_3>
...
001 (339723.595.000) 01/29 16:23:28 Job executing on host: <155.230.21.33:9618?addrs=155.230.21.33-9618&noUDP&sock=18775_aab5_3>
...
006 (339723.595.000) 01/29 16:23:36 Image size of job updated: 98028
	59  -  MemoryUsage of job (MB)
	60164  -  ResidentSetSize of job (KB)
...
006 (339723.595.000) 01/29 16:24:40 Image size of job updated: 98028
	59  -  MemoryUsage of job (MB)
	60292  -  ResidentSetSize of job (KB)
...
005 (339723.595.000) 01/29 16:24:40 Job terminated.
	(1) Normal termination (return value 0)
		Usr 0 00:00:36, Sys 0 00:00:05  -  Run Remote Usage
		Usr 0 00:00:00, Sys 0 00:00:00  -  Run Local Usage
		Usr 0 00:00:36, Sys 0 00:00:05  -  Total Remote Usage
		Usr 0 00:00:00, Sys 0 00:00:00  -  Total Local Usage
	988  -  Run Bytes Sent By Job
	10690  -  Run Bytes Received By Job
	988  -  Total Bytes Sent By Job
	10690  -  Total Bytes Received By Job
	Partitionable Resources :    Usage  Request Allocated 
	   Cpus                 :     0.62        1         1 
	   Disk (KB)            :    29     2048000   3679636 
	   Memory (MB)          :    59        2000      2000 
...
