000 (47437.302.000) 12/19 19:07:10 Job submitted from host: <155.230.20.251:9618?addrs=155.230.20.251-9618&noUDP&sock=930313_ea96_3>
...
001 (47437.302.000) 12/19 19:13:35 Job executing on host: <155.230.21.42:9618?addrs=155.230.21.42-9618&noUDP&sock=2987_697a_3>
...
006 (47437.302.000) 12/19 19:13:44 Image size of job updated: 36604
	16  -  MemoryUsage of job (MB)
	15368  -  ResidentSetSize of job (KB)
...
006 (47437.302.000) 12/19 19:14:38 Image size of job updated: 550564
	16  -  MemoryUsage of job (MB)
	15368  -  ResidentSetSize of job (KB)
...
005 (47437.302.000) 12/19 19:14:38 Job terminated.
	(1) Normal termination (return value 0)
		Usr 0 00:00:35, Sys 0 00:00:02  -  Run Remote Usage
		Usr 0 00:00:00, Sys 0 00:00:00  -  Run Local Usage
		Usr 0 00:00:35, Sys 0 00:00:02  -  Total Remote Usage
		Usr 0 00:00:00, Sys 0 00:00:00  -  Total Local Usage
	555  -  Run Bytes Sent By Job
	10426  -  Run Bytes Received By Job
	555  -  Total Bytes Sent By Job
	10426  -  Total Bytes Received By Job
	Partitionable Resources :    Usage  Request Allocated 
	   Cpus                 :     0.98        1         1 
	   Disk (KB)            :    28     2048000   3669141 
	   Memory (MB)          :    16        2000      2000 
...
000 (339721.302.000) 01/29 15:58:18 Job submitted from host: <155.230.23.72:9618?addrs=155.230.23.72-9618&noUDP&sock=882541_4c40_3>
...
009 (339721.302.000) 01/29 16:01:55 Job was aborted by the user.
	via condor_rm (by user choij)
...
000 (339723.302.000) 01/29 16:03:11 Job submitted from host: <155.230.23.72:9618?addrs=155.230.23.72-9618&noUDP&sock=882541_4c40_3>
...
001 (339723.302.000) 01/29 16:18:06 Job executing on host: <155.230.21.91:9618?addrs=155.230.21.91-9618&noUDP&sock=17349_8ca8_47>
...
006 (339723.302.000) 01/29 16:18:14 Image size of job updated: 290876
	211  -  MemoryUsage of job (MB)
	216048  -  ResidentSetSize of job (KB)
...
006 (339723.302.000) 01/29 16:18:32 Image size of job updated: 334452
	211  -  MemoryUsage of job (MB)
	216048  -  ResidentSetSize of job (KB)
...
005 (339723.302.000) 01/29 16:18:32 Job terminated.
	(1) Normal termination (return value 0)
		Usr 0 00:00:19, Sys 0 00:00:02  -  Run Remote Usage
		Usr 0 00:00:00, Sys 0 00:00:00  -  Run Local Usage
		Usr 0 00:00:19, Sys 0 00:00:02  -  Total Remote Usage
		Usr 0 00:00:00, Sys 0 00:00:00  -  Total Local Usage
	734  -  Run Bytes Sent By Job
	10690  -  Run Bytes Received By Job
	734  -  Total Bytes Sent By Job
	10690  -  Total Bytes Received By Job
	Partitionable Resources :    Usage  Request Allocated 
	   Cpus                 :        0        1         1 
	   Disk (KB)            :       28  2048000   3781328 
	   Memory (MB)          :      211     2000      2000 
...
