000 (47437.399.000) 12/19 19:07:10 Job submitted from host: <155.230.20.251:9618?addrs=155.230.20.251-9618&noUDP&sock=930313_ea96_3>
...
001 (47437.399.000) 12/19 19:15:36 Job executing on host: <155.230.21.79:9618?addrs=155.230.21.79-9618&noUDP&sock=27572_ad58_3>
...
006 (47437.399.000) 12/19 19:15:45 Image size of job updated: 162308
	98  -  MemoryUsage of job (MB)
	99936  -  ResidentSetSize of job (KB)
...
006 (47437.399.000) 12/19 19:16:05 Image size of job updated: 332980
	98  -  MemoryUsage of job (MB)
	99936  -  ResidentSetSize of job (KB)
...
005 (47437.399.000) 12/19 19:16:05 Job terminated.
	(1) Normal termination (return value 0)
		Usr 0 00:00:19, Sys 0 00:00:01  -  Run Remote Usage
		Usr 0 00:00:00, Sys 0 00:00:00  -  Run Local Usage
		Usr 0 00:00:19, Sys 0 00:00:01  -  Total Remote Usage
		Usr 0 00:00:00, Sys 0 00:00:00  -  Total Local Usage
	555  -  Run Bytes Sent By Job
	10426  -  Run Bytes Received By Job
	555  -  Total Bytes Sent By Job
	10426  -  Total Bytes Received By Job
	Partitionable Resources :    Usage  Request Allocated 
	   Cpus                 :        0        1         1 
	   Disk (KB)            :       28  2048000   3710117 
	   Memory (MB)          :       98     2000      2000 
...
000 (339721.399.000) 01/29 15:58:18 Job submitted from host: <155.230.23.72:9618?addrs=155.230.23.72-9618&noUDP&sock=882541_4c40_3>
...
009 (339721.399.000) 01/29 16:01:55 Job was aborted by the user.
	via condor_rm (by user choij)
...
000 (339723.399.000) 01/29 16:03:11 Job submitted from host: <155.230.23.72:9618?addrs=155.230.23.72-9618&noUDP&sock=882541_4c40_3>
...
001 (339723.399.000) 01/29 16:20:05 Job executing on host: <155.230.21.88:9618?addrs=155.230.21.88-9618&noUDP&sock=1537_d527_36>
...
006 (339723.399.000) 01/29 16:20:14 Image size of job updated: 300952
	220  -  MemoryUsage of job (MB)
	224424  -  ResidentSetSize of job (KB)
...
006 (339723.399.000) 01/29 16:20:33 Image size of job updated: 310904
	220  -  MemoryUsage of job (MB)
	224424  -  ResidentSetSize of job (KB)
...
005 (339723.399.000) 01/29 16:20:33 Job terminated.
	(1) Normal termination (return value 0)
		Usr 0 00:00:20, Sys 0 00:00:03  -  Run Remote Usage
		Usr 0 00:00:00, Sys 0 00:00:00  -  Run Local Usage
		Usr 0 00:00:20, Sys 0 00:00:03  -  Total Remote Usage
		Usr 0 00:00:00, Sys 0 00:00:00  -  Total Local Usage
	734  -  Run Bytes Sent By Job
	10690  -  Run Bytes Received By Job
	734  -  Total Bytes Sent By Job
	10690  -  Total Bytes Received By Job
	Partitionable Resources :    Usage  Request Allocated 
	   Cpus                 :        0        1         1 
	   Disk (KB)            :       28  2048000   3742428 
	   Memory (MB)          :      220     2000      2000 
...
