000 (47437.250.000) 12/19 19:07:10 Job submitted from host: <155.230.20.251:9618?addrs=155.230.20.251-9618&noUDP&sock=930313_ea96_3>
...
001 (47437.250.000) 12/19 19:11:44 Job executing on host: <155.230.21.105:9618?addrs=155.230.21.105-9618&noUDP&sock=23905_6b8e_3>
...
006 (47437.250.000) 12/19 19:11:53 Image size of job updated: 314468
	233  -  MemoryUsage of job (MB)
	238236  -  ResidentSetSize of job (KB)
...
006 (47437.250.000) 12/19 19:12:09 Image size of job updated: 340664
	233  -  MemoryUsage of job (MB)
	238236  -  ResidentSetSize of job (KB)
...
005 (47437.250.000) 12/19 19:12:09 Job terminated.
	(1) Normal termination (return value 0)
		Usr 0 00:00:23, Sys 0 00:00:01  -  Run Remote Usage
		Usr 0 00:00:00, Sys 0 00:00:00  -  Run Local Usage
		Usr 0 00:00:23, Sys 0 00:00:01  -  Total Remote Usage
		Usr 0 00:00:00, Sys 0 00:00:00  -  Total Local Usage
	555  -  Run Bytes Sent By Job
	10426  -  Run Bytes Received By Job
	555  -  Total Bytes Sent By Job
	10426  -  Total Bytes Received By Job
	Partitionable Resources :    Usage  Request Allocated 
	   Cpus                 :        0        1         1 
	   Disk (KB)            :       28  2048000   3709686 
	   Memory (MB)          :      233     2000      2000 
...
