000 (47437.541.000) 12/19 19:07:10 Job submitted from host: <155.230.20.251:9618?addrs=155.230.20.251-9618&noUDP&sock=930313_ea96_3>
...
001 (47437.541.000) 12/19 19:18:03 Job executing on host: <155.230.21.93:9618?addrs=155.230.21.93-9618&noUDP&sock=5106_dea9_3>
...
006 (47437.541.000) 12/19 19:18:12 Image size of job updated: 275288
	199  -  MemoryUsage of job (MB)
	203524  -  ResidentSetSize of job (KB)
...
006 (47437.541.000) 12/19 19:18:28 Image size of job updated: 348092
	199  -  MemoryUsage of job (MB)
	203524  -  ResidentSetSize of job (KB)
...
005 (47437.541.000) 12/19 19:18:28 Job terminated.
	(1) Normal termination (return value 0)
		Usr 0 00:00:19, Sys 0 00:00:00  -  Run Remote Usage
		Usr 0 00:00:00, Sys 0 00:00:00  -  Run Local Usage
		Usr 0 00:00:19, Sys 0 00:00:00  -  Total Remote Usage
		Usr 0 00:00:00, Sys 0 00:00:00  -  Total Local Usage
	555  -  Run Bytes Sent By Job
	10426  -  Run Bytes Received By Job
	555  -  Total Bytes Sent By Job
	10426  -  Total Bytes Received By Job
	Partitionable Resources :    Usage  Request Allocated 
	   Cpus                 :     0.78        1         1 
	   Disk (KB)            :    28     2048000   3667554 
	   Memory (MB)          :   199        2000      2000 
...
000 (339721.541.000) 01/29 15:58:18 Job submitted from host: <155.230.23.72:9618?addrs=155.230.23.72-9618&noUDP&sock=882541_4c40_3>
...
009 (339721.541.000) 01/29 16:01:55 Job was aborted by the user.
	via condor_rm (by user choij)
...
000 (339723.541.000) 01/29 16:03:11 Job submitted from host: <155.230.23.72:9618?addrs=155.230.23.72-9618&noUDP&sock=882541_4c40_3>
...
001 (339723.541.000) 01/29 16:22:29 Job executing on host: <155.230.21.38:9618?addrs=155.230.21.38-9618&noUDP&sock=22636_fddf_3>
...
006 (339723.541.000) 01/29 16:22:37 Image size of job updated: 46200
	20  -  MemoryUsage of job (MB)
	19768  -  ResidentSetSize of job (KB)
...
006 (339723.541.000) 01/29 16:24:31 Image size of job updated: 46200
	20  -  MemoryUsage of job (MB)
	19820  -  ResidentSetSize of job (KB)
...
005 (339723.541.000) 01/29 16:24:31 Job terminated.
	(1) Normal termination (return value 0)
		Usr 0 00:00:37, Sys 0 00:00:07  -  Run Remote Usage
		Usr 0 00:00:00, Sys 0 00:00:00  -  Run Local Usage
		Usr 0 00:00:37, Sys 0 00:00:07  -  Total Remote Usage
		Usr 0 00:00:00, Sys 0 00:00:00  -  Total Local Usage
	734  -  Run Bytes Sent By Job
	10690  -  Run Bytes Received By Job
	734  -  Total Bytes Sent By Job
	10690  -  Total Bytes Received By Job
	Partitionable Resources :    Usage  Request Allocated 
	   Cpus                 :     0.08        1         1 
	   Disk (KB)            :    29     2048000   3666180 
	   Memory (MB)          :    20        2000      2000 
...
