000 (47437.172.000) 12/19 19:07:10 Job submitted from host: <155.230.20.251:9618?addrs=155.230.20.251-9618&noUDP&sock=930313_ea96_3>
...
001 (47437.172.000) 12/19 19:10:43 Job executing on host: <155.230.21.38:9618?addrs=155.230.21.38-9618&noUDP&sock=22636_fddf_3>
...
006 (47437.172.000) 12/19 19:10:52 Image size of job updated: 5136
	4  -  MemoryUsage of job (MB)
	3940  -  ResidentSetSize of job (KB)
...
006 (47437.172.000) 12/19 19:12:17 Image size of job updated: 6960
	4  -  MemoryUsage of job (MB)
	3940  -  ResidentSetSize of job (KB)
...
005 (47437.172.000) 12/19 19:12:17 Job terminated.
	(1) Normal termination (return value 0)
		Usr 0 00:00:36, Sys 0 00:00:02  -  Run Remote Usage
		Usr 0 00:00:00, Sys 0 00:00:00  -  Run Local Usage
		Usr 0 00:00:36, Sys 0 00:00:02  -  Total Remote Usage
		Usr 0 00:00:00, Sys 0 00:00:00  -  Total Local Usage
	555  -  Run Bytes Sent By Job
	10426  -  Run Bytes Received By Job
	555  -  Total Bytes Sent By Job
	10426  -  Total Bytes Received By Job
	Partitionable Resources :    Usage  Request Allocated 
	   Cpus                 :     0.22        1         1 
	   Disk (KB)            :    28     2048000   3666180 
	   Memory (MB)          :     4        2000      2000 
...
