000 (47437.386.000) 12/19 19:07:10 Job submitted from host: <155.230.20.251:9618?addrs=155.230.20.251-9618&noUDP&sock=930313_ea96_3>
...
001 (47437.386.000) 12/19 19:15:44 Job executing on host: <155.230.21.38:9618?addrs=155.230.21.38-9618&noUDP&sock=22636_fddf_3>
...
006 (47437.386.000) 12/19 19:15:52 Image size of job updated: 57716
	25  -  MemoryUsage of job (MB)
	25132  -  ResidentSetSize of job (KB)
...
006 (47437.386.000) 12/19 19:16:44 Image size of job updated: 548000
	25  -  MemoryUsage of job (MB)
	25132  -  ResidentSetSize of job (KB)
...
005 (47437.386.000) 12/19 19:16:44 Job terminated.
	(1) Normal termination (return value 0)
		Usr 0 00:00:35, Sys 0 00:00:02  -  Run Remote Usage
		Usr 0 00:00:00, Sys 0 00:00:00  -  Run Local Usage
		Usr 0 00:00:35, Sys 0 00:00:02  -  Total Remote Usage
		Usr 0 00:00:00, Sys 0 00:00:00  -  Total Local Usage
	555  -  Run Bytes Sent By Job
	10426  -  Run Bytes Received By Job
	555  -  Total Bytes Sent By Job
	10426  -  Total Bytes Received By Job
	Partitionable Resources :    Usage  Request Allocated 
	   Cpus                 :     0.96        1         1 
	   Disk (KB)            :    28     2048000   3666180 
	   Memory (MB)          :    25        2000      2000 
...
