000 (47437.550.000) 12/19 19:07:10 Job submitted from host: <155.230.20.251:9618?addrs=155.230.20.251-9618&noUDP&sock=930313_ea96_3>
...
001 (47437.550.000) 12/19 19:18:07 Job executing on host: <155.230.21.118:9618?addrs=155.230.21.118-9618&noUDP&sock=12615_6b51_3>
...
006 (47437.550.000) 12/19 19:18:16 Image size of job updated: 294344
	215  -  MemoryUsage of job (MB)
	219996  -  ResidentSetSize of job (KB)
...
006 (47437.550.000) 12/19 19:18:35 Image size of job updated: 339608
	215  -  MemoryUsage of job (MB)
	220080  -  ResidentSetSize of job (KB)
...
005 (47437.550.000) 12/19 19:18:36 Job terminated.
	(1) Normal termination (return value 0)
		Usr 0 00:00:26, Sys 0 00:00:01  -  Run Remote Usage
		Usr 0 00:00:00, Sys 0 00:00:00  -  Run Local Usage
		Usr 0 00:00:26, Sys 0 00:00:01  -  Total Remote Usage
		Usr 0 00:00:00, Sys 0 00:00:00  -  Total Local Usage
	555  -  Run Bytes Sent By Job
	10426  -  Run Bytes Received By Job
	555  -  Total Bytes Sent By Job
	10426  -  Total Bytes Received By Job
	Partitionable Resources :    Usage  Request Allocated 
	   Cpus                 :     0.99        1         1 
	   Disk (KB)            :    28     2048000   3709329 
	   Memory (MB)          :   215        2000      2000 
...
