000 (47437.489.000) 12/19 19:07:10 Job submitted from host: <155.230.20.251:9618?addrs=155.230.20.251-9618&noUDP&sock=930313_ea96_3>
...
001 (47437.489.000) 12/19 19:17:39 Job executing on host: <155.230.21.87:9618?addrs=155.230.21.87-9618&noUDP&sock=1550_bfe2_3>
...
006 (47437.489.000) 12/19 19:17:47 Image size of job updated: 305912
	225  -  MemoryUsage of job (MB)
	229680  -  ResidentSetSize of job (KB)
...
006 (47437.489.000) 12/19 19:17:59 Image size of job updated: 598476
	225  -  MemoryUsage of job (MB)
	229680  -  ResidentSetSize of job (KB)
...
005 (47437.489.000) 12/19 19:17:59 Job terminated.
	(1) Normal termination (return value 0)
		Usr 0 00:00:18, Sys 0 00:00:00  -  Run Remote Usage
		Usr 0 00:00:00, Sys 0 00:00:00  -  Run Local Usage
		Usr 0 00:00:18, Sys 0 00:00:00  -  Total Remote Usage
		Usr 0 00:00:00, Sys 0 00:00:00  -  Total Local Usage
	555  -  Run Bytes Sent By Job
	10426  -  Run Bytes Received By Job
	555  -  Total Bytes Sent By Job
	10426  -  Total Bytes Received By Job
	Partitionable Resources :    Usage  Request Allocated 
	   Cpus                 :     0.98        1         1 
	   Disk (KB)            :    28     2048000   3519388 
	   Memory (MB)          :   225        2000      2000 
...
000 (339721.489.000) 01/29 15:58:18 Job submitted from host: <155.230.23.72:9618?addrs=155.230.23.72-9618&noUDP&sock=882541_4c40_3>
...
009 (339721.489.000) 01/29 16:01:55 Job was aborted by the user.
	via condor_rm (by user choij)
...
000 (339723.489.000) 01/29 16:03:11 Job submitted from host: <155.230.23.72:9618?addrs=155.230.23.72-9618&noUDP&sock=882541_4c40_3>
...
001 (339723.489.000) 01/29 16:21:28 Job executing on host: <155.230.21.73:9618?addrs=155.230.21.73-9618&noUDP&sock=15554_5428_3>
...
006 (339723.489.000) 01/29 16:21:37 Image size of job updated: 80008
	40  -  MemoryUsage of job (MB)
	40296  -  ResidentSetSize of job (KB)
...
005 (339723.489.000) 01/29 16:23:19 Job terminated.
	(1) Normal termination (return value 0)
		Usr 0 00:00:37, Sys 0 00:00:06  -  Run Remote Usage
		Usr 0 00:00:00, Sys 0 00:00:00  -  Run Local Usage
		Usr 0 00:00:37, Sys 0 00:00:06  -  Total Remote Usage
		Usr 0 00:00:00, Sys 0 00:00:00  -  Total Local Usage
	734  -  Run Bytes Sent By Job
	10690  -  Run Bytes Received By Job
	734  -  Total Bytes Sent By Job
	10690  -  Total Bytes Received By Job
	Partitionable Resources :    Usage  Request Allocated 
	   Cpus                 :     0.84        1         1 
	   Disk (KB)            :    28     2048000   3656096 
	   Memory (MB)          :    40        2000      2000 
...
