000 (47437.033.000) 12/19 19:07:09 Job submitted from host: <155.230.20.251:9618?addrs=155.230.20.251-9618&noUDP&sock=930313_ea96_3>
...
001 (47437.033.000) 12/19 19:07:32 Job executing on host: <155.230.21.107:9618?addrs=155.230.21.107-9618&noUDP&sock=27177_bd70_3>
...
006 (47437.033.000) 12/19 19:07:41 Image size of job updated: 265100
	190  -  MemoryUsage of job (MB)
	193796  -  ResidentSetSize of job (KB)
...
006 (47437.033.000) 12/19 19:07:58 Image size of job updated: 265100
	190  -  MemoryUsage of job (MB)
	193828  -  ResidentSetSize of job (KB)
...
005 (47437.033.000) 12/19 19:07:58 Job terminated.
	(1) Normal termination (return value 0)
		Usr 0 00:00:20, Sys 0 00:00:01  -  Run Remote Usage
		Usr 0 00:00:00, Sys 0 00:00:00  -  Run Local Usage
		Usr 0 00:00:20, Sys 0 00:00:01  -  Total Remote Usage
		Usr 0 00:00:00, Sys 0 00:00:00  -  Total Local Usage
	555  -  Run Bytes Sent By Job
	10426  -  Run Bytes Received By Job
	555  -  Total Bytes Sent By Job
	10426  -  Total Bytes Received By Job
	Partitionable Resources :    Usage  Request Allocated 
	   Cpus                 :     0.03        1         1 
	   Disk (KB)            :    28     2048000   3710161 
	   Memory (MB)          :   190        2000      2000 
...
