000 (47436.001.000) 12/19 19:02:26 Job submitted from host: <155.230.20.251:9618?addrs=155.230.20.251-9618&noUDP&sock=930313_ea96_3>
...
001 (47436.001.000) 12/19 19:02:29 Job executing on host: <155.230.21.38:9618?addrs=155.230.21.38-9618&noUDP&sock=22636_fddf_3>
...
006 (47436.001.000) 12/19 19:02:37 Image size of job updated: 5132
	4  -  MemoryUsage of job (MB)
	3936  -  ResidentSetSize of job (KB)
...
006 (47436.001.000) 12/19 19:05:15 Image size of job updated: 327332
	4  -  MemoryUsage of job (MB)
	3936  -  ResidentSetSize of job (KB)
...
005 (47436.001.000) 12/19 19:05:15 Job terminated.
	(1) Normal termination (return value 0)
		Usr 0 00:00:35, Sys 0 00:00:02  -  Run Remote Usage
		Usr 0 00:00:00, Sys 0 00:00:00  -  Run Local Usage
		Usr 0 00:00:35, Sys 0 00:00:02  -  Total Remote Usage
		Usr 0 00:00:00, Sys 0 00:00:00  -  Total Local Usage
	555  -  Run Bytes Sent By Job
	10426  -  Run Bytes Received By Job
	555  -  Total Bytes Sent By Job
	10426  -  Total Bytes Received By Job
	Partitionable Resources :    Usage  Request Allocated 
	   Cpus                 :        0        1         1 
	   Disk (KB)            :       28  2048000   3666180 
	   Memory (MB)          :        4     2000      2000 
...
000 (47437.001.000) 12/19 19:07:09 Job submitted from host: <155.230.20.251:9618?addrs=155.230.20.251-9618&noUDP&sock=930313_ea96_3>
...
001 (47437.001.000) 12/19 19:07:22 Job executing on host: <155.230.21.38:9618?addrs=155.230.21.38-9618&noUDP&sock=22636_fddf_3>
...
006 (47437.001.000) 12/19 19:07:31 Image size of job updated: 42732
	16  -  MemoryUsage of job (MB)
	15424  -  ResidentSetSize of job (KB)
...
006 (47437.001.000) 12/19 19:08:41 Image size of job updated: 266048
	16  -  MemoryUsage of job (MB)
	15428  -  ResidentSetSize of job (KB)
...
005 (47437.001.000) 12/19 19:08:41 Job terminated.
	(1) Normal termination (return value 0)
		Usr 0 00:00:35, Sys 0 00:00:02  -  Run Remote Usage
		Usr 0 00:00:00, Sys 0 00:00:00  -  Run Local Usage
		Usr 0 00:00:35, Sys 0 00:00:02  -  Total Remote Usage
		Usr 0 00:00:00, Sys 0 00:00:00  -  Total Local Usage
	555  -  Run Bytes Sent By Job
	10426  -  Run Bytes Received By Job
	555  -  Total Bytes Sent By Job
	10426  -  Total Bytes Received By Job
	Partitionable Resources :    Usage  Request Allocated 
	   Cpus                 :     0.12        1         1 
	   Disk (KB)            :    28     2048000   3666180 
	   Memory (MB)          :    16        2000      2000 
...
