000 (47437.420.000) 12/19 19:07:10 Job submitted from host: <155.230.20.251:9618?addrs=155.230.20.251-9618&noUDP&sock=930313_ea96_3>
...
001 (47437.420.000) 12/19 19:15:46 Job executing on host: <155.230.21.105:9618?addrs=155.230.21.105-9618&noUDP&sock=23905_6b8e_3>
...
006 (47437.420.000) 12/19 19:15:54 Image size of job updated: 290800
	212  -  MemoryUsage of job (MB)
	217072  -  ResidentSetSize of job (KB)
...
006 (47437.420.000) 12/19 19:16:12 Image size of job updated: 351548
	212  -  MemoryUsage of job (MB)
	217076  -  ResidentSetSize of job (KB)
...
005 (47437.420.000) 12/19 19:16:12 Job terminated.
	(1) Normal termination (return value 0)
		Usr 0 00:00:23, Sys 0 00:00:01  -  Run Remote Usage
		Usr 0 00:00:00, Sys 0 00:00:00  -  Run Local Usage
		Usr 0 00:00:23, Sys 0 00:00:01  -  Total Remote Usage
		Usr 0 00:00:00, Sys 0 00:00:00  -  Total Local Usage
	555  -  Run Bytes Sent By Job
	10426  -  Run Bytes Received By Job
	555  -  Total Bytes Sent By Job
	10426  -  Total Bytes Received By Job
	Partitionable Resources :    Usage  Request Allocated 
	   Cpus                 :        0        1         1 
	   Disk (KB)            :       28  2048000   3709686 
	   Memory (MB)          :      212     2000      2000 
...
