000 (47437.130.000) 12/19 19:07:10 Job submitted from host: <155.230.20.251:9618?addrs=155.230.20.251-9618&noUDP&sock=930313_ea96_3>
...
001 (47437.130.000) 12/19 19:09:47 Job executing on host: <155.230.21.73:9618?addrs=155.230.21.73-9618&noUDP&sock=15554_5428_3>
...
006 (47437.130.000) 12/19 19:09:55 Image size of job updated: 22464
	10  -  MemoryUsage of job (MB)
	9548  -  ResidentSetSize of job (KB)
...
006 (47437.130.000) 12/19 19:14:56 Image size of job updated: 30064
	27  -  MemoryUsage of job (MB)
	27544  -  ResidentSetSize of job (KB)
...
006 (47437.130.000) 12/19 19:19:56 Image size of job updated: 46356
	40  -  MemoryUsage of job (MB)
	40244  -  ResidentSetSize of job (KB)
...
006 (47437.130.000) 12/19 19:24:56 Image size of job updated: 94828
	80  -  MemoryUsage of job (MB)
	81808  -  ResidentSetSize of job (KB)
...
005 (47437.130.000) 12/19 19:29:05 Job terminated.
	(1) Normal termination (return value 0)
		Usr 0 00:00:35, Sys 0 00:00:02  -  Run Remote Usage
		Usr 0 00:00:00, Sys 0 00:00:00  -  Run Local Usage
		Usr 0 00:00:35, Sys 0 00:00:02  -  Total Remote Usage
		Usr 0 00:00:00, Sys 0 00:00:00  -  Total Local Usage
	555  -  Run Bytes Sent By Job
	10426  -  Run Bytes Received By Job
	555  -  Total Bytes Sent By Job
	10426  -  Total Bytes Received By Job
	Partitionable Resources :    Usage  Request Allocated 
	   Cpus                 :     0.02        1         1 
	   Disk (KB)            :    28     2048000   3656096 
	   Memory (MB)          :    80        2000      2000 
...
