000 (47437.252.000) 12/19 19:07:10 Job submitted from host: <155.230.20.251:9618?addrs=155.230.20.251-9618&noUDP&sock=930313_ea96_3>
...
001 (47437.252.000) 12/19 19:11:45 Job executing on host: <155.230.21.118:9618?addrs=155.230.21.118-9618&noUDP&sock=12615_6b51_3>
...
006 (47437.252.000) 12/19 19:11:53 Image size of job updated: 288824
	211  -  MemoryUsage of job (MB)
	215096  -  ResidentSetSize of job (KB)
...
006 (47437.252.000) 12/19 19:12:13 Image size of job updated: 348876
	211  -  MemoryUsage of job (MB)
	215096  -  ResidentSetSize of job (KB)
...
005 (47437.252.000) 12/19 19:12:13 Job terminated.
	(1) Normal termination (return value 0)
		Usr 0 00:00:26, Sys 0 00:00:01  -  Run Remote Usage
		Usr 0 00:00:00, Sys 0 00:00:00  -  Run Local Usage
		Usr 0 00:00:26, Sys 0 00:00:01  -  Total Remote Usage
		Usr 0 00:00:00, Sys 0 00:00:00  -  Total Local Usage
	555  -  Run Bytes Sent By Job
	10426  -  Run Bytes Received By Job
	555  -  Total Bytes Sent By Job
	10426  -  Total Bytes Received By Job
	Partitionable Resources :    Usage  Request Allocated 
	   Cpus                 :        0        1         1 
	   Disk (KB)            :       28  2048000   3709329 
	   Memory (MB)          :      211     2000      2000 
...
000 (339721.252.000) 01/29 15:58:18 Job submitted from host: <155.230.23.72:9618?addrs=155.230.23.72-9618&noUDP&sock=882541_4c40_3>
...
009 (339721.252.000) 01/29 16:01:55 Job was aborted by the user.
	via condor_rm (by user choij)
...
000 (339723.252.000) 01/29 16:03:11 Job submitted from host: <155.230.23.72:9618?addrs=155.230.23.72-9618&noUDP&sock=882541_4c40_3>
...
001 (339723.252.000) 01/29 16:17:07 Job executing on host: <155.230.21.86:9618?addrs=155.230.21.86-9618&noUDP&sock=20085_37c6_47>
...
006 (339723.252.000) 01/29 16:17:15 Image size of job updated: 300700
	219  -  MemoryUsage of job (MB)
	224172  -  ResidentSetSize of job (KB)
...
006 (339723.252.000) 01/29 16:17:34 Image size of job updated: 309276
	219  -  MemoryUsage of job (MB)
	224172  -  ResidentSetSize of job (KB)
...
005 (339723.252.000) 01/29 16:17:34 Job terminated.
	(1) Normal termination (return value 0)
		Usr 0 00:00:20, Sys 0 00:00:03  -  Run Remote Usage
		Usr 0 00:00:00, Sys 0 00:00:00  -  Run Local Usage
		Usr 0 00:00:20, Sys 0 00:00:03  -  Total Remote Usage
		Usr 0 00:00:00, Sys 0 00:00:00  -  Total Local Usage
	734  -  Run Bytes Sent By Job
	10690  -  Run Bytes Received By Job
	734  -  Total Bytes Sent By Job
	10690  -  Total Bytes Received By Job
	Partitionable Resources :    Usage  Request Allocated 
	   Cpus                 :        0        1         1 
	   Disk (KB)            :       28  2048000   3827117 
	   Memory (MB)          :      219     2000      2000 
...
