000 (47437.418.000) 12/19 19:07:10 Job submitted from host: <155.230.20.251:9618?addrs=155.230.20.251-9618&noUDP&sock=930313_ea96_3>
...
001 (47437.418.000) 12/19 19:15:43 Job executing on host: <155.230.21.107:9618?addrs=155.230.21.107-9618&noUDP&sock=27177_bd70_3>
...
006 (47437.418.000) 12/19 19:15:52 Image size of job updated: 312864
	232  -  MemoryUsage of job (MB)
	236632  -  ResidentSetSize of job (KB)
...
006 (47437.418.000) 12/19 19:16:07 Image size of job updated: 346156
	232  -  MemoryUsage of job (MB)
	236632  -  ResidentSetSize of job (KB)
...
005 (47437.418.000) 12/19 19:16:07 Job terminated.
	(1) Normal termination (return value 0)
		Usr 0 00:00:21, Sys 0 00:00:01  -  Run Remote Usage
		Usr 0 00:00:00, Sys 0 00:00:00  -  Run Local Usage
		Usr 0 00:00:21, Sys 0 00:00:01  -  Total Remote Usage
		Usr 0 00:00:00, Sys 0 00:00:00  -  Total Local Usage
	555  -  Run Bytes Sent By Job
	10426  -  Run Bytes Received By Job
	555  -  Total Bytes Sent By Job
	10426  -  Total Bytes Received By Job
	Partitionable Resources :    Usage  Request Allocated 
	   Cpus                 :        0        1         1 
	   Disk (KB)            :       28  2048000   3710161 
	   Memory (MB)          :      232     2000      2000 
...
000 (339721.418.000) 01/29 15:58:18 Job submitted from host: <155.230.23.72:9618?addrs=155.230.23.72-9618&noUDP&sock=882541_4c40_3>
...
009 (339721.418.000) 01/29 16:01:55 Job was aborted by the user.
	via condor_rm (by user choij)
...
000 (339723.418.000) 01/29 16:03:11 Job submitted from host: <155.230.23.72:9618?addrs=155.230.23.72-9618&noUDP&sock=882541_4c40_3>
...
001 (339723.418.000) 01/29 16:20:11 Job executing on host: <155.230.21.105:9618?addrs=155.230.21.105-9618&noUDP&sock=23905_6b8e_47>
...
006 (339723.418.000) 01/29 16:20:19 Image size of job updated: 279896
	203  -  MemoryUsage of job (MB)
	207164  -  ResidentSetSize of job (KB)
...
006 (339723.418.000) 01/29 16:20:48 Image size of job updated: 315468
	203  -  MemoryUsage of job (MB)
	207164  -  ResidentSetSize of job (KB)
...
005 (339723.418.000) 01/29 16:20:48 Job terminated.
	(1) Normal termination (return value 0)
		Usr 0 00:00:25, Sys 0 00:00:04  -  Run Remote Usage
		Usr 0 00:00:00, Sys 0 00:00:00  -  Run Local Usage
		Usr 0 00:00:25, Sys 0 00:00:04  -  Total Remote Usage
		Usr 0 00:00:00, Sys 0 00:00:00  -  Total Local Usage
	734  -  Run Bytes Sent By Job
	10690  -  Run Bytes Received By Job
	734  -  Total Bytes Sent By Job
	10690  -  Total Bytes Received By Job
	Partitionable Resources :    Usage  Request Allocated 
	   Cpus                 :     1.00        1         1 
	   Disk (KB)            :    28     2048000   3782480 
	   Memory (MB)          :   203        2000      2000 
...
