000 (47437.267.000) 12/19 19:07:10 Job submitted from host: <155.230.20.251:9618?addrs=155.230.20.251-9618&noUDP&sock=930313_ea96_3>
...
001 (47437.267.000) 12/19 19:12:37 Job executing on host: <155.230.21.98:9618?addrs=155.230.21.98-9618&noUDP&sock=16526_0a37_3>
...
006 (47437.267.000) 12/19 19:12:45 Image size of job updated: 52436
	20  -  MemoryUsage of job (MB)
	19800  -  ResidentSetSize of job (KB)
...
006 (47437.267.000) 12/19 19:13:21 Image size of job updated: 347284
	20  -  MemoryUsage of job (MB)
	19800  -  ResidentSetSize of job (KB)
...
005 (47437.267.000) 12/19 19:13:21 Job terminated.
	(1) Normal termination (return value 0)
		Usr 0 00:00:27, Sys 0 00:00:01  -  Run Remote Usage
		Usr 0 00:00:00, Sys 0 00:00:00  -  Run Local Usage
		Usr 0 00:00:27, Sys 0 00:00:01  -  Total Remote Usage
		Usr 0 00:00:00, Sys 0 00:00:00  -  Total Local Usage
	555  -  Run Bytes Sent By Job
	10426  -  Run Bytes Received By Job
	555  -  Total Bytes Sent By Job
	10426  -  Total Bytes Received By Job
	Partitionable Resources :    Usage  Request Allocated 
	   Cpus                 :     0.76        1         1 
	   Disk (KB)            :    28     2048000   3676021 
	   Memory (MB)          :    20        2000      2000 
...
000 (339721.267.000) 01/29 15:58:18 Job submitted from host: <155.230.23.72:9618?addrs=155.230.23.72-9618&noUDP&sock=882541_4c40_3>
...
009 (339721.267.000) 01/29 16:01:55 Job was aborted by the user.
	via condor_rm (by user choij)
...
000 (339723.267.000) 01/29 16:03:11 Job submitted from host: <155.230.23.72:9618?addrs=155.230.23.72-9618&noUDP&sock=882541_4c40_3>
...
001 (339723.267.000) 01/29 16:17:12 Job executing on host: <155.230.21.117:9618?addrs=155.230.21.117-9618&noUDP&sock=8728_42b0_47>
...
006 (339723.267.000) 01/29 16:17:20 Image size of job updated: 290436
	212  -  MemoryUsage of job (MB)
	216308  -  ResidentSetSize of job (KB)
...
006 (339723.267.000) 01/29 16:17:45 Image size of job updated: 313248
	212  -  MemoryUsage of job (MB)
	216376  -  ResidentSetSize of job (KB)
...
005 (339723.267.000) 01/29 16:17:45 Job terminated.
	(1) Normal termination (return value 0)
		Usr 0 00:00:22, Sys 0 00:00:04  -  Run Remote Usage
		Usr 0 00:00:00, Sys 0 00:00:00  -  Run Local Usage
		Usr 0 00:00:22, Sys 0 00:00:04  -  Total Remote Usage
		Usr 0 00:00:00, Sys 0 00:00:00  -  Total Local Usage
	734  -  Run Bytes Sent By Job
	10690  -  Run Bytes Received By Job
	734  -  Total Bytes Sent By Job
	10690  -  Total Bytes Received By Job
	Partitionable Resources :    Usage  Request Allocated 
	   Cpus                 :        0        1         1 
	   Disk (KB)            :       28  2048000   3791002 
	   Memory (MB)          :      212     2000      2000 
...
