000 (47436.005.000) 12/19 19:02:26 Job submitted from host: <155.230.20.251:9618?addrs=155.230.20.251-9618&noUDP&sock=930313_ea96_3>
...
001 (47436.005.000) 12/19 19:02:31 Job executing on host: <155.230.21.100:9618?addrs=155.230.21.100-9618&noUDP&sock=9525_efac_3>
...
006 (47436.005.000) 12/19 19:02:40 Image size of job updated: 84992
	43  -  MemoryUsage of job (MB)
	43228  -  ResidentSetSize of job (KB)
...
006 (47436.005.000) 12/19 19:03:34 Image size of job updated: 306232
	43  -  MemoryUsage of job (MB)
	43228  -  ResidentSetSize of job (KB)
...
005 (47436.005.000) 12/19 19:03:34 Job terminated.
	(1) Normal termination (return value 0)
		Usr 0 00:00:28, Sys 0 00:00:01  -  Run Remote Usage
		Usr 0 00:00:00, Sys 0 00:00:00  -  Run Local Usage
		Usr 0 00:00:28, Sys 0 00:00:01  -  Total Remote Usage
		Usr 0 00:00:00, Sys 0 00:00:00  -  Total Local Usage
	671  -  Run Bytes Sent By Job
	10426  -  Run Bytes Received By Job
	671  -  Total Bytes Sent By Job
	10426  -  Total Bytes Received By Job
	Partitionable Resources :    Usage  Request Allocated 
	   Cpus                 :        0        1         1 
	   Disk (KB)            :       28  2048000   3673277 
	   Memory (MB)          :       43     2000      2000 
...
000 (47437.005.000) 12/19 19:07:09 Job submitted from host: <155.230.20.251:9618?addrs=155.230.20.251-9618&noUDP&sock=930313_ea96_3>
...
001 (47437.005.000) 12/19 19:07:22 Job executing on host: <155.230.21.97:9618?addrs=155.230.21.97-9618&noUDP&sock=19004_bde6_3>
...
006 (47437.005.000) 12/19 19:07:31 Image size of job updated: 50792
	19  -  MemoryUsage of job (MB)
	18844  -  ResidentSetSize of job (KB)
...
005 (47437.005.000) 12/19 19:08:52 Job terminated.
	(1) Normal termination (return value 0)
		Usr 0 00:00:28, Sys 0 00:00:02  -  Run Remote Usage
		Usr 0 00:00:00, Sys 0 00:00:00  -  Run Local Usage
		Usr 0 00:00:28, Sys 0 00:00:02  -  Total Remote Usage
		Usr 0 00:00:00, Sys 0 00:00:00  -  Total Local Usage
	555  -  Run Bytes Sent By Job
	10426  -  Run Bytes Received By Job
	555  -  Total Bytes Sent By Job
	10426  -  Total Bytes Received By Job
	Partitionable Resources :    Usage  Request Allocated 
	   Cpus                 :     0.88        1         1 
	   Disk (KB)            :    28     2048000   3673156 
	   Memory (MB)          :    19        2000      2000 
...
