000 (47437.533.000) 12/19 19:07:10 Job submitted from host: <155.230.20.251:9618?addrs=155.230.20.251-9618&noUDP&sock=930313_ea96_3>
...
001 (47437.533.000) 12/19 19:18:00 Job executing on host: <155.230.21.85:9618?addrs=155.230.21.85-9618&noUDP&sock=1521_dba3_3>
...
006 (47437.533.000) 12/19 19:18:08 Image size of job updated: 269732
	194  -  MemoryUsage of job (MB)
	198612  -  ResidentSetSize of job (KB)
...
006 (47437.533.000) 12/19 19:18:24 Image size of job updated: 597992
	194  -  MemoryUsage of job (MB)
	198612  -  ResidentSetSize of job (KB)
...
005 (47437.533.000) 12/19 19:18:24 Job terminated.
	(1) Normal termination (return value 0)
		Usr 0 00:00:18, Sys 0 00:00:00  -  Run Remote Usage
		Usr 0 00:00:00, Sys 0 00:00:00  -  Run Local Usage
		Usr 0 00:00:18, Sys 0 00:00:00  -  Total Remote Usage
		Usr 0 00:00:00, Sys 0 00:00:00  -  Total Local Usage
	555  -  Run Bytes Sent By Job
	10426  -  Run Bytes Received By Job
	555  -  Total Bytes Sent By Job
	10426  -  Total Bytes Received By Job
	Partitionable Resources :    Usage  Request Allocated 
	   Cpus                 :     0.70        1         1 
	   Disk (KB)            :    28     2048000   3711575 
	   Memory (MB)          :   194        2000      2000 
...
000 (339721.533.000) 01/29 15:58:18 Job submitted from host: <155.230.23.72:9618?addrs=155.230.23.72-9618&noUDP&sock=882541_4c40_3>
...
009 (339721.533.000) 01/29 16:01:55 Job was aborted by the user.
	via condor_rm (by user choij)
...
000 (339723.533.000) 01/29 16:03:11 Job submitted from host: <155.230.23.72:9618?addrs=155.230.23.72-9618&noUDP&sock=882541_4c40_3>
...
001 (339723.533.000) 01/29 16:21:42 Job executing on host: <155.230.21.116:9618?addrs=155.230.21.116-9618&noUDP&sock=38331_74cc_46>
...
006 (339723.533.000) 01/29 16:21:51 Image size of job updated: 290464
	212  -  MemoryUsage of job (MB)
	216104  -  ResidentSetSize of job (KB)
...
006 (339723.533.000) 01/29 16:22:19 Image size of job updated: 315116
	212  -  MemoryUsage of job (MB)
	216104  -  ResidentSetSize of job (KB)
...
005 (339723.533.000) 01/29 16:22:19 Job terminated.
	(1) Normal termination (return value 0)
		Usr 0 00:00:25, Sys 0 00:00:04  -  Run Remote Usage
		Usr 0 00:00:00, Sys 0 00:00:00  -  Run Local Usage
		Usr 0 00:00:25, Sys 0 00:00:04  -  Total Remote Usage
		Usr 0 00:00:00, Sys 0 00:00:00  -  Total Local Usage
	734  -  Run Bytes Sent By Job
	10690  -  Run Bytes Received By Job
	734  -  Total Bytes Sent By Job
	10690  -  Total Bytes Received By Job
	Partitionable Resources :    Usage  Request Allocated 
	   Cpus                 :     0.04        1         1 
	   Disk (KB)            :    28     2048000   3788511 
	   Memory (MB)          :   212        2000      2000 
...
