000 (47437.552.000) 12/19 19:07:10 Job submitted from host: <155.230.20.251:9618?addrs=155.230.20.251-9618&noUDP&sock=930313_ea96_3>
...
001 (47437.552.000) 12/19 19:18:07 Job executing on host: <155.230.21.115:9618?addrs=155.230.21.115-9618&noUDP&sock=905_554c_3>
...
006 (47437.552.000) 12/19 19:18:16 Image size of job updated: 311680
	232  -  MemoryUsage of job (MB)
	237424  -  ResidentSetSize of job (KB)
...
006 (47437.552.000) 12/19 19:18:33 Image size of job updated: 344932
	232  -  MemoryUsage of job (MB)
	237424  -  ResidentSetSize of job (KB)
...
005 (47437.552.000) 12/19 19:18:33 Job terminated.
	(1) Normal termination (return value 0)
		Usr 0 00:00:23, Sys 0 00:00:01  -  Run Remote Usage
		Usr 0 00:00:00, Sys 0 00:00:00  -  Run Local Usage
		Usr 0 00:00:23, Sys 0 00:00:01  -  Total Remote Usage
		Usr 0 00:00:00, Sys 0 00:00:00  -  Total Local Usage
	555  -  Run Bytes Sent By Job
	10426  -  Run Bytes Received By Job
	555  -  Total Bytes Sent By Job
	10426  -  Total Bytes Received By Job
	Partitionable Resources :    Usage  Request Allocated 
	   Cpus                 :     0.97        1         1 
	   Disk (KB)            :    28     2048000   3709762 
	   Memory (MB)          :   232        2000      2000 
...
000 (339721.552.000) 01/29 15:58:19 Job submitted from host: <155.230.23.72:9618?addrs=155.230.23.72-9618&noUDP&sock=882541_4c40_3>
...
009 (339721.552.000) 01/29 16:01:55 Job was aborted by the user.
	via condor_rm (by user choij)
...
000 (339723.552.000) 01/29 16:03:11 Job submitted from host: <155.230.23.72:9618?addrs=155.230.23.72-9618&noUDP&sock=882541_4c40_3>
...
001 (339723.552.000) 01/29 16:22:31 Job executing on host: <155.230.21.96:9618?addrs=155.230.21.96-9618&noUDP&sock=24703_c822_48>
...
006 (339723.552.000) 01/29 16:22:39 Image size of job updated: 58484
	26  -  MemoryUsage of job (MB)
	25912  -  ResidentSetSize of job (KB)
...
006 (339723.552.000) 01/29 16:23:27 Image size of job updated: 317448
	26  -  MemoryUsage of job (MB)
	25912  -  ResidentSetSize of job (KB)
...
005 (339723.552.000) 01/29 16:23:27 Job terminated.
	(1) Normal termination (return value 0)
		Usr 0 00:00:30, Sys 0 00:00:05  -  Run Remote Usage
		Usr 0 00:00:00, Sys 0 00:00:00  -  Run Local Usage
		Usr 0 00:00:30, Sys 0 00:00:05  -  Total Remote Usage
		Usr 0 00:00:00, Sys 0 00:00:00  -  Total Local Usage
	734  -  Run Bytes Sent By Job
	10690  -  Run Bytes Received By Job
	734  -  Total Bytes Sent By Job
	10690  -  Total Bytes Received By Job
	Partitionable Resources :    Usage  Request Allocated 
	   Cpus                 :     1.00        1         1 
	   Disk (KB)            :    29     2048000   3782840 
	   Memory (MB)          :    26        2000      2000 
...
