000 (47437.535.000) 12/19 19:07:10 Job submitted from host: <155.230.20.251:9618?addrs=155.230.20.251-9618&noUDP&sock=930313_ea96_3>
...
001 (47437.535.000) 12/19 19:18:01 Job executing on host: <155.230.21.92:9618?addrs=155.230.21.92-9618&noUDP&sock=30767_2e6f_3>
...
006 (47437.535.000) 12/19 19:18:10 Image size of job updated: 340932
	261  -  MemoryUsage of job (MB)
	266816  -  ResidentSetSize of job (KB)
...
006 (47437.535.000) 12/19 19:18:22 Image size of job updated: 345052
	261  -  MemoryUsage of job (MB)
	266816  -  ResidentSetSize of job (KB)
...
005 (47437.535.000) 12/19 19:18:22 Job terminated.
	(1) Normal termination (return value 0)
		Usr 0 00:00:19, Sys 0 00:00:00  -  Run Remote Usage
		Usr 0 00:00:00, Sys 0 00:00:00  -  Run Local Usage
		Usr 0 00:00:19, Sys 0 00:00:00  -  Total Remote Usage
		Usr 0 00:00:00, Sys 0 00:00:00  -  Total Local Usage
	555  -  Run Bytes Sent By Job
	10426  -  Run Bytes Received By Job
	555  -  Total Bytes Sent By Job
	10426  -  Total Bytes Received By Job
	Partitionable Resources :    Usage  Request Allocated 
	   Cpus                 :     0.98        1         1 
	   Disk (KB)            :    28     2048000   3709684 
	   Memory (MB)          :   261        2000      2000 
...
