000 (47437.476.000) 12/19 19:07:10 Job submitted from host: <155.230.20.251:9618?addrs=155.230.20.251-9618&noUDP&sock=930313_ea96_3>
...
001 (47437.476.000) 12/19 19:17:35 Job executing on host: <155.230.21.95:9618?addrs=155.230.21.95-9618+[--1]-9618&noUDP&sock=14962_4417_3>
...
006 (47437.476.000) 12/19 19:17:43 Image size of job updated: 220336
	150  -  MemoryUsage of job (MB)
	153348  -  ResidentSetSize of job (KB)
...
006 (47437.476.000) 12/19 19:18:12 Image size of job updated: 220336
	151  -  MemoryUsage of job (MB)
	153700  -  ResidentSetSize of job (KB)
...
005 (47437.476.000) 12/19 19:18:12 Job terminated.
	(1) Normal termination (return value 0)
		Usr 0 00:00:28, Sys 0 00:00:01  -  Run Remote Usage
		Usr 0 00:00:00, Sys 0 00:00:00  -  Run Local Usage
		Usr 0 00:00:28, Sys 0 00:00:01  -  Total Remote Usage
		Usr 0 00:00:00, Sys 0 00:00:00  -  Total Local Usage
	555  -  Run Bytes Sent By Job
	10426  -  Run Bytes Received By Job
	555  -  Total Bytes Sent By Job
	10426  -  Total Bytes Received By Job
	Partitionable Resources :    Usage  Request Allocated 
	   Cpus                 :                 1         1 
	   Disk (KB)            :       22  2048000  18549089 
	   Memory (MB)          :      151     2000      2000 
...
000 (339721.476.000) 01/29 15:58:18 Job submitted from host: <155.230.23.72:9618?addrs=155.230.23.72-9618&noUDP&sock=882541_4c40_3>
...
009 (339721.476.000) 01/29 16:01:55 Job was aborted by the user.
	via condor_rm (by user choij)
...
000 (339723.476.000) 01/29 16:03:11 Job submitted from host: <155.230.23.72:9618?addrs=155.230.23.72-9618&noUDP&sock=882541_4c40_3>
...
001 (339723.476.000) 01/29 16:21:11 Job executing on host: <155.230.21.120:9618?addrs=155.230.21.120-9618&noUDP&sock=13477_adf4_48>
...
006 (339723.476.000) 01/29 16:21:19 Image size of job updated: 275848
	199  -  MemoryUsage of job (MB)
	203212  -  ResidentSetSize of job (KB)
...
005 (339723.476.000) 01/29 16:21:47 Job terminated.
	(1) Normal termination (return value 0)
		Usr 0 00:00:28, Sys 0 00:00:04  -  Run Remote Usage
		Usr 0 00:00:00, Sys 0 00:00:00  -  Run Local Usage
		Usr 0 00:00:28, Sys 0 00:00:04  -  Total Remote Usage
		Usr 0 00:00:00, Sys 0 00:00:00  -  Total Local Usage
	734  -  Run Bytes Sent By Job
	10690  -  Run Bytes Received By Job
	734  -  Total Bytes Sent By Job
	10690  -  Total Bytes Received By Job
	Partitionable Resources :    Usage  Request Allocated 
	   Cpus                 :     0.84        1         1 
	   Disk (KB)            :    29     2048000   3791748 
	   Memory (MB)          :   199        2000      2000 
...
