000 (47437.551.000) 12/19 19:07:10 Job submitted from host: <155.230.20.251:9618?addrs=155.230.20.251-9618&noUDP&sock=930313_ea96_3>
...
001 (47437.551.000) 12/19 19:18:07 Job executing on host: <155.230.21.117:9618?addrs=155.230.21.117-9618&noUDP&sock=8728_42b0_3>
...
006 (47437.551.000) 12/19 19:18:16 Image size of job updated: 311784
	232  -  MemoryUsage of job (MB)
	237488  -  ResidentSetSize of job (KB)
...
006 (47437.551.000) 12/19 19:18:30 Image size of job updated: 347164
	232  -  MemoryUsage of job (MB)
	237488  -  ResidentSetSize of job (KB)
...
005 (47437.551.000) 12/19 19:18:30 Job terminated.
	(1) Normal termination (return value 0)
		Usr 0 00:00:20, Sys 0 00:00:01  -  Run Remote Usage
		Usr 0 00:00:00, Sys 0 00:00:00  -  Run Local Usage
		Usr 0 00:00:20, Sys 0 00:00:01  -  Total Remote Usage
		Usr 0 00:00:00, Sys 0 00:00:00  -  Total Local Usage
	555  -  Run Bytes Sent By Job
	10426  -  Run Bytes Received By Job
	555  -  Total Bytes Sent By Job
	10426  -  Total Bytes Received By Job
	Partitionable Resources :    Usage  Request Allocated 
	   Cpus                 :     0.54        1         1 
	   Disk (KB)            :    28     2048000   3710066 
	   Memory (MB)          :   232        2000      2000 
...
000 (339721.551.000) 01/29 15:58:19 Job submitted from host: <155.230.23.72:9618?addrs=155.230.23.72-9618&noUDP&sock=882541_4c40_3>
...
009 (339721.551.000) 01/29 16:01:55 Job was aborted by the user.
	via condor_rm (by user choij)
...
000 (339723.551.000) 01/29 16:03:11 Job submitted from host: <155.230.23.72:9618?addrs=155.230.23.72-9618&noUDP&sock=882541_4c40_3>
...
001 (339723.551.000) 01/29 16:22:31 Job executing on host: <155.230.21.97:9618?addrs=155.230.21.97-9618&noUDP&sock=19004_bde6_47>
...
006 (339723.551.000) 01/29 16:22:39 Image size of job updated: 180788
	115  -  MemoryUsage of job (MB)
	117460  -  ResidentSetSize of job (KB)
...
006 (339723.551.000) 01/29 16:23:18 Image size of job updated: 316904
	115  -  MemoryUsage of job (MB)
	117460  -  ResidentSetSize of job (KB)
...
005 (339723.551.000) 01/29 16:23:18 Job terminated.
	(1) Normal termination (return value 0)
		Usr 0 00:00:30, Sys 0 00:00:05  -  Run Remote Usage
		Usr 0 00:00:00, Sys 0 00:00:00  -  Run Local Usage
		Usr 0 00:00:30, Sys 0 00:00:05  -  Total Remote Usage
		Usr 0 00:00:00, Sys 0 00:00:00  -  Total Local Usage
	734  -  Run Bytes Sent By Job
	10690  -  Run Bytes Received By Job
	734  -  Total Bytes Sent By Job
	10690  -  Total Bytes Received By Job
	Partitionable Resources :    Usage  Request Allocated 
	   Cpus                 :        0        1         1 
	   Disk (KB)            :       28  2048000   3784333 
	   Memory (MB)          :      115     2000      2000 
...
