000 (47437.273.000) 12/19 19:07:10 Job submitted from host: <155.230.20.251:9618?addrs=155.230.20.251-9618&noUDP&sock=930313_ea96_3>
...
001 (47437.273.000) 12/19 19:12:38 Job executing on host: <155.230.21.88:9618?addrs=155.230.21.88-9618&noUDP&sock=1537_d527_3>
...
006 (47437.273.000) 12/19 19:12:47 Image size of job updated: 315232
	234  -  MemoryUsage of job (MB)
	239000  -  ResidentSetSize of job (KB)
...
006 (47437.273.000) 12/19 19:13:01 Image size of job updated: 349012
	234  -  MemoryUsage of job (MB)
	239000  -  ResidentSetSize of job (KB)
...
005 (47437.273.000) 12/19 19:13:01 Job terminated.
	(1) Normal termination (return value 0)
		Usr 0 00:00:19, Sys 0 00:00:00  -  Run Remote Usage
		Usr 0 00:00:00, Sys 0 00:00:00  -  Run Local Usage
		Usr 0 00:00:19, Sys 0 00:00:00  -  Total Remote Usage
		Usr 0 00:00:00, Sys 0 00:00:00  -  Total Local Usage
	555  -  Run Bytes Sent By Job
	10426  -  Run Bytes Received By Job
	555  -  Total Bytes Sent By Job
	10426  -  Total Bytes Received By Job
	Partitionable Resources :    Usage  Request Allocated 
	   Cpus                 :        0        1         1 
	   Disk (KB)            :       28  2048000   3565393 
	   Memory (MB)          :      234     2000      2000 
...
000 (339721.273.000) 01/29 15:58:18 Job submitted from host: <155.230.23.72:9618?addrs=155.230.23.72-9618&noUDP&sock=882541_4c40_3>
...
009 (339721.273.000) 01/29 16:01:55 Job was aborted by the user.
	via condor_rm (by user choij)
...
000 (339723.273.000) 01/29 16:03:11 Job submitted from host: <155.230.23.72:9618?addrs=155.230.23.72-9618&noUDP&sock=882541_4c40_3>
...
001 (339723.273.000) 01/29 16:17:57 Job executing on host: <155.230.21.34:9618?addrs=155.230.21.34-9618&noUDP&sock=3883_fe56_3>
...
006 (339723.273.000) 01/29 16:18:06 Image size of job updated: 93968
	49  -  MemoryUsage of job (MB)
	50004  -  ResidentSetSize of job (KB)
...
006 (339723.273.000) 01/29 16:20:08 Image size of job updated: 240752
	49  -  MemoryUsage of job (MB)
	50020  -  ResidentSetSize of job (KB)
...
005 (339723.273.000) 01/29 16:20:08 Job terminated.
	(1) Normal termination (return value 0)
		Usr 0 00:00:37, Sys 0 00:00:06  -  Run Remote Usage
		Usr 0 00:00:00, Sys 0 00:00:00  -  Run Local Usage
		Usr 0 00:00:37, Sys 0 00:00:06  -  Total Remote Usage
		Usr 0 00:00:00, Sys 0 00:00:00  -  Total Local Usage
	734  -  Run Bytes Sent By Job
	10690  -  Run Bytes Received By Job
	734  -  Total Bytes Sent By Job
	10690  -  Total Bytes Received By Job
	Partitionable Resources :    Usage  Request Allocated 
	   Cpus                 :     0.06        1         1 
	   Disk (KB)            :    29     2048000   3677810 
	   Memory (MB)          :    49        2000      2000 
...
