000 (47437.371.000) 12/19 19:07:10 Job submitted from host: <155.230.20.251:9618?addrs=155.230.20.251-9618&noUDP&sock=930313_ea96_3>
...
001 (47437.371.000) 12/19 19:14:43 Job executing on host: <155.230.21.93:9618?addrs=155.230.21.93-9618&noUDP&sock=5106_dea9_3>
...
006 (47437.371.000) 12/19 19:14:52 Image size of job updated: 346532
	264  -  MemoryUsage of job (MB)
	270300  -  ResidentSetSize of job (KB)
...
006 (47437.371.000) 12/19 19:15:03 Image size of job updated: 352156
	264  -  MemoryUsage of job (MB)
	270300  -  ResidentSetSize of job (KB)
...
005 (47437.371.000) 12/19 19:15:04 Job terminated.
	(1) Normal termination (return value 0)
		Usr 0 00:00:18, Sys 0 00:00:00  -  Run Remote Usage
		Usr 0 00:00:00, Sys 0 00:00:00  -  Run Local Usage
		Usr 0 00:00:18, Sys 0 00:00:00  -  Total Remote Usage
		Usr 0 00:00:00, Sys 0 00:00:00  -  Total Local Usage
	555  -  Run Bytes Sent By Job
	10426  -  Run Bytes Received By Job
	555  -  Total Bytes Sent By Job
	10426  -  Total Bytes Received By Job
	Partitionable Resources :    Usage  Request Allocated 
	   Cpus                 :        0        1         1 
	   Disk (KB)            :       28  2048000   3667554 
	   Memory (MB)          :      264     2000      2000 
...
000 (339721.371.000) 01/29 15:58:18 Job submitted from host: <155.230.23.72:9618?addrs=155.230.23.72-9618&noUDP&sock=882541_4c40_3>
...
009 (339721.371.000) 01/29 16:01:55 Job was aborted by the user.
	via condor_rm (by user choij)
...
000 (339723.371.000) 01/29 16:03:11 Job submitted from host: <155.230.23.72:9618?addrs=155.230.23.72-9618&noUDP&sock=882541_4c40_3>
...
001 (339723.371.000) 01/29 16:19:11 Job executing on host: <155.230.21.113:9618?addrs=155.230.21.113-9618+[2407-c000-c024-0-a60-6eff-fe17-c80e]-9618&noUDP&sock=3349_b6c3_3>
...
006 (339723.371.000) 01/29 16:19:19 Image size of job updated: 291000
	212  -  MemoryUsage of job (MB)
	216172  -  ResidentSetSize of job (KB)
...
006 (339723.371.000) 01/29 16:19:43 Image size of job updated: 312716
	212  -  MemoryUsage of job (MB)
	216172  -  ResidentSetSize of job (KB)
...
005 (339723.371.000) 01/29 16:19:43 Job terminated.
	(1) Normal termination (return value 0)
		Usr 0 00:00:22, Sys 0 00:00:03  -  Run Remote Usage
		Usr 0 00:00:00, Sys 0 00:00:00  -  Run Local Usage
		Usr 0 00:00:22, Sys 0 00:00:03  -  Total Remote Usage
		Usr 0 00:00:00, Sys 0 00:00:00  -  Total Local Usage
	734  -  Run Bytes Sent By Job
	10690  -  Run Bytes Received By Job
	734  -  Total Bytes Sent By Job
	10690  -  Total Bytes Received By Job
	Partitionable Resources :    Usage  Request Allocated 
	   Cpus                 :        0        1         1 
	   Disk (KB)            :       29  2048000   3787319 
	   Memory (MB)          :      212     2000      2000 
...
