000 (47437.565.000) 12/19 19:07:10 Job submitted from host: <155.230.20.251:9618?addrs=155.230.20.251-9618&noUDP&sock=930313_ea96_3>
...
001 (47437.565.000) 12/19 19:18:25 Job executing on host: <155.230.21.89:9618?addrs=155.230.21.89-9618&noUDP&sock=1545_51e9_3>
...
006 (47437.565.000) 12/19 19:18:34 Image size of job updated: 219760
	150  -  MemoryUsage of job (MB)
	152656  -  ResidentSetSize of job (KB)
...
006 (47437.565.000) 12/19 19:18:53 Image size of job updated: 345760
	152  -  MemoryUsage of job (MB)
	154892  -  ResidentSetSize of job (KB)
...
005 (47437.565.000) 12/19 19:18:53 Job terminated.
	(1) Normal termination (return value 0)
		Usr 0 00:00:19, Sys 0 00:00:00  -  Run Remote Usage
		Usr 0 00:00:00, Sys 0 00:00:00  -  Run Local Usage
		Usr 0 00:00:19, Sys 0 00:00:00  -  Total Remote Usage
		Usr 0 00:00:00, Sys 0 00:00:00  -  Total Local Usage
	555  -  Run Bytes Sent By Job
	10426  -  Run Bytes Received By Job
	555  -  Total Bytes Sent By Job
	10426  -  Total Bytes Received By Job
	Partitionable Resources :    Usage  Request Allocated 
	   Cpus                 :        0        1         1 
	   Disk (KB)            :       28  2048000   3564277 
	   Memory (MB)          :      152     2000      2000 
...
000 (339721.565.000) 01/29 15:58:19 Job submitted from host: <155.230.23.72:9618?addrs=155.230.23.72-9618&noUDP&sock=882541_4c40_3>
...
009 (339721.565.000) 01/29 16:01:55 Job was aborted by the user.
	via condor_rm (by user choij)
...
000 (339723.565.000) 01/29 16:03:11 Job submitted from host: <155.230.23.72:9618?addrs=155.230.23.72-9618&noUDP&sock=882541_4c40_3>
...
001 (339723.565.000) 01/29 16:22:37 Job executing on host: <155.230.21.84:9618?addrs=155.230.21.84-9618+[2407-c000-c024-0-beae-c5ff-fe4e-98ef]-9618&noUDP&sock=29804_a4bb_6>
...
006 (339723.565.000) 01/29 16:22:46 Image size of job updated: 291588
	211  -  MemoryUsage of job (MB)
	216064  -  ResidentSetSize of job (KB)
...
006 (339723.565.000) 01/29 16:23:09 Image size of job updated: 312488
	211  -  MemoryUsage of job (MB)
	216064  -  ResidentSetSize of job (KB)
...
005 (339723.565.000) 01/29 16:23:09 Job terminated.
	(1) Normal termination (return value 0)
		Usr 0 00:00:20, Sys 0 00:00:04  -  Run Remote Usage
		Usr 0 00:00:00, Sys 0 00:00:00  -  Run Local Usage
		Usr 0 00:00:20, Sys 0 00:00:04  -  Total Remote Usage
		Usr 0 00:00:00, Sys 0 00:00:00  -  Total Local Usage
	734  -  Run Bytes Sent By Job
	10690  -  Run Bytes Received By Job
	734  -  Total Bytes Sent By Job
	10690  -  Total Bytes Received By Job
	Partitionable Resources :    Usage  Request Allocated 
	   Cpus                 :     0.02        1         1 
	   Disk (KB)            :    29     2048000   3836532 
	   Memory (MB)          :   211        2000      2000 
...
