000 (47437.322.000) 12/19 19:07:10 Job submitted from host: <155.230.20.251:9618?addrs=155.230.20.251-9618&noUDP&sock=930313_ea96_3>
...
001 (47437.322.000) 12/19 19:13:41 Job executing on host: <155.230.21.92:9618?addrs=155.230.21.92-9618&noUDP&sock=30767_2e6f_3>
...
006 (47437.322.000) 12/19 19:13:50 Image size of job updated: 312548
	231  -  MemoryUsage of job (MB)
	236316  -  ResidentSetSize of job (KB)
...
006 (47437.322.000) 12/19 19:14:03 Image size of job updated: 346860
	231  -  MemoryUsage of job (MB)
	236316  -  ResidentSetSize of job (KB)
...
005 (47437.322.000) 12/19 19:14:03 Job terminated.
	(1) Normal termination (return value 0)
		Usr 0 00:00:19, Sys 0 00:00:00  -  Run Remote Usage
		Usr 0 00:00:00, Sys 0 00:00:00  -  Run Local Usage
		Usr 0 00:00:19, Sys 0 00:00:00  -  Total Remote Usage
		Usr 0 00:00:00, Sys 0 00:00:00  -  Total Local Usage
	555  -  Run Bytes Sent By Job
	10426  -  Run Bytes Received By Job
	555  -  Total Bytes Sent By Job
	10426  -  Total Bytes Received By Job
	Partitionable Resources :    Usage  Request Allocated 
	   Cpus                 :        0        1         1 
	   Disk (KB)            :       28  2048000   3709684 
	   Memory (MB)          :      231     2000      2000 
...
000 (339721.322.000) 01/29 15:58:18 Job submitted from host: <155.230.23.72:9618?addrs=155.230.23.72-9618&noUDP&sock=882541_4c40_3>
...
009 (339721.322.000) 01/29 16:01:55 Job was aborted by the user.
	via condor_rm (by user choij)
...
000 (339723.322.000) 01/29 16:03:11 Job submitted from host: <155.230.23.72:9618?addrs=155.230.23.72-9618&noUDP&sock=882541_4c40_3>
...
001 (339723.322.000) 01/29 16:18:13 Job executing on host: <155.230.21.116:9618?addrs=155.230.21.116-9618&noUDP&sock=38331_74cc_46>
...
006 (339723.322.000) 01/29 16:18:21 Image size of job updated: 286208
	209  -  MemoryUsage of job (MB)
	213476  -  ResidentSetSize of job (KB)
...
006 (339723.322.000) 01/29 16:18:49 Image size of job updated: 310392
	209  -  MemoryUsage of job (MB)
	213476  -  ResidentSetSize of job (KB)
...
005 (339723.322.000) 01/29 16:18:49 Job terminated.
	(1) Normal termination (return value 0)
		Usr 0 00:00:24, Sys 0 00:00:04  -  Run Remote Usage
		Usr 0 00:00:00, Sys 0 00:00:00  -  Run Local Usage
		Usr 0 00:00:24, Sys 0 00:00:04  -  Total Remote Usage
		Usr 0 00:00:00, Sys 0 00:00:00  -  Total Local Usage
	734  -  Run Bytes Sent By Job
	10690  -  Run Bytes Received By Job
	734  -  Total Bytes Sent By Job
	10690  -  Total Bytes Received By Job
	Partitionable Resources :    Usage  Request Allocated 
	   Cpus                 :     0.03        1         1 
	   Disk (KB)            :    28     2048000   3788511 
	   Memory (MB)          :   209        2000      2000 
...
