000 (47437.063.000) 12/19 19:07:10 Job submitted from host: <155.230.20.251:9618?addrs=155.230.20.251-9618&noUDP&sock=930313_ea96_3>
...
001 (47437.063.000) 12/19 19:07:41 Job executing on host: <155.230.21.85:9618?addrs=155.230.21.85-9618&noUDP&sock=1521_dba3_3>
...
006 (47437.063.000) 12/19 19:07:50 Image size of job updated: 336896
	258  -  MemoryUsage of job (MB)
	263172  -  ResidentSetSize of job (KB)
...
006 (47437.063.000) 12/19 19:08:02 Image size of job updated: 352584
	258  -  MemoryUsage of job (MB)
	263172  -  ResidentSetSize of job (KB)
...
005 (47437.063.000) 12/19 19:08:02 Job terminated.
	(1) Normal termination (return value 0)
		Usr 0 00:00:18, Sys 0 00:00:00  -  Run Remote Usage
		Usr 0 00:00:00, Sys 0 00:00:00  -  Run Local Usage
		Usr 0 00:00:18, Sys 0 00:00:00  -  Total Remote Usage
		Usr 0 00:00:00, Sys 0 00:00:00  -  Total Local Usage
	555  -  Run Bytes Sent By Job
	10426  -  Run Bytes Received By Job
	555  -  Total Bytes Sent By Job
	10426  -  Total Bytes Received By Job
	Partitionable Resources :    Usage  Request Allocated 
	   Cpus                 :     0.02        1         1 
	   Disk (KB)            :    28     2048000   3711575 
	   Memory (MB)          :   258        2000      2000 
...
