000 (47437.527.000) 12/19 19:07:10 Job submitted from host: <155.230.20.251:9618?addrs=155.230.20.251-9618&noUDP&sock=930313_ea96_3>
...
001 (47437.527.000) 12/19 19:18:00 Job executing on host: <155.230.21.79:9618?addrs=155.230.21.79-9618&noUDP&sock=27572_ad58_3>
...
006 (47437.527.000) 12/19 19:18:08 Image size of job updated: 90076
	47  -  MemoryUsage of job (MB)
	47880  -  ResidentSetSize of job (KB)
...
006 (47437.527.000) 12/19 19:18:34 Image size of job updated: 275860
	47  -  MemoryUsage of job (MB)
	47880  -  ResidentSetSize of job (KB)
...
005 (47437.527.000) 12/19 19:18:34 Job terminated.
	(1) Normal termination (return value 0)
		Usr 0 00:00:19, Sys 0 00:00:00  -  Run Remote Usage
		Usr 0 00:00:00, Sys 0 00:00:00  -  Run Local Usage
		Usr 0 00:00:19, Sys 0 00:00:00  -  Total Remote Usage
		Usr 0 00:00:00, Sys 0 00:00:00  -  Total Local Usage
	555  -  Run Bytes Sent By Job
	10426  -  Run Bytes Received By Job
	555  -  Total Bytes Sent By Job
	10426  -  Total Bytes Received By Job
	Partitionable Resources :    Usage  Request Allocated 
	   Cpus                 :     0.61        1         1 
	   Disk (KB)            :    28     2048000   3710117 
	   Memory (MB)          :    47        2000      2000 
...
