000 (47437.062.000) 12/19 19:07:10 Job submitted from host: <155.230.20.251:9618?addrs=155.230.20.251-9618&noUDP&sock=930313_ea96_3>
...
001 (47437.062.000) 12/19 19:07:41 Job executing on host: <155.230.21.86:9618?addrs=155.230.21.86-9618&noUDP&sock=20085_37c6_3>
...
006 (47437.062.000) 12/19 19:07:50 Image size of job updated: 345160
	266  -  MemoryUsage of job (MB)
	271548  -  ResidentSetSize of job (KB)
...
006 (47437.062.000) 12/19 19:08:01 Image size of job updated: 351128
	266  -  MemoryUsage of job (MB)
	271548  -  ResidentSetSize of job (KB)
...
005 (47437.062.000) 12/19 19:08:02 Job terminated.
	(1) Normal termination (return value 0)
		Usr 0 00:00:18, Sys 0 00:00:00  -  Run Remote Usage
		Usr 0 00:00:00, Sys 0 00:00:00  -  Run Local Usage
		Usr 0 00:00:18, Sys 0 00:00:00  -  Total Remote Usage
		Usr 0 00:00:00, Sys 0 00:00:00  -  Total Local Usage
	555  -  Run Bytes Sent By Job
	10426  -  Run Bytes Received By Job
	555  -  Total Bytes Sent By Job
	10426  -  Total Bytes Received By Job
	Partitionable Resources :    Usage  Request Allocated 
	   Cpus                 :        0        1         1 
	   Disk (KB)            :       28  2048000   3665826 
	   Memory (MB)          :      266     2000      2000 
...
000 (339721.062.000) 01/29 15:58:18 Job submitted from host: <155.230.23.72:9618?addrs=155.230.23.72-9618&noUDP&sock=882541_4c40_3>
...
009 (339721.062.000) 01/29 16:01:54 Job was aborted by the user.
	via condor_rm (by user choij)
...
000 (339723.062.000) 01/29 16:03:11 Job submitted from host: <155.230.23.72:9618?addrs=155.230.23.72-9618&noUDP&sock=882541_4c40_3>
...
001 (339723.062.000) 01/29 16:13:58 Job executing on host: <155.230.21.37:9618?addrs=155.230.21.37-9618&noUDP&sock=9467_272d_3>
...
006 (339723.062.000) 01/29 16:14:06 Image size of job updated: 120544
	68  -  MemoryUsage of job (MB)
	69184  -  ResidentSetSize of job (KB)
...
006 (339723.062.000) 01/29 16:14:47 Image size of job updated: 330084
	68  -  MemoryUsage of job (MB)
	69236  -  ResidentSetSize of job (KB)
...
005 (339723.062.000) 01/29 16:14:48 Job terminated.
	(1) Normal termination (return value 0)
		Usr 0 00:00:35, Sys 0 00:00:03  -  Run Remote Usage
		Usr 0 00:00:00, Sys 0 00:00:00  -  Run Local Usage
		Usr 0 00:00:35, Sys 0 00:00:03  -  Total Remote Usage
		Usr 0 00:00:00, Sys 0 00:00:00  -  Total Local Usage
	733  -  Run Bytes Sent By Job
	10690  -  Run Bytes Received By Job
	733  -  Total Bytes Sent By Job
	10690  -  Total Bytes Received By Job
	Partitionable Resources :    Usage  Request Allocated 
	   Cpus                 :        0        1         1 
	   Disk (KB)            :       28  2048000   3669742 
	   Memory (MB)          :       68     2000      2000 
...
