000 (47437.342.000) 12/19 19:07:10 Job submitted from host: <155.230.20.251:9618?addrs=155.230.20.251-9618&noUDP&sock=930313_ea96_3>
...
001 (47437.342.000) 12/19 19:13:49 Job executing on host: <155.230.21.126:9618?addrs=155.230.21.126-9618&noUDP&sock=27949_448d_3>
...
006 (47437.342.000) 12/19 19:13:57 Image size of job updated: 315948
	235  -  MemoryUsage of job (MB)
	239712  -  ResidentSetSize of job (KB)
...
006 (47437.342.000) 12/19 19:14:14 Image size of job updated: 352212
	235  -  MemoryUsage of job (MB)
	239712  -  ResidentSetSize of job (KB)
...
005 (47437.342.000) 12/19 19:14:14 Job terminated.
	(1) Normal termination (return value 0)
		Usr 0 00:00:21, Sys 0 00:00:01  -  Run Remote Usage
		Usr 0 00:00:00, Sys 0 00:00:00  -  Run Local Usage
		Usr 0 00:00:21, Sys 0 00:00:01  -  Total Remote Usage
		Usr 0 00:00:00, Sys 0 00:00:00  -  Total Local Usage
	555  -  Run Bytes Sent By Job
	10426  -  Run Bytes Received By Job
	555  -  Total Bytes Sent By Job
	10426  -  Total Bytes Received By Job
	Partitionable Resources :    Usage  Request Allocated 
	   Cpus                 :        0        1         1 
	   Disk (KB)            :       28  2048000   3652507 
	   Memory (MB)          :      235     2000      2000 
...
