000 (47437.350.000) 12/19 19:07:10 Job submitted from host: <155.230.20.251:9618?addrs=155.230.20.251-9618&noUDP&sock=930313_ea96_3>
...
001 (47437.350.000) 12/19 19:14:34 Job executing on host: <155.230.21.96:9618?addrs=155.230.21.96-9618&noUDP&sock=24703_c822_3>
...
006 (47437.350.000) 12/19 19:14:43 Image size of job updated: 287228
	209  -  MemoryUsage of job (MB)
	213500  -  ResidentSetSize of job (KB)
...
006 (47437.350.000) 12/19 19:15:06 Image size of job updated: 345536
	209  -  MemoryUsage of job (MB)
	213500  -  ResidentSetSize of job (KB)
...
005 (47437.350.000) 12/19 19:15:06 Job terminated.
	(1) Normal termination (return value 0)
		Usr 0 00:00:28, Sys 0 00:00:01  -  Run Remote Usage
		Usr 0 00:00:00, Sys 0 00:00:00  -  Run Local Usage
		Usr 0 00:00:28, Sys 0 00:00:01  -  Total Remote Usage
		Usr 0 00:00:00, Sys 0 00:00:00  -  Total Local Usage
	555  -  Run Bytes Sent By Job
	10426  -  Run Bytes Received By Job
	555  -  Total Bytes Sent By Job
	10426  -  Total Bytes Received By Job
	Partitionable Resources :    Usage  Request Allocated 
	   Cpus                 :        0        1         1 
	   Disk (KB)            :       28  2048000   3533127 
	   Memory (MB)          :      209     2000      2000 
...
000 (339721.350.000) 01/29 15:58:18 Job submitted from host: <155.230.23.72:9618?addrs=155.230.23.72-9618&noUDP&sock=882541_4c40_3>
...
009 (339721.350.000) 01/29 16:01:55 Job was aborted by the user.
	via condor_rm (by user choij)
...
000 (339723.350.000) 01/29 16:03:11 Job submitted from host: <155.230.23.72:9618?addrs=155.230.23.72-9618&noUDP&sock=882541_4c40_3>
...
001 (339723.350.000) 01/29 16:19:05 Job executing on host: <155.230.21.108:9618?addrs=155.230.21.108-9618&noUDP&sock=779_e85d_48>
...
006 (339723.350.000) 01/29 16:19:13 Image size of job updated: 291824
	213  -  MemoryUsage of job (MB)
	217696  -  ResidentSetSize of job (KB)
...
006 (339723.350.000) 01/29 16:19:39 Image size of job updated: 315156
	213  -  MemoryUsage of job (MB)
	217696  -  ResidentSetSize of job (KB)
...
005 (339723.350.000) 01/29 16:19:39 Job terminated.
	(1) Normal termination (return value 0)
		Usr 0 00:00:24, Sys 0 00:00:04  -  Run Remote Usage
		Usr 0 00:00:00, Sys 0 00:00:00  -  Run Local Usage
		Usr 0 00:00:24, Sys 0 00:00:04  -  Total Remote Usage
		Usr 0 00:00:00, Sys 0 00:00:00  -  Total Local Usage
	734  -  Run Bytes Sent By Job
	10690  -  Run Bytes Received By Job
	734  -  Total Bytes Sent By Job
	10690  -  Total Bytes Received By Job
	Partitionable Resources :    Usage  Request Allocated 
	   Cpus                 :     0.64        1         1 
	   Disk (KB)            :    28     2048000   3842793 
	   Memory (MB)          :   213        2000      2000 
...
