000 (47437.074.000) 12/19 19:07:10 Job submitted from host: <155.230.20.251:9618?addrs=155.230.20.251-9618&noUDP&sock=930313_ea96_3>
...
001 (47437.074.000) 12/19 19:07:46 Job executing on host: <155.230.21.119:9618?addrs=155.230.21.119-9618&noUDP&sock=7399_ad53_3>
...
006 (47437.074.000) 12/19 19:07:54 Image size of job updated: 287052
	209  -  MemoryUsage of job (MB)
	213700  -  ResidentSetSize of job (KB)
...
006 (47437.074.000) 12/19 19:08:14 Image size of job updated: 343116
	209  -  MemoryUsage of job (MB)
	213700  -  ResidentSetSize of job (KB)
...
005 (47437.074.000) 12/19 19:08:14 Job terminated.
	(1) Normal termination (return value 0)
		Usr 0 00:00:26, Sys 0 00:00:01  -  Run Remote Usage
		Usr 0 00:00:00, Sys 0 00:00:00  -  Run Local Usage
		Usr 0 00:00:26, Sys 0 00:00:01  -  Total Remote Usage
		Usr 0 00:00:00, Sys 0 00:00:00  -  Total Local Usage
	555  -  Run Bytes Sent By Job
	10426  -  Run Bytes Received By Job
	555  -  Total Bytes Sent By Job
	10426  -  Total Bytes Received By Job
	Partitionable Resources :    Usage  Request Allocated 
	   Cpus                 :     0.04        1         1 
	   Disk (KB)            :    28     2048000   3709467 
	   Memory (MB)          :   209        2000      2000 
...
000 (339721.074.000) 01/29 15:58:18 Job submitted from host: <155.230.23.72:9618?addrs=155.230.23.72-9618&noUDP&sock=882541_4c40_3>
...
009 (339721.074.000) 01/29 16:01:54 Job was aborted by the user.
	via condor_rm (by user choij)
...
000 (339723.074.000) 01/29 16:03:11 Job submitted from host: <155.230.23.72:9618?addrs=155.230.23.72-9618&noUDP&sock=882541_4c40_3>
...
001 (339723.074.000) 01/29 16:14:01 Job executing on host: <155.230.21.98:9618?addrs=155.230.21.98-9618&noUDP&sock=16526_0a37_47>
...
006 (339723.074.000) 01/29 16:14:09 Image size of job updated: 245592
	174  -  MemoryUsage of job (MB)
	177568  -  ResidentSetSize of job (KB)
...
006 (339723.074.000) 01/29 16:14:41 Image size of job updated: 319744
	174  -  MemoryUsage of job (MB)
	177568  -  ResidentSetSize of job (KB)
...
005 (339723.074.000) 01/29 16:14:41 Job terminated.
	(1) Normal termination (return value 0)
		Usr 0 00:00:29, Sys 0 00:00:04  -  Run Remote Usage
		Usr 0 00:00:00, Sys 0 00:00:00  -  Run Local Usage
		Usr 0 00:00:29, Sys 0 00:00:04  -  Total Remote Usage
		Usr 0 00:00:00, Sys 0 00:00:00  -  Total Local Usage
	733  -  Run Bytes Sent By Job
	10690  -  Run Bytes Received By Job
	733  -  Total Bytes Sent By Job
	10690  -  Total Bytes Received By Job
	Partitionable Resources :    Usage  Request Allocated 
	   Cpus                 :        0        1         1 
	   Disk (KB)            :       28  2048000   3783431 
	   Memory (MB)          :      174     2000      2000 
...
