000 (47437.500.000) 12/19 19:07:10 Job submitted from host: <155.230.20.251:9618?addrs=155.230.20.251-9618&noUDP&sock=930313_ea96_3>
...
001 (47437.500.000) 12/19 19:17:44 Job executing on host: <155.230.21.90:9618?addrs=155.230.21.90-9618&noUDP&sock=1536_258f_3>
...
006 (47437.500.000) 12/19 19:17:52 Image size of job updated: 315108
	234  -  MemoryUsage of job (MB)
	238876  -  ResidentSetSize of job (KB)
...
006 (47437.500.000) 12/19 19:18:05 Image size of job updated: 602364
	234  -  MemoryUsage of job (MB)
	238876  -  ResidentSetSize of job (KB)
...
005 (47437.500.000) 12/19 19:18:05 Job terminated.
	(1) Normal termination (return value 0)
		Usr 0 00:00:19, Sys 0 00:00:00  -  Run Remote Usage
		Usr 0 00:00:00, Sys 0 00:00:00  -  Run Local Usage
		Usr 0 00:00:19, Sys 0 00:00:00  -  Total Remote Usage
		Usr 0 00:00:00, Sys 0 00:00:00  -  Total Local Usage
	555  -  Run Bytes Sent By Job
	10426  -  Run Bytes Received By Job
	555  -  Total Bytes Sent By Job
	10426  -  Total Bytes Received By Job
	Partitionable Resources :    Usage  Request Allocated 
	   Cpus                 :     0.93        1         1 
	   Disk (KB)            :    28     2048000   3712360 
	   Memory (MB)          :   234        2000      2000 
...
000 (339721.500.000) 01/29 15:58:18 Job submitted from host: <155.230.23.72:9618?addrs=155.230.23.72-9618&noUDP&sock=882541_4c40_3>
...
009 (339721.500.000) 01/29 16:01:55 Job was aborted by the user.
	via condor_rm (by user choij)
...
000 (339723.500.000) 01/29 16:03:11 Job submitted from host: <155.230.23.72:9618?addrs=155.230.23.72-9618&noUDP&sock=882541_4c40_3>
...
001 (339723.500.000) 01/29 16:21:31 Job executing on host: <155.230.21.100:9618?addrs=155.230.21.100-9618&noUDP&sock=9525_efac_48>
...
006 (339723.500.000) 01/29 16:21:39 Image size of job updated: 241964
	170  -  MemoryUsage of job (MB)
	173816  -  ResidentSetSize of job (KB)
...
006 (339723.500.000) 01/29 16:22:11 Image size of job updated: 241964
	170  -  MemoryUsage of job (MB)
	173872  -  ResidentSetSize of job (KB)
...
005 (339723.500.000) 01/29 16:22:11 Job terminated.
	(1) Normal termination (return value 0)
		Usr 0 00:00:30, Sys 0 00:00:04  -  Run Remote Usage
		Usr 0 00:00:00, Sys 0 00:00:00  -  Run Local Usage
		Usr 0 00:00:30, Sys 0 00:00:04  -  Total Remote Usage
		Usr 0 00:00:00, Sys 0 00:00:00  -  Total Local Usage
	734  -  Run Bytes Sent By Job
	10690  -  Run Bytes Received By Job
	734  -  Total Bytes Sent By Job
	10690  -  Total Bytes Received By Job
	Partitionable Resources :    Usage  Request Allocated 
	   Cpus                 :        0        1         1 
	   Disk (KB)            :       28  2048000   3785181 
	   Memory (MB)          :      170     2000      2000 
...
