000 (47437.517.000) 12/19 19:07:10 Job submitted from host: <155.230.20.251:9618?addrs=155.230.20.251-9618&noUDP&sock=930313_ea96_3>
...
001 (47437.517.000) 12/19 19:17:55 Job executing on host: <155.230.21.95:9618?addrs=155.230.21.95-9618+[--1]-9618&noUDP&sock=14962_4417_3>
...
006 (47437.517.000) 12/19 19:18:03 Image size of job updated: 265100
	190  -  MemoryUsage of job (MB)
	194548  -  ResidentSetSize of job (KB)
...
005 (47437.517.000) 12/19 19:18:28 Job terminated.
	(1) Normal termination (return value 0)
		Usr 0 00:00:28, Sys 0 00:00:01  -  Run Remote Usage
		Usr 0 00:00:00, Sys 0 00:00:00  -  Run Local Usage
		Usr 0 00:00:28, Sys 0 00:00:01  -  Total Remote Usage
		Usr 0 00:00:00, Sys 0 00:00:00  -  Total Local Usage
	555  -  Run Bytes Sent By Job
	10426  -  Run Bytes Received By Job
	555  -  Total Bytes Sent By Job
	10426  -  Total Bytes Received By Job
	Partitionable Resources :    Usage  Request Allocated 
	   Cpus                 :                 1         1 
	   Disk (KB)            :       22  2048000  18549089 
	   Memory (MB)          :      190     2000      2000 
...
000 (339721.517.000) 01/29 15:58:18 Job submitted from host: <155.230.23.72:9618?addrs=155.230.23.72-9618&noUDP&sock=882541_4c40_3>
...
009 (339721.517.000) 01/29 16:01:55 Job was aborted by the user.
	via condor_rm (by user choij)
...
000 (339723.517.000) 01/29 16:03:11 Job submitted from host: <155.230.23.72:9618?addrs=155.230.23.72-9618&noUDP&sock=882541_4c40_3>
...
001 (339723.517.000) 01/29 16:21:38 Job executing on host: <155.230.21.82:9618?addrs=155.230.21.82-9618&noUDP&sock=1520_2c0b_36>
...
006 (339723.517.000) 01/29 16:21:47 Image size of job updated: 300664
	220  -  MemoryUsage of job (MB)
	224464  -  ResidentSetSize of job (KB)
...
006 (339723.517.000) 01/29 16:22:06 Image size of job updated: 310168
	220  -  MemoryUsage of job (MB)
	224464  -  ResidentSetSize of job (KB)
...
005 (339723.517.000) 01/29 16:22:06 Job terminated.
	(1) Normal termination (return value 0)
		Usr 0 00:00:20, Sys 0 00:00:03  -  Run Remote Usage
		Usr 0 00:00:00, Sys 0 00:00:00  -  Run Local Usage
		Usr 0 00:00:20, Sys 0 00:00:03  -  Total Remote Usage
		Usr 0 00:00:00, Sys 0 00:00:00  -  Total Local Usage
	734  -  Run Bytes Sent By Job
	10690  -  Run Bytes Received By Job
	734  -  Total Bytes Sent By Job
	10690  -  Total Bytes Received By Job
	Partitionable Resources :    Usage  Request Allocated 
	   Cpus                 :        0        1         1 
	   Disk (KB)            :       28  2048000   3786225 
	   Memory (MB)          :      220     2000      2000 
...
