000 (47437.048.000) 12/19 19:07:09 Job submitted from host: <155.230.20.251:9618?addrs=155.230.20.251-9618&noUDP&sock=930313_ea96_3>
...
001 (47437.048.000) 12/19 19:07:37 Job executing on host: <155.230.21.97:9618?addrs=155.230.21.97-9618&noUDP&sock=19004_bde6_3>
...
006 (47437.048.000) 12/19 19:07:45 Image size of job updated: 77600
	37  -  MemoryUsage of job (MB)
	37712  -  ResidentSetSize of job (KB)
...
005 (47437.048.000) 12/19 19:08:52 Job terminated.
	(1) Normal termination (return value 0)
		Usr 0 00:00:28, Sys 0 00:00:02  -  Run Remote Usage
		Usr 0 00:00:00, Sys 0 00:00:00  -  Run Local Usage
		Usr 0 00:00:28, Sys 0 00:00:02  -  Total Remote Usage
		Usr 0 00:00:00, Sys 0 00:00:00  -  Total Local Usage
	555  -  Run Bytes Sent By Job
	10426  -  Run Bytes Received By Job
	555  -  Total Bytes Sent By Job
	10426  -  Total Bytes Received By Job
	Partitionable Resources :    Usage  Request Allocated 
	   Cpus                 :     0.86        1         1 
	   Disk (KB)            :    28     2048000   3673156 
	   Memory (MB)          :    37        2000      2000 
...
000 (339721.048.000) 01/29 15:58:18 Job submitted from host: <155.230.23.72:9618?addrs=155.230.23.72-9618&noUDP&sock=882541_4c40_3>
...
009 (339721.048.000) 01/29 16:01:54 Job was aborted by the user.
	via condor_rm (by user choij)
...
000 (339723.048.000) 01/29 16:03:11 Job submitted from host: <155.230.23.72:9618?addrs=155.230.23.72-9618&noUDP&sock=882541_4c40_3>
...
001 (339723.048.000) 01/29 16:13:09 Job executing on host: <155.230.21.107:9618?addrs=155.230.21.107-9618+[2407-c000-c024-0-12bf-48ff-fe22-c094]-9618&noUDP&sock=1569_c82f_3>
...
006 (339723.048.000) 01/29 16:13:17 Image size of job updated: 298648
	218  -  MemoryUsage of job (MB)
	223112  -  ResidentSetSize of job (KB)
...
006 (339723.048.000) 01/29 16:13:38 Image size of job updated: 320704
	218  -  MemoryUsage of job (MB)
	223116  -  ResidentSetSize of job (KB)
...
005 (339723.048.000) 01/29 16:13:38 Job terminated.
	(1) Normal termination (return value 0)
		Usr 0 00:00:22, Sys 0 00:00:03  -  Run Remote Usage
		Usr 0 00:00:00, Sys 0 00:00:00  -  Run Local Usage
		Usr 0 00:00:22, Sys 0 00:00:03  -  Total Remote Usage
		Usr 0 00:00:00, Sys 0 00:00:00  -  Total Local Usage
	733  -  Run Bytes Sent By Job
	10690  -  Run Bytes Received By Job
	733  -  Total Bytes Sent By Job
	10690  -  Total Bytes Received By Job
	Partitionable Resources :    Usage  Request Allocated 
	   Cpus                 :        0        1         1 
	   Disk (KB)            :       29  2048000   3786899 
	   Memory (MB)          :      218     2000      2000 
...
