000 (47436.000.000) 12/19 19:02:26 Job submitted from host: <155.230.20.251:9618?addrs=155.230.20.251-9618&noUDP&sock=930313_ea96_3>
...
001 (47436.000.000) 12/19 19:02:29 Job executing on host: <155.230.21.42:9618?addrs=155.230.21.42-9618&noUDP&sock=2987_697a_3>
...
006 (47436.000.000) 12/19 19:02:37 Image size of job updated: 5136
	4  -  MemoryUsage of job (MB)
	3940  -  ResidentSetSize of job (KB)
...
006 (47436.000.000) 12/19 19:03:33 Image size of job updated: 290172
	4  -  MemoryUsage of job (MB)
	3940  -  ResidentSetSize of job (KB)
...
005 (47436.000.000) 12/19 19:03:34 Job terminated.
	(1) Normal termination (return value 0)
		Usr 0 00:00:10, Sys 0 00:00:01  -  Run Remote Usage
		Usr 0 00:00:00, Sys 0 00:00:00  -  Run Local Usage
		Usr 0 00:00:10, Sys 0 00:00:01  -  Total Remote Usage
		Usr 0 00:00:00, Sys 0 00:00:00  -  Total Local Usage
	739  -  Run Bytes Sent By Job
	10426  -  Run Bytes Received By Job
	739  -  Total Bytes Sent By Job
	10426  -  Total Bytes Received By Job
	Partitionable Resources :    Usage  Request Allocated 
	   Cpus                 :        0        1         1 
	   Disk (KB)            :       28  2048000   3669141 
	   Memory (MB)          :        4     2000      2000 
...
000 (47437.000.000) 12/19 19:07:09 Job submitted from host: <155.230.20.251:9618?addrs=155.230.20.251-9618&noUDP&sock=930313_ea96_3>
...
001 (47437.000.000) 12/19 19:07:22 Job executing on host: <155.230.21.42:9618?addrs=155.230.21.42-9618&noUDP&sock=2987_697a_3>
...
006 (47437.000.000) 12/19 19:07:31 Image size of job updated: 51276
	19  -  MemoryUsage of job (MB)
	18956  -  ResidentSetSize of job (KB)
...
005 (47437.000.000) 12/19 19:08:00 Job terminated.
	(1) Normal termination (return value 0)
		Usr 0 00:00:10, Sys 0 00:00:01  -  Run Remote Usage
		Usr 0 00:00:00, Sys 0 00:00:00  -  Run Local Usage
		Usr 0 00:00:10, Sys 0 00:00:01  -  Total Remote Usage
		Usr 0 00:00:00, Sys 0 00:00:00  -  Total Local Usage
	519  -  Run Bytes Sent By Job
	10426  -  Run Bytes Received By Job
	519  -  Total Bytes Sent By Job
	10426  -  Total Bytes Received By Job
	Partitionable Resources :    Usage  Request Allocated 
	   Cpus                 :     0.06        1         1 
	   Disk (KB)            :    28     2048000   3669141 
	   Memory (MB)          :    19        2000      2000 
...
000 (336695.000.000) 01/28 15:03:25 Job submitted from host: <155.230.23.72:9618?addrs=155.230.23.72-9618&noUDP&sock=882541_4c40_3>
...
001 (336695.000.000) 01/28 15:03:28 Job executing on host: <155.230.21.72:9618?addrs=155.230.21.72-9618&noUDP&sock=23623_fdd9_3>
...
006 (336695.000.000) 01/28 15:03:36 Image size of job updated: 26200
	11  -  MemoryUsage of job (MB)
	10804  -  ResidentSetSize of job (KB)
...
006 (336695.000.000) 01/28 15:04:07 Image size of job updated: 290952
	11  -  MemoryUsage of job (MB)
	10820  -  ResidentSetSize of job (KB)
...
005 (336695.000.000) 01/28 15:04:07 Job terminated.
	(1) Normal termination (return value 0)
		Usr 0 00:00:09, Sys 0 00:00:02  -  Run Remote Usage
		Usr 0 00:00:00, Sys 0 00:00:00  -  Run Local Usage
		Usr 0 00:00:09, Sys 0 00:00:02  -  Total Remote Usage
		Usr 0 00:00:00, Sys 0 00:00:00  -  Total Local Usage
	519  -  Run Bytes Sent By Job
	10588  -  Run Bytes Received By Job
	519  -  Total Bytes Sent By Job
	10588  -  Total Bytes Received By Job
	Partitionable Resources :    Usage  Request Allocated 
	   Cpus                 :        0        1         1 
	   Disk (KB)            :       28  2048000   3695198 
	   Memory (MB)          :       11     2000      2000 
...
000 (336696.000.000) 01/28 15:07:11 Job submitted from host: <155.230.23.72:9618?addrs=155.230.23.72-9618&noUDP&sock=882541_4c40_3>
...
001 (336696.000.000) 01/28 15:07:17 Job executing on host: <155.230.21.72:9618?addrs=155.230.21.72-9618&noUDP&sock=23623_fdd9_3>
...
006 (336696.000.000) 01/28 15:07:25 Image size of job updated: 232
	1  -  MemoryUsage of job (MB)
	232  -  ResidentSetSize of job (KB)
...
006 (336696.000.000) 01/28 15:08:19 Image size of job updated: 268804
	1  -  MemoryUsage of job (MB)
	232  -  ResidentSetSize of job (KB)
...
005 (336696.000.000) 01/28 15:08:20 Job terminated.
	(1) Normal termination (return value 0)
		Usr 0 00:00:10, Sys 0 00:00:02  -  Run Remote Usage
		Usr 0 00:00:00, Sys 0 00:00:00  -  Run Local Usage
		Usr 0 00:00:10, Sys 0 00:00:02  -  Total Remote Usage
		Usr 0 00:00:00, Sys 0 00:00:00  -  Total Local Usage
	609  -  Run Bytes Sent By Job
	10588  -  Run Bytes Received By Job
	609  -  Total Bytes Sent By Job
	10588  -  Total Bytes Received By Job
	Partitionable Resources :    Usage  Request Allocated 
	   Cpus                 :                 1         1 
	   Disk (KB)            :       22  2048000   3695198 
	   Memory (MB)          :        1     2000      2000 
...
000 (336697.000.000) 01/28 15:17:04 Job submitted from host: <155.230.23.72:9618?addrs=155.230.23.72-9618&noUDP&sock=882541_4c40_3>
...
001 (336697.000.000) 01/28 15:17:09 Job executing on host: <155.230.21.72:9618?addrs=155.230.21.72-9618&noUDP&sock=23623_fdd9_3>
...
006 (336697.000.000) 01/28 15:17:17 Image size of job updated: 24260
	10  -  MemoryUsage of job (MB)
	9440  -  ResidentSetSize of job (KB)
...
006 (336697.000.000) 01/28 15:17:35 Image size of job updated: 250636
	10  -  MemoryUsage of job (MB)
	9440  -  ResidentSetSize of job (KB)
...
005 (336697.000.000) 01/28 15:17:35 Job terminated.
	(1) Normal termination (return value 0)
		Usr 0 00:00:09, Sys 0 00:00:02  -  Run Remote Usage
		Usr 0 00:00:00, Sys 0 00:00:00  -  Run Local Usage
		Usr 0 00:00:09, Sys 0 00:00:02  -  Total Remote Usage
		Usr 0 00:00:00, Sys 0 00:00:00  -  Total Local Usage
	760  -  Run Bytes Sent By Job
	10580  -  Run Bytes Received By Job
	760  -  Total Bytes Sent By Job
	10580  -  Total Bytes Received By Job
	Partitionable Resources :    Usage  Request Allocated 
	   Cpus                 :     0.05        1         1 
	   Disk (KB)            :    28     2048000   3695198 
	   Memory (MB)          :    10        2000      2000 
...
000 (336698.000.000) 01/28 15:18:29 Job submitted from host: <155.230.23.72:9618?addrs=155.230.23.72-9618&noUDP&sock=882541_4c40_3>
...
001 (336698.000.000) 01/28 15:18:31 Job executing on host: <155.230.21.72:9618?addrs=155.230.21.72-9618&noUDP&sock=23623_fdd9_3>
...
006 (336698.000.000) 01/28 15:18:39 Image size of job updated: 194296
	126  -  MemoryUsage of job (MB)
	128764  -  ResidentSetSize of job (KB)
...
006 (336698.000.000) 01/28 15:18:53 Image size of job updated: 469976
	374  -  MemoryUsage of job (MB)
	382588  -  ResidentSetSize of job (KB)
...
004 (336698.000.000) 01/28 15:18:53 Job was evicted.
	(0) Job was not checkpointed.
		Usr 0 00:00:14, Sys 0 00:00:02  -  Run Remote Usage
		Usr 0 00:00:00, Sys 0 00:00:00  -  Run Local Usage
	1087  -  Run Bytes Sent By Job
	10578  -  Run Bytes Received By Job
	Partitionable Resources :    Usage  Request Allocated 
	   Cpus                 :     0.05        1         1 
	   Disk (KB)            :    29     2048000   3695198 
	   Memory (MB)          :   374        2000      2000 
...
009 (336698.000.000) 01/28 15:18:54 Job was aborted by the user.
	via condor_rm (by user choij)
...
000 (336699.000.000) 01/28 15:21:27 Job submitted from host: <155.230.23.72:9618?addrs=155.230.23.72-9618&noUDP&sock=882541_4c40_3>
...
001 (336699.000.000) 01/28 15:21:28 Job executing on host: <155.230.21.72:9618?addrs=155.230.21.72-9618&noUDP&sock=23623_fdd9_3>
...
006 (336699.000.000) 01/28 15:21:37 Image size of job updated: 190540
	123  -  MemoryUsage of job (MB)
	125704  -  ResidentSetSize of job (KB)
...
006 (336699.000.000) 01/28 15:26:03 Image size of job updated: 259484
	253  -  MemoryUsage of job (MB)
	258732  -  ResidentSetSize of job (KB)
...
004 (336699.000.000) 01/28 15:26:03 Job was evicted.
	(0) Job was not checkpointed.
		Usr 0 00:04:13, Sys 0 00:00:13  -  Run Remote Usage
		Usr 0 00:00:00, Sys 0 00:00:00  -  Run Local Usage
	585  -  Run Bytes Sent By Job
	10580  -  Run Bytes Received By Job
	Partitionable Resources :    Usage  Request Allocated 
	   Cpus                 :     0.98        1         1 
	   Disk (KB)            :    28     2048000   3695198 
	   Memory (MB)          :   253        2000      2000 
...
009 (336699.000.000) 01/28 15:26:03 Job was aborted by the user.
	via condor_rm (by user choij)
...
000 (336704.000.000) 01/28 15:26:16 Job submitted from host: <155.230.23.72:9618?addrs=155.230.23.72-9618&noUDP&sock=882541_4c40_3>
...
001 (336704.000.000) 01/28 15:26:20 Job executing on host: <155.230.21.72:9618?addrs=155.230.21.72-9618&noUDP&sock=23623_fdd9_3>
...
006 (336704.000.000) 01/28 15:26:29 Image size of job updated: 4212
	4  -  MemoryUsage of job (MB)
	3960  -  ResidentSetSize of job (KB)
...
006 (336704.000.000) 01/28 15:31:31 Image size of job updated: 298700
	253  -  MemoryUsage of job (MB)
	258508  -  ResidentSetSize of job (KB)
...
006 (336704.000.000) 01/28 15:36:31 Image size of job updated: 299704
	254  -  MemoryUsage of job (MB)
	259512  -  ResidentSetSize of job (KB)
...
005 (336704.000.000) 01/28 15:40:17 Job terminated.
	(1) Normal termination (return value 0)
		Usr 0 00:09:56, Sys 0 00:00:30  -  Run Remote Usage
		Usr 0 00:00:00, Sys 0 00:00:00  -  Run Local Usage
		Usr 0 00:09:56, Sys 0 00:00:30  -  Total Remote Usage
		Usr 0 00:00:00, Sys 0 00:00:00  -  Total Local Usage
	749  -  Run Bytes Sent By Job
	10580  -  Run Bytes Received By Job
	749  -  Total Bytes Sent By Job
	10580  -  Total Bytes Received By Job
	Partitionable Resources :    Usage  Request Allocated 
	   Cpus                 :     1.00        1         1 
	   Disk (KB)            :    28     2048000   3695198 
	   Memory (MB)          :   254        2000      2000 
...
000 (339705.000.000) 01/29 14:16:01 Job submitted from host: <155.230.23.72:9618?addrs=155.230.23.72-9618&noUDP&sock=882541_4c40_3>
...
000 (339706.000.000) 01/29 14:16:18 Job submitted from host: <155.230.23.72:9618?addrs=155.230.23.72-9618&noUDP&sock=882541_4c40_3>
...
000 (339707.000.000) 01/29 14:16:20 Job submitted from host: <155.230.23.72:9618?addrs=155.230.23.72-9618&noUDP&sock=882541_4c40_3>
...
001 (339705.000.000) 01/29 14:16:21 Job executing on host: <155.230.21.72:9618?addrs=155.230.21.72-9618&noUDP&sock=23623_fdd9_3>
...
001 (339706.000.000) 01/29 14:16:23 Job executing on host: <155.230.21.42:9618?addrs=155.230.21.42-9618&noUDP&sock=2987_697a_3>
...
009 (339707.000.000) 01/29 14:16:25 Job was aborted by the user.
	via condor_rm (by user choij)
...
006 (339706.000.000) 01/29 14:16:26 Image size of job updated: 8572
	9  -  MemoryUsage of job (MB)
	8520  -  ResidentSetSize of job (KB)
...
006 (339705.000.000) 01/29 14:16:26 Image size of job updated: 4528
	4  -  MemoryUsage of job (MB)
	3216  -  ResidentSetSize of job (KB)
...
004 (339706.000.000) 01/29 14:16:26 Job was evicted.
	(0) Job was not checkpointed.
		Usr 0 00:00:00, Sys 0 00:00:00  -  Run Remote Usage
		Usr 0 00:00:00, Sys 0 00:00:00  -  Run Local Usage
	3  -  Run Bytes Sent By Job
	10556  -  Run Bytes Received By Job
	Partitionable Resources :    Usage  Request Allocated 
	   Cpus                 :                 1         1 
	   Disk (KB)            :       22  2048000   3669141 
	   Memory (MB)          :        9     2000      2000 
...
004 (339705.000.000) 01/29 14:16:26 Job was evicted.
	(0) Job was not checkpointed.
		Usr 0 00:00:00, Sys 0 00:00:00  -  Run Remote Usage
		Usr 0 00:00:00, Sys 0 00:00:00  -  Run Local Usage
	3  -  Run Bytes Sent By Job
	10556  -  Run Bytes Received By Job
	Partitionable Resources :    Usage  Request Allocated 
	   Cpus                 :        0        1         1 
	   Disk (KB)            :       27  2048000   3695198 
	   Memory (MB)          :        4     2000      2000 
...
009 (339706.000.000) 01/29 14:16:26 Job was aborted by the user.
	via condor_rm (by user choij)
...
009 (339705.000.000) 01/29 14:16:26 Job was aborted by the user.
	via condor_rm (by user choij)
...
000 (339708.000.000) 01/29 14:16:37 Job submitted from host: <155.230.23.72:9618?addrs=155.230.23.72-9618&noUDP&sock=882541_4c40_3>
...
001 (339708.000.000) 01/29 14:16:42 Job executing on host: <155.230.21.72:9618?addrs=155.230.21.72-9618&noUDP&sock=23623_fdd9_3>
...
006 (339708.000.000) 01/29 14:16:52 Image size of job updated: 23608
	9  -  MemoryUsage of job (MB)
	9048  -  ResidentSetSize of job (KB)
...
006 (339708.000.000) 01/29 14:17:10 Image size of job updated: 110200
	9  -  MemoryUsage of job (MB)
	9048  -  ResidentSetSize of job (KB)
...
005 (339708.000.000) 01/29 14:17:10 Job terminated.
	(1) Normal termination (return value 1)
		Usr 0 00:00:01, Sys 0 00:00:01  -  Run Remote Usage
		Usr 0 00:00:00, Sys 0 00:00:00  -  Run Local Usage
		Usr 0 00:00:01, Sys 0 00:00:01  -  Total Remote Usage
		Usr 0 00:00:00, Sys 0 00:00:00  -  Total Local Usage
	1206  -  Run Bytes Sent By Job
	10556  -  Run Bytes Received By Job
	1206  -  Total Bytes Sent By Job
	10556  -  Total Bytes Received By Job
	Partitionable Resources :    Usage  Request Allocated 
	   Cpus                 :        0        1         1 
	   Disk (KB)            :       29  2048000   3695198 
	   Memory (MB)          :        9     2000      2000 
...
000 (339709.000.000) 01/29 14:20:06 Job submitted from host: <155.230.23.72:9618?addrs=155.230.23.72-9618&noUDP&sock=882541_4c40_3>
...
001 (339709.000.000) 01/29 14:20:09 Job executing on host: <155.230.21.72:9618?addrs=155.230.21.72-9618&noUDP&sock=23623_fdd9_3>
...
006 (339709.000.000) 01/29 14:20:17 Image size of job updated: 117132
	66  -  MemoryUsage of job (MB)
	66956  -  ResidentSetSize of job (KB)
...
006 (339709.000.000) 01/29 14:25:17 Image size of job updated: 338200
	255  -  MemoryUsage of job (MB)
	261104  -  ResidentSetSize of job (KB)
...
005 (339709.000.000) 01/29 14:33:05 Job terminated.
	(1) Normal termination (return value 0)
		Usr 0 00:10:02, Sys 0 00:00:31  -  Run Remote Usage
		Usr 0 00:00:00, Sys 0 00:00:00  -  Run Local Usage
		Usr 0 00:10:02, Sys 0 00:00:31  -  Total Remote Usage
		Usr 0 00:00:00, Sys 0 00:00:00  -  Total Local Usage
	749  -  Run Bytes Sent By Job
	10556  -  Run Bytes Received By Job
	749  -  Total Bytes Sent By Job
	10556  -  Total Bytes Received By Job
	Partitionable Resources :    Usage  Request Allocated 
	   Cpus                 :     0.88        1         1 
	   Disk (KB)            :    28     2048000   3695198 
	   Memory (MB)          :   255        2000      2000 
...
000 (339713.000.000) 01/29 15:15:42 Job submitted from host: <155.230.23.72:9618?addrs=155.230.23.72-9618&noUDP&sock=882541_4c40_3>
...
001 (339713.000.000) 01/29 15:15:43 Job executing on host: <155.230.21.72:9618?addrs=155.230.21.72-9618&noUDP&sock=23623_fdd9_3>
...
006 (339713.000.000) 01/29 15:15:53 Image size of job updated: 30256
	14  -  MemoryUsage of job (MB)
	13324  -  ResidentSetSize of job (KB)
...
006 (339713.000.000) 01/29 15:20:54 Image size of job updated: 259516
	252  -  MemoryUsage of job (MB)
	257824  -  ResidentSetSize of job (KB)
...
006 (339713.000.000) 01/29 15:25:54 Image size of job updated: 259516
	252  -  MemoryUsage of job (MB)
	257872  -  ResidentSetSize of job (KB)
...
006 (339713.000.000) 01/29 15:29:04 Image size of job updated: 555984
	252  -  MemoryUsage of job (MB)
	257872  -  ResidentSetSize of job (KB)
...
005 (339713.000.000) 01/29 15:29:04 Job terminated.
	(1) Normal termination (return value 0)
		Usr 0 00:10:07, Sys 0 00:00:32  -  Run Remote Usage
		Usr 0 00:00:00, Sys 0 00:00:00  -  Run Local Usage
		Usr 0 00:10:07, Sys 0 00:00:32  -  Total Remote Usage
		Usr 0 00:00:00, Sys 0 00:00:00  -  Total Local Usage
	749  -  Run Bytes Sent By Job
	10556  -  Run Bytes Received By Job
	749  -  Total Bytes Sent By Job
	10556  -  Total Bytes Received By Job
	Partitionable Resources :    Usage  Request Allocated 
	   Cpus                 :     0.91        1         1 
	   Disk (KB)            :    28     2048000   3695198 
	   Memory (MB)          :   252        2000      2000 
...
000 (339721.000.000) 01/29 15:58:18 Job submitted from host: <155.230.23.72:9618?addrs=155.230.23.72-9618&noUDP&sock=882541_4c40_3>
...
009 (339721.000.000) 01/29 16:01:54 Job was aborted by the user.
	via condor_rm (by user choij)
...
000 (339723.000.000) 01/29 16:03:11 Job submitted from host: <155.230.23.72:9618?addrs=155.230.23.72-9618&noUDP&sock=882541_4c40_3>
...
001 (339723.000.000) 01/29 16:12:14 Job executing on host: <155.230.21.113:9618?addrs=155.230.21.113-9618+[2407-c000-c024-0-a60-6eff-fe17-c80e]-9618&noUDP&sock=3349_b6c3_3>
...
006 (339723.000.000) 01/29 16:12:23 Image size of job updated: 315976
	234  -  MemoryUsage of job (MB)
	239448  -  ResidentSetSize of job (KB)
...
006 (339723.000.000) 01/29 16:12:44 Image size of job updated: 316944
	234  -  MemoryUsage of job (MB)
	239448  -  ResidentSetSize of job (KB)
...
005 (339723.000.000) 01/29 16:12:44 Job terminated.
	(1) Normal termination (return value 0)
		Usr 0 00:00:22, Sys 0 00:00:04  -  Run Remote Usage
		Usr 0 00:00:00, Sys 0 00:00:00  -  Run Local Usage
		Usr 0 00:00:22, Sys 0 00:00:04  -  Total Remote Usage
		Usr 0 00:00:00, Sys 0 00:00:00  -  Total Local Usage
	732  -  Run Bytes Sent By Job
	10690  -  Run Bytes Received By Job
	732  -  Total Bytes Sent By Job
	10690  -  Total Bytes Received By Job
	Partitionable Resources :    Usage  Request Allocated 
	   Cpus                 :        0        1         1 
	   Disk (KB)            :       29  2048000   3787319 
	   Memory (MB)          :      234     2000      2000 
...
