000 (47437.394.000) 12/19 19:07:10 Job submitted from host: <155.230.20.251:9618?addrs=155.230.20.251-9618&noUDP&sock=930313_ea96_3>
...
001 (47437.394.000) 12/19 19:15:35 Job executing on host: <155.230.21.98:9618?addrs=155.230.21.98-9618&noUDP&sock=16526_0a37_3>
...
006 (47437.394.000) 12/19 19:15:43 Image size of job updated: 208164
	138  -  MemoryUsage of job (MB)
	141104  -  ResidentSetSize of job (KB)
...
006 (47437.394.000) 12/19 19:16:08 Image size of job updated: 348992
	138  -  MemoryUsage of job (MB)
	141156  -  ResidentSetSize of job (KB)
...
005 (47437.394.000) 12/19 19:16:08 Job terminated.
	(1) Normal termination (return value 0)
		Usr 0 00:00:28, Sys 0 00:00:01  -  Run Remote Usage
		Usr 0 00:00:00, Sys 0 00:00:00  -  Run Local Usage
		Usr 0 00:00:28, Sys 0 00:00:01  -  Total Remote Usage
		Usr 0 00:00:00, Sys 0 00:00:00  -  Total Local Usage
	555  -  Run Bytes Sent By Job
	10426  -  Run Bytes Received By Job
	555  -  Total Bytes Sent By Job
	10426  -  Total Bytes Received By Job
	Partitionable Resources :    Usage  Request Allocated 
	   Cpus                 :                 1         1 
	   Disk (KB)            :       22  2048000   3676021 
	   Memory (MB)          :      138     2000      2000 
...
