000 (47437.200.000) 12/19 19:07:10 Job submitted from host: <155.230.20.251:9618?addrs=155.230.20.251-9618&noUDP&sock=930313_ea96_3>
...
001 (47437.200.000) 12/19 19:10:41 Job executing on host: <155.230.21.84:9618?addrs=155.230.21.84-9618&noUDP&sock=1534_c65e_3>
...
006 (47437.200.000) 12/19 19:10:50 Image size of job updated: 332128
	250  -  MemoryUsage of job (MB)
	255896  -  ResidentSetSize of job (KB)
...
006 (47437.200.000) 12/19 19:11:02 Image size of job updated: 347004
	250  -  MemoryUsage of job (MB)
	255896  -  ResidentSetSize of job (KB)
...
005 (47437.200.000) 12/19 19:11:02 Job terminated.
	(1) Normal termination (return value 0)
		Usr 0 00:00:19, Sys 0 00:00:00  -  Run Remote Usage
		Usr 0 00:00:00, Sys 0 00:00:00  -  Run Local Usage
		Usr 0 00:00:19, Sys 0 00:00:00  -  Total Remote Usage
		Usr 0 00:00:00, Sys 0 00:00:00  -  Total Local Usage
	555  -  Run Bytes Sent By Job
	10426  -  Run Bytes Received By Job
	555  -  Total Bytes Sent By Job
	10426  -  Total Bytes Received By Job
	Partitionable Resources :    Usage  Request Allocated 
	   Cpus                 :        0        1         1 
	   Disk (KB)            :       28  2048000   3605424 
	   Memory (MB)          :      250     2000      2000 
...
