000 (47437.389.000) 12/19 19:07:10 Job submitted from host: <155.230.20.251:9618?addrs=155.230.20.251-9618&noUDP&sock=930313_ea96_3>
...
001 (47437.389.000) 12/19 19:15:44 Job executing on host: <155.230.21.97:9618?addrs=155.230.21.97-9618&noUDP&sock=19004_bde6_3>
...
006 (47437.389.000) 12/19 19:15:53 Image size of job updated: 56088
	24  -  MemoryUsage of job (MB)
	23568  -  ResidentSetSize of job (KB)
...
006 (47437.389.000) 12/19 19:16:46 Image size of job updated: 550536
	24  -  MemoryUsage of job (MB)
	23568  -  ResidentSetSize of job (KB)
...
005 (47437.389.000) 12/19 19:16:46 Job terminated.
	(1) Normal termination (return value 0)
		Usr 0 00:00:29, Sys 0 00:00:01  -  Run Remote Usage
		Usr 0 00:00:00, Sys 0 00:00:00  -  Run Local Usage
		Usr 0 00:00:29, Sys 0 00:00:01  -  Total Remote Usage
		Usr 0 00:00:00, Sys 0 00:00:00  -  Total Local Usage
	555  -  Run Bytes Sent By Job
	10426  -  Run Bytes Received By Job
	555  -  Total Bytes Sent By Job
	10426  -  Total Bytes Received By Job
	Partitionable Resources :    Usage  Request Allocated 
	   Cpus                 :     0.84        1         1 
	   Disk (KB)            :    28     2048000   3673156 
	   Memory (MB)          :    24        2000      2000 
...
