000 (47437.010.000) 12/19 19:07:09 Job submitted from host: <155.230.20.251:9618?addrs=155.230.20.251-9618&noUDP&sock=930313_ea96_3>
...
001 (47437.010.000) 12/19 19:07:14 Job executing on host: <155.230.21.89:9618?addrs=155.230.21.89-9618&noUDP&sock=1545_51e9_3>
...
006 (47437.010.000) 12/19 19:07:22 Image size of job updated: 264020
	188  -  MemoryUsage of job (MB)
	192376  -  ResidentSetSize of job (KB)
...
006 (47437.010.000) 12/19 19:07:40 Image size of job updated: 550576
	189  -  MemoryUsage of job (MB)
	192600  -  ResidentSetSize of job (KB)
...
005 (47437.010.000) 12/19 19:07:40 Job terminated.
	(1) Normal termination (return value 0)
		Usr 0 00:00:18, Sys 0 00:00:01  -  Run Remote Usage
		Usr 0 00:00:00, Sys 0 00:00:00  -  Run Local Usage
		Usr 0 00:00:18, Sys 0 00:00:01  -  Total Remote Usage
		Usr 0 00:00:00, Sys 0 00:00:00  -  Total Local Usage
	555  -  Run Bytes Sent By Job
	10426  -  Run Bytes Received By Job
	555  -  Total Bytes Sent By Job
	10426  -  Total Bytes Received By Job
	Partitionable Resources :    Usage  Request Allocated 
	   Cpus                 :     0.69        1         1 
	   Disk (KB)            :    28     2048000   3564277 
	   Memory (MB)          :   189        2000      2000 
...
000 (339721.010.000) 01/29 15:58:18 Job submitted from host: <155.230.23.72:9618?addrs=155.230.23.72-9618&noUDP&sock=882541_4c40_3>
...
009 (339721.010.000) 01/29 16:01:54 Job was aborted by the user.
	via condor_rm (by user choij)
...
000 (339723.010.000) 01/29 16:03:11 Job submitted from host: <155.230.23.72:9618?addrs=155.230.23.72-9618&noUDP&sock=882541_4c40_3>
...
001 (339723.010.000) 01/29 16:12:57 Job executing on host: <155.230.21.41:9618?addrs=155.230.21.41-9618&noUDP&sock=24346_e8d2_3>
...
006 (339723.010.000) 01/29 16:13:06 Image size of job updated: 120452
	68  -  MemoryUsage of job (MB)
	69176  -  ResidentSetSize of job (KB)
...
006 (339723.010.000) 01/29 16:14:54 Image size of job updated: 242560
	68  -  MemoryUsage of job (MB)
	69216  -  ResidentSetSize of job (KB)
...
005 (339723.010.000) 01/29 16:14:54 Job terminated.
	(1) Normal termination (return value 0)
		Usr 0 00:00:36, Sys 0 00:00:06  -  Run Remote Usage
		Usr 0 00:00:00, Sys 0 00:00:00  -  Run Local Usage
		Usr 0 00:00:36, Sys 0 00:00:06  -  Total Remote Usage
		Usr 0 00:00:00, Sys 0 00:00:00  -  Total Local Usage
	733  -  Run Bytes Sent By Job
	10690  -  Run Bytes Received By Job
	733  -  Total Bytes Sent By Job
	10690  -  Total Bytes Received By Job
	Partitionable Resources :    Usage  Request Allocated 
	   Cpus                 :     0.06        1         1 
	   Disk (KB)            :    28     2048000   3653325 
	   Memory (MB)          :    68        2000      2000 
...
