000 (47437.404.000) 12/19 19:07:10 Job submitted from host: <155.230.20.251:9618?addrs=155.230.20.251-9618&noUDP&sock=930313_ea96_3>
...
001 (47437.404.000) 12/19 19:15:38 Job executing on host: <155.230.21.86:9618?addrs=155.230.21.86-9618&noUDP&sock=20085_37c6_3>
...
006 (47437.404.000) 12/19 19:15:46 Image size of job updated: 310456
	229  -  MemoryUsage of job (MB)
	234224  -  ResidentSetSize of job (KB)
...
006 (47437.404.000) 12/19 19:15:58 Image size of job updated: 345160
	229  -  MemoryUsage of job (MB)
	234224  -  ResidentSetSize of job (KB)
...
005 (47437.404.000) 12/19 19:15:59 Job terminated.
	(1) Normal termination (return value 0)
		Usr 0 00:00:19, Sys 0 00:00:00  -  Run Remote Usage
		Usr 0 00:00:00, Sys 0 00:00:00  -  Run Local Usage
		Usr 0 00:00:19, Sys 0 00:00:00  -  Total Remote Usage
		Usr 0 00:00:00, Sys 0 00:00:00  -  Total Local Usage
	555  -  Run Bytes Sent By Job
	10426  -  Run Bytes Received By Job
	555  -  Total Bytes Sent By Job
	10426  -  Total Bytes Received By Job
	Partitionable Resources :    Usage  Request Allocated 
	   Cpus                 :     0.02        1         1 
	   Disk (KB)            :    28     2048000   3665826 
	   Memory (MB)          :   229        2000      2000 
...
000 (339721.404.000) 01/29 15:58:18 Job submitted from host: <155.230.23.72:9618?addrs=155.230.23.72-9618&noUDP&sock=882541_4c40_3>
...
009 (339721.404.000) 01/29 16:01:55 Job was aborted by the user.
	via condor_rm (by user choij)
...
000 (339723.404.000) 01/29 16:03:11 Job submitted from host: <155.230.23.72:9618?addrs=155.230.23.72-9618&noUDP&sock=882541_4c40_3>
...
001 (339723.404.000) 01/29 16:20:07 Job executing on host: <155.230.21.110:9618?addrs=155.230.21.110-9618&noUDP&sock=15413_9d4e_48>
...
006 (339723.404.000) 01/29 16:20:15 Image size of job updated: 192480
	125  -  MemoryUsage of job (MB)
	127516  -  ResidentSetSize of job (KB)
...
006 (339723.404.000) 01/29 16:20:47 Image size of job updated: 317892
	125  -  MemoryUsage of job (MB)
	127516  -  ResidentSetSize of job (KB)
...
005 (339723.404.000) 01/29 16:20:48 Job terminated.
	(1) Normal termination (return value 0)
		Usr 0 00:00:24, Sys 0 00:00:04  -  Run Remote Usage
		Usr 0 00:00:00, Sys 0 00:00:00  -  Run Local Usage
		Usr 0 00:00:24, Sys 0 00:00:04  -  Total Remote Usage
		Usr 0 00:00:00, Sys 0 00:00:00  -  Total Local Usage
	734  -  Run Bytes Sent By Job
	10690  -  Run Bytes Received By Job
	734  -  Total Bytes Sent By Job
	10690  -  Total Bytes Received By Job
	Partitionable Resources :    Usage  Request Allocated 
	   Cpus                 :        0        1         1 
	   Disk (KB)            :       28  2048000   3782143 
	   Memory (MB)          :      125     2000      2000 
...
