000 (47437.299.000) 12/19 19:07:10 Job submitted from host: <155.230.20.251:9618?addrs=155.230.20.251-9618&noUDP&sock=930313_ea96_3>
...
001 (47437.299.000) 12/19 19:12:48 Job executing on host: <155.230.21.116:9618?addrs=155.230.21.116-9618&noUDP&sock=38331_74cc_3>
...
006 (47437.299.000) 12/19 19:12:56 Image size of job updated: 292796
	213  -  MemoryUsage of job (MB)
	217664  -  ResidentSetSize of job (KB)
...
006 (47437.299.000) 12/19 19:13:13 Image size of job updated: 344028
	213  -  MemoryUsage of job (MB)
	217700  -  ResidentSetSize of job (KB)
...
005 (47437.299.000) 12/19 19:13:13 Job terminated.
	(1) Normal termination (return value 0)
		Usr 0 00:00:23, Sys 0 00:00:01  -  Run Remote Usage
		Usr 0 00:00:00, Sys 0 00:00:00  -  Run Local Usage
		Usr 0 00:00:23, Sys 0 00:00:01  -  Total Remote Usage
		Usr 0 00:00:00, Sys 0 00:00:00  -  Total Local Usage
	555  -  Run Bytes Sent By Job
	10426  -  Run Bytes Received By Job
	555  -  Total Bytes Sent By Job
	10426  -  Total Bytes Received By Job
	Partitionable Resources :    Usage  Request Allocated 
	   Cpus                 :     0.03        1         1 
	   Disk (KB)            :    28     2048000   3709334 
	   Memory (MB)          :   213        2000      2000 
...
000 (339721.299.000) 01/29 15:58:18 Job submitted from host: <155.230.23.72:9618?addrs=155.230.23.72-9618&noUDP&sock=882541_4c40_3>
...
009 (339721.299.000) 01/29 16:01:55 Job was aborted by the user.
	via condor_rm (by user choij)
...
000 (339723.299.000) 01/29 16:03:11 Job submitted from host: <155.230.23.72:9618?addrs=155.230.23.72-9618&noUDP&sock=882541_4c40_3>
...
001 (339723.299.000) 01/29 16:18:05 Job executing on host: <155.230.21.109:9618?addrs=155.230.21.109-9618&noUDP&sock=26104_c051_50>
...
006 (339723.299.000) 01/29 16:18:13 Image size of job updated: 292444
	214  -  MemoryUsage of job (MB)
	218316  -  ResidentSetSize of job (KB)
...
006 (339723.299.000) 01/29 16:18:32 Image size of job updated: 349556
	214  -  MemoryUsage of job (MB)
	218316  -  ResidentSetSize of job (KB)
...
005 (339723.299.000) 01/29 16:18:32 Job terminated.
	(1) Normal termination (return value 0)
		Usr 0 00:00:23, Sys 0 00:00:02  -  Run Remote Usage
		Usr 0 00:00:00, Sys 0 00:00:00  -  Run Local Usage
		Usr 0 00:00:23, Sys 0 00:00:02  -  Total Remote Usage
		Usr 0 00:00:00, Sys 0 00:00:00  -  Total Local Usage
	734  -  Run Bytes Sent By Job
	10690  -  Run Bytes Received By Job
	734  -  Total Bytes Sent By Job
	10690  -  Total Bytes Received By Job
	Partitionable Resources :    Usage  Request Allocated 
	   Cpus                 :        0        1         1 
	   Disk (KB)            :       28  2048000   3842254 
	   Memory (MB)          :      214     2000      2000 
...
