000 (47437.382.000) 12/19 19:07:10 Job submitted from host: <155.230.20.251:9618?addrs=155.230.20.251-9618&noUDP&sock=930313_ea96_3>
...
001 (47437.382.000) 12/19 19:14:47 Job executing on host: <155.230.21.115:9618?addrs=155.230.21.115-9618&noUDP&sock=905_554c_3>
...
006 (47437.382.000) 12/19 19:14:56 Image size of job updated: 316052
	235  -  MemoryUsage of job (MB)
	239820  -  ResidentSetSize of job (KB)
...
006 (47437.382.000) 12/19 19:15:12 Image size of job updated: 353692
	235  -  MemoryUsage of job (MB)
	239820  -  ResidentSetSize of job (KB)
...
005 (47437.382.000) 12/19 19:15:13 Job terminated.
	(1) Normal termination (return value 0)
		Usr 0 00:00:23, Sys 0 00:00:01  -  Run Remote Usage
		Usr 0 00:00:00, Sys 0 00:00:00  -  Run Local Usage
		Usr 0 00:00:23, Sys 0 00:00:01  -  Total Remote Usage
		Usr 0 00:00:00, Sys 0 00:00:00  -  Total Local Usage
	555  -  Run Bytes Sent By Job
	10426  -  Run Bytes Received By Job
	555  -  Total Bytes Sent By Job
	10426  -  Total Bytes Received By Job
	Partitionable Resources :    Usage  Request Allocated 
	   Cpus                 :     0.28        1         1 
	   Disk (KB)            :    28     2048000   3709762 
	   Memory (MB)          :   235        2000      2000 
...
000 (339721.382.000) 01/29 15:58:18 Job submitted from host: <155.230.23.72:9618?addrs=155.230.23.72-9618&noUDP&sock=882541_4c40_3>
...
009 (339721.382.000) 01/29 16:01:55 Job was aborted by the user.
	via condor_rm (by user choij)
...
000 (339723.382.000) 01/29 16:03:11 Job submitted from host: <155.230.23.72:9618?addrs=155.230.23.72-9618&noUDP&sock=882541_4c40_3>
...
001 (339723.382.000) 01/29 16:19:58 Job executing on host: <155.230.21.74:9618?addrs=155.230.21.74-9618&noUDP&sock=27134_3edd_3>
...
006 (339723.382.000) 01/29 16:20:06 Image size of job updated: 81524
	40  -  MemoryUsage of job (MB)
	40500  -  ResidentSetSize of job (KB)
...
006 (339723.382.000) 01/29 16:22:37 Image size of job updated: 81524
	40  -  MemoryUsage of job (MB)
	40520  -  ResidentSetSize of job (KB)
...
005 (339723.382.000) 01/29 16:22:38 Job terminated.
	(1) Normal termination (return value 0)
		Usr 0 00:00:36, Sys 0 00:00:06  -  Run Remote Usage
		Usr 0 00:00:00, Sys 0 00:00:00  -  Run Local Usage
		Usr 0 00:00:36, Sys 0 00:00:06  -  Total Remote Usage
		Usr 0 00:00:00, Sys 0 00:00:00  -  Total Local Usage
	734  -  Run Bytes Sent By Job
	10690  -  Run Bytes Received By Job
	734  -  Total Bytes Sent By Job
	10690  -  Total Bytes Received By Job
	Partitionable Resources :    Usage  Request Allocated 
	   Cpus                 :     0.04        1         1 
	   Disk (KB)            :    29     2048000   3665303 
	   Memory (MB)          :    40        2000      2000 
...
