000 (47437.220.000) 12/19 19:07:10 Job submitted from host: <155.230.20.251:9618?addrs=155.230.20.251-9618&noUDP&sock=930313_ea96_3>
...
001 (47437.220.000) 12/19 19:11:33 Job executing on host: <155.230.21.100:9618?addrs=155.230.21.100-9618&noUDP&sock=9525_efac_3>
...
006 (47437.220.000) 12/19 19:11:42 Image size of job updated: 50676
	22  -  MemoryUsage of job (MB)
	22504  -  ResidentSetSize of job (KB)
...
006 (47437.220.000) 12/19 19:12:32 Image size of job updated: 302372
	22  -  MemoryUsage of job (MB)
	22504  -  ResidentSetSize of job (KB)
...
005 (47437.220.000) 12/19 19:12:32 Job terminated.
	(1) Normal termination (return value 0)
		Usr 0 00:00:28, Sys 0 00:00:01  -  Run Remote Usage
		Usr 0 00:00:00, Sys 0 00:00:00  -  Run Local Usage
		Usr 0 00:00:28, Sys 0 00:00:01  -  Total Remote Usage
		Usr 0 00:00:00, Sys 0 00:00:00  -  Total Local Usage
	555  -  Run Bytes Sent By Job
	10426  -  Run Bytes Received By Job
	555  -  Total Bytes Sent By Job
	10426  -  Total Bytes Received By Job
	Partitionable Resources :    Usage  Request Allocated 
	   Cpus                 :     0.85        1         1 
	   Disk (KB)            :    28     2048000   3673277 
	   Memory (MB)          :    22        2000      2000 
...
000 (339721.220.000) 01/29 15:58:18 Job submitted from host: <155.230.23.72:9618?addrs=155.230.23.72-9618&noUDP&sock=882541_4c40_3>
...
009 (339721.220.000) 01/29 16:01:54 Job was aborted by the user.
	via condor_rm (by user choij)
...
000 (339723.220.000) 01/29 16:03:11 Job submitted from host: <155.230.23.72:9618?addrs=155.230.23.72-9618&noUDP&sock=882541_4c40_3>
...
001 (339723.220.000) 01/29 16:16:56 Job executing on host: <155.230.21.34:9618?addrs=155.230.21.34-9618&noUDP&sock=3883_fe56_3>
...
006 (339723.220.000) 01/29 16:17:04 Image size of job updated: 87884
	43  -  MemoryUsage of job (MB)
	43864  -  ResidentSetSize of job (KB)
...
006 (339723.220.000) 01/29 16:19:04 Image size of job updated: 87884
	43  -  MemoryUsage of job (MB)
	43888  -  ResidentSetSize of job (KB)
...
005 (339723.220.000) 01/29 16:19:04 Job terminated.
	(1) Normal termination (return value 0)
		Usr 0 00:00:36, Sys 0 00:00:07  -  Run Remote Usage
		Usr 0 00:00:00, Sys 0 00:00:00  -  Run Local Usage
		Usr 0 00:00:36, Sys 0 00:00:07  -  Total Remote Usage
		Usr 0 00:00:00, Sys 0 00:00:00  -  Total Local Usage
	734  -  Run Bytes Sent By Job
	10690  -  Run Bytes Received By Job
	734  -  Total Bytes Sent By Job
	10690  -  Total Bytes Received By Job
	Partitionable Resources :    Usage  Request Allocated 
	   Cpus                 :     0.05        1         1 
	   Disk (KB)            :    29     2048000   3677810 
	   Memory (MB)          :    43        2000      2000 
...
