000 (47437.362.000) 12/19 19:07:10 Job submitted from host: <155.230.20.251:9618?addrs=155.230.20.251-9618&noUDP&sock=930313_ea96_3>
...
001 (47437.362.000) 12/19 19:14:40 Job executing on host: <155.230.21.86:9618?addrs=155.230.21.86-9618&noUDP&sock=20085_37c6_3>
...
006 (47437.362.000) 12/19 19:14:49 Image size of job updated: 339400
	257  -  MemoryUsage of job (MB)
	263168  -  ResidentSetSize of job (KB)
...
006 (47437.362.000) 12/19 19:15:01 Image size of job updated: 599852
	257  -  MemoryUsage of job (MB)
	263168  -  ResidentSetSize of job (KB)
...
005 (47437.362.000) 12/19 19:15:01 Job terminated.
	(1) Normal termination (return value 0)
		Usr 0 00:00:18, Sys 0 00:00:00  -  Run Remote Usage
		Usr 0 00:00:00, Sys 0 00:00:00  -  Run Local Usage
		Usr 0 00:00:18, Sys 0 00:00:00  -  Total Remote Usage
		Usr 0 00:00:00, Sys 0 00:00:00  -  Total Local Usage
	555  -  Run Bytes Sent By Job
	10426  -  Run Bytes Received By Job
	555  -  Total Bytes Sent By Job
	10426  -  Total Bytes Received By Job
	Partitionable Resources :    Usage  Request Allocated 
	   Cpus                 :        0        1         1 
	   Disk (KB)            :       28  2048000   3665826 
	   Memory (MB)          :      257     2000      2000 
...
000 (339721.362.000) 01/29 15:58:18 Job submitted from host: <155.230.23.72:9618?addrs=155.230.23.72-9618&noUDP&sock=882541_4c40_3>
...
009 (339721.362.000) 01/29 16:01:55 Job was aborted by the user.
	via condor_rm (by user choij)
...
000 (339723.362.000) 01/29 16:03:11 Job submitted from host: <155.230.23.72:9618?addrs=155.230.23.72-9618&noUDP&sock=882541_4c40_3>
...
001 (339723.362.000) 01/29 16:19:08 Job executing on host: <155.230.21.85:9618?addrs=155.230.21.85-9618&noUDP&sock=1521_dba3_36>
...
006 (339723.362.000) 01/29 16:19:17 Image size of job updated: 290852
	211  -  MemoryUsage of job (MB)
	216024  -  ResidentSetSize of job (KB)
...
006 (339723.362.000) 01/29 16:19:39 Image size of job updated: 312976
	211  -  MemoryUsage of job (MB)
	216024  -  ResidentSetSize of job (KB)
...
005 (339723.362.000) 01/29 16:19:39 Job terminated.
	(1) Normal termination (return value 0)
		Usr 0 00:00:20, Sys 0 00:00:03  -  Run Remote Usage
		Usr 0 00:00:00, Sys 0 00:00:00  -  Run Local Usage
		Usr 0 00:00:20, Sys 0 00:00:03  -  Total Remote Usage
		Usr 0 00:00:00, Sys 0 00:00:00  -  Total Local Usage
	734  -  Run Bytes Sent By Job
	10690  -  Run Bytes Received By Job
	734  -  Total Bytes Sent By Job
	10690  -  Total Bytes Received By Job
	Partitionable Resources :    Usage  Request Allocated 
	   Cpus                 :        0        1         1 
	   Disk (KB)            :       28  2048000   3784116 
	   Memory (MB)          :      211     2000      2000 
...
