000 (47437.484.000) 12/19 19:07:10 Job submitted from host: <155.230.20.251:9618?addrs=155.230.20.251-9618&noUDP&sock=930313_ea96_3>
...
001 (47437.484.000) 12/19 19:17:40 Job executing on host: <155.230.21.109:9618?addrs=155.230.21.109-9618&noUDP&sock=26104_c051_3>
...
006 (47437.484.000) 12/19 19:17:48 Image size of job updated: 278328
	202  -  MemoryUsage of job (MB)
	206008  -  ResidentSetSize of job (KB)
...
006 (47437.484.000) 12/19 19:18:08 Image size of job updated: 278328
	204  -  MemoryUsage of job (MB)
	208060  -  ResidentSetSize of job (KB)
...
005 (47437.484.000) 12/19 19:18:08 Job terminated.
	(1) Normal termination (return value 0)
		Usr 0 00:00:22, Sys 0 00:00:01  -  Run Remote Usage
		Usr 0 00:00:00, Sys 0 00:00:00  -  Run Local Usage
		Usr 0 00:00:22, Sys 0 00:00:01  -  Total Remote Usage
		Usr 0 00:00:00, Sys 0 00:00:00  -  Total Local Usage
	555  -  Run Bytes Sent By Job
	10426  -  Run Bytes Received By Job
	555  -  Total Bytes Sent By Job
	10426  -  Total Bytes Received By Job
	Partitionable Resources :    Usage  Request Allocated 
	   Cpus                 :     1.01        1         1 
	   Disk (KB)            :    28     2048000   3710353 
	   Memory (MB)          :   204        2000      2000 
...
