000 (47437.326.000) 12/19 19:07:10 Job submitted from host: <155.230.20.251:9618?addrs=155.230.20.251-9618&noUDP&sock=930313_ea96_3>
...
001 (47437.326.000) 12/19 19:13:43 Job executing on host: <155.230.21.110:9618?addrs=155.230.21.110-9618&noUDP&sock=15413_9d4e_3>
...
006 (47437.326.000) 12/19 19:13:52 Image size of job updated: 315968
	235  -  MemoryUsage of job (MB)
	239736  -  ResidentSetSize of job (KB)
...
006 (47437.326.000) 12/19 19:14:08 Image size of job updated: 348272
	235  -  MemoryUsage of job (MB)
	239736  -  ResidentSetSize of job (KB)
...
005 (47437.326.000) 12/19 19:14:08 Job terminated.
	(1) Normal termination (return value 0)
		Usr 0 00:00:22, Sys 0 00:00:01  -  Run Remote Usage
		Usr 0 00:00:00, Sys 0 00:00:00  -  Run Local Usage
		Usr 0 00:00:22, Sys 0 00:00:01  -  Total Remote Usage
		Usr 0 00:00:00, Sys 0 00:00:00  -  Total Local Usage
	555  -  Run Bytes Sent By Job
	10426  -  Run Bytes Received By Job
	555  -  Total Bytes Sent By Job
	10426  -  Total Bytes Received By Job
	Partitionable Resources :    Usage  Request Allocated 
	   Cpus                 :     0.03        1         1 
	   Disk (KB)            :    28     2048000   3709593 
	   Memory (MB)          :   235        2000      2000 
...
000 (339721.326.000) 01/29 15:58:18 Job submitted from host: <155.230.23.72:9618?addrs=155.230.23.72-9618&noUDP&sock=882541_4c40_3>
...
009 (339721.326.000) 01/29 16:01:55 Job was aborted by the user.
	via condor_rm (by user choij)
...
000 (339723.326.000) 01/29 16:03:11 Job submitted from host: <155.230.23.72:9618?addrs=155.230.23.72-9618&noUDP&sock=882541_4c40_3>
...
001 (339723.326.000) 01/29 16:18:56 Job executing on host: <155.230.21.34:9618?addrs=155.230.21.34-9618&noUDP&sock=3883_fe56_3>
...
006 (339723.326.000) 01/29 16:19:04 Image size of job updated: 74700
	41  -  MemoryUsage of job (MB)
	41316  -  ResidentSetSize of job (KB)
...
005 (339723.326.000) 01/29 16:19:57 Job terminated.
	(1) Normal termination (return value 0)
		Usr 0 00:00:36, Sys 0 00:00:03  -  Run Remote Usage
		Usr 0 00:00:00, Sys 0 00:00:00  -  Run Local Usage
		Usr 0 00:00:36, Sys 0 00:00:03  -  Total Remote Usage
		Usr 0 00:00:00, Sys 0 00:00:00  -  Total Local Usage
	734  -  Run Bytes Sent By Job
	10690  -  Run Bytes Received By Job
	734  -  Total Bytes Sent By Job
	10690  -  Total Bytes Received By Job
	Partitionable Resources :    Usage  Request Allocated 
	   Cpus                 :     0.89        1         1 
	   Disk (KB)            :    29     2048000   3677810 
	   Memory (MB)          :    41        2000      2000 
...
