000 (47437.122.000) 12/19 19:07:10 Job submitted from host: <155.230.20.251:9618?addrs=155.230.20.251-9618&noUDP&sock=930313_ea96_3>
...
001 (47437.122.000) 12/19 19:08:48 Job executing on host: <155.230.21.122:9618?addrs=155.230.21.122-9618&noUDP&sock=8358_78a6_3>
...
006 (47437.122.000) 12/19 19:08:56 Image size of job updated: 278656
	202  -  MemoryUsage of job (MB)
	206336  -  ResidentSetSize of job (KB)
...
006 (47437.122.000) 12/19 19:09:17 Image size of job updated: 347664
	202  -  MemoryUsage of job (MB)
	206340  -  ResidentSetSize of job (KB)
...
005 (47437.122.000) 12/19 19:09:17 Job terminated.
	(1) Normal termination (return value 0)
		Usr 0 00:00:26, Sys 0 00:00:01  -  Run Remote Usage
		Usr 0 00:00:00, Sys 0 00:00:00  -  Run Local Usage
		Usr 0 00:00:26, Sys 0 00:00:01  -  Total Remote Usage
		Usr 0 00:00:00, Sys 0 00:00:00  -  Total Local Usage
	555  -  Run Bytes Sent By Job
	10426  -  Run Bytes Received By Job
	555  -  Total Bytes Sent By Job
	10426  -  Total Bytes Received By Job
	Partitionable Resources :    Usage  Request Allocated 
	   Cpus                 :        0        1         1 
	   Disk (KB)            :       28  2048000   3709702 
	   Memory (MB)          :      202     2000      2000 
...
000 (339721.122.000) 01/29 15:58:18 Job submitted from host: <155.230.23.72:9618?addrs=155.230.23.72-9618&noUDP&sock=882541_4c40_3>
...
009 (339721.122.000) 01/29 16:01:54 Job was aborted by the user.
	via condor_rm (by user choij)
...
000 (339723.122.000) 01/29 16:03:11 Job submitted from host: <155.230.23.72:9618?addrs=155.230.23.72-9618&noUDP&sock=882541_4c40_3>
...
001 (339723.122.000) 01/29 16:14:59 Job executing on host: <155.230.21.35:9618?addrs=155.230.21.35-9618&noUDP&sock=11940_6ce3_3>
...
006 (339723.122.000) 01/29 16:15:07 Image size of job updated: 170804
	105  -  MemoryUsage of job (MB)
	107232  -  ResidentSetSize of job (KB)
...
006 (339723.122.000) 01/29 16:16:24 Image size of job updated: 170804
	105  -  MemoryUsage of job (MB)
	107368  -  ResidentSetSize of job (KB)
...
005 (339723.122.000) 01/29 16:16:24 Job terminated.
	(1) Normal termination (return value 0)
		Usr 0 00:00:37, Sys 0 00:00:06  -  Run Remote Usage
		Usr 0 00:00:00, Sys 0 00:00:00  -  Run Local Usage
		Usr 0 00:00:37, Sys 0 00:00:06  -  Total Remote Usage
		Usr 0 00:00:00, Sys 0 00:00:00  -  Total Local Usage
	734  -  Run Bytes Sent By Job
	10690  -  Run Bytes Received By Job
	734  -  Total Bytes Sent By Job
	10690  -  Total Bytes Received By Job
	Partitionable Resources :    Usage  Request Allocated 
	   Cpus                 :     0.30        1         1 
	   Disk (KB)            :    29     2048000   3689027 
	   Memory (MB)          :   105        2000      2000 
...
