000 (47437.126.000) 12/19 19:07:10 Job submitted from host: <155.230.20.251:9618?addrs=155.230.20.251-9618&noUDP&sock=930313_ea96_3>
...
001 (47437.126.000) 12/19 19:08:49 Job executing on host: <155.230.21.114:9618?addrs=155.230.21.114-9618&noUDP&sock=22699_3457_3>
...
006 (47437.126.000) 12/19 19:08:58 Image size of job updated: 312376
	231  -  MemoryUsage of job (MB)
	236144  -  ResidentSetSize of job (KB)
...
006 (47437.126.000) 12/19 19:09:15 Image size of job updated: 340532
	231  -  MemoryUsage of job (MB)
	236144  -  ResidentSetSize of job (KB)
...
005 (47437.126.000) 12/19 19:09:15 Job terminated.
	(1) Normal termination (return value 0)
		Usr 0 00:00:23, Sys 0 00:00:01  -  Run Remote Usage
		Usr 0 00:00:00, Sys 0 00:00:00  -  Run Local Usage
		Usr 0 00:00:23, Sys 0 00:00:01  -  Total Remote Usage
		Usr 0 00:00:00, Sys 0 00:00:00  -  Total Local Usage
	555  -  Run Bytes Sent By Job
	10426  -  Run Bytes Received By Job
	555  -  Total Bytes Sent By Job
	10426  -  Total Bytes Received By Job
	Partitionable Resources :    Usage  Request Allocated 
	   Cpus                 :     0.04        1         1 
	   Disk (KB)            :    28     2048000   3618436 
	   Memory (MB)          :   231        2000      2000 
...
000 (339721.126.000) 01/29 15:58:18 Job submitted from host: <155.230.23.72:9618?addrs=155.230.23.72-9618&noUDP&sock=882541_4c40_3>
...
009 (339721.126.000) 01/29 16:01:54 Job was aborted by the user.
	via condor_rm (by user choij)
...
000 (339723.126.000) 01/29 16:03:11 Job submitted from host: <155.230.23.72:9618?addrs=155.230.23.72-9618&noUDP&sock=882541_4c40_3>
...
001 (339723.126.000) 01/29 16:15:01 Job executing on host: <155.230.21.100:9618?addrs=155.230.21.100-9618&noUDP&sock=9525_efac_48>
...
006 (339723.126.000) 01/29 16:15:09 Image size of job updated: 243312
	172  -  MemoryUsage of job (MB)
	175284  -  ResidentSetSize of job (KB)
...
006 (339723.126.000) 01/29 16:15:43 Image size of job updated: 319364
	172  -  MemoryUsage of job (MB)
	175300  -  ResidentSetSize of job (KB)
...
005 (339723.126.000) 01/29 16:15:43 Job terminated.
	(1) Normal termination (return value 0)
		Usr 0 00:00:30, Sys 0 00:00:04  -  Run Remote Usage
		Usr 0 00:00:00, Sys 0 00:00:00  -  Run Local Usage
		Usr 0 00:00:30, Sys 0 00:00:04  -  Total Remote Usage
		Usr 0 00:00:00, Sys 0 00:00:00  -  Total Local Usage
	734  -  Run Bytes Sent By Job
	10690  -  Run Bytes Received By Job
	734  -  Total Bytes Sent By Job
	10690  -  Total Bytes Received By Job
	Partitionable Resources :    Usage  Request Allocated 
	   Cpus                 :     0.04        1         1 
	   Disk (KB)            :    28     2048000   3785181 
	   Memory (MB)          :   172        2000      2000 
...
