000 (47437.290.000) 12/19 19:07:10 Job submitted from host: <155.230.20.251:9618?addrs=155.230.20.251-9618&noUDP&sock=930313_ea96_3>
...
001 (47437.290.000) 12/19 19:12:45 Job executing on host: <155.230.21.121:9618?addrs=155.230.21.121-9618&noUDP&sock=28110_b34c_3>
...
006 (47437.290.000) 12/19 19:12:53 Image size of job updated: 312392
	231  -  MemoryUsage of job (MB)
	236160  -  ResidentSetSize of job (KB)
...
006 (47437.290.000) 12/19 19:13:08 Image size of job updated: 345604
	231  -  MemoryUsage of job (MB)
	236176  -  ResidentSetSize of job (KB)
...
005 (47437.290.000) 12/19 19:13:08 Job terminated.
	(1) Normal termination (return value 0)
		Usr 0 00:00:21, Sys 0 00:00:01  -  Run Remote Usage
		Usr 0 00:00:00, Sys 0 00:00:00  -  Run Local Usage
		Usr 0 00:00:21, Sys 0 00:00:01  -  Total Remote Usage
		Usr 0 00:00:00, Sys 0 00:00:00  -  Total Local Usage
	555  -  Run Bytes Sent By Job
	10426  -  Run Bytes Received By Job
	555  -  Total Bytes Sent By Job
	10426  -  Total Bytes Received By Job
	Partitionable Resources :    Usage  Request Allocated 
	   Cpus                 :        0        1         1 
	   Disk (KB)            :       28  2048000   3709756 
	   Memory (MB)          :      231     2000      2000 
...
