000 (47437.592.000) 12/19 19:07:10 Job submitted from host: <155.230.20.251:9618?addrs=155.230.20.251-9618&noUDP&sock=930313_ea96_3>
...
001 (47437.592.000) 12/19 19:18:36 Job executing on host: <155.230.21.118:9618?addrs=155.230.21.118-9618&noUDP&sock=12615_6b51_3>
...
006 (47437.592.000) 12/19 19:18:44 Image size of job updated: 287272
	209  -  MemoryUsage of job (MB)
	213544  -  ResidentSetSize of job (KB)
...
006 (47437.592.000) 12/19 19:19:04 Image size of job updated: 350896
	209  -  MemoryUsage of job (MB)
	213544  -  ResidentSetSize of job (KB)
...
005 (47437.592.000) 12/19 19:19:04 Job terminated.
	(1) Normal termination (return value 0)
		Usr 0 00:00:26, Sys 0 00:00:01  -  Run Remote Usage
		Usr 0 00:00:00, Sys 0 00:00:00  -  Run Local Usage
		Usr 0 00:00:26, Sys 0 00:00:01  -  Total Remote Usage
		Usr 0 00:00:00, Sys 0 00:00:00  -  Total Local Usage
	555  -  Run Bytes Sent By Job
	10426  -  Run Bytes Received By Job
	555  -  Total Bytes Sent By Job
	10426  -  Total Bytes Received By Job
	Partitionable Resources :    Usage  Request Allocated 
	   Cpus                 :     0.87        1         1 
	   Disk (KB)            :    28     2048000   3709329 
	   Memory (MB)          :   209        2000      2000 
...
000 (339721.592.000) 01/29 15:58:19 Job submitted from host: <155.230.23.72:9618?addrs=155.230.23.72-9618&noUDP&sock=882541_4c40_3>
...
009 (339721.592.000) 01/29 16:01:56 Job was aborted by the user.
	via condor_rm (by user choij)
...
000 (339723.592.000) 01/29 16:03:11 Job submitted from host: <155.230.23.72:9618?addrs=155.230.23.72-9618&noUDP&sock=882541_4c40_3>
...
001 (339723.592.000) 01/29 16:23:26 Job executing on host: <155.230.21.38:9618?addrs=155.230.21.38-9618&noUDP&sock=22636_fddf_3>
...
006 (339723.592.000) 01/29 16:23:34 Image size of job updated: 76220
	43  -  MemoryUsage of job (MB)
	43500  -  ResidentSetSize of job (KB)
...
005 (339723.592.000) 01/29 16:24:40 Job terminated.
	(1) Normal termination (return value 0)
		Usr 0 00:00:35, Sys 0 00:00:04  -  Run Remote Usage
		Usr 0 00:00:00, Sys 0 00:00:00  -  Run Local Usage
		Usr 0 00:00:35, Sys 0 00:00:04  -  Total Remote Usage
		Usr 0 00:00:00, Sys 0 00:00:00  -  Total Local Usage
	988  -  Run Bytes Sent By Job
	10690  -  Run Bytes Received By Job
	988  -  Total Bytes Sent By Job
	10690  -  Total Bytes Received By Job
	Partitionable Resources :    Usage  Request Allocated 
	   Cpus                 :     0.66        1         1 
	   Disk (KB)            :    29     2048000   3666180 
	   Memory (MB)          :    43        2000      2000 
...
