000 (47437.553.000) 12/19 19:07:10 Job submitted from host: <155.230.20.251:9618?addrs=155.230.20.251-9618&noUDP&sock=930313_ea96_3>
...
001 (47437.553.000) 12/19 19:18:08 Job executing on host: <155.230.21.114:9618?addrs=155.230.21.114-9618&noUDP&sock=22699_3457_3>
...
006 (47437.553.000) 12/19 19:18:17 Image size of job updated: 314352
	236  -  MemoryUsage of job (MB)
	241612  -  ResidentSetSize of job (KB)
...
006 (47437.553.000) 12/19 19:18:34 Image size of job updated: 343872
	236  -  MemoryUsage of job (MB)
	241612  -  ResidentSetSize of job (KB)
...
005 (47437.553.000) 12/19 19:18:34 Job terminated.
	(1) Normal termination (return value 0)
		Usr 0 00:00:23, Sys 0 00:00:01  -  Run Remote Usage
		Usr 0 00:00:00, Sys 0 00:00:00  -  Run Local Usage
		Usr 0 00:00:23, Sys 0 00:00:01  -  Total Remote Usage
		Usr 0 00:00:00, Sys 0 00:00:00  -  Total Local Usage
	555  -  Run Bytes Sent By Job
	10426  -  Run Bytes Received By Job
	555  -  Total Bytes Sent By Job
	10426  -  Total Bytes Received By Job
	Partitionable Resources :    Usage  Request Allocated 
	   Cpus                 :     0.76        1         1 
	   Disk (KB)            :    28     2048000   3618436 
	   Memory (MB)          :   236        2000      2000 
...
