000 (47437.036.000) 12/19 19:07:09 Job submitted from host: <155.230.20.251:9618?addrs=155.230.20.251-9618&noUDP&sock=930313_ea96_3>
...
001 (47437.036.000) 12/19 19:07:33 Job executing on host: <155.230.21.122:9618?addrs=155.230.21.122-9618&noUDP&sock=8358_78a6_3>
...
006 (47437.036.000) 12/19 19:07:41 Image size of job updated: 242136
	171  -  MemoryUsage of job (MB)
	174536  -  ResidentSetSize of job (KB)
...
006 (47437.036.000) 12/19 19:08:03 Image size of job updated: 242136
	171  -  MemoryUsage of job (MB)
	174800  -  ResidentSetSize of job (KB)
...
005 (47437.036.000) 12/19 19:08:03 Job terminated.
	(1) Normal termination (return value 0)
		Usr 0 00:00:26, Sys 0 00:00:01  -  Run Remote Usage
		Usr 0 00:00:00, Sys 0 00:00:00  -  Run Local Usage
		Usr 0 00:00:26, Sys 0 00:00:01  -  Total Remote Usage
		Usr 0 00:00:00, Sys 0 00:00:00  -  Total Local Usage
	555  -  Run Bytes Sent By Job
	10426  -  Run Bytes Received By Job
	555  -  Total Bytes Sent By Job
	10426  -  Total Bytes Received By Job
	Partitionable Resources :    Usage  Request Allocated 
	   Cpus                 :     0.74        1         1 
	   Disk (KB)            :    28     2048000   3709702 
	   Memory (MB)          :   171        2000      2000 
...
000 (339721.036.000) 01/29 15:58:18 Job submitted from host: <155.230.23.72:9618?addrs=155.230.23.72-9618&noUDP&sock=882541_4c40_3>
...
009 (339721.036.000) 01/29 16:01:54 Job was aborted by the user.
	via condor_rm (by user choij)
...
000 (339723.036.000) 01/29 16:03:11 Job submitted from host: <155.230.23.72:9618?addrs=155.230.23.72-9618&noUDP&sock=882541_4c40_3>
...
001 (339723.036.000) 01/29 16:13:05 Job executing on host: <155.230.21.84:9618?addrs=155.230.21.84-9618+[2407-c000-c024-0-beae-c5ff-fe4e-98ef]-9618&noUDP&sock=29804_a4bb_6>
...
006 (339723.036.000) 01/29 16:13:14 Image size of job updated: 301756
	220  -  MemoryUsage of job (MB)
	224404  -  ResidentSetSize of job (KB)
...
006 (339723.036.000) 01/29 16:13:34 Image size of job updated: 313236
	220  -  MemoryUsage of job (MB)
	224404  -  ResidentSetSize of job (KB)
...
005 (339723.036.000) 01/29 16:13:34 Job terminated.
	(1) Normal termination (return value 0)
		Usr 0 00:00:20, Sys 0 00:00:04  -  Run Remote Usage
		Usr 0 00:00:00, Sys 0 00:00:00  -  Run Local Usage
		Usr 0 00:00:20, Sys 0 00:00:04  -  Total Remote Usage
		Usr 0 00:00:00, Sys 0 00:00:00  -  Total Local Usage
	733  -  Run Bytes Sent By Job
	10690  -  Run Bytes Received By Job
	733  -  Total Bytes Sent By Job
	10690  -  Total Bytes Received By Job
	Partitionable Resources :    Usage  Request Allocated 
	   Cpus                 :        0        1         1 
	   Disk (KB)            :       29  2048000   3836532 
	   Memory (MB)          :      220     2000      2000 
...
