000 (47437.257.000) 12/19 19:07:10 Job submitted from host: <155.230.20.251:9618?addrs=155.230.20.251-9618&noUDP&sock=930313_ea96_3>
...
001 (47437.257.000) 12/19 19:11:47 Job executing on host: <155.230.21.126:9618?addrs=155.230.21.126-9618&noUDP&sock=27949_448d_3>
...
006 (47437.257.000) 12/19 19:11:56 Image size of job updated: 334884
	253  -  MemoryUsage of job (MB)
	258648  -  ResidentSetSize of job (KB)
...
006 (47437.257.000) 12/19 19:12:11 Image size of job updated: 346708
	253  -  MemoryUsage of job (MB)
	258648  -  ResidentSetSize of job (KB)
...
005 (47437.257.000) 12/19 19:12:11 Job terminated.
	(1) Normal termination (return value 0)
		Usr 0 00:00:21, Sys 0 00:00:00  -  Run Remote Usage
		Usr 0 00:00:00, Sys 0 00:00:00  -  Run Local Usage
		Usr 0 00:00:21, Sys 0 00:00:00  -  Total Remote Usage
		Usr 0 00:00:00, Sys 0 00:00:00  -  Total Local Usage
	555  -  Run Bytes Sent By Job
	10426  -  Run Bytes Received By Job
	555  -  Total Bytes Sent By Job
	10426  -  Total Bytes Received By Job
	Partitionable Resources :    Usage  Request Allocated 
	   Cpus                 :        0        1         1 
	   Disk (KB)            :       28  2048000   3652507 
	   Memory (MB)          :      253     2000      2000 
...
