000 (47437.065.000) 12/19 19:07:10 Job submitted from host: <155.230.20.251:9618?addrs=155.230.20.251-9618&noUDP&sock=930313_ea96_3>
...
001 (47437.065.000) 12/19 19:07:42 Job executing on host: <155.230.21.92:9618?addrs=155.230.21.92-9618&noUDP&sock=30767_2e6f_3>
...
006 (47437.065.000) 12/19 19:07:50 Image size of job updated: 229600
	160  -  MemoryUsage of job (MB)
	162824  -  ResidentSetSize of job (KB)
...
006 (47437.065.000) 12/19 19:08:07 Image size of job updated: 348748
	160  -  MemoryUsage of job (MB)
	163200  -  ResidentSetSize of job (KB)
...
005 (47437.065.000) 12/19 19:08:07 Job terminated.
	(1) Normal termination (return value 0)
		Usr 0 00:00:18, Sys 0 00:00:00  -  Run Remote Usage
		Usr 0 00:00:00, Sys 0 00:00:00  -  Run Local Usage
		Usr 0 00:00:18, Sys 0 00:00:00  -  Total Remote Usage
		Usr 0 00:00:00, Sys 0 00:00:00  -  Total Local Usage
	555  -  Run Bytes Sent By Job
	10426  -  Run Bytes Received By Job
	555  -  Total Bytes Sent By Job
	10426  -  Total Bytes Received By Job
	Partitionable Resources :    Usage  Request Allocated 
	   Cpus                 :     0.72        1         1 
	   Disk (KB)            :    28     2048000   3709684 
	   Memory (MB)          :   160        2000      2000 
...
000 (339721.065.000) 01/29 15:58:18 Job submitted from host: <155.230.23.72:9618?addrs=155.230.23.72-9618&noUDP&sock=882541_4c40_3>
...
009 (339721.065.000) 01/29 16:01:54 Job was aborted by the user.
	via condor_rm (by user choij)
...
000 (339723.065.000) 01/29 16:03:11 Job submitted from host: <155.230.23.72:9618?addrs=155.230.23.72-9618&noUDP&sock=882541_4c40_3>
...
001 (339723.065.000) 01/29 16:13:58 Job executing on host: <155.230.21.42:9618?addrs=155.230.21.42-9618&noUDP&sock=2987_697a_3>
...
006 (339723.065.000) 01/29 16:14:06 Image size of job updated: 85124
	43  -  MemoryUsage of job (MB)
	43512  -  ResidentSetSize of job (KB)
...
006 (339723.065.000) 01/29 16:14:59 Image size of job updated: 558528
	43  -  MemoryUsage of job (MB)
	43512  -  ResidentSetSize of job (KB)
...
005 (339723.065.000) 01/29 16:15:00 Job terminated.
	(1) Normal termination (return value 0)
		Usr 0 00:00:35, Sys 0 00:00:03  -  Run Remote Usage
		Usr 0 00:00:00, Sys 0 00:00:00  -  Run Local Usage
		Usr 0 00:00:35, Sys 0 00:00:03  -  Total Remote Usage
		Usr 0 00:00:00, Sys 0 00:00:00  -  Total Local Usage
	733  -  Run Bytes Sent By Job
	10690  -  Run Bytes Received By Job
	733  -  Total Bytes Sent By Job
	10690  -  Total Bytes Received By Job
	Partitionable Resources :    Usage  Request Allocated 
	   Cpus                 :     0.78        1         1 
	   Disk (KB)            :    29     2048000   3669141 
	   Memory (MB)          :    43        2000      2000 
...
