000 (47437.444.000) 12/19 19:07:10 Job submitted from host: <155.230.20.251:9618?addrs=155.230.20.251-9618&noUDP&sock=930313_ea96_3>
...
001 (47437.444.000) 12/19 19:16:37 Job executing on host: <155.230.21.88:9618?addrs=155.230.21.88-9618&noUDP&sock=1537_d527_3>
...
006 (47437.444.000) 12/19 19:16:45 Image size of job updated: 315936
	235  -  MemoryUsage of job (MB)
	239704  -  ResidentSetSize of job (KB)
...
006 (47437.444.000) 12/19 19:17:00 Image size of job updated: 602500
	235  -  MemoryUsage of job (MB)
	239704  -  ResidentSetSize of job (KB)
...
005 (47437.444.000) 12/19 19:17:00 Job terminated.
	(1) Normal termination (return value 0)
		Usr 0 00:00:19, Sys 0 00:00:00  -  Run Remote Usage
		Usr 0 00:00:00, Sys 0 00:00:00  -  Run Local Usage
		Usr 0 00:00:19, Sys 0 00:00:00  -  Total Remote Usage
		Usr 0 00:00:00, Sys 0 00:00:00  -  Total Local Usage
	555  -  Run Bytes Sent By Job
	10426  -  Run Bytes Received By Job
	555  -  Total Bytes Sent By Job
	10426  -  Total Bytes Received By Job
	Partitionable Resources :    Usage  Request Allocated 
	   Cpus                 :        0        1         1 
	   Disk (KB)            :       28  2048000   3565393 
	   Memory (MB)          :      235     2000      2000 
...
000 (339721.444.000) 01/29 15:58:18 Job submitted from host: <155.230.23.72:9618?addrs=155.230.23.72-9618&noUDP&sock=882541_4c40_3>
...
009 (339721.444.000) 01/29 16:01:55 Job was aborted by the user.
	via condor_rm (by user choij)
...
000 (339723.444.000) 01/29 16:03:11 Job submitted from host: <155.230.23.72:9618?addrs=155.230.23.72-9618&noUDP&sock=882541_4c40_3>
...
001 (339723.444.000) 01/29 16:21:00 Job executing on host: <155.230.21.98:9618?addrs=155.230.21.98-9618&noUDP&sock=16526_0a37_47>
...
006 (339723.444.000) 01/29 16:21:08 Image size of job updated: 268716
	193  -  MemoryUsage of job (MB)
	196876  -  ResidentSetSize of job (KB)
...
006 (339723.444.000) 01/29 16:21:39 Image size of job updated: 1545072
	193  -  MemoryUsage of job (MB)
	196876  -  ResidentSetSize of job (KB)
...
005 (339723.444.000) 01/29 16:21:39 Job terminated.
	(1) Normal termination (return value 0)
		Usr 0 00:00:29, Sys 0 00:00:04  -  Run Remote Usage
		Usr 0 00:00:00, Sys 0 00:00:00  -  Run Local Usage
		Usr 0 00:00:29, Sys 0 00:00:04  -  Total Remote Usage
		Usr 0 00:00:00, Sys 0 00:00:00  -  Total Local Usage
	734  -  Run Bytes Sent By Job
	10690  -  Run Bytes Received By Job
	734  -  Total Bytes Sent By Job
	10690  -  Total Bytes Received By Job
	Partitionable Resources :    Usage  Request Allocated 
	   Cpus                 :     0.98        1         1 
	   Disk (KB)            :    29     2048000   3783431 
	   Memory (MB)          :   193        2000      2000 
...
