000 (47437.576.000) 12/19 19:07:10 Job submitted from host: <155.230.20.251:9618?addrs=155.230.20.251-9618&noUDP&sock=930313_ea96_3>
...
001 (47437.576.000) 12/19 19:18:29 Job executing on host: <155.230.21.81:9618?addrs=155.230.21.81-9618&noUDP&sock=1515_be12_3>
...
006 (47437.576.000) 12/19 19:18:37 Image size of job updated: 315320
	234  -  MemoryUsage of job (MB)
	239088  -  ResidentSetSize of job (KB)
...
006 (47437.576.000) 12/19 19:18:50 Image size of job updated: 343060
	234  -  MemoryUsage of job (MB)
	239088  -  ResidentSetSize of job (KB)
...
005 (47437.576.000) 12/19 19:18:50 Job terminated.
	(1) Normal termination (return value 0)
		Usr 0 00:00:19, Sys 0 00:00:00  -  Run Remote Usage
		Usr 0 00:00:00, Sys 0 00:00:00  -  Run Local Usage
		Usr 0 00:00:19, Sys 0 00:00:00  -  Total Remote Usage
		Usr 0 00:00:00, Sys 0 00:00:00  -  Total Local Usage
	555  -  Run Bytes Sent By Job
	10426  -  Run Bytes Received By Job
	555  -  Total Bytes Sent By Job
	10426  -  Total Bytes Received By Job
	Partitionable Resources :    Usage  Request Allocated 
	   Cpus                 :        0        1         1 
	   Disk (KB)            :       28  2048000   3711985 
	   Memory (MB)          :      234     2000      2000 
...
000 (339721.576.000) 01/29 15:58:19 Job submitted from host: <155.230.23.72:9618?addrs=155.230.23.72-9618&noUDP&sock=882541_4c40_3>
...
009 (339721.576.000) 01/29 16:01:56 Job was aborted by the user.
	via condor_rm (by user choij)
...
000 (339723.576.000) 01/29 16:03:11 Job submitted from host: <155.230.23.72:9618?addrs=155.230.23.72-9618&noUDP&sock=882541_4c40_3>
...
001 (339723.576.000) 01/29 16:22:40 Job executing on host: <155.230.21.105:9618?addrs=155.230.21.105-9618&noUDP&sock=23905_6b8e_47>
...
006 (339723.576.000) 01/29 16:22:48 Image size of job updated: 277124
	200  -  MemoryUsage of job (MB)
	204392  -  ResidentSetSize of job (KB)
...
006 (339723.576.000) 01/29 16:23:14 Image size of job updated: 311112
	200  -  MemoryUsage of job (MB)
	204436  -  ResidentSetSize of job (KB)
...
005 (339723.576.000) 01/29 16:23:14 Job terminated.
	(1) Normal termination (return value 0)
		Usr 0 00:00:25, Sys 0 00:00:04  -  Run Remote Usage
		Usr 0 00:00:00, Sys 0 00:00:00  -  Run Local Usage
		Usr 0 00:00:25, Sys 0 00:00:04  -  Total Remote Usage
		Usr 0 00:00:00, Sys 0 00:00:00  -  Total Local Usage
	734  -  Run Bytes Sent By Job
	10690  -  Run Bytes Received By Job
	734  -  Total Bytes Sent By Job
	10690  -  Total Bytes Received By Job
	Partitionable Resources :    Usage  Request Allocated 
	   Cpus                 :        0        1         1 
	   Disk (KB)            :       28  2048000   3782480 
	   Memory (MB)          :      200     2000      2000 
...
