000 (47437.434.000) 12/19 19:07:10 Job submitted from host: <155.230.20.251:9618?addrs=155.230.20.251-9618&noUDP&sock=930313_ea96_3>
...
001 (47437.434.000) 12/19 19:16:34 Job executing on host: <155.230.21.95:9618?addrs=155.230.21.95-9618+[--1]-9618&noUDP&sock=14962_4417_3>
...
006 (47437.434.000) 12/19 19:16:42 Image size of job updated: 246080
	175  -  MemoryUsage of job (MB)
	178292  -  ResidentSetSize of job (KB)
...
006 (47437.434.000) 12/19 19:17:09 Image size of job updated: 344724
	175  -  MemoryUsage of job (MB)
	178328  -  ResidentSetSize of job (KB)
...
005 (47437.434.000) 12/19 19:17:09 Job terminated.
	(1) Normal termination (return value 0)
		Usr 0 00:00:28, Sys 0 00:00:01  -  Run Remote Usage
		Usr 0 00:00:00, Sys 0 00:00:00  -  Run Local Usage
		Usr 0 00:00:28, Sys 0 00:00:01  -  Total Remote Usage
		Usr 0 00:00:00, Sys 0 00:00:00  -  Total Local Usage
	555  -  Run Bytes Sent By Job
	10426  -  Run Bytes Received By Job
	555  -  Total Bytes Sent By Job
	10426  -  Total Bytes Received By Job
	Partitionable Resources :    Usage  Request Allocated 
	   Cpus                 :                 1         1 
	   Disk (KB)            :       22  2048000  18549089 
	   Memory (MB)          :      175     2000      2000 
...
