000 (47437.045.000) 12/19 19:07:09 Job submitted from host: <155.230.20.251:9618?addrs=155.230.20.251-9618&noUDP&sock=930313_ea96_3>
...
001 (47437.045.000) 12/19 19:07:55 Job executing on host: <155.230.21.73:9618?addrs=155.230.21.73-9618&noUDP&sock=15554_5428_3>
...
006 (47437.045.000) 12/19 19:08:04 Image size of job updated: 4320
	4  -  MemoryUsage of job (MB)
	3836  -  ResidentSetSize of job (KB)
...
006 (47437.045.000) 12/19 19:13:04 Image size of job updated: 17632
	16  -  MemoryUsage of job (MB)
	15428  -  ResidentSetSize of job (KB)
...
006 (47437.045.000) 12/19 19:18:05 Image size of job updated: 46176
	40  -  MemoryUsage of job (MB)
	40256  -  ResidentSetSize of job (KB)
...
006 (47437.045.000) 12/19 19:23:06 Image size of job updated: 83724
	70  -  MemoryUsage of job (MB)
	70880  -  ResidentSetSize of job (KB)
...
006 (47437.045.000) 12/19 19:28:07 Image size of job updated: 274808
	253  -  MemoryUsage of job (MB)
	258524  -  ResidentSetSize of job (KB)
...
006 (47437.045.000) 12/19 19:29:05 Image size of job updated: 274808
	253  -  MemoryUsage of job (MB)
	258564  -  ResidentSetSize of job (KB)
...
005 (47437.045.000) 12/19 19:29:05 Job terminated.
	(1) Normal termination (return value 0)
		Usr 0 00:00:35, Sys 0 00:00:02  -  Run Remote Usage
		Usr 0 00:00:00, Sys 0 00:00:00  -  Run Local Usage
		Usr 0 00:00:35, Sys 0 00:00:02  -  Total Remote Usage
		Usr 0 00:00:00, Sys 0 00:00:00  -  Total Local Usage
	555  -  Run Bytes Sent By Job
	10426  -  Run Bytes Received By Job
	555  -  Total Bytes Sent By Job
	10426  -  Total Bytes Received By Job
	Partitionable Resources :    Usage  Request Allocated 
	   Cpus                 :     0.02        1         1 
	   Disk (KB)            :    28     2048000   3656096 
	   Memory (MB)          :   253        2000      2000 
...
