000 (47437.392.000) 12/19 19:07:10 Job submitted from host: <155.230.20.251:9618?addrs=155.230.20.251-9618&noUDP&sock=930313_ea96_3>
...
001 (47437.392.000) 12/19 19:15:35 Job executing on host: <155.230.21.96:9618?addrs=155.230.21.96-9618&noUDP&sock=24703_c822_3>
...
006 (47437.392.000) 12/19 19:15:43 Image size of job updated: 273868
	197  -  MemoryUsage of job (MB)
	201684  -  ResidentSetSize of job (KB)
...
006 (47437.392.000) 12/19 19:16:11 Image size of job updated: 346356
	197  -  MemoryUsage of job (MB)
	201684  -  ResidentSetSize of job (KB)
...
005 (47437.392.000) 12/19 19:16:11 Job terminated.
	(1) Normal termination (return value 0)
		Usr 0 00:00:28, Sys 0 00:00:01  -  Run Remote Usage
		Usr 0 00:00:00, Sys 0 00:00:00  -  Run Local Usage
		Usr 0 00:00:28, Sys 0 00:00:01  -  Total Remote Usage
		Usr 0 00:00:00, Sys 0 00:00:00  -  Total Local Usage
	555  -  Run Bytes Sent By Job
	10426  -  Run Bytes Received By Job
	555  -  Total Bytes Sent By Job
	10426  -  Total Bytes Received By Job
	Partitionable Resources :    Usage  Request Allocated 
	   Cpus                 :        0        1         1 
	   Disk (KB)            :       28  2048000   3533127 
	   Memory (MB)          :      197     2000      2000 
...
000 (339721.392.000) 01/29 15:58:18 Job submitted from host: <155.230.23.72:9618?addrs=155.230.23.72-9618&noUDP&sock=882541_4c40_3>
...
009 (339721.392.000) 01/29 16:01:55 Job was aborted by the user.
	via condor_rm (by user choij)
...
000 (339723.392.000) 01/29 16:03:11 Job submitted from host: <155.230.23.72:9618?addrs=155.230.23.72-9618&noUDP&sock=882541_4c40_3>
...
001 (339723.392.000) 01/29 16:20:02 Job executing on host: <155.230.21.99:9618?addrs=155.230.21.99-9618+[2407-c000-c024-0-e2cb-4eff-fe53-cf0f]-9618&noUDP&sock=8708_8acc_3>
...
006 (339723.392.000) 01/29 16:20:11 Image size of job updated: 276624
	199  -  MemoryUsage of job (MB)
	203360  -  ResidentSetSize of job (KB)
...
006 (339723.392.000) 01/29 16:20:43 Image size of job updated: 313732
	199  -  MemoryUsage of job (MB)
	203380  -  ResidentSetSize of job (KB)
...
005 (339723.392.000) 01/29 16:20:43 Job terminated.
	(1) Normal termination (return value 0)
		Usr 0 00:00:30, Sys 0 00:00:05  -  Run Remote Usage
		Usr 0 00:00:00, Sys 0 00:00:00  -  Run Local Usage
		Usr 0 00:00:30, Sys 0 00:00:05  -  Total Remote Usage
		Usr 0 00:00:00, Sys 0 00:00:00  -  Total Local Usage
	734  -  Run Bytes Sent By Job
	10690  -  Run Bytes Received By Job
	734  -  Total Bytes Sent By Job
	10690  -  Total Bytes Received By Job
	Partitionable Resources :    Usage  Request Allocated 
	   Cpus                 :     1.00        1         1 
	   Disk (KB)            :    29     2048000   3786677 
	   Memory (MB)          :   199        2000      2000 
...
