000 (47437.597.000) 12/19 19:07:10 Job submitted from host: <155.230.20.251:9618?addrs=155.230.20.251-9618&noUDP&sock=930313_ea96_3>
...
001 (47437.597.000) 12/19 19:18:37 Job executing on host: <155.230.21.126:9618?addrs=155.230.21.126-9618&noUDP&sock=27949_448d_3>
...
006 (47437.597.000) 12/19 19:18:45 Image size of job updated: 315352
	234  -  MemoryUsage of job (MB)
	239116  -  ResidentSetSize of job (KB)
...
006 (47437.597.000) 12/19 19:19:00 Image size of job updated: 349148
	234  -  MemoryUsage of job (MB)
	239116  -  ResidentSetSize of job (KB)
...
005 (47437.597.000) 12/19 19:19:01 Job terminated.
	(1) Normal termination (return value 0)
		Usr 0 00:00:21, Sys 0 00:00:00  -  Run Remote Usage
		Usr 0 00:00:00, Sys 0 00:00:00  -  Run Local Usage
		Usr 0 00:00:21, Sys 0 00:00:00  -  Total Remote Usage
		Usr 0 00:00:00, Sys 0 00:00:00  -  Total Local Usage
	555  -  Run Bytes Sent By Job
	10426  -  Run Bytes Received By Job
	555  -  Total Bytes Sent By Job
	10426  -  Total Bytes Received By Job
	Partitionable Resources :    Usage  Request Allocated 
	   Cpus                 :        0        1         1 
	   Disk (KB)            :       28  2048000   3652507 
	   Memory (MB)          :      234     2000      2000 
...
000 (339721.597.000) 01/29 15:58:19 Job submitted from host: <155.230.23.72:9618?addrs=155.230.23.72-9618&noUDP&sock=882541_4c40_3>
...
009 (339721.597.000) 01/29 16:01:56 Job was aborted by the user.
	via condor_rm (by user choij)
...
000 (339723.597.000) 01/29 16:03:11 Job submitted from host: <155.230.23.72:9618?addrs=155.230.23.72-9618&noUDP&sock=882541_4c40_3>
...
001 (339723.597.000) 01/29 16:23:28 Job executing on host: <155.230.21.74:9618?addrs=155.230.21.74-9618&noUDP&sock=27134_3edd_3>
...
006 (339723.597.000) 01/29 16:23:37 Image size of job updated: 46924
	18  -  MemoryUsage of job (MB)
	17860  -  ResidentSetSize of job (KB)
...
006 (339723.597.000) 01/29 16:25:24 Image size of job updated: 46924
	18  -  MemoryUsage of job (MB)
	17864  -  ResidentSetSize of job (KB)
...
005 (339723.597.000) 01/29 16:25:24 Job terminated.
	(1) Normal termination (return value 0)
		Usr 0 00:00:36, Sys 0 00:00:06  -  Run Remote Usage
		Usr 0 00:00:00, Sys 0 00:00:00  -  Run Local Usage
		Usr 0 00:00:36, Sys 0 00:00:06  -  Total Remote Usage
		Usr 0 00:00:00, Sys 0 00:00:00  -  Total Local Usage
	734  -  Run Bytes Sent By Job
	10690  -  Run Bytes Received By Job
	734  -  Total Bytes Sent By Job
	10690  -  Total Bytes Received By Job
	Partitionable Resources :    Usage  Request Allocated 
	   Cpus                 :     0.46        1         1 
	   Disk (KB)            :    29     2048000   3665303 
	   Memory (MB)          :    18        2000      2000 
...
