000 (47437.539.000) 12/19 19:07:10 Job submitted from host: <155.230.20.251:9618?addrs=155.230.20.251-9618&noUDP&sock=930313_ea96_3>
...
001 (47437.539.000) 12/19 19:18:02 Job executing on host: <155.230.21.110:9618?addrs=155.230.21.110-9618&noUDP&sock=15413_9d4e_3>
...
006 (47437.539.000) 12/19 19:18:11 Image size of job updated: 177256
	113  -  MemoryUsage of job (MB)
	114860  -  ResidentSetSize of job (KB)
...
006 (47437.539.000) 12/19 19:18:34 Image size of job updated: 177256
	113  -  MemoryUsage of job (MB)
	114928  -  ResidentSetSize of job (KB)
...
005 (47437.539.000) 12/19 19:18:34 Job terminated.
	(1) Normal termination (return value 0)
		Usr 0 00:00:22, Sys 0 00:00:01  -  Run Remote Usage
		Usr 0 00:00:00, Sys 0 00:00:00  -  Run Local Usage
		Usr 0 00:00:22, Sys 0 00:00:01  -  Total Remote Usage
		Usr 0 00:00:00, Sys 0 00:00:00  -  Total Local Usage
	555  -  Run Bytes Sent By Job
	10426  -  Run Bytes Received By Job
	555  -  Total Bytes Sent By Job
	10426  -  Total Bytes Received By Job
	Partitionable Resources :    Usage  Request Allocated 
	   Cpus                 :     0.66        1         1 
	   Disk (KB)            :    28     2048000   3709593 
	   Memory (MB)          :   113        2000      2000 
...
000 (339721.539.000) 01/29 15:58:18 Job submitted from host: <155.230.23.72:9618?addrs=155.230.23.72-9618&noUDP&sock=882541_4c40_3>
...
009 (339721.539.000) 01/29 16:01:55 Job was aborted by the user.
	via condor_rm (by user choij)
...
000 (339723.539.000) 01/29 16:03:11 Job submitted from host: <155.230.23.72:9618?addrs=155.230.23.72-9618&noUDP&sock=882541_4c40_3>
...
001 (339723.539.000) 01/29 16:22:27 Job executing on host: <155.230.21.42:9618?addrs=155.230.21.42-9618&noUDP&sock=2987_697a_3>
...
006 (339723.539.000) 01/29 16:22:36 Image size of job updated: 52472
	27  -  MemoryUsage of job (MB)
	27476  -  ResidentSetSize of job (KB)
...
006 (339723.539.000) 01/29 16:24:39 Image size of job updated: 52472
	27  -  MemoryUsage of job (MB)
	27480  -  ResidentSetSize of job (KB)
...
005 (339723.539.000) 01/29 16:24:39 Job terminated.
	(1) Normal termination (return value 0)
		Usr 0 00:00:36, Sys 0 00:00:07  -  Run Remote Usage
		Usr 0 00:00:00, Sys 0 00:00:00  -  Run Local Usage
		Usr 0 00:00:36, Sys 0 00:00:07  -  Total Remote Usage
		Usr 0 00:00:00, Sys 0 00:00:00  -  Total Local Usage
	734  -  Run Bytes Sent By Job
	10690  -  Run Bytes Received By Job
	734  -  Total Bytes Sent By Job
	10690  -  Total Bytes Received By Job
	Partitionable Resources :    Usage  Request Allocated 
	   Cpus                 :     0.07        1         1 
	   Disk (KB)            :    29     2048000   3669141 
	   Memory (MB)          :    27        2000      2000 
...
