000 (47437.312.000) 12/19 19:07:10 Job submitted from host: <155.230.20.251:9618?addrs=155.230.20.251-9618&noUDP&sock=930313_ea96_3>
...
001 (47437.312.000) 12/19 19:13:38 Job executing on host: <155.230.21.108:9618?addrs=155.230.21.108-9618&noUDP&sock=779_e85d_3>
...
006 (47437.312.000) 12/19 19:13:46 Image size of job updated: 207816
	138  -  MemoryUsage of job (MB)
	140776  -  ResidentSetSize of job (KB)
...
006 (47437.312.000) 12/19 19:14:07 Image size of job updated: 346544
	138  -  MemoryUsage of job (MB)
	140824  -  ResidentSetSize of job (KB)
...
005 (47437.312.000) 12/19 19:14:07 Job terminated.
	(1) Normal termination (return value 0)
		Usr 0 00:00:22, Sys 0 00:00:01  -  Run Remote Usage
		Usr 0 00:00:00, Sys 0 00:00:00  -  Run Local Usage
		Usr 0 00:00:22, Sys 0 00:00:01  -  Total Remote Usage
		Usr 0 00:00:00, Sys 0 00:00:00  -  Total Local Usage
	555  -  Run Bytes Sent By Job
	10426  -  Run Bytes Received By Job
	555  -  Total Bytes Sent By Job
	10426  -  Total Bytes Received By Job
	Partitionable Resources :    Usage  Request Allocated 
	   Cpus                 :        0        1         1 
	   Disk (KB)            :       28  2048000   3664171 
	   Memory (MB)          :      138     2000      2000 
...
