000 (47437.563.000) 12/19 19:07:10 Job submitted from host: <155.230.20.251:9618?addrs=155.230.20.251-9618&noUDP&sock=930313_ea96_3>
...
001 (47437.563.000) 12/19 19:18:24 Job executing on host: <155.230.21.98:9618?addrs=155.230.21.98-9618&noUDP&sock=16526_0a37_3>
...
006 (47437.563.000) 12/19 19:18:33 Image size of job updated: 29192
	14  -  MemoryUsage of job (MB)
	13808  -  ResidentSetSize of job (KB)
...
006 (47437.563.000) 12/19 19:19:18 Image size of job updated: 325232
	14  -  MemoryUsage of job (MB)
	13808  -  ResidentSetSize of job (KB)
...
005 (47437.563.000) 12/19 19:19:18 Job terminated.
	(1) Normal termination (return value 0)
		Usr 0 00:00:28, Sys 0 00:00:01  -  Run Remote Usage
		Usr 0 00:00:00, Sys 0 00:00:00  -  Run Local Usage
		Usr 0 00:00:28, Sys 0 00:00:01  -  Total Remote Usage
		Usr 0 00:00:00, Sys 0 00:00:00  -  Total Local Usage
	555  -  Run Bytes Sent By Job
	10426  -  Run Bytes Received By Job
	555  -  Total Bytes Sent By Job
	10426  -  Total Bytes Received By Job
	Partitionable Resources :    Usage  Request Allocated 
	   Cpus                 :     0.03        1         1 
	   Disk (KB)            :    28     2048000   3676021 
	   Memory (MB)          :    14        2000      2000 
...
000 (339721.563.000) 01/29 15:58:19 Job submitted from host: <155.230.23.72:9618?addrs=155.230.23.72-9618&noUDP&sock=882541_4c40_3>
...
009 (339721.563.000) 01/29 16:01:55 Job was aborted by the user.
	via condor_rm (by user choij)
...
000 (339723.563.000) 01/29 16:03:11 Job submitted from host: <155.230.23.72:9618?addrs=155.230.23.72-9618&noUDP&sock=882541_4c40_3>
...
001 (339723.563.000) 01/29 16:22:36 Job executing on host: <155.230.21.109:9618?addrs=155.230.21.109-9618&noUDP&sock=26104_c051_50>
...
006 (339723.563.000) 01/29 16:22:44 Image size of job updated: 287924
	211  -  MemoryUsage of job (MB)
	215192  -  ResidentSetSize of job (KB)
...
006 (339723.563.000) 01/29 16:23:10 Image size of job updated: 312800
	211  -  MemoryUsage of job (MB)
	215208  -  ResidentSetSize of job (KB)
...
005 (339723.563.000) 01/29 16:23:10 Job terminated.
	(1) Normal termination (return value 0)
		Usr 0 00:00:24, Sys 0 00:00:04  -  Run Remote Usage
		Usr 0 00:00:00, Sys 0 00:00:00  -  Run Local Usage
		Usr 0 00:00:24, Sys 0 00:00:04  -  Total Remote Usage
		Usr 0 00:00:00, Sys 0 00:00:00  -  Total Local Usage
	734  -  Run Bytes Sent By Job
	10690  -  Run Bytes Received By Job
	734  -  Total Bytes Sent By Job
	10690  -  Total Bytes Received By Job
	Partitionable Resources :    Usage  Request Allocated 
	   Cpus                 :        0        1         1 
	   Disk (KB)            :       28  2048000   3842254 
	   Memory (MB)          :      211     2000      2000 
...
