000 (47437.482.000) 12/19 19:07:10 Job submitted from host: <155.230.20.251:9618?addrs=155.230.20.251-9618&noUDP&sock=930313_ea96_3>
...
001 (47437.482.000) 12/19 19:17:39 Job executing on host: <155.230.21.94:9618?addrs=155.230.21.94-9618&noUDP&sock=10639_0c2d_3>
...
006 (47437.482.000) 12/19 19:17:47 Image size of job updated: 312584
	231  -  MemoryUsage of job (MB)
	236352  -  ResidentSetSize of job (KB)
...
006 (47437.482.000) 12/19 19:18:00 Image size of job updated: 602380
	231  -  MemoryUsage of job (MB)
	236352  -  ResidentSetSize of job (KB)
...
005 (47437.482.000) 12/19 19:18:00 Job terminated.
	(1) Normal termination (return value 0)
		Usr 0 00:00:19, Sys 0 00:00:00  -  Run Remote Usage
		Usr 0 00:00:00, Sys 0 00:00:00  -  Run Local Usage
		Usr 0 00:00:19, Sys 0 00:00:00  -  Total Remote Usage
		Usr 0 00:00:00, Sys 0 00:00:00  -  Total Local Usage
	555  -  Run Bytes Sent By Job
	10426  -  Run Bytes Received By Job
	555  -  Total Bytes Sent By Job
	10426  -  Total Bytes Received By Job
	Partitionable Resources :    Usage  Request Allocated 
	   Cpus                 :     0.80        1         1 
	   Disk (KB)            :    28     2048000   3709486 
	   Memory (MB)          :   231        2000      2000 
...
