000 (47436.007.000) 12/19 19:02:26 Job submitted from host: <155.230.20.251:9618?addrs=155.230.20.251-9618&noUDP&sock=930313_ea96_3>
...
001 (47436.007.000) 12/19 19:02:31 Job executing on host: <155.230.21.99:9618?addrs=155.230.21.99-9618&noUDP&sock=12118_84bf_3>
...
006 (47436.007.000) 12/19 19:02:40 Image size of job updated: 78628
	38  -  MemoryUsage of job (MB)
	38660  -  ResidentSetSize of job (KB)
...
006 (47436.007.000) 12/19 19:03:12 Image size of job updated: 595964
	38  -  MemoryUsage of job (MB)
	38904  -  ResidentSetSize of job (KB)
...
005 (47436.007.000) 12/19 19:03:12 Job terminated.
	(1) Normal termination (return value 0)
		Usr 0 00:00:28, Sys 0 00:00:01  -  Run Remote Usage
		Usr 0 00:00:00, Sys 0 00:00:00  -  Run Local Usage
		Usr 0 00:00:28, Sys 0 00:00:01  -  Total Remote Usage
		Usr 0 00:00:00, Sys 0 00:00:00  -  Total Local Usage
	555  -  Run Bytes Sent By Job
	10426  -  Run Bytes Received By Job
	555  -  Total Bytes Sent By Job
	10426  -  Total Bytes Received By Job
	Partitionable Resources :    Usage  Request Allocated 
	   Cpus                 :     0.03        1         1 
	   Disk (KB)            :    28     2048000   3707744 
	   Memory (MB)          :    38        2000      2000 
...
000 (47437.007.000) 12/19 19:07:09 Job submitted from host: <155.230.20.251:9618?addrs=155.230.20.251-9618&noUDP&sock=930313_ea96_3>
...
001 (47437.007.000) 12/19 19:07:13 Job executing on host: <155.230.21.96:9618?addrs=155.230.21.96-9618&noUDP&sock=24703_c822_3>
...
006 (47437.007.000) 12/19 19:07:22 Image size of job updated: 85108
	56  -  MemoryUsage of job (MB)
	56400  -  ResidentSetSize of job (KB)
...
006 (47437.007.000) 12/19 19:08:06 Image size of job updated: 85108
	56  -  MemoryUsage of job (MB)
	56476  -  ResidentSetSize of job (KB)
...
005 (47437.007.000) 12/19 19:08:06 Job terminated.
	(1) Normal termination (return value 0)
		Usr 0 00:00:28, Sys 0 00:00:01  -  Run Remote Usage
		Usr 0 00:00:00, Sys 0 00:00:00  -  Run Local Usage
		Usr 0 00:00:28, Sys 0 00:00:01  -  Total Remote Usage
		Usr 0 00:00:00, Sys 0 00:00:00  -  Total Local Usage
	555  -  Run Bytes Sent By Job
	10426  -  Run Bytes Received By Job
	555  -  Total Bytes Sent By Job
	10426  -  Total Bytes Received By Job
	Partitionable Resources :    Usage  Request Allocated 
	   Cpus                 :     0.28        1         1 
	   Disk (KB)            :    28     2048000   3533127 
	   Memory (MB)          :    56        2000      2000 
...
000 (339721.007.000) 01/29 15:58:18 Job submitted from host: <155.230.23.72:9618?addrs=155.230.23.72-9618&noUDP&sock=882541_4c40_3>
...
009 (339721.007.000) 01/29 16:01:54 Job was aborted by the user.
	via condor_rm (by user choij)
...
000 (339723.007.000) 01/29 16:03:11 Job submitted from host: <155.230.23.72:9618?addrs=155.230.23.72-9618&noUDP&sock=882541_4c40_3>
...
001 (339723.007.000) 01/29 16:12:57 Job executing on host: <155.230.21.72:9618?addrs=155.230.21.72-9618&noUDP&sock=23623_fdd9_3>
...
006 (339723.007.000) 01/29 16:13:05 Image size of job updated: 5228
	4  -  MemoryUsage of job (MB)
	3964  -  ResidentSetSize of job (KB)
...
006 (339723.007.000) 01/29 16:17:01 Image size of job updated: 234244
	4  -  MemoryUsage of job (MB)
	3964  -  ResidentSetSize of job (KB)
...
005 (339723.007.000) 01/29 16:17:01 Job terminated.
	(1) Normal termination (return value 0)
		Usr 0 00:00:38, Sys 0 00:00:07  -  Run Remote Usage
		Usr 0 00:00:00, Sys 0 00:00:00  -  Run Local Usage
		Usr 0 00:00:38, Sys 0 00:00:07  -  Total Remote Usage
		Usr 0 00:00:00, Sys 0 00:00:00  -  Total Local Usage
	732  -  Run Bytes Sent By Job
	10690  -  Run Bytes Received By Job
	732  -  Total Bytes Sent By Job
	10690  -  Total Bytes Received By Job
	Partitionable Resources :    Usage  Request Allocated 
	   Cpus                 :     0.06        1         1 
	   Disk (KB)            :    29     2048000   3695198 
	   Memory (MB)          :     4        2000      2000 
...
