000 (47437.588.000) 12/19 19:07:10 Job submitted from host: <155.230.20.251:9618?addrs=155.230.20.251-9618&noUDP&sock=930313_ea96_3>
...
001 (47437.588.000) 12/19 19:18:34 Job executing on host: <155.230.21.107:9618?addrs=155.230.21.107-9618&noUDP&sock=27177_bd70_3>
...
006 (47437.588.000) 12/19 19:18:42 Image size of job updated: 314416
	233  -  MemoryUsage of job (MB)
	238184  -  ResidentSetSize of job (KB)
...
006 (47437.588.000) 12/19 19:18:57 Image size of job updated: 355160
	233  -  MemoryUsage of job (MB)
	238184  -  ResidentSetSize of job (KB)
...
005 (47437.588.000) 12/19 19:18:57 Job terminated.
	(1) Normal termination (return value 0)
		Usr 0 00:00:21, Sys 0 00:00:00  -  Run Remote Usage
		Usr 0 00:00:00, Sys 0 00:00:00  -  Run Local Usage
		Usr 0 00:00:21, Sys 0 00:00:00  -  Total Remote Usage
		Usr 0 00:00:00, Sys 0 00:00:00  -  Total Local Usage
	555  -  Run Bytes Sent By Job
	10426  -  Run Bytes Received By Job
	555  -  Total Bytes Sent By Job
	10426  -  Total Bytes Received By Job
	Partitionable Resources :    Usage  Request Allocated 
	   Cpus                 :     0.92        1         1 
	   Disk (KB)            :    28     2048000   3710161 
	   Memory (MB)          :   233        2000      2000 
...
000 (339721.588.000) 01/29 15:58:19 Job submitted from host: <155.230.23.72:9618?addrs=155.230.23.72-9618&noUDP&sock=882541_4c40_3>
...
009 (339721.588.000) 01/29 16:01:56 Job was aborted by the user.
	via condor_rm (by user choij)
...
000 (339723.588.000) 01/29 16:03:11 Job submitted from host: <155.230.23.72:9618?addrs=155.230.23.72-9618&noUDP&sock=882541_4c40_3>
...
001 (339723.588.000) 01/29 16:22:45 Job executing on host: <155.230.21.126:9618?addrs=155.230.21.126-9618+[2407-c000-c024-0-6e92-bfff-fe34-147e]-9618&noUDP&sock=1918_2abc_3>
...
006 (339723.588.000) 01/29 16:22:54 Image size of job updated: 314588
	233  -  MemoryUsage of job (MB)
	238056  -  ResidentSetSize of job (KB)
...
006 (339723.588.000) 01/29 16:23:16 Image size of job updated: 314760
	233  -  MemoryUsage of job (MB)
	238056  -  ResidentSetSize of job (KB)
...
005 (339723.588.000) 01/29 16:23:16 Job terminated.
	(1) Normal termination (return value 0)
		Usr 0 00:00:23, Sys 0 00:00:03  -  Run Remote Usage
		Usr 0 00:00:00, Sys 0 00:00:00  -  Run Local Usage
		Usr 0 00:00:23, Sys 0 00:00:03  -  Total Remote Usage
		Usr 0 00:00:00, Sys 0 00:00:00  -  Total Local Usage
	734  -  Run Bytes Sent By Job
	10690  -  Run Bytes Received By Job
	734  -  Total Bytes Sent By Job
	10690  -  Total Bytes Received By Job
	Partitionable Resources :    Usage  Request Allocated 
	   Cpus                 :        0        1         1 
	   Disk (KB)            :       29  2048000   3797317 
	   Memory (MB)          :      233     2000      2000 
...
