000 (47437.454.000) 12/19 19:07:10 Job submitted from host: <155.230.20.251:9618?addrs=155.230.20.251-9618&noUDP&sock=930313_ea96_3>
...
001 (47437.454.000) 12/19 19:16:40 Job executing on host: <155.230.21.111:9618?addrs=155.230.21.111-9618&noUDP&sock=14468_6c4e_3>
...
006 (47437.454.000) 12/19 19:16:48 Image size of job updated: 315376
	234  -  MemoryUsage of job (MB)
	239144  -  ResidentSetSize of job (KB)
...
006 (47437.454.000) 12/19 19:17:04 Image size of job updated: 348824
	234  -  MemoryUsage of job (MB)
	239144  -  ResidentSetSize of job (KB)
...
005 (47437.454.000) 12/19 19:17:04 Job terminated.
	(1) Normal termination (return value 0)
		Usr 0 00:00:22, Sys 0 00:00:01  -  Run Remote Usage
		Usr 0 00:00:00, Sys 0 00:00:00  -  Run Local Usage
		Usr 0 00:00:22, Sys 0 00:00:01  -  Total Remote Usage
		Usr 0 00:00:00, Sys 0 00:00:00  -  Total Local Usage
	555  -  Run Bytes Sent By Job
	10426  -  Run Bytes Received By Job
	555  -  Total Bytes Sent By Job
	10426  -  Total Bytes Received By Job
	Partitionable Resources :    Usage  Request Allocated 
	   Cpus                 :     0.03        1         1 
	   Disk (KB)            :    28     2048000   3709606 
	   Memory (MB)          :   234        2000      2000 
...
000 (339721.454.000) 01/29 15:58:18 Job submitted from host: <155.230.23.72:9618?addrs=155.230.23.72-9618&noUDP&sock=882541_4c40_3>
...
009 (339721.454.000) 01/29 16:01:55 Job was aborted by the user.
	via condor_rm (by user choij)
...
000 (339723.454.000) 01/29 16:03:11 Job submitted from host: <155.230.23.72:9618?addrs=155.230.23.72-9618&noUDP&sock=882541_4c40_3>
...
001 (339723.454.000) 01/29 16:21:04 Job executing on host: <155.230.21.111:9618?addrs=155.230.21.111-9618&noUDP&sock=14468_6c4e_47>
...
006 (339723.454.000) 01/29 16:21:13 Image size of job updated: 314928
	233  -  MemoryUsage of job (MB)
	238400  -  ResidentSetSize of job (KB)
...
006 (339723.454.000) 01/29 16:21:35 Image size of job updated: 1545704
	233  -  MemoryUsage of job (MB)
	238400  -  ResidentSetSize of job (KB)
...
005 (339723.454.000) 01/29 16:21:35 Job terminated.
	(1) Normal termination (return value 0)
		Usr 0 00:00:24, Sys 0 00:00:04  -  Run Remote Usage
		Usr 0 00:00:00, Sys 0 00:00:00  -  Run Local Usage
		Usr 0 00:00:24, Sys 0 00:00:04  -  Total Remote Usage
		Usr 0 00:00:00, Sys 0 00:00:00  -  Total Local Usage
	734  -  Run Bytes Sent By Job
	10690  -  Run Bytes Received By Job
	734  -  Total Bytes Sent By Job
	10690  -  Total Bytes Received By Job
	Partitionable Resources :    Usage  Request Allocated 
	   Cpus                 :     1.31        1         1 
	   Disk (KB)            :    29     2048000   3784693 
	   Memory (MB)          :   233        2000      2000 
...
