000 (47437.568.000) 12/19 19:07:10 Job submitted from host: <155.230.20.251:9618?addrs=155.230.20.251-9618&noUDP&sock=930313_ea96_3>
...
001 (47437.568.000) 12/19 19:18:26 Job executing on host: <155.230.21.109:9618?addrs=155.230.21.109-9618&noUDP&sock=26104_c051_3>
...
006 (47437.568.000) 12/19 19:18:34 Image size of job updated: 277408
	201  -  MemoryUsage of job (MB)
	205088  -  ResidentSetSize of job (KB)
...
006 (47437.568.000) 12/19 19:18:52 Image size of job updated: 343976
	201  -  MemoryUsage of job (MB)
	205088  -  ResidentSetSize of job (KB)
...
005 (47437.568.000) 12/19 19:18:52 Job terminated.
	(1) Normal termination (return value 0)
		Usr 0 00:00:22, Sys 0 00:00:01  -  Run Remote Usage
		Usr 0 00:00:00, Sys 0 00:00:00  -  Run Local Usage
		Usr 0 00:00:22, Sys 0 00:00:01  -  Total Remote Usage
		Usr 0 00:00:00, Sys 0 00:00:00  -  Total Local Usage
	555  -  Run Bytes Sent By Job
	10426  -  Run Bytes Received By Job
	555  -  Total Bytes Sent By Job
	10426  -  Total Bytes Received By Job
	Partitionable Resources :    Usage  Request Allocated 
	   Cpus                 :     0.02        1         1 
	   Disk (KB)            :    28     2048000   3710353 
	   Memory (MB)          :   201        2000      2000 
...
000 (339721.568.000) 01/29 15:58:19 Job submitted from host: <155.230.23.72:9618?addrs=155.230.23.72-9618&noUDP&sock=882541_4c40_3>
...
009 (339721.568.000) 01/29 16:01:55 Job was aborted by the user.
	via condor_rm (by user choij)
...
000 (339723.568.000) 01/29 16:03:11 Job submitted from host: <155.230.23.72:9618?addrs=155.230.23.72-9618&noUDP&sock=882541_4c40_3>
...
001 (339723.568.000) 01/29 16:22:38 Job executing on host: <155.230.21.87:9618?addrs=155.230.21.87-9618&noUDP&sock=1550_bfe2_36>
...
006 (339723.568.000) 01/29 16:22:46 Image size of job updated: 159128
	95  -  MemoryUsage of job (MB)
	97088  -  ResidentSetSize of job (KB)
...
006 (339723.568.000) 01/29 16:23:18 Image size of job updated: 319960
	95  -  MemoryUsage of job (MB)
	97088  -  ResidentSetSize of job (KB)
...
005 (339723.568.000) 01/29 16:23:18 Job terminated.
	(1) Normal termination (return value 0)
		Usr 0 00:00:20, Sys 0 00:00:04  -  Run Remote Usage
		Usr 0 00:00:00, Sys 0 00:00:00  -  Run Local Usage
		Usr 0 00:00:20, Sys 0 00:00:04  -  Total Remote Usage
		Usr 0 00:00:00, Sys 0 00:00:00  -  Total Local Usage
	734  -  Run Bytes Sent By Job
	10690  -  Run Bytes Received By Job
	734  -  Total Bytes Sent By Job
	10690  -  Total Bytes Received By Job
	Partitionable Resources :    Usage  Request Allocated 
	   Cpus                 :        0        1         1 
	   Disk (KB)            :       28  2048000   3787234 
	   Memory (MB)          :       95     2000      2000 
...
