000 (47437.073.000) 12/19 19:07:10 Job submitted from host: <155.230.20.251:9618?addrs=155.230.20.251-9618&noUDP&sock=930313_ea96_3>
...
001 (47437.073.000) 12/19 19:07:45 Job executing on host: <155.230.21.120:9618?addrs=155.230.21.120-9618&noUDP&sock=13477_adf4_3>
...
006 (47437.073.000) 12/19 19:07:53 Image size of job updated: 286896
	209  -  MemoryUsage of job (MB)
	213608  -  ResidentSetSize of job (KB)
...
006 (47437.073.000) 12/19 19:08:13 Image size of job updated: 602428
	209  -  MemoryUsage of job (MB)
	213608  -  ResidentSetSize of job (KB)
...
005 (47437.073.000) 12/19 19:08:13 Job terminated.
	(1) Normal termination (return value 0)
		Usr 0 00:00:26, Sys 0 00:00:01  -  Run Remote Usage
		Usr 0 00:00:00, Sys 0 00:00:00  -  Run Local Usage
		Usr 0 00:00:26, Sys 0 00:00:01  -  Total Remote Usage
		Usr 0 00:00:00, Sys 0 00:00:00  -  Total Local Usage
	555  -  Run Bytes Sent By Job
	10426  -  Run Bytes Received By Job
	555  -  Total Bytes Sent By Job
	10426  -  Total Bytes Received By Job
	Partitionable Resources :    Usage  Request Allocated 
	   Cpus                 :        0        1         1 
	   Disk (KB)            :       28  2048000   3663831 
	   Memory (MB)          :      209     2000      2000 
...
000 (339721.073.000) 01/29 15:58:18 Job submitted from host: <155.230.23.72:9618?addrs=155.230.23.72-9618&noUDP&sock=882541_4c40_3>
...
009 (339721.073.000) 01/29 16:01:54 Job was aborted by the user.
	via condor_rm (by user choij)
...
000 (339723.073.000) 01/29 16:03:11 Job submitted from host: <155.230.23.72:9618?addrs=155.230.23.72-9618&noUDP&sock=882541_4c40_3>
...
001 (339723.073.000) 01/29 16:14:15 Job executing on host: <155.230.21.100:9618?addrs=155.230.21.100-9618&noUDP&sock=9525_efac_48>
...
006 (339723.073.000) 01/29 16:14:24 Image size of job updated: 225772
	155  -  MemoryUsage of job (MB)
	158228  -  ResidentSetSize of job (KB)
...
006 (339723.073.000) 01/29 16:15:01 Image size of job updated: 1546116
	155  -  MemoryUsage of job (MB)
	158228  -  ResidentSetSize of job (KB)
...
005 (339723.073.000) 01/29 16:15:01 Job terminated.
	(1) Normal termination (return value 0)
		Usr 0 00:00:30, Sys 0 00:00:05  -  Run Remote Usage
		Usr 0 00:00:00, Sys 0 00:00:00  -  Run Local Usage
		Usr 0 00:00:30, Sys 0 00:00:05  -  Total Remote Usage
		Usr 0 00:00:00, Sys 0 00:00:00  -  Total Local Usage
	733  -  Run Bytes Sent By Job
	10690  -  Run Bytes Received By Job
	733  -  Total Bytes Sent By Job
	10690  -  Total Bytes Received By Job
	Partitionable Resources :    Usage  Request Allocated 
	   Cpus                 :     0.98        1         1 
	   Disk (KB)            :    29     2048000   3785181 
	   Memory (MB)          :   155        2000      2000 
...
