000 (47437.160.000) 12/19 19:07:10 Job submitted from host: <155.230.20.251:9618?addrs=155.230.20.251-9618&noUDP&sock=930313_ea96_3>
...
001 (47437.160.000) 12/19 19:09:44 Job executing on host: <155.230.21.119:9618?addrs=155.230.21.119-9618&noUDP&sock=7399_ad53_3>
...
006 (47437.160.000) 12/19 19:09:53 Image size of job updated: 299188
	218  -  MemoryUsage of job (MB)
	223048  -  ResidentSetSize of job (KB)
...
006 (47437.160.000) 12/19 19:10:12 Image size of job updated: 349132
	218  -  MemoryUsage of job (MB)
	223048  -  ResidentSetSize of job (KB)
...
005 (47437.160.000) 12/19 19:10:12 Job terminated.
	(1) Normal termination (return value 0)
		Usr 0 00:00:26, Sys 0 00:00:01  -  Run Remote Usage
		Usr 0 00:00:00, Sys 0 00:00:00  -  Run Local Usage
		Usr 0 00:00:26, Sys 0 00:00:01  -  Total Remote Usage
		Usr 0 00:00:00, Sys 0 00:00:00  -  Total Local Usage
	555  -  Run Bytes Sent By Job
	10426  -  Run Bytes Received By Job
	555  -  Total Bytes Sent By Job
	10426  -  Total Bytes Received By Job
	Partitionable Resources :    Usage  Request Allocated 
	   Cpus                 :        0        1         1 
	   Disk (KB)            :       28  2048000   3709467 
	   Memory (MB)          :      218     2000      2000 
...
000 (339721.160.000) 01/29 15:58:18 Job submitted from host: <155.230.23.72:9618?addrs=155.230.23.72-9618&noUDP&sock=882541_4c40_3>
...
009 (339721.160.000) 01/29 16:01:54 Job was aborted by the user.
	via condor_rm (by user choij)
...
000 (339723.160.000) 01/29 16:03:11 Job submitted from host: <155.230.23.72:9618?addrs=155.230.23.72-9618&noUDP&sock=882541_4c40_3>
...
001 (339723.160.000) 01/29 16:15:12 Job executing on host: <155.230.21.121:9618?addrs=155.230.21.121-9618&noUDP&sock=28110_b34c_47>
...
006 (339723.160.000) 01/29 16:15:20 Image size of job updated: 288284
	210  -  MemoryUsage of job (MB)
	214156  -  ResidentSetSize of job (KB)
...
006 (339723.160.000) 01/29 16:15:44 Image size of job updated: 310916
	210  -  MemoryUsage of job (MB)
	214156  -  ResidentSetSize of job (KB)
...
005 (339723.160.000) 01/29 16:15:44 Job terminated.
	(1) Normal termination (return value 0)
		Usr 0 00:00:22, Sys 0 00:00:04  -  Run Remote Usage
		Usr 0 00:00:00, Sys 0 00:00:00  -  Run Local Usage
		Usr 0 00:00:22, Sys 0 00:00:04  -  Total Remote Usage
		Usr 0 00:00:00, Sys 0 00:00:00  -  Total Local Usage
	734  -  Run Bytes Sent By Job
	10690  -  Run Bytes Received By Job
	734  -  Total Bytes Sent By Job
	10690  -  Total Bytes Received By Job
	Partitionable Resources :    Usage  Request Allocated 
	   Cpus                 :        0        1         1 
	   Disk (KB)            :       28  2048000   3791819 
	   Memory (MB)          :      210     2000      2000 
...
