000 (47437.088.000) 12/19 19:07:10 Job submitted from host: <155.230.20.251:9618?addrs=155.230.20.251-9618&noUDP&sock=930313_ea96_3>
...
001 (47437.088.000) 12/19 19:08:44 Job executing on host: <155.230.21.73:9618?addrs=155.230.21.73-9618&noUDP&sock=15554_5428_3>
...
006 (47437.088.000) 12/19 19:08:52 Image size of job updated: 244
	1  -  MemoryUsage of job (MB)
	244  -  ResidentSetSize of job (KB)
...
006 (47437.088.000) 12/19 19:13:52 Image size of job updated: 21144
	20  -  MemoryUsage of job (MB)
	19532  -  ResidentSetSize of job (KB)
...
006 (47437.088.000) 12/19 19:18:52 Image size of job updated: 45240
	40  -  MemoryUsage of job (MB)
	40260  -  ResidentSetSize of job (KB)
...
006 (47437.088.000) 12/19 19:23:53 Image size of job updated: 81652
	71  -  MemoryUsage of job (MB)
	72132  -  ResidentSetSize of job (KB)
...
006 (47437.088.000) 12/19 19:28:54 Image size of job updated: 270036
	252  -  MemoryUsage of job (MB)
	257760  -  ResidentSetSize of job (KB)
...
006 (47437.088.000) 12/19 19:29:07 Image size of job updated: 270036
	253  -  MemoryUsage of job (MB)
	258784  -  ResidentSetSize of job (KB)
...
005 (47437.088.000) 12/19 19:29:07 Job terminated.
	(1) Normal termination (return value 0)
		Usr 0 00:00:35, Sys 0 00:00:02  -  Run Remote Usage
		Usr 0 00:00:00, Sys 0 00:00:00  -  Run Local Usage
		Usr 0 00:00:35, Sys 0 00:00:02  -  Total Remote Usage
		Usr 0 00:00:00, Sys 0 00:00:00  -  Total Local Usage
	555  -  Run Bytes Sent By Job
	10426  -  Run Bytes Received By Job
	555  -  Total Bytes Sent By Job
	10426  -  Total Bytes Received By Job
	Partitionable Resources :    Usage  Request Allocated 
	   Cpus                 :     0.02        1         1 
	   Disk (KB)            :    28     2048000   3656096 
	   Memory (MB)          :   253        2000      2000 
...
000 (339721.088.000) 01/29 15:58:18 Job submitted from host: <155.230.23.72:9618?addrs=155.230.23.72-9618&noUDP&sock=882541_4c40_3>
...
009 (339721.088.000) 01/29 16:01:54 Job was aborted by the user.
	via condor_rm (by user choij)
...
000 (339723.088.000) 01/29 16:03:11 Job submitted from host: <155.230.23.72:9618?addrs=155.230.23.72-9618&noUDP&sock=882541_4c40_3>
...
001 (339723.088.000) 01/29 16:14:05 Job executing on host: <155.230.21.90:9618?addrs=155.230.21.90-9618&noUDP&sock=1536_258f_37>
...
006 (339723.088.000) 01/29 16:14:14 Image size of job updated: 290892
	211  -  MemoryUsage of job (MB)
	216064  -  ResidentSetSize of job (KB)
...
006 (339723.088.000) 01/29 16:14:36 Image size of job updated: 312500
	211  -  MemoryUsage of job (MB)
	216064  -  ResidentSetSize of job (KB)
...
005 (339723.088.000) 01/29 16:14:36 Job terminated.
	(1) Normal termination (return value 0)
		Usr 0 00:00:20, Sys 0 00:00:03  -  Run Remote Usage
		Usr 0 00:00:00, Sys 0 00:00:00  -  Run Local Usage
		Usr 0 00:00:20, Sys 0 00:00:03  -  Total Remote Usage
		Usr 0 00:00:00, Sys 0 00:00:00  -  Total Local Usage
	733  -  Run Bytes Sent By Job
	10690  -  Run Bytes Received By Job
	733  -  Total Bytes Sent By Job
	10690  -  Total Bytes Received By Job
	Partitionable Resources :    Usage  Request Allocated 
	   Cpus                 :        0        1         1 
	   Disk (KB)            :       28  2048000   3794435 
	   Memory (MB)          :      211     2000      2000 
...
