000 (47437.175.000) 12/19 19:07:10 Job submitted from host: <155.230.20.251:9618?addrs=155.230.20.251-9618&noUDP&sock=930313_ea96_3>
...
001 (47437.175.000) 12/19 19:11:00 Job executing on host: <155.230.21.42:9618?addrs=155.230.21.42-9618&noUDP&sock=2987_697a_3>
...
006 (47437.175.000) 12/19 19:11:08 Image size of job updated: 3140
	3  -  MemoryUsage of job (MB)
	2268  -  ResidentSetSize of job (KB)
...
006 (47437.175.000) 12/19 19:12:25 Image size of job updated: 27288
	3  -  MemoryUsage of job (MB)
	2268  -  ResidentSetSize of job (KB)
...
005 (47437.175.000) 12/19 19:12:25 Job terminated.
	(1) Normal termination (return value 0)
		Usr 0 00:00:35, Sys 0 00:00:02  -  Run Remote Usage
		Usr 0 00:00:00, Sys 0 00:00:00  -  Run Local Usage
		Usr 0 00:00:35, Sys 0 00:00:02  -  Total Remote Usage
		Usr 0 00:00:00, Sys 0 00:00:00  -  Total Local Usage
	555  -  Run Bytes Sent By Job
	10426  -  Run Bytes Received By Job
	555  -  Total Bytes Sent By Job
	10426  -  Total Bytes Received By Job
	Partitionable Resources :    Usage  Request Allocated 
	   Cpus                 :     0.07        1         1 
	   Disk (KB)            :    28     2048000   3669141 
	   Memory (MB)          :     3        2000      2000 
...
