000 (47437.572.000) 12/19 19:07:10 Job submitted from host: <155.230.20.251:9618?addrs=155.230.20.251-9618&noUDP&sock=930313_ea96_3>
...
001 (47437.572.000) 12/19 19:18:27 Job executing on host: <155.230.21.82:9618?addrs=155.230.21.82-9618&noUDP&sock=1520_2c0b_3>
...
006 (47437.572.000) 12/19 19:18:36 Image size of job updated: 339292
	257  -  MemoryUsage of job (MB)
	263060  -  ResidentSetSize of job (KB)
...
006 (47437.572.000) 12/19 19:18:48 Image size of job updated: 351708
	257  -  MemoryUsage of job (MB)
	263060  -  ResidentSetSize of job (KB)
...
005 (47437.572.000) 12/19 19:18:49 Job terminated.
	(1) Normal termination (return value 0)
		Usr 0 00:00:19, Sys 0 00:00:00  -  Run Remote Usage
		Usr 0 00:00:00, Sys 0 00:00:00  -  Run Local Usage
		Usr 0 00:00:19, Sys 0 00:00:00  -  Total Remote Usage
		Usr 0 00:00:00, Sys 0 00:00:00  -  Total Local Usage
	555  -  Run Bytes Sent By Job
	10426  -  Run Bytes Received By Job
	555  -  Total Bytes Sent By Job
	10426  -  Total Bytes Received By Job
	Partitionable Resources :    Usage  Request Allocated 
	   Cpus                 :     0.97        1         1 
	   Disk (KB)            :    28     2048000   3711920 
	   Memory (MB)          :   257        2000      2000 
...
000 (339721.572.000) 01/29 15:58:19 Job submitted from host: <155.230.23.72:9618?addrs=155.230.23.72-9618&noUDP&sock=882541_4c40_3>
...
009 (339721.572.000) 01/29 16:01:55 Job was aborted by the user.
	via condor_rm (by user choij)
...
000 (339723.572.000) 01/29 16:03:11 Job submitted from host: <155.230.23.72:9618?addrs=155.230.23.72-9618&noUDP&sock=882541_4c40_3>
...
001 (339723.572.000) 01/29 16:22:39 Job executing on host: <155.230.21.94:9618?addrs=155.230.21.94-9618&noUDP&sock=10639_0c2d_48>
...
006 (339723.572.000) 01/29 16:22:48 Image size of job updated: 290996
	212  -  MemoryUsage of job (MB)
	216168  -  ResidentSetSize of job (KB)
...
006 (339723.572.000) 01/29 16:23:11 Image size of job updated: 1540740
	212  -  MemoryUsage of job (MB)
	216168  -  ResidentSetSize of job (KB)
...
005 (339723.572.000) 01/29 16:23:11 Job terminated.
	(1) Normal termination (return value 0)
		Usr 0 00:00:20, Sys 0 00:00:04  -  Run Remote Usage
		Usr 0 00:00:00, Sys 0 00:00:00  -  Run Local Usage
		Usr 0 00:00:20, Sys 0 00:00:04  -  Total Remote Usage
		Usr 0 00:00:00, Sys 0 00:00:00  -  Total Local Usage
	734  -  Run Bytes Sent By Job
	10690  -  Run Bytes Received By Job
	734  -  Total Bytes Sent By Job
	10690  -  Total Bytes Received By Job
	Partitionable Resources :    Usage  Request Allocated 
	   Cpus                 :     0.02        1         1 
	   Disk (KB)            :    28     2048000   3782837 
	   Memory (MB)          :   212        2000      2000 
...
