000 (47437.279.000) 12/19 19:07:10 Job submitted from host: <155.230.20.251:9618?addrs=155.230.20.251-9618&noUDP&sock=930313_ea96_3>
...
001 (47437.279.000) 12/19 19:12:40 Job executing on host: <155.230.21.81:9618?addrs=155.230.21.81-9618&noUDP&sock=1515_be12_3>
...
006 (47437.279.000) 12/19 19:12:48 Image size of job updated: 291080
	212  -  MemoryUsage of job (MB)
	216116  -  ResidentSetSize of job (KB)
...
006 (47437.279.000) 12/19 19:13:03 Image size of job updated: 349200
	212  -  MemoryUsage of job (MB)
	216120  -  ResidentSetSize of job (KB)
...
005 (47437.279.000) 12/19 19:13:03 Job terminated.
	(1) Normal termination (return value 0)
		Usr 0 00:00:19, Sys 0 00:00:00  -  Run Remote Usage
		Usr 0 00:00:00, Sys 0 00:00:00  -  Run Local Usage
		Usr 0 00:00:19, Sys 0 00:00:00  -  Total Remote Usage
		Usr 0 00:00:00, Sys 0 00:00:00  -  Total Local Usage
	555  -  Run Bytes Sent By Job
	10426  -  Run Bytes Received By Job
	555  -  Total Bytes Sent By Job
	10426  -  Total Bytes Received By Job
	Partitionable Resources :    Usage  Request Allocated 
	   Cpus                 :     0.64        1         1 
	   Disk (KB)            :    28     2048000   3711985 
	   Memory (MB)          :   212        2000      2000 
...
000 (339721.279.000) 01/29 15:58:18 Job submitted from host: <155.230.23.72:9618?addrs=155.230.23.72-9618&noUDP&sock=882541_4c40_3>
...
009 (339721.279.000) 01/29 16:01:55 Job was aborted by the user.
	via condor_rm (by user choij)
...
000 (339723.279.000) 01/29 16:03:11 Job submitted from host: <155.230.23.72:9618?addrs=155.230.23.72-9618&noUDP&sock=882541_4c40_3>
...
001 (339723.279.000) 01/29 16:18:00 Job executing on host: <155.230.21.42:9618?addrs=155.230.21.42-9618&noUDP&sock=2987_697a_3>
...
006 (339723.279.000) 01/29 16:18:09 Image size of job updated: 101456
	60  -  MemoryUsage of job (MB)
	60628  -  ResidentSetSize of job (KB)
...
006 (339723.279.000) 01/29 16:20:12 Image size of job updated: 242236
	60  -  MemoryUsage of job (MB)
	60856  -  ResidentSetSize of job (KB)
...
005 (339723.279.000) 01/29 16:20:12 Job terminated.
	(1) Normal termination (return value 0)
		Usr 0 00:00:36, Sys 0 00:00:06  -  Run Remote Usage
		Usr 0 00:00:00, Sys 0 00:00:00  -  Run Local Usage
		Usr 0 00:00:36, Sys 0 00:00:06  -  Total Remote Usage
		Usr 0 00:00:00, Sys 0 00:00:00  -  Total Local Usage
	734  -  Run Bytes Sent By Job
	10690  -  Run Bytes Received By Job
	734  -  Total Bytes Sent By Job
	10690  -  Total Bytes Received By Job
	Partitionable Resources :    Usage  Request Allocated 
	   Cpus                 :     0.06        1         1 
	   Disk (KB)            :    29     2048000   3669141 
	   Memory (MB)          :    60        2000      2000 
...
