000 (47437.341.000) 12/19 19:07:10 Job submitted from host: <155.230.20.251:9618?addrs=155.230.20.251-9618&noUDP&sock=930313_ea96_3>
...
001 (47437.341.000) 12/19 19:13:49 Job executing on host: <155.230.21.116:9618?addrs=155.230.21.116-9618&noUDP&sock=38331_74cc_3>
...
006 (47437.341.000) 12/19 19:13:57 Image size of job updated: 291392
	213  -  MemoryUsage of job (MB)
	217664  -  ResidentSetSize of job (KB)
...
006 (47437.341.000) 12/19 19:14:14 Image size of job updated: 342420
	213  -  MemoryUsage of job (MB)
	217664  -  ResidentSetSize of job (KB)
...
005 (47437.341.000) 12/19 19:14:14 Job terminated.
	(1) Normal termination (return value 0)
		Usr 0 00:00:23, Sys 0 00:00:01  -  Run Remote Usage
		Usr 0 00:00:00, Sys 0 00:00:00  -  Run Local Usage
		Usr 0 00:00:23, Sys 0 00:00:01  -  Total Remote Usage
		Usr 0 00:00:00, Sys 0 00:00:00  -  Total Local Usage
	555  -  Run Bytes Sent By Job
	10426  -  Run Bytes Received By Job
	555  -  Total Bytes Sent By Job
	10426  -  Total Bytes Received By Job
	Partitionable Resources :    Usage  Request Allocated 
	   Cpus                 :        0        1         1 
	   Disk (KB)            :       28  2048000   3709334 
	   Memory (MB)          :      213     2000      2000 
...
