000 (47437.522.000) 12/19 19:07:10 Job submitted from host: <155.230.20.251:9618?addrs=155.230.20.251-9618&noUDP&sock=930313_ea96_3>
...
001 (47437.522.000) 12/19 19:17:57 Job executing on host: <155.230.21.98:9618?addrs=155.230.21.98-9618&noUDP&sock=16526_0a37_3>
...
006 (47437.522.000) 12/19 19:18:05 Image size of job updated: 197600
	137  -  MemoryUsage of job (MB)
	139820  -  ResidentSetSize of job (KB)
...
006 (47437.522.000) 12/19 19:18:45 Image size of job updated: 197600
	137  -  MemoryUsage of job (MB)
	139844  -  ResidentSetSize of job (KB)
...
005 (47437.522.000) 12/19 19:18:45 Job terminated.
	(1) Normal termination (return value 0)
		Usr 0 00:00:28, Sys 0 00:00:01  -  Run Remote Usage
		Usr 0 00:00:00, Sys 0 00:00:00  -  Run Local Usage
		Usr 0 00:00:28, Sys 0 00:00:01  -  Total Remote Usage
		Usr 0 00:00:00, Sys 0 00:00:00  -  Total Local Usage
	555  -  Run Bytes Sent By Job
	10426  -  Run Bytes Received By Job
	555  -  Total Bytes Sent By Job
	10426  -  Total Bytes Received By Job
	Partitionable Resources :    Usage  Request Allocated 
	   Cpus                 :     1.00        1         1 
	   Disk (KB)            :    28     2048000   3676021 
	   Memory (MB)          :   137        2000      2000 
...
000 (339721.522.000) 01/29 15:58:18 Job submitted from host: <155.230.23.72:9618?addrs=155.230.23.72-9618&noUDP&sock=882541_4c40_3>
...
009 (339721.522.000) 01/29 16:01:55 Job was aborted by the user.
	via condor_rm (by user choij)
...
000 (339723.522.000) 01/29 16:03:11 Job submitted from host: <155.230.23.72:9618?addrs=155.230.23.72-9618&noUDP&sock=882541_4c40_3>
...
001 (339723.522.000) 01/29 16:21:38 Job executing on host: <155.230.21.106:9618?addrs=155.230.21.106-9618&noUDP&sock=23306_8e53_48>
...
006 (339723.522.000) 01/29 16:21:46 Image size of job updated: 287180
	209  -  MemoryUsage of job (MB)
	213776  -  ResidentSetSize of job (KB)
...
006 (339723.522.000) 01/29 16:22:08 Image size of job updated: 308872
	209  -  MemoryUsage of job (MB)
	213776  -  ResidentSetSize of job (KB)
...
005 (339723.522.000) 01/29 16:22:08 Job terminated.
	(1) Normal termination (return value 0)
		Usr 0 00:00:22, Sys 0 00:00:04  -  Run Remote Usage
		Usr 0 00:00:00, Sys 0 00:00:00  -  Run Local Usage
		Usr 0 00:00:22, Sys 0 00:00:04  -  Total Remote Usage
		Usr 0 00:00:00, Sys 0 00:00:00  -  Total Local Usage
	734  -  Run Bytes Sent By Job
	10690  -  Run Bytes Received By Job
	734  -  Total Bytes Sent By Job
	10690  -  Total Bytes Received By Job
	Partitionable Resources :    Usage  Request Allocated 
	   Cpus                 :     0.03        1         1 
	   Disk (KB)            :    28     2048000   3783113 
	   Memory (MB)          :   209        2000      2000 
...
