000 (47437.498.000) 12/19 19:07:10 Job submitted from host: <155.230.20.251:9618?addrs=155.230.20.251-9618&noUDP&sock=930313_ea96_3>
...
001 (47437.498.000) 12/19 19:17:42 Job executing on host: <155.230.21.84:9618?addrs=155.230.21.84-9618&noUDP&sock=1534_c65e_3>
...
006 (47437.498.000) 12/19 19:17:50 Image size of job updated: 318896
	237  -  MemoryUsage of job (MB)
	242664  -  ResidentSetSize of job (KB)
...
006 (47437.498.000) 12/19 19:18:03 Image size of job updated: 600816
	237  -  MemoryUsage of job (MB)
	242664  -  ResidentSetSize of job (KB)
...
005 (47437.498.000) 12/19 19:18:03 Job terminated.
	(1) Normal termination (return value 0)
		Usr 0 00:00:19, Sys 0 00:00:00  -  Run Remote Usage
		Usr 0 00:00:00, Sys 0 00:00:00  -  Run Local Usage
		Usr 0 00:00:19, Sys 0 00:00:00  -  Total Remote Usage
		Usr 0 00:00:00, Sys 0 00:00:00  -  Total Local Usage
	555  -  Run Bytes Sent By Job
	10426  -  Run Bytes Received By Job
	555  -  Total Bytes Sent By Job
	10426  -  Total Bytes Received By Job
	Partitionable Resources :    Usage  Request Allocated 
	   Cpus                 :     0.98        1         1 
	   Disk (KB)            :    28     2048000   3605424 
	   Memory (MB)          :   237        2000      2000 
...
000 (339721.498.000) 01/29 15:58:18 Job submitted from host: <155.230.23.72:9618?addrs=155.230.23.72-9618&noUDP&sock=882541_4c40_3>
...
009 (339721.498.000) 01/29 16:01:55 Job was aborted by the user.
	via condor_rm (by user choij)
...
000 (339723.498.000) 01/29 16:03:11 Job submitted from host: <155.230.23.72:9618?addrs=155.230.23.72-9618&noUDP&sock=882541_4c40_3>
...
001 (339723.498.000) 01/29 16:21:30 Job executing on host: <155.230.21.97:9618?addrs=155.230.21.97-9618&noUDP&sock=19004_bde6_47>
...
006 (339723.498.000) 01/29 16:21:38 Image size of job updated: 250164
	178  -  MemoryUsage of job (MB)
	182240  -  ResidentSetSize of job (KB)
...
006 (339723.498.000) 01/29 16:22:13 Image size of job updated: 310700
	179  -  MemoryUsage of job (MB)
	182300  -  ResidentSetSize of job (KB)
...
005 (339723.498.000) 01/29 16:22:14 Job terminated.
	(1) Normal termination (return value 0)
		Usr 0 00:00:30, Sys 0 00:00:05  -  Run Remote Usage
		Usr 0 00:00:00, Sys 0 00:00:00  -  Run Local Usage
		Usr 0 00:00:30, Sys 0 00:00:05  -  Total Remote Usage
		Usr 0 00:00:00, Sys 0 00:00:00  -  Total Local Usage
	734  -  Run Bytes Sent By Job
	10690  -  Run Bytes Received By Job
	734  -  Total Bytes Sent By Job
	10690  -  Total Bytes Received By Job
	Partitionable Resources :    Usage  Request Allocated 
	   Cpus                 :        0        1         1 
	   Disk (KB)            :       28  2048000   3784333 
	   Memory (MB)          :      179     2000      2000 
...
