000 (47437.402.000) 12/19 19:07:10 Job submitted from host: <155.230.20.251:9618?addrs=155.230.20.251-9618&noUDP&sock=930313_ea96_3>
...
001 (47437.402.000) 12/19 19:15:37 Job executing on host: <155.230.21.82:9618?addrs=155.230.21.82-9618&noUDP&sock=1520_2c0b_3>
...
006 (47437.402.000) 12/19 19:15:47 Image size of job updated: 313412
	232  -  MemoryUsage of job (MB)
	237180  -  ResidentSetSize of job (KB)
...
006 (47437.402.000) 12/19 19:15:59 Image size of job updated: 602308
	232  -  MemoryUsage of job (MB)
	237180  -  ResidentSetSize of job (KB)
...
005 (47437.402.000) 12/19 19:15:59 Job terminated.
	(1) Normal termination (return value 0)
		Usr 0 00:00:19, Sys 0 00:00:00  -  Run Remote Usage
		Usr 0 00:00:00, Sys 0 00:00:00  -  Run Local Usage
		Usr 0 00:00:19, Sys 0 00:00:00  -  Total Remote Usage
		Usr 0 00:00:00, Sys 0 00:00:00  -  Total Local Usage
	555  -  Run Bytes Sent By Job
	10426  -  Run Bytes Received By Job
	555  -  Total Bytes Sent By Job
	10426  -  Total Bytes Received By Job
	Partitionable Resources :    Usage  Request Allocated 
	   Cpus                 :        0        1         1 
	   Disk (KB)            :       28  2048000   3711920 
	   Memory (MB)          :      232     2000      2000 
...
000 (339721.402.000) 01/29 15:58:18 Job submitted from host: <155.230.23.72:9618?addrs=155.230.23.72-9618&noUDP&sock=882541_4c40_3>
...
009 (339721.402.000) 01/29 16:01:55 Job was aborted by the user.
	via condor_rm (by user choij)
...
000 (339723.402.000) 01/29 16:03:11 Job submitted from host: <155.230.23.72:9618?addrs=155.230.23.72-9618&noUDP&sock=882541_4c40_3>
...
001 (339723.402.000) 01/29 16:20:07 Job executing on host: <155.230.21.112:9618?addrs=155.230.21.112-9618&noUDP&sock=22175_c8b6_48>
...
006 (339723.402.000) 01/29 16:20:16 Image size of job updated: 292080
	212  -  MemoryUsage of job (MB)
	216756  -  ResidentSetSize of job (KB)
...
006 (339723.402.000) 01/29 16:20:40 Image size of job updated: 1538832
	212  -  MemoryUsage of job (MB)
	216844  -  ResidentSetSize of job (KB)
...
005 (339723.402.000) 01/29 16:20:40 Job terminated.
	(1) Normal termination (return value 0)
		Usr 0 00:00:24, Sys 0 00:00:04  -  Run Remote Usage
		Usr 0 00:00:00, Sys 0 00:00:00  -  Run Local Usage
		Usr 0 00:00:24, Sys 0 00:00:04  -  Total Remote Usage
		Usr 0 00:00:00, Sys 0 00:00:00  -  Total Local Usage
	734  -  Run Bytes Sent By Job
	10690  -  Run Bytes Received By Job
	734  -  Total Bytes Sent By Job
	10690  -  Total Bytes Received By Job
	Partitionable Resources :    Usage  Request Allocated 
	   Cpus                 :        0        1         1 
	   Disk (KB)            :       28  2048000   3840615 
	   Memory (MB)          :      212     2000      2000 
...
