000 (47437.443.000) 12/19 19:07:10 Job submitted from host: <155.230.20.251:9618?addrs=155.230.20.251-9618&noUDP&sock=930313_ea96_3>
...
001 (47437.443.000) 12/19 19:16:37 Job executing on host: <155.230.21.79:9618?addrs=155.230.21.79-9618&noUDP&sock=27572_ad58_3>
...
006 (47437.443.000) 12/19 19:16:45 Image size of job updated: 117048
	66  -  MemoryUsage of job (MB)
	66896  -  ResidentSetSize of job (KB)
...
006 (47437.443.000) 12/19 19:17:07 Image size of job updated: 550560
	66  -  MemoryUsage of job (MB)
	66896  -  ResidentSetSize of job (KB)
...
005 (47437.443.000) 12/19 19:17:07 Job terminated.
	(1) Normal termination (return value 0)
		Usr 0 00:00:19, Sys 0 00:00:00  -  Run Remote Usage
		Usr 0 00:00:00, Sys 0 00:00:00  -  Run Local Usage
		Usr 0 00:00:19, Sys 0 00:00:00  -  Total Remote Usage
		Usr 0 00:00:00, Sys 0 00:00:00  -  Total Local Usage
	555  -  Run Bytes Sent By Job
	10426  -  Run Bytes Received By Job
	555  -  Total Bytes Sent By Job
	10426  -  Total Bytes Received By Job
	Partitionable Resources :    Usage  Request Allocated 
	   Cpus                 :     0.36        1         1 
	   Disk (KB)            :    28     2048000   3710117 
	   Memory (MB)          :    66        2000      2000 
...
000 (339721.443.000) 01/29 15:58:18 Job submitted from host: <155.230.23.72:9618?addrs=155.230.23.72-9618&noUDP&sock=882541_4c40_3>
...
009 (339721.443.000) 01/29 16:01:55 Job was aborted by the user.
	via condor_rm (by user choij)
...
000 (339723.443.000) 01/29 16:03:11 Job submitted from host: <155.230.23.72:9618?addrs=155.230.23.72-9618&noUDP&sock=882541_4c40_3>
...
001 (339723.443.000) 01/29 16:21:00 Job executing on host: <155.230.21.43:9618?addrs=155.230.21.43-9618+[2407-c000-c024-0-226-18ff-fe94-3c21]-9618&noUDP&sock=1286_aae2_3>
...
006 (339723.443.000) 01/29 16:21:08 Image size of job updated: 169300
	104  -  MemoryUsage of job (MB)
	106388  -  ResidentSetSize of job (KB)
...
006 (339723.443.000) 01/29 16:22:44 Image size of job updated: 1282352
	104  -  MemoryUsage of job (MB)
	106388  -  ResidentSetSize of job (KB)
...
005 (339723.443.000) 01/29 16:22:44 Job terminated.
	(1) Normal termination (return value 0)
		Usr 0 00:00:37, Sys 0 00:00:05  -  Run Remote Usage
		Usr 0 00:00:00, Sys 0 00:00:00  -  Run Local Usage
		Usr 0 00:00:37, Sys 0 00:00:05  -  Total Remote Usage
		Usr 0 00:00:00, Sys 0 00:00:00  -  Total Local Usage
	734  -  Run Bytes Sent By Job
	10690  -  Run Bytes Received By Job
	734  -  Total Bytes Sent By Job
	10690  -  Total Bytes Received By Job
	Partitionable Resources :    Usage  Request Allocated 
	   Cpus                 :     0.06        1         1 
	   Disk (KB)            :    29     2048000   3905052 
	   Memory (MB)          :   104        2000      2000 
...
