000 (47437.549.000) 12/19 19:07:10 Job submitted from host: <155.230.20.251:9618?addrs=155.230.20.251-9618&noUDP&sock=930313_ea96_3>
...
001 (47437.549.000) 12/19 19:18:06 Job executing on host: <155.230.21.122:9618?addrs=155.230.21.122-9618&noUDP&sock=8358_78a6_3>
...
006 (47437.549.000) 12/19 19:18:14 Image size of job updated: 286696
	209  -  MemoryUsage of job (MB)
	213548  -  ResidentSetSize of job (KB)
...
006 (47437.549.000) 12/19 19:18:35 Image size of job updated: 598172
	209  -  MemoryUsage of job (MB)
	213548  -  ResidentSetSize of job (KB)
...
005 (47437.549.000) 12/19 19:18:35 Job terminated.
	(1) Normal termination (return value 0)
		Usr 0 00:00:26, Sys 0 00:00:01  -  Run Remote Usage
		Usr 0 00:00:00, Sys 0 00:00:00  -  Run Local Usage
		Usr 0 00:00:26, Sys 0 00:00:01  -  Total Remote Usage
		Usr 0 00:00:00, Sys 0 00:00:00  -  Total Local Usage
	555  -  Run Bytes Sent By Job
	10426  -  Run Bytes Received By Job
	555  -  Total Bytes Sent By Job
	10426  -  Total Bytes Received By Job
	Partitionable Resources :    Usage  Request Allocated 
	   Cpus                 :     0.99        1         1 
	   Disk (KB)            :    28     2048000   3709702 
	   Memory (MB)          :   209        2000      2000 
...
000 (339721.549.000) 01/29 15:58:19 Job submitted from host: <155.230.23.72:9618?addrs=155.230.23.72-9618&noUDP&sock=882541_4c40_3>
...
009 (339721.549.000) 01/29 16:01:55 Job was aborted by the user.
	via condor_rm (by user choij)
...
000 (339723.549.000) 01/29 16:03:11 Job submitted from host: <155.230.23.72:9618?addrs=155.230.23.72-9618&noUDP&sock=882541_4c40_3>
...
001 (339723.549.000) 01/29 16:22:30 Job executing on host: <155.230.21.98:9618?addrs=155.230.21.98-9618&noUDP&sock=16526_0a37_47>
...
006 (339723.549.000) 01/29 16:22:38 Image size of job updated: 204424
	134  -  MemoryUsage of job (MB)
	136640  -  ResidentSetSize of job (KB)
...
006 (339723.549.000) 01/29 16:23:16 Image size of job updated: 319636
	134  -  MemoryUsage of job (MB)
	136732  -  ResidentSetSize of job (KB)
...
005 (339723.549.000) 01/29 16:23:16 Job terminated.
	(1) Normal termination (return value 0)
		Usr 0 00:00:30, Sys 0 00:00:05  -  Run Remote Usage
		Usr 0 00:00:00, Sys 0 00:00:00  -  Run Local Usage
		Usr 0 00:00:30, Sys 0 00:00:05  -  Total Remote Usage
		Usr 0 00:00:00, Sys 0 00:00:00  -  Total Local Usage
	734  -  Run Bytes Sent By Job
	10690  -  Run Bytes Received By Job
	734  -  Total Bytes Sent By Job
	10690  -  Total Bytes Received By Job
	Partitionable Resources :    Usage  Request Allocated 
	   Cpus                 :     0.66        1         1 
	   Disk (KB)            :    28     2048000   3783431 
	   Memory (MB)          :   134        2000      2000 
...
