000 (47439.052.000) 12/19 19:07:19 Job submitted from host: <155.230.20.251:9618?addrs=155.230.20.251-9618&noUDP&sock=930313_ea96_3>
...
001 (47439.052.000) 12/19 19:33:06 Job executing on host: <155.230.21.97:9618?addrs=155.230.21.97-9618&noUDP&sock=19004_bde6_3>
...
006 (47439.052.000) 12/19 19:33:15 Image size of job updated: 74688
	40  -  MemoryUsage of job (MB)
	40440  -  ResidentSetSize of job (KB)
...
006 (47439.052.000) 12/19 19:33:35 Image size of job updated: 284548
	40  -  MemoryUsage of job (MB)
	40548  -  ResidentSetSize of job (KB)
...
005 (47439.052.000) 12/19 19:33:35 Job terminated.
	(1) Normal termination (return value 0)
		Usr 0 00:00:11, Sys 0 00:00:01  -  Run Remote Usage
		Usr 0 00:00:00, Sys 0 00:00:00  -  Run Local Usage
		Usr 0 00:00:11, Sys 0 00:00:01  -  Total Remote Usage
		Usr 0 00:00:00, Sys 0 00:00:00  -  Total Local Usage
	554  -  Run Bytes Sent By Job
	10422  -  Run Bytes Received By Job
	554  -  Total Bytes Sent By Job
	10422  -  Total Bytes Received By Job
	Partitionable Resources :    Usage  Request Allocated 
	   Cpus                 :        0        1         1 
	   Disk (KB)            :       28  2048000   3673156 
	   Memory (MB)          :       40     2000      2000 
...
000 (339725.052.000) 01/29 16:03:29 Job submitted from host: <155.230.23.72:9618?addrs=155.230.23.72-9618&noUDP&sock=882541_4c40_3>
...
001 (339725.052.000) 01/29 16:35:36 Job executing on host: <155.230.21.109:9618?addrs=155.230.21.109-9618&noUDP&sock=26104_c051_50>
...
006 (339725.052.000) 01/29 16:35:45 Image size of job updated: 293552
	213  -  MemoryUsage of job (MB)
	218100  -  ResidentSetSize of job (KB)
...
006 (339725.052.000) 01/29 16:35:51 Image size of job updated: 310600
	214  -  MemoryUsage of job (MB)
	218132  -  ResidentSetSize of job (KB)
...
005 (339725.052.000) 01/29 16:35:51 Job terminated.
	(1) Normal termination (return value 0)
		Usr 0 00:00:09, Sys 0 00:00:02  -  Run Remote Usage
		Usr 0 00:00:00, Sys 0 00:00:00  -  Run Local Usage
		Usr 0 00:00:09, Sys 0 00:00:02  -  Total Remote Usage
		Usr 0 00:00:00, Sys 0 00:00:00  -  Total Local Usage
	972  -  Run Bytes Sent By Job
	10683  -  Run Bytes Received By Job
	972  -  Total Bytes Sent By Job
	10683  -  Total Bytes Received By Job
	Partitionable Resources :    Usage  Request Allocated 
	   Cpus                 :        0        1         1 
	   Disk (KB)            :       29  2048000   3842254 
	   Memory (MB)          :      214     2000      2000 
...
