000 (47439.283.000) 12/19 19:07:20 Job submitted from host: <155.230.20.251:9618?addrs=155.230.20.251-9618&noUDP&sock=930313_ea96_3>
...
001 (47439.283.000) 12/19 19:38:07 Job executing on host: <155.230.21.89:9618?addrs=155.230.21.89-9618&noUDP&sock=1545_51e9_3>
...
006 (47439.283.000) 12/19 19:38:16 Image size of job updated: 301524
	221  -  MemoryUsage of job (MB)
	225396  -  ResidentSetSize of job (KB)
...
005 (47439.283.000) 12/19 19:38:17 Job terminated.
	(1) Normal termination (return value 0)
		Usr 0 00:00:07, Sys 0 00:00:00  -  Run Remote Usage
		Usr 0 00:00:00, Sys 0 00:00:00  -  Run Local Usage
		Usr 0 00:00:07, Sys 0 00:00:00  -  Total Remote Usage
		Usr 0 00:00:00, Sys 0 00:00:00  -  Total Local Usage
	554  -  Run Bytes Sent By Job
	10422  -  Run Bytes Received By Job
	554  -  Total Bytes Sent By Job
	10422  -  Total Bytes Received By Job
	Partitionable Resources :    Usage  Request Allocated 
	   Cpus                 :        0        1         1 
	   Disk (KB)            :       28  2048000   3564277 
	   Memory (MB)          :      221     2000      2000 
...
000 (339725.283.000) 01/29 16:03:29 Job submitted from host: <155.230.23.72:9618?addrs=155.230.23.72-9618&noUDP&sock=882541_4c40_3>
...
001 (339725.283.000) 01/29 16:39:42 Job executing on host: <155.230.21.113:9618?addrs=155.230.21.113-9618+[2407-c000-c024-0-a60-6eff-fe17-c80e]-9618&noUDP&sock=3349_b6c3_3>
...
006 (339725.283.000) 01/29 16:39:50 Image size of job updated: 291704
	212  -  MemoryUsage of job (MB)
	216476  -  ResidentSetSize of job (KB)
...
006 (339725.283.000) 01/29 16:39:59 Image size of job updated: 317180
	219  -  MemoryUsage of job (MB)
	223340  -  ResidentSetSize of job (KB)
...
005 (339725.283.000) 01/29 16:39:59 Job terminated.
	(1) Normal termination (return value 0)
		Usr 0 00:00:09, Sys 0 00:00:03  -  Run Remote Usage
		Usr 0 00:00:00, Sys 0 00:00:00  -  Run Local Usage
		Usr 0 00:00:09, Sys 0 00:00:03  -  Total Remote Usage
		Usr 0 00:00:00, Sys 0 00:00:00  -  Total Local Usage
	719  -  Run Bytes Sent By Job
	10683  -  Run Bytes Received By Job
	719  -  Total Bytes Sent By Job
	10683  -  Total Bytes Received By Job
	Partitionable Resources :    Usage  Request Allocated 
	   Cpus                 :     0.03        1         1 
	   Disk (KB)            :    29     2048000   3787319 
	   Memory (MB)          :   219        2000      2000 
...
