000 (47439.360.000) 12/19 19:07:20 Job submitted from host: <155.230.20.251:9618?addrs=155.230.20.251-9618&noUDP&sock=930313_ea96_3>
...
001 (47439.360.000) 12/19 19:39:23 Job executing on host: <155.230.21.126:9618?addrs=155.230.21.126-9618&noUDP&sock=27949_448d_3>
...
006 (47439.360.000) 12/19 19:39:31 Image size of job updated: 300700
	220  -  MemoryUsage of job (MB)
	224464  -  ResidentSetSize of job (KB)
...
005 (47439.360.000) 12/19 19:39:32 Job terminated.
	(1) Normal termination (return value 0)
		Usr 0 00:00:07, Sys 0 00:00:00  -  Run Remote Usage
		Usr 0 00:00:00, Sys 0 00:00:00  -  Run Local Usage
		Usr 0 00:00:07, Sys 0 00:00:00  -  Total Remote Usage
		Usr 0 00:00:00, Sys 0 00:00:00  -  Total Local Usage
	554  -  Run Bytes Sent By Job
	10422  -  Run Bytes Received By Job
	554  -  Total Bytes Sent By Job
	10422  -  Total Bytes Received By Job
	Partitionable Resources :    Usage  Request Allocated 
	   Cpus                 :     0.02        1         1 
	   Disk (KB)            :    28     2048000   3652507 
	   Memory (MB)          :   220        2000      2000 
...
000 (339725.360.000) 01/29 16:03:29 Job submitted from host: <155.230.23.72:9618?addrs=155.230.23.72-9618&noUDP&sock=882541_4c40_3>
...
001 (339725.360.000) 01/29 16:40:54 Job executing on host: <155.230.21.95:9618?addrs=155.230.21.95-9618+[2407-c000-c024-0-e2cb-4eff-fe53-cf1d]-9618&noUDP&sock=14962_4417_48>
...
006 (339725.360.000) 01/29 16:41:02 Image size of job updated: 248204
	176  -  MemoryUsage of job (MB)
	179964  -  ResidentSetSize of job (KB)
...
006 (339725.360.000) 01/29 16:41:19 Image size of job updated: 318276
	176  -  MemoryUsage of job (MB)
	180036  -  ResidentSetSize of job (KB)
...
005 (339725.360.000) 01/29 16:41:19 Job terminated.
	(1) Normal termination (return value 0)
		Usr 0 00:00:12, Sys 0 00:00:05  -  Run Remote Usage
		Usr 0 00:00:00, Sys 0 00:00:00  -  Run Local Usage
		Usr 0 00:00:12, Sys 0 00:00:05  -  Total Remote Usage
		Usr 0 00:00:00, Sys 0 00:00:00  -  Total Local Usage
	719  -  Run Bytes Sent By Job
	10683  -  Run Bytes Received By Job
	719  -  Total Bytes Sent By Job
	10683  -  Total Bytes Received By Job
	Partitionable Resources :    Usage  Request Allocated 
	   Cpus                 :                 1         1 
	   Disk (KB)            :       22  2048000  18931057 
	   Memory (MB)          :      176     2000      2000 
...
