000 (47439.469.000) 12/19 19:07:20 Job submitted from host: <155.230.20.251:9618?addrs=155.230.20.251-9618&noUDP&sock=930313_ea96_3>
...
001 (47439.469.000) 12/19 19:42:10 Job executing on host: <155.230.21.112:9618?addrs=155.230.21.112-9618&noUDP&sock=22175_c8b6_3>
...
006 (47439.469.000) 12/19 19:42:18 Image size of job updated: 291244
	213  -  MemoryUsage of job (MB)
	217516  -  ResidentSetSize of job (KB)
...
006 (47439.469.000) 12/19 19:42:21 Image size of job updated: 301824
	213  -  MemoryUsage of job (MB)
	217520  -  ResidentSetSize of job (KB)
...
005 (47439.469.000) 12/19 19:42:21 Job terminated.
	(1) Normal termination (return value 0)
		Usr 0 00:00:08, Sys 0 00:00:00  -  Run Remote Usage
		Usr 0 00:00:00, Sys 0 00:00:00  -  Run Local Usage
		Usr 0 00:00:08, Sys 0 00:00:00  -  Total Remote Usage
		Usr 0 00:00:00, Sys 0 00:00:00  -  Total Local Usage
	554  -  Run Bytes Sent By Job
	10422  -  Run Bytes Received By Job
	554  -  Total Bytes Sent By Job
	10422  -  Total Bytes Received By Job
	Partitionable Resources :    Usage  Request Allocated 
	   Cpus                 :        0        1         1 
	   Disk (KB)            :       28  2048000   3661920 
	   Memory (MB)          :      213     2000      2000 
...
000 (339725.469.000) 01/29 16:03:29 Job submitted from host: <155.230.23.72:9618?addrs=155.230.23.72-9618&noUDP&sock=882541_4c40_3>
...
001 (339725.469.000) 01/29 16:42:53 Job executing on host: <155.230.21.88:9618?addrs=155.230.21.88-9618&noUDP&sock=1537_d527_36>
...
006 (339725.469.000) 01/29 16:43:01 Image size of job updated: 301036
	220  -  MemoryUsage of job (MB)
	224508  -  ResidentSetSize of job (KB)
...
006 (339725.469.000) 01/29 16:43:09 Image size of job updated: 316708
	220  -  MemoryUsage of job (MB)
	224508  -  ResidentSetSize of job (KB)
...
005 (339725.469.000) 01/29 16:43:09 Job terminated.
	(1) Normal termination (return value 0)
		Usr 0 00:00:08, Sys 0 00:00:03  -  Run Remote Usage
		Usr 0 00:00:00, Sys 0 00:00:00  -  Run Local Usage
		Usr 0 00:00:08, Sys 0 00:00:03  -  Total Remote Usage
		Usr 0 00:00:00, Sys 0 00:00:00  -  Total Local Usage
	719  -  Run Bytes Sent By Job
	10683  -  Run Bytes Received By Job
	719  -  Total Bytes Sent By Job
	10683  -  Total Bytes Received By Job
	Partitionable Resources :    Usage  Request Allocated 
	   Cpus                 :        0        1         1 
	   Disk (KB)            :       28  2048000   3742428 
	   Memory (MB)          :      220     2000      2000 
...
