000 (47439.725.000) 12/19 19:07:21 Job submitted from host: <155.230.20.251:9618?addrs=155.230.20.251-9618&noUDP&sock=930313_ea96_3>
...
001 (47439.725.000) 12/19 19:47:38 Job executing on host: <155.230.21.97:9618?addrs=155.230.21.97-9618&noUDP&sock=19004_bde6_3>
...
006 (47439.725.000) 12/19 19:47:46 Image size of job updated: 96008
	51  -  MemoryUsage of job (MB)
	51500  -  ResidentSetSize of job (KB)
...
006 (47439.725.000) 12/19 19:48:06 Image size of job updated: 562292
	51  -  MemoryUsage of job (MB)
	51540  -  ResidentSetSize of job (KB)
...
005 (47439.725.000) 12/19 19:48:06 Job terminated.
	(1) Normal termination (return value 0)
		Usr 0 00:00:11, Sys 0 00:00:01  -  Run Remote Usage
		Usr 0 00:00:00, Sys 0 00:00:00  -  Run Local Usage
		Usr 0 00:00:11, Sys 0 00:00:01  -  Total Remote Usage
		Usr 0 00:00:00, Sys 0 00:00:00  -  Total Local Usage
	554  -  Run Bytes Sent By Job
	10422  -  Run Bytes Received By Job
	554  -  Total Bytes Sent By Job
	10422  -  Total Bytes Received By Job
	Partitionable Resources :    Usage  Request Allocated 
	   Cpus                 :     0.27        1         1 
	   Disk (KB)            :    28     2048000   3673156 
	   Memory (MB)          :    51        2000      2000 
...
000 (339725.725.000) 01/29 16:03:30 Job submitted from host: <155.230.23.72:9618?addrs=155.230.23.72-9618&noUDP&sock=882541_4c40_3>
...
001 (339725.725.000) 01/29 16:47:52 Job executing on host: <155.230.21.43:9618?addrs=155.230.21.43-9618+[2407-c000-c024-0-226-18ff-fe94-3c21]-9618&noUDP&sock=1286_aae2_3>
...
006 (339725.725.000) 01/29 16:48:02 Image size of job updated: 191268
	124  -  MemoryUsage of job (MB)
	126092  -  ResidentSetSize of job (KB)
...
006 (339725.725.000) 01/29 16:49:04 Image size of job updated: 1547400
	124  -  MemoryUsage of job (MB)
	126184  -  ResidentSetSize of job (KB)
...
005 (339725.725.000) 01/29 16:49:04 Job terminated.
	(1) Normal termination (return value 0)
		Usr 0 00:00:16, Sys 0 00:00:05  -  Run Remote Usage
		Usr 0 00:00:00, Sys 0 00:00:00  -  Run Local Usage
		Usr 0 00:00:16, Sys 0 00:00:05  -  Total Remote Usage
		Usr 0 00:00:00, Sys 0 00:00:00  -  Total Local Usage
	719  -  Run Bytes Sent By Job
	10683  -  Run Bytes Received By Job
	719  -  Total Bytes Sent By Job
	10683  -  Total Bytes Received By Job
	Partitionable Resources :    Usage  Request Allocated 
	   Cpus                 :     0.11        1         1 
	   Disk (KB)            :    29     2048000   3905052 
	   Memory (MB)          :   124        2000      2000 
...
