000 (47439.190.000) 12/19 19:07:20 Job submitted from host: <155.230.20.251:9618?addrs=155.230.20.251-9618&noUDP&sock=930313_ea96_3>
...
001 (47439.190.000) 12/19 19:36:08 Job executing on host: <155.230.21.96:9618?addrs=155.230.21.96-9618&noUDP&sock=24703_c822_3>
...
006 (47439.190.000) 12/19 19:36:16 Image size of job updated: 273316
	197  -  MemoryUsage of job (MB)
	201228  -  ResidentSetSize of job (KB)
...
006 (47439.190.000) 12/19 19:36:21 Image size of job updated: 300304
	197  -  MemoryUsage of job (MB)
	201228  -  ResidentSetSize of job (KB)
...
005 (47439.190.000) 12/19 19:36:21 Job terminated.
	(1) Normal termination (return value 0)
		Usr 0 00:00:10, Sys 0 00:00:01  -  Run Remote Usage
		Usr 0 00:00:00, Sys 0 00:00:00  -  Run Local Usage
		Usr 0 00:00:10, Sys 0 00:00:01  -  Total Remote Usage
		Usr 0 00:00:00, Sys 0 00:00:00  -  Total Local Usage
	554  -  Run Bytes Sent By Job
	10422  -  Run Bytes Received By Job
	554  -  Total Bytes Sent By Job
	10422  -  Total Bytes Received By Job
	Partitionable Resources :    Usage  Request Allocated 
	   Cpus                 :     0.03        1         1 
	   Disk (KB)            :    28     2048000   3533127 
	   Memory (MB)          :   197        2000      2000 
...
000 (339725.190.000) 01/29 16:03:29 Job submitted from host: <155.230.23.72:9618?addrs=155.230.23.72-9618&noUDP&sock=882541_4c40_3>
...
001 (339725.190.000) 01/29 16:38:29 Job executing on host: <155.230.21.33:9618?addrs=155.230.21.33-9618&noUDP&sock=18775_aab5_3>
...
006 (339725.190.000) 01/29 16:38:37 Image size of job updated: 159808
	96  -  MemoryUsage of job (MB)
	97964  -  ResidentSetSize of job (KB)
...
006 (339725.190.000) 01/29 16:38:50 Image size of job updated: 301084
	96  -  MemoryUsage of job (MB)
	97964  -  ResidentSetSize of job (KB)
...
005 (339725.190.000) 01/29 16:38:50 Job terminated.
	(1) Normal termination (return value 0)
		Usr 0 00:00:15, Sys 0 00:00:02  -  Run Remote Usage
		Usr 0 00:00:00, Sys 0 00:00:00  -  Run Local Usage
		Usr 0 00:00:15, Sys 0 00:00:02  -  Total Remote Usage
		Usr 0 00:00:00, Sys 0 00:00:00  -  Total Local Usage
	719  -  Run Bytes Sent By Job
	10683  -  Run Bytes Received By Job
	719  -  Total Bytes Sent By Job
	10683  -  Total Bytes Received By Job
	Partitionable Resources :    Usage  Request Allocated 
	   Cpus                 :     0.04        1         1 
	   Disk (KB)            :    28     2048000   3679636 
	   Memory (MB)          :    96        2000      2000 
...
