000 (47439.671.000) 12/19 19:07:21 Job submitted from host: <155.230.20.251:9618?addrs=155.230.20.251-9618&noUDP&sock=930313_ea96_3>
...
001 (47439.671.000) 12/19 19:46:18 Job executing on host: <155.230.21.117:9618?addrs=155.230.21.117-9618&noUDP&sock=8728_42b0_3>
...
006 (47439.671.000) 12/19 19:46:26 Image size of job updated: 300352
	219  -  MemoryUsage of job (MB)
	224120  -  ResidentSetSize of job (KB)
...
006 (47439.671.000) 12/19 19:46:28 Image size of job updated: 300368
	219  -  MemoryUsage of job (MB)
	224120  -  ResidentSetSize of job (KB)
...
005 (47439.671.000) 12/19 19:46:28 Job terminated.
	(1) Normal termination (return value 0)
		Usr 0 00:00:08, Sys 0 00:00:00  -  Run Remote Usage
		Usr 0 00:00:00, Sys 0 00:00:00  -  Run Local Usage
		Usr 0 00:00:08, Sys 0 00:00:00  -  Total Remote Usage
		Usr 0 00:00:00, Sys 0 00:00:00  -  Total Local Usage
	554  -  Run Bytes Sent By Job
	10422  -  Run Bytes Received By Job
	554  -  Total Bytes Sent By Job
	10422  -  Total Bytes Received By Job
	Partitionable Resources :    Usage  Request Allocated 
	   Cpus                 :        0        1         1 
	   Disk (KB)            :       28  2048000   3710066 
	   Memory (MB)          :      219     2000      2000 
...
000 (339725.671.000) 01/29 16:03:30 Job submitted from host: <155.230.23.72:9618?addrs=155.230.23.72-9618&noUDP&sock=882541_4c40_3>
...
001 (339725.671.000) 01/29 16:46:51 Job executing on host: <155.230.21.43:9618?addrs=155.230.21.43-9618+[2407-c000-c024-0-226-18ff-fe94-3c21]-9618&noUDP&sock=1286_aae2_3>
...
006 (339725.671.000) 01/29 16:46:59 Image size of job updated: 161200
	97  -  MemoryUsage of job (MB)
	98992  -  ResidentSetSize of job (KB)
...
006 (339725.671.000) 01/29 16:47:53 Image size of job updated: 1548292
	97  -  MemoryUsage of job (MB)
	98992  -  ResidentSetSize of job (KB)
...
005 (339725.671.000) 01/29 16:47:53 Job terminated.
	(1) Normal termination (return value 0)
		Usr 0 00:00:15, Sys 0 00:00:05  -  Run Remote Usage
		Usr 0 00:00:00, Sys 0 00:00:00  -  Run Local Usage
		Usr 0 00:00:15, Sys 0 00:00:05  -  Total Remote Usage
		Usr 0 00:00:00, Sys 0 00:00:00  -  Total Local Usage
	719  -  Run Bytes Sent By Job
	10683  -  Run Bytes Received By Job
	719  -  Total Bytes Sent By Job
	10683  -  Total Bytes Received By Job
	Partitionable Resources :    Usage  Request Allocated 
	   Cpus                 :     0.16        1         1 
	   Disk (KB)            :    29     2048000   3905052 
	   Memory (MB)          :    97        2000      2000 
...
