000 (47439.551.000) 12/19 19:07:20 Job submitted from host: <155.230.20.251:9618?addrs=155.230.20.251-9618&noUDP&sock=930313_ea96_3>
...
001 (47439.551.000) 12/19 19:44:09 Job executing on host: <155.230.21.99:9618?addrs=155.230.21.99-9618&noUDP&sock=12118_84bf_3>
...
006 (47439.551.000) 12/19 19:44:18 Image size of job updated: 287372
	209  -  MemoryUsage of job (MB)
	213644  -  ResidentSetSize of job (KB)
...
006 (47439.551.000) 12/19 19:44:23 Image size of job updated: 301752
	209  -  MemoryUsage of job (MB)
	213644  -  ResidentSetSize of job (KB)
...
005 (47439.551.000) 12/19 19:44:23 Job terminated.
	(1) Normal termination (return value 0)
		Usr 0 00:00:10, Sys 0 00:00:01  -  Run Remote Usage
		Usr 0 00:00:00, Sys 0 00:00:00  -  Run Local Usage
		Usr 0 00:00:10, Sys 0 00:00:01  -  Total Remote Usage
		Usr 0 00:00:00, Sys 0 00:00:00  -  Total Local Usage
	554  -  Run Bytes Sent By Job
	10422  -  Run Bytes Received By Job
	554  -  Total Bytes Sent By Job
	10422  -  Total Bytes Received By Job
	Partitionable Resources :    Usage  Request Allocated 
	   Cpus                 :        0        1         1 
	   Disk (KB)            :       28  2048000   3707744 
	   Memory (MB)          :      209     2000      2000 
...
000 (339725.551.000) 01/29 16:03:30 Job submitted from host: <155.230.23.72:9618?addrs=155.230.23.72-9618&noUDP&sock=882541_4c40_3>
...
001 (339725.551.000) 01/29 16:44:03 Job executing on host: <155.230.21.116:9618?addrs=155.230.21.116-9618&noUDP&sock=38331_74cc_46>
...
006 (339725.551.000) 01/29 16:44:12 Image size of job updated: 291500
	212  -  MemoryUsage of job (MB)
	216464  -  ResidentSetSize of job (KB)
...
006 (339725.551.000) 01/29 16:44:23 Image size of job updated: 319176
	212  -  MemoryUsage of job (MB)
	216464  -  ResidentSetSize of job (KB)
...
005 (339725.551.000) 01/29 16:44:23 Job terminated.
	(1) Normal termination (return value 0)
		Usr 0 00:00:10, Sys 0 00:00:04  -  Run Remote Usage
		Usr 0 00:00:00, Sys 0 00:00:00  -  Run Local Usage
		Usr 0 00:00:10, Sys 0 00:00:04  -  Total Remote Usage
		Usr 0 00:00:00, Sys 0 00:00:00  -  Total Local Usage
	719  -  Run Bytes Sent By Job
	10683  -  Run Bytes Received By Job
	719  -  Total Bytes Sent By Job
	10683  -  Total Bytes Received By Job
	Partitionable Resources :    Usage  Request Allocated 
	   Cpus                 :        0        1         1 
	   Disk (KB)            :       28  2048000   3788511 
	   Memory (MB)          :      212     2000      2000 
...
