000 (47439.379.000) 12/19 19:07:20 Job submitted from host: <155.230.20.251:9618?addrs=155.230.20.251-9618&noUDP&sock=930313_ea96_3>
...
001 (47439.379.000) 12/19 19:40:10 Job executing on host: <155.230.21.112:9618?addrs=155.230.21.112-9618&noUDP&sock=22175_c8b6_3>
...
006 (47439.379.000) 12/19 19:40:18 Image size of job updated: 290080
	211  -  MemoryUsage of job (MB)
	215616  -  ResidentSetSize of job (KB)
...
006 (47439.379.000) 12/19 19:40:21 Image size of job updated: 301860
	211  -  MemoryUsage of job (MB)
	215616  -  ResidentSetSize of job (KB)
...
005 (47439.379.000) 12/19 19:40:21 Job terminated.
	(1) Normal termination (return value 0)
		Usr 0 00:00:08, Sys 0 00:00:00  -  Run Remote Usage
		Usr 0 00:00:00, Sys 0 00:00:00  -  Run Local Usage
		Usr 0 00:00:08, Sys 0 00:00:00  -  Total Remote Usage
		Usr 0 00:00:00, Sys 0 00:00:00  -  Total Local Usage
	554  -  Run Bytes Sent By Job
	10422  -  Run Bytes Received By Job
	554  -  Total Bytes Sent By Job
	10422  -  Total Bytes Received By Job
	Partitionable Resources :    Usage  Request Allocated 
	   Cpus                 :        0        1         1 
	   Disk (KB)            :       28  2048000   3661920 
	   Memory (MB)          :      211     2000      2000 
...
000 (339725.379.000) 01/29 16:03:29 Job submitted from host: <155.230.23.72:9618?addrs=155.230.23.72-9618&noUDP&sock=882541_4c40_3>
...
001 (339725.379.000) 01/29 16:41:00 Job executing on host: <155.230.21.85:9618?addrs=155.230.21.85-9618&noUDP&sock=1521_dba3_36>
...
006 (339725.379.000) 01/29 16:41:08 Image size of job updated: 301028
	220  -  MemoryUsage of job (MB)
	224500  -  ResidentSetSize of job (KB)
...
006 (339725.379.000) 01/29 16:41:17 Image size of job updated: 310412
	220  -  MemoryUsage of job (MB)
	224500  -  ResidentSetSize of job (KB)
...
005 (339725.379.000) 01/29 16:41:17 Job terminated.
	(1) Normal termination (return value 0)
		Usr 0 00:00:08, Sys 0 00:00:03  -  Run Remote Usage
		Usr 0 00:00:00, Sys 0 00:00:00  -  Run Local Usage
		Usr 0 00:00:08, Sys 0 00:00:03  -  Total Remote Usage
		Usr 0 00:00:00, Sys 0 00:00:00  -  Total Local Usage
	719  -  Run Bytes Sent By Job
	10683  -  Run Bytes Received By Job
	719  -  Total Bytes Sent By Job
	10683  -  Total Bytes Received By Job
	Partitionable Resources :    Usage  Request Allocated 
	   Cpus                 :        0        1         1 
	   Disk (KB)            :       28  2048000   3784116 
	   Memory (MB)          :      220     2000      2000 
...
