000 (47439.273.000) 12/19 19:07:20 Job submitted from host: <155.230.20.251:9618?addrs=155.230.20.251-9618&noUDP&sock=930313_ea96_3>
...
001 (47439.273.000) 12/19 19:38:04 Job executing on host: <155.230.21.38:9618?addrs=155.230.21.38-9618&noUDP&sock=22636_fddf_3>
...
006 (47439.273.000) 12/19 19:38:13 Image size of job updated: 162648
	99  -  MemoryUsage of job (MB)
	100488  -  ResidentSetSize of job (KB)
...
006 (47439.273.000) 12/19 19:38:31 Image size of job updated: 300668
	99  -  MemoryUsage of job (MB)
	100536  -  ResidentSetSize of job (KB)
...
005 (47439.273.000) 12/19 19:38:31 Job terminated.
	(1) Normal termination (return value 0)
		Usr 0 00:00:14, Sys 0 00:00:01  -  Run Remote Usage
		Usr 0 00:00:00, Sys 0 00:00:00  -  Run Local Usage
		Usr 0 00:00:14, Sys 0 00:00:01  -  Total Remote Usage
		Usr 0 00:00:00, Sys 0 00:00:00  -  Total Local Usage
	554  -  Run Bytes Sent By Job
	10422  -  Run Bytes Received By Job
	554  -  Total Bytes Sent By Job
	10422  -  Total Bytes Received By Job
	Partitionable Resources :    Usage  Request Allocated 
	   Cpus                 :        0        1         1 
	   Disk (KB)            :       28  2048000   3666180 
	   Memory (MB)          :       99     2000      2000 
...
000 (339725.273.000) 01/29 16:03:29 Job submitted from host: <155.230.23.72:9618?addrs=155.230.23.72-9618&noUDP&sock=882541_4c40_3>
...
001 (339725.273.000) 01/29 16:39:40 Job executing on host: <155.230.21.94:9618?addrs=155.230.21.94-9618&noUDP&sock=10639_0c2d_48>
...
006 (339725.273.000) 01/29 16:39:49 Image size of job updated: 302508
	221  -  MemoryUsage of job (MB)
	225980  -  ResidentSetSize of job (KB)
...
006 (339725.273.000) 01/29 16:39:57 Image size of job updated: 312060
	221  -  MemoryUsage of job (MB)
	225980  -  ResidentSetSize of job (KB)
...
005 (339725.273.000) 01/29 16:39:57 Job terminated.
	(1) Normal termination (return value 0)
		Usr 0 00:00:08, Sys 0 00:00:03  -  Run Remote Usage
		Usr 0 00:00:00, Sys 0 00:00:00  -  Run Local Usage
		Usr 0 00:00:08, Sys 0 00:00:03  -  Total Remote Usage
		Usr 0 00:00:00, Sys 0 00:00:00  -  Total Local Usage
	719  -  Run Bytes Sent By Job
	10683  -  Run Bytes Received By Job
	719  -  Total Bytes Sent By Job
	10683  -  Total Bytes Received By Job
	Partitionable Resources :    Usage  Request Allocated 
	   Cpus                 :     0.02        1         1 
	   Disk (KB)            :    29     2048000   3782837 
	   Memory (MB)          :   221        2000      2000 
...
