000 (47439.304.000) 12/19 19:07:20 Job submitted from host: <155.230.20.251:9618?addrs=155.230.20.251-9618&noUDP&sock=930313_ea96_3>
...
001 (47439.304.000) 12/19 19:38:16 Job executing on host: <155.230.21.119:9618?addrs=155.230.21.119-9618&noUDP&sock=7399_ad53_3>
...
006 (47439.304.000) 12/19 19:38:24 Image size of job updated: 285232
	208  -  MemoryUsage of job (MB)
	212912  -  ResidentSetSize of job (KB)
...
006 (47439.304.000) 12/19 19:38:28 Image size of job updated: 300720
	208  -  MemoryUsage of job (MB)
	212912  -  ResidentSetSize of job (KB)
...
005 (47439.304.000) 12/19 19:38:28 Job terminated.
	(1) Normal termination (return value 0)
		Usr 0 00:00:10, Sys 0 00:00:01  -  Run Remote Usage
		Usr 0 00:00:00, Sys 0 00:00:00  -  Run Local Usage
		Usr 0 00:00:10, Sys 0 00:00:01  -  Total Remote Usage
		Usr 0 00:00:00, Sys 0 00:00:00  -  Total Local Usage
	554  -  Run Bytes Sent By Job
	10422  -  Run Bytes Received By Job
	554  -  Total Bytes Sent By Job
	10422  -  Total Bytes Received By Job
	Partitionable Resources :    Usage  Request Allocated 
	   Cpus                 :     0.04        1         1 
	   Disk (KB)            :    28     2048000   3709467 
	   Memory (MB)          :   208        2000      2000 
...
000 (339725.304.000) 01/29 16:03:29 Job submitted from host: <155.230.23.72:9618?addrs=155.230.23.72-9618&noUDP&sock=882541_4c40_3>
...
001 (339725.304.000) 01/29 16:39:53 Job executing on host: <155.230.21.97:9618?addrs=155.230.21.97-9618&noUDP&sock=19004_bde6_47>
...
006 (339725.304.000) 01/29 16:40:02 Image size of job updated: 213688
	143  -  MemoryUsage of job (MB)
	146200  -  ResidentSetSize of job (KB)
...
006 (339725.304.000) 01/29 16:40:18 Image size of job updated: 1541996
	143  -  MemoryUsage of job (MB)
	146364  -  ResidentSetSize of job (KB)
...
005 (339725.304.000) 01/29 16:40:18 Job terminated.
	(1) Normal termination (return value 0)
		Usr 0 00:00:12, Sys 0 00:00:04  -  Run Remote Usage
		Usr 0 00:00:00, Sys 0 00:00:00  -  Run Local Usage
		Usr 0 00:00:12, Sys 0 00:00:04  -  Total Remote Usage
		Usr 0 00:00:00, Sys 0 00:00:00  -  Total Local Usage
	719  -  Run Bytes Sent By Job
	10683  -  Run Bytes Received By Job
	719  -  Total Bytes Sent By Job
	10683  -  Total Bytes Received By Job
	Partitionable Resources :    Usage  Request Allocated 
	   Cpus                 :     0.03        1         1 
	   Disk (KB)            :    28     2048000   3784333 
	   Memory (MB)          :   143        2000      2000 
...
