000 (47439.818.000) 12/19 19:07:21 Job submitted from host: <155.230.20.251:9618?addrs=155.230.20.251-9618&noUDP&sock=930313_ea96_3>
...
001 (47439.818.000) 12/19 19:49:20 Job executing on host: <155.230.21.98:9618?addrs=155.230.21.98-9618&noUDP&sock=16526_0a37_3>
...
006 (47439.818.000) 12/19 19:49:29 Image size of job updated: 229464
	159  -  MemoryUsage of job (MB)
	162332  -  ResidentSetSize of job (KB)
...
006 (47439.818.000) 12/19 19:49:38 Image size of job updated: 298028
	159  -  MemoryUsage of job (MB)
	162336  -  ResidentSetSize of job (KB)
...
005 (47439.818.000) 12/19 19:49:38 Job terminated.
	(1) Normal termination (return value 0)
		Usr 0 00:00:10, Sys 0 00:00:01  -  Run Remote Usage
		Usr 0 00:00:00, Sys 0 00:00:00  -  Run Local Usage
		Usr 0 00:00:10, Sys 0 00:00:01  -  Total Remote Usage
		Usr 0 00:00:00, Sys 0 00:00:00  -  Total Local Usage
	554  -  Run Bytes Sent By Job
	10422  -  Run Bytes Received By Job
	554  -  Total Bytes Sent By Job
	10422  -  Total Bytes Received By Job
	Partitionable Resources :    Usage  Request Allocated 
	   Cpus                 :        0        1         1 
	   Disk (KB)            :       28  2048000   3676021 
	   Memory (MB)          :      159     2000      2000 
...
