000 (47439.131.000) 12/19 19:07:20 Job submitted from host: <155.230.20.251:9618?addrs=155.230.20.251-9618&noUDP&sock=930313_ea96_3>
...
001 (47439.131.000) 12/19 19:34:18 Job executing on host: <155.230.21.117:9618?addrs=155.230.21.117-9618&noUDP&sock=8728_42b0_3>
...
006 (47439.131.000) 12/19 19:34:26 Image size of job updated: 301180
	220  -  MemoryUsage of job (MB)
	224948  -  ResidentSetSize of job (KB)
...
006 (47439.131.000) 12/19 19:34:28 Image size of job updated: 547404
	220  -  MemoryUsage of job (MB)
	224948  -  ResidentSetSize of job (KB)
...
005 (47439.131.000) 12/19 19:34:28 Job terminated.
	(1) Normal termination (return value 0)
		Usr 0 00:00:08, Sys 0 00:00:00  -  Run Remote Usage
		Usr 0 00:00:00, Sys 0 00:00:00  -  Run Local Usage
		Usr 0 00:00:08, Sys 0 00:00:00  -  Total Remote Usage
		Usr 0 00:00:00, Sys 0 00:00:00  -  Total Local Usage
	554  -  Run Bytes Sent By Job
	10422  -  Run Bytes Received By Job
	554  -  Total Bytes Sent By Job
	10422  -  Total Bytes Received By Job
	Partitionable Resources :    Usage  Request Allocated 
	   Cpus                 :     0.03        1         1 
	   Disk (KB)            :    28     2048000   3710066 
	   Memory (MB)          :   220        2000      2000 
...
000 (339725.131.000) 01/29 16:03:29 Job submitted from host: <155.230.23.72:9618?addrs=155.230.23.72-9618&noUDP&sock=882541_4c40_3>
...
001 (339725.131.000) 01/29 16:37:27 Job executing on host: <155.230.21.72:9618?addrs=155.230.21.72-9618&noUDP&sock=23623_fdd9_3>
...
006 (339725.131.000) 01/29 16:37:35 Image size of job updated: 86460
	43  -  MemoryUsage of job (MB)
	43800  -  ResidentSetSize of job (KB)
...
006 (339725.131.000) 01/29 16:38:00 Image size of job updated: 305796
	43  -  MemoryUsage of job (MB)
	43800  -  ResidentSetSize of job (KB)
...
005 (339725.131.000) 01/29 16:38:00 Job terminated.
	(1) Normal termination (return value 0)
		Usr 0 00:00:14, Sys 0 00:00:02  -  Run Remote Usage
		Usr 0 00:00:00, Sys 0 00:00:00  -  Run Local Usage
		Usr 0 00:00:14, Sys 0 00:00:02  -  Total Remote Usage
		Usr 0 00:00:00, Sys 0 00:00:00  -  Total Local Usage
	719  -  Run Bytes Sent By Job
	10683  -  Run Bytes Received By Job
	719  -  Total Bytes Sent By Job
	10683  -  Total Bytes Received By Job
	Partitionable Resources :    Usage  Request Allocated 
	   Cpus                 :        0        1         1 
	   Disk (KB)            :       28  2048000   3695198 
	   Memory (MB)          :       43     2000      2000 
...
