000 (47439.617.000) 12/19 19:07:21 Job submitted from host: <155.230.20.251:9618?addrs=155.230.20.251-9618&noUDP&sock=930313_ea96_3>
...
001 (47439.617.000) 12/19 19:45:14 Job executing on host: <155.230.21.90:9618?addrs=155.230.21.90-9618&noUDP&sock=1536_258f_3>
...
006 (47439.617.000) 12/19 19:45:22 Image size of job updated: 300512
	220  -  MemoryUsage of job (MB)
	224280  -  ResidentSetSize of job (KB)
...
005 (47439.617.000) 12/19 19:45:23 Job terminated.
	(1) Normal termination (return value 0)
		Usr 0 00:00:07, Sys 0 00:00:00  -  Run Remote Usage
		Usr 0 00:00:00, Sys 0 00:00:00  -  Run Local Usage
		Usr 0 00:00:07, Sys 0 00:00:00  -  Total Remote Usage
		Usr 0 00:00:00, Sys 0 00:00:00  -  Total Local Usage
	554  -  Run Bytes Sent By Job
	10422  -  Run Bytes Received By Job
	554  -  Total Bytes Sent By Job
	10422  -  Total Bytes Received By Job
	Partitionable Resources :    Usage  Request Allocated 
	   Cpus                 :        0        1         1 
	   Disk (KB)            :       28  2048000   3712360 
	   Memory (MB)          :      220     2000      2000 
...
000 (339725.617.000) 01/29 16:03:30 Job submitted from host: <155.230.23.72:9618?addrs=155.230.23.72-9618&noUDP&sock=882541_4c40_3>
...
001 (339725.617.000) 01/29 16:45:49 Job executing on host: <155.230.21.33:9618?addrs=155.230.21.33-9618&noUDP&sock=18775_aab5_3>
...
006 (339725.617.000) 01/29 16:45:58 Image size of job updated: 119504
	66  -  MemoryUsage of job (MB)
	66948  -  ResidentSetSize of job (KB)
...
006 (339725.617.000) 01/29 16:47:03 Image size of job updated: 1545748
	66  -  MemoryUsage of job (MB)
	66948  -  ResidentSetSize of job (KB)
...
005 (339725.617.000) 01/29 16:47:03 Job terminated.
	(1) Normal termination (return value 0)
		Usr 0 00:00:16, Sys 0 00:00:06  -  Run Remote Usage
		Usr 0 00:00:00, Sys 0 00:00:00  -  Run Local Usage
		Usr 0 00:00:16, Sys 0 00:00:06  -  Total Remote Usage
		Usr 0 00:00:00, Sys 0 00:00:00  -  Total Local Usage
	719  -  Run Bytes Sent By Job
	10683  -  Run Bytes Received By Job
	719  -  Total Bytes Sent By Job
	10683  -  Total Bytes Received By Job
	Partitionable Resources :    Usage  Request Allocated 
	   Cpus                 :     0.13        1         1 
	   Disk (KB)            :    29     2048000   3679636 
	   Memory (MB)          :    66        2000      2000 
...
