000 (47439.530.000) 12/19 19:07:20 Job submitted from host: <155.230.20.251:9618?addrs=155.230.20.251-9618&noUDP&sock=930313_ea96_3>
...
001 (47439.530.000) 12/19 19:43:18 Job executing on host: <155.230.21.121:9618?addrs=155.230.21.121-9618&noUDP&sock=28110_b34c_3>
...
006 (47439.530.000) 12/19 19:43:26 Image size of job updated: 300560
	220  -  MemoryUsage of job (MB)
	224328  -  ResidentSetSize of job (KB)
...
006 (47439.530.000) 12/19 19:43:27 Image size of job updated: 300568
	220  -  MemoryUsage of job (MB)
	224336  -  ResidentSetSize of job (KB)
...
005 (47439.530.000) 12/19 19:43:28 Job terminated.
	(1) Normal termination (return value 0)
		Usr 0 00:00:08, Sys 0 00:00:00  -  Run Remote Usage
		Usr 0 00:00:00, Sys 0 00:00:00  -  Run Local Usage
		Usr 0 00:00:08, Sys 0 00:00:00  -  Total Remote Usage
		Usr 0 00:00:00, Sys 0 00:00:00  -  Total Local Usage
	554  -  Run Bytes Sent By Job
	10422  -  Run Bytes Received By Job
	554  -  Total Bytes Sent By Job
	10422  -  Total Bytes Received By Job
	Partitionable Resources :    Usage  Request Allocated 
	   Cpus                 :        0        1         1 
	   Disk (KB)            :       28  2048000   3709756 
	   Memory (MB)          :      220     2000      2000 
...
000 (339725.530.000) 01/29 16:03:29 Job submitted from host: <155.230.23.72:9618?addrs=155.230.23.72-9618&noUDP&sock=882541_4c40_3>
...
001 (339725.530.000) 01/29 16:43:57 Job executing on host: <155.230.21.84:9618?addrs=155.230.21.84-9618+[2407-c000-c024-0-beae-c5ff-fe4e-98ef]-9618&noUDP&sock=29804_a4bb_6>
...
006 (339725.530.000) 01/29 16:44:06 Image size of job updated: 301872
	220  -  MemoryUsage of job (MB)
	224520  -  ResidentSetSize of job (KB)
...
006 (339725.530.000) 01/29 16:44:12 Image size of job updated: 320328
	220  -  MemoryUsage of job (MB)
	224520  -  ResidentSetSize of job (KB)
...
005 (339725.530.000) 01/29 16:44:12 Job terminated.
	(1) Normal termination (return value 0)
		Usr 0 00:00:09, Sys 0 00:00:03  -  Run Remote Usage
		Usr 0 00:00:00, Sys 0 00:00:00  -  Run Local Usage
		Usr 0 00:00:09, Sys 0 00:00:03  -  Total Remote Usage
		Usr 0 00:00:00, Sys 0 00:00:00  -  Total Local Usage
	719  -  Run Bytes Sent By Job
	10683  -  Run Bytes Received By Job
	719  -  Total Bytes Sent By Job
	10683  -  Total Bytes Received By Job
	Partitionable Resources :    Usage  Request Allocated 
	   Cpus                 :        0        1         1 
	   Disk (KB)            :       29  2048000   3836532 
	   Memory (MB)          :      220     2000      2000 
...
