000 (47439.473.000) 12/19 19:07:20 Job submitted from host: <155.230.20.251:9618?addrs=155.230.20.251-9618&noUDP&sock=930313_ea96_3>
...
001 (47439.473.000) 12/19 19:42:11 Job executing on host: <155.230.21.85:9618?addrs=155.230.21.85-9618&noUDP&sock=1521_dba3_3>
...
006 (47439.473.000) 12/19 19:42:20 Image size of job updated: 300132
	219  -  MemoryUsage of job (MB)
	223900  -  ResidentSetSize of job (KB)
...
006 (47439.473.000) 12/19 19:42:21 Image size of job updated: 304136
	219  -  MemoryUsage of job (MB)
	223900  -  ResidentSetSize of job (KB)
...
005 (47439.473.000) 12/19 19:42:21 Job terminated.
	(1) Normal termination (return value 0)
		Usr 0 00:00:07, Sys 0 00:00:00  -  Run Remote Usage
		Usr 0 00:00:00, Sys 0 00:00:00  -  Run Local Usage
		Usr 0 00:00:07, Sys 0 00:00:00  -  Total Remote Usage
		Usr 0 00:00:00, Sys 0 00:00:00  -  Total Local Usage
	554  -  Run Bytes Sent By Job
	10422  -  Run Bytes Received By Job
	554  -  Total Bytes Sent By Job
	10422  -  Total Bytes Received By Job
	Partitionable Resources :    Usage  Request Allocated 
	   Cpus                 :        0        1         1 
	   Disk (KB)            :       28  2048000   3711575 
	   Memory (MB)          :      219     2000      2000 
...
000 (339725.473.000) 01/29 16:03:29 Job submitted from host: <155.230.23.72:9618?addrs=155.230.23.72-9618&noUDP&sock=882541_4c40_3>
...
001 (339725.473.000) 01/29 16:42:56 Job executing on host: <155.230.21.108:9618?addrs=155.230.21.108-9618&noUDP&sock=779_e85d_48>
...
006 (339725.473.000) 01/29 16:43:05 Image size of job updated: 291024
	212  -  MemoryUsage of job (MB)
	216196  -  ResidentSetSize of job (KB)
...
006 (339725.473.000) 01/29 16:43:10 Image size of job updated: 302736
	212  -  MemoryUsage of job (MB)
	216196  -  ResidentSetSize of job (KB)
...
005 (339725.473.000) 01/29 16:43:10 Job terminated.
	(1) Normal termination (return value 0)
		Usr 0 00:00:09, Sys 0 00:00:01  -  Run Remote Usage
		Usr 0 00:00:00, Sys 0 00:00:00  -  Run Local Usage
		Usr 0 00:00:09, Sys 0 00:00:01  -  Total Remote Usage
		Usr 0 00:00:00, Sys 0 00:00:00  -  Total Local Usage
	719  -  Run Bytes Sent By Job
	10683  -  Run Bytes Received By Job
	719  -  Total Bytes Sent By Job
	10683  -  Total Bytes Received By Job
	Partitionable Resources :    Usage  Request Allocated 
	   Cpus                 :        0        1         1 
	   Disk (KB)            :       28  2048000   3842793 
	   Memory (MB)          :      212     2000      2000 
...
