000 (47439.440.000) 12/19 19:07:20 Job submitted from host: <155.230.20.251:9618?addrs=155.230.20.251-9618&noUDP&sock=930313_ea96_3>
...
001 (47439.440.000) 12/19 19:41:17 Job executing on host: <155.230.21.121:9618?addrs=155.230.21.121-9618&noUDP&sock=28110_b34c_3>
...
006 (47439.440.000) 12/19 19:41:25 Image size of job updated: 298664
	218  -  MemoryUsage of job (MB)
	222624  -  ResidentSetSize of job (KB)
...
006 (47439.440.000) 12/19 19:41:27 Image size of job updated: 301812
	218  -  MemoryUsage of job (MB)
	222624  -  ResidentSetSize of job (KB)
...
005 (47439.440.000) 12/19 19:41:27 Job terminated.
	(1) Normal termination (return value 0)
		Usr 0 00:00:08, Sys 0 00:00:00  -  Run Remote Usage
		Usr 0 00:00:00, Sys 0 00:00:00  -  Run Local Usage
		Usr 0 00:00:08, Sys 0 00:00:00  -  Total Remote Usage
		Usr 0 00:00:00, Sys 0 00:00:00  -  Total Local Usage
	554  -  Run Bytes Sent By Job
	10422  -  Run Bytes Received By Job
	554  -  Total Bytes Sent By Job
	10422  -  Total Bytes Received By Job
	Partitionable Resources :    Usage  Request Allocated 
	   Cpus                 :        0        1         1 
	   Disk (KB)            :       28  2048000   3709756 
	   Memory (MB)          :      218     2000      2000 
...
000 (339725.440.000) 01/29 16:03:29 Job submitted from host: <155.230.23.72:9618?addrs=155.230.23.72-9618&noUDP&sock=882541_4c40_3>
...
001 (339725.440.000) 01/29 16:42:02 Job executing on host: <155.230.21.118:9618?addrs=155.230.21.118-9618&noUDP&sock=12615_6b51_47>
...
006 (339725.440.000) 01/29 16:42:10 Image size of job updated: 274180
	197  -  MemoryUsage of job (MB)
	201588  -  ResidentSetSize of job (KB)
...
006 (339725.440.000) 01/29 16:42:22 Image size of job updated: 318496
	197  -  MemoryUsage of job (MB)
	201588  -  ResidentSetSize of job (KB)
...
005 (339725.440.000) 01/29 16:42:22 Job terminated.
	(1) Normal termination (return value 0)
		Usr 0 00:00:12, Sys 0 00:00:04  -  Run Remote Usage
		Usr 0 00:00:00, Sys 0 00:00:00  -  Run Local Usage
		Usr 0 00:00:12, Sys 0 00:00:04  -  Total Remote Usage
		Usr 0 00:00:00, Sys 0 00:00:00  -  Total Local Usage
	719  -  Run Bytes Sent By Job
	10683  -  Run Bytes Received By Job
	719  -  Total Bytes Sent By Job
	10683  -  Total Bytes Received By Job
	Partitionable Resources :    Usage  Request Allocated 
	   Cpus                 :        0        1         1 
	   Disk (KB)            :       28  2048000   3791537 
	   Memory (MB)          :      197     2000      2000 
...
