000 (47439.905.000) 12/19 19:07:21 Job submitted from host: <155.230.20.251:9618?addrs=155.230.20.251-9618&noUDP&sock=930313_ea96_3>
...
001 (47439.905.000) 12/19 19:51:22 Job executing on host: <155.230.21.99:9618?addrs=155.230.21.99-9618&noUDP&sock=12118_84bf_3>
...
006 (47439.905.000) 12/19 19:51:30 Image size of job updated: 247288
	176  -  MemoryUsage of job (MB)
	179476  -  ResidentSetSize of job (KB)
...
006 (47439.905.000) 12/19 19:51:36 Image size of job updated: 300764
	176  -  MemoryUsage of job (MB)
	179524  -  ResidentSetSize of job (KB)
...
005 (47439.905.000) 12/19 19:51:36 Job terminated.
	(1) Normal termination (return value 0)
		Usr 0 00:00:10, Sys 0 00:00:01  -  Run Remote Usage
		Usr 0 00:00:00, Sys 0 00:00:00  -  Run Local Usage
		Usr 0 00:00:10, Sys 0 00:00:01  -  Total Remote Usage
		Usr 0 00:00:00, Sys 0 00:00:00  -  Total Local Usage
	554  -  Run Bytes Sent By Job
	10422  -  Run Bytes Received By Job
	554  -  Total Bytes Sent By Job
	10422  -  Total Bytes Received By Job
	Partitionable Resources :    Usage  Request Allocated 
	   Cpus                 :        0        1         1 
	   Disk (KB)            :       28  2048000   3707744 
	   Memory (MB)          :      176     2000      2000 
...
000 (339725.905.000) 01/29 16:03:30 Job submitted from host: <155.230.23.72:9618?addrs=155.230.23.72-9618&noUDP&sock=882541_4c40_3>
...
001 (339725.905.000) 01/29 16:50:58 Job executing on host: <155.230.21.86:9618?addrs=155.230.21.86-9618&noUDP&sock=20085_37c6_47>
...
006 (339725.905.000) 01/29 16:51:06 Image size of job updated: 291432
	212  -  MemoryUsage of job (MB)
	216204  -  ResidentSetSize of job (KB)
...
006 (339725.905.000) 01/29 16:51:15 Image size of job updated: 1539972
	212  -  MemoryUsage of job (MB)
	216216  -  ResidentSetSize of job (KB)
...
005 (339725.905.000) 01/29 16:51:15 Job terminated.
	(1) Normal termination (return value 0)
		Usr 0 00:00:08, Sys 0 00:00:03  -  Run Remote Usage
		Usr 0 00:00:00, Sys 0 00:00:00  -  Run Local Usage
		Usr 0 00:00:08, Sys 0 00:00:03  -  Total Remote Usage
		Usr 0 00:00:00, Sys 0 00:00:00  -  Total Local Usage
	719  -  Run Bytes Sent By Job
	10683  -  Run Bytes Received By Job
	719  -  Total Bytes Sent By Job
	10683  -  Total Bytes Received By Job
	Partitionable Resources :    Usage  Request Allocated 
	   Cpus                 :        0        1         1 
	   Disk (KB)            :       28  2048000   3827117 
	   Memory (MB)          :      212     2000      2000 
...
