000 (47439.409.000) 12/19 19:07:20 Job submitted from host: <155.230.20.251:9618?addrs=155.230.20.251-9618&noUDP&sock=930313_ea96_3>
...
001 (47439.409.000) 12/19 19:41:04 Job executing on host: <155.230.21.42:9618?addrs=155.230.21.42-9618&noUDP&sock=2987_697a_3>
...
006 (47439.409.000) 12/19 19:41:13 Image size of job updated: 138868
	75  -  MemoryUsage of job (MB)
	76308  -  ResidentSetSize of job (KB)
...
006 (47439.409.000) 12/19 19:41:32 Image size of job updated: 301456
	75  -  MemoryUsage of job (MB)
	76516  -  ResidentSetSize of job (KB)
...
005 (47439.409.000) 12/19 19:41:32 Job terminated.
	(1) Normal termination (return value 0)
		Usr 0 00:00:13, Sys 0 00:00:01  -  Run Remote Usage
		Usr 0 00:00:00, Sys 0 00:00:00  -  Run Local Usage
		Usr 0 00:00:13, Sys 0 00:00:01  -  Total Remote Usage
		Usr 0 00:00:00, Sys 0 00:00:00  -  Total Local Usage
	554  -  Run Bytes Sent By Job
	10422  -  Run Bytes Received By Job
	554  -  Total Bytes Sent By Job
	10422  -  Total Bytes Received By Job
	Partitionable Resources :    Usage  Request Allocated 
	   Cpus                 :        0        1         1 
	   Disk (KB)            :       28  2048000   3669141 
	   Memory (MB)          :       75     2000      2000 
...
000 (339725.409.000) 01/29 16:03:29 Job submitted from host: <155.230.23.72:9618?addrs=155.230.23.72-9618&noUDP&sock=882541_4c40_3>
...
001 (339725.409.000) 01/29 16:41:51 Job executing on host: <155.230.21.97:9618?addrs=155.230.21.97-9618&noUDP&sock=19004_bde6_47>
...
006 (339725.409.000) 01/29 16:41:59 Image size of job updated: 230196
	159  -  MemoryUsage of job (MB)
	162652  -  ResidentSetSize of job (KB)
...
006 (339725.409.000) 01/29 16:42:15 Image size of job updated: 318676
	159  -  MemoryUsage of job (MB)
	162652  -  ResidentSetSize of job (KB)
...
005 (339725.409.000) 01/29 16:42:15 Job terminated.
	(1) Normal termination (return value 0)
		Usr 0 00:00:12, Sys 0 00:00:04  -  Run Remote Usage
		Usr 0 00:00:00, Sys 0 00:00:00  -  Run Local Usage
		Usr 0 00:00:12, Sys 0 00:00:04  -  Total Remote Usage
		Usr 0 00:00:00, Sys 0 00:00:00  -  Total Local Usage
	719  -  Run Bytes Sent By Job
	10683  -  Run Bytes Received By Job
	719  -  Total Bytes Sent By Job
	10683  -  Total Bytes Received By Job
	Partitionable Resources :    Usage  Request Allocated 
	   Cpus                 :        0        1         1 
	   Disk (KB)            :       28  2048000   3784333 
	   Memory (MB)          :      159     2000      2000 
...
