000 (47439.555.000) 12/19 19:07:20 Job submitted from host: <155.230.20.251:9618?addrs=155.230.20.251-9618&noUDP&sock=930313_ea96_3>
...
001 (47439.555.000) 12/19 19:44:10 Job executing on host: <155.230.21.108:9618?addrs=155.230.21.108-9618&noUDP&sock=779_e85d_3>
...
006 (47439.555.000) 12/19 19:44:19 Image size of job updated: 302124
	221  -  MemoryUsage of job (MB)
	225912  -  ResidentSetSize of job (KB)
...
005 (47439.555.000) 12/19 19:44:21 Job terminated.
	(1) Normal termination (return value 0)
		Usr 0 00:00:08, Sys 0 00:00:00  -  Run Remote Usage
		Usr 0 00:00:00, Sys 0 00:00:00  -  Run Local Usage
		Usr 0 00:00:08, Sys 0 00:00:00  -  Total Remote Usage
		Usr 0 00:00:00, Sys 0 00:00:00  -  Total Local Usage
	554  -  Run Bytes Sent By Job
	10422  -  Run Bytes Received By Job
	554  -  Total Bytes Sent By Job
	10422  -  Total Bytes Received By Job
	Partitionable Resources :    Usage  Request Allocated 
	   Cpus                 :     0.03        1         1 
	   Disk (KB)            :    28     2048000   3664171 
	   Memory (MB)          :   221        2000      2000 
...
000 (339725.555.000) 01/29 16:03:30 Job submitted from host: <155.230.23.72:9618?addrs=155.230.23.72-9618&noUDP&sock=882541_4c40_3>
...
001 (339725.555.000) 01/29 16:44:48 Job executing on host: <155.230.21.34:9618?addrs=155.230.21.34-9618&noUDP&sock=3883_fe56_3>
...
006 (339725.555.000) 01/29 16:44:57 Image size of job updated: 114960
	65  -  MemoryUsage of job (MB)
	65744  -  ResidentSetSize of job (KB)
...
006 (339725.555.000) 01/29 16:46:01 Image size of job updated: 114960
	65  -  MemoryUsage of job (MB)
	65756  -  ResidentSetSize of job (KB)
...
005 (339725.555.000) 01/29 16:46:01 Job terminated.
	(1) Normal termination (return value 0)
		Usr 0 00:00:16, Sys 0 00:00:06  -  Run Remote Usage
		Usr 0 00:00:00, Sys 0 00:00:00  -  Run Local Usage
		Usr 0 00:00:16, Sys 0 00:00:06  -  Total Remote Usage
		Usr 0 00:00:00, Sys 0 00:00:00  -  Total Local Usage
	719  -  Run Bytes Sent By Job
	10683  -  Run Bytes Received By Job
	719  -  Total Bytes Sent By Job
	10683  -  Total Bytes Received By Job
	Partitionable Resources :    Usage  Request Allocated 
	   Cpus                 :     0.13        1         1 
	   Disk (KB)            :    29     2048000   3677810 
	   Memory (MB)          :    65        2000      2000 
...
