000 (47439.095.000) 12/19 19:07:20 Job submitted from host: <155.230.20.251:9618?addrs=155.230.20.251-9618&noUDP&sock=930313_ea96_3>
...
001 (47439.095.000) 12/19 19:34:06 Job executing on host: <155.230.21.42:9618?addrs=155.230.21.42-9618&noUDP&sock=2987_697a_3>
...
006 (47439.095.000) 12/19 19:34:14 Image size of job updated: 117048
	66  -  MemoryUsage of job (MB)
	66884  -  ResidentSetSize of job (KB)
...
006 (47439.095.000) 12/19 19:34:36 Image size of job updated: 305000
	66  -  MemoryUsage of job (MB)
	66884  -  ResidentSetSize of job (KB)
...
005 (47439.095.000) 12/19 19:34:36 Job terminated.
	(1) Normal termination (return value 0)
		Usr 0 00:00:13, Sys 0 00:00:01  -  Run Remote Usage
		Usr 0 00:00:00, Sys 0 00:00:00  -  Run Local Usage
		Usr 0 00:00:13, Sys 0 00:00:01  -  Total Remote Usage
		Usr 0 00:00:00, Sys 0 00:00:00  -  Total Local Usage
	554  -  Run Bytes Sent By Job
	10422  -  Run Bytes Received By Job
	554  -  Total Bytes Sent By Job
	10422  -  Total Bytes Received By Job
	Partitionable Resources :    Usage  Request Allocated 
	   Cpus                 :        0        1         1 
	   Disk (KB)            :       28  2048000   3669141 
	   Memory (MB)          :       66     2000      2000 
...
000 (339725.095.000) 01/29 16:03:29 Job submitted from host: <155.230.23.72:9618?addrs=155.230.23.72-9618&noUDP&sock=882541_4c40_3>
...
001 (339725.095.000) 01/29 16:36:33 Job executing on host: <155.230.21.100:9618?addrs=155.230.21.100-9618&noUDP&sock=9525_efac_48>
...
006 (339725.095.000) 01/29 16:36:41 Image size of job updated: 246636
	175  -  MemoryUsage of job (MB)
	178396  -  ResidentSetSize of job (KB)
...
006 (339725.095.000) 01/29 16:37:00 Image size of job updated: 314708
	175  -  MemoryUsage of job (MB)
	178396  -  ResidentSetSize of job (KB)
...
005 (339725.095.000) 01/29 16:37:00 Job terminated.
	(1) Normal termination (return value 0)
		Usr 0 00:00:13, Sys 0 00:00:04  -  Run Remote Usage
		Usr 0 00:00:00, Sys 0 00:00:00  -  Run Local Usage
		Usr 0 00:00:13, Sys 0 00:00:04  -  Total Remote Usage
		Usr 0 00:00:00, Sys 0 00:00:00  -  Total Local Usage
	718  -  Run Bytes Sent By Job
	10683  -  Run Bytes Received By Job
	718  -  Total Bytes Sent By Job
	10683  -  Total Bytes Received By Job
	Partitionable Resources :    Usage  Request Allocated 
	   Cpus                 :        0        1         1 
	   Disk (KB)            :       28  2048000   3785181 
	   Memory (MB)          :      175     2000      2000 
...
