000 (47439.592.000) 12/19 19:07:21 Job submitted from host: <155.230.20.251:9618?addrs=155.230.20.251-9618&noUDP&sock=930313_ea96_3>
...
001 (47439.592.000) 12/19 19:45:06 Job executing on host: <155.230.21.97:9618?addrs=155.230.21.97-9618&noUDP&sock=19004_bde6_3>
...
006 (47439.592.000) 12/19 19:45:14 Image size of job updated: 117056
	66  -  MemoryUsage of job (MB)
	66888  -  ResidentSetSize of job (KB)
...
006 (47439.592.000) 12/19 19:45:32 Image size of job updated: 299452
	66  -  MemoryUsage of job (MB)
	66888  -  ResidentSetSize of job (KB)
...
005 (47439.592.000) 12/19 19:45:33 Job terminated.
	(1) Normal termination (return value 0)
		Usr 0 00:00:11, Sys 0 00:00:01  -  Run Remote Usage
		Usr 0 00:00:00, Sys 0 00:00:00  -  Run Local Usage
		Usr 0 00:00:11, Sys 0 00:00:01  -  Total Remote Usage
		Usr 0 00:00:00, Sys 0 00:00:00  -  Total Local Usage
	554  -  Run Bytes Sent By Job
	10422  -  Run Bytes Received By Job
	554  -  Total Bytes Sent By Job
	10422  -  Total Bytes Received By Job
	Partitionable Resources :    Usage  Request Allocated 
	   Cpus                 :        0        1         1 
	   Disk (KB)            :       28  2048000   3673156 
	   Memory (MB)          :       66     2000      2000 
...
000 (339725.592.000) 01/29 16:03:30 Job submitted from host: <155.230.23.72:9618?addrs=155.230.23.72-9618&noUDP&sock=882541_4c40_3>
...
001 (339725.592.000) 01/29 16:45:00 Job executing on host: <155.230.21.81:9618?addrs=155.230.21.81-9618&noUDP&sock=1515_be12_36>
...
006 (339725.592.000) 01/29 16:45:08 Image size of job updated: 291964
	213  -  MemoryUsage of job (MB)
	217836  -  ResidentSetSize of job (KB)
...
006 (339725.592.000) 01/29 16:45:23 Image size of job updated: 312412
	213  -  MemoryUsage of job (MB)
	217836  -  ResidentSetSize of job (KB)
...
005 (339725.592.000) 01/29 16:45:23 Job terminated.
	(1) Normal termination (return value 0)
		Usr 0 00:00:09, Sys 0 00:00:03  -  Run Remote Usage
		Usr 0 00:00:00, Sys 0 00:00:00  -  Run Local Usage
		Usr 0 00:00:09, Sys 0 00:00:03  -  Total Remote Usage
		Usr 0 00:00:00, Sys 0 00:00:00  -  Total Local Usage
	719  -  Run Bytes Sent By Job
	10683  -  Run Bytes Received By Job
	719  -  Total Bytes Sent By Job
	10683  -  Total Bytes Received By Job
	Partitionable Resources :    Usage  Request Allocated 
	   Cpus                 :        0        1         1 
	   Disk (KB)            :       28  2048000   3790577 
	   Memory (MB)          :      213     2000      2000 
...
