000 (47439.102.000) 12/19 19:07:20 Job submitted from host: <155.230.20.251:9618?addrs=155.230.20.251-9618&noUDP&sock=930313_ea96_3>
...
001 (47439.102.000) 12/19 19:34:07 Job executing on host: <155.230.21.98:9618?addrs=155.230.21.98-9618&noUDP&sock=16526_0a37_3>
...
006 (47439.102.000) 12/19 19:34:16 Image size of job updated: 239160
	168  -  MemoryUsage of job (MB)
	171912  -  ResidentSetSize of job (KB)
...
006 (47439.102.000) 12/19 19:34:23 Image size of job updated: 300444
	168  -  MemoryUsage of job (MB)
	171928  -  ResidentSetSize of job (KB)
...
005 (47439.102.000) 12/19 19:34:23 Job terminated.
	(1) Normal termination (return value 0)
		Usr 0 00:00:10, Sys 0 00:00:01  -  Run Remote Usage
		Usr 0 00:00:00, Sys 0 00:00:00  -  Run Local Usage
		Usr 0 00:00:10, Sys 0 00:00:01  -  Total Remote Usage
		Usr 0 00:00:00, Sys 0 00:00:00  -  Total Local Usage
	554  -  Run Bytes Sent By Job
	10422  -  Run Bytes Received By Job
	554  -  Total Bytes Sent By Job
	10422  -  Total Bytes Received By Job
	Partitionable Resources :    Usage  Request Allocated 
	   Cpus                 :     0.03        1         1 
	   Disk (KB)            :    28     2048000   3676021 
	   Memory (MB)          :   168        2000      2000 
...
000 (339725.102.000) 01/29 16:03:29 Job submitted from host: <155.230.23.72:9618?addrs=155.230.23.72-9618&noUDP&sock=882541_4c40_3>
...
001 (339725.102.000) 01/29 16:36:36 Job executing on host: <155.230.21.112:9618?addrs=155.230.21.112-9618&noUDP&sock=22175_c8b6_48>
...
006 (339725.102.000) 01/29 16:36:45 Image size of job updated: 291532
	212  -  MemoryUsage of job (MB)
	216304  -  ResidentSetSize of job (KB)
...
006 (339725.102.000) 01/29 16:36:55 Image size of job updated: 1542936
	212  -  MemoryUsage of job (MB)
	216304  -  ResidentSetSize of job (KB)
...
005 (339725.102.000) 01/29 16:36:56 Job terminated.
	(1) Normal termination (return value 0)
		Usr 0 00:00:10, Sys 0 00:00:04  -  Run Remote Usage
		Usr 0 00:00:00, Sys 0 00:00:00  -  Run Local Usage
		Usr 0 00:00:10, Sys 0 00:00:04  -  Total Remote Usage
		Usr 0 00:00:00, Sys 0 00:00:00  -  Total Local Usage
	719  -  Run Bytes Sent By Job
	10683  -  Run Bytes Received By Job
	719  -  Total Bytes Sent By Job
	10683  -  Total Bytes Received By Job
	Partitionable Resources :    Usage  Request Allocated 
	   Cpus                 :        0        1         1 
	   Disk (KB)            :       28  2048000   3840615 
	   Memory (MB)          :      212     2000      2000 
...
