000 (47439.597.000) 12/19 19:07:21 Job submitted from host: <155.230.20.251:9618?addrs=155.230.20.251-9618&noUDP&sock=930313_ea96_3>
...
001 (47439.597.000) 12/19 19:45:07 Job executing on host: <155.230.21.98:9618?addrs=155.230.21.98-9618&noUDP&sock=16526_0a37_3>
...
006 (47439.597.000) 12/19 19:45:16 Image size of job updated: 290144
	211  -  MemoryUsage of job (MB)
	215624  -  ResidentSetSize of job (KB)
...
005 (47439.597.000) 12/19 19:45:20 Job terminated.
	(1) Normal termination (return value 0)
		Usr 0 00:00:10, Sys 0 00:00:00  -  Run Remote Usage
		Usr 0 00:00:00, Sys 0 00:00:00  -  Run Local Usage
		Usr 0 00:00:10, Sys 0 00:00:00  -  Total Remote Usage
		Usr 0 00:00:00, Sys 0 00:00:00  -  Total Local Usage
	554  -  Run Bytes Sent By Job
	10422  -  Run Bytes Received By Job
	554  -  Total Bytes Sent By Job
	10422  -  Total Bytes Received By Job
	Partitionable Resources :    Usage  Request Allocated 
	   Cpus                 :        0        1         1 
	   Disk (KB)            :       28  2048000   3676021 
	   Memory (MB)          :      211     2000      2000 
...
000 (339725.597.000) 01/29 16:03:30 Job submitted from host: <155.230.23.72:9618?addrs=155.230.23.72-9618&noUDP&sock=882541_4c40_3>
...
001 (339725.597.000) 01/29 16:45:02 Job executing on host: <155.230.21.119:9618?addrs=155.230.21.119-9618&noUDP&sock=7399_ad53_47>
...
006 (339725.597.000) 01/29 16:45:10 Image size of job updated: 262828
	188  -  MemoryUsage of job (MB)
	191640  -  ResidentSetSize of job (KB)
...
006 (339725.597.000) 01/29 16:45:26 Image size of job updated: 311168
	188  -  MemoryUsage of job (MB)
	191732  -  ResidentSetSize of job (KB)
...
005 (339725.597.000) 01/29 16:45:26 Job terminated.
	(1) Normal termination (return value 0)
		Usr 0 00:00:12, Sys 0 00:00:05  -  Run Remote Usage
		Usr 0 00:00:00, Sys 0 00:00:00  -  Run Local Usage
		Usr 0 00:00:12, Sys 0 00:00:05  -  Total Remote Usage
		Usr 0 00:00:00, Sys 0 00:00:00  -  Total Local Usage
	719  -  Run Bytes Sent By Job
	10683  -  Run Bytes Received By Job
	719  -  Total Bytes Sent By Job
	10683  -  Total Bytes Received By Job
	Partitionable Resources :    Usage  Request Allocated 
	   Cpus                 :        0        1         1 
	   Disk (KB)            :       28  2048000   3788489 
	   Memory (MB)          :      188     2000      2000 
...
