000 (47439.461.000) 12/19 19:07:20 Job submitted from host: <155.230.20.251:9618?addrs=155.230.20.251-9618&noUDP&sock=930313_ea96_3>
...
001 (47439.461.000) 12/19 19:42:06 Job executing on host: <155.230.21.99:9618?addrs=155.230.21.99-9618&noUDP&sock=12118_84bf_3>
...
006 (47439.461.000) 12/19 19:42:14 Image size of job updated: 285664
	209  -  MemoryUsage of job (MB)
	213344  -  ResidentSetSize of job (KB)
...
006 (47439.461.000) 12/19 19:42:19 Image size of job updated: 300588
	209  -  MemoryUsage of job (MB)
	213344  -  ResidentSetSize of job (KB)
...
005 (47439.461.000) 12/19 19:42:19 Job terminated.
	(1) Normal termination (return value 0)
		Usr 0 00:00:10, Sys 0 00:00:00  -  Run Remote Usage
		Usr 0 00:00:00, Sys 0 00:00:00  -  Run Local Usage
		Usr 0 00:00:10, Sys 0 00:00:00  -  Total Remote Usage
		Usr 0 00:00:00, Sys 0 00:00:00  -  Total Local Usage
	554  -  Run Bytes Sent By Job
	10422  -  Run Bytes Received By Job
	554  -  Total Bytes Sent By Job
	10422  -  Total Bytes Received By Job
	Partitionable Resources :    Usage  Request Allocated 
	   Cpus                 :     0.03        1         1 
	   Disk (KB)            :    28     2048000   3707744 
	   Memory (MB)          :   209        2000      2000 
...
