000 (47439.845.000) 12/19 19:07:21 Job submitted from host: <155.230.20.251:9618?addrs=155.230.20.251-9618&noUDP&sock=930313_ea96_3>
...
001 (47439.845.000) 12/19 19:49:30 Job executing on host: <155.230.21.122:9618?addrs=155.230.21.122-9618&noUDP&sock=8358_78a6_3>
...
006 (47439.845.000) 12/19 19:49:40 Image size of job updated: 293788
	214  -  MemoryUsage of job (MB)
	218572  -  ResidentSetSize of job (KB)
...
006 (47439.845.000) 12/19 19:49:43 Image size of job updated: 305244
	214  -  MemoryUsage of job (MB)
	218628  -  ResidentSetSize of job (KB)
...
005 (47439.845.000) 12/19 19:49:43 Job terminated.
	(1) Normal termination (return value 0)
		Usr 0 00:00:10, Sys 0 00:00:01  -  Run Remote Usage
		Usr 0 00:00:00, Sys 0 00:00:00  -  Run Local Usage
		Usr 0 00:00:10, Sys 0 00:00:01  -  Total Remote Usage
		Usr 0 00:00:00, Sys 0 00:00:00  -  Total Local Usage
	554  -  Run Bytes Sent By Job
	10422  -  Run Bytes Received By Job
	554  -  Total Bytes Sent By Job
	10422  -  Total Bytes Received By Job
	Partitionable Resources :    Usage  Request Allocated 
	   Cpus                 :     0.03        1         1 
	   Disk (KB)            :    28     2048000   3709702 
	   Memory (MB)          :   214        2000      2000 
...
000 (339725.845.000) 01/29 16:03:30 Job submitted from host: <155.230.23.72:9618?addrs=155.230.23.72-9618&noUDP&sock=882541_4c40_3>
...
001 (339725.845.000) 01/29 16:49:56 Job executing on host: <155.230.21.110:9618?addrs=155.230.21.110-9618&noUDP&sock=15413_9d4e_48>
...
006 (339725.845.000) 01/29 16:50:05 Image size of job updated: 294368
	216  -  MemoryUsage of job (MB)
	220240  -  ResidentSetSize of job (KB)
...
006 (339725.845.000) 01/29 16:50:19 Image size of job updated: 322272
	216  -  MemoryUsage of job (MB)
	220240  -  ResidentSetSize of job (KB)
...
005 (339725.845.000) 01/29 16:50:19 Job terminated.
	(1) Normal termination (return value 0)
		Usr 0 00:00:10, Sys 0 00:00:04  -  Run Remote Usage
		Usr 0 00:00:00, Sys 0 00:00:00  -  Run Local Usage
		Usr 0 00:00:10, Sys 0 00:00:04  -  Total Remote Usage
		Usr 0 00:00:00, Sys 0 00:00:00  -  Total Local Usage
	719  -  Run Bytes Sent By Job
	10683  -  Run Bytes Received By Job
	719  -  Total Bytes Sent By Job
	10683  -  Total Bytes Received By Job
	Partitionable Resources :    Usage  Request Allocated 
	   Cpus                 :     0.64        1         1 
	   Disk (KB)            :    29     2048000   3782143 
	   Memory (MB)          :   216        2000      2000 
...
