000 (47439.954.000) 12/19 19:07:21 Job submitted from host: <155.230.20.251:9618?addrs=155.230.20.251-9618&noUDP&sock=930313_ea96_3>
...
001 (47439.954.000) 12/19 19:52:22 Job executing on host: <155.230.21.108:9618?addrs=155.230.21.108-9618&noUDP&sock=779_e85d_3>
...
006 (47439.954.000) 12/19 19:52:31 Image size of job updated: 301356
	220  -  MemoryUsage of job (MB)
	225220  -  ResidentSetSize of job (KB)
...
006 (47439.954.000) 12/19 19:52:32 Image size of job updated: 306432
	220  -  MemoryUsage of job (MB)
	225220  -  ResidentSetSize of job (KB)
...
005 (47439.954.000) 12/19 19:52:32 Job terminated.
	(1) Normal termination (return value 0)
		Usr 0 00:00:08, Sys 0 00:00:00  -  Run Remote Usage
		Usr 0 00:00:00, Sys 0 00:00:00  -  Run Local Usage
		Usr 0 00:00:08, Sys 0 00:00:00  -  Total Remote Usage
		Usr 0 00:00:00, Sys 0 00:00:00  -  Total Local Usage
	554  -  Run Bytes Sent By Job
	10422  -  Run Bytes Received By Job
	554  -  Total Bytes Sent By Job
	10422  -  Total Bytes Received By Job
	Partitionable Resources :    Usage  Request Allocated 
	   Cpus                 :        0        1         1 
	   Disk (KB)            :       28  2048000   3664171 
	   Memory (MB)          :      220     2000      2000 
...
000 (339725.954.000) 01/29 16:03:30 Job submitted from host: <155.230.23.72:9618?addrs=155.230.23.72-9618&noUDP&sock=882541_4c40_3>
...
001 (339725.954.000) 01/29 16:51:58 Job executing on host: <155.230.21.84:9618?addrs=155.230.21.84-9618+[2407-c000-c024-0-beae-c5ff-fe4e-98ef]-9618&noUDP&sock=29804_a4bb_6>
...
006 (339725.954.000) 01/29 16:52:06 Image size of job updated: 301844
	220  -  MemoryUsage of job (MB)
	224492  -  ResidentSetSize of job (KB)
...
006 (339725.954.000) 01/29 16:52:16 Image size of job updated: 320700
	220  -  MemoryUsage of job (MB)
	224492  -  ResidentSetSize of job (KB)
...
005 (339725.954.000) 01/29 16:52:16 Job terminated.
	(1) Normal termination (return value 0)
		Usr 0 00:00:09, Sys 0 00:00:04  -  Run Remote Usage
		Usr 0 00:00:00, Sys 0 00:00:00  -  Run Local Usage
		Usr 0 00:00:09, Sys 0 00:00:04  -  Total Remote Usage
		Usr 0 00:00:00, Sys 0 00:00:00  -  Total Local Usage
	719  -  Run Bytes Sent By Job
	10683  -  Run Bytes Received By Job
	719  -  Total Bytes Sent By Job
	10683  -  Total Bytes Received By Job
	Partitionable Resources :    Usage  Request Allocated 
	   Cpus                 :        0        1         1 
	   Disk (KB)            :       29  2048000   3836532 
	   Memory (MB)          :      220     2000      2000 
...
