000 (47439.872.000) 12/19 19:07:21 Job submitted from host: <155.230.20.251:9618?addrs=155.230.20.251-9618&noUDP&sock=930313_ea96_3>
...
001 (47439.872.000) 12/19 19:50:25 Job executing on host: <155.230.21.86:9618?addrs=155.230.21.86-9618&noUDP&sock=20085_37c6_3>
...
006 (47439.872.000) 12/19 19:50:34 Image size of job updated: 303548
	221  -  MemoryUsage of job (MB)
	225776  -  ResidentSetSize of job (KB)
...
005 (47439.872.000) 12/19 19:50:34 Job terminated.
	(1) Normal termination (return value 0)
		Usr 0 00:00:07, Sys 0 00:00:00  -  Run Remote Usage
		Usr 0 00:00:00, Sys 0 00:00:00  -  Run Local Usage
		Usr 0 00:00:07, Sys 0 00:00:00  -  Total Remote Usage
		Usr 0 00:00:00, Sys 0 00:00:00  -  Total Local Usage
	554  -  Run Bytes Sent By Job
	10422  -  Run Bytes Received By Job
	554  -  Total Bytes Sent By Job
	10422  -  Total Bytes Received By Job
	Partitionable Resources :    Usage  Request Allocated 
	   Cpus                 :     0.02        1         1 
	   Disk (KB)            :    28     2048000   3665826 
	   Memory (MB)          :   221        2000      2000 
...
000 (339725.872.000) 01/29 16:03:30 Job submitted from host: <155.230.23.72:9618?addrs=155.230.23.72-9618&noUDP&sock=882541_4c40_3>
...
001 (339725.872.000) 01/29 16:50:52 Job executing on host: <155.230.21.72:9618?addrs=155.230.21.72-9618&noUDP&sock=23623_fdd9_3>
...
006 (339725.872.000) 01/29 16:51:01 Image size of job updated: 87796
	44  -  MemoryUsage of job (MB)
	44984  -  ResidentSetSize of job (KB)
...
006 (339725.872.000) 01/29 16:52:50 Image size of job updated: 241996
	45  -  MemoryUsage of job (MB)
	45060  -  ResidentSetSize of job (KB)
...
005 (339725.872.000) 01/29 16:52:50 Job terminated.
	(1) Normal termination (return value 0)
		Usr 0 00:00:17, Sys 0 00:00:07  -  Run Remote Usage
		Usr 0 00:00:00, Sys 0 00:00:00  -  Run Local Usage
		Usr 0 00:00:17, Sys 0 00:00:07  -  Total Remote Usage
		Usr 0 00:00:00, Sys 0 00:00:00  -  Total Local Usage
	719  -  Run Bytes Sent By Job
	10683  -  Run Bytes Received By Job
	719  -  Total Bytes Sent By Job
	10683  -  Total Bytes Received By Job
	Partitionable Resources :    Usage  Request Allocated 
	   Cpus                 :     0.13        1         1 
	   Disk (KB)            :    29     2048000   3695198 
	   Memory (MB)          :    45        2000      2000 
...
