000 (47439.067.000) 12/19 19:07:20 Job submitted from host: <155.230.20.251:9618?addrs=155.230.20.251-9618&noUDP&sock=930313_ea96_3>
...
001 (47439.067.000) 12/19 19:33:10 Job executing on host: <155.230.21.80:9618?addrs=155.230.21.80-9618+[--1]-9618&noUDP&sock=7725_4933_3>
...
006 (47439.067.000) 12/19 19:33:19 Image size of job updated: 304748
	223  -  MemoryUsage of job (MB)
	227584  -  ResidentSetSize of job (KB)
...
006 (47439.067.000) 12/19 19:33:19 Image size of job updated: 304852
	223  -  MemoryUsage of job (MB)
	227676  -  ResidentSetSize of job (KB)
...
005 (47439.067.000) 12/19 19:33:21 Job terminated.
	(1) Normal termination (return value 0)
		Usr 0 00:00:07, Sys 0 00:00:00  -  Run Remote Usage
		Usr 0 00:00:00, Sys 0 00:00:00  -  Run Local Usage
		Usr 0 00:00:07, Sys 0 00:00:00  -  Total Remote Usage
		Usr 0 00:00:00, Sys 0 00:00:00  -  Total Local Usage
	554  -  Run Bytes Sent By Job
	10422  -  Run Bytes Received By Job
	554  -  Total Bytes Sent By Job
	10422  -  Total Bytes Received By Job
	Partitionable Resources :    Usage  Request Allocated 
	   Cpus                 :                 1         1 
	   Disk (KB)            :       22  2048000  18302493 
	   Memory (MB)          :      223     2000      2000 
...
000 (339725.067.000) 01/29 16:03:29 Job submitted from host: <155.230.23.72:9618?addrs=155.230.23.72-9618&noUDP&sock=882541_4c40_3>
...
001 (339725.067.000) 01/29 16:35:41 Job executing on host: <155.230.21.120:9618?addrs=155.230.21.120-9618&noUDP&sock=13477_adf4_48>
...
006 (339725.067.000) 01/29 16:35:49 Image size of job updated: 265880
	190  -  MemoryUsage of job (MB)
	194160  -  ResidentSetSize of job (KB)
...
006 (339725.067.000) 01/29 16:36:01 Image size of job updated: 315004
	190  -  MemoryUsage of job (MB)
	194240  -  ResidentSetSize of job (KB)
...
005 (339725.067.000) 01/29 16:36:01 Job terminated.
	(1) Normal termination (return value 0)
		Usr 0 00:00:12, Sys 0 00:00:04  -  Run Remote Usage
		Usr 0 00:00:00, Sys 0 00:00:00  -  Run Local Usage
		Usr 0 00:00:12, Sys 0 00:00:04  -  Total Remote Usage
		Usr 0 00:00:00, Sys 0 00:00:00  -  Total Local Usage
	718  -  Run Bytes Sent By Job
	10683  -  Run Bytes Received By Job
	718  -  Total Bytes Sent By Job
	10683  -  Total Bytes Received By Job
	Partitionable Resources :    Usage  Request Allocated 
	   Cpus                 :        0        1         1 
	   Disk (KB)            :       28  2048000   3791748 
	   Memory (MB)          :      190     2000      2000 
...
