000 (47439.455.000) 12/19 19:07:20 Job submitted from host: <155.230.20.251:9618?addrs=155.230.20.251-9618&noUDP&sock=930313_ea96_3>
...
001 (47439.455.000) 12/19 19:42:04 Job executing on host: <155.230.21.73:9618?addrs=155.230.21.73-9618&noUDP&sock=15554_5428_3>
...
006 (47439.455.000) 12/19 19:42:12 Image size of job updated: 77536
	37  -  MemoryUsage of job (MB)
	37672  -  ResidentSetSize of job (KB)
...
006 (47439.455.000) 12/19 19:42:47 Image size of job updated: 77536
	37  -  MemoryUsage of job (MB)
	37676  -  ResidentSetSize of job (KB)
...
005 (47439.455.000) 12/19 19:42:48 Job terminated.
	(1) Normal termination (return value 0)
		Usr 0 00:00:13, Sys 0 00:00:01  -  Run Remote Usage
		Usr 0 00:00:00, Sys 0 00:00:00  -  Run Local Usage
		Usr 0 00:00:13, Sys 0 00:00:01  -  Total Remote Usage
		Usr 0 00:00:00, Sys 0 00:00:00  -  Total Local Usage
	554  -  Run Bytes Sent By Job
	10422  -  Run Bytes Received By Job
	554  -  Total Bytes Sent By Job
	10422  -  Total Bytes Received By Job
	Partitionable Resources :    Usage  Request Allocated 
	   Cpus                 :        0        1         1 
	   Disk (KB)            :       28  2048000   3656096 
	   Memory (MB)          :       37     2000      2000 
...
000 (339725.455.000) 01/29 16:03:29 Job submitted from host: <155.230.23.72:9618?addrs=155.230.23.72-9618&noUDP&sock=882541_4c40_3>
...
001 (339725.455.000) 01/29 16:42:49 Job executing on host: <155.230.21.43:9618?addrs=155.230.21.43-9618+[2407-c000-c024-0-226-18ff-fe94-3c21]-9618&noUDP&sock=1286_aae2_3>
...
006 (339725.455.000) 01/29 16:42:59 Image size of job updated: 192396
	125  -  MemoryUsage of job (MB)
	127564  -  ResidentSetSize of job (KB)
...
006 (339725.455.000) 01/29 16:43:57 Image size of job updated: 1544572
	125  -  MemoryUsage of job (MB)
	127568  -  ResidentSetSize of job (KB)
...
005 (339725.455.000) 01/29 16:43:57 Job terminated.
	(1) Normal termination (return value 0)
		Usr 0 00:00:15, Sys 0 00:00:05  -  Run Remote Usage
		Usr 0 00:00:00, Sys 0 00:00:00  -  Run Local Usage
		Usr 0 00:00:15, Sys 0 00:00:05  -  Total Remote Usage
		Usr 0 00:00:00, Sys 0 00:00:00  -  Total Local Usage
	719  -  Run Bytes Sent By Job
	10683  -  Run Bytes Received By Job
	719  -  Total Bytes Sent By Job
	10683  -  Total Bytes Received By Job
	Partitionable Resources :    Usage  Request Allocated 
	   Cpus                 :     0.12        1         1 
	   Disk (KB)            :    29     2048000   3905052 
	   Memory (MB)          :   125        2000      2000 
...
