000 (47439.014.000) 12/19 19:07:19 Job submitted from host: <155.230.20.251:9618?addrs=155.230.20.251-9618&noUDP&sock=930313_ea96_3>
...
001 (47439.014.000) 12/19 19:32:46 Job executing on host: <155.230.21.98:9618?addrs=155.230.21.98-9618&noUDP&sock=16526_0a37_3>
...
006 (47439.014.000) 12/19 19:32:55 Image size of job updated: 244360
	173  -  MemoryUsage of job (MB)
	176756  -  ResidentSetSize of job (KB)
...
006 (47439.014.000) 12/19 19:33:02 Image size of job updated: 301308
	173  -  MemoryUsage of job (MB)
	176764  -  ResidentSetSize of job (KB)
...
005 (47439.014.000) 12/19 19:33:03 Job terminated.
	(1) Normal termination (return value 0)
		Usr 0 00:00:10, Sys 0 00:00:01  -  Run Remote Usage
		Usr 0 00:00:00, Sys 0 00:00:00  -  Run Local Usage
		Usr 0 00:00:10, Sys 0 00:00:01  -  Total Remote Usage
		Usr 0 00:00:00, Sys 0 00:00:00  -  Total Local Usage
	554  -  Run Bytes Sent By Job
	10422  -  Run Bytes Received By Job
	554  -  Total Bytes Sent By Job
	10422  -  Total Bytes Received By Job
	Partitionable Resources :    Usage  Request Allocated 
	   Cpus                 :        0        1         1 
	   Disk (KB)            :       28  2048000   3676021 
	   Memory (MB)          :      173     2000      2000 
...
000 (339725.014.000) 01/29 16:03:29 Job submitted from host: <155.230.23.72:9618?addrs=155.230.23.72-9618&noUDP&sock=882541_4c40_3>
...
001 (339725.014.000) 01/29 16:34:41 Job executing on host: <155.230.21.120:9618?addrs=155.230.21.120-9618&noUDP&sock=13477_adf4_48>
...
006 (339725.014.000) 01/29 16:34:50 Image size of job updated: 288220
	210  -  MemoryUsage of job (MB)
	214092  -  ResidentSetSize of job (KB)
...
006 (339725.014.000) 01/29 16:34:56 Image size of job updated: 310256
	210  -  MemoryUsage of job (MB)
	214092  -  ResidentSetSize of job (KB)
...
005 (339725.014.000) 01/29 16:34:56 Job terminated.
	(1) Normal termination (return value 0)
		Usr 0 00:00:11, Sys 0 00:00:02  -  Run Remote Usage
		Usr 0 00:00:00, Sys 0 00:00:00  -  Run Local Usage
		Usr 0 00:00:11, Sys 0 00:00:02  -  Total Remote Usage
		Usr 0 00:00:00, Sys 0 00:00:00  -  Total Local Usage
	972  -  Run Bytes Sent By Job
	10683  -  Run Bytes Received By Job
	972  -  Total Bytes Sent By Job
	10683  -  Total Bytes Received By Job
	Partitionable Resources :    Usage  Request Allocated 
	   Cpus                 :        0        1         1 
	   Disk (KB)            :       29  2048000   3791748 
	   Memory (MB)          :      210     2000      2000 
...
