000 (47439.735.000) 12/19 19:07:21 Job submitted from host: <155.230.20.251:9618?addrs=155.230.20.251-9618&noUDP&sock=930313_ea96_3>
...
001 (47439.735.000) 12/19 19:47:41 Job executing on host: <155.230.21.79:9618?addrs=155.230.21.79-9618&noUDP&sock=27572_ad58_3>
...
006 (47439.735.000) 12/19 19:47:50 Image size of job updated: 175856
	111  -  MemoryUsage of job (MB)
	113168  -  ResidentSetSize of job (KB)
...
006 (47439.735.000) 12/19 19:47:58 Image size of job updated: 537996
	111  -  MemoryUsage of job (MB)
	113168  -  ResidentSetSize of job (KB)
...
005 (47439.735.000) 12/19 19:47:58 Job terminated.
	(1) Normal termination (return value 0)
		Usr 0 00:00:07, Sys 0 00:00:00  -  Run Remote Usage
		Usr 0 00:00:00, Sys 0 00:00:00  -  Run Local Usage
		Usr 0 00:00:07, Sys 0 00:00:00  -  Total Remote Usage
		Usr 0 00:00:00, Sys 0 00:00:00  -  Total Local Usage
	554  -  Run Bytes Sent By Job
	10422  -  Run Bytes Received By Job
	554  -  Total Bytes Sent By Job
	10422  -  Total Bytes Received By Job
	Partitionable Resources :    Usage  Request Allocated 
	   Cpus                 :     0.02        1         1 
	   Disk (KB)            :    28     2048000   3710117 
	   Memory (MB)          :   111        2000      2000 
...
000 (339725.735.000) 01/29 16:03:30 Job submitted from host: <155.230.23.72:9618?addrs=155.230.23.72-9618&noUDP&sock=882541_4c40_3>
...
001 (339725.735.000) 01/29 16:47:54 Job executing on host: <155.230.21.79:9618?addrs=155.230.21.79-9618&noUDP&sock=27572_ad58_48>
...
006 (339725.735.000) 01/29 16:48:02 Image size of job updated: 302740
	221  -  MemoryUsage of job (MB)
	226212  -  ResidentSetSize of job (KB)
...
006 (339725.735.000) 01/29 16:48:11 Image size of job updated: 314076
	221  -  MemoryUsage of job (MB)
	226212  -  ResidentSetSize of job (KB)
...
005 (339725.735.000) 01/29 16:48:11 Job terminated.
	(1) Normal termination (return value 0)
		Usr 0 00:00:08, Sys 0 00:00:03  -  Run Remote Usage
		Usr 0 00:00:00, Sys 0 00:00:00  -  Run Local Usage
		Usr 0 00:00:08, Sys 0 00:00:03  -  Total Remote Usage
		Usr 0 00:00:00, Sys 0 00:00:00  -  Total Local Usage
	719  -  Run Bytes Sent By Job
	10683  -  Run Bytes Received By Job
	719  -  Total Bytes Sent By Job
	10683  -  Total Bytes Received By Job
	Partitionable Resources :    Usage  Request Allocated 
	   Cpus                 :        0        1         1 
	   Disk (KB)            :       28  2048000   3841081 
	   Memory (MB)          :      221     2000      2000 
...
