000 (47439.594.000) 12/19 19:07:21 Job submitted from host: <155.230.20.251:9618?addrs=155.230.20.251-9618&noUDP&sock=930313_ea96_3>
...
001 (47439.594.000) 12/19 19:45:06 Job executing on host: <155.230.21.95:9618?addrs=155.230.21.95-9618+[--1]-9618&noUDP&sock=14962_4417_3>
...
006 (47439.594.000) 12/19 19:45:14 Image size of job updated: 287648
	210  -  MemoryUsage of job (MB)
	214516  -  ResidentSetSize of job (KB)
...
006 (47439.594.000) 12/19 19:45:18 Image size of job updated: 301552
	210  -  MemoryUsage of job (MB)
	214516  -  ResidentSetSize of job (KB)
...
005 (47439.594.000) 12/19 19:45:19 Job terminated.
	(1) Normal termination (return value 0)
		Usr 0 00:00:10, Sys 0 00:00:01  -  Run Remote Usage
		Usr 0 00:00:00, Sys 0 00:00:00  -  Run Local Usage
		Usr 0 00:00:10, Sys 0 00:00:01  -  Total Remote Usage
		Usr 0 00:00:00, Sys 0 00:00:00  -  Total Local Usage
	554  -  Run Bytes Sent By Job
	10422  -  Run Bytes Received By Job
	554  -  Total Bytes Sent By Job
	10422  -  Total Bytes Received By Job
	Partitionable Resources :    Usage  Request Allocated 
	   Cpus                 :                 1         1 
	   Disk (KB)            :       22  2048000  18549089 
	   Memory (MB)          :      210     2000      2000 
...
000 (339725.594.000) 01/29 16:03:30 Job submitted from host: <155.230.23.72:9618?addrs=155.230.23.72-9618&noUDP&sock=882541_4c40_3>
...
001 (339725.594.000) 01/29 16:45:01 Job executing on host: <155.230.21.105:9618?addrs=155.230.21.105-9618&noUDP&sock=23905_6b8e_47>
...
006 (339725.594.000) 01/29 16:45:09 Image size of job updated: 286528
	209  -  MemoryUsage of job (MB)
	213796  -  ResidentSetSize of job (KB)
...
006 (339725.594.000) 01/29 16:45:24 Image size of job updated: 312440
	209  -  MemoryUsage of job (MB)
	213796  -  ResidentSetSize of job (KB)
...
005 (339725.594.000) 01/29 16:45:24 Job terminated.
	(1) Normal termination (return value 0)
		Usr 0 00:00:10, Sys 0 00:00:04  -  Run Remote Usage
		Usr 0 00:00:00, Sys 0 00:00:00  -  Run Local Usage
		Usr 0 00:00:10, Sys 0 00:00:04  -  Total Remote Usage
		Usr 0 00:00:00, Sys 0 00:00:00  -  Total Local Usage
	719  -  Run Bytes Sent By Job
	10683  -  Run Bytes Received By Job
	719  -  Total Bytes Sent By Job
	10683  -  Total Bytes Received By Job
	Partitionable Resources :    Usage  Request Allocated 
	   Cpus                 :        0        1         1 
	   Disk (KB)            :       28  2048000   3782480 
	   Memory (MB)          :      209     2000      2000 
...
