000 (47439.674.000) 12/19 19:07:21 Job submitted from host: <155.230.20.251:9618?addrs=155.230.20.251-9618&noUDP&sock=930313_ea96_3>
...
001 (47439.674.000) 12/19 19:46:19 Job executing on host: <155.230.21.116:9618?addrs=155.230.21.116-9618&noUDP&sock=38331_74cc_3>
...
006 (47439.674.000) 12/19 19:46:27 Image size of job updated: 287324
	209  -  MemoryUsage of job (MB)
	213596  -  ResidentSetSize of job (KB)
...
006 (47439.674.000) 12/19 19:46:30 Image size of job updated: 301340
	209  -  MemoryUsage of job (MB)
	213596  -  ResidentSetSize of job (KB)
...
005 (47439.674.000) 12/19 19:46:30 Job terminated.
	(1) Normal termination (return value 0)
		Usr 0 00:00:09, Sys 0 00:00:01  -  Run Remote Usage
		Usr 0 00:00:00, Sys 0 00:00:00  -  Run Local Usage
		Usr 0 00:00:09, Sys 0 00:00:01  -  Total Remote Usage
		Usr 0 00:00:00, Sys 0 00:00:00  -  Total Local Usage
	554  -  Run Bytes Sent By Job
	10422  -  Run Bytes Received By Job
	554  -  Total Bytes Sent By Job
	10422  -  Total Bytes Received By Job
	Partitionable Resources :    Usage  Request Allocated 
	   Cpus                 :     0.69        1         1 
	   Disk (KB)            :    28     2048000   3709334 
	   Memory (MB)          :   209        2000      2000 
...
