000 (47439.714.000) 12/19 19:07:21 Job submitted from host: <155.230.20.251:9618?addrs=155.230.20.251-9618&noUDP&sock=930313_ea96_3>
...
001 (47439.714.000) 12/19 19:47:20 Job executing on host: <155.230.21.122:9618?addrs=155.230.21.122-9618&noUDP&sock=8358_78a6_3>
...
006 (47439.714.000) 12/19 19:47:29 Image size of job updated: 291088
	213  -  MemoryUsage of job (MB)
	217360  -  ResidentSetSize of job (KB)
...
006 (47439.714.000) 12/19 19:47:33 Image size of job updated: 550368
	213  -  MemoryUsage of job (MB)
	217360  -  ResidentSetSize of job (KB)
...
005 (47439.714.000) 12/19 19:47:33 Job terminated.
	(1) Normal termination (return value 0)
		Usr 0 00:00:10, Sys 0 00:00:01  -  Run Remote Usage
		Usr 0 00:00:00, Sys 0 00:00:00  -  Run Local Usage
		Usr 0 00:00:10, Sys 0 00:00:01  -  Total Remote Usage
		Usr 0 00:00:00, Sys 0 00:00:00  -  Total Local Usage
	554  -  Run Bytes Sent By Job
	10422  -  Run Bytes Received By Job
	554  -  Total Bytes Sent By Job
	10422  -  Total Bytes Received By Job
	Partitionable Resources :    Usage  Request Allocated 
	   Cpus                 :        0        1         1 
	   Disk (KB)            :       28  2048000   3709702 
	   Memory (MB)          :      213     2000      2000 
...
000 (339725.714.000) 01/29 16:03:30 Job submitted from host: <155.230.23.72:9618?addrs=155.230.23.72-9618&noUDP&sock=882541_4c40_3>
...
001 (339725.714.000) 01/29 16:47:49 Job executing on host: <155.230.21.74:9618?addrs=155.230.21.74-9618&noUDP&sock=27134_3edd_3>
...
006 (339725.714.000) 01/29 16:47:57 Image size of job updated: 73344
	38  -  MemoryUsage of job (MB)
	38500  -  ResidentSetSize of job (KB)
...
006 (339725.714.000) 01/29 16:49:22 Image size of job updated: 241060
	38  -  MemoryUsage of job (MB)
	38560  -  ResidentSetSize of job (KB)
...
005 (339725.714.000) 01/29 16:49:22 Job terminated.
	(1) Normal termination (return value 0)
		Usr 0 00:00:16, Sys 0 00:00:06  -  Run Remote Usage
		Usr 0 00:00:00, Sys 0 00:00:00  -  Run Local Usage
		Usr 0 00:00:16, Sys 0 00:00:06  -  Total Remote Usage
		Usr 0 00:00:00, Sys 0 00:00:00  -  Total Local Usage
	719  -  Run Bytes Sent By Job
	10683  -  Run Bytes Received By Job
	719  -  Total Bytes Sent By Job
	10683  -  Total Bytes Received By Job
	Partitionable Resources :    Usage  Request Allocated 
	   Cpus                 :     0.67        1         1 
	   Disk (KB)            :    29     2048000   3665303 
	   Memory (MB)          :    38        2000      2000 
...
