000 (47439.241.000) 12/19 19:07:20 Job submitted from host: <155.230.20.251:9618?addrs=155.230.20.251-9618&noUDP&sock=930313_ea96_3>
...
001 (47439.241.000) 12/19 19:37:09 Job executing on host: <155.230.21.109:9618?addrs=155.230.21.109-9618&noUDP&sock=26104_c051_3>
...
006 (47439.241.000) 12/19 19:37:17 Image size of job updated: 300612
	220  -  MemoryUsage of job (MB)
	224380  -  ResidentSetSize of job (KB)
...
006 (47439.241.000) 12/19 19:37:19 Image size of job updated: 300716
	220  -  MemoryUsage of job (MB)
	224380  -  ResidentSetSize of job (KB)
...
005 (47439.241.000) 12/19 19:37:19 Job terminated.
	(1) Normal termination (return value 0)
		Usr 0 00:00:08, Sys 0 00:00:00  -  Run Remote Usage
		Usr 0 00:00:00, Sys 0 00:00:00  -  Run Local Usage
		Usr 0 00:00:08, Sys 0 00:00:00  -  Total Remote Usage
		Usr 0 00:00:00, Sys 0 00:00:00  -  Total Local Usage
	554  -  Run Bytes Sent By Job
	10422  -  Run Bytes Received By Job
	554  -  Total Bytes Sent By Job
	10422  -  Total Bytes Received By Job
	Partitionable Resources :    Usage  Request Allocated 
	   Cpus                 :     0.03        1         1 
	   Disk (KB)            :    28     2048000   3710353 
	   Memory (MB)          :   220        2000      2000 
...
000 (339725.241.000) 01/29 16:03:29 Job submitted from host: <155.230.23.72:9618?addrs=155.230.23.72-9618&noUDP&sock=882541_4c40_3>
...
001 (339725.241.000) 01/29 16:39:28 Job executing on host: <155.230.21.74:9618?addrs=155.230.21.74-9618&noUDP&sock=27134_3edd_3>
...
006 (339725.241.000) 01/29 16:39:36 Image size of job updated: 106192
	62  -  MemoryUsage of job (MB)
	62668  -  ResidentSetSize of job (KB)
...
006 (339725.241.000) 01/29 16:41:17 Image size of job updated: 106192
	62  -  MemoryUsage of job (MB)
	62672  -  ResidentSetSize of job (KB)
...
005 (339725.241.000) 01/29 16:41:17 Job terminated.
	(1) Normal termination (return value 0)
		Usr 0 00:00:16, Sys 0 00:00:06  -  Run Remote Usage
		Usr 0 00:00:00, Sys 0 00:00:00  -  Run Local Usage
		Usr 0 00:00:16, Sys 0 00:00:06  -  Total Remote Usage
		Usr 0 00:00:00, Sys 0 00:00:00  -  Total Local Usage
	719  -  Run Bytes Sent By Job
	10683  -  Run Bytes Received By Job
	719  -  Total Bytes Sent By Job
	10683  -  Total Bytes Received By Job
	Partitionable Resources :    Usage  Request Allocated 
	   Cpus                 :     0.13        1         1 
	   Disk (KB)            :    29     2048000   3665303 
	   Memory (MB)          :    62        2000      2000 
...
