000 (47439.423.000) 12/19 19:07:20 Job submitted from host: <155.230.20.251:9618?addrs=155.230.20.251-9618&noUDP&sock=930313_ea96_3>
...
001 (47439.423.000) 12/19 19:41:11 Job executing on host: <155.230.21.88:9618?addrs=155.230.21.88-9618&noUDP&sock=1537_d527_3>
...
006 (47439.423.000) 12/19 19:41:20 Image size of job updated: 300468
	219  -  MemoryUsage of job (MB)
	224236  -  ResidentSetSize of job (KB)
...
005 (47439.423.000) 12/19 19:41:20 Job terminated.
	(1) Normal termination (return value 0)
		Usr 0 00:00:07, Sys 0 00:00:00  -  Run Remote Usage
		Usr 0 00:00:00, Sys 0 00:00:00  -  Run Local Usage
		Usr 0 00:00:07, Sys 0 00:00:00  -  Total Remote Usage
		Usr 0 00:00:00, Sys 0 00:00:00  -  Total Local Usage
	554  -  Run Bytes Sent By Job
	10422  -  Run Bytes Received By Job
	554  -  Total Bytes Sent By Job
	10422  -  Total Bytes Received By Job
	Partitionable Resources :    Usage  Request Allocated 
	   Cpus                 :     0.32        1         1 
	   Disk (KB)            :    28     2048000   3565393 
	   Memory (MB)          :   219        2000      2000 
...
000 (339725.423.000) 01/29 16:03:29 Job submitted from host: <155.230.23.72:9618?addrs=155.230.23.72-9618&noUDP&sock=882541_4c40_3>
...
001 (339725.423.000) 01/29 16:41:56 Job executing on host: <155.230.21.90:9618?addrs=155.230.21.90-9618&noUDP&sock=1536_258f_37>
...
006 (339725.423.000) 01/29 16:42:04 Image size of job updated: 301136
	220  -  MemoryUsage of job (MB)
	224608  -  ResidentSetSize of job (KB)
...
006 (339725.423.000) 01/29 16:42:12 Image size of job updated: 315864
	220  -  MemoryUsage of job (MB)
	224608  -  ResidentSetSize of job (KB)
...
005 (339725.423.000) 01/29 16:42:12 Job terminated.
	(1) Normal termination (return value 0)
		Usr 0 00:00:08, Sys 0 00:00:03  -  Run Remote Usage
		Usr 0 00:00:00, Sys 0 00:00:00  -  Run Local Usage
		Usr 0 00:00:08, Sys 0 00:00:03  -  Total Remote Usage
		Usr 0 00:00:00, Sys 0 00:00:00  -  Total Local Usage
	719  -  Run Bytes Sent By Job
	10683  -  Run Bytes Received By Job
	719  -  Total Bytes Sent By Job
	10683  -  Total Bytes Received By Job
	Partitionable Resources :    Usage  Request Allocated 
	   Cpus                 :        0        1         1 
	   Disk (KB)            :       28  2048000   3794435 
	   Memory (MB)          :      220     2000      2000 
...
