000 (47439.732.000) 12/19 19:07:21 Job submitted from host: <155.230.20.251:9618?addrs=155.230.20.251-9618&noUDP&sock=930313_ea96_3>
...
001 (47439.732.000) 12/19 19:47:40 Job executing on host: <155.230.21.94:9618?addrs=155.230.21.94-9618&noUDP&sock=10639_0c2d_3>
...
006 (47439.732.000) 12/19 19:47:48 Image size of job updated: 302016
	221  -  MemoryUsage of job (MB)
	225784  -  ResidentSetSize of job (KB)
...
005 (47439.732.000) 12/19 19:47:48 Job terminated.
	(1) Normal termination (return value 0)
		Usr 0 00:00:07, Sys 0 00:00:00  -  Run Remote Usage
		Usr 0 00:00:00, Sys 0 00:00:00  -  Run Local Usage
		Usr 0 00:00:07, Sys 0 00:00:00  -  Total Remote Usage
		Usr 0 00:00:00, Sys 0 00:00:00  -  Total Local Usage
	554  -  Run Bytes Sent By Job
	10422  -  Run Bytes Received By Job
	554  -  Total Bytes Sent By Job
	10422  -  Total Bytes Received By Job
	Partitionable Resources :    Usage  Request Allocated 
	   Cpus                 :        0        1         1 
	   Disk (KB)            :       28  2048000   3709486 
	   Memory (MB)          :      221     2000      2000 
...
000 (339725.732.000) 01/29 16:03:30 Job submitted from host: <155.230.23.72:9618?addrs=155.230.23.72-9618&noUDP&sock=882541_4c40_3>
...
001 (339725.732.000) 01/29 16:47:53 Job executing on host: <155.230.21.80:9618?addrs=155.230.21.80-9618+[2407-c000-c024-0-beae-c5ff-fe56-7fcc]-9618&noUDP&sock=26090_25fd_3>
...
006 (339725.732.000) 01/29 16:48:02 Image size of job updated: 305796
	224  -  MemoryUsage of job (MB)
	229268  -  ResidentSetSize of job (KB)
...
006 (339725.732.000) 01/29 16:48:11 Image size of job updated: 315404
	224  -  MemoryUsage of job (MB)
	229268  -  ResidentSetSize of job (KB)
...
005 (339725.732.000) 01/29 16:48:12 Job terminated.
	(1) Normal termination (return value 0)
		Usr 0 00:00:08, Sys 0 00:00:03  -  Run Remote Usage
		Usr 0 00:00:00, Sys 0 00:00:00  -  Run Local Usage
		Usr 0 00:00:08, Sys 0 00:00:03  -  Total Remote Usage
		Usr 0 00:00:00, Sys 0 00:00:00  -  Total Local Usage
	719  -  Run Bytes Sent By Job
	10683  -  Run Bytes Received By Job
	719  -  Total Bytes Sent By Job
	10683  -  Total Bytes Received By Job
	Partitionable Resources :    Usage  Request Allocated 
	   Cpus                 :                 1         1 
	   Disk (KB)            :       22  2048000  19197079 
	   Memory (MB)          :      224     2000      2000 
...
