000 (47439.602.000) 12/19 19:07:21 Job submitted from host: <155.230.20.251:9618?addrs=155.230.20.251-9618&noUDP&sock=930313_ea96_3>
...
001 (47439.602.000) 12/19 19:45:09 Job executing on host: <155.230.21.79:9618?addrs=155.230.21.79-9618&noUDP&sock=27572_ad58_3>
...
006 (47439.602.000) 12/19 19:45:17 Image size of job updated: 301756
	221  -  MemoryUsage of job (MB)
	225500  -  ResidentSetSize of job (KB)
...
006 (47439.602.000) 12/19 19:45:20 Image size of job updated: 301760
	221  -  MemoryUsage of job (MB)
	225500  -  ResidentSetSize of job (KB)
...
005 (47439.602.000) 12/19 19:45:20 Job terminated.
	(1) Normal termination (return value 0)
		Usr 0 00:00:07, Sys 0 00:00:00  -  Run Remote Usage
		Usr 0 00:00:00, Sys 0 00:00:00  -  Run Local Usage
		Usr 0 00:00:07, Sys 0 00:00:00  -  Total Remote Usage
		Usr 0 00:00:00, Sys 0 00:00:00  -  Total Local Usage
	554  -  Run Bytes Sent By Job
	10422  -  Run Bytes Received By Job
	554  -  Total Bytes Sent By Job
	10422  -  Total Bytes Received By Job
	Partitionable Resources :    Usage  Request Allocated 
	   Cpus                 :        0        1         1 
	   Disk (KB)            :       28  2048000   3710117 
	   Memory (MB)          :      221     2000      2000 
...
000 (339725.602.000) 01/29 16:03:30 Job submitted from host: <155.230.23.72:9618?addrs=155.230.23.72-9618&noUDP&sock=882541_4c40_3>
...
001 (339725.602.000) 01/29 16:45:03 Job executing on host: <155.230.21.117:9618?addrs=155.230.21.117-9618&noUDP&sock=8728_42b0_47>
...
006 (339725.602.000) 01/29 16:45:12 Image size of job updated: 292888
	213  -  MemoryUsage of job (MB)
	218060  -  ResidentSetSize of job (KB)
...
006 (339725.602.000) 01/29 16:45:24 Image size of job updated: 317776
	213  -  MemoryUsage of job (MB)
	218060  -  ResidentSetSize of job (KB)
...
005 (339725.602.000) 01/29 16:45:24 Job terminated.
	(1) Normal termination (return value 0)
		Usr 0 00:00:09, Sys 0 00:00:04  -  Run Remote Usage
		Usr 0 00:00:00, Sys 0 00:00:00  -  Run Local Usage
		Usr 0 00:00:09, Sys 0 00:00:04  -  Total Remote Usage
		Usr 0 00:00:00, Sys 0 00:00:00  -  Total Local Usage
	719  -  Run Bytes Sent By Job
	10683  -  Run Bytes Received By Job
	719  -  Total Bytes Sent By Job
	10683  -  Total Bytes Received By Job
	Partitionable Resources :    Usage  Request Allocated 
	   Cpus                 :        0        1         1 
	   Disk (KB)            :       28  2048000   3791002 
	   Memory (MB)          :      213     2000      2000 
...
