000 (47439.143.000) 12/19 19:07:20 Job submitted from host: <155.230.20.251:9618?addrs=155.230.20.251-9618&noUDP&sock=930313_ea96_3>
...
001 (47439.143.000) 12/19 19:35:04 Job executing on host: <155.230.21.100:9618?addrs=155.230.21.100-9618&noUDP&sock=9525_efac_3>
...
006 (47439.143.000) 12/19 19:35:13 Image size of job updated: 147724
	87  -  MemoryUsage of job (MB)
	88456  -  ResidentSetSize of job (KB)
...
006 (47439.143.000) 12/19 19:35:30 Image size of job updated: 299872
	87  -  MemoryUsage of job (MB)
	88460  -  ResidentSetSize of job (KB)
...
005 (47439.143.000) 12/19 19:35:30 Job terminated.
	(1) Normal termination (return value 0)
		Usr 0 00:00:11, Sys 0 00:00:01  -  Run Remote Usage
		Usr 0 00:00:00, Sys 0 00:00:00  -  Run Local Usage
		Usr 0 00:00:11, Sys 0 00:00:01  -  Total Remote Usage
		Usr 0 00:00:00, Sys 0 00:00:00  -  Total Local Usage
	554  -  Run Bytes Sent By Job
	10422  -  Run Bytes Received By Job
	554  -  Total Bytes Sent By Job
	10422  -  Total Bytes Received By Job
	Partitionable Resources :    Usage  Request Allocated 
	   Cpus                 :        0        1         1 
	   Disk (KB)            :       28  2048000   3673277 
	   Memory (MB)          :       87     2000      2000 
...
000 (339725.143.000) 01/29 16:03:29 Job submitted from host: <155.230.23.72:9618?addrs=155.230.23.72-9618&noUDP&sock=882541_4c40_3>
...
001 (339725.143.000) 01/29 16:37:30 Job executing on host: <155.230.21.43:9618?addrs=155.230.21.43-9618+[2407-c000-c024-0-226-18ff-fe94-3c21]-9618&noUDP&sock=1286_aae2_3>
...
006 (339725.143.000) 01/29 16:37:38 Image size of job updated: 173440
	108  -  MemoryUsage of job (MB)
	110324  -  ResidentSetSize of job (KB)
...
006 (339725.143.000) 01/29 16:38:25 Image size of job updated: 316584
	108  -  MemoryUsage of job (MB)
	110324  -  ResidentSetSize of job (KB)
...
005 (339725.143.000) 01/29 16:38:25 Job terminated.
	(1) Normal termination (return value 0)
		Usr 0 00:00:15, Sys 0 00:00:04  -  Run Remote Usage
		Usr 0 00:00:00, Sys 0 00:00:00  -  Run Local Usage
		Usr 0 00:00:15, Sys 0 00:00:04  -  Total Remote Usage
		Usr 0 00:00:00, Sys 0 00:00:00  -  Total Local Usage
	719  -  Run Bytes Sent By Job
	10683  -  Run Bytes Received By Job
	719  -  Total Bytes Sent By Job
	10683  -  Total Bytes Received By Job
	Partitionable Resources :    Usage  Request Allocated 
	   Cpus                 :     0.14        1         1 
	   Disk (KB)            :    29     2048000   3905052 
	   Memory (MB)          :   108        2000      2000 
...
