000 (47439.324.000) 12/19 19:07:20 Job submitted from host: <155.230.20.251:9618?addrs=155.230.20.251-9618&noUDP&sock=930313_ea96_3>
...
001 (47439.324.000) 12/19 19:39:07 Job executing on host: <155.230.21.95:9618?addrs=155.230.21.95-9618+[--1]-9618&noUDP&sock=14962_4417_3>
...
006 (47439.324.000) 12/19 19:39:15 Image size of job updated: 275308
	199  -  MemoryUsage of job (MB)
	203056  -  ResidentSetSize of job (KB)
...
006 (47439.324.000) 12/19 19:39:20 Image size of job updated: 301180
	199  -  MemoryUsage of job (MB)
	203072  -  ResidentSetSize of job (KB)
...
005 (47439.324.000) 12/19 19:39:20 Job terminated.
	(1) Normal termination (return value 0)
		Usr 0 00:00:10, Sys 0 00:00:01  -  Run Remote Usage
		Usr 0 00:00:00, Sys 0 00:00:00  -  Run Local Usage
		Usr 0 00:00:10, Sys 0 00:00:01  -  Total Remote Usage
		Usr 0 00:00:00, Sys 0 00:00:00  -  Total Local Usage
	554  -  Run Bytes Sent By Job
	10422  -  Run Bytes Received By Job
	554  -  Total Bytes Sent By Job
	10422  -  Total Bytes Received By Job
	Partitionable Resources :    Usage  Request Allocated 
	   Cpus                 :                 1         1 
	   Disk (KB)            :       22  2048000  18549089 
	   Memory (MB)          :      199     2000      2000 
...
000 (339725.324.000) 01/29 16:03:29 Job submitted from host: <155.230.23.72:9618?addrs=155.230.23.72-9618&noUDP&sock=882541_4c40_3>
...
001 (339725.324.000) 01/29 16:39:59 Job executing on host: <155.230.21.93:9618?addrs=155.230.21.93-9618&noUDP&sock=5106_dea9_47>
...
006 (339725.324.000) 01/29 16:40:08 Image size of job updated: 301308
	220  -  MemoryUsage of job (MB)
	224780  -  ResidentSetSize of job (KB)
...
006 (339725.324.000) 01/29 16:40:15 Image size of job updated: 312796
	220  -  MemoryUsage of job (MB)
	224780  -  ResidentSetSize of job (KB)
...
005 (339725.324.000) 01/29 16:40:15 Job terminated.
	(1) Normal termination (return value 0)
		Usr 0 00:00:08, Sys 0 00:00:03  -  Run Remote Usage
		Usr 0 00:00:00, Sys 0 00:00:00  -  Run Local Usage
		Usr 0 00:00:08, Sys 0 00:00:03  -  Total Remote Usage
		Usr 0 00:00:00, Sys 0 00:00:00  -  Total Local Usage
	719  -  Run Bytes Sent By Job
	10683  -  Run Bytes Received By Job
	719  -  Total Bytes Sent By Job
	10683  -  Total Bytes Received By Job
	Partitionable Resources :    Usage  Request Allocated 
	   Cpus                 :        0        1         1 
	   Disk (KB)            :       28  2048000   3786786 
	   Memory (MB)          :      220     2000      2000 
...
