000 (47439.989.000) 12/19 19:07:21 Job submitted from host: <155.230.20.251:9618?addrs=155.230.20.251-9618&noUDP&sock=930313_ea96_3>
...
001 (47439.989.000) 12/19 19:53:20 Job executing on host: <155.230.21.73:9618?addrs=155.230.21.73-9618&noUDP&sock=15554_5428_3>
...
006 (47439.989.000) 12/19 19:53:29 Image size of job updated: 36996
	14  -  MemoryUsage of job (MB)
	14200  -  ResidentSetSize of job (KB)
...
006 (47439.989.000) 12/19 19:53:57 Image size of job updated: 297136
	14  -  MemoryUsage of job (MB)
	14200  -  ResidentSetSize of job (KB)
...
005 (47439.989.000) 12/19 19:53:57 Job terminated.
	(1) Normal termination (return value 0)
		Usr 0 00:00:13, Sys 0 00:00:01  -  Run Remote Usage
		Usr 0 00:00:00, Sys 0 00:00:00  -  Run Local Usage
		Usr 0 00:00:13, Sys 0 00:00:01  -  Total Remote Usage
		Usr 0 00:00:00, Sys 0 00:00:00  -  Total Local Usage
	554  -  Run Bytes Sent By Job
	10422  -  Run Bytes Received By Job
	554  -  Total Bytes Sent By Job
	10422  -  Total Bytes Received By Job
	Partitionable Resources :    Usage  Request Allocated 
	   Cpus                 :        0        1         1 
	   Disk (KB)            :       28  2048000   3656096 
	   Memory (MB)          :       14     2000      2000 
...
000 (339725.989.000) 01/29 16:03:30 Job submitted from host: <155.230.23.72:9618?addrs=155.230.23.72-9618&noUDP&sock=882541_4c40_3>
...
001 (339725.989.000) 01/29 16:52:13 Job executing on host: <155.230.21.43:9618?addrs=155.230.21.43-9618+[2407-c000-c024-0-226-18ff-fe94-3c21]-9618&noUDP&sock=1286_aae2_3>
...
006 (339725.989.000) 01/29 16:52:21 Image size of job updated: 146632
	86  -  MemoryUsage of job (MB)
	87736  -  ResidentSetSize of job (KB)
...
006 (339725.989.000) 01/29 16:53:23 Image size of job updated: 320676
	86  -  MemoryUsage of job (MB)
	87740  -  ResidentSetSize of job (KB)
...
005 (339725.989.000) 01/29 16:53:23 Job terminated.
	(1) Normal termination (return value 0)
		Usr 0 00:00:16, Sys 0 00:00:05  -  Run Remote Usage
		Usr 0 00:00:00, Sys 0 00:00:00  -  Run Local Usage
		Usr 0 00:00:16, Sys 0 00:00:05  -  Total Remote Usage
		Usr 0 00:00:00, Sys 0 00:00:00  -  Total Local Usage
	719  -  Run Bytes Sent By Job
	10683  -  Run Bytes Received By Job
	719  -  Total Bytes Sent By Job
	10683  -  Total Bytes Received By Job
	Partitionable Resources :    Usage  Request Allocated 
	   Cpus                 :     0.04        1         1 
	   Disk (KB)            :    29     2048000   3905052 
	   Memory (MB)          :    86        2000      2000 
...
