000 (47439.831.000) 12/19 19:07:21 Job submitted from host: <155.230.20.251:9618?addrs=155.230.20.251-9618&noUDP&sock=930313_ea96_3>
...
001 (47439.831.000) 12/19 19:49:24 Job executing on host: <155.230.21.92:9618?addrs=155.230.21.92-9618&noUDP&sock=30767_2e6f_3>
...
006 (47439.831.000) 12/19 19:49:33 Image size of job updated: 221336
	0  -  MemoryUsage of job (MB)
	0  -  ResidentSetSize of job (KB)
...
005 (47439.831.000) 12/19 19:49:33 Job terminated.
	(1) Normal termination (return value 0)
		Usr 0 00:00:07, Sys 0 00:00:00  -  Run Remote Usage
		Usr 0 00:00:00, Sys 0 00:00:00  -  Run Local Usage
		Usr 0 00:00:07, Sys 0 00:00:00  -  Total Remote Usage
		Usr 0 00:00:00, Sys 0 00:00:00  -  Total Local Usage
	554  -  Run Bytes Sent By Job
	10422  -  Run Bytes Received By Job
	554  -  Total Bytes Sent By Job
	10422  -  Total Bytes Received By Job
	Partitionable Resources :    Usage  Request Allocated 
	   Cpus                 :        0        1         1 
	   Disk (KB)            :       28  2048000   3709684 
	   Memory (MB)          :        0     2000      2000 
...
000 (339725.831.000) 01/29 16:03:30 Job submitted from host: <155.230.23.72:9618?addrs=155.230.23.72-9618&noUDP&sock=882541_4c40_3>
...
001 (339725.831.000) 01/29 16:49:51 Job executing on host: <155.230.21.43:9618?addrs=155.230.21.43-9618+[2407-c000-c024-0-226-18ff-fe94-3c21]-9618&noUDP&sock=1286_aae2_3>
...
006 (339725.831.000) 01/29 16:49:59 Image size of job updated: 169592
	105  -  MemoryUsage of job (MB)
	106672  -  ResidentSetSize of job (KB)
...
006 (339725.831.000) 01/29 16:50:55 Image size of job updated: 169592
	105  -  MemoryUsage of job (MB)
	106724  -  ResidentSetSize of job (KB)
...
005 (339725.831.000) 01/29 16:50:55 Job terminated.
	(1) Normal termination (return value 0)
		Usr 0 00:00:16, Sys 0 00:00:05  -  Run Remote Usage
		Usr 0 00:00:00, Sys 0 00:00:00  -  Run Local Usage
		Usr 0 00:00:16, Sys 0 00:00:05  -  Total Remote Usage
		Usr 0 00:00:00, Sys 0 00:00:00  -  Total Local Usage
	719  -  Run Bytes Sent By Job
	10683  -  Run Bytes Received By Job
	719  -  Total Bytes Sent By Job
	10683  -  Total Bytes Received By Job
	Partitionable Resources :    Usage  Request Allocated 
	   Cpus                 :     0.15        1         1 
	   Disk (KB)            :    29     2048000   3905052 
	   Memory (MB)          :   105        2000      2000 
...
