000 (47439.648.000) 12/19 19:07:21 Job submitted from host: <155.230.20.251:9618?addrs=155.230.20.251-9618&noUDP&sock=930313_ea96_3>
...
001 (47439.648.000) 12/19 19:46:09 Job executing on host: <155.230.21.88:9618?addrs=155.230.21.88-9618&noUDP&sock=1537_d527_3>
...
006 (47439.648.000) 12/19 19:46:17 Image size of job updated: 300428
	219  -  MemoryUsage of job (MB)
	224196  -  ResidentSetSize of job (KB)
...
005 (47439.648.000) 12/19 19:46:18 Job terminated.
	(1) Normal termination (return value 0)
		Usr 0 00:00:07, Sys 0 00:00:00  -  Run Remote Usage
		Usr 0 00:00:00, Sys 0 00:00:00  -  Run Local Usage
		Usr 0 00:00:07, Sys 0 00:00:00  -  Total Remote Usage
		Usr 0 00:00:00, Sys 0 00:00:00  -  Total Local Usage
	554  -  Run Bytes Sent By Job
	10422  -  Run Bytes Received By Job
	554  -  Total Bytes Sent By Job
	10422  -  Total Bytes Received By Job
	Partitionable Resources :    Usage  Request Allocated 
	   Cpus                 :        0        1         1 
	   Disk (KB)            :       28  2048000   3565393 
	   Memory (MB)          :      219     2000      2000 
...
000 (339725.648.000) 01/29 16:03:30 Job submitted from host: <155.230.23.72:9618?addrs=155.230.23.72-9618&noUDP&sock=882541_4c40_3>
...
001 (339725.648.000) 01/29 16:46:01 Job executing on host: <155.230.21.107:9618?addrs=155.230.21.107-9618+[2407-c000-c024-0-12bf-48ff-fe22-c094]-9618&noUDP&sock=1569_c82f_3>
...
006 (339725.648.000) 01/29 16:46:09 Image size of job updated: 291300
	212  -  MemoryUsage of job (MB)
	216472  -  ResidentSetSize of job (KB)
...
006 (339725.648.000) 01/29 16:46:20 Image size of job updated: 320296
	212  -  MemoryUsage of job (MB)
	216472  -  ResidentSetSize of job (KB)
...
005 (339725.648.000) 01/29 16:46:20 Job terminated.
	(1) Normal termination (return value 0)
		Usr 0 00:00:09, Sys 0 00:00:03  -  Run Remote Usage
		Usr 0 00:00:00, Sys 0 00:00:00  -  Run Local Usage
		Usr 0 00:00:09, Sys 0 00:00:03  -  Total Remote Usage
		Usr 0 00:00:00, Sys 0 00:00:00  -  Total Local Usage
	719  -  Run Bytes Sent By Job
	10683  -  Run Bytes Received By Job
	719  -  Total Bytes Sent By Job
	10683  -  Total Bytes Received By Job
	Partitionable Resources :    Usage  Request Allocated 
	   Cpus                 :        0        1         1 
	   Disk (KB)            :       29  2048000   3786899 
	   Memory (MB)          :      212     2000      2000 
...
