000 (47439.060.000) 12/19 19:07:20 Job submitted from host: <155.230.20.251:9618?addrs=155.230.20.251-9618&noUDP&sock=930313_ea96_3>
...
001 (47439.060.000) 12/19 19:33:09 Job executing on host: <155.230.21.108:9618?addrs=155.230.21.108-9618&noUDP&sock=779_e85d_3>
...
006 (47439.060.000) 12/19 19:33:18 Image size of job updated: 301192
	220  -  MemoryUsage of job (MB)
	225012  -  ResidentSetSize of job (KB)
...
005 (47439.060.000) 12/19 19:33:20 Job terminated.
	(1) Normal termination (return value 0)
		Usr 0 00:00:08, Sys 0 00:00:00  -  Run Remote Usage
		Usr 0 00:00:00, Sys 0 00:00:00  -  Run Local Usage
		Usr 0 00:00:08, Sys 0 00:00:00  -  Total Remote Usage
		Usr 0 00:00:00, Sys 0 00:00:00  -  Total Local Usage
	554  -  Run Bytes Sent By Job
	10422  -  Run Bytes Received By Job
	554  -  Total Bytes Sent By Job
	10422  -  Total Bytes Received By Job
	Partitionable Resources :    Usage  Request Allocated 
	   Cpus                 :     0.02        1         1 
	   Disk (KB)            :    28     2048000   3664171 
	   Memory (MB)          :   220        2000      2000 
...
000 (339725.060.000) 01/29 16:03:29 Job submitted from host: <155.230.23.72:9618?addrs=155.230.23.72-9618&noUDP&sock=882541_4c40_3>
...
001 (339725.060.000) 01/29 16:35:39 Job executing on host: <155.230.21.93:9618?addrs=155.230.21.93-9618&noUDP&sock=5106_dea9_47>
...
006 (339725.060.000) 01/29 16:35:48 Image size of job updated: 300980
	220  -  MemoryUsage of job (MB)
	224452  -  ResidentSetSize of job (KB)
...
006 (339725.060.000) 01/29 16:35:56 Image size of job updated: 311156
	220  -  MemoryUsage of job (MB)
	224452  -  ResidentSetSize of job (KB)
...
005 (339725.060.000) 01/29 16:35:56 Job terminated.
	(1) Normal termination (return value 0)
		Usr 0 00:00:08, Sys 0 00:00:03  -  Run Remote Usage
		Usr 0 00:00:00, Sys 0 00:00:00  -  Run Local Usage
		Usr 0 00:00:08, Sys 0 00:00:03  -  Total Remote Usage
		Usr 0 00:00:00, Sys 0 00:00:00  -  Total Local Usage
	718  -  Run Bytes Sent By Job
	10683  -  Run Bytes Received By Job
	718  -  Total Bytes Sent By Job
	10683  -  Total Bytes Received By Job
	Partitionable Resources :    Usage  Request Allocated 
	   Cpus                 :        0        1         1 
	   Disk (KB)            :       28  2048000   3786786 
	   Memory (MB)          :      220     2000      2000 
...
