000 (47439.855.000) 12/19 19:07:21 Job submitted from host: <155.230.20.251:9618?addrs=155.230.20.251-9618&noUDP&sock=930313_ea96_3>
...
001 (47439.855.000) 12/19 19:50:20 Job executing on host: <155.230.21.73:9618?addrs=155.230.21.73-9618&noUDP&sock=15554_5428_3>
...
006 (47439.855.000) 12/19 19:50:29 Image size of job updated: 80444
	39  -  MemoryUsage of job (MB)
	39596  -  ResidentSetSize of job (KB)
...
006 (47439.855.000) 12/19 19:51:03 Image size of job updated: 299696
	39  -  MemoryUsage of job (MB)
	39912  -  ResidentSetSize of job (KB)
...
005 (47439.855.000) 12/19 19:51:03 Job terminated.
	(1) Normal termination (return value 0)
		Usr 0 00:00:13, Sys 0 00:00:01  -  Run Remote Usage
		Usr 0 00:00:00, Sys 0 00:00:00  -  Run Local Usage
		Usr 0 00:00:13, Sys 0 00:00:01  -  Total Remote Usage
		Usr 0 00:00:00, Sys 0 00:00:00  -  Total Local Usage
	554  -  Run Bytes Sent By Job
	10422  -  Run Bytes Received By Job
	554  -  Total Bytes Sent By Job
	10422  -  Total Bytes Received By Job
	Partitionable Resources :    Usage  Request Allocated 
	   Cpus                 :        0        1         1 
	   Disk (KB)            :       28  2048000   3656096 
	   Memory (MB)          :       39     2000      2000 
...
000 (339725.855.000) 01/29 16:03:30 Job submitted from host: <155.230.23.72:9618?addrs=155.230.23.72-9618&noUDP&sock=882541_4c40_3>
...
001 (339725.855.000) 01/29 16:50:01 Job executing on host: <155.230.21.94:9618?addrs=155.230.21.94-9618&noUDP&sock=10639_0c2d_48>
...
006 (339725.855.000) 01/29 16:50:10 Image size of job updated: 290980
	212  -  MemoryUsage of job (MB)
	216152  -  ResidentSetSize of job (KB)
...
006 (339725.855.000) 01/29 16:50:22 Image size of job updated: 315900
	212  -  MemoryUsage of job (MB)
	216152  -  ResidentSetSize of job (KB)
...
005 (339725.855.000) 01/29 16:50:22 Job terminated.
	(1) Normal termination (return value 0)
		Usr 0 00:00:08, Sys 0 00:00:03  -  Run Remote Usage
		Usr 0 00:00:00, Sys 0 00:00:00  -  Run Local Usage
		Usr 0 00:00:08, Sys 0 00:00:03  -  Total Remote Usage
		Usr 0 00:00:00, Sys 0 00:00:00  -  Total Local Usage
	719  -  Run Bytes Sent By Job
	10683  -  Run Bytes Received By Job
	719  -  Total Bytes Sent By Job
	10683  -  Total Bytes Received By Job
	Partitionable Resources :    Usage  Request Allocated 
	   Cpus                 :        0        1         1 
	   Disk (KB)            :       28  2048000   3782837 
	   Memory (MB)          :      212     2000      2000 
...
