000 (47439.203.000) 12/19 19:07:20 Job submitted from host: <155.230.20.251:9618?addrs=155.230.20.251-9618&noUDP&sock=930313_ea96_3>
...
001 (47439.203.000) 12/19 19:36:13 Job executing on host: <155.230.21.85:9618?addrs=155.230.21.85-9618&noUDP&sock=1521_dba3_3>
...
006 (47439.203.000) 12/19 19:36:21 Image size of job updated: 301600
	221  -  MemoryUsage of job (MB)
	225368  -  ResidentSetSize of job (KB)
...
005 (47439.203.000) 12/19 19:36:22 Job terminated.
	(1) Normal termination (return value 0)
		Usr 0 00:00:07, Sys 0 00:00:00  -  Run Remote Usage
		Usr 0 00:00:00, Sys 0 00:00:00  -  Run Local Usage
		Usr 0 00:00:07, Sys 0 00:00:00  -  Total Remote Usage
		Usr 0 00:00:00, Sys 0 00:00:00  -  Total Local Usage
	554  -  Run Bytes Sent By Job
	10422  -  Run Bytes Received By Job
	554  -  Total Bytes Sent By Job
	10422  -  Total Bytes Received By Job
	Partitionable Resources :    Usage  Request Allocated 
	   Cpus                 :        0        1         1 
	   Disk (KB)            :       28  2048000   3711575 
	   Memory (MB)          :      221     2000      2000 
...
000 (339725.203.000) 01/29 16:03:29 Job submitted from host: <155.230.23.72:9618?addrs=155.230.23.72-9618&noUDP&sock=882541_4c40_3>
...
001 (339725.203.000) 01/29 16:38:33 Job executing on host: <155.230.21.80:9618?addrs=155.230.21.80-9618+[2407-c000-c024-0-beae-c5ff-fe56-7fcc]-9618&noUDP&sock=26090_25fd_3>
...
006 (339725.203.000) 01/29 16:38:42 Image size of job updated: 302280
	221  -  MemoryUsage of job (MB)
	225752  -  ResidentSetSize of job (KB)
...
005 (339725.203.000) 01/29 16:38:43 Job terminated.
	(1) Normal termination (return value 0)
		Usr 0 00:00:08, Sys 0 00:00:01  -  Run Remote Usage
		Usr 0 00:00:00, Sys 0 00:00:00  -  Run Local Usage
		Usr 0 00:00:08, Sys 0 00:00:01  -  Total Remote Usage
		Usr 0 00:00:00, Sys 0 00:00:00  -  Total Local Usage
	719  -  Run Bytes Sent By Job
	10683  -  Run Bytes Received By Job
	719  -  Total Bytes Sent By Job
	10683  -  Total Bytes Received By Job
	Partitionable Resources :    Usage  Request Allocated 
	   Cpus                 :                 1         1 
	   Disk (KB)            :       22  2048000  19197079 
	   Memory (MB)          :      221     2000      2000 
...
