000 (47439.631.000) 12/19 19:07:21 Job submitted from host: <155.230.20.251:9618?addrs=155.230.20.251-9618&noUDP&sock=930313_ea96_3>
...
001 (47439.631.000) 12/19 19:46:14 Job executing on host: <155.230.21.35:9618?addrs=155.230.21.35-9618&noUDP&sock=11940_6ce3_3>
...
006 (47439.631.000) 12/19 19:46:23 Image size of job updated: 163316
	98  -  MemoryUsage of job (MB)
	100236  -  ResidentSetSize of job (KB)
...
006 (47439.631.000) 12/19 19:46:38 Image size of job updated: 300096
	98  -  MemoryUsage of job (MB)
	100240  -  ResidentSetSize of job (KB)
...
005 (47439.631.000) 12/19 19:46:38 Job terminated.
	(1) Normal termination (return value 0)
		Usr 0 00:00:15, Sys 0 00:00:02  -  Run Remote Usage
		Usr 0 00:00:00, Sys 0 00:00:00  -  Run Local Usage
		Usr 0 00:00:15, Sys 0 00:00:02  -  Total Remote Usage
		Usr 0 00:00:00, Sys 0 00:00:00  -  Total Local Usage
	554  -  Run Bytes Sent By Job
	10422  -  Run Bytes Received By Job
	554  -  Total Bytes Sent By Job
	10422  -  Total Bytes Received By Job
	Partitionable Resources :    Usage  Request Allocated 
	   Cpus                 :        0        1         1 
	   Disk (KB)            :       28  2048000   3689027 
	   Memory (MB)          :       98     2000      2000 
...
000 (339725.631.000) 01/29 16:03:30 Job submitted from host: <155.230.23.72:9618?addrs=155.230.23.72-9618&noUDP&sock=882541_4c40_3>
...
001 (339725.631.000) 01/29 16:45:55 Job executing on host: <155.230.21.112:9618?addrs=155.230.21.112-9618&noUDP&sock=22175_c8b6_48>
...
006 (339725.631.000) 01/29 16:46:04 Image size of job updated: 291384
	212  -  MemoryUsage of job (MB)
	216228  -  ResidentSetSize of job (KB)
...
006 (339725.631.000) 01/29 16:46:15 Image size of job updated: 318680
	212  -  MemoryUsage of job (MB)
	216232  -  ResidentSetSize of job (KB)
...
005 (339725.631.000) 01/29 16:46:15 Job terminated.
	(1) Normal termination (return value 0)
		Usr 0 00:00:10, Sys 0 00:00:04  -  Run Remote Usage
		Usr 0 00:00:00, Sys 0 00:00:00  -  Run Local Usage
		Usr 0 00:00:10, Sys 0 00:00:04  -  Total Remote Usage
		Usr 0 00:00:00, Sys 0 00:00:00  -  Total Local Usage
	719  -  Run Bytes Sent By Job
	10683  -  Run Bytes Received By Job
	719  -  Total Bytes Sent By Job
	10683  -  Total Bytes Received By Job
	Partitionable Resources :    Usage  Request Allocated 
	   Cpus                 :        0        1         1 
	   Disk (KB)            :       28  2048000   3840615 
	   Memory (MB)          :      212     2000      2000 
...
