000 (47439.312.000) 12/19 19:07:20 Job submitted from host: <155.230.20.251:9618?addrs=155.230.20.251-9618&noUDP&sock=930313_ea96_3>
...
001 (47439.312.000) 12/19 19:38:18 Job executing on host: <155.230.21.115:9618?addrs=155.230.21.115-9618&noUDP&sock=905_554c_3>
...
006 (47439.312.000) 12/19 19:38:27 Image size of job updated: 302584
	222  -  MemoryUsage of job (MB)
	226352  -  ResidentSetSize of job (KB)
...
006 (47439.312.000) 12/19 19:38:29 Image size of job updated: 302604
	222  -  MemoryUsage of job (MB)
	226352  -  ResidentSetSize of job (KB)
...
005 (47439.312.000) 12/19 19:38:30 Job terminated.
	(1) Normal termination (return value 0)
		Usr 0 00:00:09, Sys 0 00:00:01  -  Run Remote Usage
		Usr 0 00:00:00, Sys 0 00:00:00  -  Run Local Usage
		Usr 0 00:00:09, Sys 0 00:00:01  -  Total Remote Usage
		Usr 0 00:00:00, Sys 0 00:00:00  -  Total Local Usage
	554  -  Run Bytes Sent By Job
	10422  -  Run Bytes Received By Job
	554  -  Total Bytes Sent By Job
	10422  -  Total Bytes Received By Job
	Partitionable Resources :    Usage  Request Allocated 
	   Cpus                 :        0        1         1 
	   Disk (KB)            :       28  2048000   3709762 
	   Memory (MB)          :      222     2000      2000 
...
000 (339725.312.000) 01/29 16:03:29 Job submitted from host: <155.230.23.72:9618?addrs=155.230.23.72-9618&noUDP&sock=882541_4c40_3>
...
001 (339725.312.000) 01/29 16:39:54 Job executing on host: <155.230.21.111:9618?addrs=155.230.21.111-9618&noUDP&sock=14468_6c4e_47>
...
006 (339725.312.000) 01/29 16:40:03 Image size of job updated: 293428
	214  -  MemoryUsage of job (MB)
	218184  -  ResidentSetSize of job (KB)
...
006 (339725.312.000) 01/29 16:40:12 Image size of job updated: 312348
	214  -  MemoryUsage of job (MB)
	218188  -  ResidentSetSize of job (KB)
...
005 (339725.312.000) 01/29 16:40:12 Job terminated.
	(1) Normal termination (return value 0)
		Usr 0 00:00:10, Sys 0 00:00:04  -  Run Remote Usage
		Usr 0 00:00:00, Sys 0 00:00:00  -  Run Local Usage
		Usr 0 00:00:10, Sys 0 00:00:04  -  Total Remote Usage
		Usr 0 00:00:00, Sys 0 00:00:00  -  Total Local Usage
	719  -  Run Bytes Sent By Job
	10683  -  Run Bytes Received By Job
	719  -  Total Bytes Sent By Job
	10683  -  Total Bytes Received By Job
	Partitionable Resources :    Usage  Request Allocated 
	   Cpus                 :        0        1         1 
	   Disk (KB)            :       28  2048000   3784693 
	   Memory (MB)          :      214     2000      2000 
...
