000 (47439.549.000) 12/19 19:07:20 Job submitted from host: <155.230.20.251:9618?addrs=155.230.20.251-9618&noUDP&sock=930313_ea96_3>
...
001 (47439.549.000) 12/19 19:44:08 Job executing on host: <155.230.21.95:9618?addrs=155.230.21.95-9618+[--1]-9618&noUDP&sock=14962_4417_3>
...
006 (47439.549.000) 12/19 19:44:16 Image size of job updated: 277080
	201  -  MemoryUsage of job (MB)
	204836  -  ResidentSetSize of job (KB)
...
006 (47439.549.000) 12/19 19:44:21 Image size of job updated: 302600
	201  -  MemoryUsage of job (MB)
	204840  -  ResidentSetSize of job (KB)
...
005 (47439.549.000) 12/19 19:44:21 Job terminated.
	(1) Normal termination (return value 0)
		Usr 0 00:00:10, Sys 0 00:00:01  -  Run Remote Usage
		Usr 0 00:00:00, Sys 0 00:00:00  -  Run Local Usage
		Usr 0 00:00:10, Sys 0 00:00:01  -  Total Remote Usage
		Usr 0 00:00:00, Sys 0 00:00:00  -  Total Local Usage
	554  -  Run Bytes Sent By Job
	10422  -  Run Bytes Received By Job
	554  -  Total Bytes Sent By Job
	10422  -  Total Bytes Received By Job
	Partitionable Resources :    Usage  Request Allocated 
	   Cpus                 :                 1         1 
	   Disk (KB)            :       22  2048000  18549089 
	   Memory (MB)          :      201     2000      2000 
...
000 (339725.549.000) 01/29 16:03:30 Job submitted from host: <155.230.23.72:9618?addrs=155.230.23.72-9618&noUDP&sock=882541_4c40_3>
...
001 (339725.549.000) 01/29 16:44:03 Job executing on host: <155.230.21.117:9618?addrs=155.230.21.117-9618&noUDP&sock=8728_42b0_47>
...
006 (339725.549.000) 01/29 16:44:12 Image size of job updated: 304132
	223  -  MemoryUsage of job (MB)
	227604  -  ResidentSetSize of job (KB)
...
006 (339725.549.000) 01/29 16:44:20 Image size of job updated: 315880
	223  -  MemoryUsage of job (MB)
	227604  -  ResidentSetSize of job (KB)
...
005 (339725.549.000) 01/29 16:44:20 Job terminated.
	(1) Normal termination (return value 0)
		Usr 0 00:00:09, Sys 0 00:00:03  -  Run Remote Usage
		Usr 0 00:00:00, Sys 0 00:00:00  -  Run Local Usage
		Usr 0 00:00:09, Sys 0 00:00:03  -  Total Remote Usage
		Usr 0 00:00:00, Sys 0 00:00:00  -  Total Local Usage
	719  -  Run Bytes Sent By Job
	10683  -  Run Bytes Received By Job
	719  -  Total Bytes Sent By Job
	10683  -  Total Bytes Received By Job
	Partitionable Resources :    Usage  Request Allocated 
	   Cpus                 :        0        1         1 
	   Disk (KB)            :       28  2048000   3791002 
	   Memory (MB)          :      223     2000      2000 
...
