000 (47439.262.000) 12/19 19:07:20 Job submitted from host: <155.230.20.251:9618?addrs=155.230.20.251-9618&noUDP&sock=930313_ea96_3>
...
001 (47439.262.000) 12/19 19:37:18 Job executing on host: <155.230.21.106:9618?addrs=155.230.21.106-9618&noUDP&sock=23306_8e53_3>
...
006 (47439.262.000) 12/19 19:37:26 Image size of job updated: 300148
	219  -  MemoryUsage of job (MB)
	223916  -  ResidentSetSize of job (KB)
...
006 (47439.262.000) 12/19 19:37:28 Image size of job updated: 550336
	219  -  MemoryUsage of job (MB)
	223916  -  ResidentSetSize of job (KB)
...
005 (47439.262.000) 12/19 19:37:28 Job terminated.
	(1) Normal termination (return value 0)
		Usr 0 00:00:08, Sys 0 00:00:00  -  Run Remote Usage
		Usr 0 00:00:00, Sys 0 00:00:00  -  Run Local Usage
		Usr 0 00:00:08, Sys 0 00:00:00  -  Total Remote Usage
		Usr 0 00:00:00, Sys 0 00:00:00  -  Total Local Usage
	554  -  Run Bytes Sent By Job
	10422  -  Run Bytes Received By Job
	554  -  Total Bytes Sent By Job
	10422  -  Total Bytes Received By Job
	Partitionable Resources :    Usage  Request Allocated 
	   Cpus                 :        0        1         1 
	   Disk (KB)            :       28  2048000   3709606 
	   Memory (MB)          :      219     2000      2000 
...
000 (339725.262.000) 01/29 16:03:29 Job submitted from host: <155.230.23.72:9618?addrs=155.230.23.72-9618&noUDP&sock=882541_4c40_3>
...
001 (339725.262.000) 01/29 16:39:35 Job executing on host: <155.230.21.108:9618?addrs=155.230.21.108-9618&noUDP&sock=779_e85d_48>
...
006 (339725.262.000) 01/29 16:39:43 Image size of job updated: 294060
	215  -  MemoryUsage of job (MB)
	219932  -  ResidentSetSize of job (KB)
...
006 (339725.262.000) 01/29 16:39:52 Image size of job updated: 312748
	215  -  MemoryUsage of job (MB)
	219976  -  ResidentSetSize of job (KB)
...
005 (339725.262.000) 01/29 16:39:52 Job terminated.
	(1) Normal termination (return value 0)
		Usr 0 00:00:10, Sys 0 00:00:03  -  Run Remote Usage
		Usr 0 00:00:00, Sys 0 00:00:00  -  Run Local Usage
		Usr 0 00:00:10, Sys 0 00:00:03  -  Total Remote Usage
		Usr 0 00:00:00, Sys 0 00:00:00  -  Total Local Usage
	719  -  Run Bytes Sent By Job
	10683  -  Run Bytes Received By Job
	719  -  Total Bytes Sent By Job
	10683  -  Total Bytes Received By Job
	Partitionable Resources :    Usage  Request Allocated 
	   Cpus                 :     0.02        1         1 
	   Disk (KB)            :    29     2048000   3842793 
	   Memory (MB)          :   215        2000      2000 
...
