000 (47439.188.000) 12/19 19:07:20 Job submitted from host: <155.230.20.251:9618?addrs=155.230.20.251-9618&noUDP&sock=930313_ea96_3>
...
001 (47439.188.000) 12/19 19:36:21 Job executing on host: <155.230.21.100:9618?addrs=155.230.21.100-9618&noUDP&sock=9525_efac_3>
...
006 (47439.188.000) 12/19 19:36:29 Image size of job updated: 98104
	52  -  MemoryUsage of job (MB)
	52348  -  ResidentSetSize of job (KB)
...
006 (47439.188.000) 12/19 19:36:45 Image size of job updated: 299656
	52  -  MemoryUsage of job (MB)
	52416  -  ResidentSetSize of job (KB)
...
005 (47439.188.000) 12/19 19:36:45 Job terminated.
	(1) Normal termination (return value 0)
		Usr 0 00:00:10, Sys 0 00:00:01  -  Run Remote Usage
		Usr 0 00:00:00, Sys 0 00:00:00  -  Run Local Usage
		Usr 0 00:00:10, Sys 0 00:00:01  -  Total Remote Usage
		Usr 0 00:00:00, Sys 0 00:00:00  -  Total Local Usage
	554  -  Run Bytes Sent By Job
	10422  -  Run Bytes Received By Job
	554  -  Total Bytes Sent By Job
	10422  -  Total Bytes Received By Job
	Partitionable Resources :    Usage  Request Allocated 
	   Cpus                 :     0.03        1         1 
	   Disk (KB)            :    28     2048000   3673277 
	   Memory (MB)          :    52        2000      2000 
...
000 (339725.188.000) 01/29 16:03:29 Job submitted from host: <155.230.23.72:9618?addrs=155.230.23.72-9618&noUDP&sock=882541_4c40_3>
...
001 (339725.188.000) 01/29 16:38:28 Job executing on host: <155.230.21.41:9618?addrs=155.230.21.41-9618&noUDP&sock=24346_e8d2_3>
...
006 (339725.188.000) 01/29 16:38:36 Image size of job updated: 107064
	62  -  MemoryUsage of job (MB)
	62676  -  ResidentSetSize of job (KB)
...
006 (339725.188.000) 01/29 16:39:42 Image size of job updated: 242808
	62  -  MemoryUsage of job (MB)
	62676  -  ResidentSetSize of job (KB)
...
005 (339725.188.000) 01/29 16:39:42 Job terminated.
	(1) Normal termination (return value 0)
		Usr 0 00:00:16, Sys 0 00:00:05  -  Run Remote Usage
		Usr 0 00:00:00, Sys 0 00:00:00  -  Run Local Usage
		Usr 0 00:00:16, Sys 0 00:00:05  -  Total Remote Usage
		Usr 0 00:00:00, Sys 0 00:00:00  -  Total Local Usage
	719  -  Run Bytes Sent By Job
	10683  -  Run Bytes Received By Job
	719  -  Total Bytes Sent By Job
	10683  -  Total Bytes Received By Job
	Partitionable Resources :    Usage  Request Allocated 
	   Cpus                 :     0.09        1         1 
	   Disk (KB)            :    29     2048000   3653325 
	   Memory (MB)          :    62        2000      2000 
...
