000 (47439.791.000) 12/19 19:07:21 Job submitted from host: <155.230.20.251:9618?addrs=155.230.20.251-9618&noUDP&sock=930313_ea96_3>
...
001 (47439.791.000) 12/19 19:48:26 Job executing on host: <155.230.21.110:9618?addrs=155.230.21.110-9618&noUDP&sock=15413_9d4e_3>
...
006 (47439.791.000) 12/19 19:48:35 Image size of job updated: 290432
	211  -  MemoryUsage of job (MB)
	215912  -  ResidentSetSize of job (KB)
...
006 (47439.791.000) 12/19 19:48:38 Image size of job updated: 301184
	211  -  MemoryUsage of job (MB)
	215912  -  ResidentSetSize of job (KB)
...
005 (47439.791.000) 12/19 19:48:38 Job terminated.
	(1) Normal termination (return value 0)
		Usr 0 00:00:08, Sys 0 00:00:00  -  Run Remote Usage
		Usr 0 00:00:00, Sys 0 00:00:00  -  Run Local Usage
		Usr 0 00:00:08, Sys 0 00:00:00  -  Total Remote Usage
		Usr 0 00:00:00, Sys 0 00:00:00  -  Total Local Usage
	554  -  Run Bytes Sent By Job
	10422  -  Run Bytes Received By Job
	554  -  Total Bytes Sent By Job
	10422  -  Total Bytes Received By Job
	Partitionable Resources :    Usage  Request Allocated 
	   Cpus                 :        0        1         1 
	   Disk (KB)            :       28  2048000   3709593 
	   Memory (MB)          :      211     2000      2000 
...
000 (339725.791.000) 01/29 16:03:30 Job submitted from host: <155.230.23.72:9618?addrs=155.230.23.72-9618&noUDP&sock=882541_4c40_3>
...
001 (339725.791.000) 01/29 16:48:55 Job executing on host: <155.230.21.108:9618?addrs=155.230.21.108-9618&noUDP&sock=779_e85d_48>
...
006 (339725.791.000) 01/29 16:49:04 Image size of job updated: 302680
	221  -  MemoryUsage of job (MB)
	226152  -  ResidentSetSize of job (KB)
...
006 (339725.791.000) 01/29 16:49:13 Image size of job updated: 311192
	221  -  MemoryUsage of job (MB)
	226152  -  ResidentSetSize of job (KB)
...
005 (339725.791.000) 01/29 16:49:13 Job terminated.
	(1) Normal termination (return value 0)
		Usr 0 00:00:10, Sys 0 00:00:04  -  Run Remote Usage
		Usr 0 00:00:00, Sys 0 00:00:00  -  Run Local Usage
		Usr 0 00:00:10, Sys 0 00:00:04  -  Total Remote Usage
		Usr 0 00:00:00, Sys 0 00:00:00  -  Total Local Usage
	719  -  Run Bytes Sent By Job
	10683  -  Run Bytes Received By Job
	719  -  Total Bytes Sent By Job
	10683  -  Total Bytes Received By Job
	Partitionable Resources :    Usage  Request Allocated 
	   Cpus                 :        0        1         1 
	   Disk (KB)            :       28  2048000   3842793 
	   Memory (MB)          :      221     2000      2000 
...
