000 (47439.130.000) 12/19 19:07:20 Job submitted from host: <155.230.20.251:9618?addrs=155.230.20.251-9618&noUDP&sock=930313_ea96_3>
...
001 (47439.130.000) 12/19 19:34:18 Job executing on host: <155.230.21.118:9618?addrs=155.230.21.118-9618&noUDP&sock=12615_6b51_3>
...
006 (47439.130.000) 12/19 19:34:26 Image size of job updated: 285464
	209  -  MemoryUsage of job (MB)
	213144  -  ResidentSetSize of job (KB)
...
006 (47439.130.000) 12/19 19:34:30 Image size of job updated: 290384
	209  -  MemoryUsage of job (MB)
	213144  -  ResidentSetSize of job (KB)
...
005 (47439.130.000) 12/19 19:34:30 Job terminated.
	(1) Normal termination (return value 0)
		Usr 0 00:00:10, Sys 0 00:00:01  -  Run Remote Usage
		Usr 0 00:00:00, Sys 0 00:00:00  -  Run Local Usage
		Usr 0 00:00:10, Sys 0 00:00:01  -  Total Remote Usage
		Usr 0 00:00:00, Sys 0 00:00:00  -  Total Local Usage
	554  -  Run Bytes Sent By Job
	10422  -  Run Bytes Received By Job
	554  -  Total Bytes Sent By Job
	10422  -  Total Bytes Received By Job
	Partitionable Resources :    Usage  Request Allocated 
	   Cpus                 :        0        1         1 
	   Disk (KB)            :       28  2048000   3709329 
	   Memory (MB)          :      209     2000      2000 
...
000 (339725.130.000) 01/29 16:03:29 Job submitted from host: <155.230.23.72:9618?addrs=155.230.23.72-9618&noUDP&sock=882541_4c40_3>
...
001 (339725.130.000) 01/29 16:36:45 Job executing on host: <155.230.21.126:9618?addrs=155.230.21.126-9618+[2407-c000-c024-0-6e92-bfff-fe34-147e]-9618&noUDP&sock=1918_2abc_3>
...
006 (339725.130.000) 01/29 16:36:53 Image size of job updated: 290988
	212  -  MemoryUsage of job (MB)
	216156  -  ResidentSetSize of job (KB)
...
006 (339725.130.000) 01/29 16:37:04 Image size of job updated: 317620
	212  -  MemoryUsage of job (MB)
	216156  -  ResidentSetSize of job (KB)
...
005 (339725.130.000) 01/29 16:37:04 Job terminated.
	(1) Normal termination (return value 0)
		Usr 0 00:00:08, Sys 0 00:00:02  -  Run Remote Usage
		Usr 0 00:00:00, Sys 0 00:00:00  -  Run Local Usage
		Usr 0 00:00:08, Sys 0 00:00:02  -  Total Remote Usage
		Usr 0 00:00:00, Sys 0 00:00:00  -  Total Local Usage
	719  -  Run Bytes Sent By Job
	10683  -  Run Bytes Received By Job
	719  -  Total Bytes Sent By Job
	10683  -  Total Bytes Received By Job
	Partitionable Resources :    Usage  Request Allocated 
	   Cpus                 :        0        1         1 
	   Disk (KB)            :       29  2048000   3797317 
	   Memory (MB)          :      212     2000      2000 
...
