000 (47439.945.000) 12/19 19:07:21 Job submitted from host: <155.230.20.251:9618?addrs=155.230.20.251-9618&noUDP&sock=930313_ea96_3>
...
001 (47439.945.000) 12/19 19:52:20 Job executing on host: <155.230.21.34:9618?addrs=155.230.21.34-9618&noUDP&sock=3883_fe56_3>
...
006 (47439.945.000) 12/19 19:52:28 Image size of job updated: 9352
	5  -  MemoryUsage of job (MB)
	4880  -  ResidentSetSize of job (KB)
...
006 (47439.945.000) 12/19 19:53:12 Image size of job updated: 299868
	5  -  MemoryUsage of job (MB)
	4880  -  ResidentSetSize of job (KB)
...
005 (47439.945.000) 12/19 19:53:12 Job terminated.
	(1) Normal termination (return value 0)
		Usr 0 00:00:13, Sys 0 00:00:01  -  Run Remote Usage
		Usr 0 00:00:00, Sys 0 00:00:00  -  Run Local Usage
		Usr 0 00:00:13, Sys 0 00:00:01  -  Total Remote Usage
		Usr 0 00:00:00, Sys 0 00:00:00  -  Total Local Usage
	554  -  Run Bytes Sent By Job
	10422  -  Run Bytes Received By Job
	554  -  Total Bytes Sent By Job
	10422  -  Total Bytes Received By Job
	Partitionable Resources :    Usage  Request Allocated 
	   Cpus                 :        0        1         1 
	   Disk (KB)            :       28  2048000   3677810 
	   Memory (MB)          :        5     2000      2000 
...
000 (339725.945.000) 01/29 16:03:30 Job submitted from host: <155.230.23.72:9618?addrs=155.230.23.72-9618&noUDP&sock=882541_4c40_3>
...
001 (339725.945.000) 01/29 16:51:55 Job executing on host: <155.230.21.92:9618?addrs=155.230.21.92-9618&noUDP&sock=30767_2e6f_50>
...
006 (339725.945.000) 01/29 16:52:03 Image size of job updated: 301772
	220  -  MemoryUsage of job (MB)
	225244  -  ResidentSetSize of job (KB)
...
006 (339725.945.000) 01/29 16:52:13 Image size of job updated: 313212
	220  -  MemoryUsage of job (MB)
	225244  -  ResidentSetSize of job (KB)
...
005 (339725.945.000) 01/29 16:52:13 Job terminated.
	(1) Normal termination (return value 0)
		Usr 0 00:00:08, Sys 0 00:00:03  -  Run Remote Usage
		Usr 0 00:00:00, Sys 0 00:00:00  -  Run Local Usage
		Usr 0 00:00:08, Sys 0 00:00:03  -  Total Remote Usage
		Usr 0 00:00:00, Sys 0 00:00:00  -  Total Local Usage
	719  -  Run Bytes Sent By Job
	10683  -  Run Bytes Received By Job
	719  -  Total Bytes Sent By Job
	10683  -  Total Bytes Received By Job
	Partitionable Resources :    Usage  Request Allocated 
	   Cpus                 :     0.02        1         1 
	   Disk (KB)            :    29     2048000   3842821 
	   Memory (MB)          :   220        2000      2000 
...
