000 (47439.544.000) 12/19 19:07:20 Job submitted from host: <155.230.20.251:9618?addrs=155.230.20.251-9618&noUDP&sock=930313_ea96_3>
...
001 (47439.544.000) 12/19 19:44:06 Job executing on host: <155.230.21.42:9618?addrs=155.230.21.42-9618&noUDP&sock=2987_697a_3>
...
006 (47439.544.000) 12/19 19:44:15 Image size of job updated: 138332
	81  -  MemoryUsage of job (MB)
	82088  -  ResidentSetSize of job (KB)
...
006 (47439.544.000) 12/19 19:44:31 Image size of job updated: 300880
	81  -  MemoryUsage of job (MB)
	82088  -  ResidentSetSize of job (KB)
...
005 (47439.544.000) 12/19 19:44:31 Job terminated.
	(1) Normal termination (return value 0)
		Usr 0 00:00:14, Sys 0 00:00:01  -  Run Remote Usage
		Usr 0 00:00:00, Sys 0 00:00:00  -  Run Local Usage
		Usr 0 00:00:14, Sys 0 00:00:01  -  Total Remote Usage
		Usr 0 00:00:00, Sys 0 00:00:00  -  Total Local Usage
	554  -  Run Bytes Sent By Job
	10422  -  Run Bytes Received By Job
	554  -  Total Bytes Sent By Job
	10422  -  Total Bytes Received By Job
	Partitionable Resources :    Usage  Request Allocated 
	   Cpus                 :        0        1         1 
	   Disk (KB)            :       28  2048000   3669141 
	   Memory (MB)          :       81     2000      2000 
...
000 (339725.544.000) 01/29 16:03:30 Job submitted from host: <155.230.23.72:9618?addrs=155.230.23.72-9618&noUDP&sock=882541_4c40_3>
...
001 (339725.544.000) 01/29 16:44:01 Job executing on host: <155.230.21.119:9618?addrs=155.230.21.119-9618&noUDP&sock=7399_ad53_47>
...
006 (339725.544.000) 01/29 16:44:09 Image size of job updated: 262336
	188  -  MemoryUsage of job (MB)
	192176  -  ResidentSetSize of job (KB)
...
006 (339725.544.000) 01/29 16:44:21 Image size of job updated: 318308
	188  -  MemoryUsage of job (MB)
	192184  -  ResidentSetSize of job (KB)
...
005 (339725.544.000) 01/29 16:44:21 Job terminated.
	(1) Normal termination (return value 0)
		Usr 0 00:00:12, Sys 0 00:00:04  -  Run Remote Usage
		Usr 0 00:00:00, Sys 0 00:00:00  -  Run Local Usage
		Usr 0 00:00:12, Sys 0 00:00:04  -  Total Remote Usage
		Usr 0 00:00:00, Sys 0 00:00:00  -  Total Local Usage
	719  -  Run Bytes Sent By Job
	10683  -  Run Bytes Received By Job
	719  -  Total Bytes Sent By Job
	10683  -  Total Bytes Received By Job
	Partitionable Resources :    Usage  Request Allocated 
	   Cpus                 :        0        1         1 
	   Disk (KB)            :       28  2048000   3788489 
	   Memory (MB)          :      188     2000      2000 
...
