000 (47439.761.000) 12/19 19:07:21 Job submitted from host: <155.230.20.251:9618?addrs=155.230.20.251-9618&noUDP&sock=930313_ea96_3>
...
001 (47439.761.000) 12/19 19:47:50 Job executing on host: <155.230.21.114:9618?addrs=155.230.21.114-9618&noUDP&sock=22699_3457_3>
...
006 (47439.761.000) 12/19 19:47:58 Image size of job updated: 297284
	217  -  MemoryUsage of job (MB)
	222068  -  ResidentSetSize of job (KB)
...
006 (47439.761.000) 12/19 19:48:01 Image size of job updated: 303908
	217  -  MemoryUsage of job (MB)
	222068  -  ResidentSetSize of job (KB)
...
005 (47439.761.000) 12/19 19:48:01 Job terminated.
	(1) Normal termination (return value 0)
		Usr 0 00:00:09, Sys 0 00:00:00  -  Run Remote Usage
		Usr 0 00:00:00, Sys 0 00:00:00  -  Run Local Usage
		Usr 0 00:00:09, Sys 0 00:00:00  -  Total Remote Usage
		Usr 0 00:00:00, Sys 0 00:00:00  -  Total Local Usage
	554  -  Run Bytes Sent By Job
	10422  -  Run Bytes Received By Job
	554  -  Total Bytes Sent By Job
	10422  -  Total Bytes Received By Job
	Partitionable Resources :    Usage  Request Allocated 
	   Cpus                 :        0        1         1 
	   Disk (KB)            :       28  2048000   3618436 
	   Memory (MB)          :      217     2000      2000 
...
000 (339725.761.000) 01/29 16:03:30 Job submitted from host: <155.230.23.72:9618?addrs=155.230.23.72-9618&noUDP&sock=882541_4c40_3>
...
001 (339725.761.000) 01/29 16:48:02 Job executing on host: <155.230.21.117:9618?addrs=155.230.21.117-9618&noUDP&sock=8728_42b0_47>
...
006 (339725.761.000) 01/29 16:48:10 Image size of job updated: 299796
	219  -  MemoryUsage of job (MB)
	223456  -  ResidentSetSize of job (KB)
...
006 (339725.761.000) 01/29 16:48:19 Image size of job updated: 313968
	219  -  MemoryUsage of job (MB)
	223532  -  ResidentSetSize of job (KB)
...
005 (339725.761.000) 01/29 16:48:19 Job terminated.
	(1) Normal termination (return value 0)
		Usr 0 00:00:09, Sys 0 00:00:03  -  Run Remote Usage
		Usr 0 00:00:00, Sys 0 00:00:00  -  Run Local Usage
		Usr 0 00:00:09, Sys 0 00:00:03  -  Total Remote Usage
		Usr 0 00:00:00, Sys 0 00:00:00  -  Total Local Usage
	719  -  Run Bytes Sent By Job
	10683  -  Run Bytes Received By Job
	719  -  Total Bytes Sent By Job
	10683  -  Total Bytes Received By Job
	Partitionable Resources :    Usage  Request Allocated 
	   Cpus                 :        0        1         1 
	   Disk (KB)            :       28  2048000   3791002 
	   Memory (MB)          :      219     2000      2000 
...
