000 (47439.050.000) 12/19 19:07:19 Job submitted from host: <155.230.20.251:9618?addrs=155.230.20.251-9618&noUDP&sock=930313_ea96_3>
...
001 (47439.050.000) 12/19 19:33:06 Job executing on host: <155.230.21.73:9618?addrs=155.230.21.73-9618&noUDP&sock=15554_5428_3>
...
006 (47439.050.000) 12/19 19:33:14 Image size of job updated: 25016
	11  -  MemoryUsage of job (MB)
	10356  -  ResidentSetSize of job (KB)
...
006 (47439.050.000) 12/19 19:35:14 Image size of job updated: 25436
	11  -  MemoryUsage of job (MB)
	10356  -  ResidentSetSize of job (KB)
...
005 (47439.050.000) 12/19 19:35:14 Job terminated.
	(1) Normal termination (return value 0)
		Usr 0 00:00:14, Sys 0 00:00:01  -  Run Remote Usage
		Usr 0 00:00:00, Sys 0 00:00:00  -  Run Local Usage
		Usr 0 00:00:14, Sys 0 00:00:01  -  Total Remote Usage
		Usr 0 00:00:00, Sys 0 00:00:00  -  Total Local Usage
	554  -  Run Bytes Sent By Job
	10422  -  Run Bytes Received By Job
	554  -  Total Bytes Sent By Job
	10422  -  Total Bytes Received By Job
	Partitionable Resources :    Usage  Request Allocated 
	   Cpus                 :        0        1         1 
	   Disk (KB)            :       28  2048000   3656096 
	   Memory (MB)          :       11     2000      2000 
...
000 (339725.050.000) 01/29 16:03:29 Job submitted from host: <155.230.23.72:9618?addrs=155.230.23.72-9618&noUDP&sock=882541_4c40_3>
...
001 (339725.050.000) 01/29 16:35:35 Job executing on host: <155.230.21.108:9618?addrs=155.230.21.108-9618&noUDP&sock=779_e85d_48>
...
006 (339725.050.000) 01/29 16:35:43 Image size of job updated: 288208
	210  -  MemoryUsage of job (MB)
	214080  -  ResidentSetSize of job (KB)
...
006 (339725.050.000) 01/29 16:35:49 Image size of job updated: 310724
	210  -  MemoryUsage of job (MB)
	214080  -  ResidentSetSize of job (KB)
...
005 (339725.050.000) 01/29 16:35:49 Job terminated.
	(1) Normal termination (return value 0)
		Usr 0 00:00:09, Sys 0 00:00:02  -  Run Remote Usage
		Usr 0 00:00:00, Sys 0 00:00:00  -  Run Local Usage
		Usr 0 00:00:09, Sys 0 00:00:02  -  Total Remote Usage
		Usr 0 00:00:00, Sys 0 00:00:00  -  Total Local Usage
	972  -  Run Bytes Sent By Job
	10683  -  Run Bytes Received By Job
	972  -  Total Bytes Sent By Job
	10683  -  Total Bytes Received By Job
	Partitionable Resources :    Usage  Request Allocated 
	   Cpus                 :        0        1         1 
	   Disk (KB)            :       29  2048000   3842793 
	   Memory (MB)          :      210     2000      2000 
...
