000 (47439.365.000) 12/19 19:07:20 Job submitted from host: <155.230.20.251:9618?addrs=155.230.20.251-9618&noUDP&sock=930313_ea96_3>
...
001 (47439.365.000) 12/19 19:40:05 Job executing on host: <155.230.21.73:9618?addrs=155.230.21.73-9618&noUDP&sock=15554_5428_3>
...
006 (47439.365.000) 12/19 19:40:13 Image size of job updated: 55192
	23  -  MemoryUsage of job (MB)
	22556  -  ResidentSetSize of job (KB)
...
006 (47439.365.000) 12/19 19:40:53 Image size of job updated: 304652
	23  -  MemoryUsage of job (MB)
	22556  -  ResidentSetSize of job (KB)
...
005 (47439.365.000) 12/19 19:40:53 Job terminated.
	(1) Normal termination (return value 0)
		Usr 0 00:00:13, Sys 0 00:00:01  -  Run Remote Usage
		Usr 0 00:00:00, Sys 0 00:00:00  -  Run Local Usage
		Usr 0 00:00:13, Sys 0 00:00:01  -  Total Remote Usage
		Usr 0 00:00:00, Sys 0 00:00:00  -  Total Local Usage
	554  -  Run Bytes Sent By Job
	10422  -  Run Bytes Received By Job
	554  -  Total Bytes Sent By Job
	10422  -  Total Bytes Received By Job
	Partitionable Resources :    Usage  Request Allocated 
	   Cpus                 :        0        1         1 
	   Disk (KB)            :       28  2048000   3656096 
	   Memory (MB)          :       23     2000      2000 
...
000 (339725.365.000) 01/29 16:03:29 Job submitted from host: <155.230.23.72:9618?addrs=155.230.23.72-9618&noUDP&sock=882541_4c40_3>
...
001 (339725.365.000) 01/29 16:40:56 Job executing on host: <155.230.21.111:9618?addrs=155.230.21.111-9618&noUDP&sock=14468_6c4e_47>
...
006 (339725.365.000) 01/29 16:41:05 Image size of job updated: 291652
	212  -  MemoryUsage of job (MB)
	216408  -  ResidentSetSize of job (KB)
...
006 (339725.365.000) 01/29 16:41:14 Image size of job updated: 310480
	212  -  MemoryUsage of job (MB)
	216412  -  ResidentSetSize of job (KB)
...
005 (339725.365.000) 01/29 16:41:14 Job terminated.
	(1) Normal termination (return value 0)
		Usr 0 00:00:10, Sys 0 00:00:04  -  Run Remote Usage
		Usr 0 00:00:00, Sys 0 00:00:00  -  Run Local Usage
		Usr 0 00:00:10, Sys 0 00:00:04  -  Total Remote Usage
		Usr 0 00:00:00, Sys 0 00:00:00  -  Total Local Usage
	719  -  Run Bytes Sent By Job
	10683  -  Run Bytes Received By Job
	719  -  Total Bytes Sent By Job
	10683  -  Total Bytes Received By Job
	Partitionable Resources :    Usage  Request Allocated 
	   Cpus                 :        0        1         1 
	   Disk (KB)            :       28  2048000   3784693 
	   Memory (MB)          :      212     2000      2000 
...
