000 (47439.494.000) 12/19 19:07:20 Job submitted from host: <155.230.20.251:9618?addrs=155.230.20.251-9618&noUDP&sock=930313_ea96_3>
...
001 (47439.494.000) 12/19 19:42:20 Job executing on host: <155.230.21.116:9618?addrs=155.230.21.116-9618&noUDP&sock=38331_74cc_3>
...
006 (47439.494.000) 12/19 19:42:28 Image size of job updated: 292816
	214  -  MemoryUsage of job (MB)
	219088  -  ResidentSetSize of job (KB)
...
006 (47439.494.000) 12/19 19:42:31 Image size of job updated: 303556
	214  -  MemoryUsage of job (MB)
	219088  -  ResidentSetSize of job (KB)
...
005 (47439.494.000) 12/19 19:42:32 Job terminated.
	(1) Normal termination (return value 0)
		Usr 0 00:00:09, Sys 0 00:00:01  -  Run Remote Usage
		Usr 0 00:00:00, Sys 0 00:00:00  -  Run Local Usage
		Usr 0 00:00:09, Sys 0 00:00:01  -  Total Remote Usage
		Usr 0 00:00:00, Sys 0 00:00:00  -  Total Local Usage
	554  -  Run Bytes Sent By Job
	10422  -  Run Bytes Received By Job
	554  -  Total Bytes Sent By Job
	10422  -  Total Bytes Received By Job
	Partitionable Resources :    Usage  Request Allocated 
	   Cpus                 :        0        1         1 
	   Disk (KB)            :       28  2048000   3709334 
	   Memory (MB)          :      214     2000      2000 
...
