000 (47439.929.000) 12/19 19:07:21 Job submitted from host: <155.230.20.251:9618?addrs=155.230.20.251-9618&noUDP&sock=930313_ea96_3>
...
001 (47439.929.000) 12/19 19:51:34 Job executing on host: <155.230.21.121:9618?addrs=155.230.21.121-9618&noUDP&sock=28110_b34c_3>
...
006 (47439.929.000) 12/19 19:51:42 Image size of job updated: 298720
	218  -  MemoryUsage of job (MB)
	222580  -  ResidentSetSize of job (KB)
...
006 (47439.929.000) 12/19 19:51:44 Image size of job updated: 301812
	218  -  MemoryUsage of job (MB)
	222592  -  ResidentSetSize of job (KB)
...
005 (47439.929.000) 12/19 19:51:44 Job terminated.
	(1) Normal termination (return value 0)
		Usr 0 00:00:08, Sys 0 00:00:00  -  Run Remote Usage
		Usr 0 00:00:00, Sys 0 00:00:00  -  Run Local Usage
		Usr 0 00:00:08, Sys 0 00:00:00  -  Total Remote Usage
		Usr 0 00:00:00, Sys 0 00:00:00  -  Total Local Usage
	554  -  Run Bytes Sent By Job
	10422  -  Run Bytes Received By Job
	554  -  Total Bytes Sent By Job
	10422  -  Total Bytes Received By Job
	Partitionable Resources :    Usage  Request Allocated 
	   Cpus                 :        0        1         1 
	   Disk (KB)            :       28  2048000   3709756 
	   Memory (MB)          :      218     2000      2000 
...
000 (339725.929.000) 01/29 16:03:30 Job submitted from host: <155.230.23.72:9618?addrs=155.230.23.72-9618&noUDP&sock=882541_4c40_3>
...
001 (339725.929.000) 01/29 16:51:52 Job executing on host: <155.230.21.74:9618?addrs=155.230.21.74-9618&noUDP&sock=27134_3edd_3>
...
006 (339725.929.000) 01/29 16:52:02 Image size of job updated: 75552
	36  -  MemoryUsage of job (MB)
	35844  -  ResidentSetSize of job (KB)
...
006 (339725.929.000) 01/29 16:53:38 Image size of job updated: 265596
	36  -  MemoryUsage of job (MB)
	35960  -  ResidentSetSize of job (KB)
...
005 (339725.929.000) 01/29 16:53:38 Job terminated.
	(1) Normal termination (return value 0)
		Usr 0 00:00:16, Sys 0 00:00:06  -  Run Remote Usage
		Usr 0 00:00:00, Sys 0 00:00:00  -  Run Local Usage
		Usr 0 00:00:16, Sys 0 00:00:06  -  Total Remote Usage
		Usr 0 00:00:00, Sys 0 00:00:00  -  Total Local Usage
	719  -  Run Bytes Sent By Job
	10683  -  Run Bytes Received By Job
	719  -  Total Bytes Sent By Job
	10683  -  Total Bytes Received By Job
	Partitionable Resources :    Usage  Request Allocated 
	   Cpus                 :     0.14        1         1 
	   Disk (KB)            :    29     2048000   3665303 
	   Memory (MB)          :    36        2000      2000 
...
