000 (47439.569.000) 12/19 19:07:20 Job submitted from host: <155.230.20.251:9618?addrs=155.230.20.251-9618&noUDP&sock=930313_ea96_3>
...
001 (47439.569.000) 12/19 19:44:16 Job executing on host: <155.230.21.110:9618?addrs=155.230.21.110-9618&noUDP&sock=15413_9d4e_3>
...
006 (47439.569.000) 12/19 19:44:24 Image size of job updated: 291032
	212  -  MemoryUsage of job (MB)
	216096  -  ResidentSetSize of job (KB)
...
006 (47439.569.000) 12/19 19:44:27 Image size of job updated: 301784
	212  -  MemoryUsage of job (MB)
	216100  -  ResidentSetSize of job (KB)
...
005 (47439.569.000) 12/19 19:44:27 Job terminated.
	(1) Normal termination (return value 0)
		Usr 0 00:00:08, Sys 0 00:00:00  -  Run Remote Usage
		Usr 0 00:00:00, Sys 0 00:00:00  -  Run Local Usage
		Usr 0 00:00:08, Sys 0 00:00:00  -  Total Remote Usage
		Usr 0 00:00:00, Sys 0 00:00:00  -  Total Local Usage
	554  -  Run Bytes Sent By Job
	10422  -  Run Bytes Received By Job
	554  -  Total Bytes Sent By Job
	10422  -  Total Bytes Received By Job
	Partitionable Resources :    Usage  Request Allocated 
	   Cpus                 :        0        1         1 
	   Disk (KB)            :       28  2048000   3709593 
	   Memory (MB)          :      212     2000      2000 
...
000 (339725.569.000) 01/29 16:03:30 Job submitted from host: <155.230.23.72:9618?addrs=155.230.23.72-9618&noUDP&sock=882541_4c40_3>
...
001 (339725.569.000) 01/29 16:44:52 Job executing on host: <155.230.21.99:9618?addrs=155.230.21.99-9618+[2407-c000-c024-0-e2cb-4eff-fe53-cf0f]-9618&noUDP&sock=8708_8acc_3>
...
006 (339725.569.000) 01/29 16:45:02 Image size of job updated: 277316
	200  -  MemoryUsage of job (MB)
	204052  -  ResidentSetSize of job (KB)
...
006 (339725.569.000) 01/29 16:45:21 Image size of job updated: 314796
	200  -  MemoryUsage of job (MB)
	204052  -  ResidentSetSize of job (KB)
...
005 (339725.569.000) 01/29 16:45:21 Job terminated.
	(1) Normal termination (return value 0)
		Usr 0 00:00:12, Sys 0 00:00:05  -  Run Remote Usage
		Usr 0 00:00:00, Sys 0 00:00:00  -  Run Local Usage
		Usr 0 00:00:12, Sys 0 00:00:05  -  Total Remote Usage
		Usr 0 00:00:00, Sys 0 00:00:00  -  Total Local Usage
	719  -  Run Bytes Sent By Job
	10683  -  Run Bytes Received By Job
	719  -  Total Bytes Sent By Job
	10683  -  Total Bytes Received By Job
	Partitionable Resources :    Usage  Request Allocated 
	   Cpus                 :        0        1         1 
	   Disk (KB)            :       29  2048000   3786677 
	   Memory (MB)          :      200     2000      2000 
...
