000 (47439.636.000) 12/19 19:07:21 Job submitted from host: <155.230.20.251:9618?addrs=155.230.20.251-9618&noUDP&sock=930313_ea96_3>
...
001 (47439.636.000) 12/19 19:46:05 Job executing on host: <155.230.21.34:9618?addrs=155.230.21.34-9618&noUDP&sock=3883_fe56_3>
...
006 (47439.636.000) 12/19 19:46:13 Image size of job updated: 43060
	19  -  MemoryUsage of job (MB)
	18748  -  ResidentSetSize of job (KB)
...
006 (47439.636.000) 12/19 19:47:04 Image size of job updated: 294200
	19  -  MemoryUsage of job (MB)
	18748  -  ResidentSetSize of job (KB)
...
005 (47439.636.000) 12/19 19:47:04 Job terminated.
	(1) Normal termination (return value 0)
		Usr 0 00:00:13, Sys 0 00:00:02  -  Run Remote Usage
		Usr 0 00:00:00, Sys 0 00:00:00  -  Run Local Usage
		Usr 0 00:00:13, Sys 0 00:00:02  -  Total Remote Usage
		Usr 0 00:00:00, Sys 0 00:00:00  -  Total Local Usage
	554  -  Run Bytes Sent By Job
	10422  -  Run Bytes Received By Job
	554  -  Total Bytes Sent By Job
	10422  -  Total Bytes Received By Job
	Partitionable Resources :    Usage  Request Allocated 
	   Cpus                 :     0.24        1         1 
	   Disk (KB)            :    28     2048000   3677810 
	   Memory (MB)          :    19        2000      2000 
...
