000 (47439.413.000) 12/19 19:07:20 Job submitted from host: <155.230.20.251:9618?addrs=155.230.20.251-9618&noUDP&sock=930313_ea96_3>
...
001 (47439.413.000) 12/19 19:41:07 Job executing on host: <155.230.21.100:9618?addrs=155.230.21.100-9618&noUDP&sock=9525_efac_3>
...
006 (47439.413.000) 12/19 19:41:15 Image size of job updated: 121732
	68  -  MemoryUsage of job (MB)
	69460  -  ResidentSetSize of job (KB)
...
006 (47439.413.000) 12/19 19:41:29 Image size of job updated: 301508
	68  -  MemoryUsage of job (MB)
	69460  -  ResidentSetSize of job (KB)
...
005 (47439.413.000) 12/19 19:41:29 Job terminated.
	(1) Normal termination (return value 0)
		Usr 0 00:00:10, Sys 0 00:00:01  -  Run Remote Usage
		Usr 0 00:00:00, Sys 0 00:00:00  -  Run Local Usage
		Usr 0 00:00:10, Sys 0 00:00:01  -  Total Remote Usage
		Usr 0 00:00:00, Sys 0 00:00:00  -  Total Local Usage
	554  -  Run Bytes Sent By Job
	10422  -  Run Bytes Received By Job
	554  -  Total Bytes Sent By Job
	10422  -  Total Bytes Received By Job
	Partitionable Resources :    Usage  Request Allocated 
	   Cpus                 :                 1         1 
	   Disk (KB)            :       22  2048000   3673277 
	   Memory (MB)          :       68     2000      2000 
...
000 (339725.413.000) 01/29 16:03:29 Job submitted from host: <155.230.23.72:9618?addrs=155.230.23.72-9618&noUDP&sock=882541_4c40_3>
...
001 (339725.413.000) 01/29 16:41:52 Job executing on host: <155.230.21.95:9618?addrs=155.230.21.95-9618+[2407-c000-c024-0-e2cb-4eff-fe53-cf1d]-9618&noUDP&sock=14962_4417_48>
...
006 (339725.413.000) 01/29 16:42:00 Image size of job updated: 263640
	188  -  MemoryUsage of job (MB)
	192240  -  ResidentSetSize of job (KB)
...
006 (339725.413.000) 01/29 16:42:15 Image size of job updated: 313524
	188  -  MemoryUsage of job (MB)
	192292  -  ResidentSetSize of job (KB)
...
005 (339725.413.000) 01/29 16:42:15 Job terminated.
	(1) Normal termination (return value 0)
		Usr 0 00:00:12, Sys 0 00:00:04  -  Run Remote Usage
		Usr 0 00:00:00, Sys 0 00:00:00  -  Run Local Usage
		Usr 0 00:00:12, Sys 0 00:00:04  -  Total Remote Usage
		Usr 0 00:00:00, Sys 0 00:00:00  -  Total Local Usage
	719  -  Run Bytes Sent By Job
	10683  -  Run Bytes Received By Job
	719  -  Total Bytes Sent By Job
	10683  -  Total Bytes Received By Job
	Partitionable Resources :    Usage  Request Allocated 
	   Cpus                 :                 1         1 
	   Disk (KB)            :       22  2048000  18931057 
	   Memory (MB)          :      188     2000      2000 
...
