000 (47439.944.000) 12/19 19:07:21 Job submitted from host: <155.230.20.251:9618?addrs=155.230.20.251-9618&noUDP&sock=930313_ea96_3>
...
001 (47439.944.000) 12/19 19:52:20 Job executing on host: <155.230.21.73:9618?addrs=155.230.21.73-9618&noUDP&sock=15554_5428_3>
...
006 (47439.944.000) 12/19 19:52:29 Image size of job updated: 86504
	43  -  MemoryUsage of job (MB)
	43832  -  ResidentSetSize of job (KB)
...
006 (47439.944.000) 12/19 19:52:58 Image size of job updated: 303396
	43  -  MemoryUsage of job (MB)
	43832  -  ResidentSetSize of job (KB)
...
005 (47439.944.000) 12/19 19:52:58 Job terminated.
	(1) Normal termination (return value 0)
		Usr 0 00:00:13, Sys 0 00:00:01  -  Run Remote Usage
		Usr 0 00:00:00, Sys 0 00:00:00  -  Run Local Usage
		Usr 0 00:00:13, Sys 0 00:00:01  -  Total Remote Usage
		Usr 0 00:00:00, Sys 0 00:00:00  -  Total Local Usage
	554  -  Run Bytes Sent By Job
	10422  -  Run Bytes Received By Job
	554  -  Total Bytes Sent By Job
	10422  -  Total Bytes Received By Job
	Partitionable Resources :    Usage  Request Allocated 
	   Cpus                 :        0        1         1 
	   Disk (KB)            :       28  2048000   3656096 
	   Memory (MB)          :       43     2000      2000 
...
000 (339725.944.000) 01/29 16:03:30 Job submitted from host: <155.230.23.72:9618?addrs=155.230.23.72-9618&noUDP&sock=882541_4c40_3>
...
001 (339725.944.000) 01/29 16:51:54 Job executing on host: <155.230.21.80:9618?addrs=155.230.21.80-9618+[2407-c000-c024-0-beae-c5ff-fe56-7fcc]-9618&noUDP&sock=26090_25fd_3>
...
006 (339725.944.000) 01/29 16:52:03 Image size of job updated: 291288
	212  -  MemoryUsage of job (MB)
	216460  -  ResidentSetSize of job (KB)
...
006 (339725.944.000) 01/29 16:52:16 Image size of job updated: 1544964
	212  -  MemoryUsage of job (MB)
	216460  -  ResidentSetSize of job (KB)
...
005 (339725.944.000) 01/29 16:52:17 Job terminated.
	(1) Normal termination (return value 0)
		Usr 0 00:00:09, Sys 0 00:00:03  -  Run Remote Usage
		Usr 0 00:00:00, Sys 0 00:00:00  -  Run Local Usage
		Usr 0 00:00:09, Sys 0 00:00:03  -  Total Remote Usage
		Usr 0 00:00:00, Sys 0 00:00:00  -  Total Local Usage
	719  -  Run Bytes Sent By Job
	10683  -  Run Bytes Received By Job
	719  -  Total Bytes Sent By Job
	10683  -  Total Bytes Received By Job
	Partitionable Resources :    Usage  Request Allocated 
	   Cpus                 :                 1         1 
	   Disk (KB)            :       23  2048000  19197079 
	   Memory (MB)          :      212     2000      2000 
...
