000 (47439.624.000) 12/19 19:07:21 Job submitted from host: <155.230.20.251:9618?addrs=155.230.20.251-9618&noUDP&sock=930313_ea96_3>
...
001 (47439.624.000) 12/19 19:45:17 Job executing on host: <155.230.21.122:9618?addrs=155.230.21.122-9618&noUDP&sock=8358_78a6_3>
...
006 (47439.624.000) 12/19 19:45:25 Image size of job updated: 280036
	203  -  MemoryUsage of job (MB)
	207716  -  ResidentSetSize of job (KB)
...
006 (47439.624.000) 12/19 19:45:30 Image size of job updated: 303844
	203  -  MemoryUsage of job (MB)
	207720  -  ResidentSetSize of job (KB)
...
005 (47439.624.000) 12/19 19:45:30 Job terminated.
	(1) Normal termination (return value 0)
		Usr 0 00:00:10, Sys 0 00:00:01  -  Run Remote Usage
		Usr 0 00:00:00, Sys 0 00:00:00  -  Run Local Usage
		Usr 0 00:00:10, Sys 0 00:00:01  -  Total Remote Usage
		Usr 0 00:00:00, Sys 0 00:00:00  -  Total Local Usage
	554  -  Run Bytes Sent By Job
	10422  -  Run Bytes Received By Job
	554  -  Total Bytes Sent By Job
	10422  -  Total Bytes Received By Job
	Partitionable Resources :    Usage  Request Allocated 
	   Cpus                 :     0.03        1         1 
	   Disk (KB)            :    28     2048000   3709702 
	   Memory (MB)          :   203        2000      2000 
...
000 (339725.624.000) 01/29 16:03:30 Job submitted from host: <155.230.23.72:9618?addrs=155.230.23.72-9618&noUDP&sock=882541_4c40_3>
...
001 (339725.624.000) 01/29 16:45:53 Job executing on host: <155.230.21.100:9618?addrs=155.230.21.100-9618&noUDP&sock=9525_efac_48>
...
006 (339725.624.000) 01/29 16:46:01 Image size of job updated: 247940
	176  -  MemoryUsage of job (MB)
	179700  -  ResidentSetSize of job (KB)
...
006 (339725.624.000) 01/29 16:46:15 Image size of job updated: 314896
	176  -  MemoryUsage of job (MB)
	179720  -  ResidentSetSize of job (KB)
...
005 (339725.624.000) 01/29 16:46:15 Job terminated.
	(1) Normal termination (return value 0)
		Usr 0 00:00:13, Sys 0 00:00:04  -  Run Remote Usage
		Usr 0 00:00:00, Sys 0 00:00:00  -  Run Local Usage
		Usr 0 00:00:13, Sys 0 00:00:04  -  Total Remote Usage
		Usr 0 00:00:00, Sys 0 00:00:00  -  Total Local Usage
	719  -  Run Bytes Sent By Job
	10683  -  Run Bytes Received By Job
	719  -  Total Bytes Sent By Job
	10683  -  Total Bytes Received By Job
	Partitionable Resources :    Usage  Request Allocated 
	   Cpus                 :        0        1         1 
	   Disk (KB)            :       28  2048000   3785181 
	   Memory (MB)          :      176     2000      2000 
...
