000 (47439.846.000) 12/19 19:07:21 Job submitted from host: <155.230.20.251:9618?addrs=155.230.20.251-9618&noUDP&sock=930313_ea96_3>
...
001 (47439.846.000) 12/19 19:49:30 Job executing on host: <155.230.21.118:9618?addrs=155.230.21.118-9618&noUDP&sock=12615_6b51_3>
...
006 (47439.846.000) 12/19 19:49:39 Image size of job updated: 287116
	209  -  MemoryUsage of job (MB)
	213388  -  ResidentSetSize of job (KB)
...
005 (47439.846.000) 12/19 19:49:43 Job terminated.
	(1) Normal termination (return value 0)
		Usr 0 00:00:10, Sys 0 00:00:00  -  Run Remote Usage
		Usr 0 00:00:00, Sys 0 00:00:00  -  Run Local Usage
		Usr 0 00:00:10, Sys 0 00:00:00  -  Total Remote Usage
		Usr 0 00:00:00, Sys 0 00:00:00  -  Total Local Usage
	554  -  Run Bytes Sent By Job
	10422  -  Run Bytes Received By Job
	554  -  Total Bytes Sent By Job
	10422  -  Total Bytes Received By Job
	Partitionable Resources :    Usage  Request Allocated 
	   Cpus                 :        0        1         1 
	   Disk (KB)            :       28  2048000   3709329 
	   Memory (MB)          :      209     2000      2000 
...
000 (339725.846.000) 01/29 16:03:30 Job submitted from host: <155.230.23.72:9618?addrs=155.230.23.72-9618&noUDP&sock=882541_4c40_3>
...
001 (339725.846.000) 01/29 16:49:57 Job executing on host: <155.230.21.109:9618?addrs=155.230.21.109-9618&noUDP&sock=26104_c051_50>
...
006 (339725.846.000) 01/29 16:50:06 Image size of job updated: 295072
	215  -  MemoryUsage of job (MB)
	219536  -  ResidentSetSize of job (KB)
...
006 (339725.846.000) 01/29 16:50:16 Image size of job updated: 311640
	215  -  MemoryUsage of job (MB)
	219656  -  ResidentSetSize of job (KB)
...
005 (339725.846.000) 01/29 16:50:16 Job terminated.
	(1) Normal termination (return value 0)
		Usr 0 00:00:10, Sys 0 00:00:04  -  Run Remote Usage
		Usr 0 00:00:00, Sys 0 00:00:00  -  Run Local Usage
		Usr 0 00:00:10, Sys 0 00:00:04  -  Total Remote Usage
		Usr 0 00:00:00, Sys 0 00:00:00  -  Total Local Usage
	719  -  Run Bytes Sent By Job
	10683  -  Run Bytes Received By Job
	719  -  Total Bytes Sent By Job
	10683  -  Total Bytes Received By Job
	Partitionable Resources :    Usage  Request Allocated 
	   Cpus                 :        0        1         1 
	   Disk (KB)            :       28  2048000   3842254 
	   Memory (MB)          :      215     2000      2000 
...
