000 (47439.483.000) 12/19 19:07:20 Job submitted from host: <155.230.20.251:9618?addrs=155.230.20.251-9618&noUDP&sock=930313_ea96_3>
...
001 (47439.483.000) 12/19 19:42:17 Job executing on host: <155.230.21.120:9618?addrs=155.230.21.120-9618&noUDP&sock=13477_adf4_3>
...
006 (47439.483.000) 12/19 19:42:25 Image size of job updated: 286700
	210  -  MemoryUsage of job (MB)
	214380  -  ResidentSetSize of job (KB)
...
006 (47439.483.000) 12/19 19:42:29 Image size of job updated: 301944
	210  -  MemoryUsage of job (MB)
	214380  -  ResidentSetSize of job (KB)
...
005 (47439.483.000) 12/19 19:42:29 Job terminated.
	(1) Normal termination (return value 0)
		Usr 0 00:00:10, Sys 0 00:00:01  -  Run Remote Usage
		Usr 0 00:00:00, Sys 0 00:00:00  -  Run Local Usage
		Usr 0 00:00:10, Sys 0 00:00:01  -  Total Remote Usage
		Usr 0 00:00:00, Sys 0 00:00:00  -  Total Local Usage
	554  -  Run Bytes Sent By Job
	10422  -  Run Bytes Received By Job
	554  -  Total Bytes Sent By Job
	10422  -  Total Bytes Received By Job
	Partitionable Resources :    Usage  Request Allocated 
	   Cpus                 :        0        1         1 
	   Disk (KB)            :       28  2048000   3663831 
	   Memory (MB)          :      210     2000      2000 
...
000 (339725.483.000) 01/29 16:03:29 Job submitted from host: <155.230.23.72:9618?addrs=155.230.23.72-9618&noUDP&sock=882541_4c40_3>
...
001 (339725.483.000) 01/29 16:42:56 Job executing on host: <155.230.21.93:9618?addrs=155.230.21.93-9618&noUDP&sock=5106_dea9_47>
...
006 (339725.483.000) 01/29 16:43:04 Image size of job updated: 287532
	209  -  MemoryUsage of job (MB)
	213920  -  ResidentSetSize of job (KB)
...
006 (339725.483.000) 01/29 16:43:14 Image size of job updated: 320732
	209  -  MemoryUsage of job (MB)
	213920  -  ResidentSetSize of job (KB)
...
005 (339725.483.000) 01/29 16:43:14 Job terminated.
	(1) Normal termination (return value 0)
		Usr 0 00:00:08, Sys 0 00:00:03  -  Run Remote Usage
		Usr 0 00:00:00, Sys 0 00:00:00  -  Run Local Usage
		Usr 0 00:00:08, Sys 0 00:00:03  -  Total Remote Usage
		Usr 0 00:00:00, Sys 0 00:00:00  -  Total Local Usage
	719  -  Run Bytes Sent By Job
	10683  -  Run Bytes Received By Job
	719  -  Total Bytes Sent By Job
	10683  -  Total Bytes Received By Job
	Partitionable Resources :    Usage  Request Allocated 
	   Cpus                 :        0        1         1 
	   Disk (KB)            :       28  2048000   3786786 
	   Memory (MB)          :      209     2000      2000 
...
