000 (47439.232.000) 12/19 19:07:20 Job submitted from host: <155.230.20.251:9618?addrs=155.230.20.251-9618&noUDP&sock=930313_ea96_3>
...
001 (47439.232.000) 12/19 19:37:06 Job executing on host: <155.230.21.97:9618?addrs=155.230.21.97-9618&noUDP&sock=19004_bde6_3>
...
006 (47439.232.000) 12/19 19:37:15 Image size of job updated: 117024
	66  -  MemoryUsage of job (MB)
	66880  -  ResidentSetSize of job (KB)
...
006 (47439.232.000) 12/19 19:37:33 Image size of job updated: 547988
	66  -  MemoryUsage of job (MB)
	66880  -  ResidentSetSize of job (KB)
...
005 (47439.232.000) 12/19 19:37:33 Job terminated.
	(1) Normal termination (return value 0)
		Usr 0 00:00:11, Sys 0 00:00:01  -  Run Remote Usage
		Usr 0 00:00:00, Sys 0 00:00:00  -  Run Local Usage
		Usr 0 00:00:11, Sys 0 00:00:01  -  Total Remote Usage
		Usr 0 00:00:00, Sys 0 00:00:00  -  Total Local Usage
	554  -  Run Bytes Sent By Job
	10422  -  Run Bytes Received By Job
	554  -  Total Bytes Sent By Job
	10422  -  Total Bytes Received By Job
	Partitionable Resources :    Usage  Request Allocated 
	   Cpus                 :        0        1         1 
	   Disk (KB)            :       28  2048000   3673156 
	   Memory (MB)          :       66     2000      2000 
...
000 (339725.232.000) 01/29 16:03:29 Job submitted from host: <155.230.23.72:9618?addrs=155.230.23.72-9618&noUDP&sock=882541_4c40_3>
...
001 (339725.232.000) 01/29 16:38:45 Job executing on host: <155.230.21.117:9618?addrs=155.230.21.117-9618&noUDP&sock=8728_42b0_47>
...
006 (339725.232.000) 01/29 16:38:54 Image size of job updated: 291020
	212  -  MemoryUsage of job (MB)
	216192  -  ResidentSetSize of job (KB)
...
006 (339725.232.000) 01/29 16:39:05 Image size of job updated: 319120
	212  -  MemoryUsage of job (MB)
	216192  -  ResidentSetSize of job (KB)
...
005 (339725.232.000) 01/29 16:39:05 Job terminated.
	(1) Normal termination (return value 0)
		Usr 0 00:00:09, Sys 0 00:00:03  -  Run Remote Usage
		Usr 0 00:00:00, Sys 0 00:00:00  -  Run Local Usage
		Usr 0 00:00:09, Sys 0 00:00:03  -  Total Remote Usage
		Usr 0 00:00:00, Sys 0 00:00:00  -  Total Local Usage
	719  -  Run Bytes Sent By Job
	10683  -  Run Bytes Received By Job
	719  -  Total Bytes Sent By Job
	10683  -  Total Bytes Received By Job
	Partitionable Resources :    Usage  Request Allocated 
	   Cpus                 :        0        1         1 
	   Disk (KB)            :       28  2048000   3791002 
	   Memory (MB)          :      212     2000      2000 
...
