000 (47439.023.000) 12/19 19:07:19 Job submitted from host: <155.230.20.251:9618?addrs=155.230.20.251-9618&noUDP&sock=930313_ea96_3>
...
001 (47439.023.000) 12/19 19:32:49 Job executing on host: <155.230.21.87:9618?addrs=155.230.21.87-9618&noUDP&sock=1550_bfe2_3>
...
006 (47439.023.000) 12/19 19:32:58 Image size of job updated: 300504
	220  -  MemoryUsage of job (MB)
	224272  -  ResidentSetSize of job (KB)
...
005 (47439.023.000) 12/19 19:32:59 Job terminated.
	(1) Normal termination (return value 0)
		Usr 0 00:00:07, Sys 0 00:00:00  -  Run Remote Usage
		Usr 0 00:00:00, Sys 0 00:00:00  -  Run Local Usage
		Usr 0 00:00:07, Sys 0 00:00:00  -  Total Remote Usage
		Usr 0 00:00:00, Sys 0 00:00:00  -  Total Local Usage
	554  -  Run Bytes Sent By Job
	10422  -  Run Bytes Received By Job
	554  -  Total Bytes Sent By Job
	10422  -  Total Bytes Received By Job
	Partitionable Resources :    Usage  Request Allocated 
	   Cpus                 :        0        1         1 
	   Disk (KB)            :       28  2048000   3519388 
	   Memory (MB)          :      220     2000      2000 
...
000 (339725.023.000) 01/29 16:03:29 Job submitted from host: <155.230.23.72:9618?addrs=155.230.23.72-9618&noUDP&sock=882541_4c40_3>
...
001 (339725.023.000) 01/29 16:34:43 Job executing on host: <155.230.21.114:9618?addrs=155.230.21.114-9618&noUDP&sock=22699_3457_47>
...
006 (339725.023.000) 01/29 16:34:51 Image size of job updated: 288268
	210  -  MemoryUsage of job (MB)
	214140  -  ResidentSetSize of job (KB)
...
006 (339725.023.000) 01/29 16:34:58 Image size of job updated: 312636
	210  -  MemoryUsage of job (MB)
	214140  -  ResidentSetSize of job (KB)
...
005 (339725.023.000) 01/29 16:34:58 Job terminated.
	(1) Normal termination (return value 0)
		Usr 0 00:00:10, Sys 0 00:00:02  -  Run Remote Usage
		Usr 0 00:00:00, Sys 0 00:00:00  -  Run Local Usage
		Usr 0 00:00:10, Sys 0 00:00:02  -  Total Remote Usage
		Usr 0 00:00:00, Sys 0 00:00:00  -  Total Local Usage
	972  -  Run Bytes Sent By Job
	10683  -  Run Bytes Received By Job
	972  -  Total Bytes Sent By Job
	10683  -  Total Bytes Received By Job
	Partitionable Resources :    Usage  Request Allocated 
	   Cpus                 :        0        1         1 
	   Disk (KB)            :       29  2048000   3693499 
	   Memory (MB)          :      210     2000      2000 
...
