000 (47439.268.000) 12/19 19:07:20 Job submitted from host: <155.230.20.251:9618?addrs=155.230.20.251-9618&noUDP&sock=930313_ea96_3>
...
001 (47439.268.000) 12/19 19:37:12 Job executing on host: <155.230.21.114:9618?addrs=155.230.21.114-9618&noUDP&sock=22699_3457_3>
...
006 (47439.268.000) 12/19 19:37:20 Image size of job updated: 297288
	217  -  MemoryUsage of job (MB)
	221884  -  ResidentSetSize of job (KB)
...
006 (47439.268.000) 12/19 19:37:22 Image size of job updated: 297296
	217  -  MemoryUsage of job (MB)
	221892  -  ResidentSetSize of job (KB)
...
005 (47439.268.000) 12/19 19:37:23 Job terminated.
	(1) Normal termination (return value 0)
		Usr 0 00:00:08, Sys 0 00:00:00  -  Run Remote Usage
		Usr 0 00:00:00, Sys 0 00:00:00  -  Run Local Usage
		Usr 0 00:00:08, Sys 0 00:00:00  -  Total Remote Usage
		Usr 0 00:00:00, Sys 0 00:00:00  -  Total Local Usage
	554  -  Run Bytes Sent By Job
	10422  -  Run Bytes Received By Job
	554  -  Total Bytes Sent By Job
	10422  -  Total Bytes Received By Job
	Partitionable Resources :    Usage  Request Allocated 
	   Cpus                 :     0.28        1         1 
	   Disk (KB)            :    28     2048000   3618436 
	   Memory (MB)          :   217        2000      2000 
...
000 (339725.268.000) 01/29 16:03:29 Job submitted from host: <155.230.23.72:9618?addrs=155.230.23.72-9618&noUDP&sock=882541_4c40_3>
...
001 (339725.268.000) 01/29 16:39:37 Job executing on host: <155.230.21.89:9618?addrs=155.230.21.89-9618&noUDP&sock=1545_51e9_37>
...
006 (339725.268.000) 01/29 16:39:45 Image size of job updated: 290856
	211  -  MemoryUsage of job (MB)
	216028  -  ResidentSetSize of job (KB)
...
006 (339725.268.000) 01/29 16:39:57 Image size of job updated: 1544396
	211  -  MemoryUsage of job (MB)
	216028  -  ResidentSetSize of job (KB)
...
005 (339725.268.000) 01/29 16:39:57 Job terminated.
	(1) Normal termination (return value 0)
		Usr 0 00:00:08, Sys 0 00:00:03  -  Run Remote Usage
		Usr 0 00:00:00, Sys 0 00:00:00  -  Run Local Usage
		Usr 0 00:00:08, Sys 0 00:00:03  -  Total Remote Usage
		Usr 0 00:00:00, Sys 0 00:00:00  -  Total Local Usage
	719  -  Run Bytes Sent By Job
	10683  -  Run Bytes Received By Job
	719  -  Total Bytes Sent By Job
	10683  -  Total Bytes Received By Job
	Partitionable Resources :    Usage  Request Allocated 
	   Cpus                 :     0.93        1         1 
	   Disk (KB)            :    29     2048000   3799629 
	   Memory (MB)          :   211        2000      2000 
...
