000 (47439.849.000) 12/19 19:07:21 Job submitted from host: <155.230.20.251:9618?addrs=155.230.20.251-9618&noUDP&sock=930313_ea96_3>
...
001 (47439.849.000) 12/19 19:49:31 Job executing on host: <155.230.21.114:9618?addrs=155.230.21.114-9618&noUDP&sock=22699_3457_3>
...
006 (47439.849.000) 12/19 19:49:40 Image size of job updated: 292192
	212  -  MemoryUsage of job (MB)
	217064  -  ResidentSetSize of job (KB)
...
006 (47439.849.000) 12/19 19:49:42 Image size of job updated: 300568
	213  -  MemoryUsage of job (MB)
	217100  -  ResidentSetSize of job (KB)
...
005 (47439.849.000) 12/19 19:49:42 Job terminated.
	(1) Normal termination (return value 0)
		Usr 0 00:00:09, Sys 0 00:00:00  -  Run Remote Usage
		Usr 0 00:00:00, Sys 0 00:00:00  -  Run Local Usage
		Usr 0 00:00:09, Sys 0 00:00:00  -  Total Remote Usage
		Usr 0 00:00:00, Sys 0 00:00:00  -  Total Local Usage
	554  -  Run Bytes Sent By Job
	10422  -  Run Bytes Received By Job
	554  -  Total Bytes Sent By Job
	10422  -  Total Bytes Received By Job
	Partitionable Resources :    Usage  Request Allocated 
	   Cpus                 :        0        1         1 
	   Disk (KB)            :       28  2048000   3618436 
	   Memory (MB)          :      213     2000      2000 
...
000 (339725.849.000) 01/29 16:03:30 Job submitted from host: <155.230.23.72:9618?addrs=155.230.23.72-9618&noUDP&sock=882541_4c40_3>
...
001 (339725.849.000) 01/29 16:49:58 Job executing on host: <155.230.21.91:9618?addrs=155.230.21.91-9618&noUDP&sock=17349_8ca8_47>
...
006 (339725.849.000) 01/29 16:50:07 Image size of job updated: 301076
	220  -  MemoryUsage of job (MB)
	224548  -  ResidentSetSize of job (KB)
...
006 (339725.849.000) 01/29 16:50:15 Image size of job updated: 314432
	220  -  MemoryUsage of job (MB)
	224548  -  ResidentSetSize of job (KB)
...
005 (339725.849.000) 01/29 16:50:15 Job terminated.
	(1) Normal termination (return value 0)
		Usr 0 00:00:08, Sys 0 00:00:03  -  Run Remote Usage
		Usr 0 00:00:00, Sys 0 00:00:00  -  Run Local Usage
		Usr 0 00:00:08, Sys 0 00:00:03  -  Total Remote Usage
		Usr 0 00:00:00, Sys 0 00:00:00  -  Total Local Usage
	719  -  Run Bytes Sent By Job
	10683  -  Run Bytes Received By Job
	719  -  Total Bytes Sent By Job
	10683  -  Total Bytes Received By Job
	Partitionable Resources :    Usage  Request Allocated 
	   Cpus                 :        0        1         1 
	   Disk (KB)            :       28  2048000   3781328 
	   Memory (MB)          :      220     2000      2000 
...
