000 (47439.720.000) 12/19 19:07:21 Job submitted from host: <155.230.20.251:9618?addrs=155.230.20.251-9618&noUDP&sock=930313_ea96_3>
...
001 (47439.720.000) 12/19 19:47:21 Job executing on host: <155.230.21.126:9618?addrs=155.230.21.126-9618&noUDP&sock=27949_448d_3>
...
006 (47439.720.000) 12/19 19:47:30 Image size of job updated: 304916
	223  -  MemoryUsage of job (MB)
	227800  -  ResidentSetSize of job (KB)
...
006 (47439.720.000) 12/19 19:47:30 Image size of job updated: 304948
	223  -  MemoryUsage of job (MB)
	227808  -  ResidentSetSize of job (KB)
...
005 (47439.720.000) 12/19 19:47:31 Job terminated.
	(1) Normal termination (return value 0)
		Usr 0 00:00:07, Sys 0 00:00:00  -  Run Remote Usage
		Usr 0 00:00:00, Sys 0 00:00:00  -  Run Local Usage
		Usr 0 00:00:07, Sys 0 00:00:00  -  Total Remote Usage
		Usr 0 00:00:00, Sys 0 00:00:00  -  Total Local Usage
	554  -  Run Bytes Sent By Job
	10422  -  Run Bytes Received By Job
	554  -  Total Bytes Sent By Job
	10422  -  Total Bytes Received By Job
	Partitionable Resources :    Usage  Request Allocated 
	   Cpus                 :        0        1         1 
	   Disk (KB)            :       28  2048000   3652507 
	   Memory (MB)          :      223     2000      2000 
...
000 (339725.720.000) 01/29 16:03:30 Job submitted from host: <155.230.23.72:9618?addrs=155.230.23.72-9618&noUDP&sock=882541_4c40_3>
...
001 (339725.720.000) 01/29 16:47:51 Job executing on host: <155.230.21.41:9618?addrs=155.230.21.41-9618&noUDP&sock=24346_e8d2_3>
...
006 (339725.720.000) 01/29 16:47:59 Image size of job updated: 93960
	49  -  MemoryUsage of job (MB)
	50016  -  ResidentSetSize of job (KB)
...
006 (339725.720.000) 01/29 16:49:11 Image size of job updated: 93960
	49  -  MemoryUsage of job (MB)
	50032  -  ResidentSetSize of job (KB)
...
005 (339725.720.000) 01/29 16:49:11 Job terminated.
	(1) Normal termination (return value 0)
		Usr 0 00:00:16, Sys 0 00:00:06  -  Run Remote Usage
		Usr 0 00:00:00, Sys 0 00:00:00  -  Run Local Usage
		Usr 0 00:00:16, Sys 0 00:00:06  -  Total Remote Usage
		Usr 0 00:00:00, Sys 0 00:00:00  -  Total Local Usage
	719  -  Run Bytes Sent By Job
	10683  -  Run Bytes Received By Job
	719  -  Total Bytes Sent By Job
	10683  -  Total Bytes Received By Job
	Partitionable Resources :    Usage  Request Allocated 
	   Cpus                 :     0.14        1         1 
	   Disk (KB)            :    28     2048000   3653325 
	   Memory (MB)          :    49        2000      2000 
...
