000 (47439.098.000) 12/19 19:07:20 Job submitted from host: <155.230.20.251:9618?addrs=155.230.20.251-9618&noUDP&sock=930313_ea96_3>
...
001 (47439.098.000) 12/19 19:34:20 Job executing on host: <155.230.21.100:9618?addrs=155.230.21.100-9618&noUDP&sock=9525_efac_3>
...
006 (47439.098.000) 12/19 19:34:29 Image size of job updated: 117032
	66  -  MemoryUsage of job (MB)
	66868  -  ResidentSetSize of job (KB)
...
006 (47439.098.000) 12/19 19:34:49 Image size of job updated: 304496
	66  -  MemoryUsage of job (MB)
	66868  -  ResidentSetSize of job (KB)
...
005 (47439.098.000) 12/19 19:34:49 Job terminated.
	(1) Normal termination (return value 0)
		Usr 0 00:00:10, Sys 0 00:00:01  -  Run Remote Usage
		Usr 0 00:00:00, Sys 0 00:00:00  -  Run Local Usage
		Usr 0 00:00:10, Sys 0 00:00:01  -  Total Remote Usage
		Usr 0 00:00:00, Sys 0 00:00:00  -  Total Local Usage
	554  -  Run Bytes Sent By Job
	10422  -  Run Bytes Received By Job
	554  -  Total Bytes Sent By Job
	10422  -  Total Bytes Received By Job
	Partitionable Resources :    Usage  Request Allocated 
	   Cpus                 :        0        1         1 
	   Disk (KB)            :       28  2048000   3673277 
	   Memory (MB)          :       66     2000      2000 
...
000 (339725.098.000) 01/29 16:03:29 Job submitted from host: <155.230.23.72:9618?addrs=155.230.23.72-9618&noUDP&sock=882541_4c40_3>
...
001 (339725.098.000) 01/29 16:36:34 Job executing on host: <155.230.21.92:9618?addrs=155.230.21.92-9618&noUDP&sock=30767_2e6f_50>
...
006 (339725.098.000) 01/29 16:36:42 Image size of job updated: 302768
	221  -  MemoryUsage of job (MB)
	226240  -  ResidentSetSize of job (KB)
...
006 (339725.098.000) 01/29 16:36:51 Image size of job updated: 313348
	221  -  MemoryUsage of job (MB)
	226240  -  ResidentSetSize of job (KB)
...
005 (339725.098.000) 01/29 16:36:51 Job terminated.
	(1) Normal termination (return value 0)
		Usr 0 00:00:08, Sys 0 00:00:03  -  Run Remote Usage
		Usr 0 00:00:00, Sys 0 00:00:00  -  Run Local Usage
		Usr 0 00:00:08, Sys 0 00:00:03  -  Total Remote Usage
		Usr 0 00:00:00, Sys 0 00:00:00  -  Total Local Usage
	718  -  Run Bytes Sent By Job
	10683  -  Run Bytes Received By Job
	718  -  Total Bytes Sent By Job
	10683  -  Total Bytes Received By Job
	Partitionable Resources :    Usage  Request Allocated 
	   Cpus                 :     0.95        1         1 
	   Disk (KB)            :    28     2048000   3842821 
	   Memory (MB)          :   221        2000      2000 
...
