000 (47439.563.000) 12/19 19:07:20 Job submitted from host: <155.230.20.251:9618?addrs=155.230.20.251-9618&noUDP&sock=930313_ea96_3>
...
001 (47439.563.000) 12/19 19:44:13 Job executing on host: <155.230.21.85:9618?addrs=155.230.21.85-9618&noUDP&sock=1521_dba3_3>
...
006 (47439.563.000) 12/19 19:44:21 Image size of job updated: 301724
	221  -  MemoryUsage of job (MB)
	225492  -  ResidentSetSize of job (KB)
...
005 (47439.563.000) 12/19 19:44:22 Job terminated.
	(1) Normal termination (return value 0)
		Usr 0 00:00:07, Sys 0 00:00:00  -  Run Remote Usage
		Usr 0 00:00:00, Sys 0 00:00:00  -  Run Local Usage
		Usr 0 00:00:07, Sys 0 00:00:00  -  Total Remote Usage
		Usr 0 00:00:00, Sys 0 00:00:00  -  Total Local Usage
	554  -  Run Bytes Sent By Job
	10422  -  Run Bytes Received By Job
	554  -  Total Bytes Sent By Job
	10422  -  Total Bytes Received By Job
	Partitionable Resources :    Usage  Request Allocated 
	   Cpus                 :        0        1         1 
	   Disk (KB)            :       28  2048000   3711575 
	   Memory (MB)          :      221     2000      2000 
...
000 (339725.563.000) 01/29 16:03:30 Job submitted from host: <155.230.23.72:9618?addrs=155.230.23.72-9618&noUDP&sock=882541_4c40_3>
...
001 (339725.563.000) 01/29 16:44:50 Job executing on host: <155.230.21.44:9618?addrs=155.230.21.44-9618&noUDP&sock=8017_92da_3>
...
006 (339725.563.000) 01/29 16:44:58 Image size of job updated: 83212
	41  -  MemoryUsage of job (MB)
	41752  -  ResidentSetSize of job (KB)
...
006 (339725.563.000) 01/29 16:46:16 Image size of job updated: 244292
	41  -  MemoryUsage of job (MB)
	41752  -  ResidentSetSize of job (KB)
...
005 (339725.563.000) 01/29 16:46:16 Job terminated.
	(1) Normal termination (return value 0)
		Usr 0 00:00:16, Sys 0 00:00:06  -  Run Remote Usage
		Usr 0 00:00:00, Sys 0 00:00:00  -  Run Local Usage
		Usr 0 00:00:16, Sys 0 00:00:06  -  Total Remote Usage
		Usr 0 00:00:00, Sys 0 00:00:00  -  Total Local Usage
	719  -  Run Bytes Sent By Job
	10683  -  Run Bytes Received By Job
	719  -  Total Bytes Sent By Job
	10683  -  Total Bytes Received By Job
	Partitionable Resources :    Usage  Request Allocated 
	   Cpus                 :     0.14        1         1 
	   Disk (KB)            :    28     2048000   3701895 
	   Memory (MB)          :    41        2000      2000 
...
