000 (47439.583.000) 12/19 19:07:20 Job submitted from host: <155.230.20.251:9618?addrs=155.230.20.251-9618&noUDP&sock=930313_ea96_3>
...
001 (47439.583.000) 12/19 19:44:19 Job executing on host: <155.230.21.114:9618?addrs=155.230.21.114-9618&noUDP&sock=22699_3457_3>
...
006 (47439.583.000) 12/19 19:44:28 Image size of job updated: 293096
	213  -  MemoryUsage of job (MB)
	217932  -  ResidentSetSize of job (KB)
...
006 (47439.583.000) 12/19 19:44:30 Image size of job updated: 301404
	213  -  MemoryUsage of job (MB)
	218028  -  ResidentSetSize of job (KB)
...
005 (47439.583.000) 12/19 19:44:30 Job terminated.
	(1) Normal termination (return value 0)
		Usr 0 00:00:09, Sys 0 00:00:00  -  Run Remote Usage
		Usr 0 00:00:00, Sys 0 00:00:00  -  Run Local Usage
		Usr 0 00:00:09, Sys 0 00:00:00  -  Total Remote Usage
		Usr 0 00:00:00, Sys 0 00:00:00  -  Total Local Usage
	554  -  Run Bytes Sent By Job
	10422  -  Run Bytes Received By Job
	554  -  Total Bytes Sent By Job
	10422  -  Total Bytes Received By Job
	Partitionable Resources :    Usage  Request Allocated 
	   Cpus                 :        0        1         1 
	   Disk (KB)            :       28  2048000   3618436 
	   Memory (MB)          :      213     2000      2000 
...
000 (339725.583.000) 01/29 16:03:30 Job submitted from host: <155.230.23.72:9618?addrs=155.230.23.72-9618&noUDP&sock=882541_4c40_3>
...
001 (339725.583.000) 01/29 16:44:57 Job executing on host: <155.230.21.84:9618?addrs=155.230.21.84-9618+[2407-c000-c024-0-beae-c5ff-fe4e-98ef]-9618&noUDP&sock=29804_a4bb_6>
...
006 (339725.583.000) 01/29 16:45:06 Image size of job updated: 301824
	220  -  MemoryUsage of job (MB)
	224472  -  ResidentSetSize of job (KB)
...
005 (339725.583.000) 01/29 16:45:07 Job terminated.
	(1) Normal termination (return value 0)
		Usr 0 00:00:08, Sys 0 00:00:01  -  Run Remote Usage
		Usr 0 00:00:00, Sys 0 00:00:00  -  Run Local Usage
		Usr 0 00:00:08, Sys 0 00:00:01  -  Total Remote Usage
		Usr 0 00:00:00, Sys 0 00:00:00  -  Total Local Usage
	719  -  Run Bytes Sent By Job
	10683  -  Run Bytes Received By Job
	719  -  Total Bytes Sent By Job
	10683  -  Total Bytes Received By Job
	Partitionable Resources :    Usage  Request Allocated 
	   Cpus                 :        0        1         1 
	   Disk (KB)            :       29  2048000   3836532 
	   Memory (MB)          :      220     2000      2000 
...
