000 (47439.896.000) 12/19 19:07:21 Job submitted from host: <155.230.20.251:9618?addrs=155.230.20.251-9618&noUDP&sock=930313_ea96_3>
...
001 (47439.896.000) 12/19 19:51:32 Job executing on host: <155.230.21.35:9618?addrs=155.230.21.35-9618&noUDP&sock=11940_6ce3_3>
...
006 (47439.896.000) 12/19 19:51:41 Image size of job updated: 119520
	68  -  MemoryUsage of job (MB)
	68740  -  ResidentSetSize of job (KB)
...
006 (47439.896.000) 12/19 19:52:02 Image size of job updated: 302300
	68  -  MemoryUsage of job (MB)
	68800  -  ResidentSetSize of job (KB)
...
005 (47439.896.000) 12/19 19:52:02 Job terminated.
	(1) Normal termination (return value 0)
		Usr 0 00:00:14, Sys 0 00:00:02  -  Run Remote Usage
		Usr 0 00:00:00, Sys 0 00:00:00  -  Run Local Usage
		Usr 0 00:00:14, Sys 0 00:00:02  -  Total Remote Usage
		Usr 0 00:00:00, Sys 0 00:00:00  -  Total Local Usage
	554  -  Run Bytes Sent By Job
	10422  -  Run Bytes Received By Job
	554  -  Total Bytes Sent By Job
	10422  -  Total Bytes Received By Job
	Partitionable Resources :    Usage  Request Allocated 
	   Cpus                 :     0.09        1         1 
	   Disk (KB)            :    28     2048000   3689027 
	   Memory (MB)          :    68        2000      2000 
...
000 (339725.896.000) 01/29 16:03:30 Job submitted from host: <155.230.23.72:9618?addrs=155.230.23.72-9618&noUDP&sock=882541_4c40_3>
...
001 (339725.896.000) 01/29 16:50:55 Job executing on host: <155.230.21.112:9618?addrs=155.230.21.112-9618&noUDP&sock=22175_c8b6_48>
...
006 (339725.896.000) 01/29 16:51:03 Image size of job updated: 291324
	213  -  MemoryUsage of job (MB)
	217196  -  ResidentSetSize of job (KB)
...
006 (339725.896.000) 01/29 16:51:13 Image size of job updated: 313188
	213  -  MemoryUsage of job (MB)
	217196  -  ResidentSetSize of job (KB)
...
005 (339725.896.000) 01/29 16:51:13 Job terminated.
	(1) Normal termination (return value 0)
		Usr 0 00:00:10, Sys 0 00:00:04  -  Run Remote Usage
		Usr 0 00:00:00, Sys 0 00:00:00  -  Run Local Usage
		Usr 0 00:00:10, Sys 0 00:00:04  -  Total Remote Usage
		Usr 0 00:00:00, Sys 0 00:00:00  -  Total Local Usage
	719  -  Run Bytes Sent By Job
	10683  -  Run Bytes Received By Job
	719  -  Total Bytes Sent By Job
	10683  -  Total Bytes Received By Job
	Partitionable Resources :    Usage  Request Allocated 
	   Cpus                 :        0        1         1 
	   Disk (KB)            :       28  2048000   3840615 
	   Memory (MB)          :      213     2000      2000 
...
