000 (47439.287.000) 12/19 19:07:20 Job submitted from host: <155.230.20.251:9618?addrs=155.230.20.251-9618&noUDP&sock=930313_ea96_3>
...
001 (47439.287.000) 12/19 19:38:09 Job executing on host: <155.230.21.79:9618?addrs=155.230.21.79-9618&noUDP&sock=27572_ad58_3>
...
006 (47439.287.000) 12/19 19:38:17 Image size of job updated: 299708
	219  -  MemoryUsage of job (MB)
	223492  -  ResidentSetSize of job (KB)
...
005 (47439.287.000) 12/19 19:38:19 Job terminated.
	(1) Normal termination (return value 0)
		Usr 0 00:00:07, Sys 0 00:00:00  -  Run Remote Usage
		Usr 0 00:00:00, Sys 0 00:00:00  -  Run Local Usage
		Usr 0 00:00:07, Sys 0 00:00:00  -  Total Remote Usage
		Usr 0 00:00:00, Sys 0 00:00:00  -  Total Local Usage
	554  -  Run Bytes Sent By Job
	10422  -  Run Bytes Received By Job
	554  -  Total Bytes Sent By Job
	10422  -  Total Bytes Received By Job
	Partitionable Resources :    Usage  Request Allocated 
	   Cpus                 :        0        1         1 
	   Disk (KB)            :       28  2048000   3710117 
	   Memory (MB)          :      219     2000      2000 
...
000 (339725.287.000) 01/29 16:03:29 Job submitted from host: <155.230.23.72:9618?addrs=155.230.23.72-9618&noUDP&sock=882541_4c40_3>
...
001 (339725.287.000) 01/29 16:39:43 Job executing on host: <155.230.21.116:9618?addrs=155.230.21.116-9618&noUDP&sock=38331_74cc_46>
...
006 (339725.287.000) 01/29 16:39:51 Image size of job updated: 287968
	209  -  MemoryUsage of job (MB)
	213840  -  ResidentSetSize of job (KB)
...
006 (339725.287.000) 01/29 16:40:04 Image size of job updated: 310412
	209  -  MemoryUsage of job (MB)
	213840  -  ResidentSetSize of job (KB)
...
005 (339725.287.000) 01/29 16:40:04 Job terminated.
	(1) Normal termination (return value 0)
		Usr 0 00:00:10, Sys 0 00:00:04  -  Run Remote Usage
		Usr 0 00:00:00, Sys 0 00:00:00  -  Run Local Usage
		Usr 0 00:00:10, Sys 0 00:00:04  -  Total Remote Usage
		Usr 0 00:00:00, Sys 0 00:00:00  -  Total Local Usage
	719  -  Run Bytes Sent By Job
	10683  -  Run Bytes Received By Job
	719  -  Total Bytes Sent By Job
	10683  -  Total Bytes Received By Job
	Partitionable Resources :    Usage  Request Allocated 
	   Cpus                 :        0        1         1 
	   Disk (KB)            :       29  2048000   3788511 
	   Memory (MB)          :      209     2000      2000 
...
