000 (47439.721.000) 12/19 19:07:21 Job submitted from host: <155.230.20.251:9618?addrs=155.230.20.251-9618&noUDP&sock=930313_ea96_3>
...
001 (47439.721.000) 12/19 19:47:37 Job executing on host: <155.230.21.38:9618?addrs=155.230.21.38-9618&noUDP&sock=22636_fddf_3>
...
006 (47439.721.000) 12/19 19:47:46 Image size of job updated: 128852
	82  -  MemoryUsage of job (MB)
	82972  -  ResidentSetSize of job (KB)
...
006 (47439.721.000) 12/19 19:48:00 Image size of job updated: 291596
	82  -  MemoryUsage of job (MB)
	83092  -  ResidentSetSize of job (KB)
...
005 (47439.721.000) 12/19 19:48:00 Job terminated.
	(1) Normal termination (return value 0)
		Usr 0 00:00:14, Sys 0 00:00:01  -  Run Remote Usage
		Usr 0 00:00:00, Sys 0 00:00:00  -  Run Local Usage
		Usr 0 00:00:14, Sys 0 00:00:01  -  Total Remote Usage
		Usr 0 00:00:00, Sys 0 00:00:00  -  Total Local Usage
	554  -  Run Bytes Sent By Job
	10422  -  Run Bytes Received By Job
	554  -  Total Bytes Sent By Job
	10422  -  Total Bytes Received By Job
	Partitionable Resources :    Usage  Request Allocated 
	   Cpus                 :     0.04        1         1 
	   Disk (KB)            :    28     2048000   3666180 
	   Memory (MB)          :    82        2000      2000 
...
000 (339725.721.000) 01/29 16:03:30 Job submitted from host: <155.230.23.72:9618?addrs=155.230.23.72-9618&noUDP&sock=882541_4c40_3>
...
001 (339725.721.000) 01/29 16:47:51 Job executing on host: <155.230.21.71:9618?addrs=155.230.21.71-9618&noUDP&sock=12890_0bdc_52>
...
006 (339725.721.000) 01/29 16:47:59 Image size of job updated: 48468
	18  -  MemoryUsage of job (MB)
	17848  -  ResidentSetSize of job (KB)
...
006 (339725.721.000) 01/29 16:49:34 Image size of job updated: 48468
	18  -  MemoryUsage of job (MB)
	17852  -  ResidentSetSize of job (KB)
...
005 (339725.721.000) 01/29 16:49:34 Job terminated.
	(1) Normal termination (return value 0)
		Usr 0 00:00:16, Sys 0 00:00:07  -  Run Remote Usage
		Usr 0 00:00:00, Sys 0 00:00:00  -  Run Local Usage
		Usr 0 00:00:16, Sys 0 00:00:07  -  Total Remote Usage
		Usr 0 00:00:00, Sys 0 00:00:00  -  Total Local Usage
	719  -  Run Bytes Sent By Job
	10683  -  Run Bytes Received By Job
	719  -  Total Bytes Sent By Job
	10683  -  Total Bytes Received By Job
	Partitionable Resources :    Usage  Request Allocated 
	   Cpus                 :     0.12        1         1 
	   Disk (KB)            :    28     2048000   3824701 
	   Memory (MB)          :    18        2000      2000 
...
