000 (47439.839.000) 12/19 19:07:21 Job submitted from host: <155.230.20.251:9618?addrs=155.230.20.251-9618&noUDP&sock=930313_ea96_3>
...
001 (47439.839.000) 12/19 19:49:28 Job executing on host: <155.230.21.120:9618?addrs=155.230.21.120-9618&noUDP&sock=13477_adf4_3>
...
006 (47439.839.000) 12/19 19:49:37 Image size of job updated: 298100
	217  -  MemoryUsage of job (MB)
	222152  -  ResidentSetSize of job (KB)
...
006 (47439.839.000) 12/19 19:49:40 Image size of job updated: 304908
	218  -  MemoryUsage of job (MB)
	222416  -  ResidentSetSize of job (KB)
...
005 (47439.839.000) 12/19 19:49:40 Job terminated.
	(1) Normal termination (return value 0)
		Usr 0 00:00:10, Sys 0 00:00:00  -  Run Remote Usage
		Usr 0 00:00:00, Sys 0 00:00:00  -  Run Local Usage
		Usr 0 00:00:10, Sys 0 00:00:00  -  Total Remote Usage
		Usr 0 00:00:00, Sys 0 00:00:00  -  Total Local Usage
	554  -  Run Bytes Sent By Job
	10422  -  Run Bytes Received By Job
	554  -  Total Bytes Sent By Job
	10422  -  Total Bytes Received By Job
	Partitionable Resources :    Usage  Request Allocated 
	   Cpus                 :     0.03        1         1 
	   Disk (KB)            :    28     2048000   3663831 
	   Memory (MB)          :   218        2000      2000 
...
000 (339725.839.000) 01/29 16:03:30 Job submitted from host: <155.230.23.72:9618?addrs=155.230.23.72-9618&noUDP&sock=882541_4c40_3>
...
001 (339725.839.000) 01/29 16:49:53 Job executing on host: <155.230.21.92:9618?addrs=155.230.21.92-9618&noUDP&sock=30767_2e6f_50>
...
006 (339725.839.000) 01/29 16:50:01 Image size of job updated: 290984
	212  -  MemoryUsage of job (MB)
	216156  -  ResidentSetSize of job (KB)
...
006 (339725.839.000) 01/29 16:50:14 Image size of job updated: 318128
	212  -  MemoryUsage of job (MB)
	216156  -  ResidentSetSize of job (KB)
...
005 (339725.839.000) 01/29 16:50:14 Job terminated.
	(1) Normal termination (return value 0)
		Usr 0 00:00:08, Sys 0 00:00:03  -  Run Remote Usage
		Usr 0 00:00:00, Sys 0 00:00:00  -  Run Local Usage
		Usr 0 00:00:08, Sys 0 00:00:03  -  Total Remote Usage
		Usr 0 00:00:00, Sys 0 00:00:00  -  Total Local Usage
	719  -  Run Bytes Sent By Job
	10683  -  Run Bytes Received By Job
	719  -  Total Bytes Sent By Job
	10683  -  Total Bytes Received By Job
	Partitionable Resources :    Usage  Request Allocated 
	   Cpus                 :        0        1         1 
	   Disk (KB)            :       28  2048000   3842821 
	   Memory (MB)          :      212     2000      2000 
...
