000 (47439.012.000) 12/19 19:07:19 Job submitted from host: <155.230.20.251:9618?addrs=155.230.20.251-9618&noUDP&sock=930313_ea96_3>
...
001 (47439.012.000) 12/19 19:32:58 Job executing on host: <155.230.21.96:9618?addrs=155.230.21.96-9618&noUDP&sock=24703_c822_3>
...
006 (47439.012.000) 12/19 19:33:07 Image size of job updated: 132384
	77  -  MemoryUsage of job (MB)
	78048  -  ResidentSetSize of job (KB)
...
006 (47439.012.000) 12/19 19:33:26 Image size of job updated: 536160
	77  -  MemoryUsage of job (MB)
	78048  -  ResidentSetSize of job (KB)
...
005 (47439.012.000) 12/19 19:33:26 Job terminated.
	(1) Normal termination (return value 0)
		Usr 0 00:00:10, Sys 0 00:00:00  -  Run Remote Usage
		Usr 0 00:00:00, Sys 0 00:00:00  -  Run Local Usage
		Usr 0 00:00:10, Sys 0 00:00:00  -  Total Remote Usage
		Usr 0 00:00:00, Sys 0 00:00:00  -  Total Local Usage
	554  -  Run Bytes Sent By Job
	10422  -  Run Bytes Received By Job
	554  -  Total Bytes Sent By Job
	10422  -  Total Bytes Received By Job
	Partitionable Resources :    Usage  Request Allocated 
	   Cpus                 :     0.07        1         1 
	   Disk (KB)            :    28     2048000   3533127 
	   Memory (MB)          :    77        2000      2000 
...
000 (339725.012.000) 01/29 16:03:29 Job submitted from host: <155.230.23.72:9618?addrs=155.230.23.72-9618&noUDP&sock=882541_4c40_3>
...
001 (339725.012.000) 01/29 16:34:41 Job executing on host: <155.230.21.105:9618?addrs=155.230.21.105-9618&noUDP&sock=23905_6b8e_47>
...
006 (339725.012.000) 01/29 16:34:50 Image size of job updated: 291024
	212  -  MemoryUsage of job (MB)
	216196  -  ResidentSetSize of job (KB)
...
006 (339725.012.000) 01/29 16:35:02 Image size of job updated: 313988
	212  -  MemoryUsage of job (MB)
	216196  -  ResidentSetSize of job (KB)
...
005 (339725.012.000) 01/29 16:35:02 Job terminated.
	(1) Normal termination (return value 0)
		Usr 0 00:00:10, Sys 0 00:00:04  -  Run Remote Usage
		Usr 0 00:00:00, Sys 0 00:00:00  -  Run Local Usage
		Usr 0 00:00:10, Sys 0 00:00:04  -  Total Remote Usage
		Usr 0 00:00:00, Sys 0 00:00:00  -  Total Local Usage
	718  -  Run Bytes Sent By Job
	10683  -  Run Bytes Received By Job
	718  -  Total Bytes Sent By Job
	10683  -  Total Bytes Received By Job
	Partitionable Resources :    Usage  Request Allocated 
	   Cpus                 :        0        1         1 
	   Disk (KB)            :       28  2048000   3782480 
	   Memory (MB)          :      212     2000      2000 
...
