000 (47439.228.000) 12/19 19:07:20 Job submitted from host: <155.230.20.251:9618?addrs=155.230.20.251-9618&noUDP&sock=930313_ea96_3>
...
001 (47439.228.000) 12/19 19:37:12 Job executing on host: <155.230.21.38:9618?addrs=155.230.21.38-9618&noUDP&sock=22636_fddf_3>
...
006 (47439.228.000) 12/19 19:37:21 Image size of job updated: 116992
	66  -  MemoryUsage of job (MB)
	66840  -  ResidentSetSize of job (KB)
...
006 (47439.228.000) 12/19 19:37:40 Image size of job updated: 299896
	66  -  MemoryUsage of job (MB)
	66848  -  ResidentSetSize of job (KB)
...
005 (47439.228.000) 12/19 19:37:40 Job terminated.
	(1) Normal termination (return value 0)
		Usr 0 00:00:14, Sys 0 00:00:01  -  Run Remote Usage
		Usr 0 00:00:00, Sys 0 00:00:00  -  Run Local Usage
		Usr 0 00:00:14, Sys 0 00:00:01  -  Total Remote Usage
		Usr 0 00:00:00, Sys 0 00:00:00  -  Total Local Usage
	554  -  Run Bytes Sent By Job
	10422  -  Run Bytes Received By Job
	554  -  Total Bytes Sent By Job
	10422  -  Total Bytes Received By Job
	Partitionable Resources :    Usage  Request Allocated 
	   Cpus                 :        0        1         1 
	   Disk (KB)            :       28  2048000   3666180 
	   Memory (MB)          :       66     2000      2000 
...
000 (339725.228.000) 01/29 16:03:29 Job submitted from host: <155.230.23.72:9618?addrs=155.230.23.72-9618&noUDP&sock=882541_4c40_3>
...
001 (339725.228.000) 01/29 16:38:43 Job executing on host: <155.230.21.122:9618?addrs=155.230.21.122-9618&noUDP&sock=8358_78a6_48>
...
006 (339725.228.000) 01/29 16:38:51 Image size of job updated: 257840
	184  -  MemoryUsage of job (MB)
	187952  -  ResidentSetSize of job (KB)
...
006 (339725.228.000) 01/29 16:39:04 Image size of job updated: 318164
	184  -  MemoryUsage of job (MB)
	188012  -  ResidentSetSize of job (KB)
...
005 (339725.228.000) 01/29 16:39:04 Job terminated.
	(1) Normal termination (return value 0)
		Usr 0 00:00:12, Sys 0 00:00:04  -  Run Remote Usage
		Usr 0 00:00:00, Sys 0 00:00:00  -  Run Local Usage
		Usr 0 00:00:12, Sys 0 00:00:04  -  Total Remote Usage
		Usr 0 00:00:00, Sys 0 00:00:00  -  Total Local Usage
	719  -  Run Bytes Sent By Job
	10683  -  Run Bytes Received By Job
	719  -  Total Bytes Sent By Job
	10683  -  Total Bytes Received By Job
	Partitionable Resources :    Usage  Request Allocated 
	   Cpus                 :        0        1         1 
	   Disk (KB)            :       28  2048000   3788983 
	   Memory (MB)          :      184     2000      2000 
...
