000 (47439.983.000) 12/19 19:07:21 Job submitted from host: <155.230.20.251:9618?addrs=155.230.20.251-9618&noUDP&sock=930313_ea96_3>
...
001 (47439.983.000) 12/19 19:52:35 Job executing on host: <155.230.21.116:9618?addrs=155.230.21.116-9618&noUDP&sock=38331_74cc_3>
...
006 (47439.983.000) 12/19 19:52:43 Image size of job updated: 291932
	212  -  MemoryUsage of job (MB)
	216824  -  ResidentSetSize of job (KB)
...
006 (47439.983.000) 12/19 19:52:46 Image size of job updated: 292248
	213  -  MemoryUsage of job (MB)
	217120  -  ResidentSetSize of job (KB)
...
005 (47439.983.000) 12/19 19:52:46 Job terminated.
	(1) Normal termination (return value 0)
		Usr 0 00:00:09, Sys 0 00:00:00  -  Run Remote Usage
		Usr 0 00:00:00, Sys 0 00:00:00  -  Run Local Usage
		Usr 0 00:00:09, Sys 0 00:00:00  -  Total Remote Usage
		Usr 0 00:00:00, Sys 0 00:00:00  -  Total Local Usage
	554  -  Run Bytes Sent By Job
	10422  -  Run Bytes Received By Job
	554  -  Total Bytes Sent By Job
	10422  -  Total Bytes Received By Job
	Partitionable Resources :    Usage  Request Allocated 
	   Cpus                 :     0.02        1         1 
	   Disk (KB)            :    28     2048000   3709334 
	   Memory (MB)          :   213        2000      2000 
...
000 (339725.983.000) 01/29 16:03:30 Job submitted from host: <155.230.23.72:9618?addrs=155.230.23.72-9618&noUDP&sock=882541_4c40_3>
...
001 (339725.983.000) 01/29 16:52:10 Job executing on host: <155.230.21.73:9618?addrs=155.230.21.73-9618&noUDP&sock=15554_5428_3>
...
006 (339725.983.000) 01/29 16:52:18 Image size of job updated: 66760
	38  -  MemoryUsage of job (MB)
	38496  -  ResidentSetSize of job (KB)
...
006 (339725.983.000) 01/29 16:52:53 Image size of job updated: 66760
	38  -  MemoryUsage of job (MB)
	38500  -  ResidentSetSize of job (KB)
...
005 (339725.983.000) 01/29 16:52:53 Job terminated.
	(1) Normal termination (return value 0)
		Usr 0 00:00:14, Sys 0 00:00:02  -  Run Remote Usage
		Usr 0 00:00:00, Sys 0 00:00:00  -  Run Local Usage
		Usr 0 00:00:14, Sys 0 00:00:02  -  Total Remote Usage
		Usr 0 00:00:00, Sys 0 00:00:00  -  Total Local Usage
	719  -  Run Bytes Sent By Job
	10683  -  Run Bytes Received By Job
	719  -  Total Bytes Sent By Job
	10683  -  Total Bytes Received By Job
	Partitionable Resources :    Usage  Request Allocated 
	   Cpus                 :        0        1         1 
	   Disk (KB)            :       28  2048000   3656096 
	   Memory (MB)          :       38     2000      2000 
...
