000 (47439.643.000) 12/19 19:07:21 Job submitted from host: <155.230.20.251:9618?addrs=155.230.20.251-9618&noUDP&sock=930313_ea96_3>
...
001 (47439.643.000) 12/19 19:46:06 Job executing on host: <155.230.21.89:9618?addrs=155.230.21.89-9618&noUDP&sock=1545_51e9_3>
...
006 (47439.643.000) 12/19 19:46:15 Image size of job updated: 290360
	211  -  MemoryUsage of job (MB)
	215604  -  ResidentSetSize of job (KB)
...
006 (47439.643.000) 12/19 19:46:18 Image size of job updated: 290404
	211  -  MemoryUsage of job (MB)
	215608  -  ResidentSetSize of job (KB)
...
005 (47439.643.000) 12/19 19:46:18 Job terminated.
	(1) Normal termination (return value 0)
		Usr 0 00:00:07, Sys 0 00:00:00  -  Run Remote Usage
		Usr 0 00:00:00, Sys 0 00:00:00  -  Run Local Usage
		Usr 0 00:00:07, Sys 0 00:00:00  -  Total Remote Usage
		Usr 0 00:00:00, Sys 0 00:00:00  -  Total Local Usage
	554  -  Run Bytes Sent By Job
	10422  -  Run Bytes Received By Job
	554  -  Total Bytes Sent By Job
	10422  -  Total Bytes Received By Job
	Partitionable Resources :    Usage  Request Allocated 
	   Cpus                 :        0        1         1 
	   Disk (KB)            :       28  2048000   3564277 
	   Memory (MB)          :      211     2000      2000 
...
000 (339725.643.000) 01/29 16:03:30 Job submitted from host: <155.230.23.72:9618?addrs=155.230.23.72-9618&noUDP&sock=882541_4c40_3>
...
001 (339725.643.000) 01/29 16:45:59 Job executing on host: <155.230.21.94:9618?addrs=155.230.21.94-9618&noUDP&sock=10639_0c2d_48>
...
006 (339725.643.000) 01/29 16:46:07 Image size of job updated: 303768
	222  -  MemoryUsage of job (MB)
	227240  -  ResidentSetSize of job (KB)
...
006 (339725.643.000) 01/29 16:46:15 Image size of job updated: 1541656
	222  -  MemoryUsage of job (MB)
	227240  -  ResidentSetSize of job (KB)
...
005 (339725.643.000) 01/29 16:46:15 Job terminated.
	(1) Normal termination (return value 0)
		Usr 0 00:00:08, Sys 0 00:00:03  -  Run Remote Usage
		Usr 0 00:00:00, Sys 0 00:00:00  -  Run Local Usage
		Usr 0 00:00:08, Sys 0 00:00:03  -  Total Remote Usage
		Usr 0 00:00:00, Sys 0 00:00:00  -  Total Local Usage
	719  -  Run Bytes Sent By Job
	10683  -  Run Bytes Received By Job
	719  -  Total Bytes Sent By Job
	10683  -  Total Bytes Received By Job
	Partitionable Resources :    Usage  Request Allocated 
	   Cpus                 :        0        1         1 
	   Disk (KB)            :       28  2048000   3782837 
	   Memory (MB)          :      222     2000      2000 
...
