000 (47439.537.000) 12/19 19:07:20 Job submitted from host: <155.230.20.251:9618?addrs=155.230.20.251-9618&noUDP&sock=930313_ea96_3>
...
001 (47439.537.000) 12/19 19:43:21 Job executing on host: <155.230.21.115:9618?addrs=155.230.21.115-9618&noUDP&sock=905_554c_3>
...
006 (47439.537.000) 12/19 19:43:30 Image size of job updated: 302508
	221  -  MemoryUsage of job (MB)
	226276  -  ResidentSetSize of job (KB)
...
005 (47439.537.000) 12/19 19:43:32 Job terminated.
	(1) Normal termination (return value 0)
		Usr 0 00:00:09, Sys 0 00:00:01  -  Run Remote Usage
		Usr 0 00:00:00, Sys 0 00:00:00  -  Run Local Usage
		Usr 0 00:00:09, Sys 0 00:00:01  -  Total Remote Usage
		Usr 0 00:00:00, Sys 0 00:00:00  -  Total Local Usage
	554  -  Run Bytes Sent By Job
	10422  -  Run Bytes Received By Job
	554  -  Total Bytes Sent By Job
	10422  -  Total Bytes Received By Job
	Partitionable Resources :    Usage  Request Allocated 
	   Cpus                 :        0        1         1 
	   Disk (KB)            :       28  2048000   3709762 
	   Memory (MB)          :      221     2000      2000 
...
000 (339725.537.000) 01/29 16:03:30 Job submitted from host: <155.230.23.72:9618?addrs=155.230.23.72-9618&noUDP&sock=882541_4c40_3>
...
001 (339725.537.000) 01/29 16:43:59 Job executing on host: <155.230.21.94:9618?addrs=155.230.21.94-9618&noUDP&sock=10639_0c2d_48>
...
006 (339725.537.000) 01/29 16:44:07 Image size of job updated: 290736
	211  -  MemoryUsage of job (MB)
	215908  -  ResidentSetSize of job (KB)
...
006 (339725.537.000) 01/29 16:44:18 Image size of job updated: 317896
	211  -  MemoryUsage of job (MB)
	215908  -  ResidentSetSize of job (KB)
...
005 (339725.537.000) 01/29 16:44:18 Job terminated.
	(1) Normal termination (return value 0)
		Usr 0 00:00:08, Sys 0 00:00:03  -  Run Remote Usage
		Usr 0 00:00:00, Sys 0 00:00:00  -  Run Local Usage
		Usr 0 00:00:08, Sys 0 00:00:03  -  Total Remote Usage
		Usr 0 00:00:00, Sys 0 00:00:00  -  Total Local Usage
	719  -  Run Bytes Sent By Job
	10683  -  Run Bytes Received By Job
	719  -  Total Bytes Sent By Job
	10683  -  Total Bytes Received By Job
	Partitionable Resources :    Usage  Request Allocated 
	   Cpus                 :        0        1         1 
	   Disk (KB)            :       28  2048000   3782837 
	   Memory (MB)          :      211     2000      2000 
...
