000 (47439.437.000) 12/19 19:07:20 Job submitted from host: <155.230.20.251:9618?addrs=155.230.20.251-9618&noUDP&sock=930313_ea96_3>
...
001 (47439.437.000) 12/19 19:41:15 Job executing on host: <155.230.21.90:9618?addrs=155.230.21.90-9618&noUDP&sock=1536_258f_3>
...
006 (47439.437.000) 12/19 19:41:24 Image size of job updated: 304756
	223  -  MemoryUsage of job (MB)
	227592  -  ResidentSetSize of job (KB)
...
006 (47439.437.000) 12/19 19:41:24 Image size of job updated: 304872
	223  -  MemoryUsage of job (MB)
	227600  -  ResidentSetSize of job (KB)
...
005 (47439.437.000) 12/19 19:41:24 Job terminated.
	(1) Normal termination (return value 0)
		Usr 0 00:00:07, Sys 0 00:00:00  -  Run Remote Usage
		Usr 0 00:00:00, Sys 0 00:00:00  -  Run Local Usage
		Usr 0 00:00:07, Sys 0 00:00:00  -  Total Remote Usage
		Usr 0 00:00:00, Sys 0 00:00:00  -  Total Local Usage
	554  -  Run Bytes Sent By Job
	10422  -  Run Bytes Received By Job
	554  -  Total Bytes Sent By Job
	10422  -  Total Bytes Received By Job
	Partitionable Resources :    Usage  Request Allocated 
	   Cpus                 :        0        1         1 
	   Disk (KB)            :       28  2048000   3712360 
	   Memory (MB)          :      223     2000      2000 
...
000 (339725.437.000) 01/29 16:03:29 Job submitted from host: <155.230.23.72:9618?addrs=155.230.23.72-9618&noUDP&sock=882541_4c40_3>
...
001 (339725.437.000) 01/29 16:42:01 Job executing on host: <155.230.21.120:9618?addrs=155.230.21.120-9618&noUDP&sock=13477_adf4_48>
...
006 (339725.437.000) 01/29 16:42:09 Image size of job updated: 276040
	199  -  MemoryUsage of job (MB)
	203364  -  ResidentSetSize of job (KB)
...
006 (339725.437.000) 01/29 16:42:20 Image size of job updated: 317912
	199  -  MemoryUsage of job (MB)
	203364  -  ResidentSetSize of job (KB)
...
005 (339725.437.000) 01/29 16:42:20 Job terminated.
	(1) Normal termination (return value 0)
		Usr 0 00:00:12, Sys 0 00:00:04  -  Run Remote Usage
		Usr 0 00:00:00, Sys 0 00:00:00  -  Run Local Usage
		Usr 0 00:00:12, Sys 0 00:00:04  -  Total Remote Usage
		Usr 0 00:00:00, Sys 0 00:00:00  -  Total Local Usage
	719  -  Run Bytes Sent By Job
	10683  -  Run Bytes Received By Job
	719  -  Total Bytes Sent By Job
	10683  -  Total Bytes Received By Job
	Partitionable Resources :    Usage  Request Allocated 
	   Cpus                 :        0        1         1 
	   Disk (KB)            :       28  2048000   3791748 
	   Memory (MB)          :      199     2000      2000 
...
