000 (47439.885.000) 12/19 19:07:21 Job submitted from host: <155.230.20.251:9618?addrs=155.230.20.251-9618&noUDP&sock=930313_ea96_3>
...
001 (47439.885.000) 12/19 19:50:31 Job executing on host: <155.230.21.121:9618?addrs=155.230.21.121-9618&noUDP&sock=28110_b34c_3>
...
006 (47439.885.000) 12/19 19:50:39 Image size of job updated: 299432
	219  -  MemoryUsage of job (MB)
	223236  -  ResidentSetSize of job (KB)
...
006 (47439.885.000) 12/19 19:50:41 Image size of job updated: 299436
	219  -  MemoryUsage of job (MB)
	223240  -  ResidentSetSize of job (KB)
...
005 (47439.885.000) 12/19 19:50:41 Job terminated.
	(1) Normal termination (return value 0)
		Usr 0 00:00:08, Sys 0 00:00:00  -  Run Remote Usage
		Usr 0 00:00:00, Sys 0 00:00:00  -  Run Local Usage
		Usr 0 00:00:08, Sys 0 00:00:00  -  Total Remote Usage
		Usr 0 00:00:00, Sys 0 00:00:00  -  Total Local Usage
	554  -  Run Bytes Sent By Job
	10422  -  Run Bytes Received By Job
	554  -  Total Bytes Sent By Job
	10422  -  Total Bytes Received By Job
	Partitionable Resources :    Usage  Request Allocated 
	   Cpus                 :     0.28        1         1 
	   Disk (KB)            :    28     2048000   3709756 
	   Memory (MB)          :   219        2000      2000 
...
000 (339725.885.000) 01/29 16:03:30 Job submitted from host: <155.230.23.72:9618?addrs=155.230.23.72-9618&noUDP&sock=882541_4c40_3>
...
001 (339725.885.000) 01/29 16:50:50 Job executing on host: <155.230.21.98:9618?addrs=155.230.21.98-9618&noUDP&sock=16526_0a37_47>
...
006 (339725.885.000) 01/29 16:50:58 Image size of job updated: 251344
	179  -  MemoryUsage of job (MB)
	183016  -  ResidentSetSize of job (KB)
...
006 (339725.885.000) 01/29 16:51:13 Image size of job updated: 1541916
	179  -  MemoryUsage of job (MB)
	183108  -  ResidentSetSize of job (KB)
...
005 (339725.885.000) 01/29 16:51:13 Job terminated.
	(1) Normal termination (return value 0)
		Usr 0 00:00:13, Sys 0 00:00:04  -  Run Remote Usage
		Usr 0 00:00:00, Sys 0 00:00:00  -  Run Local Usage
		Usr 0 00:00:13, Sys 0 00:00:04  -  Total Remote Usage
		Usr 0 00:00:00, Sys 0 00:00:00  -  Total Local Usage
	719  -  Run Bytes Sent By Job
	10683  -  Run Bytes Received By Job
	719  -  Total Bytes Sent By Job
	10683  -  Total Bytes Received By Job
	Partitionable Resources :    Usage  Request Allocated 
	   Cpus                 :        0        1         1 
	   Disk (KB)            :       28  2048000   3783431 
	   Memory (MB)          :      179     2000      2000 
...
