000 (47439.586.000) 12/19 19:07:20 Job submitted from host: <155.230.20.251:9618?addrs=155.230.20.251-9618&noUDP&sock=930313_ea96_3>
...
001 (47439.586.000) 12/19 19:45:14 Job executing on host: <155.230.21.35:9618?addrs=155.230.21.35-9618&noUDP&sock=11940_6ce3_3>
...
006 (47439.586.000) 12/19 19:45:23 Image size of job updated: 96984
	59  -  MemoryUsage of job (MB)
	60284  -  ResidentSetSize of job (KB)
...
006 (47439.586.000) 12/19 19:45:47 Image size of job updated: 550552
	59  -  MemoryUsage of job (MB)
	60284  -  ResidentSetSize of job (KB)
...
005 (47439.586.000) 12/19 19:45:47 Job terminated.
	(1) Normal termination (return value 0)
		Usr 0 00:00:14, Sys 0 00:00:02  -  Run Remote Usage
		Usr 0 00:00:00, Sys 0 00:00:00  -  Run Local Usage
		Usr 0 00:00:14, Sys 0 00:00:02  -  Total Remote Usage
		Usr 0 00:00:00, Sys 0 00:00:00  -  Total Local Usage
	554  -  Run Bytes Sent By Job
	10422  -  Run Bytes Received By Job
	554  -  Total Bytes Sent By Job
	10422  -  Total Bytes Received By Job
	Partitionable Resources :    Usage  Request Allocated 
	   Cpus                 :        0        1         1 
	   Disk (KB)            :       28  2048000   3689027 
	   Memory (MB)          :       59     2000      2000 
...
000 (339725.586.000) 01/29 16:03:30 Job submitted from host: <155.230.23.72:9618?addrs=155.230.23.72-9618&noUDP&sock=882541_4c40_3>
...
001 (339725.586.000) 01/29 16:44:58 Job executing on host: <155.230.21.87:9618?addrs=155.230.21.87-9618&noUDP&sock=1550_bfe2_36>
...
006 (339725.586.000) 01/29 16:45:06 Image size of job updated: 164440
	100  -  MemoryUsage of job (MB)
	101584  -  ResidentSetSize of job (KB)
...
006 (339725.586.000) 01/29 16:45:23 Image size of job updated: 316164
	100  -  MemoryUsage of job (MB)
	101696  -  ResidentSetSize of job (KB)
...
005 (339725.586.000) 01/29 16:45:24 Job terminated.
	(1) Normal termination (return value 0)
		Usr 0 00:00:08, Sys 0 00:00:03  -  Run Remote Usage
		Usr 0 00:00:00, Sys 0 00:00:00  -  Run Local Usage
		Usr 0 00:00:08, Sys 0 00:00:03  -  Total Remote Usage
		Usr 0 00:00:00, Sys 0 00:00:00  -  Total Local Usage
	719  -  Run Bytes Sent By Job
	10683  -  Run Bytes Received By Job
	719  -  Total Bytes Sent By Job
	10683  -  Total Bytes Received By Job
	Partitionable Resources :    Usage  Request Allocated 
	   Cpus                 :        0        1         1 
	   Disk (KB)            :       28  2048000   3787234 
	   Memory (MB)          :      100     2000      2000 
...
