000 (47439.769.000) 12/19 19:07:21 Job submitted from host: <155.230.20.251:9618?addrs=155.230.20.251-9618&noUDP&sock=930313_ea96_3>
...
001 (47439.769.000) 12/19 19:48:20 Job executing on host: <155.230.21.97:9618?addrs=155.230.21.97-9618&noUDP&sock=19004_bde6_3>
...
006 (47439.769.000) 12/19 19:48:29 Image size of job updated: 147144
	87  -  MemoryUsage of job (MB)
	88288  -  ResidentSetSize of job (KB)
...
006 (47439.769.000) 12/19 19:48:45 Image size of job updated: 299512
	87  -  MemoryUsage of job (MB)
	88300  -  ResidentSetSize of job (KB)
...
005 (47439.769.000) 12/19 19:48:45 Job terminated.
	(1) Normal termination (return value 0)
		Usr 0 00:00:11, Sys 0 00:00:01  -  Run Remote Usage
		Usr 0 00:00:00, Sys 0 00:00:00  -  Run Local Usage
		Usr 0 00:00:11, Sys 0 00:00:01  -  Total Remote Usage
		Usr 0 00:00:00, Sys 0 00:00:00  -  Total Local Usage
	554  -  Run Bytes Sent By Job
	10422  -  Run Bytes Received By Job
	554  -  Total Bytes Sent By Job
	10422  -  Total Bytes Received By Job
	Partitionable Resources :    Usage  Request Allocated 
	   Cpus                 :                 1         1 
	   Disk (KB)            :       22  2048000   3673156 
	   Memory (MB)          :       87     2000      2000 
...
000 (339725.769.000) 01/29 16:03:30 Job submitted from host: <155.230.23.72:9618?addrs=155.230.23.72-9618&noUDP&sock=882541_4c40_3>
...
001 (339725.769.000) 01/29 16:48:49 Job executing on host: <155.230.21.37:9618?addrs=155.230.21.37-9618&noUDP&sock=9467_272d_3>
...
006 (339725.769.000) 01/29 16:48:57 Image size of job updated: 92744
	49  -  MemoryUsage of job (MB)
	49196  -  ResidentSetSize of job (KB)
...
006 (339725.769.000) 01/29 16:50:09 Image size of job updated: 239268
	49  -  MemoryUsage of job (MB)
	49212  -  ResidentSetSize of job (KB)
...
005 (339725.769.000) 01/29 16:50:09 Job terminated.
	(1) Normal termination (return value 0)
		Usr 0 00:00:16, Sys 0 00:00:06  -  Run Remote Usage
		Usr 0 00:00:00, Sys 0 00:00:00  -  Run Local Usage
		Usr 0 00:00:16, Sys 0 00:00:06  -  Total Remote Usage
		Usr 0 00:00:00, Sys 0 00:00:00  -  Total Local Usage
	719  -  Run Bytes Sent By Job
	10683  -  Run Bytes Received By Job
	719  -  Total Bytes Sent By Job
	10683  -  Total Bytes Received By Job
	Partitionable Resources :    Usage  Request Allocated 
	   Cpus                 :     0.32        1         1 
	   Disk (KB)            :    29     2048000   3669742 
	   Memory (MB)          :    49        2000      2000 
...
