000 (47439.576.000) 12/19 19:07:20 Job submitted from host: <155.230.20.251:9618?addrs=155.230.20.251-9618&noUDP&sock=930313_ea96_3>
...
001 (47439.576.000) 12/19 19:44:17 Job executing on host: <155.230.21.107:9618?addrs=155.230.21.107-9618&noUDP&sock=27177_bd70_3>
...
006 (47439.576.000) 12/19 19:44:26 Image size of job updated: 302268
	221  -  MemoryUsage of job (MB)
	226036  -  ResidentSetSize of job (KB)
...
005 (47439.576.000) 12/19 19:44:27 Job terminated.
	(1) Normal termination (return value 0)
		Usr 0 00:00:08, Sys 0 00:00:00  -  Run Remote Usage
		Usr 0 00:00:00, Sys 0 00:00:00  -  Run Local Usage
		Usr 0 00:00:08, Sys 0 00:00:00  -  Total Remote Usage
		Usr 0 00:00:00, Sys 0 00:00:00  -  Total Local Usage
	554  -  Run Bytes Sent By Job
	10422  -  Run Bytes Received By Job
	554  -  Total Bytes Sent By Job
	10422  -  Total Bytes Received By Job
	Partitionable Resources :    Usage  Request Allocated 
	   Cpus                 :        0        1         1 
	   Disk (KB)            :       28  2048000   3710161 
	   Memory (MB)          :      221     2000      2000 
...
000 (339725.576.000) 01/29 16:03:30 Job submitted from host: <155.230.23.72:9618?addrs=155.230.23.72-9618&noUDP&sock=882541_4c40_3>
...
001 (339725.576.000) 01/29 16:44:54 Job executing on host: <155.230.21.79:9618?addrs=155.230.21.79-9618&noUDP&sock=27572_ad58_48>
...
006 (339725.576.000) 01/29 16:45:02 Image size of job updated: 303168
	222  -  MemoryUsage of job (MB)
	226640  -  ResidentSetSize of job (KB)
...
006 (339725.576.000) 01/29 16:45:11 Image size of job updated: 314160
	222  -  MemoryUsage of job (MB)
	226640  -  ResidentSetSize of job (KB)
...
005 (339725.576.000) 01/29 16:45:11 Job terminated.
	(1) Normal termination (return value 0)
		Usr 0 00:00:08, Sys 0 00:00:03  -  Run Remote Usage
		Usr 0 00:00:00, Sys 0 00:00:00  -  Run Local Usage
		Usr 0 00:00:08, Sys 0 00:00:03  -  Total Remote Usage
		Usr 0 00:00:00, Sys 0 00:00:00  -  Total Local Usage
	719  -  Run Bytes Sent By Job
	10683  -  Run Bytes Received By Job
	719  -  Total Bytes Sent By Job
	10683  -  Total Bytes Received By Job
	Partitionable Resources :    Usage  Request Allocated 
	   Cpus                 :        0        1         1 
	   Disk (KB)            :       28  2048000   3841081 
	   Memory (MB)          :      222     2000      2000 
...
