000 (47439.000.000) 12/19 19:07:19 Job submitted from host: <155.230.20.251:9618?addrs=155.230.20.251-9618&noUDP&sock=930313_ea96_3>
...
001 (47439.000.000) 12/19 19:32:37 Job executing on host: <155.230.21.117:9618?addrs=155.230.21.117-9618&noUDP&sock=8728_42b0_3>
...
006 (47439.000.000) 12/19 19:32:45 Image size of job updated: 524284
	0  -  MemoryUsage of job (MB)
	0  -  ResidentSetSize of job (KB)
...
005 (47439.000.000) 12/19 19:32:45 Job terminated.
	(1) Normal termination (return value 0)
		Usr 0 00:00:05, Sys 0 00:00:00  -  Run Remote Usage
		Usr 0 00:00:00, Sys 0 00:00:00  -  Run Local Usage
		Usr 0 00:00:05, Sys 0 00:00:00  -  Total Remote Usage
		Usr 0 00:00:00, Sys 0 00:00:00  -  Total Local Usage
	519  -  Run Bytes Sent By Job
	10422  -  Run Bytes Received By Job
	519  -  Total Bytes Sent By Job
	10422  -  Total Bytes Received By Job
	Partitionable Resources :    Usage  Request Allocated 
	   Cpus                 :     0.03        1         1 
	   Disk (KB)            :    28     2048000   3710066 
	   Memory (MB)          :     0        2000      2000 
...
000 (336702.000.000) 01/28 15:24:14 Job submitted from host: <155.230.23.72:9618?addrs=155.230.23.72-9618&noUDP&sock=882541_4c40_3>
...
001 (336702.000.000) 01/28 15:24:29 Job executing on host: <155.230.21.72:9618?addrs=155.230.21.72-9618&noUDP&sock=23623_fdd9_3>
...
006 (336702.000.000) 01/28 15:24:37 Image size of job updated: 167280
	104  -  MemoryUsage of job (MB)
	105648  -  ResidentSetSize of job (KB)
...
005 (336702.000.000) 01/28 15:27:15 Job terminated.
	(1) Normal termination (return value 0)
		Usr 0 00:02:00, Sys 0 00:00:08  -  Run Remote Usage
		Usr 0 00:00:00, Sys 0 00:00:00  -  Run Local Usage
		Usr 0 00:02:00, Sys 0 00:00:08  -  Total Remote Usage
		Usr 0 00:00:00, Sys 0 00:00:00  -  Total Local Usage
	748  -  Run Bytes Sent By Job
	10580  -  Run Bytes Received By Job
	748  -  Total Bytes Sent By Job
	10580  -  Total Bytes Received By Job
	Partitionable Resources :    Usage  Request Allocated 
	   Cpus                 :     0.99        1         1 
	   Disk (KB)            :    29     2048000   3695198 
	   Memory (MB)          :   104        2000      2000 
...
000 (339711.000.000) 01/29 14:36:13 Job submitted from host: <155.230.23.72:9618?addrs=155.230.23.72-9618&noUDP&sock=882541_4c40_3>
...
001 (339711.000.000) 01/29 14:36:36 Job executing on host: <155.230.21.72:9618?addrs=155.230.21.72-9618&noUDP&sock=23623_fdd9_3>
...
006 (339711.000.000) 01/29 14:36:45 Image size of job updated: 108804
	66  -  MemoryUsage of job (MB)
	66956  -  ResidentSetSize of job (KB)
...
005 (339711.000.000) 01/29 14:40:17 Job terminated.
	(1) Normal termination (return value 0)
		Usr 0 00:02:01, Sys 0 00:00:08  -  Run Remote Usage
		Usr 0 00:00:00, Sys 0 00:00:00  -  Run Local Usage
		Usr 0 00:02:01, Sys 0 00:00:08  -  Total Remote Usage
		Usr 0 00:00:00, Sys 0 00:00:00  -  Total Local Usage
	748  -  Run Bytes Sent By Job
	10556  -  Run Bytes Received By Job
	748  -  Total Bytes Sent By Job
	10556  -  Total Bytes Received By Job
	Partitionable Resources :    Usage  Request Allocated 
	   Cpus                 :     0.15        1         1 
	   Disk (KB)            :    29     2048000   3695198 
	   Memory (MB)          :    66        2000      2000 
...
000 (339715.000.000) 01/29 15:15:47 Job submitted from host: <155.230.23.72:9618?addrs=155.230.23.72-9618&noUDP&sock=882541_4c40_3>
...
001 (339715.000.000) 01/29 15:16:06 Job executing on host: <155.230.21.42:9618?addrs=155.230.21.42-9618&noUDP&sock=2987_697a_3>
...
006 (339715.000.000) 01/29 15:16:14 Image size of job updated: 5744
	5  -  MemoryUsage of job (MB)
	4348  -  ResidentSetSize of job (KB)
...
005 (339715.000.000) 01/29 15:20:08 Job terminated.
	(1) Normal termination (return value 0)
		Usr 0 00:01:59, Sys 0 00:00:07  -  Run Remote Usage
		Usr 0 00:00:00, Sys 0 00:00:00  -  Run Local Usage
		Usr 0 00:01:59, Sys 0 00:00:07  -  Total Remote Usage
		Usr 0 00:00:00, Sys 0 00:00:00  -  Total Local Usage
	748  -  Run Bytes Sent By Job
	10556  -  Run Bytes Received By Job
	748  -  Total Bytes Sent By Job
	10556  -  Total Bytes Received By Job
	Partitionable Resources :    Usage  Request Allocated 
	   Cpus                 :     0.29        1         1 
	   Disk (KB)            :    28     2048000   3669141 
	   Memory (MB)          :     5        2000      2000 
...
000 (339725.000.000) 01/29 16:03:29 Job submitted from host: <155.230.23.72:9618?addrs=155.230.23.72-9618&noUDP&sock=882541_4c40_3>
...
001 (339725.000.000) 01/29 16:34:36 Job executing on host: <155.230.21.90:9618?addrs=155.230.21.90-9618&noUDP&sock=1536_258f_37>
...
006 (339725.000.000) 01/29 16:34:44 Image size of job updated: 300940
	220  -  MemoryUsage of job (MB)
	224412  -  ResidentSetSize of job (KB)
...
006 (339725.000.000) 01/29 16:34:51 Image size of job updated: 1545032
	220  -  MemoryUsage of job (MB)
	224412  -  ResidentSetSize of job (KB)
...
005 (339725.000.000) 01/29 16:34:51 Job terminated.
	(1) Normal termination (return value 0)
		Usr 0 00:00:08, Sys 0 00:00:03  -  Run Remote Usage
		Usr 0 00:00:00, Sys 0 00:00:00  -  Run Local Usage
		Usr 0 00:00:08, Sys 0 00:00:03  -  Total Remote Usage
		Usr 0 00:00:00, Sys 0 00:00:00  -  Total Local Usage
	717  -  Run Bytes Sent By Job
	10683  -  Run Bytes Received By Job
	717  -  Total Bytes Sent By Job
	10683  -  Total Bytes Received By Job
	Partitionable Resources :    Usage  Request Allocated 
	   Cpus                 :        0        1         1 
	   Disk (KB)            :       28  2048000   3794435 
	   Memory (MB)          :      220     2000      2000 
...
