000 (47439.238.000) 12/19 19:07:20 Job submitted from host: <155.230.20.251:9618?addrs=155.230.20.251-9618&noUDP&sock=930313_ea96_3>
...
001 (47439.238.000) 12/19 19:37:07 Job executing on host: <155.230.21.89:9618?addrs=155.230.21.89-9618&noUDP&sock=1545_51e9_3>
...
006 (47439.238.000) 12/19 19:37:16 Image size of job updated: 266508
	183  -  MemoryUsage of job (MB)
	187088  -  ResidentSetSize of job (KB)
...
005 (47439.238.000) 12/19 19:37:17 Job terminated.
	(1) Normal termination (return value 0)
		Usr 0 00:00:07, Sys 0 00:00:00  -  Run Remote Usage
		Usr 0 00:00:00, Sys 0 00:00:00  -  Run Local Usage
		Usr 0 00:00:07, Sys 0 00:00:00  -  Total Remote Usage
		Usr 0 00:00:00, Sys 0 00:00:00  -  Total Local Usage
	554  -  Run Bytes Sent By Job
	10422  -  Run Bytes Received By Job
	554  -  Total Bytes Sent By Job
	10422  -  Total Bytes Received By Job
	Partitionable Resources :    Usage  Request Allocated 
	   Cpus                 :        0        1         1 
	   Disk (KB)            :       28  2048000   3564277 
	   Memory (MB)          :      183     2000      2000 
...
000 (339725.238.000) 01/29 16:03:29 Job submitted from host: <155.230.23.72:9618?addrs=155.230.23.72-9618&noUDP&sock=882541_4c40_3>
...
001 (339725.238.000) 01/29 16:39:26 Job executing on host: <155.230.21.34:9618?addrs=155.230.21.34-9618&noUDP&sock=3883_fe56_3>
...
006 (339725.238.000) 01/29 16:39:34 Image size of job updated: 116876
	66  -  MemoryUsage of job (MB)
	66944  -  ResidentSetSize of job (KB)
...
006 (339725.238.000) 01/29 16:40:54 Image size of job updated: 1284820
	66  -  MemoryUsage of job (MB)
	66944  -  ResidentSetSize of job (KB)
...
005 (339725.238.000) 01/29 16:40:55 Job terminated.
	(1) Normal termination (return value 0)
		Usr 0 00:00:16, Sys 0 00:00:06  -  Run Remote Usage
		Usr 0 00:00:00, Sys 0 00:00:00  -  Run Local Usage
		Usr 0 00:00:16, Sys 0 00:00:06  -  Total Remote Usage
		Usr 0 00:00:00, Sys 0 00:00:00  -  Total Local Usage
	719  -  Run Bytes Sent By Job
	10683  -  Run Bytes Received By Job
	719  -  Total Bytes Sent By Job
	10683  -  Total Bytes Received By Job
	Partitionable Resources :    Usage  Request Allocated 
	   Cpus                 :     0.12        1         1 
	   Disk (KB)            :    29     2048000   3677810 
	   Memory (MB)          :    66        2000      2000 
...
