000 (47439.047.000) 12/19 19:07:19 Job submitted from host: <155.230.20.251:9618?addrs=155.230.20.251-9618&noUDP&sock=930313_ea96_3>
...
001 (47439.047.000) 12/19 19:32:57 Job executing on host: <155.230.21.126:9618?addrs=155.230.21.126-9618&noUDP&sock=27949_448d_3>
...
006 (47439.047.000) 12/19 19:33:06 Image size of job updated: 287136
	0  -  MemoryUsage of job (MB)
	0  -  ResidentSetSize of job (KB)
...
005 (47439.047.000) 12/19 19:33:06 Job terminated.
	(1) Normal termination (return value 0)
		Usr 0 00:00:07, Sys 0 00:00:00  -  Run Remote Usage
		Usr 0 00:00:00, Sys 0 00:00:00  -  Run Local Usage
		Usr 0 00:00:07, Sys 0 00:00:00  -  Total Remote Usage
		Usr 0 00:00:00, Sys 0 00:00:00  -  Total Local Usage
	554  -  Run Bytes Sent By Job
	10422  -  Run Bytes Received By Job
	554  -  Total Bytes Sent By Job
	10422  -  Total Bytes Received By Job
	Partitionable Resources :    Usage  Request Allocated 
	   Cpus                 :     0.03        1         1 
	   Disk (KB)            :    28     2048000   3652507 
	   Memory (MB)          :     0        2000      2000 
...
000 (339725.047.000) 01/29 16:03:29 Job submitted from host: <155.230.23.72:9618?addrs=155.230.23.72-9618&noUDP&sock=882541_4c40_3>
...
001 (339725.047.000) 01/29 16:35:33 Job executing on host: <155.230.21.79:9618?addrs=155.230.21.79-9618&noUDP&sock=27572_ad58_48>
...
006 (339725.047.000) 01/29 16:35:43 Image size of job updated: 302552
	221  -  MemoryUsage of job (MB)
	226024  -  ResidentSetSize of job (KB)
...
005 (339725.047.000) 01/29 16:35:46 Job terminated.
	(1) Normal termination (return value 0)
		Usr 0 00:00:08, Sys 0 00:00:02  -  Run Remote Usage
		Usr 0 00:00:00, Sys 0 00:00:00  -  Run Local Usage
		Usr 0 00:00:08, Sys 0 00:00:02  -  Total Remote Usage
		Usr 0 00:00:00, Sys 0 00:00:00  -  Total Local Usage
	972  -  Run Bytes Sent By Job
	10683  -  Run Bytes Received By Job
	972  -  Total Bytes Sent By Job
	10683  -  Total Bytes Received By Job
	Partitionable Resources :    Usage  Request Allocated 
	   Cpus                 :     0.02        1         1 
	   Disk (KB)            :    29     2048000   3841081 
	   Memory (MB)          :   221        2000      2000 
...
