000 (47439.363.000) 12/19 19:07:20 Job submitted from host: <155.230.20.251:9618?addrs=155.230.20.251-9618&noUDP&sock=930313_ea96_3>
...
001 (47439.363.000) 12/19 19:40:04 Job executing on host: <155.230.21.38:9618?addrs=155.230.21.38-9618&noUDP&sock=22636_fddf_3>
...
006 (47439.363.000) 12/19 19:40:13 Image size of job updated: 80280
	54  -  MemoryUsage of job (MB)
	54904  -  ResidentSetSize of job (KB)
...
006 (47439.363.000) 12/19 19:40:34 Image size of job updated: 302832
	54  -  MemoryUsage of job (MB)
	55104  -  ResidentSetSize of job (KB)
...
005 (47439.363.000) 12/19 19:40:34 Job terminated.
	(1) Normal termination (return value 0)
		Usr 0 00:00:14, Sys 0 00:00:01  -  Run Remote Usage
		Usr 0 00:00:00, Sys 0 00:00:00  -  Run Local Usage
		Usr 0 00:00:14, Sys 0 00:00:01  -  Total Remote Usage
		Usr 0 00:00:00, Sys 0 00:00:00  -  Total Local Usage
	554  -  Run Bytes Sent By Job
	10422  -  Run Bytes Received By Job
	554  -  Total Bytes Sent By Job
	10422  -  Total Bytes Received By Job
	Partitionable Resources :    Usage  Request Allocated 
	   Cpus                 :        0        1         1 
	   Disk (KB)            :       28  2048000   3666180 
	   Memory (MB)          :       54     2000      2000 
...
000 (339725.363.000) 01/29 16:03:29 Job submitted from host: <155.230.23.72:9618?addrs=155.230.23.72-9618&noUDP&sock=882541_4c40_3>
...
001 (339725.363.000) 01/29 16:40:55 Job executing on host: <155.230.21.88:9618?addrs=155.230.21.88-9618&noUDP&sock=1537_d527_36>
...
006 (339725.363.000) 01/29 16:41:04 Image size of job updated: 301472
	220  -  MemoryUsage of job (MB)
	224944  -  ResidentSetSize of job (KB)
...
006 (339725.363.000) 01/29 16:41:13 Image size of job updated: 1544116
	220  -  MemoryUsage of job (MB)
	224944  -  ResidentSetSize of job (KB)
...
005 (339725.363.000) 01/29 16:41:13 Job terminated.
	(1) Normal termination (return value 0)
		Usr 0 00:00:08, Sys 0 00:00:03  -  Run Remote Usage
		Usr 0 00:00:00, Sys 0 00:00:00  -  Run Local Usage
		Usr 0 00:00:08, Sys 0 00:00:03  -  Total Remote Usage
		Usr 0 00:00:00, Sys 0 00:00:00  -  Total Local Usage
	719  -  Run Bytes Sent By Job
	10683  -  Run Bytes Received By Job
	719  -  Total Bytes Sent By Job
	10683  -  Total Bytes Received By Job
	Partitionable Resources :    Usage  Request Allocated 
	   Cpus                 :        0        1         1 
	   Disk (KB)            :       28  2048000   3742428 
	   Memory (MB)          :      220     2000      2000 
...
