000 (47439.564.000) 12/19 19:07:20 Job submitted from host: <155.230.20.251:9618?addrs=155.230.20.251-9618&noUDP&sock=930313_ea96_3>
...
001 (47439.564.000) 12/19 19:44:13 Job executing on host: <155.230.21.81:9618?addrs=155.230.21.81-9618&noUDP&sock=1515_be12_3>
...
006 (47439.564.000) 12/19 19:44:21 Image size of job updated: 299892
	219  -  MemoryUsage of job (MB)
	223660  -  ResidentSetSize of job (KB)
...
006 (47439.564.000) 12/19 19:44:22 Image size of job updated: 550364
	219  -  MemoryUsage of job (MB)
	223660  -  ResidentSetSize of job (KB)
...
005 (47439.564.000) 12/19 19:44:23 Job terminated.
	(1) Normal termination (return value 0)
		Usr 0 00:00:07, Sys 0 00:00:00  -  Run Remote Usage
		Usr 0 00:00:00, Sys 0 00:00:00  -  Run Local Usage
		Usr 0 00:00:07, Sys 0 00:00:00  -  Total Remote Usage
		Usr 0 00:00:00, Sys 0 00:00:00  -  Total Local Usage
	554  -  Run Bytes Sent By Job
	10422  -  Run Bytes Received By Job
	554  -  Total Bytes Sent By Job
	10422  -  Total Bytes Received By Job
	Partitionable Resources :    Usage  Request Allocated 
	   Cpus                 :        0        1         1 
	   Disk (KB)            :       28  2048000   3711985 
	   Memory (MB)          :      219     2000      2000 
...
000 (339725.564.000) 01/29 16:03:30 Job submitted from host: <155.230.23.72:9618?addrs=155.230.23.72-9618&noUDP&sock=882541_4c40_3>
...
001 (339725.564.000) 01/29 16:44:50 Job executing on host: <155.230.21.42:9618?addrs=155.230.21.42-9618&noUDP&sock=2987_697a_3>
...
006 (339725.564.000) 01/29 16:44:59 Image size of job updated: 147820
	87  -  MemoryUsage of job (MB)
	88452  -  ResidentSetSize of job (KB)
...
006 (339725.564.000) 01/29 16:46:04 Image size of job updated: 147820
	87  -  MemoryUsage of job (MB)
	89072  -  ResidentSetSize of job (KB)
...
005 (339725.564.000) 01/29 16:46:04 Job terminated.
	(1) Normal termination (return value 0)
		Usr 0 00:00:15, Sys 0 00:00:06  -  Run Remote Usage
		Usr 0 00:00:00, Sys 0 00:00:00  -  Run Local Usage
		Usr 0 00:00:15, Sys 0 00:00:06  -  Total Remote Usage
		Usr 0 00:00:00, Sys 0 00:00:00  -  Total Local Usage
	719  -  Run Bytes Sent By Job
	10683  -  Run Bytes Received By Job
	719  -  Total Bytes Sent By Job
	10683  -  Total Bytes Received By Job
	Partitionable Resources :    Usage  Request Allocated 
	   Cpus                 :     0.09        1         1 
	   Disk (KB)            :    29     2048000   3669141 
	   Memory (MB)          :    87        2000      2000 
...
