000 (47439.651.000) 12/19 19:07:21 Job submitted from host: <155.230.20.251:9618?addrs=155.230.20.251-9618&noUDP&sock=930313_ea96_3>
...
001 (47439.651.000) 12/19 19:46:10 Job executing on host: <155.230.21.87:9618?addrs=155.230.21.87-9618&noUDP&sock=1550_bfe2_3>
...
006 (47439.651.000) 12/19 19:46:18 Image size of job updated: 297488
	217  -  MemoryUsage of job (MB)
	221996  -  ResidentSetSize of job (KB)
...
006 (47439.651.000) 12/19 19:46:20 Image size of job updated: 297512
	217  -  MemoryUsage of job (MB)
	222012  -  ResidentSetSize of job (KB)
...
005 (47439.651.000) 12/19 19:46:20 Job terminated.
	(1) Normal termination (return value 0)
		Usr 0 00:00:07, Sys 0 00:00:00  -  Run Remote Usage
		Usr 0 00:00:00, Sys 0 00:00:00  -  Run Local Usage
		Usr 0 00:00:07, Sys 0 00:00:00  -  Total Remote Usage
		Usr 0 00:00:00, Sys 0 00:00:00  -  Total Local Usage
	554  -  Run Bytes Sent By Job
	10422  -  Run Bytes Received By Job
	554  -  Total Bytes Sent By Job
	10422  -  Total Bytes Received By Job
	Partitionable Resources :    Usage  Request Allocated 
	   Cpus                 :     0.02        1         1 
	   Disk (KB)            :    28     2048000   3519388 
	   Memory (MB)          :   217        2000      2000 
...
000 (339725.651.000) 01/29 16:03:30 Job submitted from host: <155.230.23.72:9618?addrs=155.230.23.72-9618&noUDP&sock=882541_4c40_3>
...
001 (339725.651.000) 01/29 16:46:02 Job executing on host: <155.230.21.122:9618?addrs=155.230.21.122-9618&noUDP&sock=8358_78a6_48>
...
006 (339725.651.000) 01/29 16:46:11 Image size of job updated: 280344
	203  -  MemoryUsage of job (MB)
	207612  -  ResidentSetSize of job (KB)
...
006 (339725.651.000) 01/29 16:46:24 Image size of job updated: 316196
	203  -  MemoryUsage of job (MB)
	207616  -  ResidentSetSize of job (KB)
...
005 (339725.651.000) 01/29 16:46:24 Job terminated.
	(1) Normal termination (return value 0)
		Usr 0 00:00:12, Sys 0 00:00:05  -  Run Remote Usage
		Usr 0 00:00:00, Sys 0 00:00:00  -  Run Local Usage
		Usr 0 00:00:12, Sys 0 00:00:05  -  Total Remote Usage
		Usr 0 00:00:00, Sys 0 00:00:00  -  Total Local Usage
	719  -  Run Bytes Sent By Job
	10683  -  Run Bytes Received By Job
	719  -  Total Bytes Sent By Job
	10683  -  Total Bytes Received By Job
	Partitionable Resources :    Usage  Request Allocated 
	   Cpus                 :        0        1         1 
	   Disk (KB)            :       28  2048000   3788983 
	   Memory (MB)          :      203     2000      2000 
...
