000 (47439.510.000) 12/19 19:07:20 Job submitted from host: <155.230.20.251:9618?addrs=155.230.20.251-9618&noUDP&sock=930313_ea96_3>
...
001 (47439.510.000) 12/19 19:43:09 Job executing on host: <155.230.21.108:9618?addrs=155.230.21.108-9618&noUDP&sock=779_e85d_3>
...
006 (47439.510.000) 12/19 19:43:17 Image size of job updated: 293120
	214  -  MemoryUsage of job (MB)
	218140  -  ResidentSetSize of job (KB)
...
006 (47439.510.000) 12/19 19:43:20 Image size of job updated: 293184
	214  -  MemoryUsage of job (MB)
	218204  -  ResidentSetSize of job (KB)
...
005 (47439.510.000) 12/19 19:43:20 Job terminated.
	(1) Normal termination (return value 0)
		Usr 0 00:00:08, Sys 0 00:00:00  -  Run Remote Usage
		Usr 0 00:00:00, Sys 0 00:00:00  -  Run Local Usage
		Usr 0 00:00:08, Sys 0 00:00:00  -  Total Remote Usage
		Usr 0 00:00:00, Sys 0 00:00:00  -  Total Local Usage
	554  -  Run Bytes Sent By Job
	10422  -  Run Bytes Received By Job
	554  -  Total Bytes Sent By Job
	10422  -  Total Bytes Received By Job
	Partitionable Resources :    Usage  Request Allocated 
	   Cpus                 :     0.03        1         1 
	   Disk (KB)            :    28     2048000   3664171 
	   Memory (MB)          :   214        2000      2000 
...
000 (339725.510.000) 01/29 16:03:29 Job submitted from host: <155.230.23.72:9618?addrs=155.230.23.72-9618&noUDP&sock=882541_4c40_3>
...
001 (339725.510.000) 01/29 16:43:50 Job executing on host: <155.230.21.38:9618?addrs=155.230.21.38-9618&noUDP&sock=22636_fddf_3>
...
006 (339725.510.000) 01/29 16:43:59 Image size of job updated: 120632
	68  -  MemoryUsage of job (MB)
	69292  -  ResidentSetSize of job (KB)
...
006 (339725.510.000) 01/29 16:45:01 Image size of job updated: 1479096
	68  -  MemoryUsage of job (MB)
	69296  -  ResidentSetSize of job (KB)
...
005 (339725.510.000) 01/29 16:45:01 Job terminated.
	(1) Normal termination (return value 0)
		Usr 0 00:00:16, Sys 0 00:00:05  -  Run Remote Usage
		Usr 0 00:00:00, Sys 0 00:00:00  -  Run Local Usage
		Usr 0 00:00:16, Sys 0 00:00:05  -  Total Remote Usage
		Usr 0 00:00:00, Sys 0 00:00:00  -  Total Local Usage
	719  -  Run Bytes Sent By Job
	10683  -  Run Bytes Received By Job
	719  -  Total Bytes Sent By Job
	10683  -  Total Bytes Received By Job
	Partitionable Resources :    Usage  Request Allocated 
	   Cpus                 :     0.14        1         1 
	   Disk (KB)            :    29     2048000   3666180 
	   Memory (MB)          :    68        2000      2000 
...
