000 (47439.567.000) 12/19 19:07:20 Job submitted from host: <155.230.20.251:9618?addrs=155.230.20.251-9618&noUDP&sock=930313_ea96_3>
...
001 (47439.567.000) 12/19 19:44:14 Job executing on host: <155.230.21.91:9618?addrs=155.230.21.91-9618&noUDP&sock=17349_8ca8_3>
...
006 (47439.567.000) 12/19 19:44:22 Image size of job updated: 286984
	209  -  MemoryUsage of job (MB)
	213216  -  ResidentSetSize of job (KB)
...
006 (47439.567.000) 12/19 19:44:25 Image size of job updated: 299692
	209  -  MemoryUsage of job (MB)
	213216  -  ResidentSetSize of job (KB)
...
005 (47439.567.000) 12/19 19:44:25 Job terminated.
	(1) Normal termination (return value 0)
		Usr 0 00:00:07, Sys 0 00:00:00  -  Run Remote Usage
		Usr 0 00:00:00, Sys 0 00:00:00  -  Run Local Usage
		Usr 0 00:00:07, Sys 0 00:00:00  -  Total Remote Usage
		Usr 0 00:00:00, Sys 0 00:00:00  -  Total Local Usage
	554  -  Run Bytes Sent By Job
	10422  -  Run Bytes Received By Job
	554  -  Total Bytes Sent By Job
	10422  -  Total Bytes Received By Job
	Partitionable Resources :    Usage  Request Allocated 
	   Cpus                 :        0        1         1 
	   Disk (KB)            :       28  2048000   3710322 
	   Memory (MB)          :      209     2000      2000 
...
000 (339725.567.000) 01/29 16:03:30 Job submitted from host: <155.230.23.72:9618?addrs=155.230.23.72-9618&noUDP&sock=882541_4c40_3>
...
001 (339725.567.000) 01/29 16:44:51 Job executing on host: <155.230.21.98:9618?addrs=155.230.21.98-9618&noUDP&sock=16526_0a37_47>
...
006 (339725.567.000) 01/29 16:44:59 Image size of job updated: 248652
	177  -  MemoryUsage of job (MB)
	180392  -  ResidentSetSize of job (KB)
...
006 (339725.567.000) 01/29 16:45:15 Image size of job updated: 315176
	177  -  MemoryUsage of job (MB)
	180552  -  ResidentSetSize of job (KB)
...
005 (339725.567.000) 01/29 16:45:15 Job terminated.
	(1) Normal termination (return value 0)
		Usr 0 00:00:12, Sys 0 00:00:04  -  Run Remote Usage
		Usr 0 00:00:00, Sys 0 00:00:00  -  Run Local Usage
		Usr 0 00:00:12, Sys 0 00:00:04  -  Total Remote Usage
		Usr 0 00:00:00, Sys 0 00:00:00  -  Total Local Usage
	719  -  Run Bytes Sent By Job
	10683  -  Run Bytes Received By Job
	719  -  Total Bytes Sent By Job
	10683  -  Total Bytes Received By Job
	Partitionable Resources :    Usage  Request Allocated 
	   Cpus                 :        0        1         1 
	   Disk (KB)            :       28  2048000   3783431 
	   Memory (MB)          :      177     2000      2000 
...
