000 (47439.258.000) 12/19 19:07:20 Job submitted from host: <155.230.20.251:9618?addrs=155.230.20.251-9618&noUDP&sock=930313_ea96_3>
...
001 (47439.258.000) 12/19 19:37:16 Job executing on host: <155.230.21.120:9618?addrs=155.230.21.120-9618&noUDP&sock=13477_adf4_3>
...
006 (47439.258.000) 12/19 19:37:25 Image size of job updated: 295788
	216  -  MemoryUsage of job (MB)
	220560  -  ResidentSetSize of job (KB)
...
006 (47439.258.000) 12/19 19:37:29 Image size of job updated: 550532
	216  -  MemoryUsage of job (MB)
	220564  -  ResidentSetSize of job (KB)
...
005 (47439.258.000) 12/19 19:37:29 Job terminated.
	(1) Normal termination (return value 0)
		Usr 0 00:00:10, Sys 0 00:00:00  -  Run Remote Usage
		Usr 0 00:00:00, Sys 0 00:00:00  -  Run Local Usage
		Usr 0 00:00:10, Sys 0 00:00:00  -  Total Remote Usage
		Usr 0 00:00:00, Sys 0 00:00:00  -  Total Local Usage
	554  -  Run Bytes Sent By Job
	10422  -  Run Bytes Received By Job
	554  -  Total Bytes Sent By Job
	10422  -  Total Bytes Received By Job
	Partitionable Resources :    Usage  Request Allocated 
	   Cpus                 :        0        1         1 
	   Disk (KB)            :       28  2048000   3663831 
	   Memory (MB)          :      216     2000      2000 
...
