000 (47439.449.000) 12/19 19:07:20 Job submitted from host: <155.230.20.251:9618?addrs=155.230.20.251-9618&noUDP&sock=930313_ea96_3>
...
001 (47439.449.000) 12/19 19:41:19 Job executing on host: <155.230.21.116:9618?addrs=155.230.21.116-9618&noUDP&sock=38331_74cc_3>
...
006 (47439.449.000) 12/19 19:41:27 Image size of job updated: 292900
	213  -  MemoryUsage of job (MB)
	217768  -  ResidentSetSize of job (KB)
...
006 (47439.449.000) 12/19 19:41:30 Image size of job updated: 301168
	213  -  MemoryUsage of job (MB)
	217836  -  ResidentSetSize of job (KB)
...
005 (47439.449.000) 12/19 19:41:30 Job terminated.
	(1) Normal termination (return value 0)
		Usr 0 00:00:09, Sys 0 00:00:00  -  Run Remote Usage
		Usr 0 00:00:00, Sys 0 00:00:00  -  Run Local Usage
		Usr 0 00:00:09, Sys 0 00:00:00  -  Total Remote Usage
		Usr 0 00:00:00, Sys 0 00:00:00  -  Total Local Usage
	554  -  Run Bytes Sent By Job
	10422  -  Run Bytes Received By Job
	554  -  Total Bytes Sent By Job
	10422  -  Total Bytes Received By Job
	Partitionable Resources :    Usage  Request Allocated 
	   Cpus                 :        0        1         1 
	   Disk (KB)            :       28  2048000   3709334 
	   Memory (MB)          :      213     2000      2000 
...
000 (339725.449.000) 01/29 16:03:29 Job submitted from host: <155.230.23.72:9618?addrs=155.230.23.72-9618&noUDP&sock=882541_4c40_3>
...
001 (339725.449.000) 01/29 16:43:04 Job executing on host: <155.230.21.71:9618?addrs=155.230.21.71-9618&noUDP&sock=12890_0bdc_52>
...
006 (339725.449.000) 01/29 16:43:12 Image size of job updated: 62736
	32  -  MemoryUsage of job (MB)
	32348  -  ResidentSetSize of job (KB)
...
006 (339725.449.000) 01/29 16:44:41 Image size of job updated: 241320
	32  -  MemoryUsage of job (MB)
	32348  -  ResidentSetSize of job (KB)
...
005 (339725.449.000) 01/29 16:44:41 Job terminated.
	(1) Normal termination (return value 0)
		Usr 0 00:00:16, Sys 0 00:00:06  -  Run Remote Usage
		Usr 0 00:00:00, Sys 0 00:00:00  -  Run Local Usage
		Usr 0 00:00:16, Sys 0 00:00:06  -  Total Remote Usage
		Usr 0 00:00:00, Sys 0 00:00:00  -  Total Local Usage
	719  -  Run Bytes Sent By Job
	10683  -  Run Bytes Received By Job
	719  -  Total Bytes Sent By Job
	10683  -  Total Bytes Received By Job
	Partitionable Resources :    Usage  Request Allocated 
	   Cpus                 :     0.09        1         1 
	   Disk (KB)            :    28     2048000   3824701 
	   Memory (MB)          :    32        2000      2000 
...
