000 (47439.057.000) 12/19 19:07:20 Job submitted from host: <155.230.20.251:9618?addrs=155.230.20.251-9618&noUDP&sock=930313_ea96_3>
...
001 (47439.057.000) 12/19 19:33:04 Job executing on host: <155.230.21.98:9618?addrs=155.230.21.98-9618&noUDP&sock=16526_0a37_3>
...
006 (47439.057.000) 12/19 19:33:13 Image size of job updated: 228296
	158  -  MemoryUsage of job (MB)
	161172  -  ResidentSetSize of job (KB)
...
006 (47439.057.000) 12/19 19:33:20 Image size of job updated: 291396
	158  -  MemoryUsage of job (MB)
	161172  -  ResidentSetSize of job (KB)
...
005 (47439.057.000) 12/19 19:33:20 Job terminated.
	(1) Normal termination (return value 0)
		Usr 0 00:00:10, Sys 0 00:00:01  -  Run Remote Usage
		Usr 0 00:00:00, Sys 0 00:00:00  -  Run Local Usage
		Usr 0 00:00:10, Sys 0 00:00:01  -  Total Remote Usage
		Usr 0 00:00:00, Sys 0 00:00:00  -  Total Local Usage
	554  -  Run Bytes Sent By Job
	10422  -  Run Bytes Received By Job
	554  -  Total Bytes Sent By Job
	10422  -  Total Bytes Received By Job
	Partitionable Resources :    Usage  Request Allocated 
	   Cpus                 :     0.03        1         1 
	   Disk (KB)            :    28     2048000   3676021 
	   Memory (MB)          :   158        2000      2000 
...
000 (339725.057.000) 01/29 16:03:29 Job submitted from host: <155.230.23.72:9618?addrs=155.230.23.72-9618&noUDP&sock=882541_4c40_3>
...
001 (339725.057.000) 01/29 16:35:39 Job executing on host: <155.230.21.87:9618?addrs=155.230.21.87-9618&noUDP&sock=1550_bfe2_36>
...
006 (339725.057.000) 01/29 16:35:48 Image size of job updated: 290992
	212  -  MemoryUsage of job (MB)
	216164  -  ResidentSetSize of job (KB)
...
006 (339725.057.000) 01/29 16:35:58 Image size of job updated: 317312
	212  -  MemoryUsage of job (MB)
	216164  -  ResidentSetSize of job (KB)
...
005 (339725.057.000) 01/29 16:35:58 Job terminated.
	(1) Normal termination (return value 0)
		Usr 0 00:00:08, Sys 0 00:00:03  -  Run Remote Usage
		Usr 0 00:00:00, Sys 0 00:00:00  -  Run Local Usage
		Usr 0 00:00:08, Sys 0 00:00:03  -  Total Remote Usage
		Usr 0 00:00:00, Sys 0 00:00:00  -  Total Local Usage
	718  -  Run Bytes Sent By Job
	10683  -  Run Bytes Received By Job
	718  -  Total Bytes Sent By Job
	10683  -  Total Bytes Received By Job
	Partitionable Resources :    Usage  Request Allocated 
	   Cpus                 :     1.18        1         1 
	   Disk (KB)            :    29     2048000   3787234 
	   Memory (MB)          :   212        2000      2000 
...
