000 (47439.474.000) 12/19 19:07:20 Job submitted from host: <155.230.20.251:9618?addrs=155.230.20.251-9618&noUDP&sock=930313_ea96_3>
...
001 (47439.474.000) 12/19 19:42:13 Job executing on host: <155.230.21.81:9618?addrs=155.230.21.81-9618&noUDP&sock=1515_be12_3>
...
006 (47439.474.000) 12/19 19:42:21 Image size of job updated: 301352
	220  -  MemoryUsage of job (MB)
	225120  -  ResidentSetSize of job (KB)
...
006 (47439.474.000) 12/19 19:42:22 Image size of job updated: 550332
	220  -  MemoryUsage of job (MB)
	225120  -  ResidentSetSize of job (KB)
...
005 (47439.474.000) 12/19 19:42:22 Job terminated.
	(1) Normal termination (return value 0)
		Usr 0 00:00:07, Sys 0 00:00:00  -  Run Remote Usage
		Usr 0 00:00:00, Sys 0 00:00:00  -  Run Local Usage
		Usr 0 00:00:07, Sys 0 00:00:00  -  Total Remote Usage
		Usr 0 00:00:00, Sys 0 00:00:00  -  Total Local Usage
	554  -  Run Bytes Sent By Job
	10422  -  Run Bytes Received By Job
	554  -  Total Bytes Sent By Job
	10422  -  Total Bytes Received By Job
	Partitionable Resources :    Usage  Request Allocated 
	   Cpus                 :        0        1         1 
	   Disk (KB)            :       28  2048000   3711985 
	   Memory (MB)          :      220     2000      2000 
...
000 (339725.474.000) 01/29 16:03:29 Job submitted from host: <155.230.23.72:9618?addrs=155.230.23.72-9618&noUDP&sock=882541_4c40_3>
...
001 (339725.474.000) 01/29 16:42:56 Job executing on host: <155.230.21.110:9618?addrs=155.230.21.110-9618&noUDP&sock=15413_9d4e_48>
...
006 (339725.474.000) 01/29 16:43:05 Image size of job updated: 218792
	148  -  MemoryUsage of job (MB)
	151264  -  ResidentSetSize of job (KB)
...
006 (339725.474.000) 01/29 16:43:20 Image size of job updated: 313840
	148  -  MemoryUsage of job (MB)
	151372  -  ResidentSetSize of job (KB)
...
005 (339725.474.000) 01/29 16:43:20 Job terminated.
	(1) Normal termination (return value 0)
		Usr 0 00:00:10, Sys 0 00:00:04  -  Run Remote Usage
		Usr 0 00:00:00, Sys 0 00:00:00  -  Run Local Usage
		Usr 0 00:00:10, Sys 0 00:00:04  -  Total Remote Usage
		Usr 0 00:00:00, Sys 0 00:00:00  -  Total Local Usage
	719  -  Run Bytes Sent By Job
	10683  -  Run Bytes Received By Job
	719  -  Total Bytes Sent By Job
	10683  -  Total Bytes Received By Job
	Partitionable Resources :    Usage  Request Allocated 
	   Cpus                 :        0        1         1 
	   Disk (KB)            :       28  2048000   3782143 
	   Memory (MB)          :      148     2000      2000 
...
