000 (47439.035.000) 12/19 19:07:19 Job submitted from host: <155.230.20.251:9618?addrs=155.230.20.251-9618&noUDP&sock=930313_ea96_3>
...
001 (47439.035.000) 12/19 19:32:53 Job executing on host: <155.230.21.120:9618?addrs=155.230.21.120-9618&noUDP&sock=13477_adf4_3>
...
006 (47439.035.000) 12/19 19:33:01 Image size of job updated: 286512
	209  -  MemoryUsage of job (MB)
	213560  -  ResidentSetSize of job (KB)
...
006 (47439.035.000) 12/19 19:33:05 Image size of job updated: 300804
	209  -  MemoryUsage of job (MB)
	213564  -  ResidentSetSize of job (KB)
...
005 (47439.035.000) 12/19 19:33:05 Job terminated.
	(1) Normal termination (return value 0)
		Usr 0 00:00:10, Sys 0 00:00:01  -  Run Remote Usage
		Usr 0 00:00:00, Sys 0 00:00:00  -  Run Local Usage
		Usr 0 00:00:10, Sys 0 00:00:01  -  Total Remote Usage
		Usr 0 00:00:00, Sys 0 00:00:00  -  Total Local Usage
	554  -  Run Bytes Sent By Job
	10422  -  Run Bytes Received By Job
	554  -  Total Bytes Sent By Job
	10422  -  Total Bytes Received By Job
	Partitionable Resources :    Usage  Request Allocated 
	   Cpus                 :     0.60        1         1 
	   Disk (KB)            :    28     2048000   3663831 
	   Memory (MB)          :   209        2000      2000 
...
