000 (47439.124.000) 12/19 19:07:20 Job submitted from host: <155.230.20.251:9618?addrs=155.230.20.251-9618&noUDP&sock=930313_ea96_3>
...
001 (47439.124.000) 12/19 19:34:16 Job executing on host: <155.230.21.119:9618?addrs=155.230.21.119-9618&noUDP&sock=7399_ad53_3>
...
006 (47439.124.000) 12/19 19:34:24 Image size of job updated: 286492
	210  -  MemoryUsage of job (MB)
	214172  -  ResidentSetSize of job (KB)
...
006 (47439.124.000) 12/19 19:34:28 Image size of job updated: 301912
	210  -  MemoryUsage of job (MB)
	214172  -  ResidentSetSize of job (KB)
...
005 (47439.124.000) 12/19 19:34:29 Job terminated.
	(1) Normal termination (return value 0)
		Usr 0 00:00:10, Sys 0 00:00:01  -  Run Remote Usage
		Usr 0 00:00:00, Sys 0 00:00:00  -  Run Local Usage
		Usr 0 00:00:10, Sys 0 00:00:01  -  Total Remote Usage
		Usr 0 00:00:00, Sys 0 00:00:00  -  Total Local Usage
	554  -  Run Bytes Sent By Job
	10422  -  Run Bytes Received By Job
	554  -  Total Bytes Sent By Job
	10422  -  Total Bytes Received By Job
	Partitionable Resources :    Usage  Request Allocated 
	   Cpus                 :     0.04        1         1 
	   Disk (KB)            :    28     2048000   3709467 
	   Memory (MB)          :   210        2000      2000 
...
