000 (47439.723.000) 12/19 19:07:21 Job submitted from host: <155.230.20.251:9618?addrs=155.230.20.251-9618&noUDP&sock=930313_ea96_3>
...
001 (47439.723.000) 12/19 19:47:37 Job executing on host: <155.230.21.42:9618?addrs=155.230.21.42-9618&noUDP&sock=2987_697a_3>
...
006 (47439.723.000) 12/19 19:47:45 Image size of job updated: 155148
	93  -  MemoryUsage of job (MB)
	94352  -  ResidentSetSize of job (KB)
...
006 (47439.723.000) 12/19 19:47:58 Image size of job updated: 290256
	93  -  MemoryUsage of job (MB)
	94352  -  ResidentSetSize of job (KB)
...
005 (47439.723.000) 12/19 19:47:59 Job terminated.
	(1) Normal termination (return value 0)
		Usr 0 00:00:13, Sys 0 00:00:01  -  Run Remote Usage
		Usr 0 00:00:00, Sys 0 00:00:00  -  Run Local Usage
		Usr 0 00:00:13, Sys 0 00:00:01  -  Total Remote Usage
		Usr 0 00:00:00, Sys 0 00:00:00  -  Total Local Usage
	554  -  Run Bytes Sent By Job
	10422  -  Run Bytes Received By Job
	554  -  Total Bytes Sent By Job
	10422  -  Total Bytes Received By Job
	Partitionable Resources :    Usage  Request Allocated 
	   Cpus                 :     0.04        1         1 
	   Disk (KB)            :    28     2048000   3669141 
	   Memory (MB)          :    93        2000      2000 
...
000 (339725.723.000) 01/29 16:03:30 Job submitted from host: <155.230.23.72:9618?addrs=155.230.23.72-9618&noUDP&sock=882541_4c40_3>
...
001 (339725.723.000) 01/29 16:47:51 Job executing on host: <155.230.21.33:9618?addrs=155.230.21.33-9618&noUDP&sock=18775_aab5_3>
...
006 (339725.723.000) 01/29 16:48:00 Image size of job updated: 164588
	99  -  MemoryUsage of job (MB)
	100984  -  ResidentSetSize of job (KB)
...
006 (339725.723.000) 01/29 16:48:58 Image size of job updated: 164588
	99  -  MemoryUsage of job (MB)
	101088  -  ResidentSetSize of job (KB)
...
005 (339725.723.000) 01/29 16:48:58 Job terminated.
	(1) Normal termination (return value 0)
		Usr 0 00:00:16, Sys 0 00:00:06  -  Run Remote Usage
		Usr 0 00:00:00, Sys 0 00:00:00  -  Run Local Usage
		Usr 0 00:00:16, Sys 0 00:00:06  -  Total Remote Usage
		Usr 0 00:00:00, Sys 0 00:00:00  -  Total Local Usage
	719  -  Run Bytes Sent By Job
	10683  -  Run Bytes Received By Job
	719  -  Total Bytes Sent By Job
	10683  -  Total Bytes Received By Job
	Partitionable Resources :    Usage  Request Allocated 
	   Cpus                 :     0.14        1         1 
	   Disk (KB)            :    29     2048000   3679636 
	   Memory (MB)          :    99        2000      2000 
...
