000 (47439.711.000) 12/19 19:07:21 Job submitted from host: <155.230.20.251:9618?addrs=155.230.20.251-9618&noUDP&sock=930313_ea96_3>
...
001 (47439.711.000) 12/19 19:47:19 Job executing on host: <155.230.21.107:9618?addrs=155.230.21.107-9618&noUDP&sock=27177_bd70_3>
...
006 (47439.711.000) 12/19 19:47:27 Image size of job updated: 301680
	221  -  MemoryUsage of job (MB)
	225448  -  ResidentSetSize of job (KB)
...
006 (47439.711.000) 12/19 19:47:29 Image size of job updated: 301684
	221  -  MemoryUsage of job (MB)
	225448  -  ResidentSetSize of job (KB)
...
005 (47439.711.000) 12/19 19:47:29 Job terminated.
	(1) Normal termination (return value 0)
		Usr 0 00:00:08, Sys 0 00:00:00  -  Run Remote Usage
		Usr 0 00:00:00, Sys 0 00:00:00  -  Run Local Usage
		Usr 0 00:00:08, Sys 0 00:00:00  -  Total Remote Usage
		Usr 0 00:00:00, Sys 0 00:00:00  -  Total Local Usage
	554  -  Run Bytes Sent By Job
	10422  -  Run Bytes Received By Job
	554  -  Total Bytes Sent By Job
	10422  -  Total Bytes Received By Job
	Partitionable Resources :    Usage  Request Allocated 
	   Cpus                 :        0        1         1 
	   Disk (KB)            :       28  2048000   3710161 
	   Memory (MB)          :      221     2000      2000 
...
000 (339725.711.000) 01/29 16:03:30 Job submitted from host: <155.230.23.72:9618?addrs=155.230.23.72-9618&noUDP&sock=882541_4c40_3>
...
001 (339725.711.000) 01/29 16:47:04 Job executing on host: <155.230.21.114:9618?addrs=155.230.21.114-9618&noUDP&sock=22699_3457_47>
...
006 (339725.711.000) 01/29 16:47:13 Image size of job updated: 290988
	212  -  MemoryUsage of job (MB)
	216160  -  ResidentSetSize of job (KB)
...
006 (339725.711.000) 01/29 16:47:25 Image size of job updated: 315584
	212  -  MemoryUsage of job (MB)
	216160  -  ResidentSetSize of job (KB)
...
005 (339725.711.000) 01/29 16:47:25 Job terminated.
	(1) Normal termination (return value 0)
		Usr 0 00:00:10, Sys 0 00:00:04  -  Run Remote Usage
		Usr 0 00:00:00, Sys 0 00:00:00  -  Run Local Usage
		Usr 0 00:00:10, Sys 0 00:00:04  -  Total Remote Usage
		Usr 0 00:00:00, Sys 0 00:00:00  -  Total Local Usage
	719  -  Run Bytes Sent By Job
	10683  -  Run Bytes Received By Job
	719  -  Total Bytes Sent By Job
	10683  -  Total Bytes Received By Job
	Partitionable Resources :    Usage  Request Allocated 
	   Cpus                 :        0        1         1 
	   Disk (KB)            :       28  2048000   3693499 
	   Memory (MB)          :      212     2000      2000 
...
