000 (47439.485.000) 12/19 19:07:20 Job submitted from host: <155.230.20.251:9618?addrs=155.230.20.251-9618&noUDP&sock=930313_ea96_3>
...
001 (47439.485.000) 12/19 19:42:19 Job executing on host: <155.230.21.121:9618?addrs=155.230.21.121-9618&noUDP&sock=28110_b34c_3>
...
006 (47439.485.000) 12/19 19:42:27 Image size of job updated: 298428
	218  -  MemoryUsage of job (MB)
	222388  -  ResidentSetSize of job (KB)
...
006 (47439.485.000) 12/19 19:42:29 Image size of job updated: 550368
	218  -  MemoryUsage of job (MB)
	222388  -  ResidentSetSize of job (KB)
...
005 (47439.485.000) 12/19 19:42:29 Job terminated.
	(1) Normal termination (return value 0)
		Usr 0 00:00:08, Sys 0 00:00:00  -  Run Remote Usage
		Usr 0 00:00:00, Sys 0 00:00:00  -  Run Local Usage
		Usr 0 00:00:08, Sys 0 00:00:00  -  Total Remote Usage
		Usr 0 00:00:00, Sys 0 00:00:00  -  Total Local Usage
	554  -  Run Bytes Sent By Job
	10422  -  Run Bytes Received By Job
	554  -  Total Bytes Sent By Job
	10422  -  Total Bytes Received By Job
	Partitionable Resources :    Usage  Request Allocated 
	   Cpus                 :        0        1         1 
	   Disk (KB)            :       28  2048000   3709756 
	   Memory (MB)          :      218     2000      2000 
...
000 (339725.485.000) 01/29 16:03:29 Job submitted from host: <155.230.23.72:9618?addrs=155.230.23.72-9618&noUDP&sock=882541_4c40_3>
...
001 (339725.485.000) 01/29 16:43:00 Job executing on host: <155.230.21.85:9618?addrs=155.230.21.85-9618&noUDP&sock=1521_dba3_36>
...
006 (339725.485.000) 01/29 16:43:09 Image size of job updated: 300964
	220  -  MemoryUsage of job (MB)
	224436  -  ResidentSetSize of job (KB)
...
006 (339725.485.000) 01/29 16:43:15 Image size of job updated: 315932
	220  -  MemoryUsage of job (MB)
	224436  -  ResidentSetSize of job (KB)
...
005 (339725.485.000) 01/29 16:43:15 Job terminated.
	(1) Normal termination (return value 0)
		Usr 0 00:00:08, Sys 0 00:00:03  -  Run Remote Usage
		Usr 0 00:00:00, Sys 0 00:00:00  -  Run Local Usage
		Usr 0 00:00:08, Sys 0 00:00:03  -  Total Remote Usage
		Usr 0 00:00:00, Sys 0 00:00:00  -  Total Local Usage
	719  -  Run Bytes Sent By Job
	10683  -  Run Bytes Received By Job
	719  -  Total Bytes Sent By Job
	10683  -  Total Bytes Received By Job
	Partitionable Resources :    Usage  Request Allocated 
	   Cpus                 :     1.14        1         1 
	   Disk (KB)            :    28     2048000   3784116 
	   Memory (MB)          :   220        2000      2000 
...
