000 (47439.036.000) 12/19 19:07:19 Job submitted from host: <155.230.20.251:9618?addrs=155.230.20.251-9618&noUDP&sock=930313_ea96_3>
...
001 (47439.036.000) 12/19 19:32:53 Job executing on host: <155.230.21.119:9618?addrs=155.230.21.119-9618&noUDP&sock=7399_ad53_3>
...
006 (47439.036.000) 12/19 19:33:01 Image size of job updated: 287208
	209  -  MemoryUsage of job (MB)
	213480  -  ResidentSetSize of job (KB)
...
006 (47439.036.000) 12/19 19:33:05 Image size of job updated: 302540
	209  -  MemoryUsage of job (MB)
	213480  -  ResidentSetSize of job (KB)
...
005 (47439.036.000) 12/19 19:33:05 Job terminated.
	(1) Normal termination (return value 0)
		Usr 0 00:00:10, Sys 0 00:00:01  -  Run Remote Usage
		Usr 0 00:00:00, Sys 0 00:00:00  -  Run Local Usage
		Usr 0 00:00:10, Sys 0 00:00:01  -  Total Remote Usage
		Usr 0 00:00:00, Sys 0 00:00:00  -  Total Local Usage
	554  -  Run Bytes Sent By Job
	10422  -  Run Bytes Received By Job
	554  -  Total Bytes Sent By Job
	10422  -  Total Bytes Received By Job
	Partitionable Resources :    Usage  Request Allocated 
	   Cpus                 :     0.86        1         1 
	   Disk (KB)            :    28     2048000   3709467 
	   Memory (MB)          :   209        2000      2000 
...
000 (339725.036.000) 01/29 16:03:29 Job submitted from host: <155.230.23.72:9618?addrs=155.230.23.72-9618&noUDP&sock=882541_4c40_3>
...
001 (339725.036.000) 01/29 16:35:31 Job executing on host: <155.230.21.37:9618?addrs=155.230.21.37-9618&noUDP&sock=9467_272d_3>
...
006 (339725.036.000) 01/29 16:35:39 Image size of job updated: 121104
	68  -  MemoryUsage of job (MB)
	69492  -  ResidentSetSize of job (KB)
...
006 (339725.036.000) 01/29 16:36:45 Image size of job updated: 121104
	68  -  MemoryUsage of job (MB)
	69516  -  ResidentSetSize of job (KB)
...
005 (339725.036.000) 01/29 16:36:45 Job terminated.
	(1) Normal termination (return value 0)
		Usr 0 00:00:16, Sys 0 00:00:05  -  Run Remote Usage
		Usr 0 00:00:00, Sys 0 00:00:00  -  Run Local Usage
		Usr 0 00:00:16, Sys 0 00:00:05  -  Total Remote Usage
		Usr 0 00:00:00, Sys 0 00:00:00  -  Total Local Usage
	718  -  Run Bytes Sent By Job
	10683  -  Run Bytes Received By Job
	718  -  Total Bytes Sent By Job
	10683  -  Total Bytes Received By Job
	Partitionable Resources :    Usage  Request Allocated 
	   Cpus                 :     0.08        1         1 
	   Disk (KB)            :    29     2048000   3669742 
	   Memory (MB)          :    68        2000      2000 
...
