000 (47439.799.000) 12/19 19:07:21 Job submitted from host: <155.230.20.251:9618?addrs=155.230.20.251-9618&noUDP&sock=930313_ea96_3>
...
001 (47439.799.000) 12/19 19:48:29 Job executing on host: <155.230.21.106:9618?addrs=155.230.21.106-9618&noUDP&sock=23306_8e53_3>
...
006 (47439.799.000) 12/19 19:48:37 Image size of job updated: 301232
	220  -  MemoryUsage of job (MB)
	225000  -  ResidentSetSize of job (KB)
...
005 (47439.799.000) 12/19 19:48:39 Job terminated.
	(1) Normal termination (return value 0)
		Usr 0 00:00:08, Sys 0 00:00:00  -  Run Remote Usage
		Usr 0 00:00:00, Sys 0 00:00:00  -  Run Local Usage
		Usr 0 00:00:08, Sys 0 00:00:00  -  Total Remote Usage
		Usr 0 00:00:00, Sys 0 00:00:00  -  Total Local Usage
	554  -  Run Bytes Sent By Job
	10422  -  Run Bytes Received By Job
	554  -  Total Bytes Sent By Job
	10422  -  Total Bytes Received By Job
	Partitionable Resources :    Usage  Request Allocated 
	   Cpus                 :        0        1         1 
	   Disk (KB)            :       28  2048000   3709606 
	   Memory (MB)          :      220     2000      2000 
...
000 (339725.799.000) 01/29 16:03:30 Job submitted from host: <155.230.23.72:9618?addrs=155.230.23.72-9618&noUDP&sock=882541_4c40_3>
...
001 (339725.799.000) 01/29 16:48:59 Job executing on host: <155.230.21.86:9618?addrs=155.230.21.86-9618&noUDP&sock=20085_37c6_47>
...
006 (339725.799.000) 01/29 16:49:07 Image size of job updated: 300948
	220  -  MemoryUsage of job (MB)
	224420  -  ResidentSetSize of job (KB)
...
006 (339725.799.000) 01/29 16:49:16 Image size of job updated: 310672
	220  -  MemoryUsage of job (MB)
	224420  -  ResidentSetSize of job (KB)
...
005 (339725.799.000) 01/29 16:49:16 Job terminated.
	(1) Normal termination (return value 0)
		Usr 0 00:00:08, Sys 0 00:00:03  -  Run Remote Usage
		Usr 0 00:00:00, Sys 0 00:00:00  -  Run Local Usage
		Usr 0 00:00:08, Sys 0 00:00:03  -  Total Remote Usage
		Usr 0 00:00:00, Sys 0 00:00:00  -  Total Local Usage
	719  -  Run Bytes Sent By Job
	10683  -  Run Bytes Received By Job
	719  -  Total Bytes Sent By Job
	10683  -  Total Bytes Received By Job
	Partitionable Resources :    Usage  Request Allocated 
	   Cpus                 :        0        1         1 
	   Disk (KB)            :       28  2048000   3827117 
	   Memory (MB)          :      220     2000      2000 
...
