000 (47439.689.000) 12/19 19:07:21 Job submitted from host: <155.230.20.251:9618?addrs=155.230.20.251-9618&noUDP&sock=930313_ea96_3>
...
001 (47439.689.000) 12/19 19:47:10 Job executing on host: <155.230.21.94:9618?addrs=155.230.21.94-9618&noUDP&sock=10639_0c2d_3>
...
006 (47439.689.000) 12/19 19:47:18 Image size of job updated: 302000
	221  -  MemoryUsage of job (MB)
	225768  -  ResidentSetSize of job (KB)
...
006 (47439.689.000) 12/19 19:47:19 Image size of job updated: 302700
	221  -  MemoryUsage of job (MB)
	225768  -  ResidentSetSize of job (KB)
...
005 (47439.689.000) 12/19 19:47:19 Job terminated.
	(1) Normal termination (return value 0)
		Usr 0 00:00:07, Sys 0 00:00:00  -  Run Remote Usage
		Usr 0 00:00:00, Sys 0 00:00:00  -  Run Local Usage
		Usr 0 00:00:07, Sys 0 00:00:00  -  Total Remote Usage
		Usr 0 00:00:00, Sys 0 00:00:00  -  Total Local Usage
	554  -  Run Bytes Sent By Job
	10422  -  Run Bytes Received By Job
	554  -  Total Bytes Sent By Job
	10422  -  Total Bytes Received By Job
	Partitionable Resources :    Usage  Request Allocated 
	   Cpus                 :        0        1         1 
	   Disk (KB)            :       28  2048000   3709486 
	   Memory (MB)          :      221     2000      2000 
...
