000 (47439.004.000) 12/19 19:07:19 Job submitted from host: <155.230.20.251:9618?addrs=155.230.20.251-9618&noUDP&sock=930313_ea96_3>
...
001 (47439.004.000) 12/19 19:32:39 Job executing on host: <155.230.21.126:9618?addrs=155.230.21.126-9618&noUDP&sock=27949_448d_3>
...
006 (47439.004.000) 12/19 19:32:47 Image size of job updated: 301620
	221  -  MemoryUsage of job (MB)
	225384  -  ResidentSetSize of job (KB)
...
006 (47439.004.000) 12/19 19:32:48 Image size of job updated: 305204
	221  -  MemoryUsage of job (MB)
	225384  -  ResidentSetSize of job (KB)
...
005 (47439.004.000) 12/19 19:32:48 Job terminated.
	(1) Normal termination (return value 0)
		Usr 0 00:00:07, Sys 0 00:00:00  -  Run Remote Usage
		Usr 0 00:00:00, Sys 0 00:00:00  -  Run Local Usage
		Usr 0 00:00:07, Sys 0 00:00:00  -  Total Remote Usage
		Usr 0 00:00:00, Sys 0 00:00:00  -  Total Local Usage
	554  -  Run Bytes Sent By Job
	10422  -  Run Bytes Received By Job
	554  -  Total Bytes Sent By Job
	10422  -  Total Bytes Received By Job
	Partitionable Resources :    Usage  Request Allocated 
	   Cpus                 :     0.03        1         1 
	   Disk (KB)            :    28     2048000   3652507 
	   Memory (MB)          :   221        2000      2000 
...
000 (336702.004.000) 01/28 15:24:14 Job submitted from host: <155.230.23.72:9618?addrs=155.230.23.72-9618&noUDP&sock=882541_4c40_3>
...
001 (336702.004.000) 01/28 15:24:30 Job executing on host: <155.230.21.42:9618?addrs=155.230.21.42-9618&noUDP&sock=2987_697a_3>
...
006 (336702.004.000) 01/28 15:24:39 Image size of job updated: 58704
	27  -  MemoryUsage of job (MB)
	26668  -  ResidentSetSize of job (KB)
...
006 (336702.004.000) 01/28 15:27:21 Image size of job updated: 58704
	27  -  MemoryUsage of job (MB)
	26712  -  ResidentSetSize of job (KB)
...
005 (336702.004.000) 01/28 15:27:21 Job terminated.
	(1) Normal termination (return value 0)
		Usr 0 00:02:00, Sys 0 00:00:08  -  Run Remote Usage
		Usr 0 00:00:00, Sys 0 00:00:00  -  Run Local Usage
		Usr 0 00:02:00, Sys 0 00:00:08  -  Total Remote Usage
		Usr 0 00:00:00, Sys 0 00:00:00  -  Total Local Usage
	748  -  Run Bytes Sent By Job
	10580  -  Run Bytes Received By Job
	748  -  Total Bytes Sent By Job
	10580  -  Total Bytes Received By Job
	Partitionable Resources :    Usage  Request Allocated 
	   Cpus                 :     0.97        1         1 
	   Disk (KB)            :    29     2048000   3669141 
	   Memory (MB)          :    27        2000      2000 
...
000 (339711.004.000) 01/29 14:36:13 Job submitted from host: <155.230.23.72:9618?addrs=155.230.23.72-9618&noUDP&sock=882541_4c40_3>
...
001 (339711.004.000) 01/29 14:36:31 Job executing on host: <155.230.21.74:9618?addrs=155.230.21.74-9618&noUDP&sock=27134_3edd_3>
...
006 (339711.004.000) 01/29 14:36:39 Image size of job updated: 109752
	68  -  MemoryUsage of job (MB)
	69232  -  ResidentSetSize of job (KB)
...
006 (339711.004.000) 01/29 14:40:09 Image size of job updated: 109752
	68  -  MemoryUsage of job (MB)
	69280  -  ResidentSetSize of job (KB)
...
005 (339711.004.000) 01/29 14:40:09 Job terminated.
	(1) Normal termination (return value 0)
		Usr 0 00:02:00, Sys 0 00:00:07  -  Run Remote Usage
		Usr 0 00:00:00, Sys 0 00:00:00  -  Run Local Usage
		Usr 0 00:02:00, Sys 0 00:00:07  -  Total Remote Usage
		Usr 0 00:00:00, Sys 0 00:00:00  -  Total Local Usage
	748  -  Run Bytes Sent By Job
	10556  -  Run Bytes Received By Job
	748  -  Total Bytes Sent By Job
	10556  -  Total Bytes Received By Job
	Partitionable Resources :    Usage  Request Allocated 
	   Cpus                 :     0.80        1         1 
	   Disk (KB)            :    28     2048000   3665303 
	   Memory (MB)          :    68        2000      2000 
...
000 (339715.004.000) 01/29 15:15:47 Job submitted from host: <155.230.23.72:9618?addrs=155.230.23.72-9618&noUDP&sock=882541_4c40_3>
...
001 (339715.004.000) 01/29 15:16:11 Job executing on host: <155.230.21.38:9618?addrs=155.230.21.38-9618&noUDP&sock=22636_fddf_3>
...
006 (339715.004.000) 01/29 15:16:19 Image size of job updated: 28624
	13  -  MemoryUsage of job (MB)
	12648  -  ResidentSetSize of job (KB)
...
006 (339715.004.000) 01/29 15:19:56 Image size of job updated: 311196
	13  -  MemoryUsage of job (MB)
	12980  -  ResidentSetSize of job (KB)
...
005 (339715.004.000) 01/29 15:19:56 Job terminated.
	(1) Normal termination (return value 0)
		Usr 0 00:02:00, Sys 0 00:00:08  -  Run Remote Usage
		Usr 0 00:00:00, Sys 0 00:00:00  -  Run Local Usage
		Usr 0 00:02:00, Sys 0 00:00:08  -  Total Remote Usage
		Usr 0 00:00:00, Sys 0 00:00:00  -  Total Local Usage
	748  -  Run Bytes Sent By Job
	10556  -  Run Bytes Received By Job
	748  -  Total Bytes Sent By Job
	10556  -  Total Bytes Received By Job
	Partitionable Resources :    Usage  Request Allocated 
	   Cpus                 :        0        1         1 
	   Disk (KB)            :       28  2048000   3666180 
	   Memory (MB)          :       13     2000      2000 
...
000 (339725.004.000) 01/29 16:03:29 Job submitted from host: <155.230.23.72:9618?addrs=155.230.23.72-9618&noUDP&sock=882541_4c40_3>
...
001 (339725.004.000) 01/29 16:34:37 Job executing on host: <155.230.21.87:9618?addrs=155.230.21.87-9618&noUDP&sock=1550_bfe2_36>
...
006 (339725.004.000) 01/29 16:34:47 Image size of job updated: 303452
	222  -  MemoryUsage of job (MB)
	226924  -  ResidentSetSize of job (KB)
...
006 (339725.004.000) 01/29 16:34:52 Image size of job updated: 1543272
	222  -  MemoryUsage of job (MB)
	226924  -  ResidentSetSize of job (KB)
...
005 (339725.004.000) 01/29 16:34:52 Job terminated.
	(1) Normal termination (return value 0)
		Usr 0 00:00:08, Sys 0 00:00:03  -  Run Remote Usage
		Usr 0 00:00:00, Sys 0 00:00:00  -  Run Local Usage
		Usr 0 00:00:08, Sys 0 00:00:03  -  Total Remote Usage
		Usr 0 00:00:00, Sys 0 00:00:00  -  Total Local Usage
	717  -  Run Bytes Sent By Job
	10683  -  Run Bytes Received By Job
	717  -  Total Bytes Sent By Job
	10683  -  Total Bytes Received By Job
	Partitionable Resources :    Usage  Request Allocated 
	   Cpus                 :        0        1         1 
	   Disk (KB)            :       28  2048000   3787234 
	   Memory (MB)          :      222     2000      2000 
...
