000 (47439.738.000) 12/19 19:07:21 Job submitted from host: <155.230.20.251:9618?addrs=155.230.20.251-9618&noUDP&sock=930313_ea96_3>
...
001 (47439.738.000) 12/19 19:47:43 Job executing on host: <155.230.21.82:9618?addrs=155.230.21.82-9618&noUDP&sock=1520_2c0b_3>
...
006 (47439.738.000) 12/19 19:47:51 Image size of job updated: 299728
	219  -  MemoryUsage of job (MB)
	223496  -  ResidentSetSize of job (KB)
...
006 (47439.738.000) 12/19 19:47:53 Image size of job updated: 299872
	219  -  MemoryUsage of job (MB)
	223496  -  ResidentSetSize of job (KB)
...
005 (47439.738.000) 12/19 19:47:53 Job terminated.
	(1) Normal termination (return value 0)
		Usr 0 00:00:07, Sys 0 00:00:00  -  Run Remote Usage
		Usr 0 00:00:00, Sys 0 00:00:00  -  Run Local Usage
		Usr 0 00:00:07, Sys 0 00:00:00  -  Total Remote Usage
		Usr 0 00:00:00, Sys 0 00:00:00  -  Total Local Usage
	554  -  Run Bytes Sent By Job
	10422  -  Run Bytes Received By Job
	554  -  Total Bytes Sent By Job
	10422  -  Total Bytes Received By Job
	Partitionable Resources :    Usage  Request Allocated 
	   Cpus                 :        0        1         1 
	   Disk (KB)            :       28  2048000   3711920 
	   Memory (MB)          :      219     2000      2000 
...
000 (339725.738.000) 01/29 16:03:30 Job submitted from host: <155.230.23.72:9618?addrs=155.230.23.72-9618&noUDP&sock=882541_4c40_3>
...
001 (339725.738.000) 01/29 16:47:56 Job executing on host: <155.230.21.108:9618?addrs=155.230.21.108-9618&noUDP&sock=779_e85d_48>
...
006 (339725.738.000) 01/29 16:48:05 Image size of job updated: 300232
	219  -  MemoryUsage of job (MB)
	223732  -  ResidentSetSize of job (KB)
...
006 (339725.738.000) 01/29 16:48:15 Image size of job updated: 1546020
	221  -  MemoryUsage of job (MB)
	225804  -  ResidentSetSize of job (KB)
...
005 (339725.738.000) 01/29 16:48:15 Job terminated.
	(1) Normal termination (return value 0)
		Usr 0 00:00:10, Sys 0 00:00:04  -  Run Remote Usage
		Usr 0 00:00:00, Sys 0 00:00:00  -  Run Local Usage
		Usr 0 00:00:10, Sys 0 00:00:04  -  Total Remote Usage
		Usr 0 00:00:00, Sys 0 00:00:00  -  Total Local Usage
	719  -  Run Bytes Sent By Job
	10683  -  Run Bytes Received By Job
	719  -  Total Bytes Sent By Job
	10683  -  Total Bytes Received By Job
	Partitionable Resources :    Usage  Request Allocated 
	   Cpus                 :        0        1         1 
	   Disk (KB)            :       28  2048000   3842793 
	   Memory (MB)          :      221     2000      2000 
...
