000 (47439.676.000) 12/19 19:07:21 Job submitted from host: <155.230.20.251:9618?addrs=155.230.20.251-9618&noUDP&sock=930313_ea96_3>
...
001 (47439.676.000) 12/19 19:47:17 Job executing on host: <155.230.21.35:9618?addrs=155.230.21.35-9618&noUDP&sock=11940_6ce3_3>
...
006 (47439.676.000) 12/19 19:47:25 Image size of job updated: 111264
	63  -  MemoryUsage of job (MB)
	64216  -  ResidentSetSize of job (KB)
...
006 (47439.676.000) 12/19 19:47:46 Image size of job updated: 300680
	63  -  MemoryUsage of job (MB)
	64216  -  ResidentSetSize of job (KB)
...
005 (47439.676.000) 12/19 19:47:47 Job terminated.
	(1) Normal termination (return value 0)
		Usr 0 00:00:14, Sys 0 00:00:01  -  Run Remote Usage
		Usr 0 00:00:00, Sys 0 00:00:00  -  Run Local Usage
		Usr 0 00:00:14, Sys 0 00:00:01  -  Total Remote Usage
		Usr 0 00:00:00, Sys 0 00:00:00  -  Total Local Usage
	554  -  Run Bytes Sent By Job
	10422  -  Run Bytes Received By Job
	554  -  Total Bytes Sent By Job
	10422  -  Total Bytes Received By Job
	Partitionable Resources :    Usage  Request Allocated 
	   Cpus                 :     0.03        1         1 
	   Disk (KB)            :    28     2048000   3689027 
	   Memory (MB)          :    63        2000      2000 
...
