000 (47439.148.000) 12/19 19:07:20 Job submitted from host: <155.230.20.251:9618?addrs=155.230.20.251-9618&noUDP&sock=930313_ea96_3>
...
001 (47439.148.000) 12/19 19:35:07 Job executing on host: <155.230.21.89:9618?addrs=155.230.21.89-9618&noUDP&sock=1545_51e9_3>
...
006 (47439.148.000) 12/19 19:35:15 Image size of job updated: 287588
	209  -  MemoryUsage of job (MB)
	213576  -  ResidentSetSize of job (KB)
...
006 (47439.148.000) 12/19 19:35:18 Image size of job updated: 300796
	209  -  MemoryUsage of job (MB)
	213576  -  ResidentSetSize of job (KB)
...
005 (47439.148.000) 12/19 19:35:18 Job terminated.
	(1) Normal termination (return value 0)
		Usr 0 00:00:07, Sys 0 00:00:00  -  Run Remote Usage
		Usr 0 00:00:00, Sys 0 00:00:00  -  Run Local Usage
		Usr 0 00:00:07, Sys 0 00:00:00  -  Total Remote Usage
		Usr 0 00:00:00, Sys 0 00:00:00  -  Total Local Usage
	554  -  Run Bytes Sent By Job
	10422  -  Run Bytes Received By Job
	554  -  Total Bytes Sent By Job
	10422  -  Total Bytes Received By Job
	Partitionable Resources :    Usage  Request Allocated 
	   Cpus                 :        0        1         1 
	   Disk (KB)            :       28  2048000   3564277 
	   Memory (MB)          :      209     2000      2000 
...
000 (339725.148.000) 01/29 16:03:29 Job submitted from host: <155.230.23.72:9618?addrs=155.230.23.72-9618&noUDP&sock=882541_4c40_3>
...
001 (339725.148.000) 01/29 16:37:32 Job executing on host: <155.230.21.100:9618?addrs=155.230.21.100-9618&noUDP&sock=9525_efac_48>
...
006 (339725.148.000) 01/29 16:37:40 Image size of job updated: 266880
	191  -  MemoryUsage of job (MB)
	195136  -  ResidentSetSize of job (KB)
...
006 (339725.148.000) 01/29 16:37:53 Image size of job updated: 316900
	191  -  MemoryUsage of job (MB)
	195228  -  ResidentSetSize of job (KB)
...
005 (339725.148.000) 01/29 16:37:53 Job terminated.
	(1) Normal termination (return value 0)
		Usr 0 00:00:12, Sys 0 00:00:04  -  Run Remote Usage
		Usr 0 00:00:00, Sys 0 00:00:00  -  Run Local Usage
		Usr 0 00:00:12, Sys 0 00:00:04  -  Total Remote Usage
		Usr 0 00:00:00, Sys 0 00:00:00  -  Total Local Usage
	719  -  Run Bytes Sent By Job
	10683  -  Run Bytes Received By Job
	719  -  Total Bytes Sent By Job
	10683  -  Total Bytes Received By Job
	Partitionable Resources :    Usage  Request Allocated 
	   Cpus                 :        0        1         1 
	   Disk (KB)            :       28  2048000   3785181 
	   Memory (MB)          :      191     2000      2000 
...
