000 (47439.309.000) 12/19 19:07:20 Job submitted from host: <155.230.20.251:9618?addrs=155.230.20.251-9618&noUDP&sock=930313_ea96_3>
...
001 (47439.309.000) 12/19 19:38:17 Job executing on host: <155.230.21.122:9618?addrs=155.230.21.122-9618&noUDP&sock=8358_78a6_3>
...
006 (47439.309.000) 12/19 19:38:25 Image size of job updated: 285316
	209  -  MemoryUsage of job (MB)
	212996  -  ResidentSetSize of job (KB)
...
006 (47439.309.000) 12/19 19:38:30 Image size of job updated: 289960
	209  -  MemoryUsage of job (MB)
	212996  -  ResidentSetSize of job (KB)
...
005 (47439.309.000) 12/19 19:38:30 Job terminated.
	(1) Normal termination (return value 0)
		Usr 0 00:00:10, Sys 0 00:00:01  -  Run Remote Usage
		Usr 0 00:00:00, Sys 0 00:00:00  -  Run Local Usage
		Usr 0 00:00:10, Sys 0 00:00:01  -  Total Remote Usage
		Usr 0 00:00:00, Sys 0 00:00:00  -  Total Local Usage
	554  -  Run Bytes Sent By Job
	10422  -  Run Bytes Received By Job
	554  -  Total Bytes Sent By Job
	10422  -  Total Bytes Received By Job
	Partitionable Resources :    Usage  Request Allocated 
	   Cpus                 :        0        1         1 
	   Disk (KB)            :       28  2048000   3709702 
	   Memory (MB)          :      209     2000      2000 
...
000 (339725.309.000) 01/29 16:03:29 Job submitted from host: <155.230.23.72:9618?addrs=155.230.23.72-9618&noUDP&sock=882541_4c40_3>
...
001 (339725.309.000) 01/29 16:39:53 Job executing on host: <155.230.21.92:9618?addrs=155.230.21.92-9618&noUDP&sock=30767_2e6f_50>
...
006 (339725.309.000) 01/29 16:40:02 Image size of job updated: 304228
	223  -  MemoryUsage of job (MB)
	227700  -  ResidentSetSize of job (KB)
...
006 (339725.309.000) 01/29 16:40:08 Image size of job updated: 316784
	223  -  MemoryUsage of job (MB)
	227700  -  ResidentSetSize of job (KB)
...
005 (339725.309.000) 01/29 16:40:08 Job terminated.
	(1) Normal termination (return value 0)
		Usr 0 00:00:08, Sys 0 00:00:03  -  Run Remote Usage
		Usr 0 00:00:00, Sys 0 00:00:00  -  Run Local Usage
		Usr 0 00:00:08, Sys 0 00:00:03  -  Total Remote Usage
		Usr 0 00:00:00, Sys 0 00:00:00  -  Total Local Usage
	719  -  Run Bytes Sent By Job
	10683  -  Run Bytes Received By Job
	719  -  Total Bytes Sent By Job
	10683  -  Total Bytes Received By Job
	Partitionable Resources :    Usage  Request Allocated 
	   Cpus                 :        0        1         1 
	   Disk (KB)            :       28  2048000   3842821 
	   Memory (MB)          :      223     2000      2000 
...
