000 (47439.730.000) 12/19 19:07:21 Job submitted from host: <155.230.20.251:9618?addrs=155.230.20.251-9618&noUDP&sock=930313_ea96_3>
...
001 (47439.730.000) 12/19 19:47:40 Job executing on host: <155.230.21.98:9618?addrs=155.230.21.98-9618&noUDP&sock=16526_0a37_3>
...
006 (47439.730.000) 12/19 19:47:48 Image size of job updated: 287708
	210  -  MemoryUsage of job (MB)
	214888  -  ResidentSetSize of job (KB)
...
006 (47439.730.000) 12/19 19:47:52 Image size of job updated: 287732
	210  -  MemoryUsage of job (MB)
	214892  -  ResidentSetSize of job (KB)
...
005 (47439.730.000) 12/19 19:47:53 Job terminated.
	(1) Normal termination (return value 0)
		Usr 0 00:00:10, Sys 0 00:00:01  -  Run Remote Usage
		Usr 0 00:00:00, Sys 0 00:00:00  -  Run Local Usage
		Usr 0 00:00:10, Sys 0 00:00:01  -  Total Remote Usage
		Usr 0 00:00:00, Sys 0 00:00:00  -  Total Local Usage
	554  -  Run Bytes Sent By Job
	10422  -  Run Bytes Received By Job
	554  -  Total Bytes Sent By Job
	10422  -  Total Bytes Received By Job
	Partitionable Resources :    Usage  Request Allocated 
	   Cpus                 :        0        1         1 
	   Disk (KB)            :       28  2048000   3676021 
	   Memory (MB)          :      210     2000      2000 
...
000 (339725.730.000) 01/29 16:03:30 Job submitted from host: <155.230.23.72:9618?addrs=155.230.23.72-9618&noUDP&sock=882541_4c40_3>
...
001 (339725.730.000) 01/29 16:47:52 Job executing on host: <155.230.21.100:9618?addrs=155.230.21.100-9618&noUDP&sock=9525_efac_48>
...
006 (339725.730.000) 01/29 16:48:01 Image size of job updated: 289240
	211  -  MemoryUsage of job (MB)
	215812  -  ResidentSetSize of job (KB)
...
006 (339725.730.000) 01/29 16:48:19 Image size of job updated: 318904
	211  -  MemoryUsage of job (MB)
	215812  -  ResidentSetSize of job (KB)
...
005 (339725.730.000) 01/29 16:48:19 Job terminated.
	(1) Normal termination (return value 0)
		Usr 0 00:00:12, Sys 0 00:00:04  -  Run Remote Usage
		Usr 0 00:00:00, Sys 0 00:00:00  -  Run Local Usage
		Usr 0 00:00:12, Sys 0 00:00:04  -  Total Remote Usage
		Usr 0 00:00:00, Sys 0 00:00:00  -  Total Local Usage
	719  -  Run Bytes Sent By Job
	10683  -  Run Bytes Received By Job
	719  -  Total Bytes Sent By Job
	10683  -  Total Bytes Received By Job
	Partitionable Resources :    Usage  Request Allocated 
	   Cpus                 :        0        1         1 
	   Disk (KB)            :       28  2048000   3785181 
	   Memory (MB)          :      211     2000      2000 
...
