000 (47439.635.000) 12/19 19:07:21 Job submitted from host: <155.230.20.251:9618?addrs=155.230.20.251-9618&noUDP&sock=930313_ea96_3>
...
001 (47439.635.000) 12/19 19:46:04 Job executing on host: <155.230.21.42:9618?addrs=155.230.21.42-9618&noUDP&sock=2987_697a_3>
...
006 (47439.635.000) 12/19 19:46:13 Image size of job updated: 75028
	52  -  MemoryUsage of job (MB)
	52828  -  ResidentSetSize of job (KB)
...
006 (47439.635.000) 12/19 19:46:31 Image size of job updated: 300716
	52  -  MemoryUsage of job (MB)
	52828  -  ResidentSetSize of job (KB)
...
005 (47439.635.000) 12/19 19:46:31 Job terminated.
	(1) Normal termination (return value 0)
		Usr 0 00:00:13, Sys 0 00:00:01  -  Run Remote Usage
		Usr 0 00:00:00, Sys 0 00:00:00  -  Run Local Usage
		Usr 0 00:00:13, Sys 0 00:00:01  -  Total Remote Usage
		Usr 0 00:00:00, Sys 0 00:00:00  -  Total Local Usage
	554  -  Run Bytes Sent By Job
	10422  -  Run Bytes Received By Job
	554  -  Total Bytes Sent By Job
	10422  -  Total Bytes Received By Job
	Partitionable Resources :    Usage  Request Allocated 
	   Cpus                 :        0        1         1 
	   Disk (KB)            :       28  2048000   3669141 
	   Memory (MB)          :       52     2000      2000 
...
000 (339725.635.000) 01/29 16:03:30 Job submitted from host: <155.230.23.72:9618?addrs=155.230.23.72-9618&noUDP&sock=882541_4c40_3>
...
001 (339725.635.000) 01/29 16:45:55 Job executing on host: <155.230.21.90:9618?addrs=155.230.21.90-9618&noUDP&sock=1536_258f_37>
...
006 (339725.635.000) 01/29 16:46:04 Image size of job updated: 301048
	220  -  MemoryUsage of job (MB)
	224520  -  ResidentSetSize of job (KB)
...
006 (339725.635.000) 01/29 16:46:11 Image size of job updated: 1542236
	220  -  MemoryUsage of job (MB)
	224520  -  ResidentSetSize of job (KB)
...
005 (339725.635.000) 01/29 16:46:11 Job terminated.
	(1) Normal termination (return value 0)
		Usr 0 00:00:08, Sys 0 00:00:03  -  Run Remote Usage
		Usr 0 00:00:00, Sys 0 00:00:00  -  Run Local Usage
		Usr 0 00:00:08, Sys 0 00:00:03  -  Total Remote Usage
		Usr 0 00:00:00, Sys 0 00:00:00  -  Total Local Usage
	719  -  Run Bytes Sent By Job
	10683  -  Run Bytes Received By Job
	719  -  Total Bytes Sent By Job
	10683  -  Total Bytes Received By Job
	Partitionable Resources :    Usage  Request Allocated 
	   Cpus                 :        0        1         1 
	   Disk (KB)            :       28  2048000   3794435 
	   Memory (MB)          :      220     2000      2000 
...
