000 (47439.548.000) 12/19 19:07:20 Job submitted from host: <155.230.20.251:9618?addrs=155.230.20.251-9618&noUDP&sock=930313_ea96_3>
...
001 (47439.548.000) 12/19 19:44:08 Job executing on host: <155.230.21.100:9618?addrs=155.230.21.100-9618&noUDP&sock=9525_efac_3>
...
006 (47439.548.000) 12/19 19:44:16 Image size of job updated: 85128
	43  -  MemoryUsage of job (MB)
	43508  -  ResidentSetSize of job (KB)
...
006 (47439.548.000) 12/19 19:44:38 Image size of job updated: 304352
	43  -  MemoryUsage of job (MB)
	43508  -  ResidentSetSize of job (KB)
...
005 (47439.548.000) 12/19 19:44:38 Job terminated.
	(1) Normal termination (return value 0)
		Usr 0 00:00:10, Sys 0 00:00:01  -  Run Remote Usage
		Usr 0 00:00:00, Sys 0 00:00:00  -  Run Local Usage
		Usr 0 00:00:10, Sys 0 00:00:01  -  Total Remote Usage
		Usr 0 00:00:00, Sys 0 00:00:00  -  Total Local Usage
	554  -  Run Bytes Sent By Job
	10422  -  Run Bytes Received By Job
	554  -  Total Bytes Sent By Job
	10422  -  Total Bytes Received By Job
	Partitionable Resources :    Usage  Request Allocated 
	   Cpus                 :        0        1         1 
	   Disk (KB)            :       28  2048000   3673277 
	   Memory (MB)          :       43     2000      2000 
...
000 (339725.548.000) 01/29 16:03:30 Job submitted from host: <155.230.23.72:9618?addrs=155.230.23.72-9618&noUDP&sock=882541_4c40_3>
...
001 (339725.548.000) 01/29 16:44:02 Job executing on host: <155.230.21.121:9618?addrs=155.230.21.121-9618&noUDP&sock=28110_b34c_47>
...
006 (339725.548.000) 01/29 16:44:10 Image size of job updated: 289756
	211  -  MemoryUsage of job (MB)
	215628  -  ResidentSetSize of job (KB)
...
006 (339725.548.000) 01/29 16:44:23 Image size of job updated: 321020
	211  -  MemoryUsage of job (MB)
	215628  -  ResidentSetSize of job (KB)
...
005 (339725.548.000) 01/29 16:44:23 Job terminated.
	(1) Normal termination (return value 0)
		Usr 0 00:00:09, Sys 0 00:00:04  -  Run Remote Usage
		Usr 0 00:00:00, Sys 0 00:00:00  -  Run Local Usage
		Usr 0 00:00:09, Sys 0 00:00:04  -  Total Remote Usage
		Usr 0 00:00:00, Sys 0 00:00:00  -  Total Local Usage
	719  -  Run Bytes Sent By Job
	10683  -  Run Bytes Received By Job
	719  -  Total Bytes Sent By Job
	10683  -  Total Bytes Received By Job
	Partitionable Resources :    Usage  Request Allocated 
	   Cpus                 :     0.68        1         1 
	   Disk (KB)            :    28     2048000   3791819 
	   Memory (MB)          :   211        2000      2000 
...
