000 (47439.384.000) 12/19 19:07:20 Job submitted from host: <155.230.20.251:9618?addrs=155.230.20.251-9618&noUDP&sock=930313_ea96_3>
...
001 (47439.384.000) 12/19 19:40:11 Job executing on host: <155.230.21.81:9618?addrs=155.230.21.81-9618&noUDP&sock=1515_be12_3>
...
006 (47439.384.000) 12/19 19:40:20 Image size of job updated: 303580
	221  -  MemoryUsage of job (MB)
	226300  -  ResidentSetSize of job (KB)
...
006 (47439.384.000) 12/19 19:40:20 Image size of job updated: 303636
	222  -  MemoryUsage of job (MB)
	226340  -  ResidentSetSize of job (KB)
...
005 (47439.384.000) 12/19 19:40:20 Job terminated.
	(1) Normal termination (return value 0)
		Usr 0 00:00:07, Sys 0 00:00:00  -  Run Remote Usage
		Usr 0 00:00:00, Sys 0 00:00:00  -  Run Local Usage
		Usr 0 00:00:07, Sys 0 00:00:00  -  Total Remote Usage
		Usr 0 00:00:00, Sys 0 00:00:00  -  Total Local Usage
	554  -  Run Bytes Sent By Job
	10422  -  Run Bytes Received By Job
	554  -  Total Bytes Sent By Job
	10422  -  Total Bytes Received By Job
	Partitionable Resources :    Usage  Request Allocated 
	   Cpus                 :        0        1         1 
	   Disk (KB)            :       28  2048000   3711985 
	   Memory (MB)          :      222     2000      2000 
...
000 (339725.384.000) 01/29 16:03:29 Job submitted from host: <155.230.23.72:9618?addrs=155.230.23.72-9618&noUDP&sock=882541_4c40_3>
...
001 (339725.384.000) 01/29 16:41:02 Job executing on host: <155.230.21.120:9618?addrs=155.230.21.120-9618&noUDP&sock=13477_adf4_48>
...
006 (339725.384.000) 01/29 16:41:10 Image size of job updated: 263652
	188  -  MemoryUsage of job (MB)
	192216  -  ResidentSetSize of job (KB)
...
006 (339725.384.000) 01/29 16:41:22 Image size of job updated: 317168
	188  -  MemoryUsage of job (MB)
	192284  -  ResidentSetSize of job (KB)
...
005 (339725.384.000) 01/29 16:41:22 Job terminated.
	(1) Normal termination (return value 0)
		Usr 0 00:00:12, Sys 0 00:00:04  -  Run Remote Usage
		Usr 0 00:00:00, Sys 0 00:00:00  -  Run Local Usage
		Usr 0 00:00:12, Sys 0 00:00:04  -  Total Remote Usage
		Usr 0 00:00:00, Sys 0 00:00:00  -  Total Local Usage
	719  -  Run Bytes Sent By Job
	10683  -  Run Bytes Received By Job
	719  -  Total Bytes Sent By Job
	10683  -  Total Bytes Received By Job
	Partitionable Resources :    Usage  Request Allocated 
	   Cpus                 :        0        1         1 
	   Disk (KB)            :       28  2048000   3791748 
	   Memory (MB)          :      188     2000      2000 
...
