000 (47439.988.000) 12/19 19:07:21 Job submitted from host: <155.230.20.251:9618?addrs=155.230.20.251-9618&noUDP&sock=930313_ea96_3>
...
001 (47439.988.000) 12/19 19:53:18 Job executing on host: <155.230.21.42:9618?addrs=155.230.21.42-9618&noUDP&sock=2987_697a_3>
...
006 (47439.988.000) 12/19 19:53:26 Image size of job updated: 91112
	47  -  MemoryUsage of job (MB)
	47920  -  ResidentSetSize of job (KB)
...
006 (47439.988.000) 12/19 19:53:50 Image size of job updated: 304120
	47  -  MemoryUsage of job (MB)
	48008  -  ResidentSetSize of job (KB)
...
005 (47439.988.000) 12/19 19:53:50 Job terminated.
	(1) Normal termination (return value 0)
		Usr 0 00:00:13, Sys 0 00:00:01  -  Run Remote Usage
		Usr 0 00:00:00, Sys 0 00:00:00  -  Run Local Usage
		Usr 0 00:00:13, Sys 0 00:00:01  -  Total Remote Usage
		Usr 0 00:00:00, Sys 0 00:00:00  -  Total Local Usage
	554  -  Run Bytes Sent By Job
	10422  -  Run Bytes Received By Job
	554  -  Total Bytes Sent By Job
	10422  -  Total Bytes Received By Job
	Partitionable Resources :    Usage  Request Allocated 
	   Cpus                 :     0.04        1         1 
	   Disk (KB)            :    28     2048000   3669141 
	   Memory (MB)          :    47        2000      2000 
...
000 (339725.988.000) 01/29 16:03:30 Job submitted from host: <155.230.23.72:9618?addrs=155.230.23.72-9618&noUDP&sock=882541_4c40_3>
...
001 (339725.988.000) 01/29 16:52:13 Job executing on host: <155.230.21.35:9618?addrs=155.230.21.35-9618&noUDP&sock=11940_6ce3_3>
...
006 (339725.988.000) 01/29 16:52:21 Image size of job updated: 153732
	91  -  MemoryUsage of job (MB)
	92952  -  ResidentSetSize of job (KB)
...
006 (339725.988.000) 01/29 16:53:20 Image size of job updated: 317788
	91  -  MemoryUsage of job (MB)
	92952  -  ResidentSetSize of job (KB)
...
005 (339725.988.000) 01/29 16:53:20 Job terminated.
	(1) Normal termination (return value 0)
		Usr 0 00:00:16, Sys 0 00:00:06  -  Run Remote Usage
		Usr 0 00:00:00, Sys 0 00:00:00  -  Run Local Usage
		Usr 0 00:00:16, Sys 0 00:00:06  -  Total Remote Usage
		Usr 0 00:00:00, Sys 0 00:00:00  -  Total Local Usage
	719  -  Run Bytes Sent By Job
	10683  -  Run Bytes Received By Job
	719  -  Total Bytes Sent By Job
	10683  -  Total Bytes Received By Job
	Partitionable Resources :    Usage  Request Allocated 
	   Cpus                 :        0        1         1 
	   Disk (KB)            :       28  2048000   3689027 
	   Memory (MB)          :       91     2000      2000 
...
