000 (47439.707.000) 12/19 19:07:21 Job submitted from host: <155.230.20.251:9618?addrs=155.230.20.251-9618&noUDP&sock=930313_ea96_3>
...
001 (47439.707.000) 12/19 19:47:16 Job executing on host: <155.230.21.90:9618?addrs=155.230.21.90-9618&noUDP&sock=1536_258f_3>
...
006 (47439.707.000) 12/19 19:47:25 Image size of job updated: 300556
	220  -  MemoryUsage of job (MB)
	224324  -  ResidentSetSize of job (KB)
...
006 (47439.707.000) 12/19 19:47:26 Image size of job updated: 300560
	220  -  MemoryUsage of job (MB)
	224328  -  ResidentSetSize of job (KB)
...
005 (47439.707.000) 12/19 19:47:26 Job terminated.
	(1) Normal termination (return value 0)
		Usr 0 00:00:07, Sys 0 00:00:00  -  Run Remote Usage
		Usr 0 00:00:00, Sys 0 00:00:00  -  Run Local Usage
		Usr 0 00:00:07, Sys 0 00:00:00  -  Total Remote Usage
		Usr 0 00:00:00, Sys 0 00:00:00  -  Total Local Usage
	554  -  Run Bytes Sent By Job
	10422  -  Run Bytes Received By Job
	554  -  Total Bytes Sent By Job
	10422  -  Total Bytes Received By Job
	Partitionable Resources :    Usage  Request Allocated 
	   Cpus                 :        0        1         1 
	   Disk (KB)            :       28  2048000   3712360 
	   Memory (MB)          :      220     2000      2000 
...
000 (339725.707.000) 01/29 16:03:30 Job submitted from host: <155.230.23.72:9618?addrs=155.230.23.72-9618&noUDP&sock=882541_4c40_3>
...
001 (339725.707.000) 01/29 16:47:03 Job executing on host: <155.230.21.121:9618?addrs=155.230.21.121-9618&noUDP&sock=28110_b34c_47>
...
006 (339725.707.000) 01/29 16:47:12 Image size of job updated: 302544
	221  -  MemoryUsage of job (MB)
	226016  -  ResidentSetSize of job (KB)
...
005 (339725.707.000) 01/29 16:47:15 Job terminated.
	(1) Normal termination (return value 0)
		Usr 0 00:00:08, Sys 0 00:00:01  -  Run Remote Usage
		Usr 0 00:00:00, Sys 0 00:00:00  -  Run Local Usage
		Usr 0 00:00:08, Sys 0 00:00:01  -  Total Remote Usage
		Usr 0 00:00:00, Sys 0 00:00:00  -  Total Local Usage
	719  -  Run Bytes Sent By Job
	10683  -  Run Bytes Received By Job
	719  -  Total Bytes Sent By Job
	10683  -  Total Bytes Received By Job
	Partitionable Resources :    Usage  Request Allocated 
	   Cpus                 :        0        1         1 
	   Disk (KB)            :       28  2048000   3791819 
	   Memory (MB)          :      221     2000      2000 
...
