000 (47439.547.000) 12/19 19:07:20 Job submitted from host: <155.230.20.251:9618?addrs=155.230.20.251-9618&noUDP&sock=930313_ea96_3>
...
001 (47439.547.000) 12/19 19:44:06 Job executing on host: <155.230.21.97:9618?addrs=155.230.21.97-9618&noUDP&sock=19004_bde6_3>
...
006 (47439.547.000) 12/19 19:44:15 Image size of job updated: 88648
	45  -  MemoryUsage of job (MB)
	45900  -  ResidentSetSize of job (KB)
...
006 (47439.547.000) 12/19 19:44:31 Image size of job updated: 305376
	45  -  MemoryUsage of job (MB)
	45900  -  ResidentSetSize of job (KB)
...
005 (47439.547.000) 12/19 19:44:31 Job terminated.
	(1) Normal termination (return value 0)
		Usr 0 00:00:11, Sys 0 00:00:01  -  Run Remote Usage
		Usr 0 00:00:00, Sys 0 00:00:00  -  Run Local Usage
		Usr 0 00:00:11, Sys 0 00:00:01  -  Total Remote Usage
		Usr 0 00:00:00, Sys 0 00:00:00  -  Total Local Usage
	554  -  Run Bytes Sent By Job
	10422  -  Run Bytes Received By Job
	554  -  Total Bytes Sent By Job
	10422  -  Total Bytes Received By Job
	Partitionable Resources :    Usage  Request Allocated 
	   Cpus                 :        0        1         1 
	   Disk (KB)            :       28  2048000   3673156 
	   Memory (MB)          :       45     2000      2000 
...
000 (339725.547.000) 01/29 16:03:30 Job submitted from host: <155.230.23.72:9618?addrs=155.230.23.72-9618&noUDP&sock=882541_4c40_3>
...
001 (339725.547.000) 01/29 16:44:02 Job executing on host: <155.230.21.113:9618?addrs=155.230.21.113-9618+[2407-c000-c024-0-a60-6eff-fe17-c80e]-9618&noUDP&sock=3349_b6c3_3>
...
006 (339725.547.000) 01/29 16:44:10 Image size of job updated: 286176
	208  -  MemoryUsage of job (MB)
	212048  -  ResidentSetSize of job (KB)
...
006 (339725.547.000) 01/29 16:44:19 Image size of job updated: 312140
	208  -  MemoryUsage of job (MB)
	212048  -  ResidentSetSize of job (KB)
...
005 (339725.547.000) 01/29 16:44:19 Job terminated.
	(1) Normal termination (return value 0)
		Usr 0 00:00:09, Sys 0 00:00:03  -  Run Remote Usage
		Usr 0 00:00:00, Sys 0 00:00:00  -  Run Local Usage
		Usr 0 00:00:09, Sys 0 00:00:03  -  Total Remote Usage
		Usr 0 00:00:00, Sys 0 00:00:00  -  Total Local Usage
	719  -  Run Bytes Sent By Job
	10683  -  Run Bytes Received By Job
	719  -  Total Bytes Sent By Job
	10683  -  Total Bytes Received By Job
	Partitionable Resources :    Usage  Request Allocated 
	   Cpus                 :        0        1         1 
	   Disk (KB)            :       29  2048000   3787319 
	   Memory (MB)          :      208     2000      2000 
...
