000 (47439.277.000) 12/19 19:07:20 Job submitted from host: <155.230.20.251:9618?addrs=155.230.20.251-9618&noUDP&sock=930313_ea96_3>
...
001 (47439.277.000) 12/19 19:38:06 Job executing on host: <155.230.21.97:9618?addrs=155.230.21.97-9618&noUDP&sock=19004_bde6_3>
...
006 (47439.277.000) 12/19 19:38:14 Image size of job updated: 119940
	68  -  MemoryUsage of job (MB)
	69216  -  ResidentSetSize of job (KB)
...
006 (47439.277.000) 12/19 19:38:31 Image size of job updated: 304136
	68  -  MemoryUsage of job (MB)
	69236  -  ResidentSetSize of job (KB)
...
005 (47439.277.000) 12/19 19:38:32 Job terminated.
	(1) Normal termination (return value 0)
		Usr 0 00:00:11, Sys 0 00:00:01  -  Run Remote Usage
		Usr 0 00:00:00, Sys 0 00:00:00  -  Run Local Usage
		Usr 0 00:00:11, Sys 0 00:00:01  -  Total Remote Usage
		Usr 0 00:00:00, Sys 0 00:00:00  -  Total Local Usage
	554  -  Run Bytes Sent By Job
	10422  -  Run Bytes Received By Job
	554  -  Total Bytes Sent By Job
	10422  -  Total Bytes Received By Job
	Partitionable Resources :    Usage  Request Allocated 
	   Cpus                 :        0        1         1 
	   Disk (KB)            :       28  2048000   3673156 
	   Memory (MB)          :       68     2000      2000 
...
000 (339725.277.000) 01/29 16:03:29 Job submitted from host: <155.230.23.72:9618?addrs=155.230.23.72-9618&noUDP&sock=882541_4c40_3>
...
001 (339725.277.000) 01/29 16:39:40 Job executing on host: <155.230.21.105:9618?addrs=155.230.21.105-9618&noUDP&sock=23905_6b8e_47>
...
006 (339725.277.000) 01/29 16:39:49 Image size of job updated: 301696
	220  -  MemoryUsage of job (MB)
	225168  -  ResidentSetSize of job (KB)
...
006 (339725.277.000) 01/29 16:39:58 Image size of job updated: 313684
	220  -  MemoryUsage of job (MB)
	225168  -  ResidentSetSize of job (KB)
...
005 (339725.277.000) 01/29 16:39:58 Job terminated.
	(1) Normal termination (return value 0)
		Usr 0 00:00:10, Sys 0 00:00:04  -  Run Remote Usage
		Usr 0 00:00:00, Sys 0 00:00:00  -  Run Local Usage
		Usr 0 00:00:10, Sys 0 00:00:04  -  Total Remote Usage
		Usr 0 00:00:00, Sys 0 00:00:00  -  Total Local Usage
	719  -  Run Bytes Sent By Job
	10683  -  Run Bytes Received By Job
	719  -  Total Bytes Sent By Job
	10683  -  Total Bytes Received By Job
	Partitionable Resources :    Usage  Request Allocated 
	   Cpus                 :     0.03        1         1 
	   Disk (KB)            :    29     2048000   3782480 
	   Memory (MB)          :   220        2000      2000 
...
