000 (47439.253.000) 12/19 19:07:20 Job submitted from host: <155.230.20.251:9618?addrs=155.230.20.251-9618&noUDP&sock=930313_ea96_3>
...
001 (47439.253.000) 12/19 19:37:14 Job executing on host: <155.230.21.111:9618?addrs=155.230.21.111-9618&noUDP&sock=14468_6c4e_3>
...
006 (47439.253.000) 12/19 19:37:22 Image size of job updated: 301876
	221  -  MemoryUsage of job (MB)
	225644  -  ResidentSetSize of job (KB)
...
005 (47439.253.000) 12/19 19:37:24 Job terminated.
	(1) Normal termination (return value 0)
		Usr 0 00:00:08, Sys 0 00:00:00  -  Run Remote Usage
		Usr 0 00:00:00, Sys 0 00:00:00  -  Run Local Usage
		Usr 0 00:00:08, Sys 0 00:00:00  -  Total Remote Usage
		Usr 0 00:00:00, Sys 0 00:00:00  -  Total Local Usage
	554  -  Run Bytes Sent By Job
	10422  -  Run Bytes Received By Job
	554  -  Total Bytes Sent By Job
	10422  -  Total Bytes Received By Job
	Partitionable Resources :    Usage  Request Allocated 
	   Cpus                 :     0.03        1         1 
	   Disk (KB)            :    28     2048000   3709606 
	   Memory (MB)          :   221        2000      2000 
...
000 (339725.253.000) 01/29 16:03:29 Job submitted from host: <155.230.23.72:9618?addrs=155.230.23.72-9618&noUDP&sock=882541_4c40_3>
...
001 (339725.253.000) 01/29 16:39:31 Job executing on host: <155.230.21.96:9618?addrs=155.230.21.96-9618&noUDP&sock=24703_c822_48>
...
006 (339725.253.000) 01/29 16:39:39 Image size of job updated: 270148
	194  -  MemoryUsage of job (MB)
	198228  -  ResidentSetSize of job (KB)
...
006 (339725.253.000) 01/29 16:39:55 Image size of job updated: 1542700
	194  -  MemoryUsage of job (MB)
	198228  -  ResidentSetSize of job (KB)
...
005 (339725.253.000) 01/29 16:39:55 Job terminated.
	(1) Normal termination (return value 0)
		Usr 0 00:00:12, Sys 0 00:00:05  -  Run Remote Usage
		Usr 0 00:00:00, Sys 0 00:00:00  -  Run Local Usage
		Usr 0 00:00:12, Sys 0 00:00:05  -  Total Remote Usage
		Usr 0 00:00:00, Sys 0 00:00:00  -  Total Local Usage
	719  -  Run Bytes Sent By Job
	10683  -  Run Bytes Received By Job
	719  -  Total Bytes Sent By Job
	10683  -  Total Bytes Received By Job
	Partitionable Resources :    Usage  Request Allocated 
	   Cpus                 :     1.28        1         1 
	   Disk (KB)            :    29     2048000   3782840 
	   Memory (MB)          :   194        2000      2000 
...
