000 (47439.327.000) 12/19 19:07:20 Job submitted from host: <155.230.20.251:9618?addrs=155.230.20.251-9618&noUDP&sock=930313_ea96_3>
...
001 (47439.327.000) 12/19 19:39:08 Job executing on host: <155.230.21.98:9618?addrs=155.230.21.98-9618&noUDP&sock=16526_0a37_3>
...
006 (47439.327.000) 12/19 19:39:17 Image size of job updated: 190056
	123  -  MemoryUsage of job (MB)
	125656  -  ResidentSetSize of job (KB)
...
006 (47439.327.000) 12/19 19:39:25 Image size of job updated: 301816
	123  -  MemoryUsage of job (MB)
	125664  -  ResidentSetSize of job (KB)
...
005 (47439.327.000) 12/19 19:39:25 Job terminated.
	(1) Normal termination (return value 0)
		Usr 0 00:00:10, Sys 0 00:00:01  -  Run Remote Usage
		Usr 0 00:00:00, Sys 0 00:00:00  -  Run Local Usage
		Usr 0 00:00:10, Sys 0 00:00:01  -  Total Remote Usage
		Usr 0 00:00:00, Sys 0 00:00:00  -  Total Local Usage
	554  -  Run Bytes Sent By Job
	10422  -  Run Bytes Received By Job
	554  -  Total Bytes Sent By Job
	10422  -  Total Bytes Received By Job
	Partitionable Resources :    Usage  Request Allocated 
	   Cpus                 :        0        1         1 
	   Disk (KB)            :       28  2048000   3676021 
	   Memory (MB)          :      123     2000      2000 
...
000 (339725.327.000) 01/29 16:03:29 Job submitted from host: <155.230.23.72:9618?addrs=155.230.23.72-9618&noUDP&sock=882541_4c40_3>
...
001 (339725.327.000) 01/29 16:39:57 Job executing on host: <155.230.21.81:9618?addrs=155.230.21.81-9618&noUDP&sock=1515_be12_36>
...
006 (339725.327.000) 01/29 16:40:06 Image size of job updated: 301012
	220  -  MemoryUsage of job (MB)
	224484  -  ResidentSetSize of job (KB)
...
006 (339725.327.000) 01/29 16:40:14 Image size of job updated: 313672
	220  -  MemoryUsage of job (MB)
	224484  -  ResidentSetSize of job (KB)
...
005 (339725.327.000) 01/29 16:40:14 Job terminated.
	(1) Normal termination (return value 0)
		Usr 0 00:00:09, Sys 0 00:00:03  -  Run Remote Usage
		Usr 0 00:00:00, Sys 0 00:00:00  -  Run Local Usage
		Usr 0 00:00:09, Sys 0 00:00:03  -  Total Remote Usage
		Usr 0 00:00:00, Sys 0 00:00:00  -  Total Local Usage
	719  -  Run Bytes Sent By Job
	10683  -  Run Bytes Received By Job
	719  -  Total Bytes Sent By Job
	10683  -  Total Bytes Received By Job
	Partitionable Resources :    Usage  Request Allocated 
	   Cpus                 :     0.02        1         1 
	   Disk (KB)            :    28     2048000   3790577 
	   Memory (MB)          :   220        2000      2000 
...
