000 (47439.754.000) 12/19 19:07:21 Job submitted from host: <155.230.20.251:9618?addrs=155.230.20.251-9618&noUDP&sock=930313_ea96_3>
...
001 (47439.754.000) 12/19 19:47:48 Job executing on host: <155.230.21.119:9618?addrs=155.230.21.119-9618&noUDP&sock=7399_ad53_3>
...
006 (47439.754.000) 12/19 19:47:56 Image size of job updated: 289224
	211  -  MemoryUsage of job (MB)
	215496  -  ResidentSetSize of job (KB)
...
006 (47439.754.000) 12/19 19:48:00 Image size of job updated: 302564
	211  -  MemoryUsage of job (MB)
	215496  -  ResidentSetSize of job (KB)
...
005 (47439.754.000) 12/19 19:48:00 Job terminated.
	(1) Normal termination (return value 0)
		Usr 0 00:00:10, Sys 0 00:00:00  -  Run Remote Usage
		Usr 0 00:00:00, Sys 0 00:00:00  -  Run Local Usage
		Usr 0 00:00:10, Sys 0 00:00:00  -  Total Remote Usage
		Usr 0 00:00:00, Sys 0 00:00:00  -  Total Local Usage
	554  -  Run Bytes Sent By Job
	10422  -  Run Bytes Received By Job
	554  -  Total Bytes Sent By Job
	10422  -  Total Bytes Received By Job
	Partitionable Resources :    Usage  Request Allocated 
	   Cpus                 :        0        1         1 
	   Disk (KB)            :       28  2048000   3709467 
	   Memory (MB)          :      211     2000      2000 
...
