000 (47439.187.000) 12/19 19:07:20 Job submitted from host: <155.230.20.251:9618?addrs=155.230.20.251-9618&noUDP&sock=930313_ea96_3>
...
001 (47439.187.000) 12/19 19:36:08 Job executing on host: <155.230.21.97:9618?addrs=155.230.21.97-9618&noUDP&sock=19004_bde6_3>
...
006 (47439.187.000) 12/19 19:36:16 Image size of job updated: 117020
	66  -  MemoryUsage of job (MB)
	66872  -  ResidentSetSize of job (KB)
...
006 (47439.187.000) 12/19 19:36:37 Image size of job updated: 299904
	66  -  MemoryUsage of job (MB)
	66872  -  ResidentSetSize of job (KB)
...
005 (47439.187.000) 12/19 19:36:37 Job terminated.
	(1) Normal termination (return value 0)
		Usr 0 00:00:11, Sys 0 00:00:01  -  Run Remote Usage
		Usr 0 00:00:00, Sys 0 00:00:00  -  Run Local Usage
		Usr 0 00:00:11, Sys 0 00:00:01  -  Total Remote Usage
		Usr 0 00:00:00, Sys 0 00:00:00  -  Total Local Usage
	554  -  Run Bytes Sent By Job
	10422  -  Run Bytes Received By Job
	554  -  Total Bytes Sent By Job
	10422  -  Total Bytes Received By Job
	Partitionable Resources :    Usage  Request Allocated 
	   Cpus                 :     0.03        1         1 
	   Disk (KB)            :    28     2048000   3673156 
	   Memory (MB)          :    66        2000      2000 
...
000 (339725.187.000) 01/29 16:03:29 Job submitted from host: <155.230.23.72:9618?addrs=155.230.23.72-9618&noUDP&sock=882541_4c40_3>
...
001 (339725.187.000) 01/29 16:38:28 Job executing on host: <155.230.21.42:9618?addrs=155.230.21.42-9618&noUDP&sock=2987_697a_3>
...
006 (339725.187.000) 01/29 16:38:37 Image size of job updated: 162452
	98  -  MemoryUsage of job (MB)
	100184  -  ResidentSetSize of job (KB)
...
006 (339725.187.000) 01/29 16:39:51 Image size of job updated: 1544372
	98  -  MemoryUsage of job (MB)
	100188  -  ResidentSetSize of job (KB)
...
005 (339725.187.000) 01/29 16:39:51 Job terminated.
	(1) Normal termination (return value 0)
		Usr 0 00:00:15, Sys 0 00:00:05  -  Run Remote Usage
		Usr 0 00:00:00, Sys 0 00:00:00  -  Run Local Usage
		Usr 0 00:00:15, Sys 0 00:00:05  -  Total Remote Usage
		Usr 0 00:00:00, Sys 0 00:00:00  -  Total Local Usage
	719  -  Run Bytes Sent By Job
	10683  -  Run Bytes Received By Job
	719  -  Total Bytes Sent By Job
	10683  -  Total Bytes Received By Job
	Partitionable Resources :    Usage  Request Allocated 
	   Cpus                 :     0.14        1         1 
	   Disk (KB)            :    29     2048000   3669141 
	   Memory (MB)          :    98        2000      2000 
...
