000 (47439.223.000) 12/19 19:07:20 Job submitted from host: <155.230.20.251:9618?addrs=155.230.20.251-9618&noUDP&sock=930313_ea96_3>
...
001 (47439.223.000) 12/19 19:36:21 Job executing on host: <155.230.21.114:9618?addrs=155.230.21.114-9618&noUDP&sock=22699_3457_3>
...
006 (47439.223.000) 12/19 19:36:29 Image size of job updated: 289508
	211  -  MemoryUsage of job (MB)
	215780  -  ResidentSetSize of job (KB)
...
006 (47439.223.000) 12/19 19:36:32 Image size of job updated: 300464
	211  -  MemoryUsage of job (MB)
	215780  -  ResidentSetSize of job (KB)
...
005 (47439.223.000) 12/19 19:36:32 Job terminated.
	(1) Normal termination (return value 0)
		Usr 0 00:00:09, Sys 0 00:00:01  -  Run Remote Usage
		Usr 0 00:00:00, Sys 0 00:00:00  -  Run Local Usage
		Usr 0 00:00:09, Sys 0 00:00:01  -  Total Remote Usage
		Usr 0 00:00:00, Sys 0 00:00:00  -  Total Local Usage
	554  -  Run Bytes Sent By Job
	10422  -  Run Bytes Received By Job
	554  -  Total Bytes Sent By Job
	10422  -  Total Bytes Received By Job
	Partitionable Resources :    Usage  Request Allocated 
	   Cpus                 :     0.80        1         1 
	   Disk (KB)            :    28     2048000   3618436 
	   Memory (MB)          :   211        2000      2000 
...
000 (339725.223.000) 01/29 16:03:29 Job submitted from host: <155.230.23.72:9618?addrs=155.230.23.72-9618&noUDP&sock=882541_4c40_3>
...
001 (339725.223.000) 01/29 16:38:41 Job executing on host: <155.230.21.106:9618?addrs=155.230.21.106-9618&noUDP&sock=23306_8e53_48>
...
006 (339725.223.000) 01/29 16:38:49 Image size of job updated: 291036
	212  -  MemoryUsage of job (MB)
	216908  -  ResidentSetSize of job (KB)
...
006 (339725.223.000) 01/29 16:38:52 Image size of job updated: 303020
	212  -  MemoryUsage of job (MB)
	216908  -  ResidentSetSize of job (KB)
...
005 (339725.223.000) 01/29 16:38:52 Job terminated.
	(1) Normal termination (return value 0)
		Usr 0 00:00:08, Sys 0 00:00:01  -  Run Remote Usage
		Usr 0 00:00:00, Sys 0 00:00:00  -  Run Local Usage
		Usr 0 00:00:08, Sys 0 00:00:01  -  Total Remote Usage
		Usr 0 00:00:00, Sys 0 00:00:00  -  Total Local Usage
	719  -  Run Bytes Sent By Job
	10683  -  Run Bytes Received By Job
	719  -  Total Bytes Sent By Job
	10683  -  Total Bytes Received By Job
	Partitionable Resources :    Usage  Request Allocated 
	   Cpus                 :        0        1         1 
	   Disk (KB)            :       28  2048000   3783113 
	   Memory (MB)          :      212     2000      2000 
...
