000 (47439.618.000) 12/19 19:07:21 Job submitted from host: <155.230.20.251:9618?addrs=155.230.20.251-9618&noUDP&sock=930313_ea96_3>
...
001 (47439.618.000) 12/19 19:45:15 Job executing on host: <155.230.21.120:9618?addrs=155.230.21.120-9618&noUDP&sock=13477_adf4_3>
...
006 (47439.618.000) 12/19 19:45:25 Image size of job updated: 289936
	212  -  MemoryUsage of job (MB)
	216208  -  ResidentSetSize of job (KB)
...
006 (47439.618.000) 12/19 19:45:28 Image size of job updated: 289940
	212  -  MemoryUsage of job (MB)
	216212  -  ResidentSetSize of job (KB)
...
005 (47439.618.000) 12/19 19:45:28 Job terminated.
	(1) Normal termination (return value 0)
		Usr 0 00:00:10, Sys 0 00:00:01  -  Run Remote Usage
		Usr 0 00:00:00, Sys 0 00:00:00  -  Run Local Usage
		Usr 0 00:00:10, Sys 0 00:00:01  -  Total Remote Usage
		Usr 0 00:00:00, Sys 0 00:00:00  -  Total Local Usage
	554  -  Run Bytes Sent By Job
	10422  -  Run Bytes Received By Job
	554  -  Total Bytes Sent By Job
	10422  -  Total Bytes Received By Job
	Partitionable Resources :    Usage  Request Allocated 
	   Cpus                 :        0        1         1 
	   Disk (KB)            :       28  2048000   3663831 
	   Memory (MB)          :      212     2000      2000 
...
000 (339725.618.000) 01/29 16:03:30 Job submitted from host: <155.230.23.72:9618?addrs=155.230.23.72-9618&noUDP&sock=882541_4c40_3>
...
001 (339725.618.000) 01/29 16:45:51 Job executing on host: <155.230.21.35:9618?addrs=155.230.21.35-9618&noUDP&sock=11940_6ce3_3>
...
006 (339725.618.000) 01/29 16:46:00 Image size of job updated: 190400
	123  -  MemoryUsage of job (MB)
	125568  -  ResidentSetSize of job (KB)
...
006 (339725.618.000) 01/29 16:46:56 Image size of job updated: 244952
	123  -  MemoryUsage of job (MB)
	125588  -  ResidentSetSize of job (KB)
...
005 (339725.618.000) 01/29 16:46:56 Job terminated.
	(1) Normal termination (return value 0)
		Usr 0 00:00:16, Sys 0 00:00:05  -  Run Remote Usage
		Usr 0 00:00:00, Sys 0 00:00:00  -  Run Local Usage
		Usr 0 00:00:16, Sys 0 00:00:05  -  Total Remote Usage
		Usr 0 00:00:00, Sys 0 00:00:00  -  Total Local Usage
	719  -  Run Bytes Sent By Job
	10683  -  Run Bytes Received By Job
	719  -  Total Bytes Sent By Job
	10683  -  Total Bytes Received By Job
	Partitionable Resources :    Usage  Request Allocated 
	   Cpus                 :     0.15        1         1 
	   Disk (KB)            :    29     2048000   3689027 
	   Memory (MB)          :   123        2000      2000 
...
