000 (47439.276.000) 12/19 19:07:20 Job submitted from host: <155.230.20.251:9618?addrs=155.230.20.251-9618&noUDP&sock=930313_ea96_3>
...
001 (47439.276.000) 12/19 19:38:04 Job executing on host: <155.230.21.34:9618?addrs=155.230.21.34-9618&noUDP&sock=3883_fe56_3>
...
006 (47439.276.000) 12/19 19:38:13 Image size of job updated: 216100
	146  -  MemoryUsage of job (MB)
	148564  -  ResidentSetSize of job (KB)
...
006 (47439.276.000) 12/19 19:38:31 Image size of job updated: 216100
	146  -  MemoryUsage of job (MB)
	148692  -  ResidentSetSize of job (KB)
...
005 (47439.276.000) 12/19 19:38:31 Job terminated.
	(1) Normal termination (return value 0)
		Usr 0 00:00:13, Sys 0 00:00:02  -  Run Remote Usage
		Usr 0 00:00:00, Sys 0 00:00:00  -  Run Local Usage
		Usr 0 00:00:13, Sys 0 00:00:02  -  Total Remote Usage
		Usr 0 00:00:00, Sys 0 00:00:00  -  Total Local Usage
	554  -  Run Bytes Sent By Job
	10422  -  Run Bytes Received By Job
	554  -  Total Bytes Sent By Job
	10422  -  Total Bytes Received By Job
	Partitionable Resources :    Usage  Request Allocated 
	   Cpus                 :        0        1         1 
	   Disk (KB)            :       28  2048000   3677810 
	   Memory (MB)          :      146     2000      2000 
...
