000 (47439.070.000) 12/19 19:07:20 Job submitted from host: <155.230.20.251:9618?addrs=155.230.20.251-9618&noUDP&sock=930313_ea96_3>
...
001 (47439.070.000) 12/19 19:33:12 Job executing on host: <155.230.21.111:9618?addrs=155.230.21.111-9618&noUDP&sock=14468_6c4e_3>
...
006 (47439.070.000) 12/19 19:33:20 Image size of job updated: 301360
	220  -  MemoryUsage of job (MB)
	225128  -  ResidentSetSize of job (KB)
...
005 (47439.070.000) 12/19 19:33:22 Job terminated.
	(1) Normal termination (return value 0)
		Usr 0 00:00:08, Sys 0 00:00:00  -  Run Remote Usage
		Usr 0 00:00:00, Sys 0 00:00:00  -  Run Local Usage
		Usr 0 00:00:08, Sys 0 00:00:00  -  Total Remote Usage
		Usr 0 00:00:00, Sys 0 00:00:00  -  Total Local Usage
	554  -  Run Bytes Sent By Job
	10422  -  Run Bytes Received By Job
	554  -  Total Bytes Sent By Job
	10422  -  Total Bytes Received By Job
	Partitionable Resources :    Usage  Request Allocated 
	   Cpus                 :        0        1         1 
	   Disk (KB)            :       28  2048000   3709606 
	   Memory (MB)          :      220     2000      2000 
...
000 (339725.070.000) 01/29 16:03:29 Job submitted from host: <155.230.23.72:9618?addrs=155.230.23.72-9618&noUDP&sock=882541_4c40_3>
...
001 (339725.070.000) 01/29 16:35:42 Job executing on host: <155.230.21.118:9618?addrs=155.230.21.118-9618&noUDP&sock=12615_6b51_47>
...
006 (339725.070.000) 01/29 16:35:50 Image size of job updated: 261696
	187  -  MemoryUsage of job (MB)
	190992  -  ResidentSetSize of job (KB)
...
006 (339725.070.000) 01/29 16:36:06 Image size of job updated: 310144
	187  -  MemoryUsage of job (MB)
	190992  -  ResidentSetSize of job (KB)
...
005 (339725.070.000) 01/29 16:36:06 Job terminated.
	(1) Normal termination (return value 0)
		Usr 0 00:00:12, Sys 0 00:00:04  -  Run Remote Usage
		Usr 0 00:00:00, Sys 0 00:00:00  -  Run Local Usage
		Usr 0 00:00:12, Sys 0 00:00:04  -  Total Remote Usage
		Usr 0 00:00:00, Sys 0 00:00:00  -  Total Local Usage
	718  -  Run Bytes Sent By Job
	10683  -  Run Bytes Received By Job
	718  -  Total Bytes Sent By Job
	10683  -  Total Bytes Received By Job
	Partitionable Resources :    Usage  Request Allocated 
	   Cpus                 :        0        1         1 
	   Disk (KB)            :       28  2048000   3791537 
	   Memory (MB)          :      187     2000      2000 
...
