000 (47439.006.000) 12/19 19:07:19 Job submitted from host: <155.230.20.251:9618?addrs=155.230.20.251-9618&noUDP&sock=930313_ea96_3>
...
001 (47439.006.000) 12/19 19:32:44 Job executing on host: <155.230.21.42:9618?addrs=155.230.21.42-9618&noUDP&sock=2987_697a_3>
...
006 (47439.006.000) 12/19 19:32:52 Image size of job updated: 88512
	49  -  MemoryUsage of job (MB)
	50060  -  ResidentSetSize of job (KB)
...
006 (47439.006.000) 12/19 19:33:18 Image size of job updated: 88512
	50  -  MemoryUsage of job (MB)
	50252  -  ResidentSetSize of job (KB)
...
005 (47439.006.000) 12/19 19:33:18 Job terminated.
	(1) Normal termination (return value 0)
		Usr 0 00:00:13, Sys 0 00:00:01  -  Run Remote Usage
		Usr 0 00:00:00, Sys 0 00:00:00  -  Run Local Usage
		Usr 0 00:00:13, Sys 0 00:00:01  -  Total Remote Usage
		Usr 0 00:00:00, Sys 0 00:00:00  -  Total Local Usage
	554  -  Run Bytes Sent By Job
	10422  -  Run Bytes Received By Job
	554  -  Total Bytes Sent By Job
	10422  -  Total Bytes Received By Job
	Partitionable Resources :    Usage  Request Allocated 
	   Cpus                 :     0.32        1         1 
	   Disk (KB)            :    28     2048000   3669141 
	   Memory (MB)          :    50        2000      2000 
...
000 (339725.006.000) 01/29 16:03:29 Job submitted from host: <155.230.23.72:9618?addrs=155.230.23.72-9618&noUDP&sock=882541_4c40_3>
...
001 (339725.006.000) 01/29 16:34:38 Job executing on host: <155.230.21.82:9618?addrs=155.230.21.82-9618&noUDP&sock=1520_2c0b_36>
...
006 (339725.006.000) 01/29 16:34:47 Image size of job updated: 301016
	220  -  MemoryUsage of job (MB)
	224488  -  ResidentSetSize of job (KB)
...
006 (339725.006.000) 01/29 16:34:52 Image size of job updated: 309868
	220  -  MemoryUsage of job (MB)
	224488  -  ResidentSetSize of job (KB)
...
005 (339725.006.000) 01/29 16:34:52 Job terminated.
	(1) Normal termination (return value 0)
		Usr 0 00:00:08, Sys 0 00:00:02  -  Run Remote Usage
		Usr 0 00:00:00, Sys 0 00:00:00  -  Run Local Usage
		Usr 0 00:00:08, Sys 0 00:00:02  -  Total Remote Usage
		Usr 0 00:00:00, Sys 0 00:00:00  -  Total Local Usage
	971  -  Run Bytes Sent By Job
	10683  -  Run Bytes Received By Job
	971  -  Total Bytes Sent By Job
	10683  -  Total Bytes Received By Job
	Partitionable Resources :    Usage  Request Allocated 
	   Cpus                 :     0.02        1         1 
	   Disk (KB)            :    29     2048000   3786225 
	   Memory (MB)          :   220        2000      2000 
...
