000 (47439.279.000) 12/19 19:07:20 Job submitted from host: <155.230.20.251:9618?addrs=155.230.20.251-9618&noUDP&sock=930313_ea96_3>
...
001 (47439.279.000) 12/19 19:38:05 Job executing on host: <155.230.21.95:9618?addrs=155.230.21.95-9618+[--1]-9618&noUDP&sock=14962_4417_3>
...
006 (47439.279.000) 12/19 19:38:14 Image size of job updated: 288952
	211  -  MemoryUsage of job (MB)
	215320  -  ResidentSetSize of job (KB)
...
005 (47439.279.000) 12/19 19:38:19 Job terminated.
	(1) Normal termination (return value 0)
		Usr 0 00:00:10, Sys 0 00:00:01  -  Run Remote Usage
		Usr 0 00:00:00, Sys 0 00:00:00  -  Run Local Usage
		Usr 0 00:00:10, Sys 0 00:00:01  -  Total Remote Usage
		Usr 0 00:00:00, Sys 0 00:00:00  -  Total Local Usage
	554  -  Run Bytes Sent By Job
	10422  -  Run Bytes Received By Job
	554  -  Total Bytes Sent By Job
	10422  -  Total Bytes Received By Job
	Partitionable Resources :    Usage  Request Allocated 
	   Cpus                 :                 1         1 
	   Disk (KB)            :       22  2048000  18549089 
	   Memory (MB)          :      211     2000      2000 
...
000 (339725.279.000) 01/29 16:03:29 Job submitted from host: <155.230.23.72:9618?addrs=155.230.23.72-9618&noUDP&sock=882541_4c40_3>
...
001 (339725.279.000) 01/29 16:39:41 Job executing on host: <155.230.21.120:9618?addrs=155.230.21.120-9618&noUDP&sock=13477_adf4_48>
...
006 (339725.279.000) 01/29 16:39:49 Image size of job updated: 275432
	199  -  MemoryUsage of job (MB)
	202788  -  ResidentSetSize of job (KB)
...
006 (339725.279.000) 01/29 16:40:04 Image size of job updated: 1539912
	199  -  MemoryUsage of job (MB)
	202988  -  ResidentSetSize of job (KB)
...
005 (339725.279.000) 01/29 16:40:04 Job terminated.
	(1) Normal termination (return value 0)
		Usr 0 00:00:12, Sys 0 00:00:04  -  Run Remote Usage
		Usr 0 00:00:00, Sys 0 00:00:00  -  Run Local Usage
		Usr 0 00:00:12, Sys 0 00:00:04  -  Total Remote Usage
		Usr 0 00:00:00, Sys 0 00:00:00  -  Total Local Usage
	719  -  Run Bytes Sent By Job
	10683  -  Run Bytes Received By Job
	719  -  Total Bytes Sent By Job
	10683  -  Total Bytes Received By Job
	Partitionable Resources :    Usage  Request Allocated 
	   Cpus                 :     0.63        1         1 
	   Disk (KB)            :    29     2048000   3791748 
	   Memory (MB)          :   199        2000      2000 
...
