000 (47439.762.000) 12/19 19:07:21 Job submitted from host: <155.230.20.251:9618?addrs=155.230.20.251-9618&noUDP&sock=930313_ea96_3>
...
001 (47439.762.000) 12/19 19:47:51 Job executing on host: <155.230.21.116:9618?addrs=155.230.21.116-9618&noUDP&sock=38331_74cc_3>
...
006 (47439.762.000) 12/19 19:48:00 Image size of job updated: 301664
	221  -  MemoryUsage of job (MB)
	225432  -  ResidentSetSize of job (KB)
...
005 (47439.762.000) 12/19 19:48:02 Job terminated.
	(1) Normal termination (return value 0)
		Usr 0 00:00:09, Sys 0 00:00:01  -  Run Remote Usage
		Usr 0 00:00:00, Sys 0 00:00:00  -  Run Local Usage
		Usr 0 00:00:09, Sys 0 00:00:01  -  Total Remote Usage
		Usr 0 00:00:00, Sys 0 00:00:00  -  Total Local Usage
	554  -  Run Bytes Sent By Job
	10422  -  Run Bytes Received By Job
	554  -  Total Bytes Sent By Job
	10422  -  Total Bytes Received By Job
	Partitionable Resources :    Usage  Request Allocated 
	   Cpus                 :        0        1         1 
	   Disk (KB)            :       28  2048000   3709334 
	   Memory (MB)          :      221     2000      2000 
...
000 (339725.762.000) 01/29 16:03:30 Job submitted from host: <155.230.23.72:9618?addrs=155.230.23.72-9618&noUDP&sock=882541_4c40_3>
...
001 (339725.762.000) 01/29 16:48:03 Job executing on host: <155.230.21.115:9618?addrs=155.230.21.115-9618+[2407-c000-c024-0-beee-7bff-fe2f-e035]-9618&noUDP&sock=1549_104a_3>
...
006 (339725.762.000) 01/29 16:48:11 Image size of job updated: 288324
	210  -  MemoryUsage of job (MB)
	214196  -  ResidentSetSize of job (KB)
...
006 (339725.762.000) 01/29 16:48:21 Image size of job updated: 311936
	210  -  MemoryUsage of job (MB)
	214196  -  ResidentSetSize of job (KB)
...
005 (339725.762.000) 01/29 16:48:21 Job terminated.
	(1) Normal termination (return value 0)
		Usr 0 00:00:11, Sys 0 00:00:03  -  Run Remote Usage
		Usr 0 00:00:00, Sys 0 00:00:00  -  Run Local Usage
		Usr 0 00:00:11, Sys 0 00:00:03  -  Total Remote Usage
		Usr 0 00:00:00, Sys 0 00:00:00  -  Total Local Usage
	719  -  Run Bytes Sent By Job
	10683  -  Run Bytes Received By Job
	719  -  Total Bytes Sent By Job
	10683  -  Total Bytes Received By Job
	Partitionable Resources :    Usage  Request Allocated 
	   Cpus                 :        0        1         1 
	   Disk (KB)            :       29  2048000   3798708 
	   Memory (MB)          :      210     2000      2000 
...
