000 (47439.560.000) 12/19 19:07:20 Job submitted from host: <155.230.20.251:9618?addrs=155.230.20.251-9618&noUDP&sock=930313_ea96_3>
...
001 (47439.560.000) 12/19 19:44:12 Job executing on host: <155.230.21.82:9618?addrs=155.230.21.82-9618&noUDP&sock=1520_2c0b_3>
...
006 (47439.560.000) 12/19 19:44:20 Image size of job updated: 289448
	211  -  MemoryUsage of job (MB)
	215720  -  ResidentSetSize of job (KB)
...
006 (47439.560.000) 12/19 19:44:23 Image size of job updated: 299808
	211  -  MemoryUsage of job (MB)
	215720  -  ResidentSetSize of job (KB)
...
005 (47439.560.000) 12/19 19:44:23 Job terminated.
	(1) Normal termination (return value 0)
		Usr 0 00:00:07, Sys 0 00:00:00  -  Run Remote Usage
		Usr 0 00:00:00, Sys 0 00:00:00  -  Run Local Usage
		Usr 0 00:00:07, Sys 0 00:00:00  -  Total Remote Usage
		Usr 0 00:00:00, Sys 0 00:00:00  -  Total Local Usage
	554  -  Run Bytes Sent By Job
	10422  -  Run Bytes Received By Job
	554  -  Total Bytes Sent By Job
	10422  -  Total Bytes Received By Job
	Partitionable Resources :    Usage  Request Allocated 
	   Cpus                 :        0        1         1 
	   Disk (KB)            :       28  2048000   3711920 
	   Memory (MB)          :      211     2000      2000 
...
000 (339725.560.000) 01/29 16:03:30 Job submitted from host: <155.230.23.72:9618?addrs=155.230.23.72-9618&noUDP&sock=882541_4c40_3>
...
001 (339725.560.000) 01/29 16:44:50 Job executing on host: <155.230.21.35:9618?addrs=155.230.21.35-9618&noUDP&sock=11940_6ce3_3>
...
006 (339725.560.000) 01/29 16:44:59 Image size of job updated: 203788
	133  -  MemoryUsage of job (MB)
	136000  -  ResidentSetSize of job (KB)
...
006 (339725.560.000) 01/29 16:45:53 Image size of job updated: 1544644
	133  -  MemoryUsage of job (MB)
	136056  -  ResidentSetSize of job (KB)
...
005 (339725.560.000) 01/29 16:45:53 Job terminated.
	(1) Normal termination (return value 0)
		Usr 0 00:00:16, Sys 0 00:00:05  -  Run Remote Usage
		Usr 0 00:00:00, Sys 0 00:00:00  -  Run Local Usage
		Usr 0 00:00:16, Sys 0 00:00:05  -  Total Remote Usage
		Usr 0 00:00:00, Sys 0 00:00:00  -  Total Local Usage
	719  -  Run Bytes Sent By Job
	10683  -  Run Bytes Received By Job
	719  -  Total Bytes Sent By Job
	10683  -  Total Bytes Received By Job
	Partitionable Resources :    Usage  Request Allocated 
	   Cpus                 :     0.15        1         1 
	   Disk (KB)            :    29     2048000   3689027 
	   Memory (MB)          :   133        2000      2000 
...
