000 (47439.484.000) 12/19 19:07:20 Job submitted from host: <155.230.20.251:9618?addrs=155.230.20.251-9618&noUDP&sock=930313_ea96_3>
...
001 (47439.484.000) 12/19 19:42:17 Job executing on host: <155.230.21.119:9618?addrs=155.230.21.119-9618&noUDP&sock=7399_ad53_3>
...
006 (47439.484.000) 12/19 19:42:25 Image size of job updated: 285860
	209  -  MemoryUsage of job (MB)
	213540  -  ResidentSetSize of job (KB)
...
006 (47439.484.000) 12/19 19:42:29 Image size of job updated: 301380
	209  -  MemoryUsage of job (MB)
	213540  -  ResidentSetSize of job (KB)
...
005 (47439.484.000) 12/19 19:42:30 Job terminated.
	(1) Normal termination (return value 0)
		Usr 0 00:00:10, Sys 0 00:00:01  -  Run Remote Usage
		Usr 0 00:00:00, Sys 0 00:00:00  -  Run Local Usage
		Usr 0 00:00:10, Sys 0 00:00:01  -  Total Remote Usage
		Usr 0 00:00:00, Sys 0 00:00:00  -  Total Local Usage
	554  -  Run Bytes Sent By Job
	10422  -  Run Bytes Received By Job
	554  -  Total Bytes Sent By Job
	10422  -  Total Bytes Received By Job
	Partitionable Resources :    Usage  Request Allocated 
	   Cpus                 :     0.04        1         1 
	   Disk (KB)            :    28     2048000   3709467 
	   Memory (MB)          :   209        2000      2000 
...
000 (339725.484.000) 01/29 16:03:29 Job submitted from host: <155.230.23.72:9618?addrs=155.230.23.72-9618&noUDP&sock=882541_4c40_3>
...
001 (339725.484.000) 01/29 16:43:00 Job executing on host: <155.230.21.94:9618?addrs=155.230.21.94-9618&noUDP&sock=10639_0c2d_48>
...
006 (339725.484.000) 01/29 16:43:09 Image size of job updated: 293084
	214  -  MemoryUsage of job (MB)
	218256  -  ResidentSetSize of job (KB)
...
006 (339725.484.000) 01/29 16:43:20 Image size of job updated: 319020
	214  -  MemoryUsage of job (MB)
	218256  -  ResidentSetSize of job (KB)
...
005 (339725.484.000) 01/29 16:43:20 Job terminated.
	(1) Normal termination (return value 0)
		Usr 0 00:00:08, Sys 0 00:00:03  -  Run Remote Usage
		Usr 0 00:00:00, Sys 0 00:00:00  -  Run Local Usage
		Usr 0 00:00:08, Sys 0 00:00:03  -  Total Remote Usage
		Usr 0 00:00:00, Sys 0 00:00:00  -  Total Local Usage
	719  -  Run Bytes Sent By Job
	10683  -  Run Bytes Received By Job
	719  -  Total Bytes Sent By Job
	10683  -  Total Bytes Received By Job
	Partitionable Resources :    Usage  Request Allocated 
	   Cpus                 :        0        1         1 
	   Disk (KB)            :       28  2048000   3782837 
	   Memory (MB)          :      214     2000      2000 
...
