000 (47439.947.000) 12/19 19:07:21 Job submitted from host: <155.230.20.251:9618?addrs=155.230.20.251-9618&noUDP&sock=930313_ea96_3>
...
001 (47439.947.000) 12/19 19:52:20 Job executing on host: <155.230.21.100:9618?addrs=155.230.21.100-9618&noUDP&sock=9525_efac_3>
...
006 (47439.947.000) 12/19 19:52:29 Image size of job updated: 117048
	66  -  MemoryUsage of job (MB)
	66884  -  ResidentSetSize of job (KB)
...
006 (47439.947.000) 12/19 19:52:43 Image size of job updated: 550340
	66  -  MemoryUsage of job (MB)
	66884  -  ResidentSetSize of job (KB)
...
005 (47439.947.000) 12/19 19:52:43 Job terminated.
	(1) Normal termination (return value 0)
		Usr 0 00:00:10, Sys 0 00:00:01  -  Run Remote Usage
		Usr 0 00:00:00, Sys 0 00:00:00  -  Run Local Usage
		Usr 0 00:00:10, Sys 0 00:00:01  -  Total Remote Usage
		Usr 0 00:00:00, Sys 0 00:00:00  -  Total Local Usage
	554  -  Run Bytes Sent By Job
	10422  -  Run Bytes Received By Job
	554  -  Total Bytes Sent By Job
	10422  -  Total Bytes Received By Job
	Partitionable Resources :    Usage  Request Allocated 
	   Cpus                 :        0        1         1 
	   Disk (KB)            :       28  2048000   3673277 
	   Memory (MB)          :       66     2000      2000 
...
000 (339725.947.000) 01/29 16:03:30 Job submitted from host: <155.230.23.72:9618?addrs=155.230.23.72-9618&noUDP&sock=882541_4c40_3>
...
001 (339725.947.000) 01/29 16:51:55 Job executing on host: <155.230.21.79:9618?addrs=155.230.21.79-9618&noUDP&sock=27572_ad58_48>
...
006 (339725.947.000) 01/29 16:52:03 Image size of job updated: 291064
	212  -  MemoryUsage of job (MB)
	216236  -  ResidentSetSize of job (KB)
...
006 (339725.947.000) 01/29 16:52:18 Image size of job updated: 317844
	212  -  MemoryUsage of job (MB)
	216236  -  ResidentSetSize of job (KB)
...
005 (339725.947.000) 01/29 16:52:18 Job terminated.
	(1) Normal termination (return value 0)
		Usr 0 00:00:09, Sys 0 00:00:03  -  Run Remote Usage
		Usr 0 00:00:00, Sys 0 00:00:00  -  Run Local Usage
		Usr 0 00:00:09, Sys 0 00:00:03  -  Total Remote Usage
		Usr 0 00:00:00, Sys 0 00:00:00  -  Total Local Usage
	719  -  Run Bytes Sent By Job
	10683  -  Run Bytes Received By Job
	719  -  Total Bytes Sent By Job
	10683  -  Total Bytes Received By Job
	Partitionable Resources :    Usage  Request Allocated 
	   Cpus                 :     0.02        1         1 
	   Disk (KB)            :    28     2048000   3841081 
	   Memory (MB)          :   212        2000      2000 
...
