000 (47439.451.000) 12/19 19:07:20 Job submitted from host: <155.230.20.251:9618?addrs=155.230.20.251-9618&noUDP&sock=930313_ea96_3>
...
001 (47439.451.000) 12/19 19:42:17 Job executing on host: <155.230.21.35:9618?addrs=155.230.21.35-9618&noUDP&sock=11940_6ce3_3>
...
006 (47439.451.000) 12/19 19:42:26 Image size of job updated: 120120
	68  -  MemoryUsage of job (MB)
	69136  -  ResidentSetSize of job (KB)
...
006 (47439.451.000) 12/19 19:42:44 Image size of job updated: 300428
	68  -  MemoryUsage of job (MB)
	69140  -  ResidentSetSize of job (KB)
...
005 (47439.451.000) 12/19 19:42:44 Job terminated.
	(1) Normal termination (return value 0)
		Usr 0 00:00:14, Sys 0 00:00:02  -  Run Remote Usage
		Usr 0 00:00:00, Sys 0 00:00:00  -  Run Local Usage
		Usr 0 00:00:14, Sys 0 00:00:02  -  Total Remote Usage
		Usr 0 00:00:00, Sys 0 00:00:00  -  Total Local Usage
	554  -  Run Bytes Sent By Job
	10422  -  Run Bytes Received By Job
	554  -  Total Bytes Sent By Job
	10422  -  Total Bytes Received By Job
	Partitionable Resources :    Usage  Request Allocated 
	   Cpus                 :        0        1         1 
	   Disk (KB)            :       28  2048000   3689027 
	   Memory (MB)          :       68     2000      2000 
...
000 (339725.451.000) 01/29 16:03:29 Job submitted from host: <155.230.23.72:9618?addrs=155.230.23.72-9618&noUDP&sock=882541_4c40_3>
...
001 (339725.451.000) 01/29 16:42:47 Job executing on host: <155.230.21.41:9618?addrs=155.230.21.41-9618&noUDP&sock=24346_e8d2_3>
...
006 (339725.451.000) 01/29 16:42:56 Image size of job updated: 117108
	66  -  MemoryUsage of job (MB)
	66952  -  ResidentSetSize of job (KB)
...
006 (339725.451.000) 01/29 16:44:14 Image size of job updated: 240784
	66  -  MemoryUsage of job (MB)
	66952  -  ResidentSetSize of job (KB)
...
005 (339725.451.000) 01/29 16:44:14 Job terminated.
	(1) Normal termination (return value 0)
		Usr 0 00:00:15, Sys 0 00:00:06  -  Run Remote Usage
		Usr 0 00:00:00, Sys 0 00:00:00  -  Run Local Usage
		Usr 0 00:00:15, Sys 0 00:00:06  -  Total Remote Usage
		Usr 0 00:00:00, Sys 0 00:00:00  -  Total Local Usage
	719  -  Run Bytes Sent By Job
	10683  -  Run Bytes Received By Job
	719  -  Total Bytes Sent By Job
	10683  -  Total Bytes Received By Job
	Partitionable Resources :    Usage  Request Allocated 
	   Cpus                 :     0.11        1         1 
	   Disk (KB)            :    29     2048000   3653325 
	   Memory (MB)          :    66        2000      2000 
...
