000 (47439.657.000) 12/19 19:07:21 Job submitted from host: <155.230.20.251:9618?addrs=155.230.20.251-9618&noUDP&sock=930313_ea96_3>
...
001 (47439.657.000) 12/19 19:46:16 Job executing on host: <155.230.21.91:9618?addrs=155.230.21.91-9618&noUDP&sock=17349_8ca8_3>
...
006 (47439.657.000) 12/19 19:46:25 Image size of job updated: 301312
	220  -  MemoryUsage of job (MB)
	225068  -  ResidentSetSize of job (KB)
...
005 (47439.657.000) 12/19 19:46:26 Job terminated.
	(1) Normal termination (return value 0)
		Usr 0 00:00:07, Sys 0 00:00:00  -  Run Remote Usage
		Usr 0 00:00:00, Sys 0 00:00:00  -  Run Local Usage
		Usr 0 00:00:07, Sys 0 00:00:00  -  Total Remote Usage
		Usr 0 00:00:00, Sys 0 00:00:00  -  Total Local Usage
	554  -  Run Bytes Sent By Job
	10422  -  Run Bytes Received By Job
	554  -  Total Bytes Sent By Job
	10422  -  Total Bytes Received By Job
	Partitionable Resources :    Usage  Request Allocated 
	   Cpus                 :        0        1         1 
	   Disk (KB)            :       28  2048000   3710322 
	   Memory (MB)          :      220     2000      2000 
...
000 (339725.657.000) 01/29 16:03:30 Job submitted from host: <155.230.23.72:9618?addrs=155.230.23.72-9618&noUDP&sock=882541_4c40_3>
...
001 (339725.657.000) 01/29 16:46:04 Job executing on host: <155.230.21.116:9618?addrs=155.230.21.116-9618&noUDP&sock=38331_74cc_46>
...
006 (339725.657.000) 01/29 16:46:12 Image size of job updated: 288088
	209  -  MemoryUsage of job (MB)
	213960  -  ResidentSetSize of job (KB)
...
006 (339725.657.000) 01/29 16:46:23 Image size of job updated: 310732
	209  -  MemoryUsage of job (MB)
	213960  -  ResidentSetSize of job (KB)
...
005 (339725.657.000) 01/29 16:46:23 Job terminated.
	(1) Normal termination (return value 0)
		Usr 0 00:00:11, Sys 0 00:00:04  -  Run Remote Usage
		Usr 0 00:00:00, Sys 0 00:00:00  -  Run Local Usage
		Usr 0 00:00:11, Sys 0 00:00:04  -  Total Remote Usage
		Usr 0 00:00:00, Sys 0 00:00:00  -  Total Local Usage
	719  -  Run Bytes Sent By Job
	10683  -  Run Bytes Received By Job
	719  -  Total Bytes Sent By Job
	10683  -  Total Bytes Received By Job
	Partitionable Resources :    Usage  Request Allocated 
	   Cpus                 :        0        1         1 
	   Disk (KB)            :       28  2048000   3788511 
	   Memory (MB)          :      209     2000      2000 
...
