000 (47439.343.000) 12/19 19:07:20 Job submitted from host: <155.230.20.251:9618?addrs=155.230.20.251-9618&noUDP&sock=930313_ea96_3>
...
001 (47439.343.000) 12/19 19:39:17 Job executing on host: <155.230.21.111:9618?addrs=155.230.21.111-9618&noUDP&sock=14468_6c4e_3>
...
006 (47439.343.000) 12/19 19:39:25 Image size of job updated: 292676
	213  -  MemoryUsage of job (MB)
	217944  -  ResidentSetSize of job (KB)
...
006 (47439.343.000) 12/19 19:39:28 Image size of job updated: 303848
	213  -  MemoryUsage of job (MB)
	217944  -  ResidentSetSize of job (KB)
...
005 (47439.343.000) 12/19 19:39:28 Job terminated.
	(1) Normal termination (return value 0)
		Usr 0 00:00:08, Sys 0 00:00:01  -  Run Remote Usage
		Usr 0 00:00:00, Sys 0 00:00:00  -  Run Local Usage
		Usr 0 00:00:08, Sys 0 00:00:01  -  Total Remote Usage
		Usr 0 00:00:00, Sys 0 00:00:00  -  Total Local Usage
	554  -  Run Bytes Sent By Job
	10422  -  Run Bytes Received By Job
	554  -  Total Bytes Sent By Job
	10422  -  Total Bytes Received By Job
	Partitionable Resources :    Usage  Request Allocated 
	   Cpus                 :        0        1         1 
	   Disk (KB)            :       28  2048000   3709606 
	   Memory (MB)          :      213     2000      2000 
...
