000 (47439.734.000) 12/19 19:07:21 Job submitted from host: <155.230.20.251:9618?addrs=155.230.20.251-9618&noUDP&sock=930313_ea96_3>
...
001 (47439.734.000) 12/19 19:47:40 Job executing on host: <155.230.21.109:9618?addrs=155.230.21.109-9618&noUDP&sock=26104_c051_3>
...
006 (47439.734.000) 12/19 19:47:48 Image size of job updated: 301612
	221  -  MemoryUsage of job (MB)
	225380  -  ResidentSetSize of job (KB)
...
005 (47439.734.000) 12/19 19:47:50 Job terminated.
	(1) Normal termination (return value 0)
		Usr 0 00:00:08, Sys 0 00:00:00  -  Run Remote Usage
		Usr 0 00:00:00, Sys 0 00:00:00  -  Run Local Usage
		Usr 0 00:00:08, Sys 0 00:00:00  -  Total Remote Usage
		Usr 0 00:00:00, Sys 0 00:00:00  -  Total Local Usage
	554  -  Run Bytes Sent By Job
	10422  -  Run Bytes Received By Job
	554  -  Total Bytes Sent By Job
	10422  -  Total Bytes Received By Job
	Partitionable Resources :    Usage  Request Allocated 
	   Cpus                 :     0.02        1         1 
	   Disk (KB)            :    28     2048000   3710353 
	   Memory (MB)          :   221        2000      2000 
...
000 (339725.734.000) 01/29 16:03:30 Job submitted from host: <155.230.23.72:9618?addrs=155.230.23.72-9618&noUDP&sock=882541_4c40_3>
...
001 (339725.734.000) 01/29 16:47:53 Job executing on host: <155.230.21.88:9618?addrs=155.230.21.88-9618&noUDP&sock=1537_d527_36>
...
006 (339725.734.000) 01/29 16:48:02 Image size of job updated: 290888
	211  -  MemoryUsage of job (MB)
	216060  -  ResidentSetSize of job (KB)
...
006 (339725.734.000) 01/29 16:48:14 Image size of job updated: 315948
	211  -  MemoryUsage of job (MB)
	216060  -  ResidentSetSize of job (KB)
...
005 (339725.734.000) 01/29 16:48:14 Job terminated.
	(1) Normal termination (return value 0)
		Usr 0 00:00:08, Sys 0 00:00:03  -  Run Remote Usage
		Usr 0 00:00:00, Sys 0 00:00:00  -  Run Local Usage
		Usr 0 00:00:08, Sys 0 00:00:03  -  Total Remote Usage
		Usr 0 00:00:00, Sys 0 00:00:00  -  Total Local Usage
	719  -  Run Bytes Sent By Job
	10683  -  Run Bytes Received By Job
	719  -  Total Bytes Sent By Job
	10683  -  Total Bytes Received By Job
	Partitionable Resources :    Usage  Request Allocated 
	   Cpus                 :     0.87        1         1 
	   Disk (KB)            :    28     2048000   3742428 
	   Memory (MB)          :   211        2000      2000 
...
