000 (47439.633.000) 12/19 19:07:21 Job submitted from host: <155.230.20.251:9618?addrs=155.230.20.251-9618&noUDP&sock=930313_ea96_3>
...
001 (47439.633.000) 12/19 19:46:14 Job executing on host: <155.230.21.38:9618?addrs=155.230.21.38-9618&noUDP&sock=22636_fddf_3>
...
006 (47439.633.000) 12/19 19:46:23 Image size of job updated: 166436
	102  -  MemoryUsage of job (MB)
	103972  -  ResidentSetSize of job (KB)
...
006 (47439.633.000) 12/19 19:46:38 Image size of job updated: 304652
	102  -  MemoryUsage of job (MB)
	104032  -  ResidentSetSize of job (KB)
...
005 (47439.633.000) 12/19 19:46:39 Job terminated.
	(1) Normal termination (return value 0)
		Usr 0 00:00:14, Sys 0 00:00:01  -  Run Remote Usage
		Usr 0 00:00:00, Sys 0 00:00:00  -  Run Local Usage
		Usr 0 00:00:14, Sys 0 00:00:01  -  Total Remote Usage
		Usr 0 00:00:00, Sys 0 00:00:00  -  Total Local Usage
	554  -  Run Bytes Sent By Job
	10422  -  Run Bytes Received By Job
	554  -  Total Bytes Sent By Job
	10422  -  Total Bytes Received By Job
	Partitionable Resources :    Usage  Request Allocated 
	   Cpus                 :        0        1         1 
	   Disk (KB)            :       28  2048000   3666180 
	   Memory (MB)          :      102     2000      2000 
...
000 (339725.633.000) 01/29 16:03:30 Job submitted from host: <155.230.23.72:9618?addrs=155.230.23.72-9618&noUDP&sock=882541_4c40_3>
...
001 (339725.633.000) 01/29 16:45:57 Job executing on host: <155.230.21.110:9618?addrs=155.230.21.110-9618&noUDP&sock=15413_9d4e_48>
...
006 (339725.633.000) 01/29 16:46:06 Image size of job updated: 292872
	213  -  MemoryUsage of job (MB)
	217472  -  ResidentSetSize of job (KB)
...
006 (339725.633.000) 01/29 16:46:15 Image size of job updated: 310812
	213  -  MemoryUsage of job (MB)
	217580  -  ResidentSetSize of job (KB)
...
005 (339725.633.000) 01/29 16:46:15 Job terminated.
	(1) Normal termination (return value 0)
		Usr 0 00:00:10, Sys 0 00:00:04  -  Run Remote Usage
		Usr 0 00:00:00, Sys 0 00:00:00  -  Run Local Usage
		Usr 0 00:00:10, Sys 0 00:00:04  -  Total Remote Usage
		Usr 0 00:00:00, Sys 0 00:00:00  -  Total Local Usage
	719  -  Run Bytes Sent By Job
	10683  -  Run Bytes Received By Job
	719  -  Total Bytes Sent By Job
	10683  -  Total Bytes Received By Job
	Partitionable Resources :    Usage  Request Allocated 
	   Cpus                 :        0        1         1 
	   Disk (KB)            :       28  2048000   3782143 
	   Memory (MB)          :      213     2000      2000 
...
