000 (47439.935.000) 12/19 19:07:21 Job submitted from host: <155.230.20.251:9618?addrs=155.230.20.251-9618&noUDP&sock=930313_ea96_3>
...
001 (47439.935.000) 12/19 19:51:34 Job executing on host: <155.230.21.117:9618?addrs=155.230.21.117-9618&noUDP&sock=8728_42b0_3>
...
006 (47439.935.000) 12/19 19:51:42 Image size of job updated: 303264
	222  -  MemoryUsage of job (MB)
	227032  -  ResidentSetSize of job (KB)
...
005 (47439.935.000) 12/19 19:51:44 Job terminated.
	(1) Normal termination (return value 0)
		Usr 0 00:00:08, Sys 0 00:00:00  -  Run Remote Usage
		Usr 0 00:00:00, Sys 0 00:00:00  -  Run Local Usage
		Usr 0 00:00:08, Sys 0 00:00:00  -  Total Remote Usage
		Usr 0 00:00:00, Sys 0 00:00:00  -  Total Local Usage
	554  -  Run Bytes Sent By Job
	10422  -  Run Bytes Received By Job
	554  -  Total Bytes Sent By Job
	10422  -  Total Bytes Received By Job
	Partitionable Resources :    Usage  Request Allocated 
	   Cpus                 :     0.03        1         1 
	   Disk (KB)            :    28     2048000   3710066 
	   Memory (MB)          :   222        2000      2000 
...
000 (339725.935.000) 01/29 16:03:30 Job submitted from host: <155.230.23.72:9618?addrs=155.230.23.72-9618&noUDP&sock=882541_4c40_3>
...
001 (339725.935.000) 01/29 16:51:54 Job executing on host: <155.230.21.33:9618?addrs=155.230.21.33-9618&noUDP&sock=18775_aab5_3>
...
006 (339725.935.000) 01/29 16:52:03 Image size of job updated: 134368
	69  -  MemoryUsage of job (MB)
	70648  -  ResidentSetSize of job (KB)
...
006 (339725.935.000) 01/29 16:53:25 Image size of job updated: 244596
	70  -  MemoryUsage of job (MB)
	70904  -  ResidentSetSize of job (KB)
...
005 (339725.935.000) 01/29 16:53:25 Job terminated.
	(1) Normal termination (return value 0)
		Usr 0 00:00:17, Sys 0 00:00:06  -  Run Remote Usage
		Usr 0 00:00:00, Sys 0 00:00:00  -  Run Local Usage
		Usr 0 00:00:17, Sys 0 00:00:06  -  Total Remote Usage
		Usr 0 00:00:00, Sys 0 00:00:00  -  Total Local Usage
	719  -  Run Bytes Sent By Job
	10683  -  Run Bytes Received By Job
	719  -  Total Bytes Sent By Job
	10683  -  Total Bytes Received By Job
	Partitionable Resources :    Usage  Request Allocated 
	   Cpus                 :     0.37        1         1 
	   Disk (KB)            :    29     2048000   3679636 
	   Memory (MB)          :    70        2000      2000 
...
