000 (47439.490.000) 12/19 19:07:20 Job submitted from host: <155.230.20.251:9618?addrs=155.230.20.251-9618&noUDP&sock=930313_ea96_3>
...
001 (47439.490.000) 12/19 19:42:19 Job executing on host: <155.230.21.118:9618?addrs=155.230.21.118-9618&noUDP&sock=12615_6b51_3>
...
006 (47439.490.000) 12/19 19:42:27 Image size of job updated: 285216
	208  -  MemoryUsage of job (MB)
	212896  -  ResidentSetSize of job (KB)
...
006 (47439.490.000) 12/19 19:42:31 Image size of job updated: 291512
	208  -  MemoryUsage of job (MB)
	212896  -  ResidentSetSize of job (KB)
...
005 (47439.490.000) 12/19 19:42:31 Job terminated.
	(1) Normal termination (return value 0)
		Usr 0 00:00:10, Sys 0 00:00:01  -  Run Remote Usage
		Usr 0 00:00:00, Sys 0 00:00:00  -  Run Local Usage
		Usr 0 00:00:10, Sys 0 00:00:01  -  Total Remote Usage
		Usr 0 00:00:00, Sys 0 00:00:00  -  Total Local Usage
	554  -  Run Bytes Sent By Job
	10422  -  Run Bytes Received By Job
	554  -  Total Bytes Sent By Job
	10422  -  Total Bytes Received By Job
	Partitionable Resources :    Usage  Request Allocated 
	   Cpus                 :        0        1         1 
	   Disk (KB)            :       28  2048000   3709329 
	   Memory (MB)          :      208     2000      2000 
...
000 (339725.490.000) 01/29 16:03:29 Job submitted from host: <155.230.23.72:9618?addrs=155.230.23.72-9618&noUDP&sock=882541_4c40_3>
...
001 (339725.490.000) 01/29 16:43:01 Job executing on host: <155.230.21.120:9618?addrs=155.230.21.120-9618&noUDP&sock=13477_adf4_48>
...
006 (339725.490.000) 01/29 16:43:09 Image size of job updated: 267236
	191  -  MemoryUsage of job (MB)
	195428  -  ResidentSetSize of job (KB)
...
006 (339725.490.000) 01/29 16:43:21 Image size of job updated: 318880
	191  -  MemoryUsage of job (MB)
	195428  -  ResidentSetSize of job (KB)
...
005 (339725.490.000) 01/29 16:43:21 Job terminated.
	(1) Normal termination (return value 0)
		Usr 0 00:00:12, Sys 0 00:00:04  -  Run Remote Usage
		Usr 0 00:00:00, Sys 0 00:00:00  -  Run Local Usage
		Usr 0 00:00:12, Sys 0 00:00:04  -  Total Remote Usage
		Usr 0 00:00:00, Sys 0 00:00:00  -  Total Local Usage
	719  -  Run Bytes Sent By Job
	10683  -  Run Bytes Received By Job
	719  -  Total Bytes Sent By Job
	10683  -  Total Bytes Received By Job
	Partitionable Resources :    Usage  Request Allocated 
	   Cpus                 :        0        1         1 
	   Disk (KB)            :       28  2048000   3791748 
	   Memory (MB)          :      191     2000      2000 
...
