000 (47439.645.000) 12/19 19:07:21 Job submitted from host: <155.230.20.251:9618?addrs=155.230.20.251-9618&noUDP&sock=930313_ea96_3>
...
001 (47439.645.000) 12/19 19:46:07 Job executing on host: <155.230.21.108:9618?addrs=155.230.21.108-9618&noUDP&sock=779_e85d_3>
...
006 (47439.645.000) 12/19 19:46:15 Image size of job updated: 301056
	220  -  MemoryUsage of job (MB)
	224892  -  ResidentSetSize of job (KB)
...
006 (47439.645.000) 12/19 19:46:18 Image size of job updated: 301068
	220  -  MemoryUsage of job (MB)
	224904  -  ResidentSetSize of job (KB)
...
005 (47439.645.000) 12/19 19:46:18 Job terminated.
	(1) Normal termination (return value 0)
		Usr 0 00:00:08, Sys 0 00:00:00  -  Run Remote Usage
		Usr 0 00:00:00, Sys 0 00:00:00  -  Run Local Usage
		Usr 0 00:00:08, Sys 0 00:00:00  -  Total Remote Usage
		Usr 0 00:00:00, Sys 0 00:00:00  -  Total Local Usage
	554  -  Run Bytes Sent By Job
	10422  -  Run Bytes Received By Job
	554  -  Total Bytes Sent By Job
	10422  -  Total Bytes Received By Job
	Partitionable Resources :    Usage  Request Allocated 
	   Cpus                 :        0        1         1 
	   Disk (KB)            :       28  2048000   3664171 
	   Memory (MB)          :      220     2000      2000 
...
000 (339725.645.000) 01/29 16:03:30 Job submitted from host: <155.230.23.72:9618?addrs=155.230.23.72-9618&noUDP&sock=882541_4c40_3>
...
001 (339725.645.000) 01/29 16:46:01 Job executing on host: <155.230.21.81:9618?addrs=155.230.21.81-9618&noUDP&sock=1515_be12_36>
...
006 (339725.645.000) 01/29 16:46:10 Image size of job updated: 250740
	178  -  MemoryUsage of job (MB)
	182256  -  ResidentSetSize of job (KB)
...
006 (339725.645.000) 01/29 16:46:22 Image size of job updated: 318796
	179  -  MemoryUsage of job (MB)
	182316  -  ResidentSetSize of job (KB)
...
005 (339725.645.000) 01/29 16:46:22 Job terminated.
	(1) Normal termination (return value 0)
		Usr 0 00:00:09, Sys 0 00:00:03  -  Run Remote Usage
		Usr 0 00:00:00, Sys 0 00:00:00  -  Run Local Usage
		Usr 0 00:00:09, Sys 0 00:00:03  -  Total Remote Usage
		Usr 0 00:00:00, Sys 0 00:00:00  -  Total Local Usage
	719  -  Run Bytes Sent By Job
	10683  -  Run Bytes Received By Job
	719  -  Total Bytes Sent By Job
	10683  -  Total Bytes Received By Job
	Partitionable Resources :    Usage  Request Allocated 
	   Cpus                 :        0        1         1 
	   Disk (KB)            :       28  2048000   3790577 
	   Memory (MB)          :      179     2000      2000 
...
