000 (47439.895.000) 12/19 19:07:21 Job submitted from host: <155.230.20.251:9618?addrs=155.230.20.251-9618&noUDP&sock=930313_ea96_3>
...
001 (47439.895.000) 12/19 19:50:33 Job executing on host: <155.230.21.126:9618?addrs=155.230.21.126-9618&noUDP&sock=27949_448d_3>
...
006 (47439.895.000) 12/19 19:50:41 Image size of job updated: 302224
	221  -  MemoryUsage of job (MB)
	225988  -  ResidentSetSize of job (KB)
...
006 (47439.895.000) 12/19 19:50:42 Image size of job updated: 550332
	221  -  MemoryUsage of job (MB)
	225988  -  ResidentSetSize of job (KB)
...
005 (47439.895.000) 12/19 19:50:42 Job terminated.
	(1) Normal termination (return value 0)
		Usr 0 00:00:07, Sys 0 00:00:00  -  Run Remote Usage
		Usr 0 00:00:00, Sys 0 00:00:00  -  Run Local Usage
		Usr 0 00:00:07, Sys 0 00:00:00  -  Total Remote Usage
		Usr 0 00:00:00, Sys 0 00:00:00  -  Total Local Usage
	554  -  Run Bytes Sent By Job
	10422  -  Run Bytes Received By Job
	554  -  Total Bytes Sent By Job
	10422  -  Total Bytes Received By Job
	Partitionable Resources :    Usage  Request Allocated 
	   Cpus                 :     0.02        1         1 
	   Disk (KB)            :    28     2048000   3652507 
	   Memory (MB)          :   221        2000      2000 
...
000 (339725.895.000) 01/29 16:03:30 Job submitted from host: <155.230.23.72:9618?addrs=155.230.23.72-9618&noUDP&sock=882541_4c40_3>
...
001 (339725.895.000) 01/29 16:50:55 Job executing on host: <155.230.21.111:9618?addrs=155.230.21.111-9618&noUDP&sock=14468_6c4e_47>
...
006 (339725.895.000) 01/29 16:51:03 Image size of job updated: 287864
	210  -  MemoryUsage of job (MB)
	214372  -  ResidentSetSize of job (KB)
...
006 (339725.895.000) 01/29 16:51:18 Image size of job updated: 312384
	210  -  MemoryUsage of job (MB)
	214376  -  ResidentSetSize of job (KB)
...
005 (339725.895.000) 01/29 16:51:18 Job terminated.
	(1) Normal termination (return value 0)
		Usr 0 00:00:10, Sys 0 00:00:04  -  Run Remote Usage
		Usr 0 00:00:00, Sys 0 00:00:00  -  Run Local Usage
		Usr 0 00:00:10, Sys 0 00:00:04  -  Total Remote Usage
		Usr 0 00:00:00, Sys 0 00:00:00  -  Total Local Usage
	719  -  Run Bytes Sent By Job
	10683  -  Run Bytes Received By Job
	719  -  Total Bytes Sent By Job
	10683  -  Total Bytes Received By Job
	Partitionable Resources :    Usage  Request Allocated 
	   Cpus                 :        0        1         1 
	   Disk (KB)            :       28  2048000   3784693 
	   Memory (MB)          :      210     2000      2000 
...
