000 (47439.003.000) 12/19 19:07:19 Job submitted from host: <155.230.20.251:9618?addrs=155.230.20.251-9618&noUDP&sock=930313_ea96_3>
...
001 (47439.003.000) 12/19 19:32:39 Job executing on host: <155.230.21.116:9618?addrs=155.230.21.116-9618&noUDP&sock=38331_74cc_3>
...
006 (47439.003.000) 12/19 19:32:47 Image size of job updated: 290980
	213  -  MemoryUsage of job (MB)
	217252  -  ResidentSetSize of job (KB)
...
006 (47439.003.000) 12/19 19:32:50 Image size of job updated: 552584
	213  -  MemoryUsage of job (MB)
	217252  -  ResidentSetSize of job (KB)
...
005 (47439.003.000) 12/19 19:32:50 Job terminated.
	(1) Normal termination (return value 0)
		Usr 0 00:00:09, Sys 0 00:00:01  -  Run Remote Usage
		Usr 0 00:00:00, Sys 0 00:00:00  -  Run Local Usage
		Usr 0 00:00:09, Sys 0 00:00:01  -  Total Remote Usage
		Usr 0 00:00:00, Sys 0 00:00:00  -  Total Local Usage
	554  -  Run Bytes Sent By Job
	10422  -  Run Bytes Received By Job
	554  -  Total Bytes Sent By Job
	10422  -  Total Bytes Received By Job
	Partitionable Resources :    Usage  Request Allocated 
	   Cpus                 :     0.03        1         1 
	   Disk (KB)            :    28     2048000   3709334 
	   Memory (MB)          :   213        2000      2000 
...
000 (336702.003.000) 01/28 15:24:14 Job submitted from host: <155.230.23.72:9618?addrs=155.230.23.72-9618&noUDP&sock=882541_4c40_3>
...
001 (336702.003.000) 01/28 15:24:29 Job executing on host: <155.230.21.74:9618?addrs=155.230.21.74-9618&noUDP&sock=27134_3edd_3>
...
006 (336702.003.000) 01/28 15:24:38 Image size of job updated: 51892
	20  -  MemoryUsage of job (MB)
	19528  -  ResidentSetSize of job (KB)
...
005 (336702.003.000) 01/28 15:27:33 Job terminated.
	(1) Normal termination (return value 0)
		Usr 0 00:01:59, Sys 0 00:00:08  -  Run Remote Usage
		Usr 0 00:00:00, Sys 0 00:00:00  -  Run Local Usage
		Usr 0 00:01:59, Sys 0 00:00:08  -  Total Remote Usage
		Usr 0 00:00:00, Sys 0 00:00:00  -  Total Local Usage
	748  -  Run Bytes Sent By Job
	10580  -  Run Bytes Received By Job
	748  -  Total Bytes Sent By Job
	10580  -  Total Bytes Received By Job
	Partitionable Resources :    Usage  Request Allocated 
	   Cpus                 :     0.99        1         1 
	   Disk (KB)            :    29     2048000   3665303 
	   Memory (MB)          :    20        2000      2000 
...
000 (339711.003.000) 01/29 14:36:13 Job submitted from host: <155.230.23.72:9618?addrs=155.230.23.72-9618&noUDP&sock=882541_4c40_3>
...
001 (339711.003.000) 01/29 14:36:31 Job executing on host: <155.230.21.44:9618?addrs=155.230.21.44-9618&noUDP&sock=8017_92da_3>
...
006 (339711.003.000) 01/29 14:36:39 Image size of job updated: 108940
	66  -  MemoryUsage of job (MB)
	66960  -  ResidentSetSize of job (KB)
...
005 (339711.003.000) 01/29 14:40:06 Job terminated.
	(1) Normal termination (return value 0)
		Usr 0 00:02:00, Sys 0 00:00:07  -  Run Remote Usage
		Usr 0 00:00:00, Sys 0 00:00:00  -  Run Local Usage
		Usr 0 00:02:00, Sys 0 00:00:07  -  Total Remote Usage
		Usr 0 00:00:00, Sys 0 00:00:00  -  Total Local Usage
	748  -  Run Bytes Sent By Job
	10556  -  Run Bytes Received By Job
	748  -  Total Bytes Sent By Job
	10556  -  Total Bytes Received By Job
	Partitionable Resources :    Usage  Request Allocated 
	   Cpus                 :     0.03        1         1 
	   Disk (KB)            :    28     2048000   3701895 
	   Memory (MB)          :    66        2000      2000 
...
000 (339715.003.000) 01/29 15:15:47 Job submitted from host: <155.230.23.72:9618?addrs=155.230.23.72-9618&noUDP&sock=882541_4c40_3>
...
001 (339715.003.000) 01/29 15:16:09 Job executing on host: <155.230.21.71:9618?addrs=155.230.21.71-9618&noUDP&sock=12890_0bdc_52>
...
006 (339715.003.000) 01/29 15:16:18 Image size of job updated: 5292
	4  -  MemoryUsage of job (MB)
	3968  -  ResidentSetSize of job (KB)
...
006 (339715.003.000) 01/29 15:20:29 Image size of job updated: 308856
	4  -  MemoryUsage of job (MB)
	3968  -  ResidentSetSize of job (KB)
...
005 (339715.003.000) 01/29 15:20:30 Job terminated.
	(1) Normal termination (return value 0)
		Usr 0 00:02:00, Sys 0 00:00:08  -  Run Remote Usage
		Usr 0 00:00:00, Sys 0 00:00:00  -  Run Local Usage
		Usr 0 00:02:00, Sys 0 00:00:08  -  Total Remote Usage
		Usr 0 00:00:00, Sys 0 00:00:00  -  Total Local Usage
	748  -  Run Bytes Sent By Job
	10556  -  Run Bytes Received By Job
	748  -  Total Bytes Sent By Job
	10556  -  Total Bytes Received By Job
	Partitionable Resources :    Usage  Request Allocated 
	   Cpus                 :     0.49        1         1 
	   Disk (KB)            :    28     2048000   3824701 
	   Memory (MB)          :     4        2000      2000 
...
000 (339725.003.000) 01/29 16:03:29 Job submitted from host: <155.230.23.72:9618?addrs=155.230.23.72-9618&noUDP&sock=882541_4c40_3>
...
001 (339725.003.000) 01/29 16:34:37 Job executing on host: <155.230.21.89:9618?addrs=155.230.21.89-9618&noUDP&sock=1545_51e9_37>
...
006 (339725.003.000) 01/29 16:34:46 Image size of job updated: 290860
	211  -  MemoryUsage of job (MB)
	216032  -  ResidentSetSize of job (KB)
...
006 (339725.003.000) 01/29 16:34:57 Image size of job updated: 317168
	211  -  MemoryUsage of job (MB)
	216032  -  ResidentSetSize of job (KB)
...
005 (339725.003.000) 01/29 16:34:57 Job terminated.
	(1) Normal termination (return value 0)
		Usr 0 00:00:08, Sys 0 00:00:03  -  Run Remote Usage
		Usr 0 00:00:00, Sys 0 00:00:00  -  Run Local Usage
		Usr 0 00:00:08, Sys 0 00:00:03  -  Total Remote Usage
		Usr 0 00:00:00, Sys 0 00:00:00  -  Total Local Usage
	717  -  Run Bytes Sent By Job
	10683  -  Run Bytes Received By Job
	717  -  Total Bytes Sent By Job
	10683  -  Total Bytes Received By Job
	Partitionable Resources :    Usage  Request Allocated 
	   Cpus                 :        0        1         1 
	   Disk (KB)            :       28  2048000   3799629 
	   Memory (MB)          :      211     2000      2000 
...
