000 (47439.134.000) 12/19 19:07:20 Job submitted from host: <155.230.20.251:9618?addrs=155.230.20.251-9618&noUDP&sock=930313_ea96_3>
...
001 (47439.134.000) 12/19 19:34:19 Job executing on host: <155.230.21.116:9618?addrs=155.230.21.116-9618&noUDP&sock=38331_74cc_3>
...
006 (47439.134.000) 12/19 19:34:28 Image size of job updated: 300612
	220  -  MemoryUsage of job (MB)
	224380  -  ResidentSetSize of job (KB)
...
006 (47439.134.000) 12/19 19:34:30 Image size of job updated: 300624
	220  -  MemoryUsage of job (MB)
	224380  -  ResidentSetSize of job (KB)
...
005 (47439.134.000) 12/19 19:34:30 Job terminated.
	(1) Normal termination (return value 0)
		Usr 0 00:00:09, Sys 0 00:00:00  -  Run Remote Usage
		Usr 0 00:00:00, Sys 0 00:00:00  -  Run Local Usage
		Usr 0 00:00:09, Sys 0 00:00:00  -  Total Remote Usage
		Usr 0 00:00:00, Sys 0 00:00:00  -  Total Local Usage
	554  -  Run Bytes Sent By Job
	10422  -  Run Bytes Received By Job
	554  -  Total Bytes Sent By Job
	10422  -  Total Bytes Received By Job
	Partitionable Resources :    Usage  Request Allocated 
	   Cpus                 :        0        1         1 
	   Disk (KB)            :       28  2048000   3709334 
	   Memory (MB)          :      220     2000      2000 
...
000 (339725.134.000) 01/29 16:03:29 Job submitted from host: <155.230.23.72:9618?addrs=155.230.23.72-9618&noUDP&sock=882541_4c40_3>
...
001 (339725.134.000) 01/29 16:37:27 Job executing on host: <155.230.21.44:9618?addrs=155.230.21.44-9618&noUDP&sock=8017_92da_3>
...
006 (339725.134.000) 01/29 16:37:36 Image size of job updated: 116856
	66  -  MemoryUsage of job (MB)
	66948  -  ResidentSetSize of job (KB)
...
006 (339725.134.000) 01/29 16:38:32 Image size of job updated: 316484
	66  -  MemoryUsage of job (MB)
	66948  -  ResidentSetSize of job (KB)
...
005 (339725.134.000) 01/29 16:38:32 Job terminated.
	(1) Normal termination (return value 0)
		Usr 0 00:00:16, Sys 0 00:00:05  -  Run Remote Usage
		Usr 0 00:00:00, Sys 0 00:00:00  -  Run Local Usage
		Usr 0 00:00:16, Sys 0 00:00:05  -  Total Remote Usage
		Usr 0 00:00:00, Sys 0 00:00:00  -  Total Local Usage
	719  -  Run Bytes Sent By Job
	10683  -  Run Bytes Received By Job
	719  -  Total Bytes Sent By Job
	10683  -  Total Bytes Received By Job
	Partitionable Resources :    Usage  Request Allocated 
	   Cpus                 :     0.12        1         1 
	   Disk (KB)            :    29     2048000   3701895 
	   Memory (MB)          :    66        2000      2000 
...
