000 (47439.462.000) 12/19 19:07:20 Job submitted from host: <155.230.20.251:9618?addrs=155.230.20.251-9618&noUDP&sock=930313_ea96_3>
...
001 (47439.462.000) 12/19 19:42:07 Job executing on host: <155.230.21.98:9618?addrs=155.230.21.98-9618&noUDP&sock=16526_0a37_3>
...
006 (47439.462.000) 12/19 19:42:16 Image size of job updated: 254916
	182  -  MemoryUsage of job (MB)
	185448  -  ResidentSetSize of job (KB)
...
006 (47439.462.000) 12/19 19:42:22 Image size of job updated: 301180
	182  -  MemoryUsage of job (MB)
	185492  -  ResidentSetSize of job (KB)
...
005 (47439.462.000) 12/19 19:42:22 Job terminated.
	(1) Normal termination (return value 0)
		Usr 0 00:00:10, Sys 0 00:00:01  -  Run Remote Usage
		Usr 0 00:00:00, Sys 0 00:00:00  -  Run Local Usage
		Usr 0 00:00:10, Sys 0 00:00:01  -  Total Remote Usage
		Usr 0 00:00:00, Sys 0 00:00:00  -  Total Local Usage
	554  -  Run Bytes Sent By Job
	10422  -  Run Bytes Received By Job
	554  -  Total Bytes Sent By Job
	10422  -  Total Bytes Received By Job
	Partitionable Resources :    Usage  Request Allocated 
	   Cpus                 :        0        1         1 
	   Disk (KB)            :       28  2048000   3676021 
	   Memory (MB)          :      182     2000      2000 
...
000 (339725.462.000) 01/29 16:03:29 Job submitted from host: <155.230.23.72:9618?addrs=155.230.23.72-9618&noUDP&sock=882541_4c40_3>
...
001 (339725.462.000) 01/29 16:42:51 Job executing on host: <155.230.21.97:9618?addrs=155.230.21.97-9618&noUDP&sock=19004_bde6_47>
...
006 (339725.462.000) 01/29 16:42:59 Image size of job updated: 121884
	68  -  MemoryUsage of job (MB)
	69560  -  ResidentSetSize of job (KB)
...
006 (339725.462.000) 01/29 16:43:21 Image size of job updated: 1543680
	68  -  MemoryUsage of job (MB)
	69560  -  ResidentSetSize of job (KB)
...
005 (339725.462.000) 01/29 16:43:21 Job terminated.
	(1) Normal termination (return value 0)
		Usr 0 00:00:12, Sys 0 00:00:04  -  Run Remote Usage
		Usr 0 00:00:00, Sys 0 00:00:00  -  Run Local Usage
		Usr 0 00:00:12, Sys 0 00:00:04  -  Total Remote Usage
		Usr 0 00:00:00, Sys 0 00:00:00  -  Total Local Usage
	719  -  Run Bytes Sent By Job
	10683  -  Run Bytes Received By Job
	719  -  Total Bytes Sent By Job
	10683  -  Total Bytes Received By Job
	Partitionable Resources :    Usage  Request Allocated 
	   Cpus                 :        0        1         1 
	   Disk (KB)            :       28  2048000   3784333 
	   Memory (MB)          :       68     2000      2000 
...
