000 (47439.254.000) 12/19 19:07:20 Job submitted from host: <155.230.20.251:9618?addrs=155.230.20.251-9618&noUDP&sock=930313_ea96_3>
...
001 (47439.254.000) 12/19 19:37:15 Job executing on host: <155.230.21.110:9618?addrs=155.230.21.110-9618&noUDP&sock=15413_9d4e_3>
...
006 (47439.254.000) 12/19 19:37:24 Image size of job updated: 304244
	223  -  MemoryUsage of job (MB)
	228012  -  ResidentSetSize of job (KB)
...
005 (47439.254.000) 12/19 19:37:26 Job terminated.
	(1) Normal termination (return value 0)
		Usr 0 00:00:08, Sys 0 00:00:00  -  Run Remote Usage
		Usr 0 00:00:00, Sys 0 00:00:00  -  Run Local Usage
		Usr 0 00:00:08, Sys 0 00:00:00  -  Total Remote Usage
		Usr 0 00:00:00, Sys 0 00:00:00  -  Total Local Usage
	554  -  Run Bytes Sent By Job
	10422  -  Run Bytes Received By Job
	554  -  Total Bytes Sent By Job
	10422  -  Total Bytes Received By Job
	Partitionable Resources :    Usage  Request Allocated 
	   Cpus                 :     0.03        1         1 
	   Disk (KB)            :    28     2048000   3709593 
	   Memory (MB)          :   223        2000      2000 
...
000 (339725.254.000) 01/29 16:03:29 Job submitted from host: <155.230.23.72:9618?addrs=155.230.23.72-9618&noUDP&sock=882541_4c40_3>
...
001 (339725.254.000) 01/29 16:39:31 Job executing on host: <155.230.21.100:9618?addrs=155.230.21.100-9618&noUDP&sock=9525_efac_48>
...
006 (339725.254.000) 01/29 16:39:39 Image size of job updated: 268468
	192  -  MemoryUsage of job (MB)
	196572  -  ResidentSetSize of job (KB)
...
006 (339725.254.000) 01/29 16:39:54 Image size of job updated: 1543384
	192  -  MemoryUsage of job (MB)
	196576  -  ResidentSetSize of job (KB)
...
005 (339725.254.000) 01/29 16:39:54 Job terminated.
	(1) Normal termination (return value 0)
		Usr 0 00:00:12, Sys 0 00:00:04  -  Run Remote Usage
		Usr 0 00:00:00, Sys 0 00:00:00  -  Run Local Usage
		Usr 0 00:00:12, Sys 0 00:00:04  -  Total Remote Usage
		Usr 0 00:00:00, Sys 0 00:00:00  -  Total Local Usage
	719  -  Run Bytes Sent By Job
	10683  -  Run Bytes Received By Job
	719  -  Total Bytes Sent By Job
	10683  -  Total Bytes Received By Job
	Partitionable Resources :    Usage  Request Allocated 
	   Cpus                 :     1.24        1         1 
	   Disk (KB)            :    29     2048000   3785181 
	   Memory (MB)          :   192        2000      2000 
...
