000 (47439.933.000) 12/19 19:07:21 Job submitted from host: <155.230.20.251:9618?addrs=155.230.20.251-9618&noUDP&sock=930313_ea96_3>
...
001 (47439.933.000) 12/19 19:51:34 Job executing on host: <155.230.21.122:9618?addrs=155.230.21.122-9618&noUDP&sock=8358_78a6_3>
...
006 (47439.933.000) 12/19 19:51:42 Image size of job updated: 278324
	202  -  MemoryUsage of job (MB)
	206004  -  ResidentSetSize of job (KB)
...
006 (47439.933.000) 12/19 19:51:46 Image size of job updated: 550340
	202  -  MemoryUsage of job (MB)
	206004  -  ResidentSetSize of job (KB)
...
005 (47439.933.000) 12/19 19:51:46 Job terminated.
	(1) Normal termination (return value 0)
		Usr 0 00:00:10, Sys 0 00:00:01  -  Run Remote Usage
		Usr 0 00:00:00, Sys 0 00:00:00  -  Run Local Usage
		Usr 0 00:00:10, Sys 0 00:00:01  -  Total Remote Usage
		Usr 0 00:00:00, Sys 0 00:00:00  -  Total Local Usage
	554  -  Run Bytes Sent By Job
	10422  -  Run Bytes Received By Job
	554  -  Total Bytes Sent By Job
	10422  -  Total Bytes Received By Job
	Partitionable Resources :    Usage  Request Allocated 
	   Cpus                 :        0        1         1 
	   Disk (KB)            :       28  2048000   3709702 
	   Memory (MB)          :      202     2000      2000 
...
000 (339725.933.000) 01/29 16:03:30 Job submitted from host: <155.230.23.72:9618?addrs=155.230.23.72-9618&noUDP&sock=882541_4c40_3>
...
001 (339725.933.000) 01/29 16:51:50 Job executing on host: <155.230.21.71:9618?addrs=155.230.21.71-9618&noUDP&sock=12890_0bdc_52>
...
006 (339725.933.000) 01/29 16:51:58 Image size of job updated: 50692
	18  -  MemoryUsage of job (MB)
	18264  -  ResidentSetSize of job (KB)
...
006 (339725.933.000) 01/29 16:53:44 Image size of job updated: 50692
	18  -  MemoryUsage of job (MB)
	18388  -  ResidentSetSize of job (KB)
...
005 (339725.933.000) 01/29 16:53:44 Job terminated.
	(1) Normal termination (return value 0)
		Usr 0 00:00:16, Sys 0 00:00:07  -  Run Remote Usage
		Usr 0 00:00:00, Sys 0 00:00:00  -  Run Local Usage
		Usr 0 00:00:16, Sys 0 00:00:07  -  Total Remote Usage
		Usr 0 00:00:00, Sys 0 00:00:00  -  Total Local Usage
	719  -  Run Bytes Sent By Job
	10683  -  Run Bytes Received By Job
	719  -  Total Bytes Sent By Job
	10683  -  Total Bytes Received By Job
	Partitionable Resources :    Usage  Request Allocated 
	   Cpus                 :     0.16        1         1 
	   Disk (KB)            :    29     2048000   3824701 
	   Memory (MB)          :    18        2000      2000 
...
