000 (47439.892.000) 12/19 19:07:21 Job submitted from host: <155.230.20.251:9618?addrs=155.230.20.251-9618&noUDP&sock=930313_ea96_3>
...
001 (47439.892.000) 12/19 19:50:31 Job executing on host: <155.230.21.115:9618?addrs=155.230.21.115-9618&noUDP&sock=905_554c_3>
...
006 (47439.892.000) 12/19 19:50:39 Image size of job updated: 291528
	213  -  MemoryUsage of job (MB)
	217800  -  ResidentSetSize of job (KB)
...
006 (47439.892.000) 12/19 19:50:42 Image size of job updated: 305408
	213  -  MemoryUsage of job (MB)
	217800  -  ResidentSetSize of job (KB)
...
005 (47439.892.000) 12/19 19:50:42 Job terminated.
	(1) Normal termination (return value 0)
		Usr 0 00:00:09, Sys 0 00:00:00  -  Run Remote Usage
		Usr 0 00:00:00, Sys 0 00:00:00  -  Run Local Usage
		Usr 0 00:00:09, Sys 0 00:00:00  -  Total Remote Usage
		Usr 0 00:00:00, Sys 0 00:00:00  -  Total Local Usage
	554  -  Run Bytes Sent By Job
	10422  -  Run Bytes Received By Job
	554  -  Total Bytes Sent By Job
	10422  -  Total Bytes Received By Job
	Partitionable Resources :    Usage  Request Allocated 
	   Cpus                 :     0.03        1         1 
	   Disk (KB)            :    28     2048000   3709762 
	   Memory (MB)          :   213        2000      2000 
...
000 (339725.892.000) 01/29 16:03:30 Job submitted from host: <155.230.23.72:9618?addrs=155.230.23.72-9618&noUDP&sock=882541_4c40_3>
...
001 (339725.892.000) 01/29 16:50:54 Job executing on host: <155.230.21.92:9618?addrs=155.230.21.92-9618&noUDP&sock=30767_2e6f_50>
...
006 (339725.892.000) 01/29 16:51:03 Image size of job updated: 301928
	221  -  MemoryUsage of job (MB)
	225400  -  ResidentSetSize of job (KB)
...
006 (339725.892.000) 01/29 16:51:11 Image size of job updated: 313892
	221  -  MemoryUsage of job (MB)
	225400  -  ResidentSetSize of job (KB)
...
005 (339725.892.000) 01/29 16:51:11 Job terminated.
	(1) Normal termination (return value 0)
		Usr 0 00:00:08, Sys 0 00:00:03  -  Run Remote Usage
		Usr 0 00:00:00, Sys 0 00:00:00  -  Run Local Usage
		Usr 0 00:00:08, Sys 0 00:00:03  -  Total Remote Usage
		Usr 0 00:00:00, Sys 0 00:00:00  -  Total Local Usage
	719  -  Run Bytes Sent By Job
	10683  -  Run Bytes Received By Job
	719  -  Total Bytes Sent By Job
	10683  -  Total Bytes Received By Job
	Partitionable Resources :    Usage  Request Allocated 
	   Cpus                 :        0        1         1 
	   Disk (KB)            :       28  2048000   3842821 
	   Memory (MB)          :      221     2000      2000 
...
