000 (47439.402.000) 12/19 19:07:20 Job submitted from host: <155.230.20.251:9618?addrs=155.230.20.251-9618&noUDP&sock=930313_ea96_3>
...
001 (47439.402.000) 12/19 19:40:19 Job executing on host: <155.230.21.115:9618?addrs=155.230.21.115-9618&noUDP&sock=905_554c_3>
...
006 (47439.402.000) 12/19 19:40:28 Image size of job updated: 290876
	211  -  MemoryUsage of job (MB)
	215956  -  ResidentSetSize of job (KB)
...
005 (47439.402.000) 12/19 19:40:30 Job terminated.
	(1) Normal termination (return value 0)
		Usr 0 00:00:09, Sys 0 00:00:00  -  Run Remote Usage
		Usr 0 00:00:00, Sys 0 00:00:00  -  Run Local Usage
		Usr 0 00:00:09, Sys 0 00:00:00  -  Total Remote Usage
		Usr 0 00:00:00, Sys 0 00:00:00  -  Total Local Usage
	554  -  Run Bytes Sent By Job
	10422  -  Run Bytes Received By Job
	554  -  Total Bytes Sent By Job
	10422  -  Total Bytes Received By Job
	Partitionable Resources :    Usage  Request Allocated 
	   Cpus                 :        0        1         1 
	   Disk (KB)            :       28  2048000   3709762 
	   Memory (MB)          :      211     2000      2000 
...
000 (339725.402.000) 01/29 16:03:29 Job submitted from host: <155.230.23.72:9618?addrs=155.230.23.72-9618&noUDP&sock=882541_4c40_3>
...
001 (339725.402.000) 01/29 16:41:50 Job executing on host: <155.230.21.41:9618?addrs=155.230.21.41-9618&noUDP&sock=24346_e8d2_3>
...
006 (339725.402.000) 01/29 16:41:59 Image size of job updated: 116860
	66  -  MemoryUsage of job (MB)
	66960  -  ResidentSetSize of job (KB)
...
006 (339725.402.000) 01/29 16:43:01 Image size of job updated: 243436
	66  -  MemoryUsage of job (MB)
	66960  -  ResidentSetSize of job (KB)
...
005 (339725.402.000) 01/29 16:43:01 Job terminated.
	(1) Normal termination (return value 0)
		Usr 0 00:00:16, Sys 0 00:00:05  -  Run Remote Usage
		Usr 0 00:00:00, Sys 0 00:00:00  -  Run Local Usage
		Usr 0 00:00:16, Sys 0 00:00:05  -  Total Remote Usage
		Usr 0 00:00:00, Sys 0 00:00:00  -  Total Local Usage
	719  -  Run Bytes Sent By Job
	10683  -  Run Bytes Received By Job
	719  -  Total Bytes Sent By Job
	10683  -  Total Bytes Received By Job
	Partitionable Resources :    Usage  Request Allocated 
	   Cpus                 :     0.12        1         1 
	   Disk (KB)            :    29     2048000   3653325 
	   Memory (MB)          :    66        2000      2000 
...
