000 (47439.339.000) 12/19 19:07:20 Job submitted from host: <155.230.20.251:9618?addrs=155.230.20.251-9618&noUDP&sock=930313_ea96_3>
...
001 (47439.339.000) 12/19 19:39:15 Job executing on host: <155.230.21.81:9618?addrs=155.230.21.81-9618&noUDP&sock=1515_be12_3>
...
006 (47439.339.000) 12/19 19:39:24 Image size of job updated: 302440
	221  -  MemoryUsage of job (MB)
	226188  -  ResidentSetSize of job (KB)
...
006 (47439.339.000) 12/19 19:39:25 Image size of job updated: 302460
	221  -  MemoryUsage of job (MB)
	226204  -  ResidentSetSize of job (KB)
...
005 (47439.339.000) 12/19 19:39:25 Job terminated.
	(1) Normal termination (return value 0)
		Usr 0 00:00:07, Sys 0 00:00:00  -  Run Remote Usage
		Usr 0 00:00:00, Sys 0 00:00:00  -  Run Local Usage
		Usr 0 00:00:07, Sys 0 00:00:00  -  Total Remote Usage
		Usr 0 00:00:00, Sys 0 00:00:00  -  Total Local Usage
	554  -  Run Bytes Sent By Job
	10422  -  Run Bytes Received By Job
	554  -  Total Bytes Sent By Job
	10422  -  Total Bytes Received By Job
	Partitionable Resources :    Usage  Request Allocated 
	   Cpus                 :        0        1         1 
	   Disk (KB)            :       28  2048000   3711985 
	   Memory (MB)          :      221     2000      2000 
...
000 (339725.339.000) 01/29 16:03:29 Job submitted from host: <155.230.23.72:9618?addrs=155.230.23.72-9618&noUDP&sock=882541_4c40_3>
...
001 (339725.339.000) 01/29 16:40:05 Job executing on host: <155.230.21.116:9618?addrs=155.230.21.116-9618&noUDP&sock=38331_74cc_46>
...
006 (339725.339.000) 01/29 16:40:13 Image size of job updated: 287532
	210  -  MemoryUsage of job (MB)
	214800  -  ResidentSetSize of job (KB)
...
006 (339725.339.000) 01/29 16:40:26 Image size of job updated: 319696
	210  -  MemoryUsage of job (MB)
	214800  -  ResidentSetSize of job (KB)
...
005 (339725.339.000) 01/29 16:40:26 Job terminated.
	(1) Normal termination (return value 0)
		Usr 0 00:00:10, Sys 0 00:00:04  -  Run Remote Usage
		Usr 0 00:00:00, Sys 0 00:00:00  -  Run Local Usage
		Usr 0 00:00:10, Sys 0 00:00:04  -  Total Remote Usage
		Usr 0 00:00:00, Sys 0 00:00:00  -  Total Local Usage
	719  -  Run Bytes Sent By Job
	10683  -  Run Bytes Received By Job
	719  -  Total Bytes Sent By Job
	10683  -  Total Bytes Received By Job
	Partitionable Resources :    Usage  Request Allocated 
	   Cpus                 :     0.02        1         1 
	   Disk (KB)            :    28     2048000   3788511 
	   Memory (MB)          :   210        2000      2000 
...
