000 (47439.471.000) 12/19 19:07:20 Job submitted from host: <155.230.20.251:9618?addrs=155.230.20.251-9618&noUDP&sock=930313_ea96_3>
...
001 (47439.471.000) 12/19 19:42:11 Job executing on host: <155.230.21.87:9618?addrs=155.230.21.87-9618&noUDP&sock=1550_bfe2_3>
...
006 (47439.471.000) 12/19 19:42:20 Image size of job updated: 300920
	220  -  MemoryUsage of job (MB)
	224688  -  ResidentSetSize of job (KB)
...
005 (47439.471.000) 12/19 19:42:21 Job terminated.
	(1) Normal termination (return value 0)
		Usr 0 00:00:07, Sys 0 00:00:00  -  Run Remote Usage
		Usr 0 00:00:00, Sys 0 00:00:00  -  Run Local Usage
		Usr 0 00:00:07, Sys 0 00:00:00  -  Total Remote Usage
		Usr 0 00:00:00, Sys 0 00:00:00  -  Total Local Usage
	554  -  Run Bytes Sent By Job
	10422  -  Run Bytes Received By Job
	554  -  Total Bytes Sent By Job
	10422  -  Total Bytes Received By Job
	Partitionable Resources :    Usage  Request Allocated 
	   Cpus                 :        0        1         1 
	   Disk (KB)            :       28  2048000   3519388 
	   Memory (MB)          :      220     2000      2000 
...
000 (339725.471.000) 01/29 16:03:29 Job submitted from host: <155.230.23.72:9618?addrs=155.230.23.72-9618&noUDP&sock=882541_4c40_3>
...
001 (339725.471.000) 01/29 16:42:54 Job executing on host: <155.230.21.111:9618?addrs=155.230.21.111-9618&noUDP&sock=14468_6c4e_47>
...
006 (339725.471.000) 01/29 16:43:03 Image size of job updated: 292876
	213  -  MemoryUsage of job (MB)
	218048  -  ResidentSetSize of job (KB)
...
006 (339725.471.000) 01/29 16:43:17 Image size of job updated: 314492
	213  -  MemoryUsage of job (MB)
	218048  -  ResidentSetSize of job (KB)
...
005 (339725.471.000) 01/29 16:43:17 Job terminated.
	(1) Normal termination (return value 0)
		Usr 0 00:00:10, Sys 0 00:00:04  -  Run Remote Usage
		Usr 0 00:00:00, Sys 0 00:00:00  -  Run Local Usage
		Usr 0 00:00:10, Sys 0 00:00:04  -  Total Remote Usage
		Usr 0 00:00:00, Sys 0 00:00:00  -  Total Local Usage
	719  -  Run Bytes Sent By Job
	10683  -  Run Bytes Received By Job
	719  -  Total Bytes Sent By Job
	10683  -  Total Bytes Received By Job
	Partitionable Resources :    Usage  Request Allocated 
	   Cpus                 :        0        1         1 
	   Disk (KB)            :       28  2048000   3784693 
	   Memory (MB)          :      213     2000      2000 
...
