000 (47439.669.000) 12/19 19:07:21 Job submitted from host: <155.230.20.251:9618?addrs=155.230.20.251-9618&noUDP&sock=930313_ea96_3>
...
001 (47439.669.000) 12/19 19:46:18 Job executing on host: <155.230.21.122:9618?addrs=155.230.21.122-9618&noUDP&sock=8358_78a6_3>
...
006 (47439.669.000) 12/19 19:46:27 Image size of job updated: 289372
	211  -  MemoryUsage of job (MB)
	215644  -  ResidentSetSize of job (KB)
...
005 (47439.669.000) 12/19 19:46:30 Job terminated.
	(1) Normal termination (return value 0)
		Usr 0 00:00:10, Sys 0 00:00:01  -  Run Remote Usage
		Usr 0 00:00:00, Sys 0 00:00:00  -  Run Local Usage
		Usr 0 00:00:10, Sys 0 00:00:01  -  Total Remote Usage
		Usr 0 00:00:00, Sys 0 00:00:00  -  Total Local Usage
	554  -  Run Bytes Sent By Job
	10422  -  Run Bytes Received By Job
	554  -  Total Bytes Sent By Job
	10422  -  Total Bytes Received By Job
	Partitionable Resources :    Usage  Request Allocated 
	   Cpus                 :        0        1         1 
	   Disk (KB)            :       28  2048000   3709702 
	   Memory (MB)          :      211     2000      2000 
...
000 (339725.669.000) 01/29 16:03:30 Job submitted from host: <155.230.23.72:9618?addrs=155.230.23.72-9618&noUDP&sock=882541_4c40_3>
...
001 (339725.669.000) 01/29 16:46:51 Job executing on host: <155.230.21.33:9618?addrs=155.230.21.33-9618&noUDP&sock=18775_aab5_3>
...
006 (339725.669.000) 01/29 16:46:59 Image size of job updated: 118760
	66  -  MemoryUsage of job (MB)
	66960  -  ResidentSetSize of job (KB)
...
006 (339725.669.000) 01/29 16:47:56 Image size of job updated: 245900
	66  -  MemoryUsage of job (MB)
	66960  -  ResidentSetSize of job (KB)
...
005 (339725.669.000) 01/29 16:47:56 Job terminated.
	(1) Normal termination (return value 0)
		Usr 0 00:00:16, Sys 0 00:00:06  -  Run Remote Usage
		Usr 0 00:00:00, Sys 0 00:00:00  -  Run Local Usage
		Usr 0 00:00:16, Sys 0 00:00:06  -  Total Remote Usage
		Usr 0 00:00:00, Sys 0 00:00:00  -  Total Local Usage
	719  -  Run Bytes Sent By Job
	10683  -  Run Bytes Received By Job
	719  -  Total Bytes Sent By Job
	10683  -  Total Bytes Received By Job
	Partitionable Resources :    Usage  Request Allocated 
	   Cpus                 :     0.15        1         1 
	   Disk (KB)            :    29     2048000   3679636 
	   Memory (MB)          :    66        2000      2000 
...
