000 (47439.191.000) 12/19 19:07:20 Job submitted from host: <155.230.20.251:9618?addrs=155.230.20.251-9618&noUDP&sock=930313_ea96_3>
...
001 (47439.191.000) 12/19 19:36:08 Job executing on host: <155.230.21.99:9618?addrs=155.230.21.99-9618&noUDP&sock=12118_84bf_3>
...
006 (47439.191.000) 12/19 19:36:16 Image size of job updated: 224556
	154  -  MemoryUsage of job (MB)
	157436  -  ResidentSetSize of job (KB)
...
006 (47439.191.000) 12/19 19:36:23 Image size of job updated: 300576
	154  -  MemoryUsage of job (MB)
	157468  -  ResidentSetSize of job (KB)
...
005 (47439.191.000) 12/19 19:36:23 Job terminated.
	(1) Normal termination (return value 0)
		Usr 0 00:00:10, Sys 0 00:00:01  -  Run Remote Usage
		Usr 0 00:00:00, Sys 0 00:00:00  -  Run Local Usage
		Usr 0 00:00:10, Sys 0 00:00:01  -  Total Remote Usage
		Usr 0 00:00:00, Sys 0 00:00:00  -  Total Local Usage
	554  -  Run Bytes Sent By Job
	10422  -  Run Bytes Received By Job
	554  -  Total Bytes Sent By Job
	10422  -  Total Bytes Received By Job
	Partitionable Resources :    Usage  Request Allocated 
	   Cpus                 :        0        1         1 
	   Disk (KB)            :       28  2048000   3707744 
	   Memory (MB)          :      154     2000      2000 
...
000 (339725.191.000) 01/29 16:03:29 Job submitted from host: <155.230.23.72:9618?addrs=155.230.23.72-9618&noUDP&sock=882541_4c40_3>
...
001 (339725.191.000) 01/29 16:38:29 Job executing on host: <155.230.21.35:9618?addrs=155.230.21.35-9618&noUDP&sock=11940_6ce3_3>
...
006 (339725.191.000) 01/29 16:38:39 Image size of job updated: 190860
	123  -  MemoryUsage of job (MB)
	125516  -  ResidentSetSize of job (KB)
...
006 (339725.191.000) 01/29 16:38:54 Image size of job updated: 301584
	123  -  MemoryUsage of job (MB)
	125520  -  ResidentSetSize of job (KB)
...
005 (339725.191.000) 01/29 16:38:54 Job terminated.
	(1) Normal termination (return value 0)
		Usr 0 00:00:14, Sys 0 00:00:03  -  Run Remote Usage
		Usr 0 00:00:00, Sys 0 00:00:00  -  Run Local Usage
		Usr 0 00:00:14, Sys 0 00:00:03  -  Total Remote Usage
		Usr 0 00:00:00, Sys 0 00:00:00  -  Total Local Usage
	719  -  Run Bytes Sent By Job
	10683  -  Run Bytes Received By Job
	719  -  Total Bytes Sent By Job
	10683  -  Total Bytes Received By Job
	Partitionable Resources :    Usage  Request Allocated 
	   Cpus                 :     0.04        1         1 
	   Disk (KB)            :    28     2048000   3689027 
	   Memory (MB)          :   123        2000      2000 
...
