000 (47439.995.000) 12/19 19:07:21 Job submitted from host: <155.230.20.251:9618?addrs=155.230.20.251-9618&noUDP&sock=930313_ea96_3>
...
001 (47439.995.000) 12/19 19:53:21 Job executing on host: <155.230.21.99:9618?addrs=155.230.21.99-9618&noUDP&sock=12118_84bf_3>
...
006 (47439.995.000) 12/19 19:53:30 Image size of job updated: 240496
	169  -  MemoryUsage of job (MB)
	172944  -  ResidentSetSize of job (KB)
...
006 (47439.995.000) 12/19 19:53:36 Image size of job updated: 301704
	169  -  MemoryUsage of job (MB)
	172948  -  ResidentSetSize of job (KB)
...
005 (47439.995.000) 12/19 19:53:36 Job terminated.
	(1) Normal termination (return value 0)
		Usr 0 00:00:10, Sys 0 00:00:01  -  Run Remote Usage
		Usr 0 00:00:00, Sys 0 00:00:00  -  Run Local Usage
		Usr 0 00:00:10, Sys 0 00:00:01  -  Total Remote Usage
		Usr 0 00:00:00, Sys 0 00:00:00  -  Total Local Usage
	554  -  Run Bytes Sent By Job
	10422  -  Run Bytes Received By Job
	554  -  Total Bytes Sent By Job
	10422  -  Total Bytes Received By Job
	Partitionable Resources :    Usage  Request Allocated 
	   Cpus                 :        0        1         1 
	   Disk (KB)            :       28  2048000   3707744 
	   Memory (MB)          :      169     2000      2000 
...
000 (339725.995.000) 01/29 16:03:30 Job submitted from host: <155.230.23.72:9618?addrs=155.230.23.72-9618&noUDP&sock=882541_4c40_3>
...
001 (339725.995.000) 01/29 16:52:15 Job executing on host: <155.230.21.95:9618?addrs=155.230.21.95-9618+[2407-c000-c024-0-e2cb-4eff-fe53-cf1d]-9618&noUDP&sock=14962_4417_48>
...
006 (339725.995.000) 01/29 16:52:24 Image size of job updated: 277756
	201  -  MemoryUsage of job (MB)
	205180  -  ResidentSetSize of job (KB)
...
006 (339725.995.000) 01/29 16:52:38 Image size of job updated: 318160
	201  -  MemoryUsage of job (MB)
	205180  -  ResidentSetSize of job (KB)
...
005 (339725.995.000) 01/29 16:52:38 Job terminated.
	(1) Normal termination (return value 0)
		Usr 0 00:00:13, Sys 0 00:00:05  -  Run Remote Usage
		Usr 0 00:00:00, Sys 0 00:00:00  -  Run Local Usage
		Usr 0 00:00:13, Sys 0 00:00:05  -  Total Remote Usage
		Usr 0 00:00:00, Sys 0 00:00:00  -  Total Local Usage
	719  -  Run Bytes Sent By Job
	10683  -  Run Bytes Received By Job
	719  -  Total Bytes Sent By Job
	10683  -  Total Bytes Received By Job
	Partitionable Resources :    Usage  Request Allocated 
	   Cpus                 :                 1         1 
	   Disk (KB)            :       22  2048000  18931057 
	   Memory (MB)          :      201     2000      2000 
...
