000 (47439.400.000) 12/19 19:07:20 Job submitted from host: <155.230.20.251:9618?addrs=155.230.20.251-9618&noUDP&sock=930313_ea96_3>
...
001 (47439.400.000) 12/19 19:40:18 Job executing on host: <155.230.21.118:9618?addrs=155.230.21.118-9618&noUDP&sock=12615_6b51_3>
...
006 (47439.400.000) 12/19 19:40:27 Image size of job updated: 300680
	220  -  MemoryUsage of job (MB)
	224640  -  ResidentSetSize of job (KB)
...
006 (47439.400.000) 12/19 19:40:30 Image size of job updated: 300808
	220  -  MemoryUsage of job (MB)
	224672  -  ResidentSetSize of job (KB)
...
005 (47439.400.000) 12/19 19:40:30 Job terminated.
	(1) Normal termination (return value 0)
		Usr 0 00:00:10, Sys 0 00:00:01  -  Run Remote Usage
		Usr 0 00:00:00, Sys 0 00:00:00  -  Run Local Usage
		Usr 0 00:00:10, Sys 0 00:00:01  -  Total Remote Usage
		Usr 0 00:00:00, Sys 0 00:00:00  -  Total Local Usage
	554  -  Run Bytes Sent By Job
	10422  -  Run Bytes Received By Job
	554  -  Total Bytes Sent By Job
	10422  -  Total Bytes Received By Job
	Partitionable Resources :    Usage  Request Allocated 
	   Cpus                 :        0        1         1 
	   Disk (KB)            :       28  2048000   3709329 
	   Memory (MB)          :      220     2000      2000 
...
000 (339725.400.000) 01/29 16:03:29 Job submitted from host: <155.230.23.72:9618?addrs=155.230.23.72-9618&noUDP&sock=882541_4c40_3>
...
001 (339725.400.000) 01/29 16:41:49 Job executing on host: <155.230.21.42:9618?addrs=155.230.21.42-9618&noUDP&sock=2987_697a_3>
...
006 (339725.400.000) 01/29 16:41:58 Image size of job updated: 116868
	66  -  MemoryUsage of job (MB)
	66964  -  ResidentSetSize of job (KB)
...
006 (339725.400.000) 01/29 16:42:24 Image size of job updated: 306636
	66  -  MemoryUsage of job (MB)
	66964  -  ResidentSetSize of job (KB)
...
005 (339725.400.000) 01/29 16:42:24 Job terminated.
	(1) Normal termination (return value 0)
		Usr 0 00:00:14, Sys 0 00:00:02  -  Run Remote Usage
		Usr 0 00:00:00, Sys 0 00:00:00  -  Run Local Usage
		Usr 0 00:00:14, Sys 0 00:00:02  -  Total Remote Usage
		Usr 0 00:00:00, Sys 0 00:00:00  -  Total Local Usage
	719  -  Run Bytes Sent By Job
	10683  -  Run Bytes Received By Job
	719  -  Total Bytes Sent By Job
	10683  -  Total Bytes Received By Job
	Partitionable Resources :    Usage  Request Allocated 
	   Cpus                 :                 1         1 
	   Disk (KB)            :       22  2048000   3669141 
	   Memory (MB)          :       66     2000      2000 
...
