000 (47439.214.000) 12/19 19:07:20 Job submitted from host: <155.230.20.251:9618?addrs=155.230.20.251-9618&noUDP&sock=930313_ea96_3>
...
001 (47439.214.000) 12/19 19:36:17 Job executing on host: <155.230.21.119:9618?addrs=155.230.21.119-9618&noUDP&sock=7399_ad53_3>
...
006 (47439.214.000) 12/19 19:36:25 Image size of job updated: 285300
	208  -  MemoryUsage of job (MB)
	212980  -  ResidentSetSize of job (KB)
...
006 (47439.214.000) 12/19 19:36:29 Image size of job updated: 300732
	208  -  MemoryUsage of job (MB)
	212980  -  ResidentSetSize of job (KB)
...
005 (47439.214.000) 12/19 19:36:29 Job terminated.
	(1) Normal termination (return value 0)
		Usr 0 00:00:10, Sys 0 00:00:01  -  Run Remote Usage
		Usr 0 00:00:00, Sys 0 00:00:00  -  Run Local Usage
		Usr 0 00:00:10, Sys 0 00:00:01  -  Total Remote Usage
		Usr 0 00:00:00, Sys 0 00:00:00  -  Total Local Usage
	554  -  Run Bytes Sent By Job
	10422  -  Run Bytes Received By Job
	554  -  Total Bytes Sent By Job
	10422  -  Total Bytes Received By Job
	Partitionable Resources :    Usage  Request Allocated 
	   Cpus                 :     0.03        1         1 
	   Disk (KB)            :    28     2048000   3709467 
	   Memory (MB)          :   208        2000      2000 
...
000 (339725.214.000) 01/29 16:03:29 Job submitted from host: <155.230.23.72:9618?addrs=155.230.23.72-9618&noUDP&sock=882541_4c40_3>
...
001 (339725.214.000) 01/29 16:38:38 Job executing on host: <155.230.21.91:9618?addrs=155.230.21.91-9618&noUDP&sock=17349_8ca8_47>
...
006 (339725.214.000) 01/29 16:38:47 Image size of job updated: 301124
	220  -  MemoryUsage of job (MB)
	224596  -  ResidentSetSize of job (KB)
...
006 (339725.214.000) 01/29 16:38:55 Image size of job updated: 1538892
	220  -  MemoryUsage of job (MB)
	224596  -  ResidentSetSize of job (KB)
...
005 (339725.214.000) 01/29 16:38:55 Job terminated.
	(1) Normal termination (return value 0)
		Usr 0 00:00:08, Sys 0 00:00:03  -  Run Remote Usage
		Usr 0 00:00:00, Sys 0 00:00:00  -  Run Local Usage
		Usr 0 00:00:08, Sys 0 00:00:03  -  Total Remote Usage
		Usr 0 00:00:00, Sys 0 00:00:00  -  Total Local Usage
	719  -  Run Bytes Sent By Job
	10683  -  Run Bytes Received By Job
	719  -  Total Bytes Sent By Job
	10683  -  Total Bytes Received By Job
	Partitionable Resources :    Usage  Request Allocated 
	   Cpus                 :        0        1         1 
	   Disk (KB)            :       28  2048000   3781328 
	   Memory (MB)          :      220     2000      2000 
...
