000 (47439.745.000) 12/19 19:07:21 Job submitted from host: <155.230.20.251:9618?addrs=155.230.20.251-9618&noUDP&sock=930313_ea96_3>
...
001 (47439.745.000) 12/19 19:47:45 Job executing on host: <155.230.21.91:9618?addrs=155.230.21.91-9618&noUDP&sock=17349_8ca8_3>
...
006 (47439.745.000) 12/19 19:47:53 Image size of job updated: 274976
	199  -  MemoryUsage of job (MB)
	202788  -  ResidentSetSize of job (KB)
...
006 (47439.745.000) 12/19 19:47:57 Image size of job updated: 275036
	199  -  MemoryUsage of job (MB)
	202816  -  ResidentSetSize of job (KB)
...
005 (47439.745.000) 12/19 19:47:57 Job terminated.
	(1) Normal termination (return value 0)
		Usr 0 00:00:07, Sys 0 00:00:00  -  Run Remote Usage
		Usr 0 00:00:00, Sys 0 00:00:00  -  Run Local Usage
		Usr 0 00:00:07, Sys 0 00:00:00  -  Total Remote Usage
		Usr 0 00:00:00, Sys 0 00:00:00  -  Total Local Usage
	554  -  Run Bytes Sent By Job
	10422  -  Run Bytes Received By Job
	554  -  Total Bytes Sent By Job
	10422  -  Total Bytes Received By Job
	Partitionable Resources :    Usage  Request Allocated 
	   Cpus                 :        0        1         1 
	   Disk (KB)            :       28  2048000   3710322 
	   Memory (MB)          :      199     2000      2000 
...
000 (339725.745.000) 01/29 16:03:30 Job submitted from host: <155.230.23.72:9618?addrs=155.230.23.72-9618&noUDP&sock=882541_4c40_3>
...
001 (339725.745.000) 01/29 16:47:57 Job executing on host: <155.230.21.87:9618?addrs=155.230.21.87-9618&noUDP&sock=1550_bfe2_36>
...
006 (339725.745.000) 01/29 16:48:05 Image size of job updated: 242212
	171  -  MemoryUsage of job (MB)
	174228  -  ResidentSetSize of job (KB)
...
006 (339725.745.000) 01/29 16:48:16 Image size of job updated: 317900
	171  -  MemoryUsage of job (MB)
	174228  -  ResidentSetSize of job (KB)
...
005 (339725.745.000) 01/29 16:48:16 Job terminated.
	(1) Normal termination (return value 0)
		Usr 0 00:00:08, Sys 0 00:00:03  -  Run Remote Usage
		Usr 0 00:00:00, Sys 0 00:00:00  -  Run Local Usage
		Usr 0 00:00:08, Sys 0 00:00:03  -  Total Remote Usage
		Usr 0 00:00:00, Sys 0 00:00:00  -  Total Local Usage
	719  -  Run Bytes Sent By Job
	10683  -  Run Bytes Received By Job
	719  -  Total Bytes Sent By Job
	10683  -  Total Bytes Received By Job
	Partitionable Resources :    Usage  Request Allocated 
	   Cpus                 :     0.02        1         1 
	   Disk (KB)            :    28     2048000   3787234 
	   Memory (MB)          :   171        2000      2000 
...
