000 (47439.313.000) 12/19 19:07:20 Job submitted from host: <155.230.20.251:9618?addrs=155.230.20.251-9618&noUDP&sock=930313_ea96_3>
...
001 (47439.313.000) 12/19 19:38:18 Job executing on host: <155.230.21.114:9618?addrs=155.230.21.114-9618&noUDP&sock=22699_3457_3>
...
006 (47439.313.000) 12/19 19:38:27 Image size of job updated: 301900
	221  -  MemoryUsage of job (MB)
	225668  -  ResidentSetSize of job (KB)
...
006 (47439.313.000) 12/19 19:38:30 Image size of job updated: 302080
	221  -  MemoryUsage of job (MB)
	225668  -  ResidentSetSize of job (KB)
...
005 (47439.313.000) 12/19 19:38:30 Job terminated.
	(1) Normal termination (return value 0)
		Usr 0 00:00:09, Sys 0 00:00:00  -  Run Remote Usage
		Usr 0 00:00:00, Sys 0 00:00:00  -  Run Local Usage
		Usr 0 00:00:09, Sys 0 00:00:00  -  Total Remote Usage
		Usr 0 00:00:00, Sys 0 00:00:00  -  Total Local Usage
	554  -  Run Bytes Sent By Job
	10422  -  Run Bytes Received By Job
	554  -  Total Bytes Sent By Job
	10422  -  Total Bytes Received By Job
	Partitionable Resources :    Usage  Request Allocated 
	   Cpus                 :     0.03        1         1 
	   Disk (KB)            :    28     2048000   3618436 
	   Memory (MB)          :   221        2000      2000 
...
000 (339725.313.000) 01/29 16:03:29 Job submitted from host: <155.230.23.72:9618?addrs=155.230.23.72-9618&noUDP&sock=882541_4c40_3>
...
001 (339725.313.000) 01/29 16:39:55 Job executing on host: <155.230.21.112:9618?addrs=155.230.21.112-9618&noUDP&sock=22175_c8b6_48>
...
006 (339725.313.000) 01/29 16:40:03 Image size of job updated: 287764
	210  -  MemoryUsage of job (MB)
	214152  -  ResidentSetSize of job (KB)
...
006 (339725.313.000) 01/29 16:40:15 Image size of job updated: 313704
	210  -  MemoryUsage of job (MB)
	214156  -  ResidentSetSize of job (KB)
...
005 (339725.313.000) 01/29 16:40:15 Job terminated.
	(1) Normal termination (return value 0)
		Usr 0 00:00:10, Sys 0 00:00:03  -  Run Remote Usage
		Usr 0 00:00:00, Sys 0 00:00:00  -  Run Local Usage
		Usr 0 00:00:10, Sys 0 00:00:03  -  Total Remote Usage
		Usr 0 00:00:00, Sys 0 00:00:00  -  Total Local Usage
	719  -  Run Bytes Sent By Job
	10683  -  Run Bytes Received By Job
	719  -  Total Bytes Sent By Job
	10683  -  Total Bytes Received By Job
	Partitionable Resources :    Usage  Request Allocated 
	   Cpus                 :        0        1         1 
	   Disk (KB)            :       28  2048000   3840615 
	   Memory (MB)          :      210     2000      2000 
...
