000 (47439.504.000) 12/19 19:07:20 Job submitted from host: <155.230.20.251:9618?addrs=155.230.20.251-9618&noUDP&sock=930313_ea96_3>
...
001 (47439.504.000) 12/19 19:43:08 Job executing on host: <155.230.21.95:9618?addrs=155.230.21.95-9618+[--1]-9618&noUDP&sock=14962_4417_3>
...
006 (47439.504.000) 12/19 19:43:16 Image size of job updated: 275368
	199  -  MemoryUsage of job (MB)
	203100  -  ResidentSetSize of job (KB)
...
006 (47439.504.000) 12/19 19:43:21 Image size of job updated: 301192
	199  -  MemoryUsage of job (MB)
	203100  -  ResidentSetSize of job (KB)
...
005 (47439.504.000) 12/19 19:43:21 Job terminated.
	(1) Normal termination (return value 0)
		Usr 0 00:00:10, Sys 0 00:00:01  -  Run Remote Usage
		Usr 0 00:00:00, Sys 0 00:00:00  -  Run Local Usage
		Usr 0 00:00:10, Sys 0 00:00:01  -  Total Remote Usage
		Usr 0 00:00:00, Sys 0 00:00:00  -  Total Local Usage
	554  -  Run Bytes Sent By Job
	10422  -  Run Bytes Received By Job
	554  -  Total Bytes Sent By Job
	10422  -  Total Bytes Received By Job
	Partitionable Resources :    Usage  Request Allocated 
	   Cpus                 :                 1         1 
	   Disk (KB)            :       22  2048000  18549089 
	   Memory (MB)          :      199     2000      2000 
...
000 (339725.504.000) 01/29 16:03:29 Job submitted from host: <155.230.23.72:9618?addrs=155.230.23.72-9618&noUDP&sock=882541_4c40_3>
...
001 (339725.504.000) 01/29 16:43:47 Job executing on host: <155.230.21.44:9618?addrs=155.230.21.44-9618&noUDP&sock=8017_92da_3>
...
006 (339725.504.000) 01/29 16:43:56 Image size of job updated: 75344
	52  -  MemoryUsage of job (MB)
	52436  -  ResidentSetSize of job (KB)
...
006 (339725.504.000) 01/29 16:44:23 Image size of job updated: 301156
	52  -  MemoryUsage of job (MB)
	52464  -  ResidentSetSize of job (KB)
...
005 (339725.504.000) 01/29 16:44:23 Job terminated.
	(1) Normal termination (return value 0)
		Usr 0 00:00:14, Sys 0 00:00:02  -  Run Remote Usage
		Usr 0 00:00:00, Sys 0 00:00:00  -  Run Local Usage
		Usr 0 00:00:14, Sys 0 00:00:02  -  Total Remote Usage
		Usr 0 00:00:00, Sys 0 00:00:00  -  Total Local Usage
	719  -  Run Bytes Sent By Job
	10683  -  Run Bytes Received By Job
	719  -  Total Bytes Sent By Job
	10683  -  Total Bytes Received By Job
	Partitionable Resources :    Usage  Request Allocated 
	   Cpus                 :     0.03        1         1 
	   Disk (KB)            :    28     2048000   3701895 
	   Memory (MB)          :    52        2000      2000 
...
