000 (47439.874.000) 12/19 19:07:21 Job submitted from host: <155.230.20.251:9618?addrs=155.230.20.251-9618&noUDP&sock=930313_ea96_3>
...
001 (47439.874.000) 12/19 19:50:25 Job executing on host: <155.230.21.81:9618?addrs=155.230.21.81-9618&noUDP&sock=1515_be12_3>
...
006 (47439.874.000) 12/19 19:50:34 Image size of job updated: 300188
	219  -  MemoryUsage of job (MB)
	223956  -  ResidentSetSize of job (KB)
...
006 (47439.874.000) 12/19 19:50:35 Image size of job updated: 300212
	219  -  MemoryUsage of job (MB)
	223980  -  ResidentSetSize of job (KB)
...
005 (47439.874.000) 12/19 19:50:35 Job terminated.
	(1) Normal termination (return value 0)
		Usr 0 00:00:07, Sys 0 00:00:00  -  Run Remote Usage
		Usr 0 00:00:00, Sys 0 00:00:00  -  Run Local Usage
		Usr 0 00:00:07, Sys 0 00:00:00  -  Total Remote Usage
		Usr 0 00:00:00, Sys 0 00:00:00  -  Total Local Usage
	554  -  Run Bytes Sent By Job
	10422  -  Run Bytes Received By Job
	554  -  Total Bytes Sent By Job
	10422  -  Total Bytes Received By Job
	Partitionable Resources :    Usage  Request Allocated 
	   Cpus                 :     0.02        1         1 
	   Disk (KB)            :    28     2048000   3711985 
	   Memory (MB)          :   219        2000      2000 
...
