000 (47439.433.000) 12/19 19:07:20 Job submitted from host: <155.230.20.251:9618?addrs=155.230.20.251-9618&noUDP&sock=930313_ea96_3>
...
001 (47439.433.000) 12/19 19:41:13 Job executing on host: <155.230.21.111:9618?addrs=155.230.21.111-9618&noUDP&sock=14468_6c4e_3>
...
006 (47439.433.000) 12/19 19:41:21 Image size of job updated: 290752
	211  -  MemoryUsage of job (MB)
	215904  -  ResidentSetSize of job (KB)
...
005 (47439.433.000) 12/19 19:41:24 Job terminated.
	(1) Normal termination (return value 0)
		Usr 0 00:00:08, Sys 0 00:00:00  -  Run Remote Usage
		Usr 0 00:00:00, Sys 0 00:00:00  -  Run Local Usage
		Usr 0 00:00:08, Sys 0 00:00:00  -  Total Remote Usage
		Usr 0 00:00:00, Sys 0 00:00:00  -  Total Local Usage
	554  -  Run Bytes Sent By Job
	10422  -  Run Bytes Received By Job
	554  -  Total Bytes Sent By Job
	10422  -  Total Bytes Received By Job
	Partitionable Resources :    Usage  Request Allocated 
	   Cpus                 :        0        1         1 
	   Disk (KB)            :       28  2048000   3709606 
	   Memory (MB)          :      211     2000      2000 
...
000 (339725.433.000) 01/29 16:03:29 Job submitted from host: <155.230.23.72:9618?addrs=155.230.23.72-9618&noUDP&sock=882541_4c40_3>
...
001 (339725.433.000) 01/29 16:42:00 Job executing on host: <155.230.21.81:9618?addrs=155.230.21.81-9618&noUDP&sock=1515_be12_36>
...
006 (339725.433.000) 01/29 16:42:08 Image size of job updated: 300944
	220  -  MemoryUsage of job (MB)
	224416  -  ResidentSetSize of job (KB)
...
006 (339725.433.000) 01/29 16:42:16 Image size of job updated: 318424
	220  -  MemoryUsage of job (MB)
	224416  -  ResidentSetSize of job (KB)
...
005 (339725.433.000) 01/29 16:42:16 Job terminated.
	(1) Normal termination (return value 0)
		Usr 0 00:00:09, Sys 0 00:00:03  -  Run Remote Usage
		Usr 0 00:00:00, Sys 0 00:00:00  -  Run Local Usage
		Usr 0 00:00:09, Sys 0 00:00:03  -  Total Remote Usage
		Usr 0 00:00:00, Sys 0 00:00:00  -  Total Local Usage
	719  -  Run Bytes Sent By Job
	10683  -  Run Bytes Received By Job
	719  -  Total Bytes Sent By Job
	10683  -  Total Bytes Received By Job
	Partitionable Resources :    Usage  Request Allocated 
	   Cpus                 :     1.07        1         1 
	   Disk (KB)            :    29     2048000   3790577 
	   Memory (MB)          :   220        2000      2000 
...
