000 (47439.481.000) 12/19 19:07:20 Job submitted from host: <155.230.20.251:9618?addrs=155.230.20.251-9618&noUDP&sock=930313_ea96_3>
...
001 (47439.481.000) 12/19 19:42:15 Job executing on host: <155.230.21.93:9618?addrs=155.230.21.93-9618&noUDP&sock=5106_dea9_3>
...
006 (47439.481.000) 12/19 19:42:24 Image size of job updated: 304992
	223  -  MemoryUsage of job (MB)
	227676  -  ResidentSetSize of job (KB)
...
006 (47439.481.000) 12/19 19:42:24 Image size of job updated: 304992
	223  -  MemoryUsage of job (MB)
	227716  -  ResidentSetSize of job (KB)
...
005 (47439.481.000) 12/19 19:42:24 Job terminated.
	(1) Normal termination (return value 0)
		Usr 0 00:00:07, Sys 0 00:00:00  -  Run Remote Usage
		Usr 0 00:00:00, Sys 0 00:00:00  -  Run Local Usage
		Usr 0 00:00:07, Sys 0 00:00:00  -  Total Remote Usage
		Usr 0 00:00:00, Sys 0 00:00:00  -  Total Local Usage
	554  -  Run Bytes Sent By Job
	10422  -  Run Bytes Received By Job
	554  -  Total Bytes Sent By Job
	10422  -  Total Bytes Received By Job
	Partitionable Resources :    Usage  Request Allocated 
	   Cpus                 :     0.02        1         1 
	   Disk (KB)            :    28     2048000   3667554 
	   Memory (MB)          :   223        2000      2000 
...
000 (339725.481.000) 01/29 16:03:29 Job submitted from host: <155.230.23.72:9618?addrs=155.230.23.72-9618&noUDP&sock=882541_4c40_3>
...
001 (339725.481.000) 01/29 16:42:58 Job executing on host: <155.230.21.86:9618?addrs=155.230.21.86-9618&noUDP&sock=20085_37c6_47>
...
006 (339725.481.000) 01/29 16:43:06 Image size of job updated: 301008
	220  -  MemoryUsage of job (MB)
	224480  -  ResidentSetSize of job (KB)
...
006 (339725.481.000) 01/29 16:43:08 Image size of job updated: 301044
	220  -  MemoryUsage of job (MB)
	224480  -  ResidentSetSize of job (KB)
...
005 (339725.481.000) 01/29 16:43:08 Job terminated.
	(1) Normal termination (return value 0)
		Usr 0 00:00:07, Sys 0 00:00:01  -  Run Remote Usage
		Usr 0 00:00:00, Sys 0 00:00:00  -  Run Local Usage
		Usr 0 00:00:07, Sys 0 00:00:01  -  Total Remote Usage
		Usr 0 00:00:00, Sys 0 00:00:00  -  Total Local Usage
	719  -  Run Bytes Sent By Job
	10683  -  Run Bytes Received By Job
	719  -  Total Bytes Sent By Job
	10683  -  Total Bytes Received By Job
	Partitionable Resources :    Usage  Request Allocated 
	   Cpus                 :        0        1         1 
	   Disk (KB)            :       28  2048000   3827117 
	   Memory (MB)          :      220     2000      2000 
...
