000 (47439.397.000) 12/19 19:07:20 Job submitted from host: <155.230.20.251:9618?addrs=155.230.20.251-9618&noUDP&sock=930313_ea96_3>
...
001 (47439.397.000) 12/19 19:40:17 Job executing on host: <155.230.21.106:9618?addrs=155.230.21.106-9618&noUDP&sock=23306_8e53_3>
...
006 (47439.397.000) 12/19 19:40:25 Image size of job updated: 302224
	221  -  MemoryUsage of job (MB)
	225992  -  ResidentSetSize of job (KB)
...
006 (47439.397.000) 12/19 19:40:26 Image size of job updated: 302228
	221  -  MemoryUsage of job (MB)
	225992  -  ResidentSetSize of job (KB)
...
005 (47439.397.000) 12/19 19:40:26 Job terminated.
	(1) Normal termination (return value 0)
		Usr 0 00:00:08, Sys 0 00:00:00  -  Run Remote Usage
		Usr 0 00:00:00, Sys 0 00:00:00  -  Run Local Usage
		Usr 0 00:00:08, Sys 0 00:00:00  -  Total Remote Usage
		Usr 0 00:00:00, Sys 0 00:00:00  -  Total Local Usage
	554  -  Run Bytes Sent By Job
	10422  -  Run Bytes Received By Job
	554  -  Total Bytes Sent By Job
	10422  -  Total Bytes Received By Job
	Partitionable Resources :    Usage  Request Allocated 
	   Cpus                 :        0        1         1 
	   Disk (KB)            :       28  2048000   3709606 
	   Memory (MB)          :      221     2000      2000 
...
000 (339725.397.000) 01/29 16:03:29 Job submitted from host: <155.230.23.72:9618?addrs=155.230.23.72-9618&noUDP&sock=882541_4c40_3>
...
001 (339725.397.000) 01/29 16:41:47 Job executing on host: <155.230.21.37:9618?addrs=155.230.21.37-9618&noUDP&sock=9467_272d_3>
...
006 (339725.397.000) 01/29 16:41:55 Image size of job updated: 116540
	66  -  MemoryUsage of job (MB)
	66596  -  ResidentSetSize of job (KB)
...
006 (339725.397.000) 01/29 16:42:18 Image size of job updated: 301184
	66  -  MemoryUsage of job (MB)
	66680  -  ResidentSetSize of job (KB)
...
005 (339725.397.000) 01/29 16:42:18 Job terminated.
	(1) Normal termination (return value 0)
		Usr 0 00:00:14, Sys 0 00:00:02  -  Run Remote Usage
		Usr 0 00:00:00, Sys 0 00:00:00  -  Run Local Usage
		Usr 0 00:00:14, Sys 0 00:00:02  -  Total Remote Usage
		Usr 0 00:00:00, Sys 0 00:00:00  -  Total Local Usage
	719  -  Run Bytes Sent By Job
	10683  -  Run Bytes Received By Job
	719  -  Total Bytes Sent By Job
	10683  -  Total Bytes Received By Job
	Partitionable Resources :    Usage  Request Allocated 
	   Cpus                 :        0        1         1 
	   Disk (KB)            :       28  2048000   3669742 
	   Memory (MB)          :       66     2000      2000 
...
