000 (47439.550.000) 12/19 19:07:20 Job submitted from host: <155.230.20.251:9618?addrs=155.230.20.251-9618&noUDP&sock=930313_ea96_3>
...
001 (47439.550.000) 12/19 19:44:08 Job executing on host: <155.230.21.96:9618?addrs=155.230.21.96-9618&noUDP&sock=24703_c822_3>
...
006 (47439.550.000) 12/19 19:44:16 Image size of job updated: 286644
	209  -  MemoryUsage of job (MB)
	213468  -  ResidentSetSize of job (KB)
...
006 (47439.550.000) 12/19 19:44:20 Image size of job updated: 301900
	209  -  MemoryUsage of job (MB)
	213468  -  ResidentSetSize of job (KB)
...
005 (47439.550.000) 12/19 19:44:21 Job terminated.
	(1) Normal termination (return value 0)
		Usr 0 00:00:10, Sys 0 00:00:00  -  Run Remote Usage
		Usr 0 00:00:00, Sys 0 00:00:00  -  Run Local Usage
		Usr 0 00:00:10, Sys 0 00:00:00  -  Total Remote Usage
		Usr 0 00:00:00, Sys 0 00:00:00  -  Total Local Usage
	554  -  Run Bytes Sent By Job
	10422  -  Run Bytes Received By Job
	554  -  Total Bytes Sent By Job
	10422  -  Total Bytes Received By Job
	Partitionable Resources :    Usage  Request Allocated 
	   Cpus                 :     0.03        1         1 
	   Disk (KB)            :    28     2048000   3533127 
	   Memory (MB)          :   209        2000      2000 
...
000 (339725.550.000) 01/29 16:03:30 Job submitted from host: <155.230.23.72:9618?addrs=155.230.23.72-9618&noUDP&sock=882541_4c40_3>
...
001 (339725.550.000) 01/29 16:44:03 Job executing on host: <155.230.21.115:9618?addrs=155.230.21.115-9618+[2407-c000-c024-0-beee-7bff-fe2f-e035]-9618&noUDP&sock=1549_104a_3>
...
006 (339725.550.000) 01/29 16:44:12 Image size of job updated: 300296
	219  -  MemoryUsage of job (MB)
	223796  -  ResidentSetSize of job (KB)
...
006 (339725.550.000) 01/29 16:44:21 Image size of job updated: 311816
	219  -  MemoryUsage of job (MB)
	223892  -  ResidentSetSize of job (KB)
...
005 (339725.550.000) 01/29 16:44:21 Job terminated.
	(1) Normal termination (return value 0)
		Usr 0 00:00:11, Sys 0 00:00:03  -  Run Remote Usage
		Usr 0 00:00:00, Sys 0 00:00:00  -  Run Local Usage
		Usr 0 00:00:11, Sys 0 00:00:03  -  Total Remote Usage
		Usr 0 00:00:00, Sys 0 00:00:00  -  Total Local Usage
	719  -  Run Bytes Sent By Job
	10683  -  Run Bytes Received By Job
	719  -  Total Bytes Sent By Job
	10683  -  Total Bytes Received By Job
	Partitionable Resources :    Usage  Request Allocated 
	   Cpus                 :        0        1         1 
	   Disk (KB)            :       29  2048000   3798708 
	   Memory (MB)          :      219     2000      2000 
...
