000 (47439.680.000) 12/19 19:07:21 Job submitted from host: <155.230.20.251:9618?addrs=155.230.20.251-9618&noUDP&sock=930313_ea96_3>
...
001 (47439.680.000) 12/19 19:47:05 Job executing on host: <155.230.21.73:9618?addrs=155.230.21.73-9618&noUDP&sock=15554_5428_3>
...
006 (47439.680.000) 12/19 19:47:13 Image size of job updated: 119872
	68  -  MemoryUsage of job (MB)
	69128  -  ResidentSetSize of job (KB)
...
006 (47439.680.000) 12/19 19:47:48 Image size of job updated: 299824
	68  -  MemoryUsage of job (MB)
	69128  -  ResidentSetSize of job (KB)
...
005 (47439.680.000) 12/19 19:47:48 Job terminated.
	(1) Normal termination (return value 0)
		Usr 0 00:00:13, Sys 0 00:00:01  -  Run Remote Usage
		Usr 0 00:00:00, Sys 0 00:00:00  -  Run Local Usage
		Usr 0 00:00:13, Sys 0 00:00:01  -  Total Remote Usage
		Usr 0 00:00:00, Sys 0 00:00:00  -  Total Local Usage
	554  -  Run Bytes Sent By Job
	10422  -  Run Bytes Received By Job
	554  -  Total Bytes Sent By Job
	10422  -  Total Bytes Received By Job
	Partitionable Resources :    Usage  Request Allocated 
	   Cpus                 :     0.27        1         1 
	   Disk (KB)            :    28     2048000   3656096 
	   Memory (MB)          :    68        2000      2000 
...
