000 (47439.535.000) 12/19 19:07:20 Job submitted from host: <155.230.20.251:9618?addrs=155.230.20.251-9618&noUDP&sock=930313_ea96_3>
...
001 (47439.535.000) 12/19 19:43:19 Job executing on host: <155.230.21.118:9618?addrs=155.230.21.118-9618&noUDP&sock=12615_6b51_3>
...
006 (47439.535.000) 12/19 19:43:28 Image size of job updated: 284564
	208  -  MemoryUsage of job (MB)
	212244  -  ResidentSetSize of job (KB)
...
006 (47439.535.000) 12/19 19:43:32 Image size of job updated: 285252
	208  -  MemoryUsage of job (MB)
	212932  -  ResidentSetSize of job (KB)
...
005 (47439.535.000) 12/19 19:43:32 Job terminated.
	(1) Normal termination (return value 0)
		Usr 0 00:00:10, Sys 0 00:00:01  -  Run Remote Usage
		Usr 0 00:00:00, Sys 0 00:00:00  -  Run Local Usage
		Usr 0 00:00:10, Sys 0 00:00:01  -  Total Remote Usage
		Usr 0 00:00:00, Sys 0 00:00:00  -  Total Local Usage
	554  -  Run Bytes Sent By Job
	10422  -  Run Bytes Received By Job
	554  -  Total Bytes Sent By Job
	10422  -  Total Bytes Received By Job
	Partitionable Resources :    Usage  Request Allocated 
	   Cpus                 :        0        1         1 
	   Disk (KB)            :       28  2048000   3709329 
	   Memory (MB)          :      208     2000      2000 
...
000 (339725.535.000) 01/29 16:03:30 Job submitted from host: <155.230.23.72:9618?addrs=155.230.23.72-9618&noUDP&sock=882541_4c40_3>
...
001 (339725.535.000) 01/29 16:43:58 Job executing on host: <155.230.21.82:9618?addrs=155.230.21.82-9618&noUDP&sock=1520_2c0b_36>
...
006 (339725.535.000) 01/29 16:44:06 Image size of job updated: 290860
	211  -  MemoryUsage of job (MB)
	216032  -  ResidentSetSize of job (KB)
...
006 (339725.535.000) 01/29 16:44:19 Image size of job updated: 316108
	211  -  MemoryUsage of job (MB)
	216032  -  ResidentSetSize of job (KB)
...
005 (339725.535.000) 01/29 16:44:19 Job terminated.
	(1) Normal termination (return value 0)
		Usr 0 00:00:09, Sys 0 00:00:03  -  Run Remote Usage
		Usr 0 00:00:00, Sys 0 00:00:00  -  Run Local Usage
		Usr 0 00:00:09, Sys 0 00:00:03  -  Total Remote Usage
		Usr 0 00:00:00, Sys 0 00:00:00  -  Total Local Usage
	719  -  Run Bytes Sent By Job
	10683  -  Run Bytes Received By Job
	719  -  Total Bytes Sent By Job
	10683  -  Total Bytes Received By Job
	Partitionable Resources :    Usage  Request Allocated 
	   Cpus                 :        0        1         1 
	   Disk (KB)            :       28  2048000   3786225 
	   Memory (MB)          :      211     2000      2000 
...
