000 (47439.942.000) 12/19 19:07:21 Job submitted from host: <155.230.20.251:9618?addrs=155.230.20.251-9618&noUDP&sock=930313_ea96_3>
...
001 (47439.942.000) 12/19 19:52:31 Job executing on host: <155.230.21.38:9618?addrs=155.230.21.38-9618&noUDP&sock=22636_fddf_3>
...
006 (47439.942.000) 12/19 19:52:40 Image size of job updated: 91048
	47  -  MemoryUsage of job (MB)
	47876  -  ResidentSetSize of job (KB)
...
006 (47439.942.000) 12/19 19:53:02 Image size of job updated: 300740
	47  -  MemoryUsage of job (MB)
	47876  -  ResidentSetSize of job (KB)
...
005 (47439.942.000) 12/19 19:53:02 Job terminated.
	(1) Normal termination (return value 0)
		Usr 0 00:00:14, Sys 0 00:00:01  -  Run Remote Usage
		Usr 0 00:00:00, Sys 0 00:00:00  -  Run Local Usage
		Usr 0 00:00:14, Sys 0 00:00:01  -  Total Remote Usage
		Usr 0 00:00:00, Sys 0 00:00:00  -  Total Local Usage
	554  -  Run Bytes Sent By Job
	10422  -  Run Bytes Received By Job
	554  -  Total Bytes Sent By Job
	10422  -  Total Bytes Received By Job
	Partitionable Resources :    Usage  Request Allocated 
	   Cpus                 :        0        1         1 
	   Disk (KB)            :       28  2048000   3666180 
	   Memory (MB)          :       47     2000      2000 
...
000 (339725.942.000) 01/29 16:03:30 Job submitted from host: <155.230.23.72:9618?addrs=155.230.23.72-9618&noUDP&sock=882541_4c40_3>
...
001 (339725.942.000) 01/29 16:51:52 Job executing on host: <155.230.21.100:9618?addrs=155.230.21.100-9618&noUDP&sock=9525_efac_48>
...
006 (339725.942.000) 01/29 16:52:00 Image size of job updated: 248976
	177  -  MemoryUsage of job (MB)
	180648  -  ResidentSetSize of job (KB)
...
006 (339725.942.000) 01/29 16:52:20 Image size of job updated: 248976
	177  -  MemoryUsage of job (MB)
	180748  -  ResidentSetSize of job (KB)
...
005 (339725.942.000) 01/29 16:52:20 Job terminated.
	(1) Normal termination (return value 0)
		Usr 0 00:00:13, Sys 0 00:00:05  -  Run Remote Usage
		Usr 0 00:00:00, Sys 0 00:00:00  -  Run Local Usage
		Usr 0 00:00:13, Sys 0 00:00:05  -  Total Remote Usage
		Usr 0 00:00:00, Sys 0 00:00:00  -  Total Local Usage
	719  -  Run Bytes Sent By Job
	10683  -  Run Bytes Received By Job
	719  -  Total Bytes Sent By Job
	10683  -  Total Bytes Received By Job
	Partitionable Resources :    Usage  Request Allocated 
	   Cpus                 :     0.67        1         1 
	   Disk (KB)            :    29     2048000   3785181 
	   Memory (MB)          :   177        2000      2000 
...
