000 (47439.570.000) 12/19 19:07:20 Job submitted from host: <155.230.20.251:9618?addrs=155.230.20.251-9618&noUDP&sock=930313_ea96_3>
...
001 (47439.570.000) 12/19 19:44:16 Job executing on host: <155.230.21.84:9618?addrs=155.230.21.84-9618&noUDP&sock=1534_c65e_3>
...
006 (47439.570.000) 12/19 19:44:24 Image size of job updated: 301832
	221  -  MemoryUsage of job (MB)
	225600  -  ResidentSetSize of job (KB)
...
005 (47439.570.000) 12/19 19:44:25 Job terminated.
	(1) Normal termination (return value 0)
		Usr 0 00:00:07, Sys 0 00:00:00  -  Run Remote Usage
		Usr 0 00:00:00, Sys 0 00:00:00  -  Run Local Usage
		Usr 0 00:00:07, Sys 0 00:00:00  -  Total Remote Usage
		Usr 0 00:00:00, Sys 0 00:00:00  -  Total Local Usage
	554  -  Run Bytes Sent By Job
	10422  -  Run Bytes Received By Job
	554  -  Total Bytes Sent By Job
	10422  -  Total Bytes Received By Job
	Partitionable Resources :    Usage  Request Allocated 
	   Cpus                 :        0        1         1 
	   Disk (KB)            :       28  2048000   3605424 
	   Memory (MB)          :      221     2000      2000 
...
000 (339725.570.000) 01/29 16:03:30 Job submitted from host: <155.230.23.72:9618?addrs=155.230.23.72-9618&noUDP&sock=882541_4c40_3>
...
001 (339725.570.000) 01/29 16:44:52 Job executing on host: <155.230.21.96:9618?addrs=155.230.21.96-9618&noUDP&sock=24703_c822_48>
...
006 (339725.570.000) 01/29 16:45:02 Image size of job updated: 276168
	199  -  MemoryUsage of job (MB)
	203484  -  ResidentSetSize of job (KB)
...
006 (339725.570.000) 01/29 16:45:17 Image size of job updated: 312128
	199  -  MemoryUsage of job (MB)
	203488  -  ResidentSetSize of job (KB)
...
005 (339725.570.000) 01/29 16:45:17 Job terminated.
	(1) Normal termination (return value 0)
		Usr 0 00:00:12, Sys 0 00:00:05  -  Run Remote Usage
		Usr 0 00:00:00, Sys 0 00:00:00  -  Run Local Usage
		Usr 0 00:00:12, Sys 0 00:00:05  -  Total Remote Usage
		Usr 0 00:00:00, Sys 0 00:00:00  -  Total Local Usage
	719  -  Run Bytes Sent By Job
	10683  -  Run Bytes Received By Job
	719  -  Total Bytes Sent By Job
	10683  -  Total Bytes Received By Job
	Partitionable Resources :    Usage  Request Allocated 
	   Cpus                 :        0        1         1 
	   Disk (KB)            :       28  2048000   3782840 
	   Memory (MB)          :      199     2000      2000 
...
