000 (47439.812.000) 12/19 19:07:21 Job submitted from host: <155.230.20.251:9618?addrs=155.230.20.251-9618&noUDP&sock=930313_ea96_3>
...
001 (47439.812.000) 12/19 19:49:19 Job executing on host: <155.230.21.34:9618?addrs=155.230.21.34-9618&noUDP&sock=3883_fe56_3>
...
006 (47439.812.000) 12/19 19:49:27 Image size of job updated: 5704
	5  -  MemoryUsage of job (MB)
	4264  -  ResidentSetSize of job (KB)
...
006 (47439.812.000) 12/19 19:50:14 Image size of job updated: 307500
	5  -  MemoryUsage of job (MB)
	4264  -  ResidentSetSize of job (KB)
...
005 (47439.812.000) 12/19 19:50:14 Job terminated.
	(1) Normal termination (return value 0)
		Usr 0 00:00:14, Sys 0 00:00:02  -  Run Remote Usage
		Usr 0 00:00:00, Sys 0 00:00:00  -  Run Local Usage
		Usr 0 00:00:14, Sys 0 00:00:02  -  Total Remote Usage
		Usr 0 00:00:00, Sys 0 00:00:00  -  Total Local Usage
	554  -  Run Bytes Sent By Job
	10422  -  Run Bytes Received By Job
	554  -  Total Bytes Sent By Job
	10422  -  Total Bytes Received By Job
	Partitionable Resources :    Usage  Request Allocated 
	   Cpus                 :     0.09        1         1 
	   Disk (KB)            :    28     2048000   3677810 
	   Memory (MB)          :     5        2000      2000 
...
000 (339725.812.000) 01/29 16:03:30 Job submitted from host: <155.230.23.72:9618?addrs=155.230.23.72-9618&noUDP&sock=882541_4c40_3>
...
001 (339725.812.000) 01/29 16:49:03 Job executing on host: <155.230.21.113:9618?addrs=155.230.21.113-9618+[2407-c000-c024-0-a60-6eff-fe17-c80e]-9618&noUDP&sock=3349_b6c3_3>
...
006 (339725.812.000) 01/29 16:49:12 Image size of job updated: 302756
	221  -  MemoryUsage of job (MB)
	226228  -  ResidentSetSize of job (KB)
...
006 (339725.812.000) 01/29 16:49:22 Image size of job updated: 314844
	221  -  MemoryUsage of job (MB)
	226228  -  ResidentSetSize of job (KB)
...
005 (339725.812.000) 01/29 16:49:22 Job terminated.
	(1) Normal termination (return value 0)
		Usr 0 00:00:10, Sys 0 00:00:03  -  Run Remote Usage
		Usr 0 00:00:00, Sys 0 00:00:00  -  Run Local Usage
		Usr 0 00:00:10, Sys 0 00:00:03  -  Total Remote Usage
		Usr 0 00:00:00, Sys 0 00:00:00  -  Total Local Usage
	719  -  Run Bytes Sent By Job
	10683  -  Run Bytes Received By Job
	719  -  Total Bytes Sent By Job
	10683  -  Total Bytes Received By Job
	Partitionable Resources :    Usage  Request Allocated 
	   Cpus                 :        0        1         1 
	   Disk (KB)            :       29  2048000   3787319 
	   Memory (MB)          :      221     2000      2000 
...
