000 (47439.177.000) 12/19 19:07:20 Job submitted from host: <155.230.20.251:9618?addrs=155.230.20.251-9618&noUDP&sock=930313_ea96_3>
...
001 (47439.177.000) 12/19 19:35:18 Job executing on host: <155.230.21.115:9618?addrs=155.230.21.115-9618&noUDP&sock=905_554c_3>
...
006 (47439.177.000) 12/19 19:35:27 Image size of job updated: 292792
	213  -  MemoryUsage of job (MB)
	217828  -  ResidentSetSize of job (KB)
...
006 (47439.177.000) 12/19 19:35:29 Image size of job updated: 302288
	213  -  MemoryUsage of job (MB)
	218068  -  ResidentSetSize of job (KB)
...
005 (47439.177.000) 12/19 19:35:29 Job terminated.
	(1) Normal termination (return value 0)
		Usr 0 00:00:09, Sys 0 00:00:00  -  Run Remote Usage
		Usr 0 00:00:00, Sys 0 00:00:00  -  Run Local Usage
		Usr 0 00:00:09, Sys 0 00:00:00  -  Total Remote Usage
		Usr 0 00:00:00, Sys 0 00:00:00  -  Total Local Usage
	554  -  Run Bytes Sent By Job
	10422  -  Run Bytes Received By Job
	554  -  Total Bytes Sent By Job
	10422  -  Total Bytes Received By Job
	Partitionable Resources :    Usage  Request Allocated 
	   Cpus                 :        0        1         1 
	   Disk (KB)            :       28  2048000   3709762 
	   Memory (MB)          :      213     2000      2000 
...
000 (339725.177.000) 01/29 16:03:29 Job submitted from host: <155.230.23.72:9618?addrs=155.230.23.72-9618&noUDP&sock=882541_4c40_3>
...
001 (339725.177.000) 01/29 16:37:42 Job executing on host: <155.230.21.113:9618?addrs=155.230.21.113-9618+[2407-c000-c024-0-a60-6eff-fe17-c80e]-9618&noUDP&sock=3349_b6c3_3>
...
006 (339725.177.000) 01/29 16:37:50 Image size of job updated: 292164
	212  -  MemoryUsage of job (MB)
	216828  -  ResidentSetSize of job (KB)
...
006 (339725.177.000) 01/29 16:37:59 Image size of job updated: 335328
	212  -  MemoryUsage of job (MB)
	216860  -  ResidentSetSize of job (KB)
...
005 (339725.177.000) 01/29 16:37:59 Job terminated.
	(1) Normal termination (return value 0)
		Usr 0 00:00:09, Sys 0 00:00:03  -  Run Remote Usage
		Usr 0 00:00:00, Sys 0 00:00:00  -  Run Local Usage
		Usr 0 00:00:09, Sys 0 00:00:03  -  Total Remote Usage
		Usr 0 00:00:00, Sys 0 00:00:00  -  Total Local Usage
	719  -  Run Bytes Sent By Job
	10683  -  Run Bytes Received By Job
	719  -  Total Bytes Sent By Job
	10683  -  Total Bytes Received By Job
	Partitionable Resources :    Usage  Request Allocated 
	   Cpus                 :        0        1         1 
	   Disk (KB)            :       29  2048000   3787319 
	   Memory (MB)          :      212     2000      2000 
...
