000 (47439.090.000) 12/19 19:07:20 Job submitted from host: <155.230.20.251:9618?addrs=155.230.20.251-9618&noUDP&sock=930313_ea96_3>
...
001 (47439.090.000) 12/19 19:33:18 Job executing on host: <155.230.21.126:9618?addrs=155.230.21.126-9618&noUDP&sock=27949_448d_3>
...
006 (47439.090.000) 12/19 19:33:26 Image size of job updated: 301860
	221  -  MemoryUsage of job (MB)
	225624  -  ResidentSetSize of job (KB)
...
005 (47439.090.000) 12/19 19:33:27 Job terminated.
	(1) Normal termination (return value 0)
		Usr 0 00:00:07, Sys 0 00:00:00  -  Run Remote Usage
		Usr 0 00:00:00, Sys 0 00:00:00  -  Run Local Usage
		Usr 0 00:00:07, Sys 0 00:00:00  -  Total Remote Usage
		Usr 0 00:00:00, Sys 0 00:00:00  -  Total Local Usage
	554  -  Run Bytes Sent By Job
	10422  -  Run Bytes Received By Job
	554  -  Total Bytes Sent By Job
	10422  -  Total Bytes Received By Job
	Partitionable Resources :    Usage  Request Allocated 
	   Cpus                 :        0        1         1 
	   Disk (KB)            :       28  2048000   3652507 
	   Memory (MB)          :      221     2000      2000 
...
000 (339725.090.000) 01/29 16:03:29 Job submitted from host: <155.230.23.72:9618?addrs=155.230.23.72-9618&noUDP&sock=882541_4c40_3>
...
001 (339725.090.000) 01/29 16:36:33 Job executing on host: <155.230.21.43:9618?addrs=155.230.21.43-9618+[2407-c000-c024-0-226-18ff-fe94-3c21]-9618&noUDP&sock=1286_aae2_3>
...
006 (339725.090.000) 01/29 16:36:42 Image size of job updated: 183784
	117  -  MemoryUsage of job (MB)
	118972  -  ResidentSetSize of job (KB)
...
006 (339725.090.000) 01/29 16:37:41 Image size of job updated: 240364
	117  -  MemoryUsage of job (MB)
	119024  -  ResidentSetSize of job (KB)
...
005 (339725.090.000) 01/29 16:37:41 Job terminated.
	(1) Normal termination (return value 0)
		Usr 0 00:00:15, Sys 0 00:00:05  -  Run Remote Usage
		Usr 0 00:00:00, Sys 0 00:00:00  -  Run Local Usage
		Usr 0 00:00:15, Sys 0 00:00:05  -  Total Remote Usage
		Usr 0 00:00:00, Sys 0 00:00:00  -  Total Local Usage
	718  -  Run Bytes Sent By Job
	10683  -  Run Bytes Received By Job
	718  -  Total Bytes Sent By Job
	10683  -  Total Bytes Received By Job
	Partitionable Resources :    Usage  Request Allocated 
	   Cpus                 :     0.11        1         1 
	   Disk (KB)            :    29     2048000   3905052 
	   Memory (MB)          :   117        2000      2000 
...
