000 (47439.641.000) 12/19 19:07:21 Job submitted from host: <155.230.20.251:9618?addrs=155.230.20.251-9618&noUDP&sock=930313_ea96_3>
...
001 (47439.641.000) 12/19 19:46:05 Job executing on host: <155.230.21.99:9618?addrs=155.230.21.99-9618&noUDP&sock=12118_84bf_3>
...
006 (47439.641.000) 12/19 19:46:13 Image size of job updated: 272156
	196  -  MemoryUsage of job (MB)
	200088  -  ResidentSetSize of job (KB)
...
006 (47439.641.000) 12/19 19:46:18 Image size of job updated: 300264
	196  -  MemoryUsage of job (MB)
	200116  -  ResidentSetSize of job (KB)
...
005 (47439.641.000) 12/19 19:46:18 Job terminated.
	(1) Normal termination (return value 0)
		Usr 0 00:00:10, Sys 0 00:00:01  -  Run Remote Usage
		Usr 0 00:00:00, Sys 0 00:00:00  -  Run Local Usage
		Usr 0 00:00:10, Sys 0 00:00:01  -  Total Remote Usage
		Usr 0 00:00:00, Sys 0 00:00:00  -  Total Local Usage
	554  -  Run Bytes Sent By Job
	10422  -  Run Bytes Received By Job
	554  -  Total Bytes Sent By Job
	10422  -  Total Bytes Received By Job
	Partitionable Resources :    Usage  Request Allocated 
	   Cpus                 :        0        1         1 
	   Disk (KB)            :       28  2048000   3707744 
	   Memory (MB)          :      196     2000      2000 
...
000 (339725.641.000) 01/29 16:03:30 Job submitted from host: <155.230.23.72:9618?addrs=155.230.23.72-9618&noUDP&sock=882541_4c40_3>
...
001 (339725.641.000) 01/29 16:45:58 Job executing on host: <155.230.21.82:9618?addrs=155.230.21.82-9618&noUDP&sock=1520_2c0b_36>
...
006 (339725.641.000) 01/29 16:46:06 Image size of job updated: 300872
	220  -  MemoryUsage of job (MB)
	224344  -  ResidentSetSize of job (KB)
...
006 (339725.641.000) 01/29 16:46:15 Image size of job updated: 310964
	220  -  MemoryUsage of job (MB)
	224344  -  ResidentSetSize of job (KB)
...
005 (339725.641.000) 01/29 16:46:15 Job terminated.
	(1) Normal termination (return value 0)
		Usr 0 00:00:08, Sys 0 00:00:03  -  Run Remote Usage
		Usr 0 00:00:00, Sys 0 00:00:00  -  Run Local Usage
		Usr 0 00:00:08, Sys 0 00:00:03  -  Total Remote Usage
		Usr 0 00:00:00, Sys 0 00:00:00  -  Total Local Usage
	719  -  Run Bytes Sent By Job
	10683  -  Run Bytes Received By Job
	719  -  Total Bytes Sent By Job
	10683  -  Total Bytes Received By Job
	Partitionable Resources :    Usage  Request Allocated 
	   Cpus                 :        0        1         1 
	   Disk (KB)            :       28  2048000   3786225 
	   Memory (MB)          :      220     2000      2000 
...
