000 (47439.318.000) 12/19 19:07:20 Job submitted from host: <155.230.20.251:9618?addrs=155.230.20.251-9618&noUDP&sock=930313_ea96_3>
...
001 (47439.318.000) 12/19 19:39:13 Job executing on host: <155.230.21.38:9618?addrs=155.230.21.38-9618&noUDP&sock=22636_fddf_3>
...
006 (47439.318.000) 12/19 19:39:22 Image size of job updated: 112152
	64  -  MemoryUsage of job (MB)
	64664  -  ResidentSetSize of job (KB)
...
006 (47439.318.000) 12/19 19:39:44 Image size of job updated: 303396
	64  -  MemoryUsage of job (MB)
	64672  -  ResidentSetSize of job (KB)
...
005 (47439.318.000) 12/19 19:39:44 Job terminated.
	(1) Normal termination (return value 0)
		Usr 0 00:00:14, Sys 0 00:00:01  -  Run Remote Usage
		Usr 0 00:00:00, Sys 0 00:00:00  -  Run Local Usage
		Usr 0 00:00:14, Sys 0 00:00:01  -  Total Remote Usage
		Usr 0 00:00:00, Sys 0 00:00:00  -  Total Local Usage
	554  -  Run Bytes Sent By Job
	10422  -  Run Bytes Received By Job
	554  -  Total Bytes Sent By Job
	10422  -  Total Bytes Received By Job
	Partitionable Resources :    Usage  Request Allocated 
	   Cpus                 :        0        1         1 
	   Disk (KB)            :       28  2048000   3666180 
	   Memory (MB)          :       64     2000      2000 
...
000 (339725.318.000) 01/29 16:03:29 Job submitted from host: <155.230.23.72:9618?addrs=155.230.23.72-9618&noUDP&sock=882541_4c40_3>
...
001 (339725.318.000) 01/29 16:39:57 Job executing on host: <155.230.21.84:9618?addrs=155.230.21.84-9618+[2407-c000-c024-0-beae-c5ff-fe4e-98ef]-9618&noUDP&sock=29804_a4bb_6>
...
006 (339725.318.000) 01/29 16:40:06 Image size of job updated: 301052
	220  -  MemoryUsage of job (MB)
	224524  -  ResidentSetSize of job (KB)
...
006 (339725.318.000) 01/29 16:40:12 Image size of job updated: 316364
	220  -  MemoryUsage of job (MB)
	224524  -  ResidentSetSize of job (KB)
...
005 (339725.318.000) 01/29 16:40:12 Job terminated.
	(1) Normal termination (return value 0)
		Usr 0 00:00:08, Sys 0 00:00:04  -  Run Remote Usage
		Usr 0 00:00:00, Sys 0 00:00:00  -  Run Local Usage
		Usr 0 00:00:08, Sys 0 00:00:04  -  Total Remote Usage
		Usr 0 00:00:00, Sys 0 00:00:00  -  Total Local Usage
	719  -  Run Bytes Sent By Job
	10683  -  Run Bytes Received By Job
	719  -  Total Bytes Sent By Job
	10683  -  Total Bytes Received By Job
	Partitionable Resources :    Usage  Request Allocated 
	   Cpus                 :     0.02        1         1 
	   Disk (KB)            :    29     2048000   3836532 
	   Memory (MB)          :   220        2000      2000 
...
