000 (47439.317.000) 12/19 19:07:20 Job submitted from host: <155.230.20.251:9618?addrs=155.230.20.251-9618&noUDP&sock=930313_ea96_3>
...
001 (47439.317.000) 12/19 19:39:13 Job executing on host: <155.230.21.35:9618?addrs=155.230.21.35-9618&noUDP&sock=11940_6ce3_3>
...
006 (47439.317.000) 12/19 19:39:22 Image size of job updated: 89752
	46  -  MemoryUsage of job (MB)
	46540  -  ResidentSetSize of job (KB)
...
006 (47439.317.000) 12/19 19:39:43 Image size of job updated: 561852
	46  -  MemoryUsage of job (MB)
	46540  -  ResidentSetSize of job (KB)
...
005 (47439.317.000) 12/19 19:39:43 Job terminated.
	(1) Normal termination (return value 0)
		Usr 0 00:00:14, Sys 0 00:00:01  -  Run Remote Usage
		Usr 0 00:00:00, Sys 0 00:00:00  -  Run Local Usage
		Usr 0 00:00:14, Sys 0 00:00:01  -  Total Remote Usage
		Usr 0 00:00:00, Sys 0 00:00:00  -  Total Local Usage
	554  -  Run Bytes Sent By Job
	10422  -  Run Bytes Received By Job
	554  -  Total Bytes Sent By Job
	10422  -  Total Bytes Received By Job
	Partitionable Resources :    Usage  Request Allocated 
	   Cpus                 :     0.04        1         1 
	   Disk (KB)            :    28     2048000   3689027 
	   Memory (MB)          :    46        2000      2000 
...
000 (339725.317.000) 01/29 16:03:29 Job submitted from host: <155.230.23.72:9618?addrs=155.230.23.72-9618&noUDP&sock=882541_4c40_3>
...
001 (339725.317.000) 01/29 16:39:56 Job executing on host: <155.230.21.90:9618?addrs=155.230.21.90-9618&noUDP&sock=1536_258f_37>
...
006 (339725.317.000) 01/29 16:40:04 Image size of job updated: 301164
	220  -  MemoryUsage of job (MB)
	224636  -  ResidentSetSize of job (KB)
...
006 (339725.317.000) 01/29 16:40:12 Image size of job updated: 312336
	220  -  MemoryUsage of job (MB)
	224636  -  ResidentSetSize of job (KB)
...
005 (339725.317.000) 01/29 16:40:12 Job terminated.
	(1) Normal termination (return value 0)
		Usr 0 00:00:08, Sys 0 00:00:03  -  Run Remote Usage
		Usr 0 00:00:00, Sys 0 00:00:00  -  Run Local Usage
		Usr 0 00:00:08, Sys 0 00:00:03  -  Total Remote Usage
		Usr 0 00:00:00, Sys 0 00:00:00  -  Total Local Usage
	719  -  Run Bytes Sent By Job
	10683  -  Run Bytes Received By Job
	719  -  Total Bytes Sent By Job
	10683  -  Total Bytes Received By Job
	Partitionable Resources :    Usage  Request Allocated 
	   Cpus                 :        0        1         1 
	   Disk (KB)            :       28  2048000   3794435 
	   Memory (MB)          :      220     2000      2000 
...
