000 (47439.727.000) 12/19 19:07:21 Job submitted from host: <155.230.20.251:9618?addrs=155.230.20.251-9618&noUDP&sock=930313_ea96_3>
...
001 (47439.727.000) 12/19 19:47:38 Job executing on host: <155.230.21.95:9618?addrs=155.230.21.95-9618+[--1]-9618&noUDP&sock=14962_4417_3>
...
006 (47439.727.000) 12/19 19:47:46 Image size of job updated: 286912
	209  -  MemoryUsage of job (MB)
	213816  -  ResidentSetSize of job (KB)
...
006 (47439.727.000) 12/19 19:47:50 Image size of job updated: 301460
	209  -  MemoryUsage of job (MB)
	213820  -  ResidentSetSize of job (KB)
...
005 (47439.727.000) 12/19 19:47:51 Job terminated.
	(1) Normal termination (return value 0)
		Usr 0 00:00:10, Sys 0 00:00:01  -  Run Remote Usage
		Usr 0 00:00:00, Sys 0 00:00:00  -  Run Local Usage
		Usr 0 00:00:10, Sys 0 00:00:01  -  Total Remote Usage
		Usr 0 00:00:00, Sys 0 00:00:00  -  Total Local Usage
	554  -  Run Bytes Sent By Job
	10422  -  Run Bytes Received By Job
	554  -  Total Bytes Sent By Job
	10422  -  Total Bytes Received By Job
	Partitionable Resources :    Usage  Request Allocated 
	   Cpus                 :                 1         1 
	   Disk (KB)            :       22  2048000  18549089 
	   Memory (MB)          :      209     2000      2000 
...
000 (339725.727.000) 01/29 16:03:30 Job submitted from host: <155.230.23.72:9618?addrs=155.230.23.72-9618&noUDP&sock=882541_4c40_3>
...
001 (339725.727.000) 01/29 16:47:47 Job executing on host: <155.230.21.97:9618?addrs=155.230.21.97-9618&noUDP&sock=19004_bde6_47>
...
006 (339725.727.000) 01/29 16:47:56 Image size of job updated: 280840
	204  -  MemoryUsage of job (MB)
	208108  -  ResidentSetSize of job (KB)
...
006 (339725.727.000) 01/29 16:48:12 Image size of job updated: 320364
	204  -  MemoryUsage of job (MB)
	208128  -  ResidentSetSize of job (KB)
...
005 (339725.727.000) 01/29 16:48:12 Job terminated.
	(1) Normal termination (return value 0)
		Usr 0 00:00:13, Sys 0 00:00:04  -  Run Remote Usage
		Usr 0 00:00:00, Sys 0 00:00:00  -  Run Local Usage
		Usr 0 00:00:13, Sys 0 00:00:04  -  Total Remote Usage
		Usr 0 00:00:00, Sys 0 00:00:00  -  Total Local Usage
	719  -  Run Bytes Sent By Job
	10683  -  Run Bytes Received By Job
	719  -  Total Bytes Sent By Job
	10683  -  Total Bytes Received By Job
	Partitionable Resources :    Usage  Request Allocated 
	   Cpus                 :        0        1         1 
	   Disk (KB)            :       28  2048000   3784333 
	   Memory (MB)          :      204     2000      2000 
...
