000 (47439.514.000) 12/19 19:07:20 Job submitted from host: <155.230.20.251:9618?addrs=155.230.20.251-9618&noUDP&sock=930313_ea96_3>
...
001 (47439.514.000) 12/19 19:43:11 Job executing on host: <155.230.21.112:9618?addrs=155.230.21.112-9618&noUDP&sock=22175_c8b6_3>
...
006 (47439.514.000) 12/19 19:43:19 Image size of job updated: 287148
	209  -  MemoryUsage of job (MB)
	213536  -  ResidentSetSize of job (KB)
...
006 (47439.514.000) 12/19 19:43:22 Image size of job updated: 547276
	209  -  MemoryUsage of job (MB)
	213540  -  ResidentSetSize of job (KB)
...
005 (47439.514.000) 12/19 19:43:22 Job terminated.
	(1) Normal termination (return value 0)
		Usr 0 00:00:08, Sys 0 00:00:00  -  Run Remote Usage
		Usr 0 00:00:00, Sys 0 00:00:00  -  Run Local Usage
		Usr 0 00:00:08, Sys 0 00:00:00  -  Total Remote Usage
		Usr 0 00:00:00, Sys 0 00:00:00  -  Total Local Usage
	554  -  Run Bytes Sent By Job
	10422  -  Run Bytes Received By Job
	554  -  Total Bytes Sent By Job
	10422  -  Total Bytes Received By Job
	Partitionable Resources :    Usage  Request Allocated 
	   Cpus                 :        0        1         1 
	   Disk (KB)            :       28  2048000   3661920 
	   Memory (MB)          :      209     2000      2000 
...
000 (339725.514.000) 01/29 16:03:29 Job submitted from host: <155.230.23.72:9618?addrs=155.230.23.72-9618&noUDP&sock=882541_4c40_3>
...
001 (339725.514.000) 01/29 16:43:50 Job executing on host: <155.230.21.98:9618?addrs=155.230.21.98-9618&noUDP&sock=16526_0a37_47>
...
006 (339725.514.000) 01/29 16:43:58 Image size of job updated: 270672
	195  -  MemoryUsage of job (MB)
	198880  -  ResidentSetSize of job (KB)
...
006 (339725.514.000) 01/29 16:44:13 Image size of job updated: 320144
	195  -  MemoryUsage of job (MB)
	198916  -  ResidentSetSize of job (KB)
...
005 (339725.514.000) 01/29 16:44:13 Job terminated.
	(1) Normal termination (return value 0)
		Usr 0 00:00:13, Sys 0 00:00:04  -  Run Remote Usage
		Usr 0 00:00:00, Sys 0 00:00:00  -  Run Local Usage
		Usr 0 00:00:13, Sys 0 00:00:04  -  Total Remote Usage
		Usr 0 00:00:00, Sys 0 00:00:00  -  Total Local Usage
	719  -  Run Bytes Sent By Job
	10683  -  Run Bytes Received By Job
	719  -  Total Bytes Sent By Job
	10683  -  Total Bytes Received By Job
	Partitionable Resources :    Usage  Request Allocated 
	   Cpus                 :     0.03        1         1 
	   Disk (KB)            :    28     2048000   3783431 
	   Memory (MB)          :   195        2000      2000 
...
