000 (47439.048.000) 12/19 19:07:19 Job submitted from host: <155.230.20.251:9618?addrs=155.230.20.251-9618&noUDP&sock=930313_ea96_3>
...
001 (47439.048.000) 12/19 19:33:06 Job executing on host: <155.230.21.38:9618?addrs=155.230.21.38-9618&noUDP&sock=22636_fddf_3>
...
006 (47439.048.000) 12/19 19:33:14 Image size of job updated: 68424
	37  -  MemoryUsage of job (MB)
	37676  -  ResidentSetSize of job (KB)
...
006 (47439.048.000) 12/19 19:33:40 Image size of job updated: 282580
	37  -  MemoryUsage of job (MB)
	37676  -  ResidentSetSize of job (KB)
...
005 (47439.048.000) 12/19 19:33:40 Job terminated.
	(1) Normal termination (return value 0)
		Usr 0 00:00:14, Sys 0 00:00:01  -  Run Remote Usage
		Usr 0 00:00:00, Sys 0 00:00:00  -  Run Local Usage
		Usr 0 00:00:14, Sys 0 00:00:01  -  Total Remote Usage
		Usr 0 00:00:00, Sys 0 00:00:00  -  Total Local Usage
	554  -  Run Bytes Sent By Job
	10422  -  Run Bytes Received By Job
	554  -  Total Bytes Sent By Job
	10422  -  Total Bytes Received By Job
	Partitionable Resources :    Usage  Request Allocated 
	   Cpus                 :        0        1         1 
	   Disk (KB)            :       28  2048000   3666180 
	   Memory (MB)          :       37     2000      2000 
...
000 (339725.048.000) 01/29 16:03:29 Job submitted from host: <155.230.23.72:9618?addrs=155.230.23.72-9618&noUDP&sock=882541_4c40_3>
...
001 (339725.048.000) 01/29 16:35:35 Job executing on host: <155.230.21.111:9618?addrs=155.230.21.111-9618&noUDP&sock=14468_6c4e_47>
...
006 (339725.048.000) 01/29 16:35:44 Image size of job updated: 294296
	214  -  MemoryUsage of job (MB)
	218904  -  ResidentSetSize of job (KB)
...
006 (339725.048.000) 01/29 16:35:53 Image size of job updated: 1542696
	214  -  MemoryUsage of job (MB)
	218980  -  ResidentSetSize of job (KB)
...
005 (339725.048.000) 01/29 16:35:53 Job terminated.
	(1) Normal termination (return value 0)
		Usr 0 00:00:10, Sys 0 00:00:04  -  Run Remote Usage
		Usr 0 00:00:00, Sys 0 00:00:00  -  Run Local Usage
		Usr 0 00:00:10, Sys 0 00:00:04  -  Total Remote Usage
		Usr 0 00:00:00, Sys 0 00:00:00  -  Total Local Usage
	718  -  Run Bytes Sent By Job
	10683  -  Run Bytes Received By Job
	718  -  Total Bytes Sent By Job
	10683  -  Total Bytes Received By Job
	Partitionable Resources :    Usage  Request Allocated 
	   Cpus                 :        0        1         1 
	   Disk (KB)            :       28  2048000   3784693 
	   Memory (MB)          :      214     2000      2000 
...
