000 (47439.008.000) 12/19 19:07:19 Job submitted from host: <155.230.20.251:9618?addrs=155.230.20.251-9618&noUDP&sock=930313_ea96_3>
...
001 (47439.008.000) 12/19 19:32:44 Job executing on host: <155.230.21.34:9618?addrs=155.230.21.34-9618&noUDP&sock=3883_fe56_3>
...
006 (47439.008.000) 12/19 19:32:52 Image size of job updated: 29164
	13  -  MemoryUsage of job (MB)
	12840  -  ResidentSetSize of job (KB)
...
005 (47439.008.000) 12/19 19:33:20 Job terminated.
	(1) Normal termination (return value 0)
		Usr 0 00:00:14, Sys 0 00:00:01  -  Run Remote Usage
		Usr 0 00:00:00, Sys 0 00:00:00  -  Run Local Usage
		Usr 0 00:00:14, Sys 0 00:00:01  -  Total Remote Usage
		Usr 0 00:00:00, Sys 0 00:00:00  -  Total Local Usage
	554  -  Run Bytes Sent By Job
	10422  -  Run Bytes Received By Job
	554  -  Total Bytes Sent By Job
	10422  -  Total Bytes Received By Job
	Partitionable Resources :    Usage  Request Allocated 
	   Cpus                 :     0.22        1         1 
	   Disk (KB)            :    28     2048000   3677810 
	   Memory (MB)          :    13        2000      2000 
...
000 (339725.008.000) 01/29 16:03:29 Job submitted from host: <155.230.23.72:9618?addrs=155.230.23.72-9618&noUDP&sock=882541_4c40_3>
...
001 (339725.008.000) 01/29 16:34:38 Job executing on host: <155.230.21.94:9618?addrs=155.230.21.94-9618&noUDP&sock=10639_0c2d_48>
...
006 (339725.008.000) 01/29 16:34:47 Image size of job updated: 290980
	212  -  MemoryUsage of job (MB)
	216152  -  ResidentSetSize of job (KB)
...
006 (339725.008.000) 01/29 16:34:54 Image size of job updated: 309768
	212  -  MemoryUsage of job (MB)
	216152  -  ResidentSetSize of job (KB)
...
005 (339725.008.000) 01/29 16:34:54 Job terminated.
	(1) Normal termination (return value 0)
		Usr 0 00:00:08, Sys 0 00:00:02  -  Run Remote Usage
		Usr 0 00:00:00, Sys 0 00:00:00  -  Run Local Usage
		Usr 0 00:00:08, Sys 0 00:00:02  -  Total Remote Usage
		Usr 0 00:00:00, Sys 0 00:00:00  -  Total Local Usage
	971  -  Run Bytes Sent By Job
	10683  -  Run Bytes Received By Job
	971  -  Total Bytes Sent By Job
	10683  -  Total Bytes Received By Job
	Partitionable Resources :    Usage  Request Allocated 
	   Cpus                 :        0        1         1 
	   Disk (KB)            :       29  2048000   3782837 
	   Memory (MB)          :      212     2000      2000 
...
