000 (47439.853.000) 12/19 19:07:21 Job submitted from host: <155.230.20.251:9618?addrs=155.230.20.251-9618&noUDP&sock=930313_ea96_3>
...
001 (47439.853.000) 12/19 19:50:18 Job executing on host: <155.230.21.38:9618?addrs=155.230.21.38-9618&noUDP&sock=22636_fddf_3>
...
006 (47439.853.000) 12/19 19:50:26 Image size of job updated: 117044
	66  -  MemoryUsage of job (MB)
	66884  -  ResidentSetSize of job (KB)
...
006 (47439.853.000) 12/19 19:50:45 Image size of job updated: 305844
	66  -  MemoryUsage of job (MB)
	66884  -  ResidentSetSize of job (KB)
...
005 (47439.853.000) 12/19 19:50:45 Job terminated.
	(1) Normal termination (return value 0)
		Usr 0 00:00:14, Sys 0 00:00:01  -  Run Remote Usage
		Usr 0 00:00:00, Sys 0 00:00:00  -  Run Local Usage
		Usr 0 00:00:14, Sys 0 00:00:01  -  Total Remote Usage
		Usr 0 00:00:00, Sys 0 00:00:00  -  Total Local Usage
	554  -  Run Bytes Sent By Job
	10422  -  Run Bytes Received By Job
	554  -  Total Bytes Sent By Job
	10422  -  Total Bytes Received By Job
	Partitionable Resources :    Usage  Request Allocated 
	   Cpus                 :     0.03        1         1 
	   Disk (KB)            :    28     2048000   3666180 
	   Memory (MB)          :    66        2000      2000 
...
000 (339725.853.000) 01/29 16:03:30 Job submitted from host: <155.230.23.72:9618?addrs=155.230.23.72-9618&noUDP&sock=882541_4c40_3>
...
001 (339725.853.000) 01/29 16:49:59 Job executing on host: <155.230.21.82:9618?addrs=155.230.21.82-9618&noUDP&sock=1520_2c0b_36>
...
006 (339725.853.000) 01/29 16:50:08 Image size of job updated: 292660
	213  -  MemoryUsage of job (MB)
	217832  -  ResidentSetSize of job (KB)
...
006 (339725.853.000) 01/29 16:50:20 Image size of job updated: 319272
	213  -  MemoryUsage of job (MB)
	217832  -  ResidentSetSize of job (KB)
...
005 (339725.853.000) 01/29 16:50:20 Job terminated.
	(1) Normal termination (return value 0)
		Usr 0 00:00:09, Sys 0 00:00:03  -  Run Remote Usage
		Usr 0 00:00:00, Sys 0 00:00:00  -  Run Local Usage
		Usr 0 00:00:09, Sys 0 00:00:03  -  Total Remote Usage
		Usr 0 00:00:00, Sys 0 00:00:00  -  Total Local Usage
	719  -  Run Bytes Sent By Job
	10683  -  Run Bytes Received By Job
	719  -  Total Bytes Sent By Job
	10683  -  Total Bytes Received By Job
	Partitionable Resources :    Usage  Request Allocated 
	   Cpus                 :        0        1         1 
	   Disk (KB)            :       28  2048000   3786225 
	   Memory (MB)          :      213     2000      2000 
...
