000 (56078.003.000) 05/03 14:18:14 Job submitted from host: <155.230.20.251:9618?addrs=155.230.20.251-9618+[2407-c000-c024-0-22cb-b653-2fd3-3109]-9618&noUDP&sock=1441242_b68e_19>
...
001 (56078.003.000) 05/03 14:28:36 Job executing on host: <155.230.21.80:9618?addrs=155.230.21.80-9618+[2407-c000-c024-0-beae-c5ff-fe56-7fcc]-9618&noUDP&sock=18592_24e1_3>
...
006 (56078.003.000) 05/03 14:28:44 Image size of job updated: 5252
	4  -  MemoryUsage of job (MB)
	3964  -  ResidentSetSize of job (KB)
...
006 (56078.003.000) 05/03 14:33:41 Image size of job updated: 324668
	4  -  MemoryUsage of job (MB)
	3964  -  ResidentSetSize of job (KB)
...
005 (56078.003.000) 05/03 14:33:42 Job terminated.
	(1) Normal termination (return value 0)
		Usr 0 00:01:23, Sys 0 00:00:09  -  Run Remote Usage
		Usr 0 00:00:00, Sys 0 00:00:00  -  Run Local Usage
		Usr 0 00:01:23, Sys 0 00:00:09  -  Total Remote Usage
		Usr 0 00:00:00, Sys 0 00:00:00  -  Total Local Usage
	764  -  Run Bytes Sent By Job
	10545  -  Run Bytes Received By Job
	764  -  Total Bytes Sent By Job
	10545  -  Total Bytes Received By Job
	Partitionable Resources :    Usage  Request Allocated 
	   Cpus                 :                 1         1 
	   Disk (KB)            :       23  2048000  19070082 
	   Memory (MB)          :        4     2000      2000 
...
