000 (56070.009.000) 05/03 14:18:10 Job submitted from host: <155.230.20.251:9618?addrs=155.230.20.251-9618+[2407-c000-c024-0-22cb-b653-2fd3-3109]-9618&noUDP&sock=1441242_b68e_19>
...
001 (56070.009.000) 05/03 14:27:11 Job executing on host: <155.230.21.122:9618?addrs=155.230.21.122-9618+[2407-c000-c024-0-f279-59ff-fe20-ed74]-9618&noUDP&sock=12585_d779_3>
...
006 (56070.009.000) 05/03 14:27:20 Image size of job updated: 221172
	152  -  MemoryUsage of job (MB)
	154960  -  ResidentSetSize of job (KB)
...
006 (56070.009.000) 05/03 14:29:02 Image size of job updated: 239072
	152  -  MemoryUsage of job (MB)
	155140  -  ResidentSetSize of job (KB)
...
005 (56070.009.000) 05/03 14:29:02 Job terminated.
	(1) Normal termination (return value 0)
		Usr 0 00:01:31, Sys 0 00:00:08  -  Run Remote Usage
		Usr 0 00:00:00, Sys 0 00:00:00  -  Run Local Usage
		Usr 0 00:01:31, Sys 0 00:00:08  -  Total Remote Usage
		Usr 0 00:00:00, Sys 0 00:00:00  -  Total Local Usage
	759  -  Run Bytes Sent By Job
	10537  -  Run Bytes Received By Job
	759  -  Total Bytes Sent By Job
	10537  -  Total Bytes Received By Job
	Partitionable Resources :    Usage  Request Allocated 
	   Cpus                 :     0.90        1         1 
	   Disk (KB)            :    29     2048000   3833451 
	   Memory (MB)          :   152        2000      2000 
...
