000 (56070.005.000) 05/03 14:18:10 Job submitted from host: <155.230.20.251:9618?addrs=155.230.20.251-9618+[2407-c000-c024-0-22cb-b653-2fd3-3109]-9618&noUDP&sock=1441242_b68e_19>
...
001 (56070.005.000) 05/03 14:27:10 Job executing on host: <155.230.21.121:9618?addrs=155.230.21.121-9618+[2407-c000-c024-0-7a24-afff-feae-696f]-9618&noUDP&sock=1750_eed3_3>
...
006 (56070.005.000) 05/03 14:27:18 Image size of job updated: 285788
	208  -  MemoryUsage of job (MB)
	212060  -  ResidentSetSize of job (KB)
...
005 (56070.005.000) 05/03 14:28:28 Job terminated.
	(1) Normal termination (return value 0)
		Usr 0 00:01:06, Sys 0 00:00:05  -  Run Remote Usage
		Usr 0 00:00:00, Sys 0 00:00:00  -  Run Local Usage
		Usr 0 00:01:06, Sys 0 00:00:05  -  Total Remote Usage
		Usr 0 00:00:00, Sys 0 00:00:00  -  Total Local Usage
	758  -  Run Bytes Sent By Job
	10537  -  Run Bytes Received By Job
	758  -  Total Bytes Sent By Job
	10537  -  Total Bytes Received By Job
	Partitionable Resources :    Usage  Request Allocated 
	   Cpus                 :     0.99        1         1 
	   Disk (KB)            :    29     2048000   3835159 
	   Memory (MB)          :   208        2000      2000 
...
