000 (56070.003.000) 05/03 14:18:10 Job submitted from host: <155.230.20.251:9618?addrs=155.230.20.251-9618+[2407-c000-c024-0-22cb-b653-2fd3-3109]-9618&noUDP&sock=1441242_b68e_19>
...
001 (56070.003.000) 05/03 14:27:10 Job executing on host: <155.230.21.106:9618?addrs=155.230.21.106-9618+[2407-c000-c024-0-3285-a9ff-fe26-2db8]-9618&noUDP&sock=2911_4848_3>
...
006 (56070.003.000) 05/03 14:27:19 Image size of job updated: 135708
	73  -  MemoryUsage of job (MB)
	74232  -  ResidentSetSize of job (KB)
...
006 (56070.003.000) 05/03 14:28:53 Image size of job updated: 243508
	73  -  MemoryUsage of job (MB)
	74232  -  ResidentSetSize of job (KB)
...
005 (56070.003.000) 05/03 14:28:53 Job terminated.
	(1) Normal termination (return value 0)
		Usr 0 00:01:15, Sys 0 00:00:07  -  Run Remote Usage
		Usr 0 00:00:00, Sys 0 00:00:00  -  Run Local Usage
		Usr 0 00:01:15, Sys 0 00:00:07  -  Total Remote Usage
		Usr 0 00:00:00, Sys 0 00:00:00  -  Total Local Usage
	758  -  Run Bytes Sent By Job
	10537  -  Run Bytes Received By Job
	758  -  Total Bytes Sent By Job
	10537  -  Total Bytes Received By Job
	Partitionable Resources :    Usage  Request Allocated 
	   Cpus                 :     0.74        1         1 
	   Disk (KB)            :    29     2048000   3824642 
	   Memory (MB)          :    73        2000      2000 
...
