000 (56070.000.000) 05/03 14:18:10 Job submitted from host: <155.230.20.251:9618?addrs=155.230.20.251-9618+[2407-c000-c024-0-22cb-b653-2fd3-3109]-9618&noUDP&sock=1441242_b68e_19>
...
001 (56070.000.000) 05/03 14:27:11 Job executing on host: <155.230.21.126:9618?addrs=155.230.21.126-9618+[2407-c000-c024-0-6e92-bfff-fe34-147e]-9618&noUDP&sock=26304_ef42_3>
...
006 (56070.000.000) 05/03 14:27:20 Image size of job updated: 289936
	212  -  MemoryUsage of job (MB)
	216372  -  ResidentSetSize of job (KB)
...
005 (56070.000.000) 05/03 14:28:36 Job terminated.
	(1) Normal termination (return value 0)
		Usr 0 00:01:11, Sys 0 00:00:06  -  Run Remote Usage
		Usr 0 00:00:00, Sys 0 00:00:00  -  Run Local Usage
		Usr 0 00:01:11, Sys 0 00:00:06  -  Total Remote Usage
		Usr 0 00:00:00, Sys 0 00:00:00  -  Total Local Usage
	758  -  Run Bytes Sent By Job
	10537  -  Run Bytes Received By Job
	758  -  Total Bytes Sent By Job
	10537  -  Total Bytes Received By Job
	Partitionable Resources :    Usage  Request Allocated 
	   Cpus                 :     0.99        1         1 
	   Disk (KB)            :    29     2048000   3793902 
	   Memory (MB)          :   212        2000      2000 
...
