000 (62931.000.000) 07/12 19:13:00 Job submitted from host: <155.230.20.251:9618?addrs=155.230.20.251-9618&noUDP&sock=3762_ff60_3>
...
001 (62931.000.000) 07/12 19:13:16 Job executing on host: <155.230.21.80:9618?addrs=155.230.21.80-9618+[2407-c000-c024-0-beae-c5ff-fe56-7fcc]-9618&noUDP&sock=1532_672e_3>
...
006 (62931.000.000) 07/12 19:13:24 Image size of job updated: 38076
	15  -  MemoryUsage of job (MB)
	14456  -  ResidentSetSize of job (KB)
...
006 (62931.000.000) 07/12 19:13:33 Image size of job updated: 5802168
	1772  -  MemoryUsage of job (MB)
	1813680  -  ResidentSetSize of job (KB)
...
004 (62931.000.000) 07/12 19:13:33 Job was evicted.
	(0) Job was not checkpointed.
		Usr 0 00:00:44, Sys 0 00:00:03  -  Run Remote Usage
		Usr 0 00:00:00, Sys 0 00:00:00  -  Run Local Usage
	1985  -  Run Bytes Sent By Job
	10489  -  Run Bytes Received By Job
	Partitionable Resources :    Usage  Request Allocated 
	   Cpus                 :        0        1         1 
	   Disk (KB)            :       30  2048000   3785415 
	   Memory (MB)          :     1772     2000      2000 
...
009 (62931.000.000) 07/12 19:13:34 Job was aborted by the user.
	via condor_rm (by user choij)
...
000 (62969.000.000) 07/12 19:13:54 Job submitted from host: <155.230.20.251:9618?addrs=155.230.20.251-9618&noUDP&sock=3762_ff60_3>
...
001 (62969.000.000) 07/12 19:14:13 Job executing on host: <155.230.21.33:9618?addrs=155.230.21.33-9618+[2407-c000-c024-0-226-18ff-fe94-3c0a]-9618&noUDP&sock=1324_bb7b_3>
...
006 (62969.000.000) 07/12 19:14:22 Image size of job updated: 480412
	179  -  MemoryUsage of job (MB)
	182716  -  ResidentSetSize of job (KB)
...
006 (62969.000.000) 07/12 19:19:24 Image size of job updated: 916444
	249  -  MemoryUsage of job (MB)
	254808  -  ResidentSetSize of job (KB)
...
006 (62969.000.000) 07/12 19:24:24 Image size of job updated: 916444
	250  -  MemoryUsage of job (MB)
	255324  -  ResidentSetSize of job (KB)
...
006 (62969.000.000) 07/12 19:29:24 Image size of job updated: 916444
	250  -  MemoryUsage of job (MB)
	255328  -  ResidentSetSize of job (KB)
...
006 (62969.000.000) 07/12 19:39:25 Image size of job updated: 916444
	250  -  MemoryUsage of job (MB)
	255600  -  ResidentSetSize of job (KB)
...
006 (62969.000.000) 07/12 19:44:26 Image size of job updated: 916444
	250  -  MemoryUsage of job (MB)
	255608  -  ResidentSetSize of job (KB)
...
006 (62969.000.000) 07/12 19:49:26 Image size of job updated: 916444
	251  -  MemoryUsage of job (MB)
	256004  -  ResidentSetSize of job (KB)
...
006 (62969.000.000) 07/12 19:54:26 Image size of job updated: 916444
	251  -  MemoryUsage of job (MB)
	257024  -  ResidentSetSize of job (KB)
...
006 (62969.000.000) 07/12 20:19:29 Image size of job updated: 916444
	256  -  MemoryUsage of job (MB)
	261644  -  ResidentSetSize of job (KB)
...
006 (62969.000.000) 07/12 21:12:21 Image size of job updated: 930584
	256  -  MemoryUsage of job (MB)
	261644  -  ResidentSetSize of job (KB)
...
005 (62969.000.000) 07/12 21:12:21 Job terminated.
	(1) Normal termination (return value 0)
		Usr 0 00:04:23, Sys 0 00:00:04  -  Run Remote Usage
		Usr 0 00:00:00, Sys 0 00:00:00  -  Run Local Usage
		Usr 0 00:04:23, Sys 0 00:00:04  -  Total Remote Usage
		Usr 0 00:00:00, Sys 0 00:00:00  -  Total Local Usage
	784  -  Run Bytes Sent By Job
	10483  -  Run Bytes Received By Job
	784  -  Total Bytes Sent By Job
	10483  -  Total Bytes Received By Job
	Partitionable Resources :    Usage  Request Allocated 
	   Cpus                 :     0.03        1         1 
	   Disk (KB)            :    29     2048000   3835425 
	   Memory (MB)          :   256        2000      2000 
...
