000 (62921.000.000) 07/12 19:12:54 Job submitted from host: <155.230.20.251:9618?addrs=155.230.20.251-9618&noUDP&sock=3762_ff60_3>
...
001 (62921.000.000) 07/12 19:13:11 Job executing on host: <155.230.21.34:9618?addrs=155.230.21.34-9618+[2407-c000-c024-0-226-18ff-fe94-3bf9]-9618&noUDP&sock=1307_125f_3>
...
006 (62921.000.000) 07/12 19:13:20 Image size of job updated: 51280
	19  -  MemoryUsage of job (MB)
	18944  -  ResidentSetSize of job (KB)
...
006 (62921.000.000) 07/12 19:13:33 Image size of job updated: 4940872
	984  -  MemoryUsage of job (MB)
	1007512  -  ResidentSetSize of job (KB)
...
004 (62921.000.000) 07/12 19:13:34 Job was evicted.
	(0) Job was not checkpointed.
		Usr 0 00:00:26, Sys 0 00:00:04  -  Run Remote Usage
		Usr 0 00:00:00, Sys 0 00:00:00  -  Run Local Usage
	355  -  Run Bytes Sent By Job
	10489  -  Run Bytes Received By Job
	Partitionable Resources :    Usage  Request Allocated 
	   Cpus                 :     0.24        1         1 
	   Disk (KB)            :    29     2048000   3825784 
	   Memory (MB)          :   984        2000      2000 
...
009 (62921.000.000) 07/12 19:13:34 Job was aborted by the user.
	via condor_rm (by user choij)
...
000 (62959.000.000) 07/12 19:13:48 Job submitted from host: <155.230.20.251:9618?addrs=155.230.20.251-9618&noUDP&sock=3762_ff60_3>
...
001 (62959.000.000) 07/12 19:13:52 Job executing on host: <155.230.21.33:9618?addrs=155.230.21.33-9618+[2407-c000-c024-0-226-18ff-fe94-3c0a]-9618&noUDP&sock=1324_bb7b_3>
...
006 (62959.000.000) 07/12 19:14:01 Image size of job updated: 117096
	66  -  MemoryUsage of job (MB)
	66932  -  ResidentSetSize of job (KB)
...
006 (62959.000.000) 07/12 19:19:02 Image size of job updated: 907560
	243  -  MemoryUsage of job (MB)
	248796  -  ResidentSetSize of job (KB)
...
006 (62959.000.000) 07/12 19:24:02 Image size of job updated: 907560
	244  -  MemoryUsage of job (MB)
	249616  -  ResidentSetSize of job (KB)
...
006 (62959.000.000) 07/12 19:29:02 Image size of job updated: 907560
	245  -  MemoryUsage of job (MB)
	249944  -  ResidentSetSize of job (KB)
...
006 (62959.000.000) 07/12 19:34:03 Image size of job updated: 907560
	245  -  MemoryUsage of job (MB)
	250016  -  ResidentSetSize of job (KB)
...
006 (62959.000.000) 07/12 19:54:05 Image size of job updated: 907560
	245  -  MemoryUsage of job (MB)
	250032  -  ResidentSetSize of job (KB)
...
006 (62959.000.000) 07/12 20:09:07 Image size of job updated: 907560
	245  -  MemoryUsage of job (MB)
	250644  -  ResidentSetSize of job (KB)
...
006 (62959.000.000) 07/12 20:16:33 Image size of job updated: 922872
	245  -  MemoryUsage of job (MB)
	250644  -  ResidentSetSize of job (KB)
...
005 (62959.000.000) 07/12 20:16:33 Job terminated.
	(1) Normal termination (return value 0)
		Usr 0 00:02:18, Sys 0 00:00:03  -  Run Remote Usage
		Usr 0 00:00:00, Sys 0 00:00:00  -  Run Local Usage
		Usr 0 00:02:18, Sys 0 00:00:03  -  Total Remote Usage
		Usr 0 00:00:00, Sys 0 00:00:00  -  Total Local Usage
	783  -  Run Bytes Sent By Job
	10483  -  Run Bytes Received By Job
	783  -  Total Bytes Sent By Job
	10483  -  Total Bytes Received By Job
	Partitionable Resources :    Usage  Request Allocated 
	   Cpus                 :     0.02        1         1 
	   Disk (KB)            :    29     2048000   3835425 
	   Memory (MB)          :   245        2000      2000 
...
