000 (62926.000.000) 07/12 19:12:57 Job submitted from host: <155.230.20.251:9618?addrs=155.230.20.251-9618&noUDP&sock=3762_ff60_3>
...
001 (62926.000.000) 07/12 19:13:14 Job executing on host: <155.230.21.97:9618?addrs=155.230.21.97-9618+[2407-c000-c024-0-e2cb-4eff-fe4f-a69f]-9618&noUDP&sock=1409_0908_3>
...
006 (62926.000.000) 07/12 19:13:22 Image size of job updated: 117164
	66  -  MemoryUsage of job (MB)
	66932  -  ResidentSetSize of job (KB)
...
006 (62926.000.000) 07/12 19:13:33 Image size of job updated: 5425548
	68  -  MemoryUsage of job (MB)
	69232  -  ResidentSetSize of job (KB)
...
004 (62926.000.000) 07/12 19:13:34 Job was evicted.
	(0) Job was not checkpointed.
		Usr 0 00:01:11, Sys 0 00:00:04  -  Run Remote Usage
		Usr 0 00:00:00, Sys 0 00:00:00  -  Run Local Usage
	1985  -  Run Bytes Sent By Job
	10489  -  Run Bytes Received By Job
	Partitionable Resources :    Usage  Request Allocated 
	   Cpus                 :        0        1         1 
	   Disk (KB)            :       30  2048000   3790164 
	   Memory (MB)          :       68     2000      2000 
...
009 (62926.000.000) 07/12 19:13:34 Job was aborted by the user.
	via condor_rm (by user choij)
...
000 (62964.000.000) 07/12 19:13:51 Job submitted from host: <155.230.20.251:9618?addrs=155.230.20.251-9618&noUDP&sock=3762_ff60_3>
...
001 (62964.000.000) 07/12 19:14:12 Job executing on host: <155.230.21.38:9618?addrs=155.230.21.38-9618+[2407-c000-c024-0-226-18ff-fe94-3c0b]-9618&noUDP&sock=1300_4535_3>
...
006 (62964.000.000) 07/12 19:14:20 Image size of job updated: 342472
	66  -  MemoryUsage of job (MB)
	66924  -  ResidentSetSize of job (KB)
...
006 (62964.000.000) 07/12 19:19:20 Image size of job updated: 902320
	233  -  MemoryUsage of job (MB)
	237860  -  ResidentSetSize of job (KB)
...
006 (62964.000.000) 07/12 19:24:21 Image size of job updated: 902320
	233  -  MemoryUsage of job (MB)
	237876  -  ResidentSetSize of job (KB)
...
006 (62964.000.000) 07/12 19:29:22 Image size of job updated: 902776
	233  -  MemoryUsage of job (MB)
	238104  -  ResidentSetSize of job (KB)
...
006 (62964.000.000) 07/12 19:31:48 Image size of job updated: 918056
	233  -  MemoryUsage of job (MB)
	238104  -  ResidentSetSize of job (KB)
...
005 (62964.000.000) 07/12 19:31:49 Job terminated.
	(1) Normal termination (return value 0)
		Usr 0 00:00:53, Sys 0 00:00:01  -  Run Remote Usage
		Usr 0 00:00:00, Sys 0 00:00:00  -  Run Local Usage
		Usr 0 00:00:53, Sys 0 00:00:01  -  Total Remote Usage
		Usr 0 00:00:00, Sys 0 00:00:00  -  Total Local Usage
	783  -  Run Bytes Sent By Job
	10483  -  Run Bytes Received By Job
	783  -  Total Bytes Sent By Job
	10483  -  Total Bytes Received By Job
	Partitionable Resources :    Usage  Request Allocated 
	   Cpus                 :     0.05        1         1 
	   Disk (KB)            :    29     2048000   3811337 
	   Memory (MB)          :   233        2000      2000 
...
