000 (56067.008.000) 05/03 14:18:08 Job submitted from host: <155.230.20.251:9618?addrs=155.230.20.251-9618+[2407-c000-c024-0-22cb-b653-2fd3-3109]-9618&noUDP&sock=1441242_b68e_19>
...
001 (56067.008.000) 05/03 14:25:14 Job executing on host: <155.230.21.91:9618?addrs=155.230.21.91-9618+[2407-c000-c024-0-beae-c5ff-fe4e-98b4]-9618&noUDP&sock=28881_8ad1_3>
...
006 (56067.008.000) 05/03 14:25:22 Image size of job updated: 201140
	133  -  MemoryUsage of job (MB)
	135312  -  ResidentSetSize of job (KB)
...
006 (56067.008.000) 05/03 14:27:14 Image size of job updated: 201140
	133  -  MemoryUsage of job (MB)
	135368  -  ResidentSetSize of job (KB)
...
005 (56067.008.000) 05/03 14:27:14 Job terminated.
	(1) Normal termination (return value 0)
		Usr 0 00:01:32, Sys 0 00:00:07  -  Run Remote Usage
		Usr 0 00:00:00, Sys 0 00:00:00  -  Run Local Usage
		Usr 0 00:01:32, Sys 0 00:00:07  -  Total Remote Usage
		Usr 0 00:00:00, Sys 0 00:00:00  -  Total Local Usage
	755  -  Run Bytes Sent By Job
	10530  -  Run Bytes Received By Job
	755  -  Total Bytes Sent By Job
	10530  -  Total Bytes Received By Job
	Partitionable Resources :    Usage  Request Allocated 
	   Cpus                 :     0.89        1         1 
	   Disk (KB)            :    29     2048000   3821875 
	   Memory (MB)          :   133        2000      2000 
...
