000 (56067.004.000) 05/03 14:18:08 Job submitted from host: <155.230.20.251:9618?addrs=155.230.20.251-9618+[2407-c000-c024-0-22cb-b653-2fd3-3109]-9618&noUDP&sock=1441242_b68e_19>
...
001 (56067.004.000) 05/03 14:25:13 Job executing on host: <155.230.21.108:9618?addrs=155.230.21.108-9618+[2407-c000-c024-0-a60-6eff-fe15-e9c2]-9618&noUDP&sock=4243_ec6e_3>
...
006 (56067.004.000) 05/03 14:25:21 Image size of job updated: 146148
	86  -  MemoryUsage of job (MB)
	87444  -  ResidentSetSize of job (KB)
...
006 (56067.004.000) 05/03 14:27:44 Image size of job updated: 146148
	86  -  MemoryUsage of job (MB)
	87796  -  ResidentSetSize of job (KB)
...
005 (56067.004.000) 05/03 14:27:44 Job terminated.
	(1) Normal termination (return value 0)
		Usr 0 00:02:07, Sys 0 00:00:09  -  Run Remote Usage
		Usr 0 00:00:00, Sys 0 00:00:00  -  Run Local Usage
		Usr 0 00:02:07, Sys 0 00:00:09  -  Total Remote Usage
		Usr 0 00:00:00, Sys 0 00:00:00  -  Total Local Usage
	755  -  Run Bytes Sent By Job
	10530  -  Run Bytes Received By Job
	755  -  Total Bytes Sent By Job
	10530  -  Total Bytes Received By Job
	Partitionable Resources :    Usage  Request Allocated 
	   Cpus                 :     1.00        1         1 
	   Disk (KB)            :    29     2048000   3818170 
	   Memory (MB)          :    86        2000      2000 
...
