000 (56067.000.000) 05/03 14:18:08 Job submitted from host: <155.230.20.251:9618?addrs=155.230.20.251-9618+[2407-c000-c024-0-22cb-b653-2fd3-3109]-9618&noUDP&sock=1441242_b68e_19>
...
001 (56067.000.000) 05/03 14:24:57 Job executing on host: <155.230.21.86:9618?addrs=155.230.21.86-9618+[2407-c000-c024-0-f66d-4ff-fe3b-3d41]-9618&noUDP&sock=816_495e_3>
...
006 (56067.000.000) 05/03 14:25:06 Image size of job updated: 290220
	212  -  MemoryUsage of job (MB)
	216376  -  ResidentSetSize of job (KB)
...
006 (56067.000.000) 05/03 14:26:35 Image size of job updated: 1867784
	212  -  MemoryUsage of job (MB)
	216376  -  ResidentSetSize of job (KB)
...
005 (56067.000.000) 05/03 14:26:35 Job terminated.
	(1) Normal termination (return value 0)
		Usr 0 00:01:14, Sys 0 00:00:07  -  Run Remote Usage
		Usr 0 00:00:00, Sys 0 00:00:00  -  Run Local Usage
		Usr 0 00:01:14, Sys 0 00:00:07  -  Total Remote Usage
		Usr 0 00:00:00, Sys 0 00:00:00  -  Total Local Usage
	755  -  Run Bytes Sent By Job
	10530  -  Run Bytes Received By Job
	755  -  Total Bytes Sent By Job
	10530  -  Total Bytes Received By Job
	Partitionable Resources :    Usage  Request Allocated 
	   Cpus                 :     0.93        1         1 
	   Disk (KB)            :    29     2048000   3808244 
	   Memory (MB)          :   212        2000      2000 
...
