000 (56067.009.000) 05/03 14:18:08 Job submitted from host: <155.230.20.251:9618?addrs=155.230.20.251-9618+[2407-c000-c024-0-22cb-b653-2fd3-3109]-9618&noUDP&sock=1441242_b68e_19>
...
001 (56067.009.000) 05/03 14:25:14 Job executing on host: <155.230.21.82:9618?addrs=155.230.21.82-9618+[2407-c000-c024-0-beae-c5ff-fe1f-deed]-9618&noUDP&sock=1621_731c_3>
...
006 (56067.009.000) 05/03 14:25:23 Image size of job updated: 286208
	209  -  MemoryUsage of job (MB)
	213836  -  ResidentSetSize of job (KB)
...
006 (56067.009.000) 05/03 14:27:11 Image size of job updated: 1956484
	209  -  MemoryUsage of job (MB)
	213840  -  ResidentSetSize of job (KB)
...
005 (56067.009.000) 05/03 14:27:11 Job terminated.
	(1) Normal termination (return value 0)
		Usr 0 00:01:34, Sys 0 00:00:07  -  Run Remote Usage
		Usr 0 00:00:00, Sys 0 00:00:00  -  Run Local Usage
		Usr 0 00:01:34, Sys 0 00:00:07  -  Total Remote Usage
		Usr 0 00:00:00, Sys 0 00:00:00  -  Total Local Usage
	756  -  Run Bytes Sent By Job
	10530  -  Run Bytes Received By Job
	756  -  Total Bytes Sent By Job
	10530  -  Total Bytes Received By Job
	Partitionable Resources :    Usage  Request Allocated 
	   Cpus                 :     0.86        1         1 
	   Disk (KB)            :    29     2048000   3811479 
	   Memory (MB)          :   209        2000      2000 
...
