000 (56067.001.000) 05/03 14:18:08 Job submitted from host: <155.230.20.251:9618?addrs=155.230.20.251-9618+[2407-c000-c024-0-22cb-b653-2fd3-3109]-9618&noUDP&sock=1441242_b68e_19>
...
001 (56067.001.000) 05/03 14:24:56 Job executing on host: <155.230.21.84:9618?addrs=155.230.21.84-9618+[2407-c000-c024-0-beae-c5ff-fe4e-98ef]-9618&noUDP&sock=1753_fd9c_3>
...
006 (56067.001.000) 05/03 14:25:04 Image size of job updated: 299496
	220  -  MemoryUsage of job (MB)
	224992  -  ResidentSetSize of job (KB)
...
006 (56067.001.000) 05/03 14:26:27 Image size of job updated: 1311028
	220  -  MemoryUsage of job (MB)
	225004  -  ResidentSetSize of job (KB)
...
005 (56067.001.000) 05/03 14:26:27 Job terminated.
	(1) Normal termination (return value 0)
		Usr 0 00:01:14, Sys 0 00:00:06  -  Run Remote Usage
		Usr 0 00:00:00, Sys 0 00:00:00  -  Run Local Usage
		Usr 0 00:01:14, Sys 0 00:00:06  -  Total Remote Usage
		Usr 0 00:00:00, Sys 0 00:00:00  -  Total Local Usage
	755  -  Run Bytes Sent By Job
	10530  -  Run Bytes Received By Job
	755  -  Total Bytes Sent By Job
	10530  -  Total Bytes Received By Job
	Partitionable Resources :    Usage  Request Allocated 
	   Cpus                 :     0.97        1         1 
	   Disk (KB)            :    29     2048000   3793708 
	   Memory (MB)          :   220        2000      2000 
...
