000 (56068.001.000) 05/03 14:18:09 Job submitted from host: <155.230.20.251:9618?addrs=155.230.20.251-9618+[2407-c000-c024-0-22cb-b653-2fd3-3109]-9618&noUDP&sock=1441242_b68e_19>
...
001 (56068.001.000) 05/03 14:25:15 Job executing on host: <155.230.21.116:9618?addrs=155.230.21.116-9618+[2407-c000-c024-0-beee-7bff-fe2f-e09d]-9618&noUDP&sock=7065_94b1_3>
...
006 (56068.001.000) 05/03 14:25:23 Image size of job updated: 274672
	199  -  MemoryUsage of job (MB)
	203236  -  ResidentSetSize of job (KB)
...
006 (56068.001.000) 05/03 14:25:59 Image size of job updated: 311556
	199  -  MemoryUsage of job (MB)
	203236  -  ResidentSetSize of job (KB)
...
005 (56068.001.000) 05/03 14:25:59 Job terminated.
	(1) Normal termination (return value 0)
		Usr 0 00:00:31, Sys 0 00:00:04  -  Run Remote Usage
		Usr 0 00:00:00, Sys 0 00:00:00  -  Run Local Usage
		Usr 0 00:00:31, Sys 0 00:00:04  -  Total Remote Usage
		Usr 0 00:00:00, Sys 0 00:00:00  -  Total Local Usage
	756  -  Run Bytes Sent By Job
	10536  -  Run Bytes Received By Job
	756  -  Total Bytes Sent By Job
	10536  -  Total Bytes Received By Job
	Partitionable Resources :    Usage  Request Allocated 
	   Cpus                 :     0.58        1         1 
	   Disk (KB)            :    29     2048000   3836237 
	   Memory (MB)          :   199        2000      2000 
...
