000 (56068.006.000) 05/03 14:18:09 Job submitted from host: <155.230.20.251:9618?addrs=155.230.20.251-9618+[2407-c000-c024-0-22cb-b653-2fd3-3109]-9618&noUDP&sock=1441242_b68e_19>
...
001 (56068.006.000) 05/03 14:26:10 Job executing on host: <155.230.21.108:9618?addrs=155.230.21.108-9618+[2407-c000-c024-0-a60-6eff-fe15-e9c2]-9618&noUDP&sock=4243_ec6e_3>
...
006 (56068.006.000) 05/03 14:26:18 Image size of job updated: 116404
	66  -  MemoryUsage of job (MB)
	66948  -  ResidentSetSize of job (KB)
...
006 (56068.006.000) 05/03 14:27:22 Image size of job updated: 316424
	66  -  MemoryUsage of job (MB)
	66948  -  ResidentSetSize of job (KB)
...
005 (56068.006.000) 05/03 14:27:23 Job terminated.
	(1) Normal termination (return value 0)
		Usr 0 00:00:44, Sys 0 00:00:05  -  Run Remote Usage
		Usr 0 00:00:00, Sys 0 00:00:00  -  Run Local Usage
		Usr 0 00:00:44, Sys 0 00:00:05  -  Total Remote Usage
		Usr 0 00:00:00, Sys 0 00:00:00  -  Total Local Usage
	756  -  Run Bytes Sent By Job
	10536  -  Run Bytes Received By Job
	756  -  Total Bytes Sent By Job
	10536  -  Total Bytes Received By Job
	Partitionable Resources :    Usage  Request Allocated 
	   Cpus                 :        0        1         1 
	   Disk (KB)            :       29  2048000   3818170 
	   Memory (MB)          :       66     2000      2000 
...
