000 (56068.005.000) 05/03 14:18:09 Job submitted from host: <155.230.20.251:9618?addrs=155.230.20.251-9618+[2407-c000-c024-0-22cb-b653-2fd3-3109]-9618&noUDP&sock=1441242_b68e_19>
...
001 (56068.005.000) 05/03 14:26:10 Job executing on host: <155.230.21.92:9618?addrs=155.230.21.92-9618+[2407-c000-c024-0-f66d-4ff-fe2e-830e]-9618&noUDP&sock=4825_208c_3>
...
006 (56068.005.000) 05/03 14:26:19 Image size of job updated: 23836
	11  -  MemoryUsage of job (MB)
	10372  -  ResidentSetSize of job (KB)
...
006 (56068.005.000) 05/03 14:28:01 Image size of job updated: 322240
	11  -  MemoryUsage of job (MB)
	10372  -  ResidentSetSize of job (KB)
...
005 (56068.005.000) 05/03 14:28:01 Job terminated.
	(1) Normal termination (return value 0)
		Usr 0 00:00:38, Sys 0 00:00:05  -  Run Remote Usage
		Usr 0 00:00:00, Sys 0 00:00:00  -  Run Local Usage
		Usr 0 00:00:38, Sys 0 00:00:05  -  Total Remote Usage
		Usr 0 00:00:00, Sys 0 00:00:00  -  Total Local Usage
	756  -  Run Bytes Sent By Job
	10536  -  Run Bytes Received By Job
	756  -  Total Bytes Sent By Job
	10536  -  Total Bytes Received By Job
	Partitionable Resources :    Usage  Request Allocated 
	   Cpus                 :        0        1         1 
	   Disk (KB)            :       29  2048000   3821102 
	   Memory (MB)          :       11     2000      2000 
...
