000 (56068.004.000) 05/03 14:18:09 Job submitted from host: <155.230.20.251:9618?addrs=155.230.20.251-9618+[2407-c000-c024-0-22cb-b653-2fd3-3109]-9618&noUDP&sock=1441242_b68e_19>
...
001 (56068.004.000) 05/03 14:25:16 Job executing on host: <155.230.21.84:9618?addrs=155.230.21.84-9618+[2407-c000-c024-0-beae-c5ff-fe4e-98ef]-9618&noUDP&sock=1753_fd9c_3>
...
006 (56068.004.000) 05/03 14:25:24 Image size of job updated: 291272
	213  -  MemoryUsage of job (MB)
	217896  -  ResidentSetSize of job (KB)
...
006 (56068.004.000) 05/03 14:25:54 Image size of job updated: 328140
	213  -  MemoryUsage of job (MB)
	217896  -  ResidentSetSize of job (KB)
...
005 (56068.004.000) 05/03 14:25:54 Job terminated.
	(1) Normal termination (return value 0)
		Usr 0 00:00:25, Sys 0 00:00:03  -  Run Remote Usage
		Usr 0 00:00:00, Sys 0 00:00:00  -  Run Local Usage
		Usr 0 00:00:25, Sys 0 00:00:03  -  Total Remote Usage
		Usr 0 00:00:00, Sys 0 00:00:00  -  Total Local Usage
	756  -  Run Bytes Sent By Job
	10536  -  Run Bytes Received By Job
	756  -  Total Bytes Sent By Job
	10536  -  Total Bytes Received By Job
	Partitionable Resources :    Usage  Request Allocated 
	   Cpus                 :     0.52        1         1 
	   Disk (KB)            :    29     2048000   3793708 
	   Memory (MB)          :   213        2000      2000 
...
