000 (56068.007.000) 05/03 14:18:09 Job submitted from host: <155.230.20.251:9618?addrs=155.230.20.251-9618+[2407-c000-c024-0-22cb-b653-2fd3-3109]-9618&noUDP&sock=1441242_b68e_19>
...
001 (56068.007.000) 05/03 14:26:08 Job executing on host: <155.230.21.90:9618?addrs=155.230.21.90-9618+[2407-c000-c024-0-f66d-4ff-fe2e-833b]-9618&noUDP&sock=1613_f65a_3>
...
006 (56068.007.000) 05/03 14:26:17 Image size of job updated: 287172
	209  -  MemoryUsage of job (MB)
	213704  -  ResidentSetSize of job (KB)
...
006 (56068.007.000) 05/03 14:26:49 Image size of job updated: 367420
	209  -  MemoryUsage of job (MB)
	213704  -  ResidentSetSize of job (KB)
...
005 (56068.007.000) 05/03 14:26:49 Job terminated.
	(1) Normal termination (return value 0)
		Usr 0 00:00:32, Sys 0 00:00:03  -  Run Remote Usage
		Usr 0 00:00:00, Sys 0 00:00:00  -  Run Local Usage
		Usr 0 00:00:32, Sys 0 00:00:03  -  Total Remote Usage
		Usr 0 00:00:00, Sys 0 00:00:00  -  Total Local Usage
	756  -  Run Bytes Sent By Job
	10536  -  Run Bytes Received By Job
	756  -  Total Bytes Sent By Job
	10536  -  Total Bytes Received By Job
	Partitionable Resources :    Usage  Request Allocated 
	   Cpus                 :     0.86        1         1 
	   Disk (KB)            :    29     2048000   3820331 
	   Memory (MB)          :   209        2000      2000 
...
