000 (63086.000.000) 07/12 22:43:11 Job submitted from host: <155.230.20.251:9618?addrs=155.230.20.251-9618&noUDP&sock=3762_ff60_3>
...
001 (63086.000.000) 07/12 22:43:24 Job executing on host: <155.230.21.126:9618?addrs=155.230.21.126-9618+[2407-c000-c024-0-6e92-bfff-fe34-147e]-9618&noUDP&sock=1760_cac6_3>
...
006 (63086.000.000) 07/12 22:43:33 Image size of job updated: 117100
	66  -  MemoryUsage of job (MB)
	66932  -  ResidentSetSize of job (KB)
...
006 (63086.000.000) 07/12 22:48:34 Image size of job updated: 911076
	247  -  MemoryUsage of job (MB)
	251972  -  ResidentSetSize of job (KB)
...
006 (63086.000.000) 07/12 22:53:35 Image size of job updated: 911076
	251  -  MemoryUsage of job (MB)
	256252  -  ResidentSetSize of job (KB)
...
006 (63086.000.000) 07/12 23:26:41 Image size of job updated: 1344168
	251  -  MemoryUsage of job (MB)
	256252  -  ResidentSetSize of job (KB)
...
005 (63086.000.000) 07/12 23:26:42 Job terminated.
	(1) Normal termination (return value 0)
		Usr 0 00:01:31, Sys 0 00:00:01  -  Run Remote Usage
		Usr 0 00:00:00, Sys 0 00:00:00  -  Run Local Usage
		Usr 0 00:01:31, Sys 0 00:00:01  -  Total Remote Usage
		Usr 0 00:00:00, Sys 0 00:00:00  -  Total Local Usage
	784  -  Run Bytes Sent By Job
	10481  -  Run Bytes Received By Job
	784  -  Total Bytes Sent By Job
	10481  -  Total Bytes Received By Job
	Partitionable Resources :    Usage  Request Allocated 
	   Cpus                 :     0.03        1         1 
	   Disk (KB)            :    29     2048000   3787909 
	   Memory (MB)          :   251        2000      2000 
...
