000 (63083.000.000) 07/12 22:43:09 Job submitted from host: <155.230.20.251:9618?addrs=155.230.20.251-9618&noUDP&sock=3762_ff60_3>
...
001 (63083.000.000) 07/12 22:43:23 Job executing on host: <155.230.21.115:9618?addrs=155.230.21.115-9618+[2407-c000-c024-0-beee-7bff-fe2f-e035]-9618&noUDP&sock=1628_4045_3>
...
006 (63083.000.000) 07/12 22:43:31 Image size of job updated: 158504
	95  -  MemoryUsage of job (MB)
	96308  -  ResidentSetSize of job (KB)
...
006 (63083.000.000) 07/12 22:48:31 Image size of job updated: 919184
	259  -  MemoryUsage of job (MB)
	265148  -  ResidentSetSize of job (KB)
...
006 (63083.000.000) 07/12 22:58:33 Image size of job updated: 919184
	260  -  MemoryUsage of job (MB)
	266088  -  ResidentSetSize of job (KB)
...
006 (63083.000.000) 07/13 00:07:15 Image size of job updated: 934920
	260  -  MemoryUsage of job (MB)
	266088  -  ResidentSetSize of job (KB)
...
005 (63083.000.000) 07/13 00:07:16 Job terminated.
	(1) Normal termination (return value 0)
		Usr 0 00:03:02, Sys 0 00:00:02  -  Run Remote Usage
		Usr 0 00:00:00, Sys 0 00:00:00  -  Run Local Usage
		Usr 0 00:03:02, Sys 0 00:00:02  -  Total Remote Usage
		Usr 0 00:00:00, Sys 0 00:00:00  -  Total Local Usage
	784  -  Run Bytes Sent By Job
	10481  -  Run Bytes Received By Job
	784  -  Total Bytes Sent By Job
	10481  -  Total Bytes Received By Job
	Partitionable Resources :    Usage  Request Allocated 
	   Cpus                 :     0.04        1         1 
	   Disk (KB)            :    29     2048000   3806206 
	   Memory (MB)          :   260        2000      2000 
...
