000 (63056.000.000) 07/12 22:42:53 Job submitted from host: <155.230.20.251:9618?addrs=155.230.20.251-9618&noUDP&sock=3762_ff60_3>
...
001 (63056.000.000) 07/12 22:42:57 Job executing on host: <155.230.21.85:9618?addrs=155.230.21.85-9618+[2407-c000-c024-0-beae-c5ff-fe56-7fc6]-9618&noUDP&sock=1397_cde5_3>
...
006 (63056.000.000) 07/12 22:43:05 Image size of job updated: 296308
	216  -  MemoryUsage of job (MB)
	220748  -  ResidentSetSize of job (KB)
...
006 (63056.000.000) 07/12 22:48:05 Image size of job updated: 917156
	256  -  MemoryUsage of job (MB)
	261768  -  ResidentSetSize of job (KB)
...
006 (63056.000.000) 07/12 22:53:06 Image size of job updated: 917156
	260  -  MemoryUsage of job (MB)
	265556  -  ResidentSetSize of job (KB)
...
006 (63056.000.000) 07/12 22:58:07 Image size of job updated: 917156
	260  -  MemoryUsage of job (MB)
	265816  -  ResidentSetSize of job (KB)
...
006 (63056.000.000) 07/12 23:53:13 Image size of job updated: 917156
	260  -  MemoryUsage of job (MB)
	265992  -  ResidentSetSize of job (KB)
...
006 (63056.000.000) 07/13 00:05:24 Image size of job updated: 932892
	260  -  MemoryUsage of job (MB)
	265992  -  ResidentSetSize of job (KB)
...
005 (63056.000.000) 07/13 00:05:25 Job terminated.
	(1) Normal termination (return value 0)
		Usr 0 00:02:29, Sys 0 00:00:02  -  Run Remote Usage
		Usr 0 00:00:00, Sys 0 00:00:00  -  Run Local Usage
		Usr 0 00:02:29, Sys 0 00:00:02  -  Total Remote Usage
		Usr 0 00:00:00, Sys 0 00:00:00  -  Total Local Usage
	784  -  Run Bytes Sent By Job
	10481  -  Run Bytes Received By Job
	784  -  Total Bytes Sent By Job
	10481  -  Total Bytes Received By Job
	Partitionable Resources :    Usage  Request Allocated 
	   Cpus                 :     0.03        1         1 
	   Disk (KB)            :    29     2048000   3792559 
	   Memory (MB)          :   260        2000      2000 
...
