000 (63093.000.000) 07/12 22:43:15 Job submitted from host: <155.230.20.251:9618?addrs=155.230.20.251-9618&noUDP&sock=3762_ff60_3>
...
001 (63093.000.000) 07/12 22:43:36 Job executing on host: <155.230.21.91:9618?addrs=155.230.21.91-9618+[2407-c000-c024-0-beae-c5ff-fe4e-98b4]-9618&noUDP&sock=1532_672e_3>
...
006 (63093.000.000) 07/12 22:43:44 Image size of job updated: 466068
	218  -  MemoryUsage of job (MB)
	222400  -  ResidentSetSize of job (KB)
...
006 (63093.000.000) 07/12 22:48:44 Image size of job updated: 901772
	241  -  MemoryUsage of job (MB)
	245940  -  ResidentSetSize of job (KB)
...
006 (63093.000.000) 07/12 22:51:16 Image size of job updated: 917508
	241  -  MemoryUsage of job (MB)
	245940  -  ResidentSetSize of job (KB)
...
005 (63093.000.000) 07/12 22:51:16 Job terminated.
	(1) Normal termination (return value 0)
		Usr 0 00:00:18, Sys 0 00:00:00  -  Run Remote Usage
		Usr 0 00:00:00, Sys 0 00:00:00  -  Run Local Usage
		Usr 0 00:00:18, Sys 0 00:00:00  -  Total Remote Usage
		Usr 0 00:00:00, Sys 0 00:00:00  -  Total Local Usage
	783  -  Run Bytes Sent By Job
	10481  -  Run Bytes Received By Job
	783  -  Total Bytes Sent By Job
	10481  -  Total Bytes Received By Job
	Partitionable Resources :    Usage  Request Allocated 
	   Cpus                 :     0.03        1         1 
	   Disk (KB)            :    29     2048000   3807080 
	   Memory (MB)          :   241        2000      2000 
...
