000 (63065.000.000) 07/12 22:42:58 Job submitted from host: <155.230.20.251:9618?addrs=155.230.20.251-9618&noUDP&sock=3762_ff60_3>
...
001 (63065.000.000) 07/12 22:43:17 Job executing on host: <155.230.21.93:9618?addrs=155.230.21.93-9618+[2407-c000-c024-0-f66d-4ff-fe50-ce46]-9618&noUDP&sock=1541_9388_3>
...
006 (63065.000.000) 07/12 22:43:26 Image size of job updated: 815148
	220  -  MemoryUsage of job (MB)
	224548  -  ResidentSetSize of job (KB)
...
006 (63065.000.000) 07/12 22:48:27 Image size of job updated: 916264
	255  -  MemoryUsage of job (MB)
	260244  -  ResidentSetSize of job (KB)
...
006 (63065.000.000) 07/12 22:53:28 Image size of job updated: 916500
	257  -  MemoryUsage of job (MB)
	262460  -  ResidentSetSize of job (KB)
...
006 (63065.000.000) 07/12 23:08:30 Image size of job updated: 916500
	257  -  MemoryUsage of job (MB)
	262624  -  ResidentSetSize of job (KB)
...
006 (63065.000.000) 07/12 23:23:32 Image size of job updated: 916500
	257  -  MemoryUsage of job (MB)
	262628  -  ResidentSetSize of job (KB)
...
006 (63065.000.000) 07/12 23:33:33 Image size of job updated: 916500
	257  -  MemoryUsage of job (MB)
	262652  -  ResidentSetSize of job (KB)
...
006 (63065.000.000) 07/12 23:48:35 Image size of job updated: 916500
	258  -  MemoryUsage of job (MB)
	263360  -  ResidentSetSize of job (KB)
...
006 (63065.000.000) 07/13 00:07:13 Image size of job updated: 932000
	258  -  MemoryUsage of job (MB)
	263360  -  ResidentSetSize of job (KB)
...
005 (63065.000.000) 07/13 00:07:13 Job terminated.
	(1) Normal termination (return value 0)
		Usr 0 00:02:32, Sys 0 00:00:02  -  Run Remote Usage
		Usr 0 00:00:00, Sys 0 00:00:00  -  Run Local Usage
		Usr 0 00:02:32, Sys 0 00:00:02  -  Total Remote Usage
		Usr 0 00:00:00, Sys 0 00:00:00  -  Total Local Usage
	784  -  Run Bytes Sent By Job
	10481  -  Run Bytes Received By Job
	784  -  Total Bytes Sent By Job
	10481  -  Total Bytes Received By Job
	Partitionable Resources :    Usage  Request Allocated 
	   Cpus                 :     0.03        1         1 
	   Disk (KB)            :    29     2048000   3791504 
	   Memory (MB)          :   258        2000      2000 
...
