000 (63084.000.000) 07/12 22:43:10 Job submitted from host: <155.230.20.251:9618?addrs=155.230.20.251-9618&noUDP&sock=3762_ff60_3>
...
001 (63084.000.000) 07/12 22:43:24 Job executing on host: <155.230.21.116:9618?addrs=155.230.21.116-9618+[2407-c000-c024-0-beee-7bff-fe2f-e09d]-9618&noUDP&sock=1743_21a9_3>
...
006 (63084.000.000) 07/12 22:43:33 Image size of job updated: 201344
	132  -  MemoryUsage of job (MB)
	134360  -  ResidentSetSize of job (KB)
...
006 (63084.000.000) 07/12 22:48:34 Image size of job updated: 917120
	258  -  MemoryUsage of job (MB)
	263920  -  ResidentSetSize of job (KB)
...
006 (63084.000.000) 07/12 22:58:35 Image size of job updated: 917120
	259  -  MemoryUsage of job (MB)
	264912  -  ResidentSetSize of job (KB)
...
006 (63084.000.000) 07/12 23:03:36 Image size of job updated: 917120
	260  -  MemoryUsage of job (MB)
	265364  -  ResidentSetSize of job (KB)
...
006 (63084.000.000) 07/13 00:08:43 Image size of job updated: 917120
	264  -  MemoryUsage of job (MB)
	270088  -  ResidentSetSize of job (KB)
...
006 (63084.000.000) 07/13 00:09:59 Image size of job updated: 932856
	264  -  MemoryUsage of job (MB)
	270088  -  ResidentSetSize of job (KB)
...
005 (63084.000.000) 07/13 00:09:59 Job terminated.
	(1) Normal termination (return value 0)
		Usr 0 00:03:05, Sys 0 00:00:02  -  Run Remote Usage
		Usr 0 00:00:00, Sys 0 00:00:00  -  Run Local Usage
		Usr 0 00:03:05, Sys 0 00:00:02  -  Total Remote Usage
		Usr 0 00:00:00, Sys 0 00:00:00  -  Total Local Usage
	784  -  Run Bytes Sent By Job
	10481  -  Run Bytes Received By Job
	784  -  Total Bytes Sent By Job
	10481  -  Total Bytes Received By Job
	Partitionable Resources :    Usage  Request Allocated 
	   Cpus                 :     0.04        1         1 
	   Disk (KB)            :    29     2048000   3789111 
	   Memory (MB)          :   264        2000      2000 
...
