000 (63073.000.000) 07/12 22:43:03 Job submitted from host: <155.230.20.251:9618?addrs=155.230.20.251-9618&noUDP&sock=3762_ff60_3>
...
001 (63073.000.000) 07/12 22:43:20 Job executing on host: <155.230.21.105:9618?addrs=155.230.21.105-9618+[2407-c000-c024-0-3285-a9ff-fe26-2da0]-9618&noUDP&sock=1646_98fa_3>
...
006 (63073.000.000) 07/12 22:43:29 Image size of job updated: 417784
	97  -  MemoryUsage of job (MB)
	98988  -  ResidentSetSize of job (KB)
...
006 (63073.000.000) 07/12 22:44:38 Image size of job updated: 902684
	97  -  MemoryUsage of job (MB)
	98988  -  ResidentSetSize of job (KB)
...
005 (63073.000.000) 07/12 22:44:39 Job terminated.
	(1) Normal termination (return value 0)
		Usr 0 00:00:08, Sys 0 00:00:01  -  Run Remote Usage
		Usr 0 00:00:00, Sys 0 00:00:00  -  Run Local Usage
		Usr 0 00:00:08, Sys 0 00:00:01  -  Total Remote Usage
		Usr 0 00:00:00, Sys 0 00:00:00  -  Total Local Usage
	782  -  Run Bytes Sent By Job
	10481  -  Run Bytes Received By Job
	782  -  Total Bytes Sent By Job
	10481  -  Total Bytes Received By Job
	Partitionable Resources :    Usage  Request Allocated 
	   Cpus                 :        0        1         1 
	   Disk (KB)            :       29  2048000   3787192 
	   Memory (MB)          :       97     2000      2000 
...
