000 (63051.000.000) 07/12 22:42:50 Job submitted from host: <155.230.20.251:9618?addrs=155.230.20.251-9618&noUDP&sock=3762_ff60_3>
...
001 (63051.000.000) 07/12 22:42:55 Job executing on host: <155.230.21.111:9618?addrs=155.230.21.111-9618+[2407-c000-c024-0-a60-6eff-fe17-c77e]-9618&noUDP&sock=1586_714b_3>
...
006 (63051.000.000) 07/12 22:43:04 Image size of job updated: 293816
	214  -  MemoryUsage of job (MB)
	218288  -  ResidentSetSize of job (KB)
...
006 (63051.000.000) 07/12 22:48:05 Image size of job updated: 912588
	252  -  MemoryUsage of job (MB)
	257952  -  ResidentSetSize of job (KB)
...
006 (63051.000.000) 07/12 23:29:34 Image size of job updated: 927588
	252  -  MemoryUsage of job (MB)
	257952  -  ResidentSetSize of job (KB)
...
005 (63051.000.000) 07/12 23:29:35 Job terminated.
	(1) Normal termination (return value 0)
		Usr 0 00:01:42, Sys 0 00:00:02  -  Run Remote Usage
		Usr 0 00:00:00, Sys 0 00:00:00  -  Run Local Usage
		Usr 0 00:01:42, Sys 0 00:00:02  -  Total Remote Usage
		Usr 0 00:00:00, Sys 0 00:00:00  -  Total Local Usage
	784  -  Run Bytes Sent By Job
	10481  -  Run Bytes Received By Job
	784  -  Total Bytes Sent By Job
	10481  -  Total Bytes Received By Job
	Partitionable Resources :    Usage  Request Allocated 
	   Cpus                 :     0.04        1         1 
	   Disk (KB)            :    29     2048000   3840671 
	   Memory (MB)          :   252        2000      2000 
...
