000 (63047.000.000) 07/12 22:42:47 Job submitted from host: <155.230.20.251:9618?addrs=155.230.20.251-9618&noUDP&sock=3762_ff60_3>
...
001 (63047.000.000) 07/12 22:42:54 Job executing on host: <155.230.21.80:9618?addrs=155.230.21.80-9618+[2407-c000-c024-0-beae-c5ff-fe56-7fcc]-9618&noUDP&sock=1532_672e_3>
...
006 (63047.000.000) 07/12 22:43:03 Image size of job updated: 459328
	218  -  MemoryUsage of job (MB)
	222784  -  ResidentSetSize of job (KB)
...
006 (63047.000.000) 07/12 22:48:04 Image size of job updated: 901804
	244  -  MemoryUsage of job (MB)
	249136  -  ResidentSetSize of job (KB)
...
006 (63047.000.000) 07/12 22:53:04 Image size of job updated: 902036
	244  -  MemoryUsage of job (MB)
	249136  -  ResidentSetSize of job (KB)
...
006 (63047.000.000) 07/12 22:54:50 Image size of job updated: 917540
	244  -  MemoryUsage of job (MB)
	249136  -  ResidentSetSize of job (KB)
...
005 (63047.000.000) 07/12 22:54:50 Job terminated.
	(1) Normal termination (return value 0)
		Usr 0 00:00:26, Sys 0 00:00:01  -  Run Remote Usage
		Usr 0 00:00:00, Sys 0 00:00:00  -  Run Local Usage
		Usr 0 00:00:26, Sys 0 00:00:01  -  Total Remote Usage
		Usr 0 00:00:00, Sys 0 00:00:00  -  Total Local Usage
	783  -  Run Bytes Sent By Job
	10481  -  Run Bytes Received By Job
	783  -  Total Bytes Sent By Job
	10481  -  Total Bytes Received By Job
	Partitionable Resources :    Usage  Request Allocated 
	   Cpus                 :     0.03        1         1 
	   Disk (KB)            :    29     2048000   3785415 
	   Memory (MB)          :   244        2000      2000 
...
