000 (63066.000.000) 07/12 22:42:59 Job submitted from host: <155.230.20.251:9618?addrs=155.230.20.251-9618&noUDP&sock=3762_ff60_3>
...
001 (63066.000.000) 07/12 22:43:18 Job executing on host: <155.230.21.85:9618?addrs=155.230.21.85-9618+[2407-c000-c024-0-beae-c5ff-fe56-7fc6]-9618&noUDP&sock=1397_cde5_3>
...
006 (63066.000.000) 07/12 22:43:26 Image size of job updated: 749624
	218  -  MemoryUsage of job (MB)
	222800  -  ResidentSetSize of job (KB)
...
006 (63066.000.000) 07/12 22:48:26 Image size of job updated: 902380
	241  -  MemoryUsage of job (MB)
	246616  -  ResidentSetSize of job (KB)
...
006 (63066.000.000) 07/12 22:53:26 Image size of job updated: 902612
	247  -  MemoryUsage of job (MB)
	252448  -  ResidentSetSize of job (KB)
...
006 (63066.000.000) 07/12 22:58:20 Image size of job updated: 917884
	247  -  MemoryUsage of job (MB)
	252448  -  ResidentSetSize of job (KB)
...
005 (63066.000.000) 07/12 22:58:20 Job terminated.
	(1) Normal termination (return value 0)
		Usr 0 00:00:31, Sys 0 00:00:01  -  Run Remote Usage
		Usr 0 00:00:00, Sys 0 00:00:00  -  Run Local Usage
		Usr 0 00:00:31, Sys 0 00:00:01  -  Total Remote Usage
		Usr 0 00:00:00, Sys 0 00:00:00  -  Total Local Usage
	783  -  Run Bytes Sent By Job
	10481  -  Run Bytes Received By Job
	783  -  Total Bytes Sent By Job
	10481  -  Total Bytes Received By Job
	Partitionable Resources :    Usage  Request Allocated 
	   Cpus                 :     0.03        1         1 
	   Disk (KB)            :    29     2048000   3792559 
	   Memory (MB)          :   247        2000      2000 
...
