000 (63058.000.000) 07/12 22:42:54 Job submitted from host: <155.230.20.251:9618?addrs=155.230.20.251-9618&noUDP&sock=3762_ff60_3>
...
001 (63058.000.000) 07/12 22:43:15 Job executing on host: <155.230.21.108:9618?addrs=155.230.21.108-9618+[2407-c000-c024-0-a60-6eff-fe15-e9c2]-9618&noUDP&sock=1561_4b6d_3>
...
006 (63058.000.000) 07/12 22:43:24 Image size of job updated: 541444
	214  -  MemoryUsage of job (MB)
	218492  -  ResidentSetSize of job (KB)
...
006 (63058.000.000) 07/12 22:48:25 Image size of job updated: 904316
	243  -  MemoryUsage of job (MB)
	248380  -  ResidentSetSize of job (KB)
...
006 (63058.000.000) 07/12 22:53:26 Image size of job updated: 904548
	248  -  MemoryUsage of job (MB)
	253564  -  ResidentSetSize of job (KB)
...
006 (63058.000.000) 07/12 22:58:26 Image size of job updated: 904780
	248  -  MemoryUsage of job (MB)
	253576  -  ResidentSetSize of job (KB)
...
006 (63058.000.000) 07/12 23:08:27 Image size of job updated: 920052
	254  -  MemoryUsage of job (MB)
	259940  -  ResidentSetSize of job (KB)
...
005 (63058.000.000) 07/12 23:08:49 Job terminated.
	(1) Normal termination (return value 0)
		Usr 0 00:00:58, Sys 0 00:00:01  -  Run Remote Usage
		Usr 0 00:00:00, Sys 0 00:00:00  -  Run Local Usage
		Usr 0 00:00:58, Sys 0 00:00:01  -  Total Remote Usage
		Usr 0 00:00:00, Sys 0 00:00:00  -  Total Local Usage
	783  -  Run Bytes Sent By Job
	10481  -  Run Bytes Received By Job
	783  -  Total Bytes Sent By Job
	10481  -  Total Bytes Received By Job
	Partitionable Resources :    Usage  Request Allocated 
	   Cpus                 :     0.03        1         1 
	   Disk (KB)            :    29     2048000   3787558 
	   Memory (MB)          :   254        2000      2000 
...
