000 (63079.000.000) 07/12 22:43:07 Job submitted from host: <155.230.20.251:9618?addrs=155.230.20.251-9618&noUDP&sock=3762_ff60_3>
...
001 (63079.000.000) 07/12 22:43:23 Job executing on host: <155.230.21.118:9618?addrs=155.230.21.118-9618+[2407-c000-c024-0-beee-7bff-fe2f-e069]-9618&noUDP&sock=1660_334d_3>
...
006 (63079.000.000) 07/12 22:43:31 Image size of job updated: 320680
	50  -  MemoryUsage of job (MB)
	50692  -  ResidentSetSize of job (KB)
...
006 (63079.000.000) 07/12 22:48:31 Image size of job updated: 913132
	253  -  MemoryUsage of job (MB)
	258488  -  ResidentSetSize of job (KB)
...
006 (63079.000.000) 07/12 22:53:31 Image size of job updated: 913132
	254  -  MemoryUsage of job (MB)
	259192  -  ResidentSetSize of job (KB)
...
006 (63079.000.000) 07/12 23:03:32 Image size of job updated: 913364
	254  -  MemoryUsage of job (MB)
	259192  -  ResidentSetSize of job (KB)
...
006 (63079.000.000) 07/12 23:13:33 Image size of job updated: 913596
	254  -  MemoryUsage of job (MB)
	259192  -  ResidentSetSize of job (KB)
...
006 (63079.000.000) 07/12 23:23:34 Image size of job updated: 913596
	254  -  MemoryUsage of job (MB)
	259656  -  ResidentSetSize of job (KB)
...
006 (63079.000.000) 07/12 23:53:25 Image size of job updated: 928636
	254  -  MemoryUsage of job (MB)
	259656  -  ResidentSetSize of job (KB)
...
005 (63079.000.000) 07/12 23:53:25 Job terminated.
	(1) Normal termination (return value 0)
		Usr 0 00:02:53, Sys 0 00:00:02  -  Run Remote Usage
		Usr 0 00:00:00, Sys 0 00:00:00  -  Run Local Usage
		Usr 0 00:02:53, Sys 0 00:00:02  -  Total Remote Usage
		Usr 0 00:00:00, Sys 0 00:00:00  -  Total Local Usage
	784  -  Run Bytes Sent By Job
	10481  -  Run Bytes Received By Job
	784  -  Total Bytes Sent By Job
	10481  -  Total Bytes Received By Job
	Partitionable Resources :    Usage  Request Allocated 
	   Cpus                 :     0.04        1         1 
	   Disk (KB)            :    29     2048000   3790451 
	   Memory (MB)          :   254        2000      2000 
...
