000 (63092.000.000) 07/12 22:43:15 Job submitted from host: <155.230.20.251:9618?addrs=155.230.20.251-9618&noUDP&sock=3762_ff60_3>
...
001 (63092.000.000) 07/12 22:43:37 Job executing on host: <155.230.21.112:9618?addrs=155.230.21.112-9618+[2407-c000-c024-0-a60-6eff-fe15-e9ae]-9618&noUDP&sock=1560_9bd5_3>
...
006 (63092.000.000) 07/12 22:43:45 Image size of job updated: 342460
	216  -  MemoryUsage of job (MB)
	220332  -  ResidentSetSize of job (KB)
...
006 (63092.000.000) 07/12 22:48:45 Image size of job updated: 909220
	246  -  MemoryUsage of job (MB)
	250996  -  ResidentSetSize of job (KB)
...
006 (63092.000.000) 07/12 22:53:46 Image size of job updated: 909220
	246  -  MemoryUsage of job (MB)
	251060  -  ResidentSetSize of job (KB)
...
006 (63092.000.000) 07/12 23:03:46 Image size of job updated: 909220
	246  -  MemoryUsage of job (MB)
	251072  -  ResidentSetSize of job (KB)
...
006 (63092.000.000) 07/12 23:08:47 Image size of job updated: 909220
	247  -  MemoryUsage of job (MB)
	251924  -  ResidentSetSize of job (KB)
...
006 (63092.000.000) 07/12 23:13:48 Image size of job updated: 909220
	251  -  MemoryUsage of job (MB)
	256132  -  ResidentSetSize of job (KB)
...
006 (63092.000.000) 07/12 23:28:38 Image size of job updated: 924260
	251  -  MemoryUsage of job (MB)
	256132  -  ResidentSetSize of job (KB)
...
005 (63092.000.000) 07/12 23:28:38 Job terminated.
	(1) Normal termination (return value 0)
		Usr 0 00:01:39, Sys 0 00:00:02  -  Run Remote Usage
		Usr 0 00:00:00, Sys 0 00:00:00  -  Run Local Usage
		Usr 0 00:01:39, Sys 0 00:00:02  -  Total Remote Usage
		Usr 0 00:00:00, Sys 0 00:00:00  -  Total Local Usage
	784  -  Run Bytes Sent By Job
	10481  -  Run Bytes Received By Job
	784  -  Total Bytes Sent By Job
	10481  -  Total Bytes Received By Job
	Partitionable Resources :    Usage  Request Allocated 
	   Cpus                 :     0.03        1         1 
	   Disk (KB)            :    29     2048000   3781523 
	   Memory (MB)          :   251        2000      2000 
...
