000 (63071.000.000) 07/12 22:43:02 Job submitted from host: <155.230.20.251:9618?addrs=155.230.20.251-9618&noUDP&sock=3762_ff60_3>
...
001 (63071.000.000) 07/12 22:43:19 Job executing on host: <155.230.21.82:9618?addrs=155.230.21.82-9618+[2407-c000-c024-0-beae-c5ff-fe1f-deed]-9618&noUDP&sock=1426_b224_3>
...
006 (63071.000.000) 07/12 22:43:27 Image size of job updated: 120992
	68  -  MemoryUsage of job (MB)
	69372  -  ResidentSetSize of job (KB)
...
006 (63071.000.000) 07/12 22:48:27 Image size of job updated: 915356
	256  -  MemoryUsage of job (MB)
	261928  -  ResidentSetSize of job (KB)
...
006 (63071.000.000) 07/12 22:53:28 Image size of job updated: 915356
	256  -  MemoryUsage of job (MB)
	261976  -  ResidentSetSize of job (KB)
...
006 (63071.000.000) 07/12 23:23:31 Image size of job updated: 915356
	257  -  MemoryUsage of job (MB)
	262188  -  ResidentSetSize of job (KB)
...
006 (63071.000.000) 07/12 23:28:32 Image size of job updated: 915828
	257  -  MemoryUsage of job (MB)
	262448  -  ResidentSetSize of job (KB)
...
006 (63071.000.000) 07/12 23:53:34 Image size of job updated: 919244
	258  -  MemoryUsage of job (MB)
	264076  -  ResidentSetSize of job (KB)
...
006 (63071.000.000) 07/13 00:02:35 Image size of job updated: 934836
	258  -  MemoryUsage of job (MB)
	264076  -  ResidentSetSize of job (KB)
...
005 (63071.000.000) 07/13 00:02:35 Job terminated.
	(1) Normal termination (return value 0)
		Usr 0 00:02:29, Sys 0 00:00:02  -  Run Remote Usage
		Usr 0 00:00:00, Sys 0 00:00:00  -  Run Local Usage
		Usr 0 00:02:29, Sys 0 00:00:02  -  Total Remote Usage
		Usr 0 00:00:00, Sys 0 00:00:00  -  Total Local Usage
	784  -  Run Bytes Sent By Job
	10481  -  Run Bytes Received By Job
	784  -  Total Bytes Sent By Job
	10481  -  Total Bytes Received By Job
	Partitionable Resources :    Usage  Request Allocated 
	   Cpus                 :     0.01        1         1 
	   Disk (KB)            :    29     2048000   3809906 
	   Memory (MB)          :   258        2000      2000 
...
