000 (63082.000.000) 07/12 22:43:08 Job submitted from host: <155.230.20.251:9618?addrs=155.230.20.251-9618&noUDP&sock=3762_ff60_3>
...
001 (63082.000.000) 07/12 22:43:23 Job executing on host: <155.230.21.121:9618?addrs=155.230.21.121-9618+[2407-c000-c024-0-7a24-afff-feae-696f]-9618&noUDP&sock=1696_e4b6_3>
...
006 (63082.000.000) 07/12 22:43:31 Image size of job updated: 249628
	177  -  MemoryUsage of job (MB)
	180944  -  ResidentSetSize of job (KB)
...
006 (63082.000.000) 07/12 22:48:31 Image size of job updated: 912568
	254  -  MemoryUsage of job (MB)
	259264  -  ResidentSetSize of job (KB)
...
006 (63082.000.000) 07/12 22:53:32 Image size of job updated: 912568
	254  -  MemoryUsage of job (MB)
	259700  -  ResidentSetSize of job (KB)
...
006 (63082.000.000) 07/12 22:58:33 Image size of job updated: 912568
	254  -  MemoryUsage of job (MB)
	260004  -  ResidentSetSize of job (KB)
...
006 (63082.000.000) 07/12 23:46:56 Image size of job updated: 928084
	254  -  MemoryUsage of job (MB)
	260004  -  ResidentSetSize of job (KB)
...
005 (63082.000.000) 07/12 23:46:57 Job terminated.
	(1) Normal termination (return value 0)
		Usr 0 00:02:05, Sys 0 00:00:02  -  Run Remote Usage
		Usr 0 00:00:00, Sys 0 00:00:00  -  Run Local Usage
		Usr 0 00:02:05, Sys 0 00:00:02  -  Total Remote Usage
		Usr 0 00:00:00, Sys 0 00:00:00  -  Total Local Usage
	784  -  Run Bytes Sent By Job
	10481  -  Run Bytes Received By Job
	784  -  Total Bytes Sent By Job
	10481  -  Total Bytes Received By Job
	Partitionable Resources :    Usage  Request Allocated 
	   Cpus                 :     0.03        1         1 
	   Disk (KB)            :    29     2048000   3784476 
	   Memory (MB)          :   254        2000      2000 
...
