000 (63063.000.000) 07/12 22:42:57 Job submitted from host: <155.230.20.251:9618?addrs=155.230.20.251-9618&noUDP&sock=3762_ff60_3>
...
001 (63063.000.000) 07/12 22:43:17 Job executing on host: <155.230.21.91:9618?addrs=155.230.21.91-9618+[2407-c000-c024-0-beae-c5ff-fe4e-98b4]-9618&noUDP&sock=1532_672e_3>
...
006 (63063.000.000) 07/12 22:43:26 Image size of job updated: 749616
	222  -  MemoryUsage of job (MB)
	226804  -  ResidentSetSize of job (KB)
...
006 (63063.000.000) 07/12 22:48:27 Image size of job updated: 913212
	254  -  MemoryUsage of job (MB)
	259592  -  ResidentSetSize of job (KB)
...
006 (63063.000.000) 07/12 22:53:28 Image size of job updated: 913212
	256  -  MemoryUsage of job (MB)
	262048  -  ResidentSetSize of job (KB)
...
006 (63063.000.000) 07/12 22:58:30 Image size of job updated: 913444
	256  -  MemoryUsage of job (MB)
	262048  -  ResidentSetSize of job (KB)
...
006 (63063.000.000) 07/12 23:18:31 Image size of job updated: 913444
	256  -  MemoryUsage of job (MB)
	262056  -  ResidentSetSize of job (KB)
...
006 (63063.000.000) 07/12 23:23:32 Image size of job updated: 913444
	256  -  MemoryUsage of job (MB)
	262060  -  ResidentSetSize of job (KB)
...
006 (63063.000.000) 07/12 23:33:32 Image size of job updated: 913444
	257  -  MemoryUsage of job (MB)
	262756  -  ResidentSetSize of job (KB)
...
006 (63063.000.000) 07/12 23:52:05 Image size of job updated: 928716
	257  -  MemoryUsage of job (MB)
	262756  -  ResidentSetSize of job (KB)
...
005 (63063.000.000) 07/12 23:52:05 Job terminated.
	(1) Normal termination (return value 0)
		Usr 0 00:02:05, Sys 0 00:00:02  -  Run Remote Usage
		Usr 0 00:00:00, Sys 0 00:00:00  -  Run Local Usage
		Usr 0 00:02:05, Sys 0 00:00:02  -  Total Remote Usage
		Usr 0 00:00:00, Sys 0 00:00:00  -  Total Local Usage
	784  -  Run Bytes Sent By Job
	10481  -  Run Bytes Received By Job
	784  -  Total Bytes Sent By Job
	10481  -  Total Bytes Received By Job
	Partitionable Resources :    Usage  Request Allocated 
	   Cpus                 :     0.03        1         1 
	   Disk (KB)            :    29     2048000   3807080 
	   Memory (MB)          :   257        2000      2000 
...
