000 (63054.000.000) 07/12 22:42:51 Job submitted from host: <155.230.20.251:9618?addrs=155.230.20.251-9618&noUDP&sock=3762_ff60_3>
...
001 (63054.000.000) 07/12 22:42:56 Job executing on host: <155.230.21.84:9618?addrs=155.230.21.84-9618+[2407-c000-c024-0-beae-c5ff-fe4e-98ef]-9618&noUDP&sock=1501_23be_3>
...
006 (63054.000.000) 07/12 22:43:04 Image size of job updated: 299780
	219  -  MemoryUsage of job (MB)
	224168  -  ResidentSetSize of job (KB)
...
006 (63054.000.000) 07/12 22:48:04 Image size of job updated: 912784
	257  -  MemoryUsage of job (MB)
	263092  -  ResidentSetSize of job (KB)
...
006 (63054.000.000) 07/12 23:36:57 Image size of job updated: 928520
	257  -  MemoryUsage of job (MB)
	263092  -  ResidentSetSize of job (KB)
...
005 (63054.000.000) 07/12 23:36:58 Job terminated.
	(1) Normal termination (return value 0)
		Usr 0 00:01:39, Sys 0 00:00:01  -  Run Remote Usage
		Usr 0 00:00:00, Sys 0 00:00:00  -  Run Local Usage
		Usr 0 00:01:39, Sys 0 00:00:01  -  Total Remote Usage
		Usr 0 00:00:00, Sys 0 00:00:00  -  Total Local Usage
	784  -  Run Bytes Sent By Job
	10481  -  Run Bytes Received By Job
	784  -  Total Bytes Sent By Job
	10481  -  Total Bytes Received By Job
	Partitionable Resources :    Usage  Request Allocated 
	   Cpus                 :     0.03        1         1 
	   Disk (KB)            :    29     2048000   3788481 
	   Memory (MB)          :   257        2000      2000 
...
