000 (63095.000.000) 07/12 22:43:17 Job submitted from host: <155.230.20.251:9618?addrs=155.230.20.251-9618&noUDP&sock=3762_ff60_3>
...
001 (63095.000.000) 07/12 22:43:37 Job executing on host: <155.230.21.93:9618?addrs=155.230.21.93-9618+[2407-c000-c024-0-f66d-4ff-fe50-ce46]-9618&noUDP&sock=1541_9388_3>
...
006 (63095.000.000) 07/12 22:43:45 Image size of job updated: 459324
	220  -  MemoryUsage of job (MB)
	224264  -  ResidentSetSize of job (KB)
...
006 (63095.000.000) 07/12 22:48:45 Image size of job updated: 906836
	250  -  MemoryUsage of job (MB)
	255956  -  ResidentSetSize of job (KB)
...
006 (63095.000.000) 07/12 22:53:46 Image size of job updated: 906836
	251  -  MemoryUsage of job (MB)
	256248  -  ResidentSetSize of job (KB)
...
006 (63095.000.000) 07/12 22:58:47 Image size of job updated: 906836
	254  -  MemoryUsage of job (MB)
	259628  -  ResidentSetSize of job (KB)
...
006 (63095.000.000) 07/12 23:09:57 Image size of job updated: 922572
	254  -  MemoryUsage of job (MB)
	259628  -  ResidentSetSize of job (KB)
...
005 (63095.000.000) 07/12 23:09:57 Job terminated.
	(1) Normal termination (return value 0)
		Usr 0 00:00:48, Sys 0 00:00:01  -  Run Remote Usage
		Usr 0 00:00:00, Sys 0 00:00:00  -  Run Local Usage
		Usr 0 00:00:48, Sys 0 00:00:01  -  Total Remote Usage
		Usr 0 00:00:00, Sys 0 00:00:00  -  Total Local Usage
	783  -  Run Bytes Sent By Job
	10481  -  Run Bytes Received By Job
	783  -  Total Bytes Sent By Job
	10481  -  Total Bytes Received By Job
	Partitionable Resources :    Usage  Request Allocated 
	   Cpus                 :     0.02        1         1 
	   Disk (KB)            :    29     2048000   3791504 
	   Memory (MB)          :   254        2000      2000 
...
