000 (63067.000.000) 07/12 22:42:59 Job submitted from host: <155.230.20.251:9618?addrs=155.230.20.251-9618&noUDP&sock=3762_ff60_3>
...
001 (63067.000.000) 07/12 22:43:18 Job executing on host: <155.230.21.90:9618?addrs=155.230.21.90-9618+[2407-c000-c024-0-f66d-4ff-fe2e-833b]-9618&noUDP&sock=1394_bf1c_3>
...
006 (63067.000.000) 07/12 22:43:26 Image size of job updated: 296156
	216  -  MemoryUsage of job (MB)
	220628  -  ResidentSetSize of job (KB)
...
006 (63067.000.000) 07/12 22:48:26 Image size of job updated: 914344
	254  -  MemoryUsage of job (MB)
	259880  -  ResidentSetSize of job (KB)
...
006 (63067.000.000) 07/12 22:53:26 Image size of job updated: 914344
	256  -  MemoryUsage of job (MB)
	261928  -  ResidentSetSize of job (KB)
...
006 (63067.000.000) 07/12 23:40:26 Image size of job updated: 930080
	256  -  MemoryUsage of job (MB)
	261928  -  ResidentSetSize of job (KB)
...
005 (63067.000.000) 07/12 23:40:27 Job terminated.
	(1) Normal termination (return value 0)
		Usr 0 00:01:45, Sys 0 00:00:01  -  Run Remote Usage
		Usr 0 00:00:00, Sys 0 00:00:00  -  Run Local Usage
		Usr 0 00:01:45, Sys 0 00:00:01  -  Total Remote Usage
		Usr 0 00:00:00, Sys 0 00:00:00  -  Total Local Usage
	784  -  Run Bytes Sent By Job
	10481  -  Run Bytes Received By Job
	784  -  Total Bytes Sent By Job
	10481  -  Total Bytes Received By Job
	Partitionable Resources :    Usage  Request Allocated 
	   Cpus                 :        0        1         1 
	   Disk (KB)            :       29  2048000   3821998 
	   Memory (MB)          :      256     2000      2000 
...
