000 (63081.000.000) 07/12 22:43:08 Job submitted from host: <155.230.20.251:9618?addrs=155.230.20.251-9618&noUDP&sock=3762_ff60_3>
...
001 (63081.000.000) 07/12 22:43:23 Job executing on host: <155.230.21.117:9618?addrs=155.230.21.117-9618+[2407-c000-c024-0-e23f-49ff-fed6-226b]-9618&noUDP&sock=1778_237a_3>
...
006 (63081.000.000) 07/12 22:43:31 Image size of job updated: 120672
	68  -  MemoryUsage of job (MB)
	69288  -  ResidentSetSize of job (KB)
...
006 (63081.000.000) 07/12 22:48:31 Image size of job updated: 901816
	241  -  MemoryUsage of job (MB)
	246556  -  ResidentSetSize of job (KB)
...
005 (63081.000.000) 07/12 22:49:33 Job terminated.
	(1) Normal termination (return value 0)
		Usr 0 00:00:17, Sys 0 00:00:01  -  Run Remote Usage
		Usr 0 00:00:00, Sys 0 00:00:00  -  Run Local Usage
		Usr 0 00:00:17, Sys 0 00:00:01  -  Total Remote Usage
		Usr 0 00:00:00, Sys 0 00:00:00  -  Total Local Usage
	783  -  Run Bytes Sent By Job
	10481  -  Run Bytes Received By Job
	783  -  Total Bytes Sent By Job
	10481  -  Total Bytes Received By Job
	Partitionable Resources :    Usage  Request Allocated 
	   Cpus                 :     0.04        1         1 
	   Disk (KB)            :    29     2048000   3792243 
	   Memory (MB)          :   241        2000      2000 
...
