000 (63059.000.000) 07/12 22:42:55 Job submitted from host: <155.230.20.251:9618?addrs=155.230.20.251-9618&noUDP&sock=3762_ff60_3>
...
001 (63059.000.000) 07/12 22:43:15 Job executing on host: <155.230.21.110:9618?addrs=155.230.21.110-9618+[2407-c000-c024-0-a60-6eff-fe15-eaba]-9618&noUDP&sock=1618_6453_3>
...
006 (63059.000.000) 07/12 22:43:24 Image size of job updated: 618592
	214  -  MemoryUsage of job (MB)
	218652  -  ResidentSetSize of job (KB)
...
006 (63059.000.000) 07/12 22:47:12 Image size of job updated: 918092
	214  -  MemoryUsage of job (MB)
	218652  -  ResidentSetSize of job (KB)
...
005 (63059.000.000) 07/12 22:47:12 Job terminated.
	(1) Normal termination (return value 0)
		Usr 0 00:00:13, Sys 0 00:00:01  -  Run Remote Usage
		Usr 0 00:00:00, Sys 0 00:00:00  -  Run Local Usage
		Usr 0 00:00:13, Sys 0 00:00:01  -  Total Remote Usage
		Usr 0 00:00:00, Sys 0 00:00:00  -  Total Local Usage
	782  -  Run Bytes Sent By Job
	10481  -  Run Bytes Received By Job
	782  -  Total Bytes Sent By Job
	10481  -  Total Bytes Received By Job
	Partitionable Resources :    Usage  Request Allocated 
	   Cpus                 :     0.04        1         1 
	   Disk (KB)            :    29     2048000   3784766 
	   Memory (MB)          :   214        2000      2000 
...
