000 (63049.000.000) 07/12 22:42:48 Job submitted from host: <155.230.20.251:9618?addrs=155.230.20.251-9618&noUDP&sock=3762_ff60_3>
...
001 (63049.000.000) 07/12 22:42:55 Job executing on host: <155.230.21.110:9618?addrs=155.230.21.110-9618+[2407-c000-c024-0-a60-6eff-fe15-eaba]-9618&noUDP&sock=1618_6453_3>
...
006 (63049.000.000) 07/12 22:43:04 Image size of job updated: 296092
	216  -  MemoryUsage of job (MB)
	220548  -  ResidentSetSize of job (KB)
...
006 (63049.000.000) 07/12 22:48:05 Image size of job updated: 909336
	251  -  MemoryUsage of job (MB)
	256972  -  ResidentSetSize of job (KB)
...
006 (63049.000.000) 07/12 22:53:06 Image size of job updated: 909808
	251  -  MemoryUsage of job (MB)
	257016  -  ResidentSetSize of job (KB)
...
006 (63049.000.000) 07/12 22:58:07 Image size of job updated: 909808
	252  -  MemoryUsage of job (MB)
	257248  -  ResidentSetSize of job (KB)
...
006 (63049.000.000) 07/12 23:03:07 Image size of job updated: 910264
	252  -  MemoryUsage of job (MB)
	257252  -  ResidentSetSize of job (KB)
...
006 (63049.000.000) 07/12 23:08:07 Image size of job updated: 910264
	253  -  MemoryUsage of job (MB)
	258108  -  ResidentSetSize of job (KB)
...
006 (63049.000.000) 07/12 23:18:08 Image size of job updated: 910264
	253  -  MemoryUsage of job (MB)
	258128  -  ResidentSetSize of job (KB)
...
006 (63049.000.000) 07/12 23:34:14 Image size of job updated: 925072
	253  -  MemoryUsage of job (MB)
	258128  -  ResidentSetSize of job (KB)
...
005 (63049.000.000) 07/12 23:34:15 Job terminated.
	(1) Normal termination (return value 0)
		Usr 0 00:01:50, Sys 0 00:00:02  -  Run Remote Usage
		Usr 0 00:00:00, Sys 0 00:00:00  -  Run Local Usage
		Usr 0 00:01:50, Sys 0 00:00:02  -  Total Remote Usage
		Usr 0 00:00:00, Sys 0 00:00:00  -  Total Local Usage
	784  -  Run Bytes Sent By Job
	10481  -  Run Bytes Received By Job
	784  -  Total Bytes Sent By Job
	10481  -  Total Bytes Received By Job
	Partitionable Resources :    Usage  Request Allocated 
	   Cpus                 :     0.03        1         1 
	   Disk (KB)            :    29     2048000   3784766 
	   Memory (MB)          :   253        2000      2000 
...
