000 (63085.000.000) 07/12 22:43:10 Job submitted from host: <155.230.20.251:9618?addrs=155.230.20.251-9618&noUDP&sock=3762_ff60_3>
...
001 (63085.000.000) 07/12 22:43:24 Job executing on host: <155.230.21.114:9618?addrs=155.230.21.114-9618+[2407-c000-c024-0-beee-7bff-fe2f-e01d]-9618&noUDP&sock=1718_fbcb_3>
...
006 (63085.000.000) 07/12 22:43:33 Image size of job updated: 262272
	68  -  MemoryUsage of job (MB)
	69064  -  ResidentSetSize of job (KB)
...
006 (63085.000.000) 07/12 22:48:34 Image size of job updated: 902040
	241  -  MemoryUsage of job (MB)
	246484  -  ResidentSetSize of job (KB)
...
006 (63085.000.000) 07/12 22:51:31 Image size of job updated: 917540
	241  -  MemoryUsage of job (MB)
	246484  -  ResidentSetSize of job (KB)
...
005 (63085.000.000) 07/12 22:51:31 Job terminated.
	(1) Normal termination (return value 0)
		Usr 0 00:00:23, Sys 0 00:00:01  -  Run Remote Usage
		Usr 0 00:00:00, Sys 0 00:00:00  -  Run Local Usage
		Usr 0 00:00:23, Sys 0 00:00:01  -  Total Remote Usage
		Usr 0 00:00:00, Sys 0 00:00:00  -  Total Local Usage
	783  -  Run Bytes Sent By Job
	10481  -  Run Bytes Received By Job
	783  -  Total Bytes Sent By Job
	10481  -  Total Bytes Received By Job
	Partitionable Resources :    Usage  Request Allocated 
	   Cpus                 :     0.04        1         1 
	   Disk (KB)            :    29     2048000   3698966 
	   Memory (MB)          :   241        2000      2000 
...
