000 (63088.000.000) 07/12 22:43:12 Job submitted from host: <155.230.20.251:9618?addrs=155.230.20.251-9618&noUDP&sock=3762_ff60_3>
...
001 (63088.000.000) 07/12 22:43:36 Job executing on host: <155.230.21.108:9618?addrs=155.230.21.108-9618+[2407-c000-c024-0-a60-6eff-fe15-e9c2]-9618&noUDP&sock=1561_4b6d_3>
...
006 (63088.000.000) 07/12 22:43:44 Image size of job updated: 342484
	214  -  MemoryUsage of job (MB)
	218380  -  ResidentSetSize of job (KB)
...
006 (63088.000.000) 07/12 22:48:44 Image size of job updated: 907944
	246  -  MemoryUsage of job (MB)
	251724  -  ResidentSetSize of job (KB)
...
006 (63088.000.000) 07/12 22:53:44 Image size of job updated: 908408
	253  -  MemoryUsage of job (MB)
	258476  -  ResidentSetSize of job (KB)
...
006 (63088.000.000) 07/12 22:58:45 Image size of job updated: 908640
	253  -  MemoryUsage of job (MB)
	258476  -  ResidentSetSize of job (KB)
...
006 (63088.000.000) 07/12 23:25:57 Image size of job updated: 923680
	253  -  MemoryUsage of job (MB)
	258476  -  ResidentSetSize of job (KB)
...
005 (63088.000.000) 07/12 23:25:57 Job terminated.
	(1) Normal termination (return value 0)
		Usr 0 00:01:34, Sys 0 00:00:01  -  Run Remote Usage
		Usr 0 00:00:00, Sys 0 00:00:00  -  Run Local Usage
		Usr 0 00:01:34, Sys 0 00:00:01  -  Total Remote Usage
		Usr 0 00:00:00, Sys 0 00:00:00  -  Total Local Usage
	784  -  Run Bytes Sent By Job
	10481  -  Run Bytes Received By Job
	784  -  Total Bytes Sent By Job
	10481  -  Total Bytes Received By Job
	Partitionable Resources :    Usage  Request Allocated 
	   Cpus                 :     0.04        1         1 
	   Disk (KB)            :    29     2048000   3787558 
	   Memory (MB)          :   253        2000      2000 
...
