000 (63090.000.000) 07/12 22:43:13 Job submitted from host: <155.230.20.251:9618?addrs=155.230.20.251-9618&noUDP&sock=3762_ff60_3>
...
001 (63090.000.000) 07/12 22:43:36 Job executing on host: <155.230.21.109:9618?addrs=155.230.21.109-9618+[2407-c000-c024-0-5246-5dff-fee4-3bac]-9618&noUDP&sock=1614_a5f2_3>
...
006 (63090.000.000) 07/12 22:43:44 Image size of job updated: 385208
	214  -  MemoryUsage of job (MB)
	218524  -  ResidentSetSize of job (KB)
...
006 (63090.000.000) 07/12 22:48:44 Image size of job updated: 913596
	250  -  MemoryUsage of job (MB)
	255188  -  ResidentSetSize of job (KB)
...
006 (63090.000.000) 07/12 22:53:45 Image size of job updated: 913596
	254  -  MemoryUsage of job (MB)
	259628  -  ResidentSetSize of job (KB)
...
006 (63090.000.000) 07/12 23:35:49 Image size of job updated: 928044
	254  -  MemoryUsage of job (MB)
	259628  -  ResidentSetSize of job (KB)
...
005 (63090.000.000) 07/12 23:35:50 Job terminated.
	(1) Normal termination (return value 0)
		Usr 0 00:01:50, Sys 0 00:00:02  -  Run Remote Usage
		Usr 0 00:00:00, Sys 0 00:00:00  -  Run Local Usage
		Usr 0 00:01:50, Sys 0 00:00:02  -  Total Remote Usage
		Usr 0 00:00:00, Sys 0 00:00:00  -  Total Local Usage
	784  -  Run Bytes Sent By Job
	10481  -  Run Bytes Received By Job
	784  -  Total Bytes Sent By Job
	10481  -  Total Bytes Received By Job
	Partitionable Resources :    Usage  Request Allocated 
	   Cpus                 :     0.03        1         1 
	   Disk (KB)            :    29     2048000   3783065 
	   Memory (MB)          :   254        2000      2000 
...
